#
# A fatal error has been detected by the Java Runtime Environment:
#
#  SIGBUS (0xa) at pc=0x00007ff820221077, pid=663, tid=259
#
# JRE version: OpenJDK Runtime Environment Corretto-15.0.2.7.1 (15.0.2+7) (build 15.0.2+7)
# Java VM: OpenJDK 64-Bit Server VM Corretto-15.0.2.7.1 (15.0.2+7, mixed mode, sharing, tiered, compressed oops, g1 gc, bsd-amd64)
# Problematic frame:
# C  [CoreGraphics+0xc077]  ERROR_CGDataProvider_BufferIsNotReadable+0x27
#
# No core dump will be written. Core dumps have been disabled. To enable core dumping, try "ulimit -c unlimited" before starting Java again
#
# If you would like to submit a bug report, please visit:
#   https://github.com/corretto/corretto-jdk/issues/
# The crash happened outside the Java Virtual Machine in native code.
# See problematic frame for where to report the bug.
#

---------------  S U M M A R Y ------------

Command Line: -javaagent:/Applications/IntelliJ IDEA CE.app/Contents/lib/idea_rt.jar=49202:/Applications/IntelliJ IDEA CE.app/Contents/bin -Dfile.encoding=UTF-8 Game

Host: MacBookPro16,3 x86_64 1700 MHz, 8 cores, 8G, Darwin 21.4.0
Time: Thu Apr  7 13:52:33 2022 CEST elapsed time: 22.645322 seconds (0d 0h 0m 22s)

---------------  T H R E A D  ---------------

Current thread (0x00007f8611911400):  JavaThread "JavaFX Application Thread" [_thread_in_native, id=259, stack(0x00007ff7b480a000,0x00007ff7b500a000)]

Stack: [0x00007ff7b480a000,0x00007ff7b500a000],  sp=0x00007ff7b5003cf0,  free space=8167k
Native frames: (J=compiled Java code, A=aot compiled Java code, j=interpreted, Vv=VM code, C=native code)
C  [CoreGraphics+0xc077]  ERROR_CGDataProvider_BufferIsNotReadable+0x27
C  [CoreGraphics+0xbf19]  CGDataProviderRetainBytePtr+0x111
C  [CoreGraphics+0x1e45f5]  CGDataProviderCreateProtectedCopy+0x13
C  [CoreGraphics+0x1a36b0]  CGImageCreateCopyWithProtectedDataProvider+0x3e
C  [CoreGraphics+0x39051]  CGContextDrawImageWithOptions+0x8b
C  [SkyLight+0x1edb84]  SLSRegisterCursorWithImages+0x386
C  [AppKit+0x1ddff5]  -[NSCursor _reallySet]+0x244
C  [AppKit+0x1ddd65]  -[NSCursor set]+0xb2
C  [libglass.dylib+0x5b7a]  Java_com_sun_glass_ui_mac_MacCursor__1setCustom+0x12a
j  com.sun.glass.ui.mac.MacCursor._setCustom(J)V+0
j  com.sun.glass.ui.mac.MacCursor.set()V+60
j  com.sun.glass.ui.mac.MacWindow._setCursor(JLcom/sun/glass/ui/Cursor;)V+4
j  com.sun.glass.ui.Window.setCursor(Lcom/sun/glass/ui/Cursor;)V+9
j  com.sun.javafx.tk.quantum.ViewScene.lambda$setCursor$1(Ljava/lang/Object;)V+34
j  com.sun.javafx.tk.quantum.ViewScene$$Lambda$150+0x0000000800cc27d8.run()V+8
J 5278 c1 com.sun.glass.ui.InvokeLaterDispatcher$Future.run()V (91 bytes) @ 0x000000011b702874 [0x000000011b702760+0x0000000000000114]
v  ~StubRoutines::call_stub
V  [libjvm.dylib+0x4b26ad]  _ZN9JavaCalls11call_helperEP9JavaValueRK12methodHandleP17JavaCallArgumentsP6Thread+0x2cd
V  [libjvm.dylib+0x50ce20]  _ZL20jni_invoke_nonstaticP7JNIEnv_P9JavaValueP8_jobject11JNICallTypeP10_jmethodIDP18JNI_ArgumentPusherP6Thread+0x3a0
V  [libjvm.dylib+0x51171d]  jni_CallVoidMethod+0x1ad
C  [libglass.dylib+0x8d4c]  -[GlassRunnable run]+0x6c
C  [Foundation+0x81857]  __NSThreadPerformPerform+0xb3
C  [CoreFoundation+0x7faeb]  __CFRUNLOOP_IS_CALLING_OUT_TO_A_SOURCE0_PERFORM_FUNCTION__+0x11
C  [CoreFoundation+0x7fa53]  __CFRunLoopDoSource0+0xb4
C  [CoreFoundation+0x7f7cd]  __CFRunLoopDoSources0+0xf2
C  [CoreFoundation+0x7e1e8]  __CFRunLoopRun+0x37c
C  [CoreFoundation+0x7d7ac]  CFRunLoopRunSpecific+0x232
C  [HIToolbox+0x2fce6]  RunCurrentEventLoopInMode+0x124
C  [HIToolbox+0x2fa4a]  ReceiveNextEventCommon+0x252
C  [HIToolbox+0x2f7e5]  _BlockUntilNextEventMatchingListInModeWithFilter+0x46
C  [AppKit+0x3e5cd]  _DPSNextEvent+0x39f
C  [AppKit+0x3cc8a]  -[NSApplication(NSEvent) _nextEventMatchingEventMask:untilDate:inMode:dequeue:]+0x572
C  [AppKit+0x2f339]  -[NSApplication run]+0x24a
C  [libglass.dylib+0xadbc]  -[GlassApplication runLoop:]+0x78c
C  [Foundation+0x81857]  __NSThreadPerformPerform+0xb3
C  [CoreFoundation+0x7faeb]  __CFRUNLOOP_IS_CALLING_OUT_TO_A_SOURCE0_PERFORM_FUNCTION__+0x11
C  [CoreFoundation+0x7fa53]  __CFRunLoopDoSource0+0xb4
C  [CoreFoundation+0x7f7cd]  __CFRunLoopDoSources0+0xf2
C  [CoreFoundation+0x7e1e8]  __CFRunLoopRun+0x37c
C  [CoreFoundation+0x7d7ac]  CFRunLoopRunSpecific+0x232
C  [libjli.dylib+0x7102]  CreateExecutionEnvironment+0x182
C  [libjli.dylib+0x2d35]  JLI_Launch+0x585
C  [java+0x3c11]  main+0x191
C  0x000000011230451e

Java frames: (J=compiled Java code, j=interpreted, Vv=VM code)
j  com.sun.glass.ui.mac.MacCursor._setCustom(J)V+0
j  com.sun.glass.ui.mac.MacCursor.set()V+60
j  com.sun.glass.ui.mac.MacWindow._setCursor(JLcom/sun/glass/ui/Cursor;)V+4
j  com.sun.glass.ui.Window.setCursor(Lcom/sun/glass/ui/Cursor;)V+9
j  com.sun.javafx.tk.quantum.ViewScene.lambda$setCursor$1(Ljava/lang/Object;)V+34
j  com.sun.javafx.tk.quantum.ViewScene$$Lambda$150+0x0000000800cc27d8.run()V+8
J 5278 c1 com.sun.glass.ui.InvokeLaterDispatcher$Future.run()V (91 bytes) @ 0x000000011b702874 [0x000000011b702760+0x0000000000000114]
v  ~StubRoutines::call_stub

siginfo: si_signo: 10 (SIGBUS), si_code: 2 (BUS_ADRERR), si_addr: 0x00000007870d0920

Register to memory mapping:

RAX=
[error occurred during error reporting (printing register info), id 0xa, SIGBUS (0xa) at pc=0x000000010c3fd269]

Registers:
RAX=0x00000007870d0920, RBX=0x00007f860f342100, RCX=0x00000000000120a8, RDX=0x0000000000000008
RSP=0x00007ff7b5003cf0, RBP=0x00007ff7b5003d00, RSI=0x0000000000000000, RDI=0x00000007870d0920
R8 =0x00000000000016e0, R9 =0x00000000000020a8, R10=0x00007f860f3421d0, R11=0x0000000000000070
R12=0x00007f860f342100, R13=0x00007f860f342220, R14=0x00007f860f3421b0, R15=0x0000000000000120
RIP=0x00007ff820221077, EFLAGS=0x0000000000010246, ERR=0x0000000000000004
  TRAPNO=0x000000000000000e

Top of Stack: (sp=0x00007ff7b5003cf0)
0x00007ff7b5003cf0:   00000007870d0920 00007f860f342100
0x00007ff7b5003d00:   00007ff7b5003d30 00007ff820220f19
0x00007ff7b5003d10:   0000000000000000 00007f860f342220
0x00007ff7b5003d20:   000060000379dd40 0000000000000120
0x00007ff7b5003d30:   00007ff7b5003d60 00007ff8203f95f5
0x00007ff7b5003d40:   00007f860f342220 000060000379dd40
0x00007ff7b5003d50:   000060000379dd40 0000000000000120
0x00007ff7b5003d60:   00007ff7b5003d80 00007ff8203b86b0
0x00007ff7b5003d70:   0000000000000000 000060000379dd40
0x00007ff7b5003d80:   00007ff7b5003e40 00007ff82024e051
0x00007ff7b5003d90:   0000000000000000 0000000000000000
0x00007ff7b5003da0:   4049800000000000 4048800000000000
0x00007ff7b5003db0:   235fa5c95a0300ab 000060000379dd40
0x00007ff7b5003dc0:   000060000379dd40 0000000000000033
0x00007ff7b5003dd0:   0000600003082a30 00007f860f30d190
0x00007ff7b5003de0:   00007ff7b5003e40 00007ff82026f07d
0x00007ff7b5003df0:   0000000000000020 00000000000000cc
0x00007ff7b5003e00:   00006000024f0cd0 000060000399ad80
0x00007ff7b5003e10:   0000000000000001 0000000000000031
0x00007ff7b5003e20:   000060000379dd40 0000000000000033
0x00007ff7b5003e30:   0000000000000000 00007ff7b5003fcc
0x00007ff7b5003e40:   00007ff7b50048e0 00007ff820064b84
0x00007ff7b5003e50:   0000000000000000 0000000000000000
0x00007ff7b5003e60:   4049800000000000 4048800000000000
0x00007ff7b5003e70:   401c000000000000 0000000000000000
0x00007ff7b5003e80:   4018000000000000 0000000000000000
0x00007ff7b5003e90:   4049800000000000 0000000000000000
0x00007ff7b5003ea0:   4048800000000000 0000000000000000
0x00007ff7b5003eb0:   0000000000000001 0000000000000000
0x00007ff7b5003ec0:   00000000000009c3 0000000000000000
0x00007ff7b5003ed0:   0000000000000000 0000000000000001
0x00007ff7b5003ee0:   00000000000009c3 0000000100000000 

Instructions: (pc=0x00007ff820221077)
0x00007ff820220f77:   ad de 00 00 75 0e 48 8d 35 b7 9e 68 00 eb 0c 45
0x00007ff820220f87:   31 f6 eb 1f 48 8d 35 cb 9e 68 00 bf 03 00 00 00
0x00007ff820220f97:   48 89 da 31 c0 e8 b3 34 43 00 e8 8c cb 3e 00 84
0x00007ff820220fa7:   c0 75 23 44 89 f0 48 83 c4 08 5b 41 5e 41 5f 5d
0x00007ff820220fb7:   c3 48 8d 3d 11 5e 2e 3c 48 8d 35 32 fd bd 3d e8
0x00007ff820220fc7:   db 22 49 00 eb 96 e8 0a e1 48 00 90 90 90 90 90
0x00007ff820220fd7:   90 90 55 48 89 e5 5d e9 41 1a 49 00 90 90 90 90
0x00007ff820220fe7:   90 90 90 90 90 90 90 90 90 90 90 55 48 89 e5 53
0x00007ff820220ff7:   50 48 89 fb 48 83 3d d5 5d 2e 3c ff 75 33 80 3d
0x00007ff820221007:   04 28 67 3c 00 74 21 48 85 db 74 1c 48 8b bb 10
0x00007ff820221017:   01 00 00 48 85 ff 74 10 be 00 01 00 08 48 83 c4
0x00007ff820221027:   08 5b 5d e9 41 1c 49 00 31 c0 48 83 c4 08 5b 5d
0x00007ff820221037:   c3 48 8d 3d 99 5d 2e 3c 48 8d 35 32 fd bd 3d e8
0x00007ff820221047:   5b 22 49 00 eb b8 0f 1f 00 55 48 89 e5 48 83 ec
0x00007ff820221057:   10 48 89 7d f0 c6 45 ff aa c6 45 ff 00 e8 2c 00
0x00007ff820221067:   00 00 24 01 0f b6 c0 83 f8 01 75 09 48 8b 45 f0
0x00007ff820221077:   8a 00 88 45 ff 48 83 c4 10 5d c3 66 66 66 66 66
0x00007ff820221087:   2e 0f 1f 84 00 00 00 00 00 90 90 90 90 90 55 48
0x00007ff820221097:   89 e5 48 83 3d 47 5d 2e 3c ff 75 08 8a 05 37 5d
0x00007ff8202210a7:   2e 3c 5d c3 48 8d 3d 36 5d 2e 3c 48 8d 35 ff fc
0x00007ff8202210b7:   bd 3d e8 e8 21 49 00 eb e3 55 48 89 e5 48 bf 01
0x00007ff8202210c7:   00 00 00 02 0d 0a 00 e8 1b 22 49 00 88 05 07 5d
0x00007ff8202210d7:   2e 3c 5d c3 90 90 90 90 90 55 48 89 e5 48 83 ec
0x00007ff8202210e7:   20 48 89 7d e8 48 89 75 f0 c6 45 ff aa c6 45 ff
0x00007ff8202210f7:   00 e8 98 ff ff ff 24 01 0f b6 c0 83 f8 01 75 0e
0x00007ff820221107:   48 8b 45 e8 48 8b 4d f0 8a 04 08 88 45 ff 48 83
0x00007ff820221117:   c4 20 5d c3 90 90 90 90 90 90 90 90 48 85 ff 74
0x00007ff820221127:   12 55 48 89 e5 48 8d 05 bf e4 04 00 48 39 47 50
0x00007ff820221137:   5d 74 03 31 c0 c3 b0 01 c3 90 90 90 90 90 90 90
0x00007ff820221147:   90 90 90 90 48 85 ff 74 12 55 48 89 e5 48 8d 05
0x00007ff820221157:   7e fe ff ff 48 39 47 50 5d 74 03 31 c0 c3 b0 01
0x00007ff820221167:   c3 90 90 90 90 90 90 90 90 90 55 48 89 e5 41 56 


Stack slot to memory mapping:
stack at sp + 0 slots: 
[error occurred during error reporting (inspecting top of stack), id 0xa, SIGBUS (0xa) at pc=0x000000010c3fd269]


---------------  P R O C E S S  ---------------

Threads class SMR info:
_java_thread_list=0x00006000003f85e0, length=23, elements={
0x00007f8611008e00, 0x00007f861187b600, 0x00007f861187de00, 0x00007f8610011e00,
0x00007f860f845800, 0x00007f860e80c600, 0x00007f8610012400, 0x00007f8610014c00,
0x00007f860f80ee00, 0x00007f860d808200, 0x00007f860d882600, 0x00007f8610014600,
0x00007f86101a7000, 0x00007f8610202600, 0x00007f8611911400, 0x00007f8610a15200,
0x00007f860da77c00, 0x00007f8611973a00, 0x00007f8610276800, 0x00007f8611a00000,
0x00007f8610a4ec00, 0x00007f8610271000, 0x00007f861026c200
}

Java Threads: ( => current thread )
  0x00007f8611008e00 JavaThread "main" [_thread_blocked, id=9987, stack(0x0000700003009000,0x0000700003109000)]
  0x00007f861187b600 JavaThread "Reference Handler" daemon [_thread_blocked, id=15363, stack(0x000070000371e000,0x000070000381e000)]
  0x00007f861187de00 JavaThread "Finalizer" daemon [_thread_blocked, id=15875, stack(0x0000700003821000,0x0000700003921000)]
  0x00007f8610011e00 JavaThread "Signal Dispatcher" daemon [_thread_blocked, id=22531, stack(0x0000700003aad000,0x0000700003bad000)]
  0x00007f860f845800 JavaThread "Service Thread" daemon [_thread_blocked, id=41475, stack(0x0000700003bb0000,0x0000700003cb0000)]
  0x00007f860e80c600 JavaThread "C2 CompilerThread0" daemon [_thread_blocked, id=40707, stack(0x0000700003cb3000,0x0000700003db3000)]
  0x00007f8610012400 JavaThread "C1 CompilerThread0" daemon [_thread_blocked, id=39683, stack(0x0000700003db6000,0x0000700003eb6000)]
  0x00007f8610014c00 JavaThread "Sweeper thread" daemon [_thread_blocked, id=39171, stack(0x0000700003eb9000,0x0000700003fb9000)]
  0x00007f860f80ee00 JavaThread "Common-Cleaner" daemon [_thread_blocked, id=23555, stack(0x0000700003fbc000,0x00007000040bc000)]
  0x00007f860d808200 JavaThread "Monitor Ctrl-Break" daemon [_thread_in_native, id=37635, stack(0x00007000040bf000,0x00007000041bf000)]
  0x00007f860d882600 JavaThread "Notification Thread" daemon [_thread_blocked, id=37123, stack(0x00007000041c2000,0x00007000042c2000)]
  0x00007f8610014600 JavaThread "JavaFX-Launcher" [_thread_blocked, id=24835, stack(0x00007000043c8000,0x00007000044c8000)]
  0x00007f86101a7000 JavaThread "QuantumRenderer-0" daemon [_thread_blocked, id=25347, stack(0x00007000044cb000,0x00007000045cb000)]
  0x00007f8610202600 JavaThread "InvokeLaterDispatcher" daemon [_thread_blocked, id=29187, stack(0x00007000045ce000,0x00007000046ce000)]
=>0x00007f8611911400 JavaThread "JavaFX Application Thread" [_thread_in_native, id=259, stack(0x00007ff7b480a000,0x00007ff7b500a000)]
  0x00007f8610a15200 JavaThread "Attach Listener" daemon [_thread_blocked, id=70659, stack(0x0000700004d69000,0x0000700004e69000)]
  0x00007f860da77c00 JavaThread "FXGL Background Thread 1" daemon [_thread_blocked, id=62211, stack(0x0000700004e6c000,0x0000700004f6c000)]
  0x00007f8611973a00 JavaThread "Prism Font Disposer" daemon [_thread_blocked, id=126983, stack(0x0000700004f6f000,0x000070000506f000)]
  0x00007f8610276800 JavaThread "FXGL Background Thread 2" daemon [_thread_blocked, id=92675, stack(0x0000700005278000,0x0000700005378000)]
  0x00007f8611a00000 JavaThread "FXGL Background Thread 3" daemon [_thread_blocked, id=93443, stack(0x000070000537b000,0x000070000547b000)]
  0x00007f8610a4ec00 JavaThread "FXGL Background Thread 4" daemon [_thread_blocked, id=94211, stack(0x000070000547e000,0x000070000557e000)]
  0x00007f8610271000 JavaThread "PulseTimer-CVDisplayLink thread" daemon [_thread_in_native, id=94479, stack(0x00007000046d1000,0x0000700004751000)]
  0x00007f861026c200 JavaThread "Cleaner-0" daemon [_thread_blocked, id=123139, stack(0x0000700005581000,0x0000700005681000)]

Other Threads:
  0x00007f860f304e40 VMThread "VM Thread" [stack: 0x000070000361b000,0x000070000371b000] [id=14083]
  0x00007f860f006b30 WatcherThread [stack: 0x00007000042c5000,0x00007000043c5000] [id=36611]
  0x00007f860f605db0 GCTaskThread "GC Thread#0" [stack: 0x000070000310c000,0x000070000320c000] [id=11523]
  0x00007f860f20ca60 GCTaskThread "GC Thread#1" [stack: 0x000070000485a000,0x000070000495a000] [id=72967]
  0x00007f86130160a0 GCTaskThread "GC Thread#2" [stack: 0x000070000495d000,0x0000700004a5d000] [id=60163]
  0x00007f860f612520 GCTaskThread "GC Thread#3" [stack: 0x0000700004a60000,0x0000700004b60000] [id=72195]
  0x00007f860f00d190 GCTaskThread "GC Thread#4" [stack: 0x0000700004b63000,0x0000700004c63000] [id=71939]
  0x00007f860f612fe0 GCTaskThread "GC Thread#5" [stack: 0x0000700004c66000,0x0000700004d66000] [id=71683]
  0x00007f860f5047a0 ConcurrentGCThread "G1 Main Marker" [stack: 0x000070000320f000,0x000070000330f000] [id=12035]
  0x00007f860f606470 ConcurrentGCThread "G1 Conc#0" [stack: 0x0000700003312000,0x0000700003412000] [id=13059]
  0x00007f8613040f10 ConcurrentGCThread "G1 Conc#1" [stack: 0x0000700005684000,0x0000700005784000] [id=122371]
  0x00007f860f50e270 ConcurrentGCThread "G1 Refine#0" [stack: 0x0000700003415000,0x0000700003515000] [id=18435]
  0x00007f860f50ed50 ConcurrentGCThread "G1 Young RemSet Sampling" [stack: 0x0000700003518000,0x0000700003618000] [id=13827]

Threads with active compile tasks:

VM state: not at safepoint (normal execution)

VM Mutex/Monitor currently owned by a thread: None

Heap address: 0x0000000780000000, size: 2048 MB, Compressed Oops mode: Zero based, Oop shift amount: 3
CDS archive(s) mapped at: [0x0000000800000000-0x0000000800b2f000-0x0000000800b2f000), size 11726848, SharedBaseAddress: 0x0000000800000000, ArchiveRelocationMode: 0.
Compressed class space mapped at: 0x0000000800b30000-0x0000000840b30000, size: 1073741824
Narrow klass base: 0x0000000800000000, Narrow klass shift: 3, Narrow klass range: 0x100000000

GC Precious Log:
 CPUs: 8 total, 8 available
 Memory: 8192M
 Large Page Support: Disabled
 NUMA Support: Disabled
 Compressed Oops: Enabled (Zero based)
 Heap Region Size: 1M
 Heap Min Capacity: 8M
 Heap Initial Capacity: 128M
 Heap Max Capacity: 2G
 Pre-touch: Disabled
 Parallel Workers: 8
 Concurrent Workers: 2
 Concurrent Refinement Workers: 8
 Periodic GC: Disabled

Heap:
 garbage-first heap   total 72704K, used 41915K [0x0000000780000000, 0x0000000800000000)
  region size 1024K, 16 young (16384K), 2 survivors (2048K)
 Metaspace       used 30244K, capacity 30585K, committed 31104K, reserved 1077248K
  class space    used 3607K, capacity 3710K, committed 3712K, reserved 1048576K

Heap Regions: E=young(eden), S=young(survivor), O=old, HS=humongous(starts), HC=humongous(continues), CS=collection set, F=free, OA=open archive, CA=closed archive, TAMS=top-at-mark-start (previous, next)
|   0|0x0000000780000000, 0x0000000780100000, 0x0000000780100000|100%| O|  |TAMS 0x0000000780100000, 0x0000000780000000| Untracked 
|   1|0x0000000780100000, 0x0000000780200000, 0x0000000780200000|100%| O|  |TAMS 0x0000000780200000, 0x0000000780100000| Untracked 
|   2|0x0000000780200000, 0x0000000780300000, 0x0000000780300000|100%| O|  |TAMS 0x0000000780200000, 0x0000000780200000| Untracked 
|   3|0x0000000780300000, 0x0000000780400000, 0x0000000780400000|100%| O|  |TAMS 0x0000000780300000, 0x0000000780300000| Untracked 
|   4|0x0000000780400000, 0x0000000780500000, 0x0000000780500000|100%| O|  |TAMS 0x0000000780500000, 0x0000000780400000| Untracked 
|   5|0x0000000780500000, 0x00000007805a9e00, 0x0000000780600000| 66%| O|  |TAMS 0x00000007805a9e00, 0x0000000780500000| Untracked 
|   6|0x0000000780600000, 0x0000000780700000, 0x0000000780700000|100%|HS|  |TAMS 0x0000000780700000, 0x0000000780600000| Complete 
|   7|0x0000000780700000, 0x0000000780800000, 0x0000000780800000|100%|HC|  |TAMS 0x0000000780800000, 0x0000000780700000| Complete 
|   8|0x0000000780800000, 0x0000000780900000, 0x0000000780900000|100%|HS|  |TAMS 0x0000000780900000, 0x0000000780800000| Complete 
|   9|0x0000000780900000, 0x0000000780a00000, 0x0000000780a00000|100%|HC|  |TAMS 0x0000000780a00000, 0x0000000780900000| Complete 
|  10|0x0000000780a00000, 0x0000000780b00000, 0x0000000780b00000|100%|HC|  |TAMS 0x0000000780b00000, 0x0000000780a00000| Complete 
|  11|0x0000000780b00000, 0x0000000780c00000, 0x0000000780c00000|100%|HC|  |TAMS 0x0000000780c00000, 0x0000000780b00000| Complete 
|  12|0x0000000780c00000, 0x0000000780d00000, 0x0000000780d00000|100%| O|  |TAMS 0x0000000780c00000, 0x0000000780c00000| Untracked 
|  13|0x0000000780d00000, 0x0000000780e00000, 0x0000000780e00000|100%| O|  |TAMS 0x0000000780d00000, 0x0000000780d00000| Untracked 
|  14|0x0000000780e00000, 0x0000000780ecf600, 0x0000000780f00000| 81%| O|  |TAMS 0x0000000780e00000, 0x0000000780e00000| Untracked 
|  15|0x0000000780f00000, 0x0000000780f00000, 0x0000000781000000|  0%| F|  |TAMS 0x0000000780f00000, 0x0000000780f00000| Untracked 
|  16|0x0000000781000000, 0x0000000781000000, 0x0000000781100000|  0%| F|  |TAMS 0x0000000781000000, 0x0000000781000000| Untracked 
|  17|0x0000000781100000, 0x0000000781100000, 0x0000000781200000|  0%| F|  |TAMS 0x0000000781100000, 0x0000000781100000| Untracked 
|  18|0x0000000781200000, 0x0000000781200000, 0x0000000781300000|  0%| F|  |TAMS 0x0000000781200000, 0x0000000781200000| Untracked 
|  19|0x0000000781300000, 0x0000000781400000, 0x0000000781400000|100%| O|  |TAMS 0x0000000781300000, 0x0000000781300000| Untracked 
|  20|0x0000000781400000, 0x0000000781400000, 0x0000000781500000|  0%| F|  |TAMS 0x0000000781400000, 0x0000000781400000| Untracked 
|  21|0x0000000781500000, 0x0000000781500000, 0x0000000781600000|  0%| F|  |TAMS 0x0000000781500000, 0x0000000781500000| Untracked 
|  22|0x0000000781600000, 0x0000000781600000, 0x0000000781700000|  0%| F|  |TAMS 0x0000000781600000, 0x0000000781600000| Untracked 
|  23|0x0000000781700000, 0x0000000781700000, 0x0000000781800000|  0%| F|  |TAMS 0x0000000781700000, 0x0000000781700000| Untracked 
|  24|0x0000000781800000, 0x0000000781800000, 0x0000000781900000|  0%| F|  |TAMS 0x0000000781800000, 0x0000000781800000| Untracked 
|  25|0x0000000781900000, 0x0000000781900000, 0x0000000781a00000|  0%| F|  |TAMS 0x0000000781900000, 0x0000000781900000| Untracked 
|  26|0x0000000781a00000, 0x0000000781a00000, 0x0000000781b00000|  0%| F|  |TAMS 0x0000000781a00000, 0x0000000781a00000| Untracked 
|  27|0x0000000781b00000, 0x0000000781b00000, 0x0000000781c00000|  0%| F|  |TAMS 0x0000000781b00000, 0x0000000781b00000| Untracked 
|  28|0x0000000781c00000, 0x0000000781c00000, 0x0000000781d00000|  0%| F|  |TAMS 0x0000000781c00000, 0x0000000781c00000| Untracked 
|  29|0x0000000781d00000, 0x0000000781d00000, 0x0000000781e00000|  0%| F|  |TAMS 0x0000000781d00000, 0x0000000781d00000| Untracked 
|  30|0x0000000781e00000, 0x0000000781e00000, 0x0000000781f00000|  0%| F|  |TAMS 0x0000000781e00000, 0x0000000781e00000| Untracked 
|  31|0x0000000781f00000, 0x0000000781fab820, 0x0000000782000000| 66%| S|CS|TAMS 0x0000000781f00000, 0x0000000781f00000| Complete 
|  32|0x0000000782000000, 0x0000000782100000, 0x0000000782100000|100%| S|CS|TAMS 0x0000000782000000, 0x0000000782000000| Complete 
|  33|0x0000000782100000, 0x0000000782100000, 0x0000000782200000|  0%| F|  |TAMS 0x0000000782100000, 0x0000000782100000| Untracked 
|  34|0x0000000782200000, 0x0000000782200000, 0x0000000782300000|  0%| F|  |TAMS 0x0000000782200000, 0x0000000782200000| Untracked 
|  35|0x0000000782300000, 0x0000000782300000, 0x0000000782400000|  0%| F|  |TAMS 0x0000000782300000, 0x0000000782300000| Untracked 
|  36|0x0000000782400000, 0x0000000782400000, 0x0000000782500000|  0%| F|  |TAMS 0x0000000782400000, 0x0000000782400000| Untracked 
|  37|0x0000000782500000, 0x0000000782500000, 0x0000000782600000|  0%| F|  |TAMS 0x0000000782500000, 0x0000000782500000| Untracked 
|  38|0x0000000782600000, 0x0000000782600000, 0x0000000782700000|  0%| F|  |TAMS 0x0000000782600000, 0x0000000782600000| Untracked 
|  39|0x0000000782700000, 0x0000000782700000, 0x0000000782800000|  0%| F|  |TAMS 0x0000000782700000, 0x0000000782700000| Untracked 
|  40|0x0000000782800000, 0x0000000782800000, 0x0000000782900000|  0%| F|  |TAMS 0x0000000782800000, 0x0000000782800000| Untracked 
|  41|0x0000000782900000, 0x0000000782900000, 0x0000000782a00000|  0%| F|  |TAMS 0x0000000782900000, 0x0000000782900000| Untracked 
|  42|0x0000000782a00000, 0x0000000782a00000, 0x0000000782b00000|  0%| F|  |TAMS 0x0000000782a00000, 0x0000000782a00000| Untracked 
|  43|0x0000000782b00000, 0x0000000782b00000, 0x0000000782c00000|  0%| F|  |TAMS 0x0000000782b00000, 0x0000000782b00000| Untracked 
|  44|0x0000000782c00000, 0x0000000782c00000, 0x0000000782d00000|  0%| F|  |TAMS 0x0000000782c00000, 0x0000000782c00000| Untracked 
|  45|0x0000000782d00000, 0x0000000782d7b5b0, 0x0000000782e00000| 48%| E|  |TAMS 0x0000000782d00000, 0x0000000782d00000| Complete 
|  46|0x0000000782e00000, 0x0000000782f00000, 0x0000000782f00000|100%|HS|  |TAMS 0x0000000782f00000, 0x0000000782e00000| Complete 
|  47|0x0000000782f00000, 0x0000000783000000, 0x0000000783000000|100%|HC|  |TAMS 0x0000000783000000, 0x0000000782f00000| Complete 
|  48|0x0000000783000000, 0x0000000783100000, 0x0000000783100000|100%|HC|  |TAMS 0x0000000783100000, 0x0000000783000000| Complete 
|  49|0x0000000783100000, 0x0000000783200000, 0x0000000783200000|100%| E|CS|TAMS 0x0000000783100000, 0x0000000783100000| Complete 
|  50|0x0000000783200000, 0x0000000783300000, 0x0000000783300000|100%| E|CS|TAMS 0x0000000783200000, 0x0000000783200000| Complete 
|  51|0x0000000783300000, 0x0000000783400000, 0x0000000783400000|100%| E|CS|TAMS 0x0000000783300000, 0x0000000783300000| Complete 
|  52|0x0000000783400000, 0x0000000783500000, 0x0000000783500000|100%| E|CS|TAMS 0x0000000783400000, 0x0000000783400000| Complete 
|  96|0x0000000786000000, 0x0000000786100000, 0x0000000786100000|100%| E|CS|TAMS 0x0000000786000000, 0x0000000786000000| Complete 
|  97|0x0000000786100000, 0x0000000786200000, 0x0000000786200000|100%| E|CS|TAMS 0x0000000786100000, 0x0000000786100000| Complete 
|  98|0x0000000786200000, 0x0000000786300000, 0x0000000786300000|100%| E|CS|TAMS 0x0000000786200000, 0x0000000786200000| Complete 
|  99|0x0000000786300000, 0x0000000786400000, 0x0000000786400000|100%| E|CS|TAMS 0x0000000786300000, 0x0000000786300000| Complete 
| 100|0x0000000786400000, 0x0000000786500000, 0x0000000786500000|100%| E|CS|TAMS 0x0000000786400000, 0x0000000786400000| Complete 
| 101|0x0000000786500000, 0x0000000786600000, 0x0000000786600000|100%| E|CS|TAMS 0x0000000786500000, 0x0000000786500000| Complete 
| 102|0x0000000786600000, 0x0000000786700000, 0x0000000786700000|100%| E|CS|TAMS 0x0000000786600000, 0x0000000786600000| Complete 
| 103|0x0000000786700000, 0x0000000786800000, 0x0000000786800000|100%| E|CS|TAMS 0x0000000786700000, 0x0000000786700000| Complete 
| 127|0x0000000787f00000, 0x0000000788000000, 0x0000000788000000|100%| E|CS|TAMS 0x0000000787f00000, 0x0000000787f00000| Complete 
|1022|0x00000007bfe00000, 0x00000007bfe51000, 0x00000007bff00000| 31%|OA|  |TAMS 0x00000007bfe51000, 0x00000007bfe00000| Untracked 
|1023|0x00000007bff00000, 0x00000007bff79000, 0x00000007c0000000| 47%|CA|  |TAMS 0x00000007bff79000, 0x00000007bff00000| Untracked 
|2041|0x00000007ff900000, 0x00000007ffa00000, 0x00000007ffa00000|100%| O|  |TAMS 0x00000007ff900000, 0x00000007ff900000| Untracked 
|2042|0x00000007ffa00000, 0x00000007ffb00000, 0x00000007ffb00000|100%| O|  |TAMS 0x00000007ffa00000, 0x00000007ffa00000| Untracked 
|2043|0x00000007ffb00000, 0x00000007ffc00000, 0x00000007ffc00000|100%| O|  |TAMS 0x00000007ffb00000, 0x00000007ffb00000| Untracked 
|2044|0x00000007ffc00000, 0x00000007ffd00000, 0x00000007ffd00000|100%| O|  |TAMS 0x00000007ffc00000, 0x00000007ffc00000| Untracked 
|2045|0x00000007ffd00000, 0x00000007ffe00000, 0x00000007ffe00000|100%| O|  |TAMS 0x00000007ffd00000, 0x00000007ffd00000| Untracked 
|2046|0x00000007ffe00000, 0x00000007fff00000, 0x00000007fff00000|100%| O|  |TAMS 0x00000007ffe00000, 0x00000007ffe00000| Untracked 
|2047|0x00000007fff00000, 0x0000000800000000, 0x0000000800000000|100%| O|  |TAMS 0x00000007fff00000, 0x00000007fff00000| Untracked 

Card table byte_map: [0x000000010b6fb000,0x000000010bafb000] _byte_map_base: 0x0000000107afb000

Marking Bits (Prev, Next): (CMBitMap*) 0x00007f861180e210, (CMBitMap*) 0x00007f861180e250
 Prev Bits: [0x000000010d0d3000, 0x000000010f0d3000)
 Next Bits: [0x000000010f0d3000, 0x00000001110d3000)

Polling page: 0x000000010b041000

Metaspace:

Usage:
  Non-class:     26.25 MB capacity,    26.01 MB (>99%) used,   200.91 KB ( <1%) free+waste,    36.81 KB ( <1%) overhead. 
      Class:      3.62 MB capacity,     3.52 MB ( 97%) used,    88.90 KB (  2%) free+waste,    13.44 KB ( <1%) overhead. 
       Both:     29.87 MB capacity,    29.54 MB ( 99%) used,   289.81 KB ( <1%) free+waste,    50.25 KB ( <1%) overhead. 

Virtual space:
  Non-class space:       28.00 MB reserved,      26.75 MB ( 96%) committed 
      Class space:        1.00 GB reserved,       3.62 MB ( <1%) committed 
             Both:        1.03 GB reserved,      30.38 MB (  3%) committed 

Chunk freelists:
   Non-Class:  373.00 KB
       Class:  2.00 KB
        Both:  375.00 KB

MaxMetaspaceSize: 17179869184.00 GB
CompressedClassSpaceSize: 1.00 GB

CodeHeap 'non-profiled nmethods': size=120028Kb used=2838Kb max_used=3151Kb free=117189Kb
 bounds [0x000000012225e000, 0x000000012257e000, 0x0000000129795000]
CodeHeap 'profiled nmethods': size=120028Kb used=10589Kb max_used=12482Kb free=109438Kb
 bounds [0x000000011ad27000, 0x000000011b967000, 0x000000012225e000]
CodeHeap 'non-nmethods': size=5704Kb used=1525Kb max_used=1599Kb free=4178Kb
 bounds [0x000000011a795000, 0x000000011aa05000, 0x000000011ad27000]
 total_blobs=6126 nmethods=5255 adapters=781
 compilation: enabled
              stopped_count=0, restarted_count=0
 full_count=0

Compilation events (20 events):
Event: 22.634 Thread 0x00007f8610012400 6230       3       com.sun.javafx.css.StyleManager$Cache::getStyleMap (400 bytes)
Event: 22.635 Thread 0x00007f860e80c600 nmethod 6208 0x0000000122360d90 code [0x0000000122360f80, 0x0000000122361510]
Event: 22.635 Thread 0x00007f860e80c600 6213       4       com.sun.javafx.css.StyleManager::getInstance (4 bytes)
Event: 22.635 Thread 0x00007f860e80c600 nmethod 6213 0x00000001222cbf90 code [0x00000001222cc100, 0x00000001222cc158]
Event: 22.635 Thread 0x00007f860e80c600 6214       4       com.sun.javafx.scene.NodeHelper::transformsChanged (9 bytes)
Event: 22.636 Thread 0x00007f860e80c600 nmethod 6214 0x00000001222cb910 code [0x00000001222cbaa0, 0x00000001222cbb68]
Event: 22.636 Thread 0x00007f8610012400 nmethod 6230 0x000000011af89f10 code [0x000000011af8a3a0, 0x000000011af8d1f0]
Event: 22.636 Thread 0x00007f8610012400 6231   !   3       com.sun.javafx.css.StyleManager::processStylesheets (263 bytes)
Event: 22.636 Thread 0x00007f860e80c600 6234       4       javafx.scene.Node::getStyleableParent (5 bytes)
Event: 22.637 Thread 0x00007f860e80c600 nmethod 6234 0x000000012230ff10 code [0x0000000122310080, 0x0000000122310178]
Event: 22.637 Thread 0x00007f860e80c600 6235       4       com.sun.javafx.css.PseudoClassState::<init> (5 bytes)
Event: 22.637 Thread 0x00007f8610012400 nmethod 6231 0x000000011b18c590 code [0x000000011b18c940, 0x000000011b18e4a0]
Event: 22.637 Thread 0x00007f8610012400 6223       3       java.lang.Class::getPackage (38 bytes)
Event: 22.637 Thread 0x00007f8610012400 nmethod 6223 0x000000011b082490 code [0x000000011b0826a0, 0x000000011b082cb0]
Event: 22.638 Thread 0x00007f8610012400 6224       3       java.lang.ClassLoader::definePackage (29 bytes)
Event: 22.638 Thread 0x00007f860e80c600 nmethod 6235 0x000000012230fc10 code [0x000000012230fd80, 0x000000012230feb8]
Event: 22.638 Thread 0x00007f8610012400 nmethod 6224 0x000000011b542590 code [0x000000011b542760, 0x000000011b542a60]
Event: 22.638 Thread 0x00007f8610012400 6225       3       java.lang.Package::getName (5 bytes)
Event: 22.638 Thread 0x00007f8610012400 nmethod 6225 0x000000011af04810 code [0x000000011af049a0, 0x000000011af04b30]
Event: 22.638 Thread 0x00007f8610012400 6226       3       javafx.scene.Node::getTypeSelector (63 bytes)

GC Heap History (10 events):
Event: 1.087 GC heap before
{Heap before GC invocations=0 (full 0):
 garbage-first heap   total 133120K, used 24360K [0x0000000780000000, 0x0000000800000000)
  region size 1024K, 23 young (23552K), 0 survivors (0K)
 Metaspace       used 8468K, capacity 10555K, committed 10880K, reserved 1058816K
  class space    used 974K, capacity 1148K, committed 1152K, reserved 1048576K
}
Event: 1.092 GC heap after
{Heap after GC invocations=1 (full 0):
 garbage-first heap   total 133120K, used 4535K [0x0000000780000000, 0x0000000800000000)
  region size 1024K, 3 young (3072K), 3 survivors (3072K)
 Metaspace       used 8468K, capacity 10555K, committed 10880K, reserved 1058816K
  class space    used 974K, capacity 1148K, committed 1152K, reserved 1048576K
}
Event: 2.035 GC heap before
{Heap before GC invocations=1 (full 0):
 garbage-first heap   total 133120K, used 44471K [0x0000000780000000, 0x0000000800000000)
  region size 1024K, 40 young (40960K), 3 survivors (3072K)
 Metaspace       used 15868K, capacity 16777K, committed 17024K, reserved 1064960K
  class space    used 2086K, capacity 2152K, committed 2176K, reserved 1048576K
}
Event: 2.041 GC heap after
{Heap after GC invocations=2 (full 0):
 garbage-first heap   total 133120K, used 9261K [0x0000000780000000, 0x0000000800000000)
  region size 1024K, 5 young (5120K), 5 survivors (5120K)
 Metaspace       used 15868K, capacity 16777K, committed 17024K, reserved 1064960K
  class space    used 2086K, capacity 2152K, committed 2176K, reserved 1048576K
}
Event: 2.395 GC heap before
{Heap before GC invocations=2 (full 0):
 garbage-first heap   total 133120K, used 34861K [0x0000000780000000, 0x0000000800000000)
  region size 1024K, 29 young (29696K), 5 survivors (5120K)
 Metaspace       used 20978K, capacity 21192K, committed 21504K, reserved 1069056K
  class space    used 2703K, capacity 2792K, committed 2816K, reserved 1048576K
}
Event: 2.400 GC heap after
{Heap after GC invocations=3 (full 0):
 garbage-first heap   total 133120K, used 14675K [0x0000000780000000, 0x0000000800000000)
  region size 1024K, 8 young (8192K), 8 survivors (8192K)
 Metaspace       used 20978K, capacity 21192K, committed 21504K, reserved 1069056K
  class space    used 2703K, capacity 2792K, committed 2816K, reserved 1048576K
}
Event: 3.743 GC heap before
{Heap before GC invocations=4 (full 0):
 garbage-first heap   total 61440K, used 56659K [0x0000000780000000, 0x0000000800000000)
  region size 1024K, 34 young (34816K), 8 survivors (8192K)
 Metaspace       used 27525K, capacity 27795K, committed 28288K, reserved 1075200K
  class space    used 3357K, capacity 3444K, committed 3456K, reserved 1048576K
}
Event: 3.758 GC heap after
{Heap after GC invocations=5 (full 0):
 garbage-first heap   total 72704K, used 26759K [0x0000000780000000, 0x0000000800000000)
  region size 1024K, 5 young (5120K), 5 survivors (5120K)
 Metaspace       used 27525K, capacity 27795K, committed 28288K, reserved 1075200K
  class space    used 3357K, capacity 3444K, committed 3456K, reserved 1048576K
}
Event: 13.493 GC heap before
{Heap before GC invocations=6 (full 0):
 garbage-first heap   total 72704K, used 49287K [0x0000000780000000, 0x0000000800000000)
  region size 1024K, 27 young (27648K), 5 survivors (5120K)
 Metaspace       used 29017K, capacity 29369K, committed 29952K, reserved 1075200K
  class space    used 3399K, capacity 3518K, committed 3584K, reserved 1048576K
}
Event: 13.502 GC heap after
{Heap after GC invocations=7 (full 0):
 garbage-first heap   total 72704K, used 28603K [0x0000000780000000, 0x0000000800000000)
  region size 1024K, 2 young (2048K), 2 survivors (2048K)
 Metaspace       used 29017K, capacity 29369K, committed 29952K, reserved 1075200K
  class space    used 3399K, capacity 3518K, committed 3584K, reserved 1048576K
}

Deoptimization events (20 events):
Event: 20.664 Thread 0x00007f86101a7000 Uncommon trap: trap_request=0xffffff45 fr.pc=0x0000000122392a8c relative=0x000000000000008c
Event: 20.664 Thread 0x00007f86101a7000 Uncommon trap: reason=unstable_if action=reinterpret pc=0x0000000122392a8c method=com.sun.javafx.geom.RectBounds.isEmpty()Z @ 21 c2
Event: 20.664 Thread 0x00007f86101a7000 DEOPT PACKING pc=0x0000000122392a8c sp=0x00007000045c7040
Event: 20.664 Thread 0x00007f86101a7000 DEOPT UNPACKING pc=0x000000011a7e3125 sp=0x00007000045c6ff0 mode 2
Event: 20.664 Thread 0x00007f86101a7000 DEOPT PACKING pc=0x000000011ae1ee78 sp=0x00007000045c8330
Event: 20.664 Thread 0x00007f86101a7000 DEOPT UNPACKING pc=0x000000011a7e2f2b sp=0x00007000045c7850 mode 0
Event: 20.664 Thread 0x00007f86101a7000 DEOPT PACKING pc=0x000000011ae1ee78 sp=0x00007000045c8330
Event: 20.664 Thread 0x00007f86101a7000 DEOPT UNPACKING pc=0x000000011a7e2f2b sp=0x00007000045c7850 mode 0
Event: 20.892 Thread 0x00007f8611911400 Uncommon trap: trap_request=0xffffffc6 fr.pc=0x0000000122459d80 relative=0x00000000000001e0
Event: 20.892 Thread 0x00007f8611911400 Uncommon trap: reason=bimorphic_or_optimized_type_check action=maybe_recompile pc=0x0000000122459d80 method=javafx.scene.Node.getLocalBounds(Lcom/sun/javafx/geom/BaseBounds;Lcom/sun/javafx/geom/transform/BaseTransform;)Lcom/sun/javafx/geom/BaseBounds; @ 2
Event: 20.892 Thread 0x00007f8611911400 DEOPT PACKING pc=0x0000000122459d80 sp=0x00007ff7b50043b0
Event: 20.893 Thread 0x00007f8611911400 DEOPT UNPACKING pc=0x000000011a7e3125 sp=0x00007ff7b5004338 mode 2
Event: 20.898 Thread 0x00007f86101a7000 DEOPT PACKING pc=0x000000011ae1ee78 sp=0x00007000045c8320
Event: 20.898 Thread 0x00007f86101a7000 DEOPT UNPACKING pc=0x000000011a7e2f2b sp=0x00007000045c7840 mode 0
Event: 22.631 Thread 0x00007f8611911400 DEOPT PACKING pc=0x000000011b4d68ef sp=0x00007ff7b5002850
Event: 22.631 Thread 0x00007f8611911400 DEOPT UNPACKING pc=0x000000011a7e2f2b sp=0x00007ff7b5001df0 mode 0
Event: 22.638 Thread 0x00007f8611911400 Uncommon trap: trap_request=0xffffffde fr.pc=0x0000000122536614 relative=0x0000000000001a14
Event: 22.638 Thread 0x00007f8611911400 Uncommon trap: reason=class_check action=maybe_recompile pc=0x0000000122536614 method=javafx.scene.Parent.doUpdatePeer()V @ 180 c2
Event: 22.638 Thread 0x00007f8611911400 DEOPT PACKING pc=0x0000000122536614 sp=0x00007ff7b50046d0
Event: 22.638 Thread 0x00007f8611911400 DEOPT UNPACKING pc=0x000000011a7e3125 sp=0x00007ff7b50046a0 mode 2

Classes unloaded (0 events):
No events

Classes redefined (0 events):
No events

Internal exceptions (20 events):
Event: 0.903 Thread 0x00007f8610014600 Exception <a 'java/lang/NoSuchMethodError'{0x0000000787060f68}: 'void java.lang.invoke.DirectMethodHandle$Holder.invokeStatic(java.lang.Object, java.lang.Object, java.lang.Object, java.lang.Object)'> (0x0000000787060f68) 
thrown [src/hotspot/share/interpreter/linkResolver.cpp, line 782]
Event: 1.031 Thread 0x00007f8611911400 Exception <a 'java/lang/NoSuchMethodError'{0x0000000786b96158}: 'java.lang.Object java.lang.invoke.DirectMethodHandle$Holder.invokeStaticInit(java.lang.Object, java.lang.Object, java.lang.Object, java.lang.Object)'> (0x0000000786b96158) 
thrown [src/hotspot/share/interpreter/linkResolver.cpp, line 782]
Event: 1.032 Thread 0x00007f8611911400 Exception <a 'java/lang/NullPointerException'{0x0000000786ba1358}> (0x0000000786ba1358) 
thrown [src/hotspot/share/interpreter/linkResolver.cpp, line 1374]
Event: 1.037 Thread 0x00007f8611911400 Exception <a 'java/lang/NoSuchMethodError'{0x0000000786bc0830}: 'void java.lang.invoke.DirectMethodHandle$Holder.invokeSpecial(java.lang.Object, java.lang.Object, java.lang.Object, java.lang.Object, java.lang.Object)'> (0x0000000786bc0830) 
thrown [src/hotspot/share/interpreter/linkResolver.cpp, line 782]
Event: 1.256 Thread 0x00007f8611911400 Exception <a 'java/lang/NoSuchMethodError'{0x0000000787928610}: 'java.lang.Object java.lang.invoke.DirectMethodHandle$Holder.invokeInterface(java.lang.Object, java.lang.Object)'> (0x0000000787928610) 
thrown [src/hotspot/share/interpreter/linkResolver.cpp, line 782]
Event: 1.328 Thread 0x00007f8611911400 Exception <a 'java/lang/NoSuchMethodError'{0x0000000787729200}: 'java.lang.Object java.lang.invoke.DirectMethodHandle$Holder.newInvokeSpecial(java.lang.Object, java.lang.Object, int)'> (0x0000000787729200) 
thrown [src/hotspot/share/interpreter/linkResolver.cpp, line 782]
Event: 1.413 Thread 0x00007f86101a7000 Exception <a 'java/lang/NoSuchMethodError'{0x00000007874f25e0}: 'int java.lang.invoke.DirectMethodHandle$Holder.invokeStaticInit(java.lang.Object, java.lang.Object)'> (0x00000007874f25e0) 
thrown [src/hotspot/share/interpreter/linkResolver.cpp, line 782]
Event: 2.000 Thread 0x00007f860da77c00 Implicit null exception at 0x00000001222f9120 to 0x00000001222f91f0
Event: 2.205 Thread 0x00007f8610276800 Exception <a 'java/lang/NoSuchMethodError'{0x00000007877df1c0}: 'int java.lang.invoke.DirectMethodHandle$Holder.invokeStaticInit(java.lang.Object, java.lang.Object, java.lang.Object, java.lang.Object)'> (0x00000007877df1c0) 
thrown [src/hotspot/share/interpreter/linkResolver.cpp, line 782]
Event: 2.206 Thread 0x00007f8610276800 Exception <a 'java/lang/IncompatibleClassChangeError'{0x00000007877e8c78}: Found class java.lang.Object, but interface was expected> (0x00000007877e8c78) 
thrown [src/hotspot/share/interpreter/linkResolver.cpp, line 848]
Event: 2.265 Thread 0x00007f8611911400 Exception <a 'java/lang/NoSuchMethodError'{0x0000000787562230}: 'long java.lang.invoke.DirectMethodHandle$Holder.invokeStatic(java.lang.Object, java.lang.Object, java.lang.Object)'> (0x0000000787562230) 
thrown [src/hotspot/share/interpreter/linkResolver.cpp, line 782]
Event: 2.265 Thread 0x00007f8611911400 Exception <a 'java/lang/NoSuchMethodError'{0x0000000787565be0}: 'long java.lang.invoke.DirectMethodHandle$Holder.invokeStaticInit(java.lang.Object, java.lang.Object, java.lang.Object)'> (0x0000000787565be0) 
thrown [src/hotspot/share/interpreter/linkResolver.cpp, line 782]
Event: 2.268 Thread 0x00007f8611911400 Exception <a 'java/lang/NoSuchMethodError'{0x000000078757e0d0}: 'java.lang.Object java.lang.invoke.DirectMethodHandle$Holder.newInvokeSpecial(java.lang.Object, java.lang.Object, long)'> (0x000000078757e0d0) 
thrown [src/hotspot/share/interpreter/linkResolver.cpp, line 782]
Event: 2.268 Thread 0x00007f8611911400 Exception <a 'java/lang/NoSuchMethodError'{0x000000078737b0f0}: 'java.lang.Object java.lang.invoke.Invokers$Holder.linkToTargetMethod(java.lang.Object, long, java.lang.Object)'> (0x000000078737b0f0) 
thrown [src/hotspot/share/interpreter/linkResolver.cpp, line 782]
Event: 2.300 Thread 0x00007f8611911400 Exception <a 'java/lang/NoSuchMethodError'{0x00000007872d1c60}: 'java.lang.Object java.lang.invoke.DirectMethodHandle$Holder.invokeInterface(java.lang.Object, java.lang.Object, java.lang.Object)'> (0x00000007872d1c60) 
thrown [src/hotspot/share/interpreter/linkResolver.cpp, line 782]
Event: 2.301 Thread 0x00007f8611911400 Exception <a 'java/lang/IncompatibleClassChangeError'{0x00000007872d5a88}: Found class java.lang.Object, but interface was expected> (0x00000007872d5a88) 
thrown [src/hotspot/share/interpreter/linkResolver.cpp, line 848]
Event: 2.841 Thread 0x00007f86101a7000 Exception <a 'java/lang/NoSuchMethodError'{0x0000000782412f10}: 'java.lang.Object java.lang.invoke.DirectMethodHandle$Holder.invokeStaticInit(java.lang.Object, int)'> (0x0000000782412f10) 
thrown [src/hotspot/share/interpreter/linkResolver.cpp, line 782]
Event: 3.270 Thread 0x00007f8611911400 Implicit null exception at 0x00000001223bffc0 to 0x00000001223c0fec
Event: 13.508 Thread 0x00007f8611911400 Implicit null exception at 0x00000001224ced0b to 0x00000001224cedec
Event: 18.570 Thread 0x00007f8611911400 Implicit null exception at 0x00000001225103f1 to 0x0000000122510440

Events (20 events):
Event: 18.612 Thread 0x00007f8610014c00 flushing nmethod 0x000000011b666f90
Event: 18.612 Thread 0x00007f8610014c00 flushing nmethod 0x000000011b668c90
Event: 18.612 Thread 0x00007f8610014c00 flushing nmethod 0x000000011b66c010
Event: 18.612 Thread 0x00007f8610014c00 flushing nmethod 0x000000011b689390
Event: 18.612 Thread 0x00007f8610014c00 flushing nmethod 0x000000011b698c10
Event: 18.612 Thread 0x00007f8610014c00 flushing nmethod 0x000000011b6ab290
Event: 18.612 Thread 0x00007f8610014c00 flushing nmethod 0x000000011b6ca610
Event: 18.612 Thread 0x00007f8610014c00 flushing nmethod 0x000000011b6ca990
Event: 18.613 Thread 0x00007f8610014c00 flushing nmethod 0x000000011b834990
Event: 18.613 Thread 0x00007f8610014c00 flushing nmethod 0x000000011b8d8110
Event: 18.668 Executing VM operation: ICBufferFull
Event: 18.668 Executing VM operation: ICBufferFull done
Event: 18.668 Executing VM operation: HandshakeAllThreads
Event: 18.668 Executing VM operation: HandshakeAllThreads done
Event: 19.669 Executing VM operation: HandshakeAllThreads
Event: 19.669 Executing VM operation: HandshakeAllThreads done
Event: 20.669 Executing VM operation: HandshakeAllThreads
Event: 20.669 Executing VM operation: HandshakeAllThreads done
Event: 21.675 Executing VM operation: HandshakeAllThreads
Event: 21.675 Executing VM operation: HandshakeAllThreads done


Dynamic libraries:
0x000000010b01f000 	/Users/merdanusta/Library/Java/JavaVirtualMachines/corretto-15.0.2/Contents/Home/lib/libjli.dylib
0x00007ff825bc0000 	/usr/lib/libz.1.dylib
0x00007ff825ca0000 	/usr/lib/libSystem.B.dylib
0x00007ff825c9b000 	/usr/lib/system/libcache.dylib
0x00007ff825c57000 	/usr/lib/system/libcommonCrypto.dylib
0x00007ff825c80000 	/usr/lib/system/libcompiler_rt.dylib
0x00007ff825c76000 	/usr/lib/system/libcopyfile.dylib
0x00007ff81ac4b000 	/usr/lib/system/libcorecrypto.dylib
0x00007ff81ad09000 	/usr/lib/system/libdispatch.dylib
0x00007ff81aecd000 	/usr/lib/system/libdyld.dylib
0x00007ff825c92000 	/usr/lib/system/libkeymgr.dylib
0x00007ff825c35000 	/usr/lib/system/libmacho.dylib
0x00007ff8252b4000 	/usr/lib/system/libquarantine.dylib
0x00007ff825c90000 	/usr/lib/system/libremovefile.dylib
0x00007ff81fe47000 	/usr/lib/system/libsystem_asl.dylib
0x00007ff81abf4000 	/usr/lib/system/libsystem_blocks.dylib
0x00007ff81ad91000 	/usr/lib/system/libsystem_c.dylib
0x00007ff825c88000 	/usr/lib/system/libsystem_collections.dylib
0x00007ff824561000 	/usr/lib/system/libsystem_configuration.dylib
0x00007ff82380d000 	/usr/lib/system/libsystem_containermanager.dylib
0x00007ff82596e000 	/usr/lib/system/libsystem_coreservices.dylib
0x00007ff81d4f0000 	/usr/lib/system/libsystem_darwin.dylib
0x00007ff825c93000 	/usr/lib/system/libsystem_dnssd.dylib
0x00007ff81ad8e000 	/usr/lib/system/libsystem_featureflags.dylib
0x00007ff81aee3000 	/usr/lib/system/libsystem_info.dylib
0x00007ff825bd3000 	/usr/lib/system/libsystem_m.dylib
0x00007ff81acdd000 	/usr/lib/system/libsystem_malloc.dylib
0x00007ff81fde2000 	/usr/lib/system/libsystem_networkextension.dylib
0x00007ff81d916000 	/usr/lib/system/libsystem_notify.dylib
0x00007ff82befe000 	/usr/lib/system/libsystem_product_info_filter.dylib
0x00007ff824565000 	/usr/lib/system/libsystem_sandbox.dylib
0x00007ff825c8d000 	/usr/lib/system/libsystem_secinit.dylib
0x00007ff81ae89000 	/usr/lib/system/libsystem_kernel.dylib
0x00007ff81aed9000 	/usr/lib/system/libsystem_platform.dylib
0x00007ff81aec1000 	/usr/lib/system/libsystem_pthread.dylib
0x00007ff82168f000 	/usr/lib/system/libsystem_symptoms.dylib
0x00007ff81ac32000 	/usr/lib/system/libsystem_trace.dylib
0x00007ff825c63000 	/usr/lib/system/libunwind.dylib
0x00007ff81abf6000 	/usr/lib/system/libxpc.dylib
0x00007ff81ae73000 	/usr/lib/libc++abi.dylib
0x00007ff81ad50000 	/usr/lib/libobjc.A.dylib
0x00007ff825c6e000 	/usr/lib/liboah.dylib
0x00007ff81ae1a000 	/usr/lib/libc++.1.dylib
0x00007ff831cfb000 	/System/Library/Frameworks/Cocoa.framework/Versions/A/Cocoa
0x00007ff81d974000 	/System/Library/Frameworks/AppKit.framework/Versions/C/AppKit
0x00007ff820e7f000 	/System/Library/Frameworks/CoreData.framework/Versions/A/CoreData
0x00007ff81bd80000 	/System/Library/Frameworks/Foundation.framework/Versions/C/Foundation
0x00007ff81e802000 	/System/Library/PrivateFrameworks/UIFoundation.framework/Versions/A/UIFoundation
0x00007ff82bc01000 	/System/Library/PrivateFrameworks/RemoteViewServices.framework/Versions/A/RemoteViewServices
0x00007ff823eeb000 	/System/Library/PrivateFrameworks/XCTTargetBootstrap.framework/Versions/A/XCTTargetBootstrap
0x00007ff827aa7000 	/System/Library/PrivateFrameworks/InternationalSupport.framework/Versions/A/InternationalSupport
0x00007ff827b31000 	/System/Library/PrivateFrameworks/UserActivity.framework/Versions/A/UserActivity
0x00007ff826e87000 	/usr/lib/libspindump.dylib
0x00007ff81ea90000 	/System/Library/Frameworks/UniformTypeIdentifiers.framework/Versions/A/UniformTypeIdentifiers
0x00007ff822614000 	/usr/lib/libapp_launch_measurement.dylib
0x00007ff82184f000 	/System/Library/PrivateFrameworks/CoreAnalytics.framework/Versions/A/CoreAnalytics
0x00007ff822617000 	/System/Library/PrivateFrameworks/CoreAutoLayout.framework/Versions/A/CoreAutoLayout
0x00007ff823845000 	/System/Library/Frameworks/Metal.framework/Versions/A/Metal
0x00007ff824571000 	/usr/lib/liblangid.dylib
0x00007ff823ef0000 	/System/Library/PrivateFrameworks/CoreSVG.framework/Versions/A/CoreSVG
0x00007ff81fe77000 	/System/Library/PrivateFrameworks/SkyLight.framework/Versions/A/SkyLight
0x00007ff820215000 	/System/Library/Frameworks/CoreGraphics.framework/Versions/A/CoreGraphics
0x00007ff82c2c1000 	/System/Library/Frameworks/Accelerate.framework/Versions/A/Accelerate
0x00007ff826906000 	/System/Library/PrivateFrameworks/IconServices.framework/Versions/A/IconServices
0x00007ff82382a000 	/System/Library/Frameworks/IOSurface.framework/Versions/A/IOSurface
0x00007ff82187d000 	/usr/lib/libDiagnosticMessagesClient.dylib
0x00007ff82f9a4000 	/System/Library/Frameworks/ApplicationServices.framework/Versions/A/ApplicationServices
0x00007ff823ed7000 	/System/Library/PrivateFrameworks/DFRFoundation.framework/Versions/A/DFRFoundation
0x00007ff81d25c000 	/usr/lib/libicucore.A.dylib
0x00007ff82889c000 	/System/Library/Frameworks/AudioToolbox.framework/Versions/A/AudioToolbox
0x00007ff827ab3000 	/System/Library/PrivateFrameworks/DataDetectorsCore.framework/Versions/A/DataDetectorsCore
0x00007ff923a40000 	/System/Library/PrivateFrameworks/TextInput.framework/Versions/A/TextInput
0x00007ff81fdfa000 	/usr/lib/libMobileGestalt.dylib
0x00007ff823be3000 	/System/Library/Frameworks/Carbon.framework/Versions/A/Frameworks/HIToolbox.framework/Versions/A/HIToolbox
0x00007ff82201a000 	/System/Library/Frameworks/QuartzCore.framework/Versions/A/QuartzCore
0x00007ff81cf03000 	/System/Library/Frameworks/Security.framework/Versions/A/Security
0x00007ff82bc39000 	/System/Library/Frameworks/Carbon.framework/Versions/A/Frameworks/SpeechRecognition.framework/Versions/A/SpeechRecognition
0x00007ff822374000 	/System/Library/PrivateFrameworks/CoreUI.framework/Versions/A/CoreUI
0x00007ff81c7cf000 	/System/Library/Frameworks/CoreAudio.framework/Versions/A/CoreAudio
0x00007ff82196c000 	/System/Library/Frameworks/DiskArbitration.framework/Versions/A/DiskArbitration
0x00007ff827275000 	/System/Library/PrivateFrameworks/MultitouchSupport.framework/Versions/A/MultitouchSupport
0x00007ff81fdf9000 	/usr/lib/libenergytrace.dylib
0x00007ff81d860000 	/System/Library/Frameworks/IOKit.framework/Versions/A/IOKit
0x00007ff82c029000 	/System/Library/Frameworks/CoreServices.framework/Versions/A/CoreServices
0x00007ff8225ae000 	/System/Library/PrivateFrameworks/PerformanceAnalysis.framework/Versions/A/PerformanceAnalysis
0x00007ffa32f64000 	/System/Library/Frameworks/OpenGL.framework/Versions/A/OpenGL
0x00007ff8251da000 	/System/Library/PrivateFrameworks/MobileKeyBag.framework/Versions/A/MobileKeyBag
0x00007ff8208e0000 	/System/Library/Frameworks/ColorSync.framework/Versions/A/ColorSync
0x00007ff81af0e000 	/System/Library/Frameworks/CoreFoundation.framework/Versions/A/CoreFoundation
0x00007ff824167000 	/System/Library/Frameworks/CoreImage.framework/Versions/A/CoreImage
0x00007ff81c5e7000 	/System/Library/Frameworks/CoreText.framework/Versions/A/CoreText
0x00007ff823f20000 	/System/Library/Frameworks/ImageIO.framework/Versions/A/ImageIO
0x00007ff825ca6000 	/System/Library/PrivateFrameworks/SoftLinking.framework/Versions/A/SoftLinking
0x00007ff82265f000 	/usr/lib/libxml2.2.dylib
0x00007ff825f2a000 	/usr/lib/libcompression.dylib
0x00007ff8279da000 	/System/Library/PrivateFrameworks/TextureIO.framework/Versions/A/TextureIO
0x00007ff826618000 	/usr/lib/libate.dylib
0x00007ff8263f4000 	/usr/lib/liblzma.5.dylib
0x00007ff81ba93000 	/System/Library/Frameworks/SystemConfiguration.framework/Versions/A/SystemConfiguration
0x00007ff825ca2000 	/usr/lib/libfakelink.dylib
0x00007ff81f953000 	/System/Library/Frameworks/CFNetwork.framework/Versions/A/CFNetwork
0x00007ff825de3000 	/usr/lib/libarchive.2.dylib
0x00007ff82456d000 	/System/Library/PrivateFrameworks/AppleSystemInfo.framework/Versions/A/AppleSystemInfo
0x00007ff8252db000 	/usr/lib/libbsm.0.dylib
0x00007ff81ef66000 	/usr/lib/libnetwork.dylib
0x00007ff825c3b000 	/usr/lib/system/libkxld.dylib
0x00007ff824f07000 	/System/Library/PrivateFrameworks/IOMobileFramebuffer.framework/Versions/A/IOMobileFramebuffer
0x00007ffb3246b000 	/usr/lib/libCoreEntitlements.dylib
0x00007ff825950000 	/System/Library/PrivateFrameworks/AppleFSCompression.framework/Versions/A/AppleFSCompression
0x00007ff8252c3000 	/usr/lib/libcoretls.dylib
0x00007ff82640e000 	/usr/lib/libcoretls_cfhelpers.dylib
0x00007ff825f25000 	/usr/lib/libpam.2.dylib
0x00007ff8212af000 	/usr/lib/libsqlite3.dylib
0x00007ff82647d000 	/usr/lib/libxar.1.dylib
0x00007ff825960000 	/usr/lib/libbz2.1.0.dylib
0x00007ff825ca7000 	/usr/lib/libpcap.A.dylib
0x00007ff821687000 	/usr/lib/libdns_services.dylib
0x00007ff825ef5000 	/usr/lib/libapple_nghttp2.dylib
0x00007ff825ce1000 	/usr/lib/libiconv.2.dylib
0x00007ff825c34000 	/usr/lib/libcharset.1.dylib
0x00007ff8225e2000 	/System/Library/Frameworks/CoreServices.framework/Versions/A/Frameworks/FSEvents.framework/Versions/A/FSEvents
0x00007ff81d4fa000 	/System/Library/Frameworks/CoreServices.framework/Versions/A/Frameworks/CarbonCore.framework/Versions/A/CarbonCore
0x00007ff8218d0000 	/System/Library/Frameworks/CoreServices.framework/Versions/A/Frameworks/Metadata.framework/Versions/A/Metadata
0x00007ff825973000 	/System/Library/Frameworks/CoreServices.framework/Versions/A/Frameworks/OSServices.framework/Versions/A/OSServices
0x00007ff825e6a000 	/System/Library/Frameworks/CoreServices.framework/Versions/A/Frameworks/SearchKit.framework/Versions/A/SearchKit
0x00007ff82161a000 	/System/Library/Frameworks/CoreServices.framework/Versions/A/Frameworks/AE.framework/Versions/A/AE
0x00007ff81b410000 	/System/Library/Frameworks/CoreServices.framework/Versions/A/Frameworks/LaunchServices.framework/Versions/A/LaunchServices
0x00007ff8263a5000 	/System/Library/Frameworks/CoreServices.framework/Versions/A/Frameworks/DictionaryServices.framework/Versions/A/DictionaryServices
0x00007ff8225ef000 	/System/Library/Frameworks/CoreServices.framework/Versions/A/Frameworks/SharedFileList.framework/Versions/A/SharedFileList
0x00007ff8252b7000 	/usr/lib/libCheckFix.dylib
0x00007ff81fe5e000 	/System/Library/PrivateFrameworks/TCC.framework/Versions/A/TCC
0x00007ff824573000 	/System/Library/PrivateFrameworks/CoreNLP.framework/Versions/A/CoreNLP
0x00007ff821880000 	/System/Library/PrivateFrameworks/MetadataUtilities.framework/Versions/A/MetadataUtilities
0x00007ff81bb43000 	/usr/lib/libmecabra.dylib
0x00007ff8252eb000 	/usr/lib/libmecab.dylib
0x00007ff81bb0e000 	/usr/lib/libCRFSuite.dylib
0x00007ff825345000 	/usr/lib/libgermantok.dylib
0x00007ff825ed0000 	/usr/lib/libThaiTokenizer.dylib
0x00007ff821973000 	/System/Library/Frameworks/Accelerate.framework/Versions/A/Frameworks/vImage.framework/Versions/A/vImage
0x00007ff82c000000 	/System/Library/Frameworks/Accelerate.framework/Versions/A/Frameworks/vecLib.framework/Versions/A/vecLib
0x00007ff8264be000 	/System/Library/Frameworks/Accelerate.framework/Versions/A/Frameworks/vecLib.framework/Versions/A/libvMisc.dylib
0x00007ff824d32000 	/System/Library/Frameworks/Accelerate.framework/Versions/A/Frameworks/vecLib.framework/Versions/A/libvDSP.dylib
0x00007ff81b78a000 	/System/Library/Frameworks/Accelerate.framework/Versions/A/Frameworks/vecLib.framework/Versions/A/libBLAS.dylib
0x00007ff826007000 	/System/Library/Frameworks/Accelerate.framework/Versions/A/Frameworks/vecLib.framework/Versions/A/libLAPACK.dylib
0x00007ff825348000 	/System/Library/Frameworks/Accelerate.framework/Versions/A/Frameworks/vecLib.framework/Versions/A/libLinearAlgebra.dylib
0x00007ff825f0d000 	/System/Library/Frameworks/Accelerate.framework/Versions/A/Frameworks/vecLib.framework/Versions/A/libSparseBLAS.dylib
0x00007ff826001000 	/System/Library/Frameworks/Accelerate.framework/Versions/A/Frameworks/vecLib.framework/Versions/A/libQuadrature.dylib
0x00007ff82465e000 	/System/Library/Frameworks/Accelerate.framework/Versions/A/Frameworks/vecLib.framework/Versions/A/libBNNS.dylib
0x00007ff81ba24000 	/System/Library/Frameworks/Accelerate.framework/Versions/A/Frameworks/vecLib.framework/Versions/A/libSparse.dylib
0x00007ff824657000 	/System/Library/PrivateFrameworks/LinguisticData.framework/Versions/A/LinguisticData
0x00007ff81b9da000 	/System/Library/PrivateFrameworks/Lexicon.framework/Versions/A/Lexicon
0x00007ff8264b7000 	/usr/lib/libChineseTokenizer.dylib
0x00007ff81c13c000 	/System/Library/PrivateFrameworks/LanguageModeling.framework/Versions/A/LanguageModeling
0x00007ff825ed2000 	/System/Library/PrivateFrameworks/AppleSauce.framework/Versions/A/AppleSauce
0x00007ff824ef5000 	/System/Library/PrivateFrameworks/CoreEmoji.framework/Versions/A/CoreEmoji
0x00007ff825dd2000 	/usr/lib/libcmph.dylib
0x00007ff8225c6000 	/System/Library/Frameworks/OpenDirectory.framework/Versions/A/Frameworks/CFOpenDirectory.framework/Versions/A/CFOpenDirectory
0x00007ff8225ba000 	/System/Library/Frameworks/OpenDirectory.framework/Versions/A/OpenDirectory
0x00007ff826410000 	/System/Library/PrivateFrameworks/APFS.framework/Versions/A/APFS
0x00007ff825212000 	/System/Library/Frameworks/SecurityFoundation.framework/Versions/A/SecurityFoundation
0x00007ff82648b000 	/usr/lib/libutil.dylib
0x00007ff81d824000 	/System/Library/PrivateFrameworks/CoreServicesStore.framework/Versions/A/CoreServicesStore
0x00007ff82648f000 	/usr/lib/libxslt.1.dylib
0x00007ff82529f000 	/System/Library/PrivateFrameworks/BackgroundTaskManagement.framework/Versions/A/BackgroundTaskManagement
0x00007ff8278fa000 	/System/Library/Frameworks/ImageIO.framework/Versions/A/Resources/libRadiance.dylib
0x00007ff827903000 	/System/Library/Frameworks/ImageIO.framework/Versions/A/Resources/libJPEG.dylib
0x00007ff827854000 	/System/Library/Frameworks/ImageIO.framework/Versions/A/Resources/libPng.dylib
0x00007ff827875000 	/System/Library/Frameworks/ImageIO.framework/Versions/A/Resources/libTIFF.dylib
0x00007ff827963000 	/System/Library/Frameworks/ImageIO.framework/Versions/A/Resources/libGIF.dylib
0x00007ff82718f000 	/System/Library/Frameworks/ImageIO.framework/Versions/A/Resources/libJP2.dylib
0x00007ff8268cd000 	/usr/lib/libexpat.1.dylib
0x00007ff827144000 	/System/Library/PrivateFrameworks/AppleJPEG.framework/Versions/A/AppleJPEG
0x00007ff823aa7000 	/System/Library/PrivateFrameworks/FontServices.framework/libFontParser.dylib
0x00007ff8215c4000 	/System/Library/PrivateFrameworks/RunningBoardServices.framework/Versions/A/RunningBoardServices
0x00007ff8322b3000 	/System/Library/PrivateFrameworks/IOSurfaceAccelerator.framework/Versions/A/IOSurfaceAccelerator
0x00007ff827271000 	/System/Library/PrivateFrameworks/WatchdogClient.framework/Versions/A/WatchdogClient
0x00007ff81c22a000 	/System/Library/Frameworks/CoreDisplay.framework/Versions/A/CoreDisplay
0x00007ff8239a5000 	/System/Library/Frameworks/CoreMedia.framework/Versions/A/CoreMedia
0x00007ff82383c000 	/System/Library/PrivateFrameworks/IOAccelerator.framework/Versions/A/IOAccelerator
0x00007ff822743000 	/System/Library/Frameworks/CoreVideo.framework/Versions/A/CoreVideo
0x00007ff825f23000 	/System/Library/Frameworks/MetalPerformanceShaders.framework/Versions/A/MetalPerformanceShaders
0x00007ff8272ae000 	/System/Library/Frameworks/VideoToolbox.framework/Versions/A/VideoToolbox
0x00007ff82150e000 	/System/Library/PrivateFrameworks/BaseBoard.framework/Versions/A/BaseBoard
0x00007ff821295000 	/System/Library/PrivateFrameworks/ProtocolBuffer.framework/Versions/A/ProtocolBuffer
0x00007ff8278f3000 	/System/Library/PrivateFrameworks/GPUWrangler.framework/Versions/A/GPUWrangler
0x00007ff8278d7000 	/System/Library/PrivateFrameworks/IOPresentment.framework/Versions/A/IOPresentment
0x00007ff8278fd000 	/System/Library/PrivateFrameworks/DSExternalDisplay.framework/Versions/A/DSExternalDisplay
0x00007ffa32f58000 	/System/Library/Frameworks/OpenGL.framework/Versions/A/Libraries/libCoreFSCache.dylib
0x00007ffb1fc14000 	/System/Library/PrivateFrameworks/GPUCompiler.framework/Versions/31001/Libraries/libGPUCompilerUtils.dylib
0x00007ff827968000 	/System/Library/PrivateFrameworks/CMCaptureCore.framework/Versions/A/CMCaptureCore
0x00007ff826e75000 	/System/Library/PrivateFrameworks/AppServerSupport.framework/Versions/A/AppServerSupport
0x00007ff829134000 	/System/Library/PrivateFrameworks/perfdata.framework/Versions/A/perfdata
0x00007ff81c356000 	/System/Library/PrivateFrameworks/AudioToolboxCore.framework/Versions/A/AudioToolboxCore
0x00007ff823983000 	/System/Library/PrivateFrameworks/caulk.framework/Versions/A/caulk
0x00007ff828a46000 	/usr/lib/libAudioStatistics.dylib
0x00007ff9201ee000 	/System/Library/PrivateFrameworks/SystemPolicy.framework/Versions/A/SystemPolicy
0x00007ff828ca1000 	/usr/lib/libSMC.dylib
0x00007ff831bae000 	/System/Library/Frameworks/CoreMIDI.framework/Versions/A/CoreMIDI
0x00007ff827823000 	/usr/lib/libAudioToolboxUtility.dylib
0x00007ff91c491000 	/System/Library/PrivateFrameworks/OSAServicesClient.framework/Versions/A/OSAServicesClient
0x00007ff829141000 	/usr/lib/libperfcheck.dylib
0x00007ff920c98000 	/usr/lib/libmis.dylib
0x00007ffa32fb3000 	/System/Library/Frameworks/OpenGL.framework/Versions/A/Libraries/libGLU.dylib
0x00007ffa32f77000 	/System/Library/Frameworks/OpenGL.framework/Versions/A/Libraries/libGFXShared.dylib
0x00007ffa33180000 	/System/Library/Frameworks/OpenGL.framework/Versions/A/Libraries/libGL.dylib
0x00007ffa32f80000 	/System/Library/Frameworks/OpenGL.framework/Versions/A/Libraries/libGLImage.dylib
0x00007ffa32f74000 	/System/Library/Frameworks/OpenGL.framework/Versions/A/Libraries/libCVMSPluginSupport.dylib
0x00007ffa32f5f000 	/System/Library/Frameworks/OpenGL.framework/Versions/A/Libraries/libCoreVMClient.dylib
0x00007ff8244ef000 	/System/Library/Frameworks/MetalPerformanceShaders.framework/Versions/A/Frameworks/MPSCore.framework/Versions/A/MPSCore
0x00007ff8258bb000 	/System/Library/Frameworks/MetalPerformanceShaders.framework/Versions/A/Frameworks/MPSImage.framework/Versions/A/MPSImage
0x00007ff82535e000 	/System/Library/Frameworks/MetalPerformanceShaders.framework/Versions/A/Frameworks/MPSNeuralNetwork.framework/Versions/A/MPSNeuralNetwork
0x00007ff8257d2000 	/System/Library/Frameworks/MetalPerformanceShaders.framework/Versions/A/Frameworks/MPSMatrix.framework/Versions/A/MPSMatrix
0x00007ff82558d000 	/System/Library/Frameworks/MetalPerformanceShaders.framework/Versions/A/Frameworks/MPSRayIntersector.framework/Versions/A/MPSRayIntersector
0x00007ff82580a000 	/System/Library/Frameworks/MetalPerformanceShaders.framework/Versions/A/Frameworks/MPSNDArray.framework/Versions/A/MPSNDArray
0x00007ffa37ee0000 	/System/Library/Frameworks/MetalPerformanceShaders.framework/Versions/A/Frameworks/MPSFunctions.framework/Versions/A/MPSFunctions
0x00007ff81b667000 	/System/Library/PrivateFrameworks/MetalTools.framework/Versions/A/MetalTools
0x00007ff82456b000 	/System/Library/PrivateFrameworks/AggregateDictionary.framework/Versions/A/AggregateDictionary
0x00007ff8266af000 	/usr/lib/libIOReport.dylib
0x00007ffa3458f000 	/System/Library/Frameworks/OpenCL.framework/Versions/A/OpenCL
0x00007ff826a13000 	/System/Library/PrivateFrameworks/FaceCore.framework/Versions/A/FaceCore
0x00007ff826a04000 	/System/Library/PrivateFrameworks/GraphVisualizer.framework/Versions/A/GraphVisualizer
0x00007ffb1fb1f000 	/System/Library/PrivateFrameworks/FontServices.framework/Versions/A/FontServices
0x00007ff826e2d000 	/System/Library/PrivateFrameworks/OTSVG.framework/Versions/A/OTSVG
0x00007ff82232a000 	/System/Library/Frameworks/ApplicationServices.framework/Versions/A/Frameworks/ATS.framework/Versions/A/Resources/libFontRegistry.dylib
0x00007ff826e7d000 	/System/Library/PrivateFrameworks/FontServices.framework/libhvf.dylib
0x00007ffb1fb20000 	/System/Library/PrivateFrameworks/FontServices.framework/libXTFontStaticRegistryData.dylib
0x00007ff82687d000 	/System/Library/PrivateFrameworks/AppleVA.framework/Versions/A/AppleVA
0x00007ff828a66000 	/System/Library/Frameworks/ApplicationServices.framework/Versions/A/Frameworks/ATS.framework/Versions/A/ATS
0x00007ff8209dc000 	/System/Library/Frameworks/ApplicationServices.framework/Versions/A/Frameworks/HIServices.framework/Versions/A/HIServices
0x00007ff827972000 	/System/Library/Frameworks/ApplicationServices.framework/Versions/A/Frameworks/PrintCore.framework/Versions/A/PrintCore
0x00007ff828df4000 	/System/Library/Frameworks/ApplicationServices.framework/Versions/A/Frameworks/QD.framework/Versions/A/QD
0x00007ff828dec000 	/System/Library/Frameworks/ApplicationServices.framework/Versions/A/Frameworks/ColorSyncLegacy.framework/Versions/A/ColorSyncLegacy
0x00007ff828a56000 	/System/Library/Frameworks/ApplicationServices.framework/Versions/A/Frameworks/SpeechSynthesis.framework/Versions/A/SpeechSynthesis
0x00007ff827933000 	/System/Library/Frameworks/ApplicationServices.framework/Versions/A/Frameworks/ATSUI.framework/Versions/A/ATSUI
0x00007ff828d81000 	/usr/lib/libcups.2.dylib
0x00007ff829150000 	/System/Library/Frameworks/Kerberos.framework/Versions/A/Kerberos
0x00007ff82915f000 	/System/Library/Frameworks/GSS.framework/Versions/A/GSS
0x00007ff828ad2000 	/usr/lib/libresolv.9.dylib
0x00007ff826e8c000 	/System/Library/PrivateFrameworks/Heimdal.framework/Versions/A/Heimdal
0x00007ff82fd2c000 	/System/Library/Frameworks/Kerberos.framework/Versions/A/Libraries/libHeimdalProxy.dylib
0x00007ff821697000 	/System/Library/Frameworks/Network.framework/Versions/A/Network
0x00007ff8268e7000 	/usr/lib/libheimdal-asn1.dylib
0x00007ff8291aa000 	/System/Library/PrivateFrameworks/CommonAuth.framework/Versions/A/CommonAuth
0x00007ff8289d8000 	/System/Library/PrivateFrameworks/AudioSession.framework/Versions/A/AudioSession
0x00007ff826977000 	/System/Library/PrivateFrameworks/MediaExperience.framework/Versions/A/MediaExperience
0x00007ff82886b000 	/System/Library/PrivateFrameworks/AudioSession.framework/libSessionUtility.dylib
0x00007ff828e00000 	/System/Library/PrivateFrameworks/AudioResourceArbitration.framework/Versions/A/AudioResourceArbitration
0x00007ff82ce73000 	/System/Library/PrivateFrameworks/PowerLog.framework/Versions/A/PowerLog
0x00007ff8268f0000 	/System/Library/PrivateFrameworks/IconFoundation.framework/Versions/A/IconFoundation
0x00007ff82bc29000 	/System/Library/PrivateFrameworks/SpeechRecognitionCore.framework/Versions/A/SpeechRecognitionCore
0x000000010c04b000 	/Users/merdanusta/Library/Java/JavaVirtualMachines/corretto-15.0.2/Contents/Home/lib/server/libjvm.dylib
0x000000010b050000 	/Users/merdanusta/Library/Java/JavaVirtualMachines/corretto-15.0.2/Contents/Home/lib/libjimage.dylib
0x000000010b073000 	/Users/merdanusta/Library/Java/JavaVirtualMachines/corretto-15.0.2/Contents/Home/lib/libinstrument.dylib
0x000000010b0b5000 	/Users/merdanusta/Library/Java/JavaVirtualMachines/corretto-15.0.2/Contents/Home/lib/libjava.dylib
0x000000010bf80000 	/Users/merdanusta/Library/Java/JavaVirtualMachines/corretto-15.0.2/Contents/Home/lib/libzip.dylib
0x000000010bf94000 	/Users/merdanusta/Library/Java/JavaVirtualMachines/corretto-15.0.2/Contents/Home/lib/libnio.dylib
0x000000010bfac000 	/Users/merdanusta/Library/Java/JavaVirtualMachines/corretto-15.0.2/Contents/Home/lib/libnet.dylib
0x000000010b0a1000 	/Users/merdanusta/Library/Java/JavaVirtualMachines/corretto-15.0.2/Contents/Home/lib/libextnet.dylib
0x000000010bfcc000 	/Users/merdanusta/.openjfx/cache/15/libprism_es2.dylib
0x00007ff81d7e6000 	/System/Library/PrivateFrameworks/CoreServicesInternal.framework/Versions/A/CoreServicesInternal
0x00007ffa3318b000 	/System/Library/Frameworks/OpenGL.framework/Versions/A/Resources/GLEngine.bundle/GLEngine
0x00007ffa32ff1000 	/System/Library/Frameworks/OpenGL.framework/Versions/A/Libraries/libGLProgrammability.dylib
0x00007ffa2800c000 	/System/Library/Extensions/AppleIntelKBLGraphicsGLDriver.bundle/Contents/MacOS/AppleIntelKBLGraphicsGLDriver
0x00007ff92add2000 	/System/Library/PrivateFrameworks/GPUSupport.framework/Versions/A/Libraries/libGPUSupportMercury.dylib
0x00007ffa33315000 	/System/Library/Frameworks/OpenGL.framework/Versions/A/Resources/GLRendererFloat.bundle/GLRendererFloat
0x000000012d5ac000 	/Users/merdanusta/.openjfx/cache/15/libglass.dylib
0x00007ff82d464000 	/System/Library/Frameworks/FileProvider.framework/Versions/A/FileProvider
0x00007ff82147b000 	/System/Library/Frameworks/Accounts.framework/Versions/A/Accounts
0x00007ff82d5dd000 	/System/Library/PrivateFrameworks/GenerationalStorage.framework/Versions/A/GenerationalStorage
0x00007ff82e0f0000 	/System/Library/PrivateFrameworks/CoreSymbolication.framework/Versions/A/CoreSymbolication
0x00007ff82ce68000 	/System/Library/PrivateFrameworks/SymptomDiagnosticReporter.framework/Versions/A/SymptomDiagnosticReporter
0x00007ff81eaa4000 	/System/Library/PrivateFrameworks/DesktopServicesPriv.framework/Versions/A/DesktopServicesPriv
0x00007ff81d925000 	/usr/lib/libsandbox.1.dylib
0x00007ff8227c2000 	/System/Library/PrivateFrameworks/UserManagement.framework/Versions/A/UserManagement
0x00007ff82e0b5000 	/System/Library/PrivateFrameworks/DebugSymbols.framework/Versions/A/DebugSymbols
0x00007ff828de1000 	/System/Library/PrivateFrameworks/NetAuth.framework/Versions/A/NetAuth
0x00007ff829cee000 	/System/Library/PrivateFrameworks/Sharing.framework/Versions/A/Sharing
0x00007ff822795000 	/System/Library/PrivateFrameworks/login.framework/Versions/A/Frameworks/loginsupport.framework/Versions/A/loginsupport
0x00007ff82f253000 	/System/Library/PrivateFrameworks/Apple80211.framework/Versions/A/Apple80211
0x00007ff8259a0000 	/System/Library/PrivateFrameworks/AuthKit.framework/Versions/A/AuthKit
0x00007ff824feb000 	/System/Library/PrivateFrameworks/CoreUtils.framework/Versions/A/CoreUtils
0x00007ff824f12000 	/System/Library/Frameworks/CoreWLAN.framework/Versions/A/CoreWLAN
0x00007ff829e4d000 	/System/Library/Frameworks/IOBluetooth.framework/Versions/A/IOBluetooth
0x00007ff82f2bb000 	/System/Library/PrivateFrameworks/CoreWiFi.framework/Versions/A/CoreWiFi
0x00007ff82dc87000 	/System/Library/PrivateFrameworks/FrontBoardServices.framework/Versions/A/FrontBoardServices
0x00007ff82dd18000 	/System/Library/PrivateFrameworks/BoardServices.framework/Versions/A/BoardServices
0x00007ff825201000 	/System/Library/PrivateFrameworks/AssertionServices.framework/Versions/A/AssertionServices
0x00007ff82f43e000 	/System/Library/PrivateFrameworks/BackBoardServices.framework/Versions/A/BackBoardServices
0x00007ff82923b000 	/System/Library/PrivateFrameworks/CorePhoneNumbers.framework/Versions/A/CorePhoneNumbers
0x00007ff82cf85000 	/System/Library/PrivateFrameworks/DiskManagement.framework/Versions/A/DiskManagement
0x00007ff82ce99000 	/System/Library/PrivateFrameworks/AppleIDAuthSupport.framework/Versions/A/AppleIDAuthSupport
0x00007ffa3a4a1000 	/System/Library/PrivateFrameworks/AAAFoundation.framework/Versions/A/AAAFoundation
0x00007ff82921c000 	/System/Library/PrivateFrameworks/KeychainCircle.framework/Versions/A/KeychainCircle
0x00007ff82cf51000 	/System/Library/PrivateFrameworks/MediaKit.framework/Versions/A/MediaKit
0x00007ff82cea5000 	/System/Library/Frameworks/DiscRecording.framework/Versions/A/DiscRecording
0x00007ff8267f5000 	/usr/lib/libCoreStorage.dylib
0x00007ff82f72c000 	/usr/lib/libcsfde.dylib
0x00007ff829f1a000 	/System/Library/PrivateFrameworks/ProtectedCloudStorage.framework/Versions/A/ProtectedCloudStorage
0x00007ff82f728000 	/System/Library/PrivateFrameworks/EFILogin.framework/Versions/A/EFILogin
0x00007ff82d603000 	/System/Library/PrivateFrameworks/OctagonTrust.framework/Versions/A/OctagonTrust
0x00007ffb1ed8e000 	/System/Library/PrivateFrameworks/CoreUtilsExtras.framework/Versions/A/CoreUtilsExtras
0x00007ff82cdcc000 	/System/Library/Frameworks/CoreBluetooth.framework/Versions/A/CoreBluetooth
0x00007ff82fdb1000 	/System/Library/Frameworks/AudioUnit.framework/Versions/A/AudioUnit
0x00007ff8267ed000 	/usr/lib/libMatch.1.dylib
0x00007ff925271000 	/System/Library/Frameworks/Accelerate.framework/Versions/A/Frameworks/vImage.framework/Versions/A/Libraries/libCGInterfaces.dylib
0x000000012e81e000 	/usr/lib/libobjc-trampolines.dylib
0x00007ff8224ba000 	/System/Library/PrivateFrameworks/ViewBridge.framework/Versions/A/ViewBridge
0x00007ff826f43000 	/System/Library/PrivateFrameworks/login.framework/Versions/A/login
0x00007ffb3257a000 	/usr/lib/libRosetta.dylib
0x00007ff8266b8000 	/System/Library/PrivateFrameworks/CrashReporterSupport.framework/Versions/A/CrashReporterSupport
0x00007ff92cc53000 	/System/Library/PrivateFrameworks/OSAnalytics.framework/Versions/A/OSAnalytics
0x00007ff937da6000 	/System/Library/PrivateFrameworks/Symbolication.framework/Versions/A/Symbolication
0x00007ff920c75000 	/System/Library/PrivateFrameworks/MallocStackLogging.framework/Versions/A/MallocStackLogging
0x00000001317bb000 	/Users/merdanusta/.openjfx/cache/15/libjavafx_font.dylib
0x000000013bec7000 	/System/Library/Frameworks/FileProvider.framework/OverrideBundles/CloudDocsFileProvider.bundle/Contents/MacOS/CloudDocsFileProvider
0x00007ff8229d8000 	/System/Library/PrivateFrameworks/CloudDocs.framework/Versions/A/CloudDocs
0x00007ff82fa51000 	/System/Library/PrivateFrameworks/AppleAccount.framework/Versions/A/AppleAccount
0x00007ff829f01000 	/System/Library/PrivateFrameworks/AppContainer.framework/Versions/A/AppContainer
0x00007ff8299bf000 	/System/Library/PrivateFrameworks/IDS.framework/Versions/A/IDS
0x00007ff82fba8000 	/System/Library/PrivateFrameworks/AppleIDSSOAuthentication.framework/Versions/A/AppleIDSSOAuthentication
0x00007ff822798000 	/System/Library/PrivateFrameworks/ApplePushService.framework/Versions/A/ApplePushService
0x00007ff82f7ae000 	/System/Library/PrivateFrameworks/AppSupport.framework/Versions/A/AppSupport
0x00007ff8287d0000 	/System/Library/PrivateFrameworks/IMFoundation.framework/Versions/A/IMFoundation
0x00007ff91bcd5000 	/System/Library/PrivateFrameworks/Marco.framework/Versions/A/Marco
0x00007ff829b33000 	/System/Library/PrivateFrameworks/IDSFoundation.framework/Versions/A/IDSFoundation
0x00007ff8214f6000 	/System/Library/PrivateFrameworks/CommonUtilities.framework/Versions/A/CommonUtilities
0x00007ff9208a8000 	/System/Library/PrivateFrameworks/FTServices.framework/Versions/A/FTServices
0x00007ff8335ff000 	/System/Library/PrivateFrameworks/Engram.framework/Versions/A/Engram
0x00007ff8335a6000 	/usr/lib/libtidy.A.dylib
0x00007ff8270f0000 	/System/Library/PrivateFrameworks/Bom.framework/Versions/A/Bom
0x00007ff828b0f000 	/usr/lib/libParallelCompression.dylib
0x00007ff92ab9b000 	/System/Library/PrivateFrameworks/FTAWD.framework/Versions/A/FTAWD
0x00007ff82c339000 	/System/Library/PrivateFrameworks/CoreDaemon.framework/Versions/B/CoreDaemon
0x00007ff82c334000 	/System/Library/PrivateFrameworks/AppleSRP.framework/Versions/A/AppleSRP
0x00007ff8252a9000 	/System/Library/Frameworks/ServiceManagement.framework/Versions/A/ServiceManagement
0x00007ff829f16000 	/System/Library/PrivateFrameworks/SecCodeWrapper.framework/Versions/A/SecCodeWrapper
0x000000013be95000 	/System/Library/Frameworks/FileProvider.framework/OverrideBundles/FileProviderOverride.bundle/Contents/MacOS/FileProviderOverride
0x000000013bf60000 	/System/Library/Frameworks/FileProvider.framework/OverrideBundles/FinderSyncCollaborationFileProviderOverride.bundle/Contents/MacOS/FinderSyncCollaborationFileProviderOverride
0x00007ff931310000 	/System/Library/PrivateFrameworks/FinderSyncPriv.framework/Versions/A/FinderSyncPriv
0x00007ff91ebc7000 	/usr/lib/libFosl_dynamic.dylib
0x00007ff924a44000 	/usr/lib/libncurses.5.4.dylib
0x00007ffa26190000 	/System/Library/Extensions/AppleIntelKBLGraphicsMTLDriver.bundle/Contents/MacOS/AppleIntelKBLGraphicsMTLDriver
0x00007ff920cb3000 	/System/Library/PrivateFrameworks/GPURawCounter.framework/Versions/A/GPURawCounter
0x00007ff82c345000 	/System/Library/PrivateFrameworks/SystemAdministration.framework/Versions/A/SystemAdministration
0x00007ff827b9c000 	/System/Library/Frameworks/MediaToolbox.framework/Versions/A/MediaToolbox
0x00007ff82bbf5000 	/System/Library/Frameworks/DirectoryService.framework/Versions/A/DirectoryService
0x00007ff82f5ca000 	/System/Library/PrivateFrameworks/DiskImages.framework/Versions/A/DiskImages
0x00007ff82f7a6000 	/System/Library/PrivateFrameworks/LoginUIKit.framework/Versions/A/Frameworks/LoginUICore.framework/Versions/A/LoginUICore
0x00007ff8270ec000 	/usr/lib/libodfde.dylib
0x00007ff82d434000 	/System/Library/PrivateFrameworks/CoreAVCHD.framework/Versions/A/CoreAVCHD
0x00007ff82c309000 	/System/Library/Frameworks/MediaAccessibility.framework/Versions/A/MediaAccessibility
0x00007ff82d430000 	/System/Library/PrivateFrameworks/Mangrove.framework/Versions/A/Mangrove
0x00007ff82c314000 	/System/Library/PrivateFrameworks/AlgosScoreFramework.framework/Versions/A/AlgosScoreFramework
0x00007ffb1c088000 	/System/Library/PrivateFrameworks/CMPhoto.framework/Versions/A/CMPhoto
0x00007ff82df8b000 	/System/Library/PrivateFrameworks/AppleVPA.framework/Versions/A/AppleVPA
0x00007ff82d075000 	/System/Library/PrivateFrameworks/CoreAUC.framework/Versions/A/CoreAUC
0x00007ff82f738000 	/usr/lib/libcurl.4.dylib
0x00007ffb329e6000 	/usr/lib/libcrypto.46.dylib
0x00007ffb32ed7000 	/usr/lib/libssl.48.dylib
0x00007ff82f45c000 	/System/Library/Frameworks/LDAP.framework/Versions/A/LDAP
0x00007ff82f494000 	/System/Library/PrivateFrameworks/TrustEvaluationAgent.framework/Versions/A/TrustEvaluationAgent
0x00007ff828aeb000 	/usr/lib/libsasl2.2.dylib


VM Arguments:
jvm_args: -javaagent:/Applications/IntelliJ IDEA CE.app/Contents/lib/idea_rt.jar=49202:/Applications/IntelliJ IDEA CE.app/Contents/bin -Dfile.encoding=UTF-8 
java_command: Game
java_class_path (initial): /Users/merdanusta/IdeaProjects/IPOSE-Maven/target/classes:/Users/merdanusta/.m2/repository/com/github/almasb/fxgl/11.14/fxgl-11.14.jar:/Users/merdanusta/.m2/repository/org/openjfx/javafx-swing/15/javafx-swing-15.jar:/Users/merdanusta/.m2/repository/org/openjfx/javafx-swing/15/javafx-swing-15-mac.jar:/Users/merdanusta/.m2/repository/org/openjfx/javafx-graphics/15/javafx-graphics-15.jar:/Users/merdanusta/.m2/repository/org/openjfx/javafx-graphics/15/javafx-graphics-15-mac.jar:/Users/merdanusta/.m2/repository/org/openjfx/javafx-base/15/javafx-base-15.jar:/Users/merdanusta/.m2/repository/org/openjfx/javafx-base/15/javafx-base-15-mac.jar:/Users/merdanusta/.m2/repository/org/openjfx/javafx-fxml/15/javafx-fxml-15.jar:/Users/merdanusta/.m2/repository/org/openjfx/javafx-fxml/15/javafx-fxml-15-mac.jar:/Users/merdanusta/.m2/repository/org/openjfx/javafx-controls/15/javafx-controls-15.jar:/Users/merdanusta/.m2/repository/org/openjfx/javafx-controls/15/javafx-controls-15-mac.jar:/Users/merdanusta/.m2/repository/com/github/almasb/fxgl-core/11.14/fxgl-core-11.14.jar:/Users/merdanusta/.m2/repository/com/github/almasb/fxgl-logging/11.14/fxgl-logging-11.14.jar:/Users/merdanusta/.m2/repository/com/github/almasb/fxgl-io/11.14/fxgl-io-11.14.jar:/Users/merdanusta/.m2/repository/com/gluonhq/attach/storage/4.0.9/storage-4.0.9.jar:/Users/merdanusta/.m2/repository/com/gluonhq/attach/util/4.0.9/util-4.0.9.jar:/Users/merdanusta/.m2/repository/com/github/almasb/fxgl-profiles/11.14/fxgl-profiles-11.14.jar:/Users/merdanusta/.m2/repository/com/github/almasb/fxgl-ui/11.14/fxgl-ui-11.14.jar:/Users/merdanusta/.m2/repository/com/github/almasb/fxgl-net/11.14/fxgl-net-11.14.jar:/Users/merdanusta/.m2/repository/com/github/almasb/fxgl-effects/11.14/fxgl-effects-11.14.jar:/Users/merdanusta/.m2/repository/com/github/almasb/fxgl-animation/11.14/fxgl-animation-11.14.jar:/Users/merdanusta/.m2/repository/com/github/almasb/fxgl-entity/11.14/fxgl-entity-11.14.jar:/Users/merdanusta/.m2
Launcher Type: SUN_STANDARD

[Global flags]
     intx CICompilerCount                          = 4                                         {product} {ergonomic}
     uint ConcGCThreads                            = 2                                         {product} {ergonomic}
     uint G1ConcRefinementThreads                  = 8                                         {product} {ergonomic}
   size_t G1HeapRegionSize                         = 1048576                                   {product} {ergonomic}
    uintx GCDrainStackTargetSize                   = 64                                        {product} {ergonomic}
   size_t InitialHeapSize                          = 134217728                                 {product} {ergonomic}
   size_t MarkStackSize                            = 4194304                                   {product} {ergonomic}
   size_t MaxHeapSize                              = 2147483648                                {product} {ergonomic}
   size_t MaxNewSize                               = 1287651328                                {product} {ergonomic}
   size_t MinHeapDeltaBytes                        = 1048576                                   {product} {ergonomic}
   size_t MinHeapSize                              = 8388608                                   {product} {ergonomic}
    uintx NonNMethodCodeHeapSize                   = 5839372                                {pd product} {ergonomic}
    uintx NonProfiledCodeHeapSize                  = 122909434                              {pd product} {ergonomic}
    uintx ProfiledCodeHeapSize                     = 122909434                              {pd product} {ergonomic}
    uintx ReservedCodeCacheSize                    = 251658240                              {pd product} {ergonomic}
     bool SegmentedCodeCache                       = true                                      {product} {ergonomic}
   size_t SoftMaxHeapSize                          = 2147483648                             {manageable} {ergonomic}
     bool UseCompressedClassPointers               = true                                 {lp64_product} {ergonomic}
     bool UseCompressedOops                        = true                                 {lp64_product} {ergonomic}
     bool UseG1GC                                  = true                                      {product} {ergonomic}
     bool UseNUMA                                  = false                                     {product} {ergonomic}
     bool UseNUMAInterleaving                      = false                                     {product} {ergonomic}

Logging:
Log output configuration:
 #0: stdout all=warning uptime,level,tags
 #1: stderr all=off uptime,level,tags

Environment Variables:
PATH=/Library/Frameworks/Python.framework/Versions/3.8/bin:/usr/local/bin:/usr/bin:/bin:/usr/sbin:/sbin
SHELL=/bin/zsh
LC_CTYPE=en_GB.UTF-8

Signal Handlers:
SIGSEGV: [libjvm.dylib+0xa6d760], sa_mask[0]=11111111011111110111111111111111, sa_flags=SA_ONSTACK|SA_RESTART|SA_SIGINFO
SIGBUS: [libjvm.dylib+0xa6d760], sa_mask[0]=11111111011111110111111111111111, sa_flags=SA_RESTART|SA_SIGINFO
SIGFPE: [libjvm.dylib+0xa6d760], sa_mask[0]=11111111011111110111111111111111, sa_flags=SA_RESTART|SA_SIGINFO
SIGPIPE: [libjvm.dylib+0x82d4c0], sa_mask[0]=11111111011111110111111111111111, sa_flags=SA_RESTART|SA_SIGINFO
SIGXFSZ: [libjvm.dylib+0x82d4c0], sa_mask[0]=11111111011111110111111111111111, sa_flags=SA_RESTART|SA_SIGINFO
SIGILL: [libjvm.dylib+0xa6d760], sa_mask[0]=11111111011111110111111111111111, sa_flags=SA_RESTART|SA_SIGINFO
SIGUSR2: [libjvm.dylib+0x82df60], sa_mask[0]=00100000000000000000000000000000, sa_flags=SA_RESTART|SA_SIGINFO
SIGHUP: [libjvm.dylib+0x82c6c0], sa_mask[0]=11111111011111110111111111111111, sa_flags=SA_RESTART|SA_SIGINFO
SIGINT: [libjvm.dylib+0x82c6c0], sa_mask[0]=11111111011111110111111111111111, sa_flags=SA_RESTART|SA_SIGINFO
SIGTERM: [libjvm.dylib+0x82c6c0], sa_mask[0]=11111111011111110111111111111111, sa_flags=SA_RESTART|SA_SIGINFO
SIGQUIT: [libjvm.dylib+0x82c6c0], sa_mask[0]=11111111011111110111111111111111, sa_flags=SA_RESTART|SA_SIGINFO


---------------  S Y S T E M  ---------------

OS:uname: Darwin 21.4.0 Darwin Kernel Version 21.4.0: Mon Feb 21 20:34:37 PST 2022; root:xnu-8020.101.4~2/RELEASE_X86_64 x86_64
OS uptime: 0 days 0:01 hours
rlimit (soft/hard): STACK 8192k/65532k , CORE 0k/infinity , NPROC 1392/2088 , NOFILE 10240/infinity , AS infinity/infinity , CPU infinity/infinity , DATA infinity/infinity , FSIZE infinity/infinity , MEMLOCK infinity/infinity , RSS infinity/infinity
load average: 9.15 4.54 1.86

CPU: total 8 (initial active 8) (4 cores per cpu, 2 threads per core) family 6 model 142 stepping 10 microcode 0xec, cmov, cx8, fxsr, mmx, sse, sse2, sse3, ssse3, sse4.1, sse4.2, popcnt, vzeroupper, avx, avx2, aes, clmul, erms, 3dnowpref, lzcnt, ht, tsc, tscinvbit, bmi1, bmi2, adx, fma, clflush, clflushopt

Memory: 4k page, physical 8388608k(266848k free), swap 0k(0k free)

vm_info: OpenJDK 64-Bit Server VM (15.0.2+7) for bsd-amd64 JRE (15.0.2+7), built on Jan 20 2021 14:15:49 by "jenkins" with clang Apple LLVM 12.0.0 (clang-1200.0.32.28)

END.
