10:28:13.034 [main                     ] DEBUG Logger               - Configured Logger
10:28:13.312 [main                     ] DEBUG GameApplication      - Logging settings
Title: Demo game
Version: 1.1
Width: 1050
Height: 700
Fullscreen: false
Intro: false
Profiling: false
Single step:false
App Mode: DEVELOPER
Menu Key: ESCAPE
Stage Style: DECORATED
Scene Factory: class com.almasb.fxgl.app.scene.SceneFactory

10:28:16.407 [JavaFX Application Thread] DEBUG FXGLApplication      - Initializing FXGL
10:28:16.420 [JavaFX Application Thread] INFO  Engine               - FXGL-11.14 (01.03.2021 16.59) on WINDOWS (J:15.0.2 FX:15)
10:28:16.421 [JavaFX Application Thread] DEBUG Engine               - JRE Vendor Name: Amazon.com Inc.
10:28:16.422 [JavaFX Application Thread] DEBUG Engine               - Running on OS: Windows 10 version 10.0
10:28:16.423 [JavaFX Application Thread] DEBUG Engine               - Architecture: amd64
10:28:16.424 [JavaFX Application Thread] INFO  Engine               - Source code and latest versions at: https://github.com/AlmasB/FXGL
10:28:16.427 [JavaFX Application Thread] INFO  Engine               -              Join the FXGL chat at: https://gitter.im/AlmasB/FXGL
10:28:18.300 [JavaFX Application Thread] DEBUG PrimaryStageWindow   - Creating a JavaFX scene
10:28:19.377 [JavaFX Application Thread] DEBUG PrimaryStageWindow   - Target settings size: 1050.0 x 700.0
10:28:19.378 [JavaFX Application Thread] DEBUG PrimaryStageWindow   - Scaled scene size:    1050.0 x 700.0
10:28:19.379 [JavaFX Application Thread] DEBUG PrimaryStageWindow   - Scaled ratio: (1.0, 1.0)
10:28:19.383 [JavaFX Application Thread] DEBUG PrimaryStageWindow   - Set initial scene to FXGLStartupScene
10:28:19.433 [JavaFX Application Thread] DEBUG PrimaryStageWindow   - Opening main window
10:28:19.856 [JavaFX Application Thread] DEBUG PrimaryStageWindow   - Window border size: (14.800048828125, 37.5999755859375)
10:28:19.857 [JavaFX Application Thread] DEBUG PrimaryStageWindow   - Scaled size: 1050.0 x 700.0
10:28:19.858 [JavaFX Application Thread] DEBUG PrimaryStageWindow   - Scaled ratio: (1.0, 1.0)
10:28:19.862 [JavaFX Application Thread] DEBUG PrimaryStageWindow   - Scene size: 1050.0 x 700.0
10:28:19.863 [JavaFX Application Thread] DEBUG PrimaryStageWindow   - Stage size: 1064.800048828125 x 737.5999755859375
10:28:19.972 [FXGL Background Thread 1 ] DEBUG Engine               - Initializing environment variables
10:28:20.234 [FXGL Background Thread 1 ] DEBUG FXGLAssetLoaderServi - User app class for loading assets: class Game
10:28:20.236 [FXGL Background Thread 1 ] DEBUG GameApplicationServi - Applying CSS: fxgl_dark.css
10:28:20.241 [FXGL Background Thread 1 ] DEBUG FXGLAssetLoaderServi - Loading from file system: jar:file:/C:/Users/jfran/.m2/repository/com/github/almasb/fxgl/11.14/fxgl-11.14.jar!/fxglassets/ui/css/fxgl_dark.css
10:28:20.532 [FXGL Background Thread 1 ] DEBUG GameApplicationServi - Initializing application scenes
10:28:20.984 [FXGL Background Thread 1 ] DEBUG GameWorld            - Game world initialized
10:28:21.258 [FXGL Background Thread 1 ] DEBUG PhysicsWorld         - Physics world initialized: appHeight=700, physics.ppm=50,0
10:28:21.258 [FXGL Background Thread 1 ] DEBUG PhysicsWorld         - Using strategy: BRUTE_FORCE
10:28:21.266 [FXGL Background Thread 1 ] DEBUG GameScene            - Game scene initialized: 1050x700
10:28:21.402 [FXGL Background Thread 1 ] DEBUG FXGLAssetLoaderServi - Loading from file system: jar:file:/C:/Users/jfran/.m2/repository/com/github/almasb/fxgl/11.14/fxgl-11.14.jar!/fxglassets/textures/particles/trace_horizontal.png
10:28:21.629 [FXGL Background Thread 1 ] DEBUG FXGL.DefaultMenu     - createMenuBodyGameMenu()
10:28:21.685 [FXGL Background Thread 1 ] DEBUG FXGL.DefaultMenu     - createOptionsMenu()
10:28:21.708 [FXGL Background Thread 1 ] DEBUG FXGLAssetLoaderServi - Loading from file system: jar:file:/C:/Users/jfran/.m2/repository/com/github/almasb/fxgl/11.14/fxgl-11.14.jar!/fxglassets/textures/particles/smoke.png
10:28:22.127 [FXGL Background Thread 1 ] DEBUG GameApplicationServi - Application scenes initialized
10:28:22.203 [FXGL Background Thread 1 ] DEBUG SystemBundleService  - Loading FXGL system data
10:28:22.215 [FXGL Background Thread 1 ] DEBUG FileSystemAccess     - Reading from: C:\Users\jfran\OneDrive - Hogeschool Leiden\IPOSE-Maven\system\fxgl.bundle
10:28:22.232 [FXGL Background Thread 1 ] DEBUG SystemBundleService  - Bundle FXGL: {}
10:28:22.233 [FXGL Background Thread 1 ] DEBUG UpdaterService       - Checking for updates
10:28:22.250 [FXGL Background Thread 1 ] DEBUG FXGLApplication      - Loading default localization
10:28:22.252 [FXGL Background Thread 1 ] DEBUG FXGLAssetLoaderServi - Loading from file system: jar:file:/C:/Users/jfran/.m2/repository/com/github/almasb/fxgl/11.14/fxgl-11.14.jar!/fxglassets/languages/english.lang
10:28:22.319 [FXGL Background Thread 1 ] INFO  FXGLApplication      - FXGL initialization took: 2,347 sec
10:28:22.348 [JavaFX Application Thread] DEBUG Input                - Registered new binding: action0 - D
10:28:22.350 [JavaFX Application Thread] DEBUG Input                - Registered new binding: action1 - A
10:28:22.352 [JavaFX Application Thread] DEBUG Input                - Registered new binding: action2 - W
10:28:22.354 [JavaFX Application Thread] DEBUG Input                - Registered new binding: action3 - S
10:28:22.366 [FXGL Background Thread 4 ] DEBUG FXGLApplication      - Loading fonts
10:28:22.357 [JavaFX Application Thread] DEBUG FXGLAssetLoaderServi - Loading from file system: jar:file:/C:/Users/jfran/.m2/repository/com/github/almasb/fxgl/11.14/fxgl-11.14.jar!/fxglassets/textures/fxgl_icon.png
10:28:22.368 [FXGL Background Thread 4 ] DEBUG FXGLAssetLoaderServi - Loading from file system: jar:file:/C:/Users/jfran/.m2/repository/com/github/almasb/fxgl/11.14/fxgl-11.14.jar!/fxglassets/ui/fonts/VarelaRound-Regular.ttf
10:28:22.416 [JavaFX Application Thread] DEBUG FXGLAssetLoaderServi - Loading from file system: jar:file:/C:/Users/jfran/.m2/repository/com/github/almasb/fxgl/11.14/fxgl-11.14.jar!/fxglassets/ui/cursors/fxgl_default.png
10:28:22.421 [JavaFX Application Thread] DEBUG Input                - Registered new binding: Screenshot - P
10:28:22.423 [JavaFX Application Thread] DEBUG Input                - Registered new binding: System info dump - CTRL+9
10:28:22.424 [JavaFX Application Thread] DEBUG Input                - Registered new binding: Restart - CTRL+R
10:28:22.427 [JavaFX Application Thread] DEBUG Input                - Registered new binding: Toggle Debug Camera - CTRL+C
10:28:22.447 [JavaFX Application Thread] DEBUG LoopRunner           - Starting loop
10:28:22.451 [JavaFX Application Thread] DEBUG LoopRunner           - Initializing JavaFX AnimationTimerLoop
10:28:22.461 [JavaFX Application Thread] DEBUG GameApplicationServi - Starting new game
10:28:22.463 [JavaFX Application Thread] DEBUG Input                - Clearing active input actions
10:28:22.509 [JavaFX Application Thread] DEBUG GameApplicationServi - Removing overlay from FXGLStartupScene and adding to FXGLLoadingScene
10:28:22.510 [JavaFX Application Thread] DEBUG PrimaryStageWindow   - FXGLStartupScene -> FXGLLoadingScene
10:28:22.510 [JavaFX Application Thread] DEBUG GameApplicationServi - Clearing previous game
10:28:22.511 [JavaFX Application Thread] DEBUG GameScene            - Clearing game scene
10:28:22.511 [JavaFX Application Thread] DEBUG GameWorld            - Clearing game world
10:28:22.511 [JavaFX Application Thread] DEBUG PhysicsWorld         - Clearing physics world
10:28:22.514 [FXGL Background Thread 1 ] DEBUG FXGLApplication      - Initializing game
10:28:22.630 [FXGL Background Thread 1 ] WARN  TMXLevelLoader       - TiledMap generated from 1.0.1. Supported version: 1.2.3. Some features may not be parsed fully.
10:28:22.752 [FXGL Background Thread 1 ] DEBUG TMXLevelLoader       - Parsed raw map: TiledMap(width=15, height=10, tilewidth=70, tileheight=70, orientation=orthogonal, layers=[Layer(width=15, height=10, name=Tile Layer 1, type=tilelayer, visible=false, x=0, y=0, data=[153, 0, 0, 0, 0, 0, 0, 0, 0, 0, 0, 0, 0, 0, 0, 153, 2, 0, 0, 69, 57, 45, 0, 0, 0, 0, 0, 0, 0, 0, 153, 10, 0, 0, 0, 0, 0, 0, 0, 0, 0, 0, 0, 0, 0, 153, 153, 0, 0, 0, 0, 0, 0, 15, 3, 3, 27, 0, 0, 0, 153, 153, 0, 0, 0, 0, 0, 0, 0, 0, 0, 0, 0, 0, 0, 153, 153, 0, 0, 0, 0, 0, 0, 0, 0, 0, 0, 0, 0, 116, 153, 153, 0, 0, 0, 0, 0, 0, 15, 3, 3, 27, 0, 116, 153, 153, 153, 0, 0, 69, 81, 57, 0, 0, 0, 0, 0, 0, 153, 153, 153, 153, 0, 0, 0, 0, 0, 0, 0, 0, 0, 0, 0, 153, 153, 153, 153, 10, 105, 0, 0, 0, 129, 105, 0, 0, 0, 129, 153, 153], objects=[], opacity=0.0, draworder=), Layer(width=0, height=0, name=Object Layer 1, type=objectgroup, visible=false, x=0, y=0, data=[], objects=[com.almasb.fxgl.entity.level.tiled.TiledObject@45a5debb, com.almasb.fxgl.entity.level.tiled.TiledObject@3a65eff6, com.almasb.fxgl.entity.level.tiled.TiledObject@745b8e3f, com.almasb.fxgl.entity.level.tiled.TiledObject@4460564f, com.almasb.fxgl.entity.level.tiled.TiledObject@2fdb087e, com.almasb.fxgl.entity.level.tiled.TiledObject@3ad4582c, com.almasb.fxgl.entity.level.tiled.TiledObject@12d6133f, com.almasb.fxgl.entity.level.tiled.TiledObject@5442fd04, com.almasb.fxgl.entity.level.tiled.TiledObject@23ad870a, com.almasb.fxgl.entity.level.tiled.TiledObject@3ba0be6b, com.almasb.fxgl.entity.level.tiled.TiledObject@19cd0dcb, com.almasb.fxgl.entity.level.tiled.TiledObject@5aa4692b, com.almasb.fxgl.entity.level.tiled.TiledObject@15fe20a2, com.almasb.fxgl.entity.level.tiled.TiledObject@2b138790, com.almasb.fxgl.entity.level.tiled.TiledObject@5a41746c, com.almasb.fxgl.entity.level.tiled.TiledObject@23d5b33e, com.almasb.fxgl.entity.level.tiled.TiledObject@474a6cd6, com.almasb.fxgl.entity.level.tiled.TiledObject@70d25ca8, com.almasb.fxgl.entity.level.tiled.TiledObject@21e1a4ca], opacity=0.0, draworder=)], tilesets=[Tileset(firstgid=1, image=../../../../../../../Downloads/tiles_spritesheet.png, name=tiles_spritesheet, tilewidth=70, tileheight=70, imagewidth=914, imageheight=936, margin=0, spacing=2, columns=12, tilecount=156, transparentcolor=, tiles=[])], backgroundcolor=, renderorder=right-down, nextobjectid=20, version=1, tiledversion=1.0.1, type=map, infinite=false, hexsidelength=0, staggeraxis=, staggerindex=, properties={}, propertytypes={})
10:28:22.754 [FXGL Background Thread 1 ] DEBUG TMXLevelLoader       - Creating tile layer entities
10:28:22.767 [FXGL Background Thread 1 ] DEBUG TilesetLoader        - Loading view for layer Tile Layer 1
10:28:22.771 [FXGL Background Thread 1 ] DEBUG TilesetLoader        - Created buffer with size 1050.0x700.0
10:28:22.774 [FXGL Background Thread 1 ] WARN  TilesetLoader        - tiles_spritesheet.png cannot be loaded using mapURL=file:/C:/Users/jfran/OneDrive%20-%20Hogeschool%20Leiden/IPOSE-Maven/target/classes/assets/levels/gametest3.tmx Error: java.io.FileNotFoundException: C:\Users\jfran\OneDrive - Hogeschool Leiden\IPOSE-Maven\target\classes\assets\levels\tiles_spritesheet.png (The system cannot find the file specified)
10:28:23.383 [FXGL Background Thread 1 ] DEBUG TilesetLoader        - Writing to buffer: dst=0,0, w=70,h=70, src=576,864
10:28:23.384 [FXGL Background Thread 1 ] DEBUG TilesetLoader        - Writing to buffer: dst=0,70, w=70,h=70, src=576,864
10:28:23.385 [FXGL Background Thread 1 ] DEBUG TilesetLoader        - Writing to buffer: dst=70,70, w=70,h=70, src=72,0
10:28:23.385 [FXGL Background Thread 1 ] DEBUG TilesetLoader        - Writing to buffer: dst=280,70, w=70,h=70, src=576,360
10:28:23.386 [FXGL Background Thread 1 ] DEBUG TilesetLoader        - Writing to buffer: dst=350,70, w=70,h=70, src=576,288
10:28:23.386 [FXGL Background Thread 1 ] DEBUG TilesetLoader        - Writing to buffer: dst=420,70, w=70,h=70, src=576,216
10:28:23.387 [FXGL Background Thread 1 ] DEBUG TilesetLoader        - Writing to buffer: dst=0,140, w=70,h=70, src=576,864
10:28:23.387 [FXGL Background Thread 1 ] DEBUG TilesetLoader        - Writing to buffer: dst=70,140, w=70,h=70, src=648,0
10:28:23.420 [FXGL Background Thread 1 ] DEBUG TilesetLoader        - Writing to buffer: dst=0,210, w=70,h=70, src=576,864
10:28:23.420 [FXGL Background Thread 1 ] DEBUG TilesetLoader        - Writing to buffer: dst=70,210, w=70,h=70, src=576,864
10:28:23.421 [FXGL Background Thread 1 ] DEBUG TilesetLoader        - Writing to buffer: dst=560,210, w=70,h=70, src=144,72
10:28:23.422 [FXGL Background Thread 1 ] DEBUG TilesetLoader        - Writing to buffer: dst=630,210, w=70,h=70, src=144,0
10:28:23.425 [FXGL Background Thread 1 ] DEBUG TilesetLoader        - Writing to buffer: dst=700,210, w=70,h=70, src=144,0
10:28:23.426 [FXGL Background Thread 1 ] DEBUG TilesetLoader        - Writing to buffer: dst=770,210, w=70,h=70, src=144,144
10:28:23.426 [FXGL Background Thread 1 ] DEBUG TilesetLoader        - Writing to buffer: dst=0,280, w=70,h=70, src=576,864
10:28:23.427 [FXGL Background Thread 1 ] DEBUG TilesetLoader        - Writing to buffer: dst=70,280, w=70,h=70, src=576,864
10:28:23.428 [FXGL Background Thread 1 ] DEBUG TilesetLoader        - Writing to buffer: dst=0,350, w=70,h=70, src=576,864
10:28:23.428 [FXGL Background Thread 1 ] DEBUG TilesetLoader        - Writing to buffer: dst=70,350, w=70,h=70, src=576,864
10:28:23.429 [FXGL Background Thread 1 ] DEBUG TilesetLoader        - Writing to buffer: dst=980,350, w=70,h=70, src=504,648
10:28:23.429 [FXGL Background Thread 1 ] DEBUG TilesetLoader        - Writing to buffer: dst=0,420, w=70,h=70, src=576,864
10:28:23.429 [FXGL Background Thread 1 ] DEBUG TilesetLoader        - Writing to buffer: dst=70,420, w=70,h=70, src=576,864
10:28:23.430 [FXGL Background Thread 1 ] DEBUG TilesetLoader        - Writing to buffer: dst=560,420, w=70,h=70, src=144,72
10:28:23.430 [FXGL Background Thread 1 ] DEBUG TilesetLoader        - Writing to buffer: dst=630,420, w=70,h=70, src=144,0
10:28:23.431 [FXGL Background Thread 1 ] DEBUG TilesetLoader        - Writing to buffer: dst=700,420, w=70,h=70, src=144,0
10:28:23.437 [FXGL Background Thread 1 ] DEBUG TilesetLoader        - Writing to buffer: dst=770,420, w=70,h=70, src=144,144
10:28:23.442 [FXGL Background Thread 1 ] DEBUG TilesetLoader        - Writing to buffer: dst=910,420, w=70,h=70, src=504,648
10:28:23.443 [FXGL Background Thread 1 ] DEBUG TilesetLoader        - Writing to buffer: dst=980,420, w=70,h=70, src=576,864
10:28:23.443 [FXGL Background Thread 1 ] DEBUG TilesetLoader        - Writing to buffer: dst=0,490, w=70,h=70, src=576,864
10:28:23.444 [FXGL Background Thread 1 ] DEBUG TilesetLoader        - Writing to buffer: dst=70,490, w=70,h=70, src=576,864
10:28:23.444 [FXGL Background Thread 1 ] DEBUG TilesetLoader        - Writing to buffer: dst=280,490, w=70,h=70, src=576,360
10:28:23.446 [FXGL Background Thread 1 ] DEBUG TilesetLoader        - Writing to buffer: dst=350,490, w=70,h=70, src=576,432
10:28:23.447 [FXGL Background Thread 1 ] DEBUG TilesetLoader        - Writing to buffer: dst=420,490, w=70,h=70, src=576,288
10:28:23.450 [FXGL Background Thread 1 ] DEBUG TilesetLoader        - Writing to buffer: dst=910,490, w=70,h=70, src=576,864
10:28:23.454 [FXGL Background Thread 1 ] DEBUG TilesetLoader        - Writing to buffer: dst=980,490, w=70,h=70, src=576,864
10:28:23.458 [FXGL Background Thread 1 ] DEBUG TilesetLoader        - Writing to buffer: dst=0,560, w=70,h=70, src=576,864
10:28:23.459 [FXGL Background Thread 1 ] DEBUG TilesetLoader        - Writing to buffer: dst=70,560, w=70,h=70, src=576,864
10:28:23.460 [FXGL Background Thread 1 ] DEBUG TilesetLoader        - Writing to buffer: dst=910,560, w=70,h=70, src=576,864
10:28:23.460 [FXGL Background Thread 1 ] DEBUG TilesetLoader        - Writing to buffer: dst=980,560, w=70,h=70, src=576,864
10:28:23.468 [FXGL Background Thread 4 ] DEBUG FXGLAssetLoaderServi - Loading from file system: jar:file:/C:/Users/jfran/.m2/repository/com/github/almasb/fxgl/11.14/fxgl-11.14.jar!/fxglassets/ui/fonts/Abel-Regular.ttf
10:28:23.503 [FXGL Background Thread 4 ] DEBUG FXGLAssetLoaderServi - Loading from file system: jar:file:/C:/Users/jfran/.m2/repository/com/github/almasb/fxgl/11.14/fxgl-11.14.jar!/fxglassets/ui/fonts/lucida_console.ttf
10:28:23.462 [FXGL Background Thread 1 ] DEBUG TilesetLoader        - Writing to buffer: dst=0,630, w=70,h=70, src=576,864
10:28:23.520 [FXGL Background Thread 1 ] DEBUG TilesetLoader        - Writing to buffer: dst=70,630, w=70,h=70, src=576,864
10:28:23.520 [FXGL Background Thread 1 ] DEBUG TilesetLoader        - Writing to buffer: dst=140,630, w=70,h=70, src=648,0
10:28:23.521 [FXGL Background Thread 1 ] DEBUG TilesetLoader        - Writing to buffer: dst=210,630, w=70,h=70, src=576,576
10:28:23.522 [FXGL Background Thread 1 ] DEBUG TilesetLoader        - Writing to buffer: dst=490,630, w=70,h=70, src=576,720
10:28:23.522 [FXGL Background Thread 1 ] DEBUG TilesetLoader        - Writing to buffer: dst=560,630, w=70,h=70, src=576,576
10:28:23.523 [FXGL Background Thread 1 ] DEBUG TilesetLoader        - Writing to buffer: dst=840,630, w=70,h=70, src=576,720
10:28:23.523 [FXGL Background Thread 1 ] DEBUG TilesetLoader        - Writing to buffer: dst=910,630, w=70,h=70, src=576,864
10:28:23.524 [FXGL Background Thread 1 ] DEBUG TilesetLoader        - Writing to buffer: dst=980,630, w=70,h=70, src=576,864
10:28:23.528 [FXGL Background Thread 1 ] DEBUG TMXLevelLoader       - Creating object layer entities
10:28:23.627 [FXGL Background Thread 1 ] DEBUG GameWorld            - Clearing removable entities
10:28:23.629 [FXGL Background Thread 1 ] DEBUG GameWorld            - Setting level: com.almasb.fxgl.entity.level.Level@f4815f4
10:28:23.649 [FXGL Background Thread 1 ] DEBUG FXGLAssetLoaderServi - Loading from file system: file:/C:/Users/jfran/OneDrive%20-%20Hogeschool%20Leiden/IPOSE-Maven/target/classes/assets/textures/madotsuki.png
10:28:23.654 [FXGL Background Thread 1 ] INFO  FXGLApplication      - Game initialization took: 1,140 sec
10:28:23.656 [JavaFX Application Thread] DEBUG Input                - Clearing active input actions
10:28:23.689 [JavaFX Application Thread] DEBUG GameApplicationServi - Removing overlay from FXGLLoadingScene and adding to GameScene
10:28:23.690 [JavaFX Application Thread] DEBUG PrimaryStageWindow   - FXGLLoadingScene -> GameScene
10:28:23.932 [FXGL Background Thread 4 ] DEBUG FXGLAssetLoaderServi - Loading from file system: jar:file:/C:/Users/jfran/.m2/repository/com/github/almasb/fxgl/11.14/fxgl-11.14.jar!/fxglassets/ui/fonts/Courier-Prime.ttf
10:28:23.960 [JavaFX Application Thread] DEBUG FXGLApplication      - Registering font factories with UI factory
10:28:24.281 [FXGL Background Thread 2 ] INFO  UpdaterService       - Your current version:  11.14
10:28:24.281 [FXGL Background Thread 2 ] INFO  UpdaterService       - Latest stable version: 17.1
10:28:25.244 [FXGL Background Thread 3 ] DEBUG Engine               - Logging environment variables
10:28:25.244 [FXGL Background Thread 3 ] DEBUG Engine               - achievements: []
10:28:25.245 [FXGL Background Thread 3 ] DEBUG Engine               - actualHeight: 700.0
10:28:25.245 [FXGL Background Thread 3 ] DEBUG Engine               - actualHeightProperty: ReadOnlyDoubleProperty [value: 700.0]
10:28:25.245 [FXGL Background Thread 3 ] DEBUG Engine               - actualWidth: 1050.0
10:28:25.246 [FXGL Background Thread 3 ] DEBUG Engine               - actualWidthProperty: ReadOnlyDoubleProperty [value: 1050.0]
10:28:25.246 [FXGL Background Thread 3 ] DEBUG Engine               - appIcon: fxgl_icon.png
10:28:25.246 [FXGL Background Thread 3 ] DEBUG Engine               - applicationMode: DEVELOPER
10:28:25.246 [FXGL Background Thread 3 ] DEBUG Engine               - cSSList: [fxgl_dark.css]
10:28:25.246 [FXGL Background Thread 3 ] DEBUG Engine               - collisionDetectionStrategy: BRUTE_FORCE
10:28:25.247 [FXGL Background Thread 3 ] DEBUG Engine               - configClass: Optional.empty
10:28:25.247 [FXGL Background Thread 3 ] DEBUG Engine               - credits: []
10:28:25.247 [FXGL Background Thread 3 ] DEBUG Engine               - devBBoxColorProperty: ObjectProperty [value: 0xff0000ff]
10:28:25.247 [FXGL Background Thread 3 ] DEBUG Engine               - devEnableDebugCameraProperty: BooleanProperty [value: false]
10:28:25.248 [FXGL Background Thread 3 ] DEBUG Engine               - devSensorColorProperty: ObjectProperty [value: 0xffff00ff]
10:28:25.248 [FXGL Background Thread 3 ] DEBUG Engine               - devShowBBoxProperty: BooleanProperty [value: false]
10:28:25.248 [FXGL Background Thread 3 ] DEBUG Engine               - devShowPositionProperty: BooleanProperty [value: false]
10:28:25.249 [FXGL Background Thread 3 ] DEBUG Engine               - enabledMenuItems: []
10:28:25.249 [FXGL Background Thread 3 ] DEBUG Engine               - engineServices: [class com.almasb.fxgl.app.services.FXGLAssetLoaderService, class com.almasb.fxgl.app.FXGLApplication$GameApplicationService, class com.almasb.fxgl.app.services.FXGLDialogService, class com.almasb.fxgl.app.services.IOTaskExecutorService, class com.almasb.fxgl.event.EventBusService, class com.almasb.fxgl.io.FileSystemService, class com.almasb.fxgl.localization.LocalizationService, class com.almasb.fxgl.app.services.SystemBundleService, class com.almasb.fxgl.profile.SaveLoadService, class com.almasb.fxgl.ui.FXGLUIFactoryServiceProvider, class com.almasb.fxgl.ui.FXGLDialogFactoryServiceProvider, class com.almasb.fxgl.audio.AudioPlayer, class com.almasb.fxgl.notification.impl.NotificationServiceProvider, class com.almasb.fxgl.achievement.AchievementService, class com.almasb.fxgl.cutscene.CutsceneService, class com.almasb.fxgl.minigames.MiniGameService, class com.almasb.fxgl.net.NetService, class com.almasb.fxgl.app.services.UpdaterService, class com.almasb.fxgl.dev.DevService]
10:28:25.249 [FXGL Background Thread 3 ] DEBUG Engine               - fontGame: Abel-Regular.ttf
10:28:25.249 [FXGL Background Thread 3 ] DEBUG Engine               - fontMono: lucida_console.ttf
10:28:25.249 [FXGL Background Thread 3 ] DEBUG Engine               - fontText: Courier-Prime.ttf
10:28:25.250 [FXGL Background Thread 3 ] DEBUG Engine               - fontUI: VarelaRound-Regular.ttf
10:28:25.250 [FXGL Background Thread 3 ] DEBUG Engine               - fullScreen: BooleanProperty [value: false]
10:28:25.250 [FXGL Background Thread 3 ] DEBUG Engine               - gameDifficulty: MEDIUM
10:28:25.250 [FXGL Background Thread 3 ] DEBUG Engine               - gameDifficultyProperty: ObjectProperty [value: MEDIUM]
10:28:25.250 [FXGL Background Thread 3 ] DEBUG Engine               - globalMusicVolume: 0.5
10:28:25.251 [FXGL Background Thread 3 ] DEBUG Engine               - globalMusicVolumeProperty: DoubleProperty [value: 0.5]
10:28:25.251 [FXGL Background Thread 3 ] DEBUG Engine               - globalSoundVolume: 0.5
10:28:25.251 [FXGL Background Thread 3 ] DEBUG Engine               - globalSoundVolumeProperty: DoubleProperty [value: 0.5]
10:28:25.252 [FXGL Background Thread 3 ] DEBUG Engine               - height: 700
10:28:25.252 [FXGL Background Thread 3 ] DEBUG Engine               - isAndroid: false
10:28:25.252 [FXGL Background Thread 3 ] DEBUG Engine               - isBrowser: false
10:28:25.252 [FXGL Background Thread 3 ] DEBUG Engine               - isClickFeedbackEnabled: false
10:28:25.253 [FXGL Background Thread 3 ] DEBUG Engine               - isCloseConfirmation: false
10:28:25.253 [FXGL Background Thread 3 ] DEBUG Engine               - isDesktop: true
10:28:25.253 [FXGL Background Thread 3 ] DEBUG Engine               - isDeveloperMenuEnabled: false
10:28:25.253 [FXGL Background Thread 3 ] DEBUG Engine               - isEntityPreloadEnabled: true
10:28:25.253 [FXGL Background Thread 3 ] DEBUG Engine               - isExperimental3D: false
10:28:25.254 [FXGL Background Thread 3 ] DEBUG Engine               - isExperimentalNative: false
10:28:25.254 [FXGL Background Thread 3 ] DEBUG Engine               - isExperimentalTiledLargeMap: false
10:28:25.254 [FXGL Background Thread 3 ] DEBUG Engine               - isFileSystemWriteAllowed: true
10:28:25.254 [FXGL Background Thread 3 ] DEBUG Engine               - isFullScreenAllowed: false
10:28:25.255 [FXGL Background Thread 3 ] DEBUG Engine               - isFullScreenFromStart: false
10:28:25.255 [FXGL Background Thread 3 ] DEBUG Engine               - isGameMenuEnabled: true
10:28:25.256 [FXGL Background Thread 3 ] DEBUG Engine               - isIOS: false
10:28:25.256 [FXGL Background Thread 3 ] DEBUG Engine               - isIntroEnabled: false
10:28:25.257 [FXGL Background Thread 3 ] DEBUG Engine               - isLinux: false
10:28:25.257 [FXGL Background Thread 3 ] DEBUG Engine               - isMac: false
10:28:25.258 [FXGL Background Thread 3 ] DEBUG Engine               - isMainMenuEnabled: false
10:28:25.258 [FXGL Background Thread 3 ] DEBUG Engine               - isManualResizeEnabled: false
10:28:25.258 [FXGL Background Thread 3 ] DEBUG Engine               - isMobile: false
10:28:25.258 [FXGL Background Thread 3 ] DEBUG Engine               - isPreserveResizeRatio: false
10:28:25.259 [FXGL Background Thread 3 ] DEBUG Engine               - isProfilingEnabled: false
10:28:25.259 [FXGL Background Thread 3 ] DEBUG Engine               - isScaleAffectedOnResize: true
10:28:25.259 [FXGL Background Thread 3 ] DEBUG Engine               - isSingleStep: false
10:28:25.260 [FXGL Background Thread 3 ] DEBUG Engine               - isUserProfileEnabled: false
10:28:25.260 [FXGL Background Thread 3 ] DEBUG Engine               - isWindows: true
10:28:25.260 [FXGL Background Thread 3 ] DEBUG Engine               - language: ObjectProperty [value: ENGLISH]
10:28:25.261 [FXGL Background Thread 3 ] DEBUG Engine               - menuKey: ESCAPE
10:28:25.261 [FXGL Background Thread 3 ] DEBUG Engine               - notificationViewClass: class com.almasb.fxgl.notification.view.XboxNotificationView
10:28:25.262 [FXGL Background Thread 3 ] DEBUG Engine               - pixelsPerMeter: 50.0
10:28:25.262 [FXGL Background Thread 3 ] DEBUG Engine               - platform: WINDOWS
10:28:25.262 [FXGL Background Thread 3 ] DEBUG Engine               - prefHeightProperty: ReadOnlyDoubleProperty [value: 700.0]
10:28:25.262 [FXGL Background Thread 3 ] DEBUG Engine               - prefWidthProperty: ReadOnlyDoubleProperty [value: 1050.0]
10:28:25.262 [FXGL Background Thread 3 ] DEBUG Engine               - profileDir: profiles/
10:28:25.263 [FXGL Background Thread 3 ] DEBUG Engine               - profileName: StringProperty [value: DEFAULT]
10:28:25.263 [FXGL Background Thread 3 ] DEBUG Engine               - randomSeed: -1
10:28:25.263 [FXGL Background Thread 3 ] DEBUG Engine               - runtimeInfo: RuntimeInfo(platform=WINDOWS, version=11.14, build=01.03.2021 16.59)
10:28:25.263 [FXGL Background Thread 3 ] DEBUG Engine               - saveFileExt: sav
10:28:25.263 [FXGL Background Thread 3 ] DEBUG Engine               - scaledHeightProp$fxgl: DoubleProperty [bound, value: 700.0]
10:28:25.264 [FXGL Background Thread 3 ] DEBUG Engine               - scaledWidthProp$fxgl: DoubleProperty [bound, value: 1050.0]
10:28:25.264 [FXGL Background Thread 3 ] DEBUG Engine               - sceneFactory: com.almasb.fxgl.app.scene.SceneFactory@6fa68793
10:28:25.264 [FXGL Background Thread 3 ] DEBUG Engine               - secondsIn24h: 60
10:28:25.264 [FXGL Background Thread 3 ] DEBUG Engine               - soundMenuBack: menu/back.wav
10:28:25.264 [FXGL Background Thread 3 ] DEBUG Engine               - soundMenuPress: menu/press.wav
10:28:25.265 [FXGL Background Thread 3 ] DEBUG Engine               - soundMenuSelect: menu/select.wav
10:28:25.265 [FXGL Background Thread 3 ] DEBUG Engine               - soundNotification: core/notification.wav
10:28:25.265 [FXGL Background Thread 3 ] DEBUG Engine               - stageStyle: DECORATED
10:28:25.265 [FXGL Background Thread 3 ] DEBUG Engine               - supportedLanguages: [ENGLISH, FRENCH, GERMAN, HUNGARIAN, RUSSIAN]
10:28:25.266 [FXGL Background Thread 3 ] DEBUG Engine               - ticksPerSecond: -1
10:28:25.266 [FXGL Background Thread 3 ] DEBUG Engine               - title: Demo game
10:28:25.266 [FXGL Background Thread 3 ] DEBUG Engine               - urlGithub: https://github.com/AlmasB/FXGL
10:28:25.266 [FXGL Background Thread 3 ] DEBUG Engine               - urlLeaderboard: http://fxgl-top.herokuapp.com/
10:28:25.267 [FXGL Background Thread 3 ] DEBUG Engine               - urlPOM: https://raw.githubusercontent.com/AlmasB/FXGL/release/README.md
10:28:25.267 [FXGL Background Thread 3 ] DEBUG Engine               - userAppClass: class Game
10:28:25.267 [FXGL Background Thread 3 ] DEBUG Engine               - version: 1.1
10:28:25.267 [FXGL Background Thread 3 ] DEBUG Engine               - versionCheckDays: 7
10:28:25.268 [FXGL Background Thread 3 ] DEBUG Engine               - width: 1050
10:28:25.268 [FXGL Background Thread 3 ] DEBUG Engine               - Logging services
10:28:25.268 [FXGL Background Thread 3 ] DEBUG Engine               - class com.almasb.fxgl.app.services.FXGLAssetLoaderService
10:28:25.269 [FXGL Background Thread 3 ] DEBUG Engine               - class com.almasb.fxgl.app.FXGLApplication$GameApplicationService
10:28:25.269 [FXGL Background Thread 3 ] DEBUG Engine               - class com.almasb.fxgl.app.services.FXGLDialogService
10:28:25.269 [FXGL Background Thread 3 ] DEBUG Engine               - class com.almasb.fxgl.app.services.IOTaskExecutorService
10:28:25.270 [FXGL Background Thread 3 ] DEBUG Engine               - class com.almasb.fxgl.event.EventBusService
10:28:25.270 [FXGL Background Thread 3 ] DEBUG Engine               - class com.almasb.fxgl.io.FileSystemService
10:28:25.270 [FXGL Background Thread 3 ] DEBUG Engine               - class com.almasb.fxgl.localization.LocalizationService
10:28:25.270 [FXGL Background Thread 3 ] DEBUG Engine               - class com.almasb.fxgl.app.services.SystemBundleService
10:28:25.270 [FXGL Background Thread 3 ] DEBUG Engine               - class com.almasb.fxgl.profile.SaveLoadService
10:28:25.270 [FXGL Background Thread 3 ] DEBUG Engine               - class com.almasb.fxgl.ui.FXGLUIFactoryServiceProvider
10:28:25.271 [FXGL Background Thread 3 ] DEBUG Engine               - class com.almasb.fxgl.ui.FXGLDialogFactoryServiceProvider
10:28:25.271 [FXGL Background Thread 3 ] DEBUG Engine               - class com.almasb.fxgl.audio.AudioPlayer
10:28:25.271 [FXGL Background Thread 3 ] DEBUG Engine               - class com.almasb.fxgl.notification.impl.NotificationServiceProvider
10:28:25.272 [FXGL Background Thread 3 ] DEBUG Engine               - class com.almasb.fxgl.achievement.AchievementService
10:28:25.272 [FXGL Background Thread 3 ] DEBUG Engine               - class com.almasb.fxgl.cutscene.CutsceneService
10:28:25.272 [FXGL Background Thread 3 ] DEBUG Engine               - class com.almasb.fxgl.minigames.MiniGameService
10:28:25.272 [FXGL Background Thread 3 ] DEBUG Engine               - class com.almasb.fxgl.net.NetService
10:28:25.272 [FXGL Background Thread 3 ] DEBUG Engine               - class com.almasb.fxgl.app.services.UpdaterService
10:28:25.273 [FXGL Background Thread 3 ] DEBUG Engine               - class com.almasb.fxgl.dev.DevService
10:28:35.138 [JavaFX Application Thread] DEBUG FXGLApplication      - Exiting FXGL
10:28:35.138 [JavaFX Application Thread] DEBUG LoopRunner           - Stopping loop
10:28:35.138 [JavaFX Application Thread] DEBUG SystemBundleService  - Saving FXGL system data
10:28:35.143 [JavaFX Application Thread] DEBUG FileSystemAccess     - Writing to: C:\Users\jfran\OneDrive - Hogeschool Leiden\IPOSE-Maven\system\fxgl.bundle
10:28:35.146 [JavaFX Application Thread] DEBUG Async                - Shutting down background threads
10:28:35.147 [JavaFX Application Thread] DEBUG PrimaryStageWindow   - Closing main window
10:28:35.179 [JavaFX Application Thread] DEBUG Logger               - Closing Logger
