21:24:50.224 [main                     ] DEBUG Logger               - Configured Logger
21:24:50.232 [main                     ] DEBUG GameApplication      - Logging settings
Title: Demo game
Version: 1.0
Width: 800
Height: 800
Fullscreen: false
Intro: false
Profiling: false
Single step:false
App Mode: DEVELOPER
Menu Key: ESCAPE
Stage Style: DECORATED
Scene Factory: class com.almasb.fxgl.app.scene.SceneFactory

21:24:51.466 [JavaFX Application Thread] DEBUG FXGLApplication      - Initializing FXGL
21:24:51.471 [JavaFX Application Thread] INFO  Engine               - FXGL-11.14 (01.03.2021 16.59) on WINDOWS (J:18 FX:15)
21:24:51.473 [JavaFX Application Thread] DEBUG Engine               - JRE Vendor Name: Oracle Corporation
21:24:51.473 [JavaFX Application Thread] DEBUG Engine               - Running on OS: Windows 10 version 10.0
21:24:51.473 [JavaFX Application Thread] DEBUG Engine               - Architecture: amd64
21:24:51.474 [JavaFX Application Thread] INFO  Engine               - Source code and latest versions at: https://github.com/AlmasB/FXGL
21:24:51.474 [JavaFX Application Thread] INFO  Engine               -              Join the FXGL chat at: https://gitter.im/AlmasB/FXGL
21:24:51.786 [JavaFX Application Thread] DEBUG PrimaryStageWindow   - Creating a JavaFX scene
21:24:51.883 [JavaFX Application Thread] DEBUG PrimaryStageWindow   - Target settings size: 800.0 x 800.0
21:24:51.883 [JavaFX Application Thread] DEBUG PrimaryStageWindow   - Scaled scene size:    800.0 x 800.0
21:24:51.883 [JavaFX Application Thread] DEBUG PrimaryStageWindow   - Scaled ratio: (1.0, 1.0)
21:24:51.884 [JavaFX Application Thread] DEBUG PrimaryStageWindow   - Set initial scene to FXGLStartupScene
21:24:51.898 [JavaFX Application Thread] DEBUG PrimaryStageWindow   - Opening main window
21:24:52.119 [JavaFX Application Thread] DEBUG PrimaryStageWindow   - Window border size: (14.4000244140625, 37.5999755859375)
21:24:52.119 [JavaFX Application Thread] DEBUG PrimaryStageWindow   - Scaled size: 800.0 x 800.0
21:24:52.119 [JavaFX Application Thread] DEBUG PrimaryStageWindow   - Scaled ratio: (1.0, 1.0)
21:24:52.119 [JavaFX Application Thread] DEBUG PrimaryStageWindow   - Scene size: 800.0 x 800.0
21:24:52.119 [JavaFX Application Thread] DEBUG PrimaryStageWindow   - Stage size: 814.4000244140625 x 837.5999755859375
21:24:52.220 [FXGL Background Thread 1 ] DEBUG Engine               - Initializing environment variables
21:24:52.342 [FXGL Background Thread 1 ] DEBUG FXGLAssetLoaderServi - User app class for loading assets: class Game
21:24:52.342 [FXGL Background Thread 1 ] DEBUG GameApplicationServi - Applying CSS: fxgl_dark.css
21:24:52.343 [FXGL Background Thread 1 ] DEBUG FXGLAssetLoaderServi - Loading from file system: jar:file:/C:/Users/Eigenaar/.m2/repository/com/github/almasb/fxgl/11.14/fxgl-11.14.jar!/fxglassets/ui/css/fxgl_dark.css
21:24:52.420 [FXGL Background Thread 1 ] DEBUG GameApplicationServi - Initializing application scenes
21:24:52.522 [FXGL Background Thread 1 ] DEBUG GameWorld            - Game world initialized
21:24:52.603 [FXGL Background Thread 1 ] DEBUG PhysicsWorld         - Physics world initialized: appHeight=800, physics.ppm=50,0
21:24:52.604 [FXGL Background Thread 1 ] DEBUG PhysicsWorld         - Using strategy: BRUTE_FORCE
21:24:52.607 [FXGL Background Thread 1 ] DEBUG GameScene            - Game scene initialized: 800x800
21:24:52.666 [FXGL Background Thread 1 ] DEBUG FXGLAssetLoaderServi - Loading from file system: jar:file:/C:/Users/Eigenaar/.m2/repository/com/github/almasb/fxgl/11.14/fxgl-11.14.jar!/fxglassets/textures/particles/trace_horizontal.png
21:24:52.735 [FXGL Background Thread 1 ] DEBUG FXGL.DefaultMenu     - createMenuBodyGameMenu()
21:24:52.759 [FXGL Background Thread 1 ] DEBUG FXGL.DefaultMenu     - createOptionsMenu()
21:24:52.768 [FXGL Background Thread 1 ] DEBUG FXGLAssetLoaderServi - Loading from file system: jar:file:/C:/Users/Eigenaar/.m2/repository/com/github/almasb/fxgl/11.14/fxgl-11.14.jar!/fxglassets/textures/particles/smoke.png
21:24:52.869 [FXGL Background Thread 1 ] DEBUG GameApplicationServi - Application scenes initialized
21:24:52.889 [FXGL Background Thread 1 ] DEBUG SystemBundleService  - Loading FXGL system data
21:24:52.894 [FXGL Background Thread 1 ] DEBUG FileSystemAccess     - Reading from: C:\Users\Eigenaar\OneDrive - Hogeschool Leiden\IPOSE-Maven\system\fxgl.bundle
21:24:52.906 [FXGL Background Thread 1 ] DEBUG SystemBundleService  - Bundle FXGL: {}
21:24:52.906 [FXGL Background Thread 1 ] DEBUG UpdaterService       - Checking for updates
21:24:52.918 [FXGL Background Thread 1 ] DEBUG FXGLApplication      - Loading default localization
21:24:52.919 [FXGL Background Thread 1 ] DEBUG FXGLAssetLoaderServi - Loading from file system: jar:file:/C:/Users/Eigenaar/.m2/repository/com/github/almasb/fxgl/11.14/fxgl-11.14.jar!/fxglassets/languages/english.lang
21:24:52.941 [FXGL Background Thread 1 ] INFO  FXGLApplication      - FXGL initialization took: 0,721 sec
21:24:52.952 [JavaFX Application Thread] DEBUG Input                - Registered new binding: action0 - D
21:24:52.953 [JavaFX Application Thread] DEBUG Input                - Registered new binding: action1 - A
21:24:52.953 [JavaFX Application Thread] DEBUG Input                - Registered new binding: action2 - W
21:24:52.954 [JavaFX Application Thread] DEBUG Input                - Registered new binding: action3 - S
21:24:52.954 [JavaFX Application Thread] DEBUG FXGLAssetLoaderServi - Loading from file system: jar:file:/C:/Users/Eigenaar/.m2/repository/com/github/almasb/fxgl/11.14/fxgl-11.14.jar!/fxglassets/textures/fxgl_icon.png
21:24:53.034 [FXGL Background Thread 4 ] DEBUG FXGLApplication      - Loading fonts
21:24:53.035 [FXGL Background Thread 4 ] DEBUG FXGLAssetLoaderServi - Loading from file system: jar:file:/C:/Users/Eigenaar/.m2/repository/com/github/almasb/fxgl/11.14/fxgl-11.14.jar!/fxglassets/ui/fonts/VarelaRound-Regular.ttf
21:24:53.037 [JavaFX Application Thread] DEBUG FXGLAssetLoaderServi - Loading from file system: jar:file:/C:/Users/Eigenaar/.m2/repository/com/github/almasb/fxgl/11.14/fxgl-11.14.jar!/fxglassets/ui/cursors/fxgl_default.png
21:24:53.041 [JavaFX Application Thread] DEBUG Input                - Registered new binding: Screenshot - P
21:24:53.041 [JavaFX Application Thread] DEBUG Input                - Registered new binding: System info dump - CTRL+9
21:24:53.042 [JavaFX Application Thread] DEBUG Input                - Registered new binding: Restart - CTRL+R
21:24:53.043 [JavaFX Application Thread] DEBUG Input                - Registered new binding: Toggle Debug Camera - CTRL+C
21:24:53.045 [JavaFX Application Thread] DEBUG LoopRunner           - Starting loop
21:24:53.045 [JavaFX Application Thread] DEBUG LoopRunner           - Initializing JavaFX AnimationTimerLoop
21:24:53.048 [JavaFX Application Thread] DEBUG GameApplicationServi - Starting new game
21:24:53.049 [JavaFX Application Thread] DEBUG Input                - Clearing active input actions
21:24:53.060 [JavaFX Application Thread] DEBUG GameApplicationServi - Removing overlay from FXGLStartupScene and adding to FXGLLoadingScene
21:24:53.061 [JavaFX Application Thread] DEBUG PrimaryStageWindow   - FXGLStartupScene -> FXGLLoadingScene
21:24:53.061 [JavaFX Application Thread] DEBUG GameApplicationServi - Clearing previous game
21:24:53.061 [JavaFX Application Thread] DEBUG GameScene            - Clearing game scene
21:24:53.061 [JavaFX Application Thread] DEBUG GameWorld            - Clearing game world
21:24:53.061 [JavaFX Application Thread] DEBUG PhysicsWorld         - Clearing physics world
21:24:53.063 [FXGL Background Thread 1 ] DEBUG FXGLApplication      - Initializing game
21:24:53.066 [FXGL Background Thread 1 ] DEBUG FXGLAssetLoaderServi - Loading from file system: file:/C:/Users/Eigenaar/OneDrive%20-%20Hogeschool%20Leiden/IPOSE-Maven/target/classes/assets/textures/madotsuki.png
21:24:53.090 [FXGL Background Thread 1 ] INFO  FXGLApplication      - Game initialization took: 0,026 sec
21:24:53.125 [JavaFX Application Thread] DEBUG Input                - Clearing active input actions
21:24:53.134 [JavaFX Application Thread] DEBUG GameApplicationServi - Removing overlay from FXGLLoadingScene and adding to GameScene
21:24:53.135 [JavaFX Application Thread] DEBUG PrimaryStageWindow   - FXGLLoadingScene -> GameScene
21:24:53.580 [FXGL Background Thread 4 ] DEBUG FXGLAssetLoaderServi - Loading from file system: jar:file:/C:/Users/Eigenaar/.m2/repository/com/github/almasb/fxgl/11.14/fxgl-11.14.jar!/fxglassets/ui/fonts/Abel-Regular.ttf
21:24:53.593 [FXGL Background Thread 4 ] DEBUG FXGLAssetLoaderServi - Loading from file system: jar:file:/C:/Users/Eigenaar/.m2/repository/com/github/almasb/fxgl/11.14/fxgl-11.14.jar!/fxglassets/ui/fonts/lucida_console.ttf
21:24:53.607 [FXGL Background Thread 4 ] DEBUG FXGLAssetLoaderServi - Loading from file system: jar:file:/C:/Users/Eigenaar/.m2/repository/com/github/almasb/fxgl/11.14/fxgl-11.14.jar!/fxglassets/ui/fonts/Courier-Prime.ttf
21:24:53.618 [JavaFX Application Thread] DEBUG FXGLApplication      - Registering font factories with UI factory
21:24:53.783 [FXGL Background Thread 2 ] INFO  UpdaterService       - Your current version:  11.14
21:24:53.783 [FXGL Background Thread 2 ] INFO  UpdaterService       - Latest stable version: 17.1
21:24:55.918 [FXGL Background Thread 3 ] DEBUG Engine               - Logging environment variables
21:24:55.919 [FXGL Background Thread 3 ] DEBUG Engine               - achievements: []
21:24:55.919 [FXGL Background Thread 3 ] DEBUG Engine               - actualHeight: 800.0
21:24:55.919 [FXGL Background Thread 3 ] DEBUG Engine               - actualHeightProperty: ReadOnlyDoubleProperty [value: 800.0]
21:24:55.919 [FXGL Background Thread 3 ] DEBUG Engine               - actualWidth: 800.0
21:24:55.919 [FXGL Background Thread 3 ] DEBUG Engine               - actualWidthProperty: ReadOnlyDoubleProperty [value: 800.0]
21:24:55.919 [FXGL Background Thread 3 ] DEBUG Engine               - appIcon: fxgl_icon.png
21:24:55.919 [FXGL Background Thread 3 ] DEBUG Engine               - applicationMode: DEVELOPER
21:24:55.919 [FXGL Background Thread 3 ] DEBUG Engine               - cSSList: [fxgl_dark.css]
21:24:55.919 [FXGL Background Thread 3 ] DEBUG Engine               - collisionDetectionStrategy: BRUTE_FORCE
21:24:55.919 [FXGL Background Thread 3 ] DEBUG Engine               - configClass: Optional.empty
21:24:55.919 [FXGL Background Thread 3 ] DEBUG Engine               - credits: []
21:24:55.919 [FXGL Background Thread 3 ] DEBUG Engine               - devBBoxColorProperty: ObjectProperty [value: 0xff0000ff]
21:24:55.920 [FXGL Background Thread 3 ] DEBUG Engine               - devEnableDebugCameraProperty: BooleanProperty [value: false]
21:24:55.920 [FXGL Background Thread 3 ] DEBUG Engine               - devSensorColorProperty: ObjectProperty [value: 0xffff00ff]
21:24:55.920 [FXGL Background Thread 3 ] DEBUG Engine               - devShowBBoxProperty: BooleanProperty [value: false]
21:24:55.920 [FXGL Background Thread 3 ] DEBUG Engine               - devShowPositionProperty: BooleanProperty [value: false]
21:24:55.920 [FXGL Background Thread 3 ] DEBUG Engine               - enabledMenuItems: []
21:24:55.920 [FXGL Background Thread 3 ] DEBUG Engine               - engineServices: [class com.almasb.fxgl.app.services.FXGLAssetLoaderService, class com.almasb.fxgl.app.FXGLApplication$GameApplicationService, class com.almasb.fxgl.app.services.FXGLDialogService, class com.almasb.fxgl.app.services.IOTaskExecutorService, class com.almasb.fxgl.event.EventBusService, class com.almasb.fxgl.io.FileSystemService, class com.almasb.fxgl.localization.LocalizationService, class com.almasb.fxgl.app.services.SystemBundleService, class com.almasb.fxgl.profile.SaveLoadService, class com.almasb.fxgl.ui.FXGLUIFactoryServiceProvider, class com.almasb.fxgl.ui.FXGLDialogFactoryServiceProvider, class com.almasb.fxgl.audio.AudioPlayer, class com.almasb.fxgl.notification.impl.NotificationServiceProvider, class com.almasb.fxgl.achievement.AchievementService, class com.almasb.fxgl.cutscene.CutsceneService, class com.almasb.fxgl.minigames.MiniGameService, class com.almasb.fxgl.net.NetService, class com.almasb.fxgl.app.services.UpdaterService, class com.almasb.fxgl.dev.DevService]
21:24:55.920 [FXGL Background Thread 3 ] DEBUG Engine               - fontGame: Abel-Regular.ttf
21:24:55.920 [FXGL Background Thread 3 ] DEBUG Engine               - fontMono: lucida_console.ttf
21:24:55.920 [FXGL Background Thread 3 ] DEBUG Engine               - fontText: Courier-Prime.ttf
21:24:55.920 [FXGL Background Thread 3 ] DEBUG Engine               - fontUI: VarelaRound-Regular.ttf
21:24:55.920 [FXGL Background Thread 3 ] DEBUG Engine               - fullScreen: BooleanProperty [value: false]
21:24:55.920 [FXGL Background Thread 3 ] DEBUG Engine               - gameDifficulty: MEDIUM
21:24:55.920 [FXGL Background Thread 3 ] DEBUG Engine               - gameDifficultyProperty: ObjectProperty [value: MEDIUM]
21:24:55.920 [FXGL Background Thread 3 ] DEBUG Engine               - globalMusicVolume: 0.5
21:24:55.920 [FXGL Background Thread 3 ] DEBUG Engine               - globalMusicVolumeProperty: DoubleProperty [value: 0.5]
21:24:55.921 [FXGL Background Thread 3 ] DEBUG Engine               - globalSoundVolume: 0.5
21:24:55.921 [FXGL Background Thread 3 ] DEBUG Engine               - globalSoundVolumeProperty: DoubleProperty [value: 0.5]
21:24:55.921 [FXGL Background Thread 3 ] DEBUG Engine               - height: 800
21:24:55.921 [FXGL Background Thread 3 ] DEBUG Engine               - isAndroid: false
21:24:55.921 [FXGL Background Thread 3 ] DEBUG Engine               - isBrowser: false
21:24:55.921 [FXGL Background Thread 3 ] DEBUG Engine               - isClickFeedbackEnabled: false
21:24:55.921 [FXGL Background Thread 3 ] DEBUG Engine               - isCloseConfirmation: false
21:24:55.921 [FXGL Background Thread 3 ] DEBUG Engine               - isDesktop: true
21:24:55.921 [FXGL Background Thread 3 ] DEBUG Engine               - isDeveloperMenuEnabled: false
21:24:55.921 [FXGL Background Thread 3 ] DEBUG Engine               - isEntityPreloadEnabled: true
21:24:55.921 [FXGL Background Thread 3 ] DEBUG Engine               - isExperimental3D: false
21:24:55.921 [FXGL Background Thread 3 ] DEBUG Engine               - isExperimentalNative: false
21:24:55.921 [FXGL Background Thread 3 ] DEBUG Engine               - isExperimentalTiledLargeMap: false
21:24:55.921 [FXGL Background Thread 3 ] DEBUG Engine               - isFileSystemWriteAllowed: true
21:24:55.921 [FXGL Background Thread 3 ] DEBUG Engine               - isFullScreenAllowed: false
21:24:55.921 [FXGL Background Thread 3 ] DEBUG Engine               - isFullScreenFromStart: false
21:24:55.921 [FXGL Background Thread 3 ] DEBUG Engine               - isGameMenuEnabled: true
21:24:55.922 [FXGL Background Thread 3 ] DEBUG Engine               - isIOS: false
21:24:55.922 [FXGL Background Thread 3 ] DEBUG Engine               - isIntroEnabled: false
21:24:55.922 [FXGL Background Thread 3 ] DEBUG Engine               - isLinux: false
21:24:55.922 [FXGL Background Thread 3 ] DEBUG Engine               - isMac: false
21:24:55.922 [FXGL Background Thread 3 ] DEBUG Engine               - isMainMenuEnabled: false
21:24:55.922 [FXGL Background Thread 3 ] DEBUG Engine               - isManualResizeEnabled: false
21:24:55.922 [FXGL Background Thread 3 ] DEBUG Engine               - isMobile: false
21:24:55.922 [FXGL Background Thread 3 ] DEBUG Engine               - isPreserveResizeRatio: false
21:24:55.922 [FXGL Background Thread 3 ] DEBUG Engine               - isProfilingEnabled: false
21:24:55.922 [FXGL Background Thread 3 ] DEBUG Engine               - isScaleAffectedOnResize: true
21:24:55.922 [FXGL Background Thread 3 ] DEBUG Engine               - isSingleStep: false
21:24:55.922 [FXGL Background Thread 3 ] DEBUG Engine               - isUserProfileEnabled: false
21:24:55.922 [FXGL Background Thread 3 ] DEBUG Engine               - isWindows: true
21:24:55.922 [FXGL Background Thread 3 ] DEBUG Engine               - language: ObjectProperty [value: ENGLISH]
21:24:55.922 [FXGL Background Thread 3 ] DEBUG Engine               - menuKey: ESCAPE
21:24:55.922 [FXGL Background Thread 3 ] DEBUG Engine               - notificationViewClass: class com.almasb.fxgl.notification.view.XboxNotificationView
21:24:55.922 [FXGL Background Thread 3 ] DEBUG Engine               - pixelsPerMeter: 50.0
21:24:55.923 [FXGL Background Thread 3 ] DEBUG Engine               - platform: WINDOWS
21:24:55.923 [FXGL Background Thread 3 ] DEBUG Engine               - prefHeightProperty: ReadOnlyDoubleProperty [value: 800.0]
21:24:55.923 [FXGL Background Thread 3 ] DEBUG Engine               - prefWidthProperty: ReadOnlyDoubleProperty [value: 800.0]
21:24:55.923 [FXGL Background Thread 3 ] DEBUG Engine               - profileDir: profiles/
21:24:55.923 [FXGL Background Thread 3 ] DEBUG Engine               - profileName: StringProperty [value: DEFAULT]
21:24:55.923 [FXGL Background Thread 3 ] DEBUG Engine               - randomSeed: -1
21:24:55.923 [FXGL Background Thread 3 ] DEBUG Engine               - runtimeInfo: RuntimeInfo(platform=WINDOWS, version=11.14, build=01.03.2021 16.59)
21:24:55.923 [FXGL Background Thread 3 ] DEBUG Engine               - saveFileExt: sav
21:24:55.923 [FXGL Background Thread 3 ] DEBUG Engine               - scaledHeightProp$fxgl: DoubleProperty [bound, value: 800.0]
21:24:55.923 [FXGL Background Thread 3 ] DEBUG Engine               - scaledWidthProp$fxgl: DoubleProperty [bound, value: 800.0]
21:24:55.923 [FXGL Background Thread 3 ] DEBUG Engine               - sceneFactory: com.almasb.fxgl.app.scene.SceneFactory@59a0fa84
21:24:55.923 [FXGL Background Thread 3 ] DEBUG Engine               - secondsIn24h: 60
21:24:55.923 [FXGL Background Thread 3 ] DEBUG Engine               - soundMenuBack: menu/back.wav
21:24:55.923 [FXGL Background Thread 3 ] DEBUG Engine               - soundMenuPress: menu/press.wav
21:24:55.924 [FXGL Background Thread 3 ] DEBUG Engine               - soundMenuSelect: menu/select.wav
21:24:55.924 [FXGL Background Thread 3 ] DEBUG Engine               - soundNotification: core/notification.wav
21:24:55.924 [FXGL Background Thread 3 ] DEBUG Engine               - stageStyle: DECORATED
21:24:55.924 [FXGL Background Thread 3 ] DEBUG Engine               - supportedLanguages: [ENGLISH, FRENCH, GERMAN, HUNGARIAN, RUSSIAN]
21:24:55.924 [FXGL Background Thread 3 ] DEBUG Engine               - ticksPerSecond: -1
21:24:55.924 [FXGL Background Thread 3 ] DEBUG Engine               - title: Demo game
21:24:55.924 [FXGL Background Thread 3 ] DEBUG Engine               - urlGithub: https://github.com/AlmasB/FXGL
21:24:55.924 [FXGL Background Thread 3 ] DEBUG Engine               - urlLeaderboard: http://fxgl-top.herokuapp.com/
21:24:55.924 [FXGL Background Thread 3 ] DEBUG Engine               - urlPOM: https://raw.githubusercontent.com/AlmasB/FXGL/release/README.md
21:24:55.924 [FXGL Background Thread 3 ] DEBUG Engine               - userAppClass: class Game
21:24:55.924 [FXGL Background Thread 3 ] DEBUG Engine               - version: 1.0
21:24:55.924 [FXGL Background Thread 3 ] DEBUG Engine               - versionCheckDays: 7
21:24:55.924 [FXGL Background Thread 3 ] DEBUG Engine               - width: 800
21:24:55.924 [FXGL Background Thread 3 ] DEBUG Engine               - Logging services
21:24:55.924 [FXGL Background Thread 3 ] DEBUG Engine               - class com.almasb.fxgl.app.services.FXGLAssetLoaderService
21:24:55.924 [FXGL Background Thread 3 ] DEBUG Engine               - class com.almasb.fxgl.app.FXGLApplication$GameApplicationService
21:24:55.924 [FXGL Background Thread 3 ] DEBUG Engine               - class com.almasb.fxgl.app.services.FXGLDialogService
21:24:55.924 [FXGL Background Thread 3 ] DEBUG Engine               - class com.almasb.fxgl.app.services.IOTaskExecutorService
21:24:55.924 [FXGL Background Thread 3 ] DEBUG Engine               - class com.almasb.fxgl.event.EventBusService
21:24:55.925 [FXGL Background Thread 3 ] DEBUG Engine               - class com.almasb.fxgl.io.FileSystemService
21:24:55.925 [FXGL Background Thread 3 ] DEBUG Engine               - class com.almasb.fxgl.localization.LocalizationService
21:24:55.925 [FXGL Background Thread 3 ] DEBUG Engine               - class com.almasb.fxgl.app.services.SystemBundleService
21:24:55.925 [FXGL Background Thread 3 ] DEBUG Engine               - class com.almasb.fxgl.profile.SaveLoadService
21:24:55.925 [FXGL Background Thread 3 ] DEBUG Engine               - class com.almasb.fxgl.ui.FXGLUIFactoryServiceProvider
21:24:55.925 [FXGL Background Thread 3 ] DEBUG Engine               - class com.almasb.fxgl.ui.FXGLDialogFactoryServiceProvider
21:24:55.925 [FXGL Background Thread 3 ] DEBUG Engine               - class com.almasb.fxgl.audio.AudioPlayer
21:24:55.925 [FXGL Background Thread 3 ] DEBUG Engine               - class com.almasb.fxgl.notification.impl.NotificationServiceProvider
21:24:55.925 [FXGL Background Thread 3 ] DEBUG Engine               - class com.almasb.fxgl.achievement.AchievementService
21:24:55.925 [FXGL Background Thread 3 ] DEBUG Engine               - class com.almasb.fxgl.cutscene.CutsceneService
21:24:55.925 [FXGL Background Thread 3 ] DEBUG Engine               - class com.almasb.fxgl.minigames.MiniGameService
21:24:55.925 [FXGL Background Thread 3 ] DEBUG Engine               - class com.almasb.fxgl.net.NetService
21:24:55.925 [FXGL Background Thread 3 ] DEBUG Engine               - class com.almasb.fxgl.app.services.UpdaterService
21:24:55.925 [FXGL Background Thread 3 ] DEBUG Engine               - class com.almasb.fxgl.dev.DevService
21:24:56.076 [JavaFX Application Thread] DEBUG FXGLApplication      - Exiting FXGL
21:24:56.076 [JavaFX Application Thread] DEBUG LoopRunner           - Stopping loop
21:24:56.076 [JavaFX Application Thread] DEBUG SystemBundleService  - Saving FXGL system data
21:24:56.078 [JavaFX Application Thread] DEBUG FileSystemAccess     - Writing to: C:\Users\Eigenaar\OneDrive - Hogeschool Leiden\IPOSE-Maven\system\fxgl.bundle
21:24:56.080 [JavaFX Application Thread] DEBUG Async                - Shutting down background threads
21:24:56.081 [JavaFX Application Thread] DEBUG PrimaryStageWindow   - Closing main window
21:24:56.095 [JavaFX Application Thread] DEBUG Logger               - Closing Logger
