20:38:57.991 [main                     ] DEBUG Logger               - Configured Logger
20:38:58.017 [main                     ] DEBUG GameApplication      - Logging settings
Title: Demo game
Version: 1.0
Width: 800
Height: 800
Fullscreen: false
Intro: false
Profiling: false
Single step:false
App Mode: DEVELOPER
Menu Key: ESCAPE
Stage Style: DECORATED
Scene Factory: class com.almasb.fxgl.app.scene.SceneFactory

20:38:58.682 [JavaFX Application Thread] DEBUG FXGLApplication      - Initializing FXGL
20:38:58.686 [JavaFX Application Thread] INFO  Engine               - FXGL-11.14 (01.03.2021 16.59) on WINDOWS (J:15.0.2 FX:15)
20:38:58.687 [JavaFX Application Thread] DEBUG Engine               - JRE Vendor Name: Oracle Corporation
20:38:58.687 [JavaFX Application Thread] DEBUG Engine               - Running on OS: Windows 10 version 10.0
20:38:58.687 [JavaFX Application Thread] DEBUG Engine               - Architecture: amd64
20:38:58.688 [JavaFX Application Thread] INFO  Engine               - Source code and latest versions at: https://github.com/AlmasB/FXGL
20:38:58.688 [JavaFX Application Thread] INFO  Engine               -              Join the FXGL chat at: https://gitter.im/AlmasB/FXGL
20:38:58.891 [JavaFX Application Thread] DEBUG PrimaryStageWindow   - Creating a JavaFX scene
20:38:58.979 [JavaFX Application Thread] DEBUG PrimaryStageWindow   - Target settings size: 800.0 x 800.0
20:38:58.979 [JavaFX Application Thread] DEBUG PrimaryStageWindow   - Scaled scene size:    800.0 x 800.0
20:38:58.979 [JavaFX Application Thread] DEBUG PrimaryStageWindow   - Scaled ratio: (1.0, 1.0)
20:38:58.981 [JavaFX Application Thread] DEBUG PrimaryStageWindow   - Set initial scene to FXGLStartupScene
20:38:58.991 [JavaFX Application Thread] DEBUG PrimaryStageWindow   - Opening main window
20:38:59.105 [JavaFX Application Thread] DEBUG PrimaryStageWindow   - Window border size: (14.4000244140625, 37.5999755859375)
20:38:59.105 [JavaFX Application Thread] DEBUG PrimaryStageWindow   - Scaled size: 800.0 x 800.0
20:38:59.105 [JavaFX Application Thread] DEBUG PrimaryStageWindow   - Scaled ratio: (1.0, 1.0)
20:38:59.105 [JavaFX Application Thread] DEBUG PrimaryStageWindow   - Scene size: 800.0 x 800.0
20:38:59.106 [JavaFX Application Thread] DEBUG PrimaryStageWindow   - Stage size: 814.4000244140625 x 837.5999755859375
20:38:59.117 [FXGL Background Thread 1 ] DEBUG Engine               - Initializing environment variables
20:38:59.166 [FXGL Background Thread 1 ] DEBUG FXGLAssetLoaderServi - User app class for loading assets: class Game
20:38:59.167 [FXGL Background Thread 1 ] DEBUG GameApplicationServi - Applying CSS: fxgl_dark.css
20:38:59.168 [FXGL Background Thread 1 ] DEBUG FXGLAssetLoaderServi - Loading from file system: jar:file:/C:/Users/fayli/.m2/repository/com/github/almasb/fxgl/11.14/fxgl-11.14.jar!/fxglassets/ui/css/fxgl_dark.css
20:38:59.237 [FXGL Background Thread 1 ] DEBUG GameApplicationServi - Initializing application scenes
20:38:59.282 [FXGL Background Thread 1 ] DEBUG GameWorld            - Game world initialized
20:38:59.370 [FXGL Background Thread 1 ] DEBUG PhysicsWorld         - Physics world initialized: appHeight=800, physics.ppm=50,0
20:38:59.371 [FXGL Background Thread 1 ] DEBUG PhysicsWorld         - Using strategy: BRUTE_FORCE
20:38:59.373 [FXGL Background Thread 1 ] DEBUG GameScene            - Game scene initialized: 800x800
20:38:59.424 [FXGL Background Thread 1 ] DEBUG FXGLAssetLoaderServi - Loading from file system: jar:file:/C:/Users/fayli/.m2/repository/com/github/almasb/fxgl/11.14/fxgl-11.14.jar!/fxglassets/textures/particles/trace_horizontal.png
20:38:59.518 [FXGL Background Thread 1 ] DEBUG FXGL.DefaultMenu     - createMenuBodyGameMenu()
20:38:59.538 [FXGL Background Thread 1 ] DEBUG FXGL.DefaultMenu     - createOptionsMenu()
20:38:59.545 [FXGL Background Thread 1 ] DEBUG FXGLAssetLoaderServi - Loading from file system: jar:file:/C:/Users/fayli/.m2/repository/com/github/almasb/fxgl/11.14/fxgl-11.14.jar!/fxglassets/textures/particles/smoke.png
20:38:59.631 [FXGL Background Thread 1 ] DEBUG GameApplicationServi - Application scenes initialized
20:38:59.644 [FXGL Background Thread 1 ] DEBUG SystemBundleService  - Loading FXGL system data
20:38:59.649 [FXGL Background Thread 1 ] DEBUG FileSystemAccess     - Reading from: C:\Users\fayli\OneDrive - Hogeschool Leiden\Periode 3, Jaar 1\IOOA\Week 6\IPOSE-Maven\system\fxgl.bundle
20:38:59.656 [FXGL Background Thread 1 ] DEBUG SystemBundleService  - Bundle FXGL: {}
20:38:59.656 [FXGL Background Thread 1 ] DEBUG UpdaterService       - Checking for updates
20:38:59.662 [FXGL Background Thread 4 ] DEBUG FXGLApplication      - Loading fonts
20:38:59.662 [FXGL Background Thread 1 ] DEBUG FXGLApplication      - Loading default localization
20:38:59.664 [FXGL Background Thread 1 ] DEBUG FXGLAssetLoaderServi - Loading from file system: jar:file:/C:/Users/fayli/.m2/repository/com/github/almasb/fxgl/11.14/fxgl-11.14.jar!/fxglassets/languages/english.lang
20:38:59.691 [FXGL Background Thread 1 ] INFO  FXGLApplication      - FXGL initialization took: 0,573 sec
20:38:59.707 [JavaFX Application Thread] DEBUG Input                - Registered new binding: action0 - D
20:38:59.709 [JavaFX Application Thread] DEBUG Input                - Registered new binding: action1 - A
20:38:59.710 [JavaFX Application Thread] DEBUG Input                - Registered new binding: action2 - W
20:38:59.710 [JavaFX Application Thread] DEBUG Input                - Registered new binding: action3 - S
20:38:59.711 [JavaFX Application Thread] DEBUG FXGLAssetLoaderServi - Loading from file system: jar:file:/C:/Users/fayli/.m2/repository/com/github/almasb/fxgl/11.14/fxgl-11.14.jar!/fxglassets/textures/fxgl_icon.png
20:38:59.734 [JavaFX Application Thread] DEBUG FXGLAssetLoaderServi - Loading from file system: jar:file:/C:/Users/fayli/.m2/repository/com/github/almasb/fxgl/11.14/fxgl-11.14.jar!/fxglassets/ui/cursors/fxgl_default.png
20:38:59.737 [JavaFX Application Thread] DEBUG Input                - Registered new binding: Screenshot - P
20:38:59.738 [JavaFX Application Thread] DEBUG Input                - Registered new binding: System info dump - CTRL+9
20:38:59.738 [JavaFX Application Thread] DEBUG Input                - Registered new binding: Restart - CTRL+R
20:38:59.739 [JavaFX Application Thread] DEBUG Input                - Registered new binding: Toggle Debug Camera - CTRL+C
20:38:59.742 [JavaFX Application Thread] DEBUG LoopRunner           - Starting loop
20:38:59.743 [JavaFX Application Thread] DEBUG LoopRunner           - Initializing JavaFX AnimationTimerLoop
20:38:59.745 [JavaFX Application Thread] DEBUG GameApplicationServi - Starting new game
20:38:59.746 [JavaFX Application Thread] DEBUG Input                - Clearing active input actions
20:38:59.749 [FXGL Background Thread 4 ] DEBUG FXGLAssetLoaderServi - Loading from file system: jar:file:/C:/Users/fayli/.m2/repository/com/github/almasb/fxgl/11.14/fxgl-11.14.jar!/fxglassets/ui/fonts/Abel-Regular.ttf
20:38:59.755 [FXGL Background Thread 4 ] DEBUG FXGLAssetLoaderServi - Loading from file system: jar:file:/C:/Users/fayli/.m2/repository/com/github/almasb/fxgl/11.14/fxgl-11.14.jar!/fxglassets/ui/fonts/lucida_console.ttf
20:38:59.763 [FXGL Background Thread 4 ] DEBUG FXGLAssetLoaderServi - Loading from file system: jar:file:/C:/Users/fayli/.m2/repository/com/github/almasb/fxgl/11.14/fxgl-11.14.jar!/fxglassets/ui/fonts/Courier-Prime.ttf
20:38:59.766 [JavaFX Application Thread] DEBUG GameApplicationServi - Removing overlay from FXGLStartupScene and adding to FXGLLoadingScene
20:38:59.766 [JavaFX Application Thread] DEBUG PrimaryStageWindow   - FXGLStartupScene -> FXGLLoadingScene
20:38:59.766 [JavaFX Application Thread] DEBUG GameApplicationServi - Clearing previous game
20:38:59.767 [JavaFX Application Thread] DEBUG GameScene            - Clearing game scene
20:38:59.767 [JavaFX Application Thread] DEBUG GameWorld            - Clearing game world
20:38:59.767 [JavaFX Application Thread] DEBUG PhysicsWorld         - Clearing physics world
20:38:59.769 [FXGL Background Thread 1 ] DEBUG FXGLApplication      - Initializing game
20:38:59.772 [FXGL Background Thread 1 ] DEBUG FXGLAssetLoaderServi - Loading from file system: file:/C:/Users/fayli/OneDrive%20-%20Hogeschool%20Leiden/Periode%203,%20Jaar%201/IOOA/Week%206/IPOSE-Maven/target/classes/assets/textures/madotsuki.png
20:38:59.799 [FXGL Background Thread 1 ] INFO  FXGLApplication      - Game initialization took: 0,031 sec
20:38:59.822 [JavaFX Application Thread] DEBUG FXGLApplication      - Registering font factories with UI factory
20:38:59.825 [JavaFX Application Thread] DEBUG Input                - Clearing active input actions
20:38:59.841 [JavaFX Application Thread] DEBUG GameApplicationServi - Removing overlay from FXGLLoadingScene and adding to GameScene
20:38:59.842 [JavaFX Application Thread] DEBUG PrimaryStageWindow   - FXGLLoadingScene -> GameScene
20:39:00.187 [FXGL Background Thread 2 ] INFO  UpdaterService       - Your current version:  11.14
20:39:00.187 [FXGL Background Thread 2 ] INFO  UpdaterService       - Latest stable version: 17.1
20:39:02.661 [FXGL Background Thread 3 ] DEBUG Engine               - Logging environment variables
20:39:02.662 [FXGL Background Thread 3 ] DEBUG Engine               - achievements: []
20:39:02.662 [FXGL Background Thread 3 ] DEBUG Engine               - actualHeight: 800.0
20:39:02.663 [FXGL Background Thread 3 ] DEBUG Engine               - actualHeightProperty: ReadOnlyDoubleProperty [value: 800.0]
20:39:02.664 [FXGL Background Thread 3 ] DEBUG Engine               - actualWidth: 800.0
20:39:02.664 [FXGL Background Thread 3 ] DEBUG Engine               - actualWidthProperty: ReadOnlyDoubleProperty [value: 800.0]
20:39:02.664 [FXGL Background Thread 3 ] DEBUG Engine               - appIcon: fxgl_icon.png
20:39:02.664 [FXGL Background Thread 3 ] DEBUG Engine               - applicationMode: DEVELOPER
20:39:02.664 [FXGL Background Thread 3 ] DEBUG Engine               - cSSList: [fxgl_dark.css]
20:39:02.665 [FXGL Background Thread 3 ] DEBUG Engine               - collisionDetectionStrategy: BRUTE_FORCE
20:39:02.665 [FXGL Background Thread 3 ] DEBUG Engine               - configClass: Optional.empty
20:39:02.666 [FXGL Background Thread 3 ] DEBUG Engine               - credits: []
20:39:02.667 [FXGL Background Thread 3 ] DEBUG Engine               - devBBoxColorProperty: ObjectProperty [value: 0xff0000ff]
20:39:02.667 [FXGL Background Thread 3 ] DEBUG Engine               - devEnableDebugCameraProperty: BooleanProperty [value: false]
20:39:02.668 [FXGL Background Thread 3 ] DEBUG Engine               - devSensorColorProperty: ObjectProperty [value: 0xffff00ff]
20:39:02.668 [FXGL Background Thread 3 ] DEBUG Engine               - devShowBBoxProperty: BooleanProperty [value: false]
20:39:02.668 [FXGL Background Thread 3 ] DEBUG Engine               - devShowPositionProperty: BooleanProperty [value: false]
20:39:02.669 [FXGL Background Thread 3 ] DEBUG Engine               - enabledMenuItems: []
20:39:02.669 [FXGL Background Thread 3 ] DEBUG Engine               - engineServices: [class com.almasb.fxgl.app.services.FXGLAssetLoaderService, class com.almasb.fxgl.app.FXGLApplication$GameApplicationService, class com.almasb.fxgl.app.services.FXGLDialogService, class com.almasb.fxgl.app.services.IOTaskExecutorService, class com.almasb.fxgl.event.EventBusService, class com.almasb.fxgl.io.FileSystemService, class com.almasb.fxgl.localization.LocalizationService, class com.almasb.fxgl.app.services.SystemBundleService, class com.almasb.fxgl.profile.SaveLoadService, class com.almasb.fxgl.ui.FXGLUIFactoryServiceProvider, class com.almasb.fxgl.ui.FXGLDialogFactoryServiceProvider, class com.almasb.fxgl.audio.AudioPlayer, class com.almasb.fxgl.notification.impl.NotificationServiceProvider, class com.almasb.fxgl.achievement.AchievementService, class com.almasb.fxgl.cutscene.CutsceneService, class com.almasb.fxgl.minigames.MiniGameService, class com.almasb.fxgl.net.NetService, class com.almasb.fxgl.app.services.UpdaterService, class com.almasb.fxgl.dev.DevService]
20:39:02.670 [FXGL Background Thread 3 ] DEBUG Engine               - fontGame: Abel-Regular.ttf
20:39:02.670 [FXGL Background Thread 3 ] DEBUG Engine               - fontMono: lucida_console.ttf
20:39:02.671 [FXGL Background Thread 3 ] DEBUG Engine               - fontText: Courier-Prime.ttf
20:39:02.671 [FXGL Background Thread 3 ] DEBUG Engine               - fontUI: VarelaRound-Regular.ttf
20:39:02.671 [FXGL Background Thread 3 ] DEBUG Engine               - fullScreen: BooleanProperty [value: false]
20:39:02.671 [FXGL Background Thread 3 ] DEBUG Engine               - gameDifficulty: MEDIUM
20:39:02.672 [FXGL Background Thread 3 ] DEBUG Engine               - gameDifficultyProperty: ObjectProperty [value: MEDIUM]
20:39:02.673 [FXGL Background Thread 3 ] DEBUG Engine               - globalMusicVolume: 0.5
20:39:02.674 [FXGL Background Thread 3 ] DEBUG Engine               - globalMusicVolumeProperty: DoubleProperty [value: 0.5]
20:39:02.674 [FXGL Background Thread 3 ] DEBUG Engine               - globalSoundVolume: 0.5
20:39:02.675 [FXGL Background Thread 3 ] DEBUG Engine               - globalSoundVolumeProperty: DoubleProperty [value: 0.5]
20:39:02.676 [FXGL Background Thread 3 ] DEBUG Engine               - height: 800
20:39:02.676 [FXGL Background Thread 3 ] DEBUG Engine               - isAndroid: false
20:39:02.676 [FXGL Background Thread 3 ] DEBUG Engine               - isBrowser: false
20:39:02.676 [FXGL Background Thread 3 ] DEBUG Engine               - isClickFeedbackEnabled: false
20:39:02.677 [FXGL Background Thread 3 ] DEBUG Engine               - isCloseConfirmation: false
20:39:02.677 [FXGL Background Thread 3 ] DEBUG Engine               - isDesktop: true
20:39:02.677 [FXGL Background Thread 3 ] DEBUG Engine               - isDeveloperMenuEnabled: false
20:39:02.677 [FXGL Background Thread 3 ] DEBUG Engine               - isEntityPreloadEnabled: true
20:39:02.678 [FXGL Background Thread 3 ] DEBUG Engine               - isExperimental3D: false
20:39:02.678 [FXGL Background Thread 3 ] DEBUG Engine               - isExperimentalNative: false
20:39:02.679 [FXGL Background Thread 3 ] DEBUG Engine               - isExperimentalTiledLargeMap: false
20:39:02.679 [FXGL Background Thread 3 ] DEBUG Engine               - isFileSystemWriteAllowed: true
20:39:02.680 [FXGL Background Thread 3 ] DEBUG Engine               - isFullScreenAllowed: false
20:39:02.680 [FXGL Background Thread 3 ] DEBUG Engine               - isFullScreenFromStart: false
20:39:02.680 [FXGL Background Thread 3 ] DEBUG Engine               - isGameMenuEnabled: true
20:39:02.681 [FXGL Background Thread 3 ] DEBUG Engine               - isIOS: false
20:39:02.681 [FXGL Background Thread 3 ] DEBUG Engine               - isIntroEnabled: false
20:39:02.681 [FXGL Background Thread 3 ] DEBUG Engine               - isLinux: false
20:39:02.681 [FXGL Background Thread 3 ] DEBUG Engine               - isMac: false
20:39:02.682 [FXGL Background Thread 3 ] DEBUG Engine               - isMainMenuEnabled: false
20:39:02.682 [FXGL Background Thread 3 ] DEBUG Engine               - isManualResizeEnabled: false
20:39:02.682 [FXGL Background Thread 3 ] DEBUG Engine               - isMobile: false
20:39:02.683 [FXGL Background Thread 3 ] DEBUG Engine               - isPreserveResizeRatio: false
20:39:02.683 [FXGL Background Thread 3 ] DEBUG Engine               - isProfilingEnabled: false
20:39:02.683 [FXGL Background Thread 3 ] DEBUG Engine               - isScaleAffectedOnResize: true
20:39:02.684 [FXGL Background Thread 3 ] DEBUG Engine               - isSingleStep: false
20:39:02.684 [FXGL Background Thread 3 ] DEBUG Engine               - isUserProfileEnabled: false
20:39:02.685 [FXGL Background Thread 3 ] DEBUG Engine               - isWindows: true
20:39:02.685 [FXGL Background Thread 3 ] DEBUG Engine               - language: ObjectProperty [value: ENGLISH]
20:39:02.685 [FXGL Background Thread 3 ] DEBUG Engine               - menuKey: ESCAPE
20:39:02.685 [FXGL Background Thread 3 ] DEBUG Engine               - notificationViewClass: class com.almasb.fxgl.notification.view.XboxNotificationView
20:39:02.686 [FXGL Background Thread 3 ] DEBUG Engine               - pixelsPerMeter: 50.0
20:39:02.686 [FXGL Background Thread 3 ] DEBUG Engine               - platform: WINDOWS
20:39:02.686 [FXGL Background Thread 3 ] DEBUG Engine               - prefHeightProperty: ReadOnlyDoubleProperty [value: 800.0]
20:39:02.687 [FXGL Background Thread 3 ] DEBUG Engine               - prefWidthProperty: ReadOnlyDoubleProperty [value: 800.0]
20:39:02.687 [FXGL Background Thread 3 ] DEBUG Engine               - profileDir: profiles/
20:39:02.687 [FXGL Background Thread 3 ] DEBUG Engine               - profileName: StringProperty [value: DEFAULT]
20:39:02.688 [FXGL Background Thread 3 ] DEBUG Engine               - randomSeed: -1
20:39:02.688 [FXGL Background Thread 3 ] DEBUG Engine               - runtimeInfo: RuntimeInfo(platform=WINDOWS, version=11.14, build=01.03.2021 16.59)
20:39:02.688 [FXGL Background Thread 3 ] DEBUG Engine               - saveFileExt: sav
20:39:02.688 [FXGL Background Thread 3 ] DEBUG Engine               - scaledHeightProp$fxgl: DoubleProperty [bound, value: 800.0]
20:39:02.689 [FXGL Background Thread 3 ] DEBUG Engine               - scaledWidthProp$fxgl: DoubleProperty [bound, value: 800.0]
20:39:02.689 [FXGL Background Thread 3 ] DEBUG Engine               - sceneFactory: com.almasb.fxgl.app.scene.SceneFactory@7ee63e8f
20:39:02.690 [FXGL Background Thread 3 ] DEBUG Engine               - secondsIn24h: 60
20:39:02.690 [FXGL Background Thread 3 ] DEBUG Engine               - soundMenuBack: menu/back.wav
20:39:02.690 [FXGL Background Thread 3 ] DEBUG Engine               - soundMenuPress: menu/press.wav
20:39:02.691 [FXGL Background Thread 3 ] DEBUG Engine               - soundMenuSelect: menu/select.wav
20:39:02.691 [FXGL Background Thread 3 ] DEBUG Engine               - soundNotification: core/notification.wav
20:39:02.691 [FXGL Background Thread 3 ] DEBUG Engine               - stageStyle: DECORATED
20:39:02.691 [FXGL Background Thread 3 ] DEBUG Engine               - supportedLanguages: [ENGLISH, FRENCH, GERMAN, HUNGARIAN, RUSSIAN]
20:39:02.692 [FXGL Background Thread 3 ] DEBUG Engine               - ticksPerSecond: -1
20:39:02.692 [FXGL Background Thread 3 ] DEBUG Engine               - title: Demo game
20:39:02.692 [FXGL Background Thread 3 ] DEBUG Engine               - urlGithub: https://github.com/AlmasB/FXGL
20:39:02.692 [FXGL Background Thread 3 ] DEBUG Engine               - urlLeaderboard: http://fxgl-top.herokuapp.com/
20:39:02.693 [FXGL Background Thread 3 ] DEBUG Engine               - urlPOM: https://raw.githubusercontent.com/AlmasB/FXGL/release/README.md
20:39:02.693 [FXGL Background Thread 3 ] DEBUG Engine               - userAppClass: class Game
20:39:02.693 [FXGL Background Thread 3 ] DEBUG Engine               - version: 1.0
20:39:02.694 [FXGL Background Thread 3 ] DEBUG Engine               - versionCheckDays: 7
20:39:02.694 [FXGL Background Thread 3 ] DEBUG Engine               - width: 800
20:39:02.695 [FXGL Background Thread 3 ] DEBUG Engine               - Logging services
20:39:02.695 [FXGL Background Thread 3 ] DEBUG Engine               - class com.almasb.fxgl.app.services.FXGLAssetLoaderService
20:39:02.695 [FXGL Background Thread 3 ] DEBUG Engine               - class com.almasb.fxgl.app.FXGLApplication$GameApplicationService
20:39:02.696 [FXGL Background Thread 3 ] DEBUG Engine               - class com.almasb.fxgl.app.services.FXGLDialogService
20:39:02.696 [FXGL Background Thread 3 ] DEBUG Engine               - class com.almasb.fxgl.app.services.IOTaskExecutorService
20:39:02.696 [FXGL Background Thread 3 ] DEBUG Engine               - class com.almasb.fxgl.event.EventBusService
20:39:02.697 [FXGL Background Thread 3 ] DEBUG Engine               - class com.almasb.fxgl.io.FileSystemService
20:39:02.697 [FXGL Background Thread 3 ] DEBUG Engine               - class com.almasb.fxgl.localization.LocalizationService
20:39:02.697 [FXGL Background Thread 3 ] DEBUG Engine               - class com.almasb.fxgl.app.services.SystemBundleService
20:39:02.698 [FXGL Background Thread 3 ] DEBUG Engine               - class com.almasb.fxgl.profile.SaveLoadService
20:39:02.698 [FXGL Background Thread 3 ] DEBUG Engine               - class com.almasb.fxgl.ui.FXGLUIFactoryServiceProvider
20:39:02.698 [FXGL Background Thread 3 ] DEBUG Engine               - class com.almasb.fxgl.ui.FXGLDialogFactoryServiceProvider
20:39:02.698 [FXGL Background Thread 3 ] DEBUG Engine               - class com.almasb.fxgl.audio.AudioPlayer
20:39:02.699 [FXGL Background Thread 3 ] DEBUG Engine               - class com.almasb.fxgl.notification.impl.NotificationServiceProvider
20:39:02.699 [FXGL Background Thread 3 ] DEBUG Engine               - class com.almasb.fxgl.achievement.AchievementService
20:39:02.700 [FXGL Background Thread 3 ] DEBUG Engine               - class com.almasb.fxgl.cutscene.CutsceneService
20:39:02.700 [FXGL Background Thread 3 ] DEBUG Engine               - class com.almasb.fxgl.minigames.MiniGameService
20:39:02.701 [FXGL Background Thread 3 ] DEBUG Engine               - class com.almasb.fxgl.net.NetService
20:39:02.701 [FXGL Background Thread 3 ] DEBUG Engine               - class com.almasb.fxgl.app.services.UpdaterService
20:39:02.701 [FXGL Background Thread 3 ] DEBUG Engine               - class com.almasb.fxgl.dev.DevService
20:39:05.585 [JavaFX Application Thread] DEBUG FXGLApplication      - Exiting FXGL
20:39:05.586 [JavaFX Application Thread] DEBUG LoopRunner           - Stopping loop
20:39:05.586 [JavaFX Application Thread] DEBUG SystemBundleService  - Saving FXGL system data
20:39:05.590 [JavaFX Application Thread] DEBUG FileSystemAccess     - Writing to: C:\Users\fayli\OneDrive - Hogeschool Leiden\Periode 3, Jaar 1\IOOA\Week 6\IPOSE-Maven\system\fxgl.bundle
20:39:05.593 [JavaFX Application Thread] DEBUG Async                - Shutting down background threads
20:39:05.594 [JavaFX Application Thread] DEBUG PrimaryStageWindow   - Closing main window
20:39:05.621 [JavaFX Application Thread] DEBUG Logger               - Closing Logger
