10:37:20.262 [main                     ] DEBUG Logger               - Configured Logger
10:37:20.358 [main                     ] DEBUG GameApplication      - Logging settings
Title: Demo game
Version: 1.1
Width: 1050
Height: 700
Fullscreen: false
Intro: false
Profiling: false
Single step:false
App Mode: DEVELOPER
Menu Key: ESCAPE
Stage Style: DECORATED
Scene Factory: class com.almasb.fxgl.app.scene.SceneFactory

10:37:21.891 [JavaFX Application Thread] DEBUG FXGLApplication      - Initializing FXGL
10:37:21.899 [JavaFX Application Thread] INFO  Engine               - FXGL-11.14 (01.03.2021 16.59) on WINDOWS (J:15.0.2 FX:15)
10:37:21.900 [JavaFX Application Thread] DEBUG Engine               - JRE Vendor Name: Amazon.com Inc.
10:37:21.900 [JavaFX Application Thread] DEBUG Engine               - Running on OS: Windows 10 version 10.0
10:37:21.901 [JavaFX Application Thread] DEBUG Engine               - Architecture: amd64
10:37:21.901 [JavaFX Application Thread] INFO  Engine               - Source code and latest versions at: https://github.com/AlmasB/FXGL
10:37:21.902 [JavaFX Application Thread] INFO  Engine               -              Join the FXGL chat at: https://gitter.im/AlmasB/FXGL
10:37:22.396 [JavaFX Application Thread] DEBUG PrimaryStageWindow   - Creating a JavaFX scene
10:37:22.654 [JavaFX Application Thread] DEBUG PrimaryStageWindow   - Target settings size: 1050.0 x 700.0
10:37:22.655 [JavaFX Application Thread] DEBUG PrimaryStageWindow   - Scaled scene size:    1050.0 x 700.0
10:37:22.656 [JavaFX Application Thread] DEBUG PrimaryStageWindow   - Scaled ratio: (1.0, 1.0)
10:37:22.659 [JavaFX Application Thread] DEBUG PrimaryStageWindow   - Set initial scene to FXGLStartupScene
10:37:22.683 [JavaFX Application Thread] DEBUG PrimaryStageWindow   - Opening main window
10:37:22.951 [JavaFX Application Thread] DEBUG PrimaryStageWindow   - Window border size: (14.800048828125, 37.5999755859375)
10:37:22.952 [JavaFX Application Thread] DEBUG PrimaryStageWindow   - Scaled size: 1050.0 x 700.0
10:37:22.955 [JavaFX Application Thread] DEBUG PrimaryStageWindow   - Scaled ratio: (1.0, 1.0)
10:37:22.956 [JavaFX Application Thread] DEBUG PrimaryStageWindow   - Scene size: 1050.0 x 700.0
10:37:22.957 [JavaFX Application Thread] DEBUG PrimaryStageWindow   - Stage size: 1064.800048828125 x 737.5999755859375
10:37:23.124 [FXGL Background Thread 1 ] DEBUG Engine               - Initializing environment variables
10:37:23.287 [FXGL Background Thread 1 ] DEBUG FXGLAssetLoaderServi - User app class for loading assets: class Game
10:37:23.288 [FXGL Background Thread 1 ] DEBUG GameApplicationServi - Applying CSS: fxgl_dark.css
10:37:23.290 [FXGL Background Thread 1 ] DEBUG FXGLAssetLoaderServi - Loading from file system: jar:file:/C:/Users/jfran/.m2/repository/com/github/almasb/fxgl/11.14/fxgl-11.14.jar!/fxglassets/ui/css/fxgl_dark.css
10:37:23.491 [FXGL Background Thread 1 ] DEBUG GameApplicationServi - Initializing application scenes
10:37:23.734 [FXGL Background Thread 1 ] DEBUG GameWorld            - Game world initialized
10:37:23.976 [FXGL Background Thread 1 ] DEBUG PhysicsWorld         - Physics world initialized: appHeight=700, physics.ppm=50,0
10:37:23.978 [FXGL Background Thread 1 ] DEBUG PhysicsWorld         - Using strategy: BRUTE_FORCE
10:37:23.989 [FXGL Background Thread 1 ] DEBUG GameScene            - Game scene initialized: 1050x700
10:37:24.132 [FXGL Background Thread 1 ] DEBUG FXGLAssetLoaderServi - Loading from file system: jar:file:/C:/Users/jfran/.m2/repository/com/github/almasb/fxgl/11.14/fxgl-11.14.jar!/fxglassets/textures/particles/trace_horizontal.png
10:37:24.343 [FXGL Background Thread 1 ] DEBUG FXGL.DefaultMenu     - createMenuBodyGameMenu()
10:37:24.402 [FXGL Background Thread 1 ] DEBUG FXGL.DefaultMenu     - createOptionsMenu()
10:37:24.427 [FXGL Background Thread 1 ] DEBUG FXGLAssetLoaderServi - Loading from file system: jar:file:/C:/Users/jfran/.m2/repository/com/github/almasb/fxgl/11.14/fxgl-11.14.jar!/fxglassets/textures/particles/smoke.png
10:37:24.666 [FXGL Background Thread 1 ] DEBUG GameApplicationServi - Application scenes initialized
10:37:24.703 [FXGL Background Thread 1 ] DEBUG SystemBundleService  - Loading FXGL system data
10:37:24.717 [FXGL Background Thread 1 ] DEBUG FileSystemAccess     - Reading from: C:\Users\jfran\OneDrive - Hogeschool Leiden\IPOSE-Maven\system\fxgl.bundle
10:37:24.736 [FXGL Background Thread 1 ] DEBUG SystemBundleService  - Bundle FXGL: {}
10:37:24.737 [FXGL Background Thread 1 ] DEBUG UpdaterService       - Checking for updates
10:37:24.751 [FXGL Background Thread 1 ] DEBUG FXGLApplication      - Loading default localization
10:37:24.753 [FXGL Background Thread 1 ] DEBUG FXGLAssetLoaderServi - Loading from file system: jar:file:/C:/Users/jfran/.m2/repository/com/github/almasb/fxgl/11.14/fxgl-11.14.jar!/fxglassets/languages/english.lang
10:37:24.769 [FXGL Background Thread 4 ] DEBUG FXGLApplication      - Loading fonts
10:37:24.773 [FXGL Background Thread 4 ] DEBUG FXGLAssetLoaderServi - Loading from file system: jar:file:/C:/Users/jfran/.m2/repository/com/github/almasb/fxgl/11.14/fxgl-11.14.jar!/fxglassets/ui/fonts/VarelaRound-Regular.ttf
10:37:24.849 [FXGL Background Thread 1 ] INFO  FXGLApplication      - FXGL initialization took: 1,725 sec
10:37:24.882 [JavaFX Application Thread] DEBUG Input                - Registered new binding: action0 - D
10:37:24.884 [JavaFX Application Thread] DEBUG Input                - Registered new binding: action1 - A
10:37:24.885 [JavaFX Application Thread] DEBUG Input                - Registered new binding: action2 - W
10:37:24.886 [JavaFX Application Thread] DEBUG Input                - Registered new binding: action3 - S
10:37:24.888 [JavaFX Application Thread] DEBUG FXGLAssetLoaderServi - Loading from file system: jar:file:/C:/Users/jfran/.m2/repository/com/github/almasb/fxgl/11.14/fxgl-11.14.jar!/fxglassets/textures/fxgl_icon.png
10:37:24.939 [JavaFX Application Thread] DEBUG FXGLAssetLoaderServi - Loading from file system: jar:file:/C:/Users/jfran/.m2/repository/com/github/almasb/fxgl/11.14/fxgl-11.14.jar!/fxglassets/ui/cursors/fxgl_default.png
10:37:24.946 [JavaFX Application Thread] DEBUG Input                - Registered new binding: Screenshot - P
10:37:24.949 [JavaFX Application Thread] DEBUG Input                - Registered new binding: System info dump - CTRL+9
10:37:24.951 [JavaFX Application Thread] DEBUG Input                - Registered new binding: Restart - CTRL+R
10:37:24.957 [JavaFX Application Thread] DEBUG Input                - Registered new binding: Toggle Debug Camera - CTRL+C
10:37:24.984 [JavaFX Application Thread] DEBUG LoopRunner           - Starting loop
10:37:24.984 [JavaFX Application Thread] DEBUG LoopRunner           - Initializing JavaFX AnimationTimerLoop
10:37:24.991 [JavaFX Application Thread] DEBUG GameApplicationServi - Starting new game
10:37:24.992 [JavaFX Application Thread] DEBUG Input                - Clearing active input actions
10:37:25.036 [JavaFX Application Thread] DEBUG GameApplicationServi - Removing overlay from FXGLStartupScene and adding to FXGLLoadingScene
10:37:25.037 [JavaFX Application Thread] DEBUG PrimaryStageWindow   - FXGLStartupScene -> FXGLLoadingScene
10:37:25.037 [JavaFX Application Thread] DEBUG GameApplicationServi - Clearing previous game
10:37:25.038 [JavaFX Application Thread] DEBUG GameScene            - Clearing game scene
10:37:25.039 [JavaFX Application Thread] DEBUG GameWorld            - Clearing game world
10:37:25.045 [JavaFX Application Thread] DEBUG PhysicsWorld         - Clearing physics world
10:37:25.058 [FXGL Background Thread 1 ] DEBUG FXGLApplication      - Initializing game
10:37:25.220 [FXGL Background Thread 1 ] WARN  TMXLevelLoader       - TiledMap generated from 1.0.1. Supported version: 1.2.3. Some features may not be parsed fully.
10:37:25.264 [FXGL Background Thread 1 ] DEBUG TMXLevelLoader       - Parsed raw map: TiledMap(width=15, height=10, tilewidth=70, tileheight=70, orientation=orthogonal, layers=[Layer(width=15, height=10, name=Tile Layer 1, type=tilelayer, visible=false, x=0, y=0, data=[153, 0, 0, 0, 0, 0, 0, 0, 0, 0, 0, 0, 0, 0, 0, 153, 2, 0, 0, 69, 57, 45, 0, 0, 0, 0, 0, 0, 0, 0, 153, 10, 0, 0, 0, 0, 0, 0, 0, 0, 0, 0, 0, 0, 0, 153, 153, 0, 0, 0, 0, 0, 0, 15, 3, 3, 27, 0, 0, 0, 153, 153, 0, 0, 0, 0, 0, 0, 0, 0, 0, 0, 0, 0, 0, 153, 153, 0, 0, 0, 0, 0, 0, 0, 0, 0, 0, 0, 0, 116, 153, 153, 0, 0, 0, 0, 0, 0, 15, 3, 3, 27, 0, 116, 153, 153, 153, 0, 0, 69, 81, 57, 0, 0, 0, 0, 0, 0, 153, 153, 153, 153, 0, 0, 0, 0, 0, 0, 0, 0, 0, 0, 0, 153, 153, 153, 153, 10, 105, 0, 0, 0, 129, 105, 0, 0, 0, 129, 153, 153], objects=[], opacity=0.0, draworder=), Layer(width=0, height=0, name=Object Layer 1, type=objectgroup, visible=false, x=0, y=0, data=[], objects=[com.almasb.fxgl.entity.level.tiled.TiledObject@3be15b18, com.almasb.fxgl.entity.level.tiled.TiledObject@796e7fff, com.almasb.fxgl.entity.level.tiled.TiledObject@63c7db00, com.almasb.fxgl.entity.level.tiled.TiledObject@7785e5c3, com.almasb.fxgl.entity.level.tiled.TiledObject@468d59b0, com.almasb.fxgl.entity.level.tiled.TiledObject@4c965719, com.almasb.fxgl.entity.level.tiled.TiledObject@11549a50, com.almasb.fxgl.entity.level.tiled.TiledObject@4927de44, com.almasb.fxgl.entity.level.tiled.TiledObject@65cb4e09, com.almasb.fxgl.entity.level.tiled.TiledObject@1b1be336, com.almasb.fxgl.entity.level.tiled.TiledObject@2ea87c1f, com.almasb.fxgl.entity.level.tiled.TiledObject@590a5270, com.almasb.fxgl.entity.level.tiled.TiledObject@660ee45e, com.almasb.fxgl.entity.level.tiled.TiledObject@22c8a9fa, com.almasb.fxgl.entity.level.tiled.TiledObject@4fed6138, com.almasb.fxgl.entity.level.tiled.TiledObject@447f2367, com.almasb.fxgl.entity.level.tiled.TiledObject@55c213a2, com.almasb.fxgl.entity.level.tiled.TiledObject@3222f799, com.almasb.fxgl.entity.level.tiled.TiledObject@16e2a444], opacity=0.0, draworder=)], tilesets=[Tileset(firstgid=1, image=../textures/tiles_spritesheet.png, name=tiles_spritesheet, tilewidth=70, tileheight=70, imagewidth=914, imageheight=936, margin=0, spacing=2, columns=12, tilecount=156, transparentcolor=, tiles=[])], backgroundcolor=, renderorder=right-down, nextobjectid=20, version=1, tiledversion=1.0.1, type=map, infinite=false, hexsidelength=0, staggeraxis=, staggerindex=, properties={}, propertytypes={})
10:37:25.266 [FXGL Background Thread 1 ] DEBUG TMXLevelLoader       - Creating tile layer entities
10:37:25.269 [FXGL Background Thread 1 ] DEBUG TilesetLoader        - Loading view for layer Tile Layer 1
10:37:25.272 [FXGL Background Thread 1 ] DEBUG TilesetLoader        - Created buffer with size 1050.0x700.0
10:37:25.275 [FXGL Background Thread 1 ] WARN  TilesetLoader        - tiles_spritesheet.png cannot be loaded using mapURL=file:/C:/Users/jfran/OneDrive%20-%20Hogeschool%20Leiden/IPOSE-Maven/target/classes/assets/levels/gametest3.tmx Error: java.io.FileNotFoundException: C:\Users\jfran\OneDrive - Hogeschool Leiden\IPOSE-Maven\target\classes\assets\levels\tiles_spritesheet.png (The system cannot find the file specified)
10:37:25.686 [FXGL Background Thread 4 ] DEBUG FXGLAssetLoaderServi - Loading from file system: jar:file:/C:/Users/jfran/.m2/repository/com/github/almasb/fxgl/11.14/fxgl-11.14.jar!/fxglassets/ui/fonts/Abel-Regular.ttf
10:37:25.713 [FXGL Background Thread 4 ] DEBUG FXGLAssetLoaderServi - Loading from file system: jar:file:/C:/Users/jfran/.m2/repository/com/github/almasb/fxgl/11.14/fxgl-11.14.jar!/fxglassets/ui/fonts/lucida_console.ttf
10:37:25.751 [FXGL Background Thread 4 ] DEBUG FXGLAssetLoaderServi - Loading from file system: jar:file:/C:/Users/jfran/.m2/repository/com/github/almasb/fxgl/11.14/fxgl-11.14.jar!/fxglassets/ui/fonts/Courier-Prime.ttf
10:37:25.970 [JavaFX Application Thread] DEBUG FXGLApplication      - Registering font factories with UI factory
10:37:26.376 [FXGL Background Thread 1 ] DEBUG TilesetLoader        - Writing to buffer: dst=0,0, w=70,h=70, src=576,864
10:37:26.379 [FXGL Background Thread 1 ] DEBUG TilesetLoader        - Writing to buffer: dst=0,70, w=70,h=70, src=576,864
10:37:26.379 [FXGL Background Thread 1 ] DEBUG TilesetLoader        - Writing to buffer: dst=70,70, w=70,h=70, src=72,0
10:37:26.418 [FXGL Background Thread 1 ] DEBUG TilesetLoader        - Writing to buffer: dst=280,70, w=70,h=70, src=576,360
10:37:26.418 [FXGL Background Thread 1 ] DEBUG TilesetLoader        - Writing to buffer: dst=350,70, w=70,h=70, src=576,288
10:37:26.419 [FXGL Background Thread 1 ] DEBUG TilesetLoader        - Writing to buffer: dst=420,70, w=70,h=70, src=576,216
10:37:26.419 [FXGL Background Thread 1 ] DEBUG TilesetLoader        - Writing to buffer: dst=0,140, w=70,h=70, src=576,864
10:37:26.420 [FXGL Background Thread 1 ] DEBUG TilesetLoader        - Writing to buffer: dst=70,140, w=70,h=70, src=648,0
10:37:26.421 [FXGL Background Thread 1 ] DEBUG TilesetLoader        - Writing to buffer: dst=0,210, w=70,h=70, src=576,864
10:37:26.422 [FXGL Background Thread 1 ] DEBUG TilesetLoader        - Writing to buffer: dst=70,210, w=70,h=70, src=576,864
10:37:26.479 [FXGL Background Thread 1 ] DEBUG TilesetLoader        - Writing to buffer: dst=560,210, w=70,h=70, src=144,72
10:37:26.481 [FXGL Background Thread 1 ] DEBUG TilesetLoader        - Writing to buffer: dst=630,210, w=70,h=70, src=144,0
10:37:26.482 [FXGL Background Thread 1 ] DEBUG TilesetLoader        - Writing to buffer: dst=700,210, w=70,h=70, src=144,0
10:37:26.483 [FXGL Background Thread 1 ] DEBUG TilesetLoader        - Writing to buffer: dst=770,210, w=70,h=70, src=144,144
10:37:26.487 [FXGL Background Thread 1 ] DEBUG TilesetLoader        - Writing to buffer: dst=0,280, w=70,h=70, src=576,864
10:37:26.488 [FXGL Background Thread 1 ] DEBUG TilesetLoader        - Writing to buffer: dst=70,280, w=70,h=70, src=576,864
10:37:26.490 [FXGL Background Thread 2 ] INFO  UpdaterService       - Your current version:  11.14
10:37:26.490 [FXGL Background Thread 1 ] DEBUG TilesetLoader        - Writing to buffer: dst=0,350, w=70,h=70, src=576,864
10:37:26.491 [FXGL Background Thread 2 ] INFO  UpdaterService       - Latest stable version: 17.1
10:37:26.491 [FXGL Background Thread 1 ] DEBUG TilesetLoader        - Writing to buffer: dst=70,350, w=70,h=70, src=576,864
10:37:26.492 [FXGL Background Thread 1 ] DEBUG TilesetLoader        - Writing to buffer: dst=980,350, w=70,h=70, src=504,648
10:37:26.492 [FXGL Background Thread 1 ] DEBUG TilesetLoader        - Writing to buffer: dst=0,420, w=70,h=70, src=576,864
10:37:26.493 [FXGL Background Thread 1 ] DEBUG TilesetLoader        - Writing to buffer: dst=70,420, w=70,h=70, src=576,864
10:37:26.493 [FXGL Background Thread 1 ] DEBUG TilesetLoader        - Writing to buffer: dst=560,420, w=70,h=70, src=144,72
10:37:26.494 [FXGL Background Thread 1 ] DEBUG TilesetLoader        - Writing to buffer: dst=630,420, w=70,h=70, src=144,0
10:37:26.508 [FXGL Background Thread 1 ] DEBUG TilesetLoader        - Writing to buffer: dst=700,420, w=70,h=70, src=144,0
10:37:26.509 [FXGL Background Thread 1 ] DEBUG TilesetLoader        - Writing to buffer: dst=770,420, w=70,h=70, src=144,144
10:37:26.510 [FXGL Background Thread 1 ] DEBUG TilesetLoader        - Writing to buffer: dst=910,420, w=70,h=70, src=504,648
10:37:26.510 [FXGL Background Thread 1 ] DEBUG TilesetLoader        - Writing to buffer: dst=980,420, w=70,h=70, src=576,864
10:37:26.511 [FXGL Background Thread 1 ] DEBUG TilesetLoader        - Writing to buffer: dst=0,490, w=70,h=70, src=576,864
10:37:26.511 [FXGL Background Thread 1 ] DEBUG TilesetLoader        - Writing to buffer: dst=70,490, w=70,h=70, src=576,864
10:37:26.512 [FXGL Background Thread 1 ] DEBUG TilesetLoader        - Writing to buffer: dst=280,490, w=70,h=70, src=576,360
10:37:26.512 [FXGL Background Thread 1 ] DEBUG TilesetLoader        - Writing to buffer: dst=350,490, w=70,h=70, src=576,432
10:37:26.512 [FXGL Background Thread 1 ] DEBUG TilesetLoader        - Writing to buffer: dst=420,490, w=70,h=70, src=576,288
10:37:26.513 [FXGL Background Thread 1 ] DEBUG TilesetLoader        - Writing to buffer: dst=910,490, w=70,h=70, src=576,864
10:37:26.514 [FXGL Background Thread 1 ] DEBUG TilesetLoader        - Writing to buffer: dst=980,490, w=70,h=70, src=576,864
10:37:26.514 [FXGL Background Thread 1 ] DEBUG TilesetLoader        - Writing to buffer: dst=0,560, w=70,h=70, src=576,864
10:37:26.514 [FXGL Background Thread 1 ] DEBUG TilesetLoader        - Writing to buffer: dst=70,560, w=70,h=70, src=576,864
10:37:26.515 [FXGL Background Thread 1 ] DEBUG TilesetLoader        - Writing to buffer: dst=910,560, w=70,h=70, src=576,864
10:37:26.516 [FXGL Background Thread 1 ] DEBUG TilesetLoader        - Writing to buffer: dst=980,560, w=70,h=70, src=576,864
10:37:26.516 [FXGL Background Thread 1 ] DEBUG TilesetLoader        - Writing to buffer: dst=0,630, w=70,h=70, src=576,864
10:37:26.526 [FXGL Background Thread 1 ] DEBUG TilesetLoader        - Writing to buffer: dst=70,630, w=70,h=70, src=576,864
10:37:26.527 [FXGL Background Thread 1 ] DEBUG TilesetLoader        - Writing to buffer: dst=140,630, w=70,h=70, src=648,0
10:37:26.529 [FXGL Background Thread 1 ] DEBUG TilesetLoader        - Writing to buffer: dst=210,630, w=70,h=70, src=576,576
10:37:26.529 [FXGL Background Thread 1 ] DEBUG TilesetLoader        - Writing to buffer: dst=490,630, w=70,h=70, src=576,720
10:37:26.530 [FXGL Background Thread 1 ] DEBUG TilesetLoader        - Writing to buffer: dst=560,630, w=70,h=70, src=576,576
10:37:26.531 [FXGL Background Thread 1 ] DEBUG TilesetLoader        - Writing to buffer: dst=840,630, w=70,h=70, src=576,720
10:37:26.532 [FXGL Background Thread 1 ] DEBUG TilesetLoader        - Writing to buffer: dst=910,630, w=70,h=70, src=576,864
10:37:26.532 [FXGL Background Thread 1 ] DEBUG TilesetLoader        - Writing to buffer: dst=980,630, w=70,h=70, src=576,864
10:37:26.536 [FXGL Background Thread 1 ] DEBUG TMXLevelLoader       - Creating object layer entities
10:37:26.637 [FXGL Background Thread 1 ] DEBUG GameWorld            - Clearing removable entities
10:37:26.639 [FXGL Background Thread 1 ] DEBUG GameWorld            - Setting level: com.almasb.fxgl.entity.level.Level@766e4a7a
10:37:26.656 [FXGL Background Thread 1 ] DEBUG FXGLAssetLoaderServi - Loading from file system: file:/C:/Users/jfran/OneDrive%20-%20Hogeschool%20Leiden/IPOSE-Maven/target/classes/assets/textures/madotsuki.png
10:37:26.663 [FXGL Background Thread 1 ] INFO  FXGLApplication      - Game initialization took: 1,604 sec
10:37:26.670 [JavaFX Application Thread] DEBUG Input                - Clearing active input actions
10:37:26.696 [JavaFX Application Thread] DEBUG GameApplicationServi - Removing overlay from FXGLLoadingScene and adding to GameScene
10:37:26.699 [JavaFX Application Thread] DEBUG PrimaryStageWindow   - FXGLLoadingScene -> GameScene
10:37:27.746 [FXGL Background Thread 3 ] DEBUG Engine               - Logging environment variables
10:37:27.748 [FXGL Background Thread 3 ] DEBUG Engine               - achievements: []
10:37:27.749 [FXGL Background Thread 3 ] DEBUG Engine               - actualHeight: 700.0
10:37:27.750 [FXGL Background Thread 3 ] DEBUG Engine               - actualHeightProperty: ReadOnlyDoubleProperty [value: 700.0]
10:37:27.750 [FXGL Background Thread 3 ] DEBUG Engine               - actualWidth: 1050.0
10:37:27.751 [FXGL Background Thread 3 ] DEBUG Engine               - actualWidthProperty: ReadOnlyDoubleProperty [value: 1050.0]
10:37:27.751 [FXGL Background Thread 3 ] DEBUG Engine               - appIcon: fxgl_icon.png
10:37:27.752 [FXGL Background Thread 3 ] DEBUG Engine               - applicationMode: DEVELOPER
10:37:27.752 [FXGL Background Thread 3 ] DEBUG Engine               - cSSList: [fxgl_dark.css]
10:37:27.753 [FXGL Background Thread 3 ] DEBUG Engine               - collisionDetectionStrategy: BRUTE_FORCE
10:37:27.753 [FXGL Background Thread 3 ] DEBUG Engine               - configClass: Optional.empty
10:37:27.754 [FXGL Background Thread 3 ] DEBUG Engine               - credits: []
10:37:27.755 [FXGL Background Thread 3 ] DEBUG Engine               - devBBoxColorProperty: ObjectProperty [value: 0xff0000ff]
10:37:27.756 [FXGL Background Thread 3 ] DEBUG Engine               - devEnableDebugCameraProperty: BooleanProperty [value: false]
10:37:27.757 [FXGL Background Thread 3 ] DEBUG Engine               - devSensorColorProperty: ObjectProperty [value: 0xffff00ff]
10:37:27.758 [FXGL Background Thread 3 ] DEBUG Engine               - devShowBBoxProperty: BooleanProperty [value: false]
10:37:27.759 [FXGL Background Thread 3 ] DEBUG Engine               - devShowPositionProperty: BooleanProperty [value: false]
10:37:27.759 [FXGL Background Thread 3 ] DEBUG Engine               - enabledMenuItems: []
10:37:27.760 [FXGL Background Thread 3 ] DEBUG Engine               - engineServices: [class com.almasb.fxgl.app.services.FXGLAssetLoaderService, class com.almasb.fxgl.app.FXGLApplication$GameApplicationService, class com.almasb.fxgl.app.services.FXGLDialogService, class com.almasb.fxgl.app.services.IOTaskExecutorService, class com.almasb.fxgl.event.EventBusService, class com.almasb.fxgl.io.FileSystemService, class com.almasb.fxgl.localization.LocalizationService, class com.almasb.fxgl.app.services.SystemBundleService, class com.almasb.fxgl.profile.SaveLoadService, class com.almasb.fxgl.ui.FXGLUIFactoryServiceProvider, class com.almasb.fxgl.ui.FXGLDialogFactoryServiceProvider, class com.almasb.fxgl.audio.AudioPlayer, class com.almasb.fxgl.notification.impl.NotificationServiceProvider, class com.almasb.fxgl.achievement.AchievementService, class com.almasb.fxgl.cutscene.CutsceneService, class com.almasb.fxgl.minigames.MiniGameService, class com.almasb.fxgl.net.NetService, class com.almasb.fxgl.app.services.UpdaterService, class com.almasb.fxgl.dev.DevService]
10:37:27.761 [FXGL Background Thread 3 ] DEBUG Engine               - fontGame: Abel-Regular.ttf
10:37:27.761 [FXGL Background Thread 3 ] DEBUG Engine               - fontMono: lucida_console.ttf
10:37:27.762 [FXGL Background Thread 3 ] DEBUG Engine               - fontText: Courier-Prime.ttf
10:37:27.763 [FXGL Background Thread 3 ] DEBUG Engine               - fontUI: VarelaRound-Regular.ttf
10:37:27.763 [FXGL Background Thread 3 ] DEBUG Engine               - fullScreen: BooleanProperty [value: false]
10:37:27.764 [FXGL Background Thread 3 ] DEBUG Engine               - gameDifficulty: MEDIUM
10:37:27.764 [FXGL Background Thread 3 ] DEBUG Engine               - gameDifficultyProperty: ObjectProperty [value: MEDIUM]
10:37:27.765 [FXGL Background Thread 3 ] DEBUG Engine               - globalMusicVolume: 0.5
10:37:27.765 [FXGL Background Thread 3 ] DEBUG Engine               - globalMusicVolumeProperty: DoubleProperty [value: 0.5]
10:37:27.766 [FXGL Background Thread 3 ] DEBUG Engine               - globalSoundVolume: 0.5
10:37:27.767 [FXGL Background Thread 3 ] DEBUG Engine               - globalSoundVolumeProperty: DoubleProperty [value: 0.5]
10:37:27.767 [FXGL Background Thread 3 ] DEBUG Engine               - height: 700
10:37:27.768 [FXGL Background Thread 3 ] DEBUG Engine               - isAndroid: false
10:37:27.768 [FXGL Background Thread 3 ] DEBUG Engine               - isBrowser: false
10:37:27.769 [FXGL Background Thread 3 ] DEBUG Engine               - isClickFeedbackEnabled: false
10:37:27.769 [FXGL Background Thread 3 ] DEBUG Engine               - isCloseConfirmation: false
10:37:27.770 [FXGL Background Thread 3 ] DEBUG Engine               - isDesktop: true
10:37:27.770 [FXGL Background Thread 3 ] DEBUG Engine               - isDeveloperMenuEnabled: false
10:37:27.771 [FXGL Background Thread 3 ] DEBUG Engine               - isEntityPreloadEnabled: true
10:37:27.771 [FXGL Background Thread 3 ] DEBUG Engine               - isExperimental3D: false
10:37:27.772 [FXGL Background Thread 3 ] DEBUG Engine               - isExperimentalNative: false
10:37:27.772 [FXGL Background Thread 3 ] DEBUG Engine               - isExperimentalTiledLargeMap: false
10:37:27.773 [FXGL Background Thread 3 ] DEBUG Engine               - isFileSystemWriteAllowed: true
10:37:27.773 [FXGL Background Thread 3 ] DEBUG Engine               - isFullScreenAllowed: false
10:37:27.773 [FXGL Background Thread 3 ] DEBUG Engine               - isFullScreenFromStart: false
10:37:27.773 [FXGL Background Thread 3 ] DEBUG Engine               - isGameMenuEnabled: true
10:37:27.774 [FXGL Background Thread 3 ] DEBUG Engine               - isIOS: false
10:37:27.775 [FXGL Background Thread 3 ] DEBUG Engine               - isIntroEnabled: false
10:37:27.775 [FXGL Background Thread 3 ] DEBUG Engine               - isLinux: false
10:37:27.775 [FXGL Background Thread 3 ] DEBUG Engine               - isMac: false
10:37:27.776 [FXGL Background Thread 3 ] DEBUG Engine               - isMainMenuEnabled: false
10:37:27.776 [FXGL Background Thread 3 ] DEBUG Engine               - isManualResizeEnabled: false
10:37:27.776 [FXGL Background Thread 3 ] DEBUG Engine               - isMobile: false
10:37:27.777 [FXGL Background Thread 3 ] DEBUG Engine               - isPreserveResizeRatio: false
10:37:27.777 [FXGL Background Thread 3 ] DEBUG Engine               - isProfilingEnabled: false
10:37:27.777 [FXGL Background Thread 3 ] DEBUG Engine               - isScaleAffectedOnResize: true
10:37:27.778 [FXGL Background Thread 3 ] DEBUG Engine               - isSingleStep: false
10:37:27.778 [FXGL Background Thread 3 ] DEBUG Engine               - isUserProfileEnabled: false
10:37:27.778 [FXGL Background Thread 3 ] DEBUG Engine               - isWindows: true
10:37:27.779 [FXGL Background Thread 3 ] DEBUG Engine               - language: ObjectProperty [value: ENGLISH]
10:37:27.779 [FXGL Background Thread 3 ] DEBUG Engine               - menuKey: ESCAPE
10:37:27.779 [FXGL Background Thread 3 ] DEBUG Engine               - notificationViewClass: class com.almasb.fxgl.notification.view.XboxNotificationView
10:37:27.780 [FXGL Background Thread 3 ] DEBUG Engine               - pixelsPerMeter: 50.0
10:37:27.780 [FXGL Background Thread 3 ] DEBUG Engine               - platform: WINDOWS
10:37:27.781 [FXGL Background Thread 3 ] DEBUG Engine               - prefHeightProperty: ReadOnlyDoubleProperty [value: 700.0]
10:37:27.781 [FXGL Background Thread 3 ] DEBUG Engine               - prefWidthProperty: ReadOnlyDoubleProperty [value: 1050.0]
10:37:27.781 [FXGL Background Thread 3 ] DEBUG Engine               - profileDir: profiles/
10:37:27.782 [FXGL Background Thread 3 ] DEBUG Engine               - profileName: StringProperty [value: DEFAULT]
10:37:27.782 [FXGL Background Thread 3 ] DEBUG Engine               - randomSeed: -1
10:37:27.782 [FXGL Background Thread 3 ] DEBUG Engine               - runtimeInfo: RuntimeInfo(platform=WINDOWS, version=11.14, build=01.03.2021 16.59)
10:37:27.782 [FXGL Background Thread 3 ] DEBUG Engine               - saveFileExt: sav
10:37:27.782 [FXGL Background Thread 3 ] DEBUG Engine               - scaledHeightProp$fxgl: DoubleProperty [bound, value: 700.0]
10:37:27.783 [FXGL Background Thread 3 ] DEBUG Engine               - scaledWidthProp$fxgl: DoubleProperty [bound, value: 1050.0]
10:37:27.783 [FXGL Background Thread 3 ] DEBUG Engine               - sceneFactory: com.almasb.fxgl.app.scene.SceneFactory@5d253612
10:37:27.783 [FXGL Background Thread 3 ] DEBUG Engine               - secondsIn24h: 60
10:37:27.784 [FXGL Background Thread 3 ] DEBUG Engine               - soundMenuBack: menu/back.wav
10:37:27.784 [FXGL Background Thread 3 ] DEBUG Engine               - soundMenuPress: menu/press.wav
10:37:27.784 [FXGL Background Thread 3 ] DEBUG Engine               - soundMenuSelect: menu/select.wav
10:37:27.785 [FXGL Background Thread 3 ] DEBUG Engine               - soundNotification: core/notification.wav
10:37:27.785 [FXGL Background Thread 3 ] DEBUG Engine               - stageStyle: DECORATED
10:37:27.786 [FXGL Background Thread 3 ] DEBUG Engine               - supportedLanguages: [ENGLISH, FRENCH, GERMAN, HUNGARIAN, RUSSIAN]
10:37:27.786 [FXGL Background Thread 3 ] DEBUG Engine               - ticksPerSecond: -1
10:37:27.786 [FXGL Background Thread 3 ] DEBUG Engine               - title: Demo game
10:37:27.787 [FXGL Background Thread 3 ] DEBUG Engine               - urlGithub: https://github.com/AlmasB/FXGL
10:37:27.788 [FXGL Background Thread 3 ] DEBUG Engine               - urlLeaderboard: http://fxgl-top.herokuapp.com/
10:37:27.788 [FXGL Background Thread 3 ] DEBUG Engine               - urlPOM: https://raw.githubusercontent.com/AlmasB/FXGL/release/README.md
10:37:27.788 [FXGL Background Thread 3 ] DEBUG Engine               - userAppClass: class Game
10:37:27.789 [FXGL Background Thread 3 ] DEBUG Engine               - version: 1.1
10:37:27.789 [FXGL Background Thread 3 ] DEBUG Engine               - versionCheckDays: 7
10:37:27.789 [FXGL Background Thread 3 ] DEBUG Engine               - width: 1050
10:37:27.790 [FXGL Background Thread 3 ] DEBUG Engine               - Logging services
10:37:27.790 [FXGL Background Thread 3 ] DEBUG Engine               - class com.almasb.fxgl.app.services.FXGLAssetLoaderService
10:37:27.790 [FXGL Background Thread 3 ] DEBUG Engine               - class com.almasb.fxgl.app.FXGLApplication$GameApplicationService
10:37:27.792 [FXGL Background Thread 3 ] DEBUG Engine               - class com.almasb.fxgl.app.services.FXGLDialogService
10:37:27.793 [FXGL Background Thread 3 ] DEBUG Engine               - class com.almasb.fxgl.app.services.IOTaskExecutorService
10:37:27.793 [FXGL Background Thread 3 ] DEBUG Engine               - class com.almasb.fxgl.event.EventBusService
10:37:27.793 [FXGL Background Thread 3 ] DEBUG Engine               - class com.almasb.fxgl.io.FileSystemService
10:37:27.794 [FXGL Background Thread 3 ] DEBUG Engine               - class com.almasb.fxgl.localization.LocalizationService
10:37:27.794 [FXGL Background Thread 3 ] DEBUG Engine               - class com.almasb.fxgl.app.services.SystemBundleService
10:37:27.794 [FXGL Background Thread 3 ] DEBUG Engine               - class com.almasb.fxgl.profile.SaveLoadService
10:37:27.795 [FXGL Background Thread 3 ] DEBUG Engine               - class com.almasb.fxgl.ui.FXGLUIFactoryServiceProvider
10:37:27.795 [FXGL Background Thread 3 ] DEBUG Engine               - class com.almasb.fxgl.ui.FXGLDialogFactoryServiceProvider
10:37:27.795 [FXGL Background Thread 3 ] DEBUG Engine               - class com.almasb.fxgl.audio.AudioPlayer
10:37:27.796 [FXGL Background Thread 3 ] DEBUG Engine               - class com.almasb.fxgl.notification.impl.NotificationServiceProvider
10:37:27.796 [FXGL Background Thread 3 ] DEBUG Engine               - class com.almasb.fxgl.achievement.AchievementService
10:37:27.797 [FXGL Background Thread 3 ] DEBUG Engine               - class com.almasb.fxgl.cutscene.CutsceneService
10:37:27.797 [FXGL Background Thread 3 ] DEBUG Engine               - class com.almasb.fxgl.minigames.MiniGameService
10:37:27.797 [FXGL Background Thread 3 ] DEBUG Engine               - class com.almasb.fxgl.net.NetService
10:37:27.798 [FXGL Background Thread 3 ] DEBUG Engine               - class com.almasb.fxgl.app.services.UpdaterService
10:37:27.798 [FXGL Background Thread 3 ] DEBUG Engine               - class com.almasb.fxgl.dev.DevService
10:38:03.874 [JavaFX Application Thread] DEBUG FXGLApplication      - Exiting FXGL
10:38:03.875 [JavaFX Application Thread] DEBUG LoopRunner           - Stopping loop
10:38:03.875 [JavaFX Application Thread] DEBUG SystemBundleService  - Saving FXGL system data
10:38:03.880 [JavaFX Application Thread] DEBUG FileSystemAccess     - Writing to: C:\Users\jfran\OneDrive - Hogeschool Leiden\IPOSE-Maven\system\fxgl.bundle
10:38:03.884 [JavaFX Application Thread] DEBUG Async                - Shutting down background threads
10:38:03.885 [JavaFX Application Thread] DEBUG PrimaryStageWindow   - Closing main window
10:38:03.925 [JavaFX Application Thread] DEBUG Logger               - Closing Logger
