12:11:42.484 [main                     ] DEBUG Logger               - Configured Logger
12:11:42.547 [main                     ] DEBUG GameApplication      - Logging settings
Title: Demo game
Version: 1.2
Width: 1050
Height: 700
Fullscreen: false
Intro: false
Profiling: false
Single step:false
App Mode: DEVELOPER
Menu Key: ESCAPE
Stage Style: DECORATED
Scene Factory: class com.almasb.fxgl.app.scene.SceneFactory

12:11:45.287 [JavaFX Application Thread] DEBUG FXGLApplication      - Initializing FXGL
12:11:45.300 [JavaFX Application Thread] INFO  Engine               - FXGL-11.14 (01.03.2021 16.59) on WINDOWS (J:15.0.2 FX:15)
12:11:45.301 [JavaFX Application Thread] DEBUG Engine               - JRE Vendor Name: Amazon.com Inc.
12:11:45.302 [JavaFX Application Thread] DEBUG Engine               - Running on OS: Windows 10 version 10.0
12:11:45.303 [JavaFX Application Thread] DEBUG Engine               - Architecture: amd64
12:11:45.304 [JavaFX Application Thread] INFO  Engine               - Source code and latest versions at: https://github.com/AlmasB/FXGL
12:11:45.305 [JavaFX Application Thread] INFO  Engine               -              Join the FXGL chat at: https://gitter.im/AlmasB/FXGL
12:11:46.254 [JavaFX Application Thread] DEBUG PrimaryStageWindow   - Creating a JavaFX scene
12:11:46.646 [JavaFX Application Thread] DEBUG PrimaryStageWindow   - Target settings size: 1050.0 x 700.0
12:11:46.649 [JavaFX Application Thread] DEBUG PrimaryStageWindow   - Scaled scene size:    1050.0 x 700.0
12:11:46.652 [JavaFX Application Thread] DEBUG PrimaryStageWindow   - Scaled ratio: (1.0, 1.0)
12:11:46.666 [JavaFX Application Thread] DEBUG PrimaryStageWindow   - Set initial scene to FXGLStartupScene
12:11:46.758 [JavaFX Application Thread] DEBUG PrimaryStageWindow   - Opening main window
12:11:47.302 [JavaFX Application Thread] DEBUG PrimaryStageWindow   - Window border size: (14.800048828125, 37.5999755859375)
12:11:47.303 [JavaFX Application Thread] DEBUG PrimaryStageWindow   - Scaled size: 1050.0 x 700.0
12:11:47.303 [JavaFX Application Thread] DEBUG PrimaryStageWindow   - Scaled ratio: (1.0, 1.0)
12:11:47.304 [JavaFX Application Thread] DEBUG PrimaryStageWindow   - Scene size: 1050.0 x 700.0
12:11:47.305 [JavaFX Application Thread] DEBUG PrimaryStageWindow   - Stage size: 1064.800048828125 x 737.5999755859375
12:11:47.513 [FXGL Background Thread 1 ] DEBUG Engine               - Initializing environment variables
12:11:47.659 [FXGL Background Thread 1 ] DEBUG FXGLAssetLoaderServi - User app class for loading assets: class Game
12:11:47.659 [FXGL Background Thread 1 ] DEBUG GameApplicationServi - Applying CSS: fxgl_dark.css
12:11:47.697 [FXGL Background Thread 1 ] DEBUG FXGLAssetLoaderServi - Loading from file system: jar:file:/C:/Users/jfran/.m2/repository/com/github/almasb/fxgl/11.14/fxgl-11.14.jar!/fxglassets/ui/css/fxgl_dark.css
12:11:47.958 [FXGL Background Thread 1 ] DEBUG GameApplicationServi - Initializing application scenes
12:11:48.349 [FXGL Background Thread 1 ] DEBUG GameWorld            - Game world initialized
12:11:48.780 [FXGL Background Thread 1 ] DEBUG PhysicsWorld         - Physics world initialized: appHeight=700, physics.ppm=50,0
12:11:48.781 [FXGL Background Thread 1 ] DEBUG PhysicsWorld         - Using strategy: BRUTE_FORCE
12:11:48.801 [FXGL Background Thread 1 ] DEBUG GameScene            - Game scene initialized: 1050x700
12:11:49.015 [FXGL Background Thread 1 ] DEBUG FXGLAssetLoaderServi - Loading from file system: jar:file:/C:/Users/jfran/.m2/repository/com/github/almasb/fxgl/11.14/fxgl-11.14.jar!/fxglassets/textures/particles/trace_horizontal.png
12:11:49.217 [FXGL Background Thread 1 ] DEBUG FXGL.DefaultMenu     - createMenuBodyGameMenu()
12:11:49.274 [FXGL Background Thread 1 ] DEBUG FXGL.DefaultMenu     - createOptionsMenu()
12:11:49.305 [FXGL Background Thread 1 ] DEBUG FXGLAssetLoaderServi - Loading from file system: jar:file:/C:/Users/jfran/.m2/repository/com/github/almasb/fxgl/11.14/fxgl-11.14.jar!/fxglassets/textures/particles/smoke.png
12:11:49.589 [FXGL Background Thread 1 ] DEBUG GameApplicationServi - Application scenes initialized
12:11:49.661 [FXGL Background Thread 1 ] DEBUG SystemBundleService  - Loading FXGL system data
12:11:49.677 [FXGL Background Thread 1 ] DEBUG FileSystemAccess     - Reading from: C:\Users\jfran\OneDrive - Hogeschool Leiden\IPOSE-Maven\system\fxgl.bundle
12:11:49.707 [FXGL Background Thread 1 ] DEBUG SystemBundleService  - Bundle FXGL: {}
12:11:49.707 [FXGL Background Thread 1 ] DEBUG UpdaterService       - Checking for updates
12:11:49.732 [FXGL Background Thread 1 ] DEBUG FXGLApplication      - Loading default localization
12:11:49.734 [FXGL Background Thread 1 ] DEBUG FXGLAssetLoaderServi - Loading from file system: jar:file:/C:/Users/jfran/.m2/repository/com/github/almasb/fxgl/11.14/fxgl-11.14.jar!/fxglassets/languages/english.lang
12:11:49.837 [FXGL Background Thread 4 ] DEBUG FXGLApplication      - Loading fonts
12:11:49.841 [FXGL Background Thread 4 ] DEBUG FXGLAssetLoaderServi - Loading from file system: jar:file:/C:/Users/jfran/.m2/repository/com/github/almasb/fxgl/11.14/fxgl-11.14.jar!/fxglassets/ui/fonts/VarelaRound-Regular.ttf
12:11:49.916 [FXGL Background Thread 1 ] INFO  FXGLApplication      - FXGL initialization took: 2,403 sec
12:11:49.958 [JavaFX Application Thread] DEBUG Input                - Registered new binding: Left - A
12:11:49.959 [JavaFX Application Thread] DEBUG Input                - Registered new binding: Right - D
12:11:49.961 [JavaFX Application Thread] DEBUG Input                - Registered new binding: Jump - W
12:11:49.964 [JavaFX Application Thread] DEBUG FXGLAssetLoaderServi - Loading from file system: jar:file:/C:/Users/jfran/.m2/repository/com/github/almasb/fxgl/11.14/fxgl-11.14.jar!/fxglassets/textures/fxgl_icon.png
12:11:50.018 [JavaFX Application Thread] DEBUG FXGLAssetLoaderServi - Loading from file system: jar:file:/C:/Users/jfran/.m2/repository/com/github/almasb/fxgl/11.14/fxgl-11.14.jar!/fxglassets/ui/cursors/fxgl_default.png
12:11:50.023 [JavaFX Application Thread] DEBUG Input                - Registered new binding: Screenshot - P
12:11:50.025 [JavaFX Application Thread] DEBUG Input                - Registered new binding: System info dump - CTRL+9
12:11:50.028 [JavaFX Application Thread] DEBUG Input                - Registered new binding: Restart - CTRL+R
12:11:50.030 [JavaFX Application Thread] DEBUG Input                - Registered new binding: Toggle Debug Camera - CTRL+C
12:11:50.045 [JavaFX Application Thread] DEBUG LoopRunner           - Starting loop
12:11:50.045 [JavaFX Application Thread] DEBUG LoopRunner           - Initializing JavaFX AnimationTimerLoop
12:11:50.050 [JavaFX Application Thread] DEBUG GameApplicationServi - Starting new game
12:11:50.051 [JavaFX Application Thread] DEBUG Input                - Clearing active input actions
12:11:50.106 [JavaFX Application Thread] DEBUG GameApplicationServi - Removing overlay from FXGLStartupScene and adding to FXGLLoadingScene
12:11:50.107 [JavaFX Application Thread] DEBUG PrimaryStageWindow   - FXGLStartupScene -> FXGLLoadingScene
12:11:50.107 [JavaFX Application Thread] DEBUG GameApplicationServi - Clearing previous game
12:11:50.108 [JavaFX Application Thread] DEBUG GameScene            - Clearing game scene
12:11:50.108 [JavaFX Application Thread] DEBUG GameWorld            - Clearing game world
12:11:50.109 [JavaFX Application Thread] DEBUG PhysicsWorld         - Clearing physics world
12:11:50.113 [FXGL Background Thread 1 ] DEBUG FXGLApplication      - Initializing game
12:11:50.182 [FXGL Background Thread 1 ] WARN  TMXLevelLoader       - TiledMap generated from 1.0.1. Supported version: 1.2.3. Some features may not be parsed fully.
12:11:50.285 [FXGL Background Thread 1 ] DEBUG TMXLevelLoader       - Parsed raw map: TiledMap(width=15, height=10, tilewidth=70, tileheight=70, orientation=orthogonal, layers=[Layer(width=15, height=10, name=Tile Layer 1, type=tilelayer, visible=false, x=0, y=0, data=[153, 0, 0, 0, 0, 0, 0, 0, 0, 0, 0, 0, 0, 0, 0, 153, 2, 0, 0, 69, 57, 45, 0, 0, 0, 0, 0, 0, 0, 0, 153, 10, 0, 0, 0, 0, 0, 0, 0, 0, 0, 0, 0, 0, 0, 153, 153, 0, 0, 0, 0, 0, 0, 15, 3, 3, 27, 0, 0, 0, 153, 153, 0, 0, 0, 0, 0, 0, 0, 0, 0, 0, 0, 0, 0, 153, 153, 0, 0, 0, 0, 0, 0, 0, 0, 0, 0, 0, 0, 116, 153, 153, 0, 0, 0, 0, 0, 0, 15, 3, 3, 27, 0, 116, 153, 153, 153, 0, 0, 69, 81, 57, 0, 0, 0, 0, 0, 0, 153, 153, 153, 153, 0, 0, 0, 0, 0, 0, 0, 0, 0, 0, 0, 153, 153, 153, 153, 10, 105, 0, 0, 0, 129, 105, 0, 0, 0, 129, 153, 153], objects=[], opacity=0.0, draworder=), Layer(width=0, height=0, name=Object Layer 1, type=objectgroup, visible=false, x=0, y=0, data=[], objects=[com.almasb.fxgl.entity.level.tiled.TiledObject@1ab1f905, com.almasb.fxgl.entity.level.tiled.TiledObject@54ee9cb1, com.almasb.fxgl.entity.level.tiled.TiledObject@6054e468, com.almasb.fxgl.entity.level.tiled.TiledObject@7d59d465, com.almasb.fxgl.entity.level.tiled.TiledObject@68b5731a, com.almasb.fxgl.entity.level.tiled.TiledObject@481e71a9, com.almasb.fxgl.entity.level.tiled.TiledObject@faeab66, com.almasb.fxgl.entity.level.tiled.TiledObject@3ce7bc0a, com.almasb.fxgl.entity.level.tiled.TiledObject@7f89352f, com.almasb.fxgl.entity.level.tiled.TiledObject@44a1904e, com.almasb.fxgl.entity.level.tiled.TiledObject@3eaee627, com.almasb.fxgl.entity.level.tiled.TiledObject@3fa80a14, com.almasb.fxgl.entity.level.tiled.TiledObject@9be6083, com.almasb.fxgl.entity.level.tiled.TiledObject@4155a21a, com.almasb.fxgl.entity.level.tiled.TiledObject@883fbc9, com.almasb.fxgl.entity.level.tiled.TiledObject@7704b867, com.almasb.fxgl.entity.level.tiled.TiledObject@d44647c, com.almasb.fxgl.entity.level.tiled.TiledObject@616d52bc, com.almasb.fxgl.entity.level.tiled.TiledObject@76a7b0eb], opacity=0.0, draworder=)], tilesets=[Tileset(firstgid=1, image=tiles_spritesheet.png, name=tiles_spritesheet, tilewidth=70, tileheight=70, imagewidth=914, imageheight=936, margin=0, spacing=2, columns=12, tilecount=156, transparentcolor=, tiles=[])], backgroundcolor=, renderorder=right-down, nextobjectid=20, version=1, tiledversion=1.0.1, type=map, infinite=false, hexsidelength=0, staggeraxis=, staggerindex=, properties={}, propertytypes={})
12:11:50.287 [FXGL Background Thread 1 ] DEBUG TMXLevelLoader       - Creating tile layer entities
12:11:50.289 [FXGL Background Thread 1 ] DEBUG TilesetLoader        - Loading view for layer Tile Layer 1
12:11:50.294 [FXGL Background Thread 1 ] DEBUG TilesetLoader        - Created buffer with size 1050.0x700.0
12:11:50.493 [FXGL Background Thread 1 ] DEBUG TilesetLoader        - Writing to buffer: dst=0,0, w=70,h=70, src=576,864
12:11:50.496 [FXGL Background Thread 1 ] DEBUG TilesetLoader        - Writing to buffer: dst=0,70, w=70,h=70, src=576,864
12:11:50.497 [FXGL Background Thread 1 ] DEBUG TilesetLoader        - Writing to buffer: dst=70,70, w=70,h=70, src=72,0
12:11:50.498 [FXGL Background Thread 1 ] DEBUG TilesetLoader        - Writing to buffer: dst=280,70, w=70,h=70, src=576,360
12:11:50.499 [FXGL Background Thread 1 ] DEBUG TilesetLoader        - Writing to buffer: dst=350,70, w=70,h=70, src=576,288
12:11:50.500 [FXGL Background Thread 1 ] DEBUG TilesetLoader        - Writing to buffer: dst=420,70, w=70,h=70, src=576,216
12:11:50.500 [FXGL Background Thread 1 ] DEBUG TilesetLoader        - Writing to buffer: dst=0,140, w=70,h=70, src=576,864
12:11:50.501 [FXGL Background Thread 1 ] DEBUG TilesetLoader        - Writing to buffer: dst=70,140, w=70,h=70, src=648,0
12:11:50.501 [FXGL Background Thread 1 ] DEBUG TilesetLoader        - Writing to buffer: dst=0,210, w=70,h=70, src=576,864
12:11:50.502 [FXGL Background Thread 1 ] DEBUG TilesetLoader        - Writing to buffer: dst=70,210, w=70,h=70, src=576,864
12:11:50.502 [FXGL Background Thread 1 ] DEBUG TilesetLoader        - Writing to buffer: dst=560,210, w=70,h=70, src=144,72
12:11:50.503 [FXGL Background Thread 1 ] DEBUG TilesetLoader        - Writing to buffer: dst=630,210, w=70,h=70, src=144,0
12:11:50.504 [FXGL Background Thread 1 ] DEBUG TilesetLoader        - Writing to buffer: dst=700,210, w=70,h=70, src=144,0
12:11:50.504 [FXGL Background Thread 1 ] DEBUG TilesetLoader        - Writing to buffer: dst=770,210, w=70,h=70, src=144,144
12:11:50.505 [FXGL Background Thread 1 ] DEBUG TilesetLoader        - Writing to buffer: dst=0,280, w=70,h=70, src=576,864
12:11:50.505 [FXGL Background Thread 1 ] DEBUG TilesetLoader        - Writing to buffer: dst=70,280, w=70,h=70, src=576,864
12:11:50.511 [FXGL Background Thread 1 ] DEBUG TilesetLoader        - Writing to buffer: dst=0,350, w=70,h=70, src=576,864
12:11:50.511 [FXGL Background Thread 1 ] DEBUG TilesetLoader        - Writing to buffer: dst=70,350, w=70,h=70, src=576,864
12:11:50.512 [FXGL Background Thread 1 ] DEBUG TilesetLoader        - Writing to buffer: dst=980,350, w=70,h=70, src=504,648
12:11:50.513 [FXGL Background Thread 1 ] DEBUG TilesetLoader        - Writing to buffer: dst=0,420, w=70,h=70, src=576,864
12:11:50.513 [FXGL Background Thread 1 ] DEBUG TilesetLoader        - Writing to buffer: dst=70,420, w=70,h=70, src=576,864
12:11:50.513 [FXGL Background Thread 1 ] DEBUG TilesetLoader        - Writing to buffer: dst=560,420, w=70,h=70, src=144,72
12:11:50.514 [FXGL Background Thread 1 ] DEBUG TilesetLoader        - Writing to buffer: dst=630,420, w=70,h=70, src=144,0
12:11:50.514 [FXGL Background Thread 1 ] DEBUG TilesetLoader        - Writing to buffer: dst=700,420, w=70,h=70, src=144,0
12:11:50.515 [FXGL Background Thread 1 ] DEBUG TilesetLoader        - Writing to buffer: dst=770,420, w=70,h=70, src=144,144
12:11:50.515 [FXGL Background Thread 1 ] DEBUG TilesetLoader        - Writing to buffer: dst=910,420, w=70,h=70, src=504,648
12:11:50.516 [FXGL Background Thread 1 ] DEBUG TilesetLoader        - Writing to buffer: dst=980,420, w=70,h=70, src=576,864
12:11:50.516 [FXGL Background Thread 1 ] DEBUG TilesetLoader        - Writing to buffer: dst=0,490, w=70,h=70, src=576,864
12:11:50.517 [FXGL Background Thread 1 ] DEBUG TilesetLoader        - Writing to buffer: dst=70,490, w=70,h=70, src=576,864
12:11:50.517 [FXGL Background Thread 1 ] DEBUG TilesetLoader        - Writing to buffer: dst=280,490, w=70,h=70, src=576,360
12:11:50.518 [FXGL Background Thread 1 ] DEBUG TilesetLoader        - Writing to buffer: dst=350,490, w=70,h=70, src=576,432
12:11:50.518 [FXGL Background Thread 1 ] DEBUG TilesetLoader        - Writing to buffer: dst=420,490, w=70,h=70, src=576,288
12:11:50.519 [FXGL Background Thread 1 ] DEBUG TilesetLoader        - Writing to buffer: dst=910,490, w=70,h=70, src=576,864
12:11:50.520 [FXGL Background Thread 1 ] DEBUG TilesetLoader        - Writing to buffer: dst=980,490, w=70,h=70, src=576,864
12:11:50.521 [FXGL Background Thread 1 ] DEBUG TilesetLoader        - Writing to buffer: dst=0,560, w=70,h=70, src=576,864
12:11:50.521 [FXGL Background Thread 1 ] DEBUG TilesetLoader        - Writing to buffer: dst=70,560, w=70,h=70, src=576,864
12:11:50.523 [FXGL Background Thread 1 ] DEBUG TilesetLoader        - Writing to buffer: dst=910,560, w=70,h=70, src=576,864
12:11:50.523 [FXGL Background Thread 1 ] DEBUG TilesetLoader        - Writing to buffer: dst=980,560, w=70,h=70, src=576,864
12:11:50.523 [FXGL Background Thread 1 ] DEBUG TilesetLoader        - Writing to buffer: dst=0,630, w=70,h=70, src=576,864
12:11:50.524 [FXGL Background Thread 1 ] DEBUG TilesetLoader        - Writing to buffer: dst=70,630, w=70,h=70, src=576,864
12:11:50.525 [FXGL Background Thread 1 ] DEBUG TilesetLoader        - Writing to buffer: dst=140,630, w=70,h=70, src=648,0
12:11:50.525 [FXGL Background Thread 1 ] DEBUG TilesetLoader        - Writing to buffer: dst=210,630, w=70,h=70, src=576,576
12:11:50.527 [FXGL Background Thread 1 ] DEBUG TilesetLoader        - Writing to buffer: dst=490,630, w=70,h=70, src=576,720
12:11:50.527 [FXGL Background Thread 1 ] DEBUG TilesetLoader        - Writing to buffer: dst=560,630, w=70,h=70, src=576,576
12:11:50.528 [FXGL Background Thread 1 ] DEBUG TilesetLoader        - Writing to buffer: dst=840,630, w=70,h=70, src=576,720
12:11:50.528 [FXGL Background Thread 1 ] DEBUG TilesetLoader        - Writing to buffer: dst=910,630, w=70,h=70, src=576,864
12:11:50.532 [FXGL Background Thread 1 ] DEBUG TilesetLoader        - Writing to buffer: dst=980,630, w=70,h=70, src=576,864
12:11:50.533 [FXGL Background Thread 1 ] DEBUG TMXLevelLoader       - Creating object layer entities
12:11:50.572 [FXGL Background Thread 1 ] DEBUG FXGLAssetLoaderServi - Loading from file system: file:/C:/Users/jfran/OneDrive%20-%20Hogeschool%20Leiden/IPOSE-Maven/target/classes/assets/textures/star.png
12:11:50.589 [FXGL Background Thread 1 ] DEBUG GameWorld            - Clearing removable entities
12:11:50.590 [FXGL Background Thread 1 ] DEBUG GameWorld            - Setting level: com.almasb.fxgl.entity.level.Level@42111227
12:11:50.664 [FXGL Background Thread 1 ] DEBUG FXGLAssetLoaderServi - Loading from file system: file:/C:/Users/jfran/OneDrive%20-%20Hogeschool%20Leiden/IPOSE-Maven/target/classes/assets/textures/girl.png
12:11:50.695 [FXGL Background Thread 1 ] INFO  FXGLApplication      - Game initialization took: 0,581 sec
12:11:50.704 [JavaFX Application Thread] DEBUG Input                - Clearing active input actions
12:11:50.748 [JavaFX Application Thread] DEBUG GameApplicationServi - Removing overlay from FXGLLoadingScene and adding to GameScene
12:11:50.749 [JavaFX Application Thread] DEBUG PrimaryStageWindow   - FXGLLoadingScene -> GameScene
12:11:51.171 [FXGL Background Thread 4 ] DEBUG FXGLAssetLoaderServi - Loading from file system: jar:file:/C:/Users/jfran/.m2/repository/com/github/almasb/fxgl/11.14/fxgl-11.14.jar!/fxglassets/ui/fonts/Abel-Regular.ttf
12:11:51.198 [FXGL Background Thread 4 ] DEBUG FXGLAssetLoaderServi - Loading from file system: jar:file:/C:/Users/jfran/.m2/repository/com/github/almasb/fxgl/11.14/fxgl-11.14.jar!/fxglassets/ui/fonts/lucida_console.ttf
12:11:51.249 [FXGL Background Thread 4 ] DEBUG FXGLAssetLoaderServi - Loading from file system: jar:file:/C:/Users/jfran/.m2/repository/com/github/almasb/fxgl/11.14/fxgl-11.14.jar!/fxglassets/ui/fonts/Courier-Prime.ttf
12:11:51.301 [JavaFX Application Thread] DEBUG FXGLApplication      - Registering font factories with UI factory
12:11:52.152 [FXGL Background Thread 2 ] INFO  UpdaterService       - Your current version:  11.14
12:11:52.153 [FXGL Background Thread 2 ] INFO  UpdaterService       - Latest stable version: 17.1
12:11:52.723 [FXGL Background Thread 3 ] DEBUG Engine               - Logging environment variables
12:11:52.724 [FXGL Background Thread 3 ] DEBUG Engine               - achievements: []
12:11:52.727 [FXGL Background Thread 3 ] DEBUG Engine               - actualHeight: 700.0
12:11:52.728 [FXGL Background Thread 3 ] DEBUG Engine               - actualHeightProperty: ReadOnlyDoubleProperty [value: 700.0]
12:11:52.728 [FXGL Background Thread 3 ] DEBUG Engine               - actualWidth: 1050.0
12:11:52.728 [FXGL Background Thread 3 ] DEBUG Engine               - actualWidthProperty: ReadOnlyDoubleProperty [value: 1050.0]
12:11:52.729 [FXGL Background Thread 3 ] DEBUG Engine               - appIcon: fxgl_icon.png
12:11:52.729 [FXGL Background Thread 3 ] DEBUG Engine               - applicationMode: DEVELOPER
12:11:52.733 [FXGL Background Thread 3 ] DEBUG Engine               - cSSList: [fxgl_dark.css]
12:11:52.734 [FXGL Background Thread 3 ] DEBUG Engine               - collisionDetectionStrategy: BRUTE_FORCE
12:11:52.734 [FXGL Background Thread 3 ] DEBUG Engine               - configClass: Optional.empty
12:11:52.735 [FXGL Background Thread 3 ] DEBUG Engine               - credits: []
12:11:52.736 [FXGL Background Thread 3 ] DEBUG Engine               - devBBoxColorProperty: ObjectProperty [value: 0xff0000ff]
12:11:52.736 [FXGL Background Thread 3 ] DEBUG Engine               - devEnableDebugCameraProperty: BooleanProperty [value: false]
12:11:52.737 [FXGL Background Thread 3 ] DEBUG Engine               - devSensorColorProperty: ObjectProperty [value: 0xffff00ff]
12:11:52.737 [FXGL Background Thread 3 ] DEBUG Engine               - devShowBBoxProperty: BooleanProperty [value: false]
12:11:52.738 [FXGL Background Thread 3 ] DEBUG Engine               - devShowPositionProperty: BooleanProperty [value: false]
12:11:52.738 [FXGL Background Thread 3 ] DEBUG Engine               - enabledMenuItems: []
12:11:52.739 [FXGL Background Thread 3 ] DEBUG Engine               - engineServices: [class com.almasb.fxgl.app.services.FXGLAssetLoaderService, class com.almasb.fxgl.app.FXGLApplication$GameApplicationService, class com.almasb.fxgl.app.services.FXGLDialogService, class com.almasb.fxgl.app.services.IOTaskExecutorService, class com.almasb.fxgl.event.EventBusService, class com.almasb.fxgl.io.FileSystemService, class com.almasb.fxgl.localization.LocalizationService, class com.almasb.fxgl.app.services.SystemBundleService, class com.almasb.fxgl.profile.SaveLoadService, class com.almasb.fxgl.ui.FXGLUIFactoryServiceProvider, class com.almasb.fxgl.ui.FXGLDialogFactoryServiceProvider, class com.almasb.fxgl.audio.AudioPlayer, class com.almasb.fxgl.notification.impl.NotificationServiceProvider, class com.almasb.fxgl.achievement.AchievementService, class com.almasb.fxgl.cutscene.CutsceneService, class com.almasb.fxgl.minigames.MiniGameService, class com.almasb.fxgl.net.NetService, class com.almasb.fxgl.app.services.UpdaterService, class com.almasb.fxgl.dev.DevService]
12:11:52.739 [FXGL Background Thread 3 ] DEBUG Engine               - fontGame: Abel-Regular.ttf
12:11:52.740 [FXGL Background Thread 3 ] DEBUG Engine               - fontMono: lucida_console.ttf
12:11:52.740 [FXGL Background Thread 3 ] DEBUG Engine               - fontText: Courier-Prime.ttf
12:11:52.741 [FXGL Background Thread 3 ] DEBUG Engine               - fontUI: VarelaRound-Regular.ttf
12:11:52.742 [FXGL Background Thread 3 ] DEBUG Engine               - fullScreen: BooleanProperty [value: false]
12:11:52.744 [FXGL Background Thread 3 ] DEBUG Engine               - gameDifficulty: MEDIUM
12:11:52.747 [FXGL Background Thread 3 ] DEBUG Engine               - gameDifficultyProperty: ObjectProperty [value: MEDIUM]
12:11:52.748 [FXGL Background Thread 3 ] DEBUG Engine               - globalMusicVolume: 0.5
12:11:52.749 [FXGL Background Thread 3 ] DEBUG Engine               - globalMusicVolumeProperty: DoubleProperty [value: 0.5]
12:11:52.749 [FXGL Background Thread 3 ] DEBUG Engine               - globalSoundVolume: 0.5
12:11:52.750 [FXGL Background Thread 3 ] DEBUG Engine               - globalSoundVolumeProperty: DoubleProperty [value: 0.5]
12:11:52.751 [FXGL Background Thread 3 ] DEBUG Engine               - height: 700
12:11:52.751 [FXGL Background Thread 3 ] DEBUG Engine               - isAndroid: false
12:11:52.752 [FXGL Background Thread 3 ] DEBUG Engine               - isBrowser: false
12:11:52.752 [FXGL Background Thread 3 ] DEBUG Engine               - isClickFeedbackEnabled: false
12:11:52.753 [FXGL Background Thread 3 ] DEBUG Engine               - isCloseConfirmation: false
12:11:52.753 [FXGL Background Thread 3 ] DEBUG Engine               - isDesktop: true
12:11:52.753 [FXGL Background Thread 3 ] DEBUG Engine               - isDeveloperMenuEnabled: false
12:11:52.754 [FXGL Background Thread 3 ] DEBUG Engine               - isEntityPreloadEnabled: true
12:11:52.754 [FXGL Background Thread 3 ] DEBUG Engine               - isExperimental3D: false
12:11:52.755 [FXGL Background Thread 3 ] DEBUG Engine               - isExperimentalNative: false
12:11:52.755 [FXGL Background Thread 3 ] DEBUG Engine               - isExperimentalTiledLargeMap: false
12:11:52.755 [FXGL Background Thread 3 ] DEBUG Engine               - isFileSystemWriteAllowed: true
12:11:52.756 [FXGL Background Thread 3 ] DEBUG Engine               - isFullScreenAllowed: false
12:11:52.756 [FXGL Background Thread 3 ] DEBUG Engine               - isFullScreenFromStart: false
12:11:52.757 [FXGL Background Thread 3 ] DEBUG Engine               - isGameMenuEnabled: true
12:11:52.757 [FXGL Background Thread 3 ] DEBUG Engine               - isIOS: false
12:11:52.757 [FXGL Background Thread 3 ] DEBUG Engine               - isIntroEnabled: false
12:11:52.758 [FXGL Background Thread 3 ] DEBUG Engine               - isLinux: false
12:11:52.760 [FXGL Background Thread 3 ] DEBUG Engine               - isMac: false
12:11:52.762 [FXGL Background Thread 3 ] DEBUG Engine               - isMainMenuEnabled: false
12:11:52.765 [FXGL Background Thread 3 ] DEBUG Engine               - isManualResizeEnabled: false
12:11:52.765 [FXGL Background Thread 3 ] DEBUG Engine               - isMobile: false
12:11:52.766 [FXGL Background Thread 3 ] DEBUG Engine               - isPreserveResizeRatio: false
12:11:52.766 [FXGL Background Thread 3 ] DEBUG Engine               - isProfilingEnabled: false
12:11:52.767 [FXGL Background Thread 3 ] DEBUG Engine               - isScaleAffectedOnResize: true
12:11:52.767 [FXGL Background Thread 3 ] DEBUG Engine               - isSingleStep: false
12:11:52.768 [FXGL Background Thread 3 ] DEBUG Engine               - isUserProfileEnabled: false
12:11:52.768 [FXGL Background Thread 3 ] DEBUG Engine               - isWindows: true
12:11:52.768 [FXGL Background Thread 3 ] DEBUG Engine               - language: ObjectProperty [value: ENGLISH]
12:11:52.769 [FXGL Background Thread 3 ] DEBUG Engine               - menuKey: ESCAPE
12:11:52.769 [FXGL Background Thread 3 ] DEBUG Engine               - notificationViewClass: class com.almasb.fxgl.notification.view.XboxNotificationView
12:11:52.769 [FXGL Background Thread 3 ] DEBUG Engine               - pixelsPerMeter: 50.0
12:11:52.770 [FXGL Background Thread 3 ] DEBUG Engine               - platform: WINDOWS
12:11:52.770 [FXGL Background Thread 3 ] DEBUG Engine               - prefHeightProperty: ReadOnlyDoubleProperty [value: 700.0]
12:11:52.771 [FXGL Background Thread 3 ] DEBUG Engine               - prefWidthProperty: ReadOnlyDoubleProperty [value: 1050.0]
12:11:52.771 [FXGL Background Thread 3 ] DEBUG Engine               - profileDir: profiles/
12:11:52.772 [FXGL Background Thread 3 ] DEBUG Engine               - profileName: StringProperty [value: DEFAULT]
12:11:52.772 [FXGL Background Thread 3 ] DEBUG Engine               - randomSeed: -1
12:11:52.773 [FXGL Background Thread 3 ] DEBUG Engine               - runtimeInfo: RuntimeInfo(platform=WINDOWS, version=11.14, build=01.03.2021 16.59)
12:11:52.773 [FXGL Background Thread 3 ] DEBUG Engine               - saveFileExt: sav
12:11:52.774 [FXGL Background Thread 3 ] DEBUG Engine               - scaledHeightProp$fxgl: DoubleProperty [bound, value: 700.0]
12:11:52.774 [FXGL Background Thread 3 ] DEBUG Engine               - scaledWidthProp$fxgl: DoubleProperty [bound, value: 1050.0]
12:11:52.775 [FXGL Background Thread 3 ] DEBUG Engine               - sceneFactory: com.almasb.fxgl.app.scene.SceneFactory@9e1c365
12:11:52.776 [FXGL Background Thread 3 ] DEBUG Engine               - secondsIn24h: 60
12:11:52.780 [FXGL Background Thread 3 ] DEBUG Engine               - soundMenuBack: menu/back.wav
12:11:52.781 [FXGL Background Thread 3 ] DEBUG Engine               - soundMenuPress: menu/press.wav
12:11:52.782 [FXGL Background Thread 3 ] DEBUG Engine               - soundMenuSelect: menu/select.wav
12:11:52.782 [FXGL Background Thread 3 ] DEBUG Engine               - soundNotification: core/notification.wav
12:11:52.782 [FXGL Background Thread 3 ] DEBUG Engine               - stageStyle: DECORATED
12:11:52.783 [FXGL Background Thread 3 ] DEBUG Engine               - supportedLanguages: [ENGLISH, FRENCH, GERMAN, HUNGARIAN, RUSSIAN]
12:11:52.783 [FXGL Background Thread 3 ] DEBUG Engine               - ticksPerSecond: -1
12:11:52.783 [FXGL Background Thread 3 ] DEBUG Engine               - title: Demo game
12:11:52.784 [FXGL Background Thread 3 ] DEBUG Engine               - urlGithub: https://github.com/AlmasB/FXGL
12:11:52.784 [FXGL Background Thread 3 ] DEBUG Engine               - urlLeaderboard: http://fxgl-top.herokuapp.com/
12:11:52.784 [FXGL Background Thread 3 ] DEBUG Engine               - urlPOM: https://raw.githubusercontent.com/AlmasB/FXGL/release/README.md
12:11:52.785 [FXGL Background Thread 3 ] DEBUG Engine               - userAppClass: class Game
12:11:52.785 [FXGL Background Thread 3 ] DEBUG Engine               - version: 1.2
12:11:52.785 [FXGL Background Thread 3 ] DEBUG Engine               - versionCheckDays: 7
12:11:52.786 [FXGL Background Thread 3 ] DEBUG Engine               - width: 1050
12:11:52.786 [FXGL Background Thread 3 ] DEBUG Engine               - Logging services
12:11:52.786 [FXGL Background Thread 3 ] DEBUG Engine               - class com.almasb.fxgl.app.services.FXGLAssetLoaderService
12:11:52.787 [FXGL Background Thread 3 ] DEBUG Engine               - class com.almasb.fxgl.app.FXGLApplication$GameApplicationService
12:11:52.787 [FXGL Background Thread 3 ] DEBUG Engine               - class com.almasb.fxgl.app.services.FXGLDialogService
12:11:52.787 [FXGL Background Thread 3 ] DEBUG Engine               - class com.almasb.fxgl.app.services.IOTaskExecutorService
12:11:52.789 [FXGL Background Thread 3 ] DEBUG Engine               - class com.almasb.fxgl.event.EventBusService
12:11:52.789 [FXGL Background Thread 3 ] DEBUG Engine               - class com.almasb.fxgl.io.FileSystemService
12:11:52.789 [FXGL Background Thread 3 ] DEBUG Engine               - class com.almasb.fxgl.localization.LocalizationService
12:11:52.790 [FXGL Background Thread 3 ] DEBUG Engine               - class com.almasb.fxgl.app.services.SystemBundleService
12:11:52.790 [FXGL Background Thread 3 ] DEBUG Engine               - class com.almasb.fxgl.profile.SaveLoadService
12:11:52.790 [FXGL Background Thread 3 ] DEBUG Engine               - class com.almasb.fxgl.ui.FXGLUIFactoryServiceProvider
12:11:52.792 [FXGL Background Thread 3 ] DEBUG Engine               - class com.almasb.fxgl.ui.FXGLDialogFactoryServiceProvider
12:11:52.800 [FXGL Background Thread 3 ] DEBUG Engine               - class com.almasb.fxgl.audio.AudioPlayer
12:11:52.800 [FXGL Background Thread 3 ] DEBUG Engine               - class com.almasb.fxgl.notification.impl.NotificationServiceProvider
12:11:52.801 [FXGL Background Thread 3 ] DEBUG Engine               - class com.almasb.fxgl.achievement.AchievementService
12:11:52.801 [FXGL Background Thread 3 ] DEBUG Engine               - class com.almasb.fxgl.cutscene.CutsceneService
12:11:52.801 [FXGL Background Thread 3 ] DEBUG Engine               - class com.almasb.fxgl.minigames.MiniGameService
12:11:52.801 [FXGL Background Thread 3 ] DEBUG Engine               - class com.almasb.fxgl.net.NetService
12:11:52.802 [FXGL Background Thread 3 ] DEBUG Engine               - class com.almasb.fxgl.app.services.UpdaterService
12:11:52.802 [FXGL Background Thread 3 ] DEBUG Engine               - class com.almasb.fxgl.dev.DevService
12:11:56.722 [JavaFX Application Thread] DEBUG FXGLApplication      - Exiting FXGL
12:11:56.722 [JavaFX Application Thread] DEBUG LoopRunner           - Stopping loop
12:11:56.723 [JavaFX Application Thread] DEBUG SystemBundleService  - Saving FXGL system data
12:11:56.729 [JavaFX Application Thread] DEBUG FileSystemAccess     - Writing to: C:\Users\jfran\OneDrive - Hogeschool Leiden\IPOSE-Maven\system\fxgl.bundle
12:11:56.734 [JavaFX Application Thread] DEBUG Async                - Shutting down background threads
12:11:56.735 [JavaFX Application Thread] DEBUG PrimaryStageWindow   - Closing main window
12:11:56.783 [JavaFX Application Thread] DEBUG Logger               - Closing Logger
