11:52:19.723 [main                     ] DEBUG Logger               - Configured Logger
11:52:19.733 [main                     ] DEBUG GameApplication      - Logging settings
Title: Demo game
Version: 1.0
Width: 800
Height: 800
Fullscreen: false
Intro: false
Profiling: false
Single step:false
App Mode: DEVELOPER
Menu Key: ESCAPE
Stage Style: DECORATED
Scene Factory: class com.almasb.fxgl.app.scene.SceneFactory

11:52:20.048 [JavaFX Application Thread] DEBUG FXGLApplication      - Initializing FXGL
11:52:20.050 [JavaFX Application Thread] INFO  Engine               - FXGL-11.14 (01.03.2021 16.59) on WINDOWS (J:15.0.2 FX:15)
11:52:20.050 [JavaFX Application Thread] DEBUG Engine               - JRE Vendor Name: Oracle Corporation
11:52:20.050 [JavaFX Application Thread] DEBUG Engine               - Running on OS: Windows 10 version 10.0
11:52:20.050 [JavaFX Application Thread] DEBUG Engine               - Architecture: amd64
11:52:20.051 [JavaFX Application Thread] INFO  Engine               - Source code and latest versions at: https://github.com/AlmasB/FXGL
11:52:20.051 [JavaFX Application Thread] INFO  Engine               -              Join the FXGL chat at: https://gitter.im/AlmasB/FXGL
11:52:20.140 [JavaFX Application Thread] DEBUG PrimaryStageWindow   - Creating a JavaFX scene
11:52:20.180 [JavaFX Application Thread] DEBUG PrimaryStageWindow   - Target settings size: 800.0 x 800.0
11:52:20.180 [JavaFX Application Thread] DEBUG PrimaryStageWindow   - Scaled scene size:    800.0 x 800.0
11:52:20.180 [JavaFX Application Thread] DEBUG PrimaryStageWindow   - Scaled ratio: (1.0, 1.0)
11:52:20.181 [JavaFX Application Thread] DEBUG PrimaryStageWindow   - Set initial scene to FXGLStartupScene
11:52:20.187 [JavaFX Application Thread] DEBUG PrimaryStageWindow   - Opening main window
11:52:20.254 [JavaFX Application Thread] DEBUG PrimaryStageWindow   - Window border size: (14.4000244140625, 37.5999755859375)
11:52:20.254 [JavaFX Application Thread] DEBUG PrimaryStageWindow   - Scaled size: 800.0 x 800.0
11:52:20.254 [JavaFX Application Thread] DEBUG PrimaryStageWindow   - Scaled ratio: (1.0, 1.0)
11:52:20.255 [JavaFX Application Thread] DEBUG PrimaryStageWindow   - Scene size: 800.0 x 800.0
11:52:20.255 [JavaFX Application Thread] DEBUG PrimaryStageWindow   - Stage size: 814.4000244140625 x 837.5999755859375
11:52:20.261 [FXGL Background Thread 1 ] DEBUG Engine               - Initializing environment variables
11:52:20.296 [FXGL Background Thread 1 ] DEBUG FXGLAssetLoaderServi - User app class for loading assets: class Game
11:52:20.296 [FXGL Background Thread 1 ] DEBUG GameApplicationServi - Applying CSS: fxgl_dark.css
11:52:20.297 [FXGL Background Thread 1 ] DEBUG FXGLAssetLoaderServi - Loading from file system: jar:file:/C:/Users/fayli/.m2/repository/com/github/almasb/fxgl/11.14/fxgl-11.14.jar!/fxglassets/ui/css/fxgl_dark.css
11:52:20.342 [FXGL Background Thread 1 ] DEBUG GameApplicationServi - Initializing application scenes
11:52:20.371 [FXGL Background Thread 1 ] DEBUG GameWorld            - Game world initialized
11:52:20.416 [FXGL Background Thread 1 ] DEBUG PhysicsWorld         - Physics world initialized: appHeight=800, physics.ppm=50,0
11:52:20.416 [FXGL Background Thread 1 ] DEBUG PhysicsWorld         - Using strategy: BRUTE_FORCE
11:52:20.418 [FXGL Background Thread 1 ] DEBUG GameScene            - Game scene initialized: 800x800
11:52:20.450 [FXGL Background Thread 1 ] DEBUG FXGLAssetLoaderServi - Loading from file system: jar:file:/C:/Users/fayli/.m2/repository/com/github/almasb/fxgl/11.14/fxgl-11.14.jar!/fxglassets/textures/particles/trace_horizontal.png
11:52:20.491 [FXGL Background Thread 1 ] DEBUG FXGL.DefaultMenu     - createMenuBodyGameMenu()
11:52:20.503 [FXGL Background Thread 1 ] DEBUG FXGL.DefaultMenu     - createOptionsMenu()
11:52:20.508 [FXGL Background Thread 1 ] DEBUG FXGLAssetLoaderServi - Loading from file system: jar:file:/C:/Users/fayli/.m2/repository/com/github/almasb/fxgl/11.14/fxgl-11.14.jar!/fxglassets/textures/particles/smoke.png
11:52:20.552 [FXGL Background Thread 1 ] DEBUG GameApplicationServi - Application scenes initialized
11:52:20.562 [FXGL Background Thread 1 ] DEBUG SystemBundleService  - Loading FXGL system data
11:52:20.566 [FXGL Background Thread 1 ] DEBUG FileSystemAccess     - Reading from: C:\Users\fayli\OneDrive - Hogeschool Leiden\Periode 3, Jaar 1\IOOA\Week 6\IPOSE-Maven\system\fxgl.bundle
11:52:20.573 [FXGL Background Thread 1 ] DEBUG SystemBundleService  - Bundle FXGL: {}
11:52:20.573 [FXGL Background Thread 1 ] DEBUG UpdaterService       - Checking for updates
11:52:20.578 [FXGL Background Thread 4 ] DEBUG FXGLApplication      - Loading fonts
11:52:20.578 [FXGL Background Thread 1 ] DEBUG FXGLApplication      - Loading default localization
11:52:20.579 [FXGL Background Thread 4 ] DEBUG FXGLAssetLoaderServi - Loading from file system: jar:file:/C:/Users/fayli/.m2/repository/com/github/almasb/fxgl/11.14/fxgl-11.14.jar!/fxglassets/ui/fonts/VarelaRound-Regular.ttf
11:52:20.579 [FXGL Background Thread 1 ] DEBUG FXGLAssetLoaderServi - Loading from file system: jar:file:/C:/Users/fayli/.m2/repository/com/github/almasb/fxgl/11.14/fxgl-11.14.jar!/fxglassets/languages/english.lang
11:52:20.599 [FXGL Background Thread 1 ] INFO  FXGLApplication      - FXGL initialization took: 0,337 sec
11:52:20.614 [JavaFX Application Thread] DEBUG Input                - Registered new binding: action0 - D
11:52:20.614 [JavaFX Application Thread] DEBUG Input                - Registered new binding: action1 - A
11:52:20.615 [JavaFX Application Thread] DEBUG Input                - Registered new binding: action2 - W
11:52:20.615 [JavaFX Application Thread] DEBUG Input                - Registered new binding: action3 - S
11:52:20.616 [JavaFX Application Thread] DEBUG FXGLAssetLoaderServi - Loading from file system: jar:file:/C:/Users/fayli/.m2/repository/com/github/almasb/fxgl/11.14/fxgl-11.14.jar!/fxglassets/textures/fxgl_icon.png
11:52:20.645 [JavaFX Application Thread] DEBUG FXGLAssetLoaderServi - Loading from file system: jar:file:/C:/Users/fayli/.m2/repository/com/github/almasb/fxgl/11.14/fxgl-11.14.jar!/fxglassets/ui/cursors/fxgl_default.png
11:52:20.648 [JavaFX Application Thread] DEBUG Input                - Registered new binding: Screenshot - P
11:52:20.649 [JavaFX Application Thread] DEBUG Input                - Registered new binding: System info dump - CTRL+9
11:52:20.649 [JavaFX Application Thread] DEBUG Input                - Registered new binding: Restart - CTRL+R
11:52:20.650 [JavaFX Application Thread] DEBUG Input                - Registered new binding: Toggle Debug Camera - CTRL+C
11:52:20.652 [JavaFX Application Thread] DEBUG LoopRunner           - Starting loop
11:52:20.653 [JavaFX Application Thread] DEBUG LoopRunner           - Initializing JavaFX AnimationTimerLoop
11:52:20.654 [JavaFX Application Thread] DEBUG GameApplicationServi - Starting new game
11:52:20.655 [JavaFX Application Thread] DEBUG Input                - Clearing active input actions
11:52:20.658 [FXGL Background Thread 4 ] DEBUG FXGLAssetLoaderServi - Loading from file system: jar:file:/C:/Users/fayli/.m2/repository/com/github/almasb/fxgl/11.14/fxgl-11.14.jar!/fxglassets/ui/fonts/lucida_console.ttf
11:52:20.666 [FXGL Background Thread 4 ] DEBUG FXGLAssetLoaderServi - Loading from file system: jar:file:/C:/Users/fayli/.m2/repository/com/github/almasb/fxgl/11.14/fxgl-11.14.jar!/fxglassets/ui/fonts/Courier-Prime.ttf
11:52:20.669 [JavaFX Application Thread] DEBUG GameApplicationServi - Removing overlay from FXGLStartupScene and adding to FXGLLoadingScene
11:52:20.670 [JavaFX Application Thread] DEBUG PrimaryStageWindow   - FXGLStartupScene -> FXGLLoadingScene
11:52:20.670 [JavaFX Application Thread] DEBUG GameApplicationServi - Clearing previous game
11:52:20.670 [JavaFX Application Thread] DEBUG GameScene            - Clearing game scene
11:52:20.670 [JavaFX Application Thread] DEBUG GameWorld            - Clearing game world
11:52:20.672 [JavaFX Application Thread] DEBUG PhysicsWorld         - Clearing physics world
11:52:20.674 [FXGL Background Thread 1 ] DEBUG FXGLApplication      - Initializing game
11:52:20.677 [FXGL Background Thread 1 ] DEBUG FXGLAssetLoaderServi - Loading from file system: file:/C:/Users/fayli/OneDrive%20-%20Hogeschool%20Leiden/Periode%203,%20Jaar%201/IOOA/Week%206/IPOSE-Maven/target/classes/assets/textures/madotsuki.png
11:52:20.699 [FXGL Background Thread 1 ] INFO  FXGLApplication      - Game initialization took: 0,025 sec
11:52:20.711 [JavaFX Application Thread] DEBUG FXGLApplication      - Registering font factories with UI factory
11:52:20.714 [JavaFX Application Thread] DEBUG Input                - Clearing active input actions
11:52:20.727 [JavaFX Application Thread] DEBUG GameApplicationServi - Removing overlay from FXGLLoadingScene and adding to GameScene
11:52:20.728 [JavaFX Application Thread] DEBUG PrimaryStageWindow   - FXGLLoadingScene -> GameScene
11:52:21.051 [FXGL Background Thread 2 ] INFO  UpdaterService       - Your current version:  11.14
11:52:21.052 [FXGL Background Thread 2 ] INFO  UpdaterService       - Latest stable version: 17.1
11:52:23.577 [FXGL Background Thread 3 ] DEBUG Engine               - Logging environment variables
11:52:23.577 [FXGL Background Thread 3 ] DEBUG Engine               - achievements: []
11:52:23.577 [FXGL Background Thread 3 ] DEBUG Engine               - actualHeight: 800.0
11:52:23.577 [FXGL Background Thread 3 ] DEBUG Engine               - actualHeightProperty: ReadOnlyDoubleProperty [value: 800.0]
11:52:23.577 [FXGL Background Thread 3 ] DEBUG Engine               - actualWidth: 800.0
11:52:23.578 [FXGL Background Thread 3 ] DEBUG Engine               - actualWidthProperty: ReadOnlyDoubleProperty [value: 800.0]
11:52:23.578 [FXGL Background Thread 3 ] DEBUG Engine               - appIcon: fxgl_icon.png
11:52:23.578 [FXGL Background Thread 3 ] DEBUG Engine               - applicationMode: DEVELOPER
11:52:23.578 [FXGL Background Thread 3 ] DEBUG Engine               - cSSList: [fxgl_dark.css]
11:52:23.578 [FXGL Background Thread 3 ] DEBUG Engine               - collisionDetectionStrategy: BRUTE_FORCE
11:52:23.578 [FXGL Background Thread 3 ] DEBUG Engine               - configClass: Optional.empty
11:52:23.578 [FXGL Background Thread 3 ] DEBUG Engine               - credits: []
11:52:23.579 [FXGL Background Thread 3 ] DEBUG Engine               - devBBoxColorProperty: ObjectProperty [value: 0xff0000ff]
11:52:23.579 [FXGL Background Thread 3 ] DEBUG Engine               - devEnableDebugCameraProperty: BooleanProperty [value: false]
11:52:23.579 [FXGL Background Thread 3 ] DEBUG Engine               - devSensorColorProperty: ObjectProperty [value: 0xffff00ff]
11:52:23.579 [FXGL Background Thread 3 ] DEBUG Engine               - devShowBBoxProperty: BooleanProperty [value: false]
11:52:23.580 [FXGL Background Thread 3 ] DEBUG Engine               - devShowPositionProperty: BooleanProperty [value: false]
11:52:23.580 [FXGL Background Thread 3 ] DEBUG Engine               - enabledMenuItems: []
11:52:23.580 [FXGL Background Thread 3 ] DEBUG Engine               - engineServices: [class com.almasb.fxgl.app.services.FXGLAssetLoaderService, class com.almasb.fxgl.app.FXGLApplication$GameApplicationService, class com.almasb.fxgl.app.services.FXGLDialogService, class com.almasb.fxgl.app.services.IOTaskExecutorService, class com.almasb.fxgl.event.EventBusService, class com.almasb.fxgl.io.FileSystemService, class com.almasb.fxgl.localization.LocalizationService, class com.almasb.fxgl.app.services.SystemBundleService, class com.almasb.fxgl.profile.SaveLoadService, class com.almasb.fxgl.ui.FXGLUIFactoryServiceProvider, class com.almasb.fxgl.ui.FXGLDialogFactoryServiceProvider, class com.almasb.fxgl.audio.AudioPlayer, class com.almasb.fxgl.notification.impl.NotificationServiceProvider, class com.almasb.fxgl.achievement.AchievementService, class com.almasb.fxgl.cutscene.CutsceneService, class com.almasb.fxgl.minigames.MiniGameService, class com.almasb.fxgl.net.NetService, class com.almasb.fxgl.app.services.UpdaterService, class com.almasb.fxgl.dev.DevService]
11:52:23.580 [FXGL Background Thread 3 ] DEBUG Engine               - fontGame: Abel-Regular.ttf
11:52:23.580 [FXGL Background Thread 3 ] DEBUG Engine               - fontMono: lucida_console.ttf
11:52:23.580 [FXGL Background Thread 3 ] DEBUG Engine               - fontText: Courier-Prime.ttf
11:52:23.581 [FXGL Background Thread 3 ] DEBUG Engine               - fontUI: VarelaRound-Regular.ttf
11:52:23.581 [FXGL Background Thread 3 ] DEBUG Engine               - fullScreen: BooleanProperty [value: false]
11:52:23.581 [FXGL Background Thread 3 ] DEBUG Engine               - gameDifficulty: MEDIUM
11:52:23.581 [FXGL Background Thread 3 ] DEBUG Engine               - gameDifficultyProperty: ObjectProperty [value: MEDIUM]
11:52:23.581 [FXGL Background Thread 3 ] DEBUG Engine               - globalMusicVolume: 0.5
11:52:23.581 [FXGL Background Thread 3 ] DEBUG Engine               - globalMusicVolumeProperty: DoubleProperty [value: 0.5]
11:52:23.582 [FXGL Background Thread 3 ] DEBUG Engine               - globalSoundVolume: 0.5
11:52:23.582 [FXGL Background Thread 3 ] DEBUG Engine               - globalSoundVolumeProperty: DoubleProperty [value: 0.5]
11:52:23.582 [FXGL Background Thread 3 ] DEBUG Engine               - height: 800
11:52:23.582 [FXGL Background Thread 3 ] DEBUG Engine               - isAndroid: false
11:52:23.582 [FXGL Background Thread 3 ] DEBUG Engine               - isBrowser: false
11:52:23.583 [FXGL Background Thread 3 ] DEBUG Engine               - isClickFeedbackEnabled: false
11:52:23.583 [FXGL Background Thread 3 ] DEBUG Engine               - isCloseConfirmation: false
11:52:23.583 [FXGL Background Thread 3 ] DEBUG Engine               - isDesktop: true
11:52:23.583 [FXGL Background Thread 3 ] DEBUG Engine               - isDeveloperMenuEnabled: false
11:52:23.584 [FXGL Background Thread 3 ] DEBUG Engine               - isEntityPreloadEnabled: true
11:52:23.584 [FXGL Background Thread 3 ] DEBUG Engine               - isExperimental3D: false
11:52:23.584 [FXGL Background Thread 3 ] DEBUG Engine               - isExperimentalNative: false
11:52:23.584 [FXGL Background Thread 3 ] DEBUG Engine               - isExperimentalTiledLargeMap: false
11:52:23.584 [FXGL Background Thread 3 ] DEBUG Engine               - isFileSystemWriteAllowed: true
11:52:23.584 [FXGL Background Thread 3 ] DEBUG Engine               - isFullScreenAllowed: false
11:52:23.585 [FXGL Background Thread 3 ] DEBUG Engine               - isFullScreenFromStart: false
11:52:23.585 [FXGL Background Thread 3 ] DEBUG Engine               - isGameMenuEnabled: true
11:52:23.585 [FXGL Background Thread 3 ] DEBUG Engine               - isIOS: false
11:52:23.585 [FXGL Background Thread 3 ] DEBUG Engine               - isIntroEnabled: false
11:52:23.585 [FXGL Background Thread 3 ] DEBUG Engine               - isLinux: false
11:52:23.585 [FXGL Background Thread 3 ] DEBUG Engine               - isMac: false
11:52:23.586 [FXGL Background Thread 3 ] DEBUG Engine               - isMainMenuEnabled: false
11:52:23.586 [FXGL Background Thread 3 ] DEBUG Engine               - isManualResizeEnabled: false
11:52:23.586 [FXGL Background Thread 3 ] DEBUG Engine               - isMobile: false
11:52:23.586 [FXGL Background Thread 3 ] DEBUG Engine               - isPreserveResizeRatio: false
11:52:23.586 [FXGL Background Thread 3 ] DEBUG Engine               - isProfilingEnabled: false
11:52:23.586 [FXGL Background Thread 3 ] DEBUG Engine               - isScaleAffectedOnResize: true
11:52:23.586 [FXGL Background Thread 3 ] DEBUG Engine               - isSingleStep: false
11:52:23.586 [FXGL Background Thread 3 ] DEBUG Engine               - isUserProfileEnabled: false
11:52:23.586 [FXGL Background Thread 3 ] DEBUG Engine               - isWindows: true
11:52:23.586 [FXGL Background Thread 3 ] DEBUG Engine               - language: ObjectProperty [value: ENGLISH]
11:52:23.587 [FXGL Background Thread 3 ] DEBUG Engine               - menuKey: ESCAPE
11:52:23.587 [FXGL Background Thread 3 ] DEBUG Engine               - notificationViewClass: class com.almasb.fxgl.notification.view.XboxNotificationView
11:52:23.587 [FXGL Background Thread 3 ] DEBUG Engine               - pixelsPerMeter: 50.0
11:52:23.587 [FXGL Background Thread 3 ] DEBUG Engine               - platform: WINDOWS
11:52:23.587 [FXGL Background Thread 3 ] DEBUG Engine               - prefHeightProperty: ReadOnlyDoubleProperty [value: 800.0]
11:52:23.587 [FXGL Background Thread 3 ] DEBUG Engine               - prefWidthProperty: ReadOnlyDoubleProperty [value: 800.0]
11:52:23.587 [FXGL Background Thread 3 ] DEBUG Engine               - profileDir: profiles/
11:52:23.588 [FXGL Background Thread 3 ] DEBUG Engine               - profileName: StringProperty [value: DEFAULT]
11:52:23.588 [FXGL Background Thread 3 ] DEBUG Engine               - randomSeed: -1
11:52:23.588 [FXGL Background Thread 3 ] DEBUG Engine               - runtimeInfo: RuntimeInfo(platform=WINDOWS, version=11.14, build=01.03.2021 16.59)
11:52:23.588 [FXGL Background Thread 3 ] DEBUG Engine               - saveFileExt: sav
11:52:23.588 [FXGL Background Thread 3 ] DEBUG Engine               - scaledHeightProp$fxgl: DoubleProperty [bound, value: 800.0]
11:52:23.588 [FXGL Background Thread 3 ] DEBUG Engine               - scaledWidthProp$fxgl: DoubleProperty [bound, value: 800.0]
11:52:23.588 [FXGL Background Thread 3 ] DEBUG Engine               - sceneFactory: com.almasb.fxgl.app.scene.SceneFactory@677703f1
11:52:23.588 [FXGL Background Thread 3 ] DEBUG Engine               - secondsIn24h: 60
11:52:23.588 [FXGL Background Thread 3 ] DEBUG Engine               - soundMenuBack: menu/back.wav
11:52:23.589 [FXGL Background Thread 3 ] DEBUG Engine               - soundMenuPress: menu/press.wav
11:52:23.589 [FXGL Background Thread 3 ] DEBUG Engine               - soundMenuSelect: menu/select.wav
11:52:23.589 [FXGL Background Thread 3 ] DEBUG Engine               - soundNotification: core/notification.wav
11:52:23.589 [FXGL Background Thread 3 ] DEBUG Engine               - stageStyle: DECORATED
11:52:23.589 [FXGL Background Thread 3 ] DEBUG Engine               - supportedLanguages: [ENGLISH, FRENCH, GERMAN, HUNGARIAN, RUSSIAN]
11:52:23.589 [FXGL Background Thread 3 ] DEBUG Engine               - ticksPerSecond: -1
11:52:23.589 [FXGL Background Thread 3 ] DEBUG Engine               - title: Demo game
11:52:23.589 [FXGL Background Thread 3 ] DEBUG Engine               - urlGithub: https://github.com/AlmasB/FXGL
11:52:23.590 [FXGL Background Thread 3 ] DEBUG Engine               - urlLeaderboard: http://fxgl-top.herokuapp.com/
11:52:23.590 [FXGL Background Thread 3 ] DEBUG Engine               - urlPOM: https://raw.githubusercontent.com/AlmasB/FXGL/release/README.md
11:52:23.590 [FXGL Background Thread 3 ] DEBUG Engine               - userAppClass: class Game
11:52:23.590 [FXGL Background Thread 3 ] DEBUG Engine               - version: 1.0
11:52:23.590 [FXGL Background Thread 3 ] DEBUG Engine               - versionCheckDays: 7
11:52:23.590 [FXGL Background Thread 3 ] DEBUG Engine               - width: 800
11:52:23.590 [FXGL Background Thread 3 ] DEBUG Engine               - Logging services
11:52:23.590 [FXGL Background Thread 3 ] DEBUG Engine               - class com.almasb.fxgl.app.services.FXGLAssetLoaderService
11:52:23.591 [FXGL Background Thread 3 ] DEBUG Engine               - class com.almasb.fxgl.app.FXGLApplication$GameApplicationService
11:52:23.591 [FXGL Background Thread 3 ] DEBUG Engine               - class com.almasb.fxgl.app.services.FXGLDialogService
11:52:23.591 [FXGL Background Thread 3 ] DEBUG Engine               - class com.almasb.fxgl.app.services.IOTaskExecutorService
11:52:23.591 [FXGL Background Thread 3 ] DEBUG Engine               - class com.almasb.fxgl.event.EventBusService
11:52:23.591 [FXGL Background Thread 3 ] DEBUG Engine               - class com.almasb.fxgl.io.FileSystemService
11:52:23.591 [FXGL Background Thread 3 ] DEBUG Engine               - class com.almasb.fxgl.localization.LocalizationService
11:52:23.591 [FXGL Background Thread 3 ] DEBUG Engine               - class com.almasb.fxgl.app.services.SystemBundleService
11:52:23.591 [FXGL Background Thread 3 ] DEBUG Engine               - class com.almasb.fxgl.profile.SaveLoadService
11:52:23.592 [FXGL Background Thread 3 ] DEBUG Engine               - class com.almasb.fxgl.ui.FXGLUIFactoryServiceProvider
11:52:23.592 [FXGL Background Thread 3 ] DEBUG Engine               - class com.almasb.fxgl.ui.FXGLDialogFactoryServiceProvider
11:52:23.592 [FXGL Background Thread 3 ] DEBUG Engine               - class com.almasb.fxgl.audio.AudioPlayer
11:52:23.592 [FXGL Background Thread 3 ] DEBUG Engine               - class com.almasb.fxgl.notification.impl.NotificationServiceProvider
11:52:23.592 [FXGL Background Thread 3 ] DEBUG Engine               - class com.almasb.fxgl.achievement.AchievementService
11:52:23.592 [FXGL Background Thread 3 ] DEBUG Engine               - class com.almasb.fxgl.cutscene.CutsceneService
11:52:23.592 [FXGL Background Thread 3 ] DEBUG Engine               - class com.almasb.fxgl.minigames.MiniGameService
11:52:23.592 [FXGL Background Thread 3 ] DEBUG Engine               - class com.almasb.fxgl.net.NetService
11:52:23.593 [FXGL Background Thread 3 ] DEBUG Engine               - class com.almasb.fxgl.app.services.UpdaterService
11:52:23.593 [FXGL Background Thread 3 ] DEBUG Engine               - class com.almasb.fxgl.dev.DevService
11:54:43.455 [JavaFX Application Thread] DEBUG FXGLApplication      - Exiting FXGL
11:54:43.456 [JavaFX Application Thread] DEBUG LoopRunner           - Stopping loop
11:54:43.457 [JavaFX Application Thread] DEBUG SystemBundleService  - Saving FXGL system data
11:54:43.460 [JavaFX Application Thread] DEBUG FileSystemAccess     - Writing to: C:\Users\fayli\OneDrive - Hogeschool Leiden\Periode 3, Jaar 1\IOOA\Week 6\IPOSE-Maven\system\fxgl.bundle
11:54:43.461 [JavaFX Application Thread] DEBUG Async                - Shutting down background threads
11:54:43.461 [JavaFX Application Thread] DEBUG PrimaryStageWindow   - Closing main window
11:54:43.472 [JavaFX Application Thread] DEBUG Logger               - Closing Logger
