14:34:55.781 [main                     ] DEBUG Logger               - Configured Logger
14:34:55.831 [main                     ] DEBUG GameApplication      - Logging settings
Title: Demo game
Version: 1.2
Width: 1050
Height: 700
Fullscreen: false
Intro: false
Profiling: false
Single step:false
App Mode: DEVELOPER
Menu Key: ESCAPE
Stage Style: DECORATED
Scene Factory: class com.almasb.fxgl.app.scene.SceneFactory

14:34:57.158 [JavaFX Application Thread] DEBUG FXGLApplication      - Initializing FXGL
14:34:57.164 [JavaFX Application Thread] INFO  Engine               - FXGL-11.14 (01.03.2021 16.59) on WINDOWS (J:15.0.2 FX:15)
14:34:57.165 [JavaFX Application Thread] DEBUG Engine               - JRE Vendor Name: Amazon.com Inc.
14:34:57.166 [JavaFX Application Thread] DEBUG Engine               - Running on OS: Windows 10 version 10.0
14:34:57.169 [JavaFX Application Thread] DEBUG Engine               - Architecture: amd64
14:34:57.171 [JavaFX Application Thread] INFO  Engine               - Source code and latest versions at: https://github.com/AlmasB/FXGL
14:34:57.172 [JavaFX Application Thread] INFO  Engine               -              Join the FXGL chat at: https://gitter.im/AlmasB/FXGL
14:34:57.648 [JavaFX Application Thread] DEBUG PrimaryStageWindow   - Creating a JavaFX scene
14:34:57.823 [JavaFX Application Thread] DEBUG PrimaryStageWindow   - Target settings size: 1050.0 x 700.0
14:34:57.824 [JavaFX Application Thread] DEBUG PrimaryStageWindow   - Scaled scene size:    1050.0 x 700.0
14:34:57.837 [JavaFX Application Thread] DEBUG PrimaryStageWindow   - Scaled ratio: (1.0, 1.0)
14:34:57.844 [JavaFX Application Thread] DEBUG PrimaryStageWindow   - Set initial scene to FXGLStartupScene
14:34:57.874 [JavaFX Application Thread] DEBUG PrimaryStageWindow   - Opening main window
14:34:58.130 [JavaFX Application Thread] DEBUG PrimaryStageWindow   - Window border size: (14.800048828125, 37.5999755859375)
14:34:58.133 [JavaFX Application Thread] DEBUG PrimaryStageWindow   - Scaled size: 1050.0 x 700.0
14:34:58.135 [JavaFX Application Thread] DEBUG PrimaryStageWindow   - Scaled ratio: (1.0, 1.0)
14:34:58.135 [JavaFX Application Thread] DEBUG PrimaryStageWindow   - Scene size: 1050.0 x 700.0
14:34:58.136 [JavaFX Application Thread] DEBUG PrimaryStageWindow   - Stage size: 1064.800048828125 x 737.5999755859375
14:34:58.268 [FXGL Background Thread 1 ] DEBUG Engine               - Initializing environment variables
14:34:58.387 [FXGL Background Thread 1 ] DEBUG FXGLAssetLoaderServi - User app class for loading assets: class Game
14:34:58.388 [FXGL Background Thread 1 ] DEBUG GameApplicationServi - Applying CSS: fxgl_dark.css
14:34:58.390 [FXGL Background Thread 1 ] DEBUG FXGLAssetLoaderServi - Loading from file system: jar:file:/C:/Users/jfran/.m2/repository/com/github/almasb/fxgl/11.14/fxgl-11.14.jar!/fxglassets/ui/css/fxgl_dark.css
14:34:58.535 [FXGL Background Thread 1 ] DEBUG GameApplicationServi - Initializing application scenes
14:34:58.769 [FXGL Background Thread 1 ] DEBUG GameWorld            - Game world initialized
14:34:58.944 [FXGL Background Thread 1 ] DEBUG PhysicsWorld         - Physics world initialized: appHeight=700, physics.ppm=50,0
14:34:58.945 [FXGL Background Thread 1 ] DEBUG PhysicsWorld         - Using strategy: BRUTE_FORCE
14:34:58.952 [FXGL Background Thread 1 ] DEBUG GameScene            - Game scene initialized: 1050x700
14:34:59.061 [FXGL Background Thread 1 ] DEBUG FXGLAssetLoaderServi - Loading from file system: jar:file:/C:/Users/jfran/.m2/repository/com/github/almasb/fxgl/11.14/fxgl-11.14.jar!/fxglassets/textures/particles/trace_horizontal.png
14:34:59.216 [FXGL Background Thread 1 ] DEBUG FXGL.DefaultMenu     - createMenuBodyMainMenu()
14:34:59.266 [FXGL Background Thread 1 ] DEBUG FXGL.DefaultMenu     - createOptionsMenu()
14:34:59.281 [FXGL Background Thread 1 ] DEBUG FXGLAssetLoaderServi - Loading from file system: jar:file:/C:/Users/jfran/.m2/repository/com/github/almasb/fxgl/11.14/fxgl-11.14.jar!/fxglassets/textures/particles/smoke.png
14:34:59.451 [FXGL Background Thread 1 ] DEBUG FXGL.DefaultMenu     - createMenuBodyGameMenu()
14:34:59.454 [FXGL Background Thread 1 ] DEBUG FXGL.DefaultMenu     - createOptionsMenu()
14:34:59.498 [FXGL Background Thread 1 ] DEBUG GameApplicationServi - Application scenes initialized
14:34:59.530 [FXGL Background Thread 1 ] DEBUG SystemBundleService  - Loading FXGL system data
14:34:59.540 [FXGL Background Thread 1 ] DEBUG FileSystemAccess     - Reading from: C:\Users\jfran\OneDrive - Hogeschool Leiden\IPOSE-Maven\system\fxgl.bundle
14:34:59.553 [FXGL Background Thread 1 ] DEBUG SystemBundleService  - Bundle FXGL: {}
14:34:59.554 [FXGL Background Thread 1 ] DEBUG UpdaterService       - Checking for updates
14:34:59.571 [FXGL Background Thread 1 ] DEBUG FXGLApplication      - Loading default localization
14:34:59.572 [FXGL Background Thread 4 ] DEBUG FXGLApplication      - Loading fonts
14:34:59.574 [FXGL Background Thread 1 ] DEBUG FXGLAssetLoaderServi - Loading from file system: jar:file:/C:/Users/jfran/.m2/repository/com/github/almasb/fxgl/11.14/fxgl-11.14.jar!/fxglassets/languages/english.lang
14:34:59.605 [FXGL Background Thread 4 ] DEBUG FXGLAssetLoaderServi - Loading from file system: jar:file:/C:/Users/jfran/.m2/repository/com/github/almasb/fxgl/11.14/fxgl-11.14.jar!/fxglassets/ui/fonts/VarelaRound-Regular.ttf
14:34:59.621 [FXGL Background Thread 1 ] INFO  FXGLApplication      - FXGL initialization took: 1,352 sec
14:34:59.647 [JavaFX Application Thread] DEBUG Input                - Registered new binding: Left - A
14:34:59.648 [JavaFX Application Thread] DEBUG Input                - Registered new binding: Right - D
14:34:59.649 [JavaFX Application Thread] DEBUG Input                - Registered new binding: Jump - W
14:34:59.650 [JavaFX Application Thread] DEBUG FXGLAssetLoaderServi - Loading from file system: jar:file:/C:/Users/jfran/.m2/repository/com/github/almasb/fxgl/11.14/fxgl-11.14.jar!/fxglassets/textures/fxgl_icon.png
14:34:59.720 [JavaFX Application Thread] DEBUG FXGLAssetLoaderServi - Loading from file system: jar:file:/C:/Users/jfran/.m2/repository/com/github/almasb/fxgl/11.14/fxgl-11.14.jar!/fxglassets/ui/cursors/fxgl_default.png
14:34:59.724 [JavaFX Application Thread] DEBUG Input                - Registered new binding: Screenshot - P
14:34:59.726 [JavaFX Application Thread] DEBUG Input                - Registered new binding: System info dump - CTRL+9
14:34:59.729 [JavaFX Application Thread] DEBUG Input                - Registered new binding: Restart - CTRL+R
14:34:59.731 [JavaFX Application Thread] DEBUG Input                - Registered new binding: Toggle Debug Camera - CTRL+C
14:34:59.737 [JavaFX Application Thread] DEBUG LoopRunner           - Starting loop
14:34:59.737 [JavaFX Application Thread] DEBUG LoopRunner           - Initializing JavaFX AnimationTimerLoop
14:34:59.744 [JavaFX Application Thread] DEBUG Input                - Clearing active input actions
14:34:59.773 [JavaFX Application Thread] DEBUG GameApplicationServi - Removing overlay from FXGLStartupScene and adding to FXGLMainMenuDummyScene
14:34:59.774 [JavaFX Application Thread] DEBUG PrimaryStageWindow   - FXGLStartupScene -> FXGLMainMenuDummyScene
14:34:59.774 [JavaFX Application Thread] DEBUG PrimaryStageWindow   - Push state: FXGLDefaultMenu
14:34:59.787 [JavaFX Application Thread] DEBUG Input                - Clearing active input actions
14:34:59.823 [JavaFX Application Thread] DEBUG GameApplicationServi - Removing overlay from FXGLMainMenuDummyScene and adding to FXGLDefaultMenu
14:34:59.825 [JavaFX Application Thread] DEBUG PrimaryStageWindow   - FXGLMainMenuDummyScene -> FXGLDefaultMenu
14:35:00.388 [FXGL Background Thread 4 ] DEBUG FXGLAssetLoaderServi - Loading from file system: jar:file:/C:/Users/jfran/.m2/repository/com/github/almasb/fxgl/11.14/fxgl-11.14.jar!/fxglassets/ui/fonts/Abel-Regular.ttf
14:35:00.412 [FXGL Background Thread 4 ] DEBUG FXGLAssetLoaderServi - Loading from file system: jar:file:/C:/Users/jfran/.m2/repository/com/github/almasb/fxgl/11.14/fxgl-11.14.jar!/fxglassets/ui/fonts/lucida_console.ttf
14:35:00.446 [FXGL Background Thread 4 ] DEBUG FXGLAssetLoaderServi - Loading from file system: jar:file:/C:/Users/jfran/.m2/repository/com/github/almasb/fxgl/11.14/fxgl-11.14.jar!/fxglassets/ui/fonts/Courier-Prime.ttf
14:35:00.501 [JavaFX Application Thread] DEBUG FXGLApplication      - Registering font factories with UI factory
14:35:01.563 [JavaFX Application Thread] DEBUG Menu                 - fireNewGame()
14:35:01.563 [JavaFX Application Thread] DEBUG GameApplicationServi - Starting new game
14:35:01.568 [JavaFX Application Thread] DEBUG PrimaryStageWindow   - Pop state: FXGLDefaultMenu
14:35:01.568 [JavaFX Application Thread] DEBUG Input                - Clearing active input actions
14:35:01.585 [JavaFX Application Thread] DEBUG GameApplicationServi - Removing overlay from FXGLDefaultMenu and adding to FXGLMainMenuDummyScene
14:35:01.586 [JavaFX Application Thread] DEBUG PrimaryStageWindow   - FXGLMainMenuDummyScene <- FXGLDefaultMenu
14:35:01.587 [JavaFX Application Thread] DEBUG Input                - Clearing active input actions
14:35:01.628 [JavaFX Application Thread] DEBUG GameApplicationServi - Removing overlay from FXGLMainMenuDummyScene and adding to FXGLLoadingScene
14:35:01.628 [JavaFX Application Thread] DEBUG PrimaryStageWindow   - FXGLMainMenuDummyScene -> FXGLLoadingScene
14:35:01.629 [JavaFX Application Thread] DEBUG GameApplicationServi - Clearing previous game
14:35:01.629 [JavaFX Application Thread] DEBUG GameScene            - Clearing game scene
14:35:01.630 [JavaFX Application Thread] DEBUG GameWorld            - Clearing game world
14:35:01.631 [JavaFX Application Thread] DEBUG PhysicsWorld         - Clearing physics world
14:35:01.652 [FXGL Background Thread 4 ] DEBUG FXGLApplication      - Initializing game
14:35:01.670 [FXGL Background Thread 4 ] WARN  FXGLAssetLoaderServi - Asset "/assets/levels/levels/level1.tmx" was not found!
14:35:01.703 [JavaFX Application Thread] DEBUG LoopRunner           - Stopping loop
14:35:01.706 [JavaFX Application Thread] FATAL FXGLApplication      - Uncaught Exception:
java.lang.RuntimeException: Initialization failed
	at com.almasb.fxgl.app.FXGLApplication$InitAppTask.failed(FXGLApplication.kt:376)
	at javafx.concurrent.Task.setState(Task.java:710)
	at javafx.concurrent.Task$TaskCallable.lambda$call$2(Task.java:1455)
	at com.sun.javafx.application.PlatformImpl.lambda$runLater$10(PlatformImpl.java:428)
	at java.base/java.security.AccessController.doPrivileged(AccessController.java:391)
	at com.sun.javafx.application.PlatformImpl.lambda$runLater$11(PlatformImpl.java:427)
	at com.sun.glass.ui.InvokeLaterDispatcher$Future.run(InvokeLaterDispatcher.java:96)
	at com.sun.glass.ui.win.WinApplication._runLoop(Native Method)
	at com.sun.glass.ui.win.WinApplication.lambda$runLoop$3(WinApplication.java:174)
	at java.base/java.lang.Thread.run(Thread.java:832)
Caused by: java.lang.IllegalArgumentException: Loading level failed. Asset not found: levels/level1.tmx
	at com.almasb.fxgl.app.services.FXGLAssetLoaderService.loadLevel(FXGLAssetLoaderService.kt:439)
	at com.almasb.fxgl.dsl.FXGL$Companion.setLevelFromMap(FXGL.kt:532)
	at com.almasb.fxgl.dsl.FXGL.setLevelFromMap(FXGL.kt)
	at Game.setLevel(Game.java:144)
	at Game.nextLevel(Game.java:135)
	at Game.initGame(Game.java:51)
	at com.almasb.fxgl.app.FXGLApplication$InitAppTask.initGame(FXGLApplication.kt:372)
	at com.almasb.fxgl.app.FXGLApplication$InitAppTask.call(FXGLApplication.kt:352)
	at com.almasb.fxgl.app.FXGLApplication$InitAppTask.call(FXGLApplication.kt:344)
	at javafx.concurrent.Task$TaskCallable.call(Task.java:1425)
	at java.base/java.util.concurrent.FutureTask.run(FutureTask.java:264)
	at java.base/java.util.concurrent.Executors$RunnableAdapter.call(Executors.java:515)
	at java.base/java.util.concurrent.FutureTask.run(FutureTask.java:264)
	at java.base/java.util.concurrent.ThreadPoolExecutor.runWorker(ThreadPoolExecutor.java:1130)
	at java.base/java.util.concurrent.ThreadPoolExecutor$Worker.run(ThreadPoolExecutor.java:630)
	... 1 more

14:35:01.706 [JavaFX Application Thread] FATAL FXGLApplication      - Application will now exit
14:35:01.771 [JavaFX Application Thread] DEBUG PrimaryStageWindow   - Push state: ErrorSubScene
14:35:01.771 [JavaFX Application Thread] DEBUG Input                - Clearing active input actions
14:35:01.781 [JavaFX Application Thread] DEBUG GameApplicationServi - Removing overlay from FXGLLoadingScene and adding to ErrorSubScene
14:35:01.782 [JavaFX Application Thread] DEBUG PrimaryStageWindow   - FXGLLoadingScene -> ErrorSubScene
14:35:02.580 [FXGL Background Thread 3 ] DEBUG Engine               - Logging environment variables
14:35:02.581 [FXGL Background Thread 3 ] DEBUG Engine               - achievements: []
14:35:02.582 [FXGL Background Thread 3 ] DEBUG Engine               - actualHeight: 700.0
14:35:02.584 [FXGL Background Thread 3 ] DEBUG Engine               - actualHeightProperty: ReadOnlyDoubleProperty [value: 700.0]
14:35:02.644 [FXGL Background Thread 3 ] DEBUG Engine               - actualWidth: 1050.0
14:35:02.645 [FXGL Background Thread 3 ] DEBUG Engine               - actualWidthProperty: ReadOnlyDoubleProperty [value: 1050.0]
14:35:02.645 [FXGL Background Thread 3 ] DEBUG Engine               - appIcon: fxgl_icon.png
14:35:02.646 [FXGL Background Thread 3 ] DEBUG Engine               - applicationMode: DEVELOPER
14:35:02.646 [FXGL Background Thread 3 ] DEBUG Engine               - cSSList: [fxgl_dark.css]
14:35:02.647 [FXGL Background Thread 3 ] DEBUG Engine               - collisionDetectionStrategy: BRUTE_FORCE
14:35:02.647 [FXGL Background Thread 3 ] DEBUG Engine               - configClass: Optional.empty
14:35:02.648 [FXGL Background Thread 3 ] DEBUG Engine               - credits: []
14:35:02.649 [FXGL Background Thread 3 ] DEBUG Engine               - devBBoxColorProperty: ObjectProperty [value: 0xff0000ff]
14:35:02.649 [FXGL Background Thread 3 ] DEBUG Engine               - devEnableDebugCameraProperty: BooleanProperty [value: false]
14:35:02.650 [FXGL Background Thread 3 ] DEBUG Engine               - devSensorColorProperty: ObjectProperty [value: 0xffff00ff]
14:35:02.650 [FXGL Background Thread 3 ] DEBUG Engine               - devShowBBoxProperty: BooleanProperty [value: false]
14:35:02.650 [FXGL Background Thread 2 ] INFO  UpdaterService       - Your current version:  11.14
14:35:02.651 [FXGL Background Thread 3 ] DEBUG Engine               - devShowPositionProperty: BooleanProperty [value: false]
14:35:02.651 [FXGL Background Thread 3 ] DEBUG Engine               - enabledMenuItems: []
14:35:02.651 [FXGL Background Thread 2 ] INFO  UpdaterService       - Latest stable version: 17.1
14:35:02.672 [FXGL Background Thread 3 ] DEBUG Engine               - engineServices: [class com.almasb.fxgl.app.services.FXGLAssetLoaderService, class com.almasb.fxgl.app.FXGLApplication$GameApplicationService, class com.almasb.fxgl.app.services.FXGLDialogService, class com.almasb.fxgl.app.services.IOTaskExecutorService, class com.almasb.fxgl.event.EventBusService, class com.almasb.fxgl.io.FileSystemService, class com.almasb.fxgl.localization.LocalizationService, class com.almasb.fxgl.app.services.SystemBundleService, class com.almasb.fxgl.profile.SaveLoadService, class com.almasb.fxgl.ui.FXGLUIFactoryServiceProvider, class com.almasb.fxgl.ui.FXGLDialogFactoryServiceProvider, class com.almasb.fxgl.audio.AudioPlayer, class com.almasb.fxgl.notification.impl.NotificationServiceProvider, class com.almasb.fxgl.achievement.AchievementService, class com.almasb.fxgl.cutscene.CutsceneService, class com.almasb.fxgl.minigames.MiniGameService, class com.almasb.fxgl.net.NetService, class com.almasb.fxgl.app.services.UpdaterService, class com.almasb.fxgl.dev.DevService]
14:35:02.691 [FXGL Background Thread 3 ] DEBUG Engine               - fontGame: Abel-Regular.ttf
14:35:02.691 [FXGL Background Thread 3 ] DEBUG Engine               - fontMono: lucida_console.ttf
14:35:02.692 [FXGL Background Thread 3 ] DEBUG Engine               - fontText: Courier-Prime.ttf
14:35:02.692 [FXGL Background Thread 3 ] DEBUG Engine               - fontUI: VarelaRound-Regular.ttf
14:35:02.693 [FXGL Background Thread 3 ] DEBUG Engine               - fullScreen: BooleanProperty [value: false]
14:35:02.693 [FXGL Background Thread 3 ] DEBUG Engine               - gameDifficulty: MEDIUM
14:35:02.694 [FXGL Background Thread 3 ] DEBUG Engine               - gameDifficultyProperty: ObjectProperty [value: MEDIUM]
14:35:02.694 [FXGL Background Thread 3 ] DEBUG Engine               - globalMusicVolume: 0.5
14:35:02.695 [FXGL Background Thread 3 ] DEBUG Engine               - globalMusicVolumeProperty: DoubleProperty [value: 0.5]
14:35:02.695 [FXGL Background Thread 3 ] DEBUG Engine               - globalSoundVolume: 0.5
14:35:02.696 [FXGL Background Thread 3 ] DEBUG Engine               - globalSoundVolumeProperty: DoubleProperty [value: 0.5]
14:35:02.696 [FXGL Background Thread 3 ] DEBUG Engine               - height: 700
14:35:02.697 [FXGL Background Thread 3 ] DEBUG Engine               - isAndroid: false
14:35:02.698 [FXGL Background Thread 3 ] DEBUG Engine               - isBrowser: false
14:35:02.698 [FXGL Background Thread 3 ] DEBUG Engine               - isClickFeedbackEnabled: false
14:35:02.698 [FXGL Background Thread 3 ] DEBUG Engine               - isCloseConfirmation: false
14:35:02.699 [FXGL Background Thread 3 ] DEBUG Engine               - isDesktop: true
14:35:02.699 [FXGL Background Thread 3 ] DEBUG Engine               - isDeveloperMenuEnabled: false
14:35:02.700 [FXGL Background Thread 3 ] DEBUG Engine               - isEntityPreloadEnabled: true
14:35:02.700 [FXGL Background Thread 3 ] DEBUG Engine               - isExperimental3D: false
14:35:02.701 [FXGL Background Thread 3 ] DEBUG Engine               - isExperimentalNative: false
14:35:02.701 [FXGL Background Thread 3 ] DEBUG Engine               - isExperimentalTiledLargeMap: false
14:35:02.702 [FXGL Background Thread 3 ] DEBUG Engine               - isFileSystemWriteAllowed: true
14:35:02.702 [FXGL Background Thread 3 ] DEBUG Engine               - isFullScreenAllowed: false
14:35:02.702 [FXGL Background Thread 3 ] DEBUG Engine               - isFullScreenFromStart: false
14:35:02.703 [FXGL Background Thread 3 ] DEBUG Engine               - isGameMenuEnabled: true
14:35:02.703 [FXGL Background Thread 3 ] DEBUG Engine               - isIOS: false
14:35:02.704 [FXGL Background Thread 3 ] DEBUG Engine               - isIntroEnabled: false
14:35:02.704 [FXGL Background Thread 3 ] DEBUG Engine               - isLinux: false
14:35:02.704 [FXGL Background Thread 3 ] DEBUG Engine               - isMac: false
14:35:02.705 [FXGL Background Thread 3 ] DEBUG Engine               - isMainMenuEnabled: true
14:35:02.705 [FXGL Background Thread 3 ] DEBUG Engine               - isManualResizeEnabled: false
14:35:02.705 [FXGL Background Thread 3 ] DEBUG Engine               - isMobile: false
14:35:02.706 [FXGL Background Thread 3 ] DEBUG Engine               - isPreserveResizeRatio: false
14:35:02.706 [FXGL Background Thread 3 ] DEBUG Engine               - isProfilingEnabled: false
14:35:02.706 [FXGL Background Thread 3 ] DEBUG Engine               - isScaleAffectedOnResize: true
14:35:02.707 [FXGL Background Thread 3 ] DEBUG Engine               - isSingleStep: false
14:35:02.707 [FXGL Background Thread 3 ] DEBUG Engine               - isUserProfileEnabled: false
14:35:02.708 [FXGL Background Thread 3 ] DEBUG Engine               - isWindows: true
14:35:02.708 [FXGL Background Thread 3 ] DEBUG Engine               - language: ObjectProperty [value: ENGLISH]
14:35:02.709 [FXGL Background Thread 3 ] DEBUG Engine               - menuKey: ESCAPE
14:35:02.709 [FXGL Background Thread 3 ] DEBUG Engine               - notificationViewClass: class com.almasb.fxgl.notification.view.XboxNotificationView
14:35:02.710 [FXGL Background Thread 3 ] DEBUG Engine               - pixelsPerMeter: 50.0
14:35:02.715 [FXGL Background Thread 3 ] DEBUG Engine               - platform: WINDOWS
14:35:02.716 [FXGL Background Thread 3 ] DEBUG Engine               - prefHeightProperty: ReadOnlyDoubleProperty [value: 700.0]
14:35:02.717 [FXGL Background Thread 3 ] DEBUG Engine               - prefWidthProperty: ReadOnlyDoubleProperty [value: 1050.0]
14:35:02.717 [FXGL Background Thread 3 ] DEBUG Engine               - profileDir: profiles/
14:35:02.718 [FXGL Background Thread 3 ] DEBUG Engine               - profileName: StringProperty [value: DEFAULT]
14:35:02.718 [FXGL Background Thread 3 ] DEBUG Engine               - randomSeed: -1
14:35:02.721 [FXGL Background Thread 3 ] DEBUG Engine               - runtimeInfo: RuntimeInfo(platform=WINDOWS, version=11.14, build=01.03.2021 16.59)
14:35:02.722 [FXGL Background Thread 3 ] DEBUG Engine               - saveFileExt: sav
14:35:02.723 [FXGL Background Thread 3 ] DEBUG Engine               - scaledHeightProp$fxgl: DoubleProperty [bound, value: 700.0]
14:35:02.723 [FXGL Background Thread 3 ] DEBUG Engine               - scaledWidthProp$fxgl: DoubleProperty [bound, value: 1050.0]
14:35:02.723 [FXGL Background Thread 3 ] DEBUG Engine               - sceneFactory: com.almasb.fxgl.app.scene.SceneFactory@3d833390
14:35:02.724 [FXGL Background Thread 3 ] DEBUG Engine               - secondsIn24h: 60
14:35:02.724 [FXGL Background Thread 3 ] DEBUG Engine               - soundMenuBack: menu/back.wav
14:35:02.724 [FXGL Background Thread 3 ] DEBUG Engine               - soundMenuPress: menu/press.wav
14:35:02.727 [FXGL Background Thread 3 ] DEBUG Engine               - soundMenuSelect: menu/select.wav
14:35:02.728 [FXGL Background Thread 3 ] DEBUG Engine               - soundNotification: core/notification.wav
14:35:02.728 [FXGL Background Thread 3 ] DEBUG Engine               - stageStyle: DECORATED
14:35:02.728 [FXGL Background Thread 3 ] DEBUG Engine               - supportedLanguages: [ENGLISH, FRENCH, GERMAN, HUNGARIAN, RUSSIAN]
14:35:02.729 [FXGL Background Thread 3 ] DEBUG Engine               - ticksPerSecond: -1
14:35:02.729 [FXGL Background Thread 3 ] DEBUG Engine               - title: Demo game
14:35:02.729 [FXGL Background Thread 3 ] DEBUG Engine               - urlGithub: https://github.com/AlmasB/FXGL
14:35:02.730 [FXGL Background Thread 3 ] DEBUG Engine               - urlLeaderboard: http://fxgl-top.herokuapp.com/
14:35:02.730 [FXGL Background Thread 3 ] DEBUG Engine               - urlPOM: https://raw.githubusercontent.com/AlmasB/FXGL/release/README.md
14:35:02.730 [FXGL Background Thread 3 ] DEBUG Engine               - userAppClass: class Game
14:35:02.730 [FXGL Background Thread 3 ] DEBUG Engine               - version: 1.2
14:35:02.731 [FXGL Background Thread 3 ] DEBUG Engine               - versionCheckDays: 7
14:35:02.731 [FXGL Background Thread 3 ] DEBUG Engine               - width: 1050
14:35:02.731 [FXGL Background Thread 3 ] DEBUG Engine               - Logging services
14:35:02.732 [FXGL Background Thread 3 ] DEBUG Engine               - class com.almasb.fxgl.app.services.FXGLAssetLoaderService
14:35:02.732 [FXGL Background Thread 3 ] DEBUG Engine               - class com.almasb.fxgl.app.FXGLApplication$GameApplicationService
14:35:02.732 [FXGL Background Thread 3 ] DEBUG Engine               - class com.almasb.fxgl.app.services.FXGLDialogService
14:35:02.735 [FXGL Background Thread 3 ] DEBUG Engine               - class com.almasb.fxgl.app.services.IOTaskExecutorService
14:35:02.735 [FXGL Background Thread 3 ] DEBUG Engine               - class com.almasb.fxgl.event.EventBusService
14:35:02.737 [FXGL Background Thread 3 ] DEBUG Engine               - class com.almasb.fxgl.io.FileSystemService
14:35:02.737 [FXGL Background Thread 3 ] DEBUG Engine               - class com.almasb.fxgl.localization.LocalizationService
14:35:02.738 [FXGL Background Thread 3 ] DEBUG Engine               - class com.almasb.fxgl.app.services.SystemBundleService
14:35:02.738 [FXGL Background Thread 3 ] DEBUG Engine               - class com.almasb.fxgl.profile.SaveLoadService
14:35:02.738 [FXGL Background Thread 3 ] DEBUG Engine               - class com.almasb.fxgl.ui.FXGLUIFactoryServiceProvider
14:35:02.739 [FXGL Background Thread 3 ] DEBUG Engine               - class com.almasb.fxgl.ui.FXGLDialogFactoryServiceProvider
14:35:02.739 [FXGL Background Thread 3 ] DEBUG Engine               - class com.almasb.fxgl.audio.AudioPlayer
14:35:02.740 [FXGL Background Thread 3 ] DEBUG Engine               - class com.almasb.fxgl.notification.impl.NotificationServiceProvider
14:35:02.740 [FXGL Background Thread 3 ] DEBUG Engine               - class com.almasb.fxgl.achievement.AchievementService
14:35:02.740 [FXGL Background Thread 3 ] DEBUG Engine               - class com.almasb.fxgl.cutscene.CutsceneService
14:35:02.741 [FXGL Background Thread 3 ] DEBUG Engine               - class com.almasb.fxgl.minigames.MiniGameService
14:35:02.741 [FXGL Background Thread 3 ] DEBUG Engine               - class com.almasb.fxgl.net.NetService
14:35:02.741 [FXGL Background Thread 3 ] DEBUG Engine               - class com.almasb.fxgl.app.services.UpdaterService
14:35:02.741 [FXGL Background Thread 3 ] DEBUG Engine               - class com.almasb.fxgl.dev.DevService
14:35:44.649 [JavaFX Application Thread] DEBUG FXGLApplication      - Exiting FXGL
14:35:44.649 [JavaFX Application Thread] DEBUG Async                - Shutting down background threads
14:35:44.649 [JavaFX Application Thread] DEBUG PrimaryStageWindow   - Closing main window
14:35:44.664 [JavaFX Application Thread] DEBUG Logger               - Closing Logger
