06:55:09.434 [main                     ] DEBUG Logger               - Configured Logger
06:55:09.448 [main                     ] DEBUG GameApplication      - Logging settings
Title: Demo game
Version: 1.1
Width: 1050
Height: 700
Fullscreen: false
Intro: false
Profiling: false
Single step:false
App Mode: DEVELOPER
Menu Key: ESCAPE
Stage Style: DECORATED
Scene Factory: class com.almasb.fxgl.app.scene.SceneFactory

06:55:09.807 [JavaFX Application Thread] DEBUG FXGLApplication      - Initializing FXGL
06:55:09.809 [JavaFX Application Thread] INFO  Engine               - FXGL-11.14 (01.03.2021 16.59) on MAC (J:15.0.2 FX:15)
06:55:09.809 [JavaFX Application Thread] DEBUG Engine               - JRE Vendor Name: Amazon.com Inc.
06:55:09.810 [JavaFX Application Thread] DEBUG Engine               - Running on OS: Mac OS X version 12.3
06:55:09.810 [JavaFX Application Thread] DEBUG Engine               - Architecture: x86_64
06:55:09.810 [JavaFX Application Thread] INFO  Engine               - Source code and latest versions at: https://github.com/AlmasB/FXGL
06:55:09.810 [JavaFX Application Thread] INFO  Engine               -              Join the FXGL chat at: https://gitter.im/AlmasB/FXGL
06:55:09.919 [JavaFX Application Thread] DEBUG PrimaryStageWindow   - Creating a JavaFX scene
06:55:09.960 [JavaFX Application Thread] DEBUG PrimaryStageWindow   - Target settings size: 1050.0 x 700.0
06:55:09.960 [JavaFX Application Thread] DEBUG PrimaryStageWindow   - Scaled scene size:    1050.0 x 700.0
06:55:09.960 [JavaFX Application Thread] DEBUG PrimaryStageWindow   - Scaled ratio: (1.0, 1.0)
06:55:09.961 [JavaFX Application Thread] DEBUG PrimaryStageWindow   - Set initial scene to FXGLStartupScene
06:55:09.966 [JavaFX Application Thread] DEBUG PrimaryStageWindow   - Opening main window
06:55:10.033 [JavaFX Application Thread] DEBUG PrimaryStageWindow   - Window border size: (0.0, 28.0)
06:55:10.033 [JavaFX Application Thread] DEBUG PrimaryStageWindow   - Scaled size: 1050.0 x 700.0
06:55:10.034 [JavaFX Application Thread] DEBUG PrimaryStageWindow   - Scaled ratio: (1.0, 1.0)
06:55:10.034 [JavaFX Application Thread] DEBUG PrimaryStageWindow   - Scene size: 1050.0 x 700.0
06:55:10.034 [JavaFX Application Thread] DEBUG PrimaryStageWindow   - Stage size: 1050.0 x 728.0
06:55:10.038 [FXGL Background Thread 1 ] DEBUG Engine               - Initializing environment variables
06:55:10.065 [FXGL Background Thread 1 ] DEBUG FXGLAssetLoaderServi - User app class for loading assets: class Game
06:55:10.065 [FXGL Background Thread 1 ] DEBUG GameApplicationServi - Applying CSS: fxgl_dark.css
06:55:10.066 [FXGL Background Thread 1 ] DEBUG FXGLAssetLoaderServi - Loading from file system: jar:file:/Users/merdanusta/.m2/repository/com/github/almasb/fxgl/11.14/fxgl-11.14.jar!/fxglassets/ui/css/fxgl_dark.css
06:55:10.106 [FXGL Background Thread 1 ] DEBUG GameApplicationServi - Initializing application scenes
06:55:10.414 [FXGL Background Thread 1 ] DEBUG GameWorld            - Game world initialized
06:55:10.472 [FXGL Background Thread 1 ] DEBUG PhysicsWorld         - Physics world initialized: appHeight=700, physics.ppm=50.0
06:55:10.472 [FXGL Background Thread 1 ] DEBUG PhysicsWorld         - Using strategy: BRUTE_FORCE
06:55:10.474 [FXGL Background Thread 1 ] DEBUG GameScene            - Game scene initialized: 1050x700
06:55:10.510 [FXGL Background Thread 1 ] DEBUG FXGLAssetLoaderServi - Loading from file system: jar:file:/Users/merdanusta/.m2/repository/com/github/almasb/fxgl/11.14/fxgl-11.14.jar!/fxglassets/textures/particles/trace_horizontal.png
06:55:10.567 [FXGL Background Thread 1 ] DEBUG FXGL.DefaultMenu     - createMenuBodyGameMenu()
06:55:10.583 [FXGL Background Thread 1 ] DEBUG FXGL.DefaultMenu     - createOptionsMenu()
06:55:10.586 [FXGL Background Thread 1 ] DEBUG FXGLAssetLoaderServi - Loading from file system: jar:file:/Users/merdanusta/.m2/repository/com/github/almasb/fxgl/11.14/fxgl-11.14.jar!/fxglassets/textures/particles/smoke.png
06:55:10.634 [FXGL Background Thread 1 ] DEBUG GameApplicationServi - Application scenes initialized
06:55:10.643 [FXGL Background Thread 1 ] DEBUG SystemBundleService  - Loading FXGL system data
06:55:10.647 [FXGL Background Thread 1 ] DEBUG FileSystemAccess     - Reading from: /Users/merdanusta/IdeaProjects/IPOSE-Maven/system/fxgl.bundle
06:55:10.654 [FXGL Background Thread 1 ] DEBUG SystemBundleService  - Bundle FXGL: {}
06:55:10.654 [FXGL Background Thread 1 ] DEBUG UpdaterService       - Checking for updates
06:55:10.657 [FXGL Background Thread 4 ] DEBUG FXGLApplication      - Loading fonts
06:55:10.658 [FXGL Background Thread 1 ] DEBUG FXGLApplication      - Loading default localization
06:55:10.658 [FXGL Background Thread 4 ] DEBUG FXGLAssetLoaderServi - Loading from file system: jar:file:/Users/merdanusta/.m2/repository/com/github/almasb/fxgl/11.14/fxgl-11.14.jar!/fxglassets/ui/fonts/VarelaRound-Regular.ttf
06:55:10.658 [FXGL Background Thread 1 ] DEBUG FXGLAssetLoaderServi - Loading from file system: jar:file:/Users/merdanusta/.m2/repository/com/github/almasb/fxgl/11.14/fxgl-11.14.jar!/fxglassets/languages/english.lang
06:55:10.678 [FXGL Background Thread 4 ] DEBUG FXGLAssetLoaderServi - Loading from file system: jar:file:/Users/merdanusta/.m2/repository/com/github/almasb/fxgl/11.14/fxgl-11.14.jar!/fxglassets/ui/fonts/Abel-Regular.ttf
06:55:10.679 [FXGL Background Thread 1 ] INFO  FXGLApplication      - FXGL initialization took: 0.640 sec
06:55:10.683 [FXGL Background Thread 4 ] DEBUG FXGLAssetLoaderServi - Loading from file system: jar:file:/Users/merdanusta/.m2/repository/com/github/almasb/fxgl/11.14/fxgl-11.14.jar!/fxglassets/ui/fonts/lucida_console.ttf
06:55:10.686 [FXGL Background Thread 4 ] DEBUG FXGLAssetLoaderServi - Loading from file system: jar:file:/Users/merdanusta/.m2/repository/com/github/almasb/fxgl/11.14/fxgl-11.14.jar!/fxglassets/ui/fonts/Courier-Prime.ttf
06:55:10.688 [JavaFX Application Thread] DEBUG Input                - Registered new binding: action0 - D
06:55:10.689 [JavaFX Application Thread] DEBUG Input                - Registered new binding: action1 - A
06:55:10.689 [JavaFX Application Thread] DEBUG Input                - Registered new binding: action2 - W
06:55:10.689 [JavaFX Application Thread] DEBUG Input                - Registered new binding: action3 - S
06:55:10.690 [JavaFX Application Thread] DEBUG FXGLAssetLoaderServi - Loading from file system: jar:file:/Users/merdanusta/.m2/repository/com/github/almasb/fxgl/11.14/fxgl-11.14.jar!/fxglassets/textures/fxgl_icon.png
06:55:10.709 [JavaFX Application Thread] DEBUG FXGLAssetLoaderServi - Loading from file system: jar:file:/Users/merdanusta/.m2/repository/com/github/almasb/fxgl/11.14/fxgl-11.14.jar!/fxglassets/ui/cursors/fxgl_default.png
06:55:10.710 [JavaFX Application Thread] DEBUG Input                - Registered new binding: Screenshot - P
06:55:10.711 [JavaFX Application Thread] DEBUG Input                - Registered new binding: System info dump - CTRL+9
06:55:10.711 [JavaFX Application Thread] DEBUG Input                - Registered new binding: Restart - CTRL+R
06:55:10.712 [JavaFX Application Thread] DEBUG Input                - Registered new binding: Toggle Debug Camera - CTRL+C
06:55:10.713 [JavaFX Application Thread] DEBUG LoopRunner           - Starting loop
06:55:10.713 [JavaFX Application Thread] DEBUG LoopRunner           - Initializing JavaFX AnimationTimerLoop
06:55:10.714 [JavaFX Application Thread] DEBUG GameApplicationServi - Starting new game
06:55:10.715 [JavaFX Application Thread] DEBUG Input                - Clearing active input actions
06:55:10.722 [JavaFX Application Thread] DEBUG GameApplicationServi - Removing overlay from FXGLStartupScene and adding to FXGLLoadingScene
06:55:10.722 [JavaFX Application Thread] DEBUG PrimaryStageWindow   - FXGLStartupScene -> FXGLLoadingScene
06:55:10.722 [JavaFX Application Thread] DEBUG GameApplicationServi - Clearing previous game
06:55:10.722 [JavaFX Application Thread] DEBUG GameScene            - Clearing game scene
06:55:10.722 [JavaFX Application Thread] DEBUG GameWorld            - Clearing game world
06:55:10.722 [JavaFX Application Thread] DEBUG PhysicsWorld         - Clearing physics world
06:55:10.723 [FXGL Background Thread 4 ] DEBUG FXGLApplication      - Initializing game
06:55:10.728 [FXGL Background Thread 4 ] WARN  FXGLAssetLoaderServi - Asset "/assets/levels/castle.tmx" was not found!
06:55:10.756 [JavaFX Application Thread] DEBUG FXGLApplication      - Registering font factories with UI factory
06:55:10.787 [JavaFX Application Thread] DEBUG LoopRunner           - Stopping loop
06:55:10.787 [JavaFX Application Thread] FATAL FXGLApplication      - Uncaught Exception:
java.lang.RuntimeException: Initialization failed
	at com.almasb.fxgl.app.FXGLApplication$InitAppTask.failed(FXGLApplication.kt:376)
	at javafx.concurrent.Task.setState(Task.java:710)
	at javafx.concurrent.Task$TaskCallable.lambda$call$2(Task.java:1455)
	at com.sun.javafx.application.PlatformImpl.lambda$runLater$10(PlatformImpl.java:428)
	at java.base/java.security.AccessController.doPrivileged(AccessController.java:391)
	at com.sun.javafx.application.PlatformImpl.lambda$runLater$11(PlatformImpl.java:427)
	at com.sun.glass.ui.InvokeLaterDispatcher$Future.run(InvokeLaterDispatcher.java:96)
Caused by: java.lang.IllegalArgumentException: Loading level failed. Asset not found: castle.tmx
	at com.almasb.fxgl.app.services.FXGLAssetLoaderService.loadLevel(FXGLAssetLoaderService.kt:439)
	at com.almasb.fxgl.dsl.FXGL$Companion.setLevelFromMap(FXGL.kt:532)
	at com.almasb.fxgl.dsl.FXGL.setLevelFromMap(FXGL.kt)
	at Game.setLevel(Game.java:86)
	at Game.initGame(Game.java:46)
	at com.almasb.fxgl.app.FXGLApplication$InitAppTask.initGame(FXGLApplication.kt:372)
	at com.almasb.fxgl.app.FXGLApplication$InitAppTask.call(FXGLApplication.kt:352)
	at com.almasb.fxgl.app.FXGLApplication$InitAppTask.call(FXGLApplication.kt:344)
	at javafx.concurrent.Task$TaskCallable.call(Task.java:1425)
	at java.base/java.util.concurrent.FutureTask.run(FutureTask.java:264)
	at java.base/java.util.concurrent.Executors$RunnableAdapter.call(Executors.java:515)
	at java.base/java.util.concurrent.FutureTask.run(FutureTask.java:264)
	at java.base/java.util.concurrent.ThreadPoolExecutor.runWorker(ThreadPoolExecutor.java:1130)
	at java.base/java.util.concurrent.ThreadPoolExecutor$Worker.run(ThreadPoolExecutor.java:630)
	at java.base/java.lang.Thread.run(Thread.java:832)

06:55:10.788 [JavaFX Application Thread] FATAL FXGLApplication      - Application will now exit
06:55:10.808 [JavaFX Application Thread] DEBUG PrimaryStageWindow   - Push state: ErrorSubScene
06:55:10.809 [JavaFX Application Thread] DEBUG Input                - Clearing active input actions
06:55:10.817 [JavaFX Application Thread] DEBUG GameApplicationServi - Removing overlay from FXGLLoadingScene and adding to ErrorSubScene
06:55:10.818 [JavaFX Application Thread] DEBUG PrimaryStageWindow   - FXGLLoadingScene -> ErrorSubScene
06:55:11.254 [FXGL Background Thread 2 ] INFO  UpdaterService       - Your current version:  11.14
06:55:11.254 [FXGL Background Thread 2 ] INFO  UpdaterService       - Latest stable version: 17.1
06:55:13.659 [FXGL Background Thread 3 ] DEBUG Engine               - Logging environment variables
06:55:13.661 [FXGL Background Thread 3 ] DEBUG Engine               - achievements: []
06:55:13.661 [FXGL Background Thread 3 ] DEBUG Engine               - actualHeight: 700.0
06:55:13.662 [FXGL Background Thread 3 ] DEBUG Engine               - actualHeightProperty: ReadOnlyDoubleProperty [value: 700.0]
06:55:13.662 [FXGL Background Thread 3 ] DEBUG Engine               - actualWidth: 1050.0
06:55:13.662 [FXGL Background Thread 3 ] DEBUG Engine               - actualWidthProperty: ReadOnlyDoubleProperty [value: 1050.0]
06:55:13.663 [FXGL Background Thread 3 ] DEBUG Engine               - appIcon: fxgl_icon.png
06:55:13.663 [FXGL Background Thread 3 ] DEBUG Engine               - applicationMode: DEVELOPER
06:55:13.664 [FXGL Background Thread 3 ] DEBUG Engine               - cSSList: [fxgl_dark.css]
06:55:13.664 [FXGL Background Thread 3 ] DEBUG Engine               - collisionDetectionStrategy: BRUTE_FORCE
06:55:13.664 [FXGL Background Thread 3 ] DEBUG Engine               - configClass: Optional.empty
06:55:13.665 [FXGL Background Thread 3 ] DEBUG Engine               - credits: []
06:55:13.665 [FXGL Background Thread 3 ] DEBUG Engine               - devBBoxColorProperty: ObjectProperty [value: 0xff0000ff]
06:55:13.665 [FXGL Background Thread 3 ] DEBUG Engine               - devEnableDebugCameraProperty: BooleanProperty [value: false]
06:55:13.666 [FXGL Background Thread 3 ] DEBUG Engine               - devSensorColorProperty: ObjectProperty [value: 0xffff00ff]
06:55:13.666 [FXGL Background Thread 3 ] DEBUG Engine               - devShowBBoxProperty: BooleanProperty [value: false]
06:55:13.667 [FXGL Background Thread 3 ] DEBUG Engine               - devShowPositionProperty: BooleanProperty [value: false]
06:55:13.667 [FXGL Background Thread 3 ] DEBUG Engine               - enabledMenuItems: []
06:55:13.667 [FXGL Background Thread 3 ] DEBUG Engine               - engineServices: [class com.almasb.fxgl.app.services.FXGLAssetLoaderService, class com.almasb.fxgl.app.FXGLApplication$GameApplicationService, class com.almasb.fxgl.app.services.FXGLDialogService, class com.almasb.fxgl.app.services.IOTaskExecutorService, class com.almasb.fxgl.event.EventBusService, class com.almasb.fxgl.io.FileSystemService, class com.almasb.fxgl.localization.LocalizationService, class com.almasb.fxgl.app.services.SystemBundleService, class com.almasb.fxgl.profile.SaveLoadService, class com.almasb.fxgl.ui.FXGLUIFactoryServiceProvider, class com.almasb.fxgl.ui.FXGLDialogFactoryServiceProvider, class com.almasb.fxgl.audio.AudioPlayer, class com.almasb.fxgl.notification.impl.NotificationServiceProvider, class com.almasb.fxgl.achievement.AchievementService, class com.almasb.fxgl.cutscene.CutsceneService, class com.almasb.fxgl.minigames.MiniGameService, class com.almasb.fxgl.net.NetService, class com.almasb.fxgl.app.services.UpdaterService, class com.almasb.fxgl.dev.DevService]
06:55:13.668 [FXGL Background Thread 3 ] DEBUG Engine               - fontGame: Abel-Regular.ttf
06:55:13.668 [FXGL Background Thread 3 ] DEBUG Engine               - fontMono: lucida_console.ttf
06:55:13.669 [FXGL Background Thread 3 ] DEBUG Engine               - fontText: Courier-Prime.ttf
06:55:13.669 [FXGL Background Thread 3 ] DEBUG Engine               - fontUI: VarelaRound-Regular.ttf
06:55:13.669 [FXGL Background Thread 3 ] DEBUG Engine               - fullScreen: BooleanProperty [value: false]
06:55:13.670 [FXGL Background Thread 3 ] DEBUG Engine               - gameDifficulty: MEDIUM
06:55:13.670 [FXGL Background Thread 3 ] DEBUG Engine               - gameDifficultyProperty: ObjectProperty [value: MEDIUM]
06:55:13.670 [FXGL Background Thread 3 ] DEBUG Engine               - globalMusicVolume: 0.5
06:55:13.671 [FXGL Background Thread 3 ] DEBUG Engine               - globalMusicVolumeProperty: DoubleProperty [value: 0.5]
06:55:13.671 [FXGL Background Thread 3 ] DEBUG Engine               - globalSoundVolume: 0.5
06:55:13.672 [FXGL Background Thread 3 ] DEBUG Engine               - globalSoundVolumeProperty: DoubleProperty [value: 0.5]
06:55:13.673 [FXGL Background Thread 3 ] DEBUG Engine               - height: 700
06:55:13.673 [FXGL Background Thread 3 ] DEBUG Engine               - isAndroid: false
06:55:13.673 [FXGL Background Thread 3 ] DEBUG Engine               - isBrowser: false
06:55:13.673 [FXGL Background Thread 3 ] DEBUG Engine               - isClickFeedbackEnabled: false
06:55:13.673 [FXGL Background Thread 3 ] DEBUG Engine               - isCloseConfirmation: false
06:55:13.674 [FXGL Background Thread 3 ] DEBUG Engine               - isDesktop: true
06:55:13.674 [FXGL Background Thread 3 ] DEBUG Engine               - isDeveloperMenuEnabled: false
06:55:13.674 [FXGL Background Thread 3 ] DEBUG Engine               - isEntityPreloadEnabled: true
06:55:13.674 [FXGL Background Thread 3 ] DEBUG Engine               - isExperimental3D: false
06:55:13.674 [FXGL Background Thread 3 ] DEBUG Engine               - isExperimentalNative: false
06:55:13.674 [FXGL Background Thread 3 ] DEBUG Engine               - isExperimentalTiledLargeMap: false
06:55:13.675 [FXGL Background Thread 3 ] DEBUG Engine               - isFileSystemWriteAllowed: true
06:55:13.675 [FXGL Background Thread 3 ] DEBUG Engine               - isFullScreenAllowed: false
06:55:13.675 [FXGL Background Thread 3 ] DEBUG Engine               - isFullScreenFromStart: false
06:55:13.675 [FXGL Background Thread 3 ] DEBUG Engine               - isGameMenuEnabled: true
06:55:13.676 [FXGL Background Thread 3 ] DEBUG Engine               - isIOS: false
06:55:13.676 [FXGL Background Thread 3 ] DEBUG Engine               - isIntroEnabled: false
06:55:13.676 [FXGL Background Thread 3 ] DEBUG Engine               - isLinux: false
06:55:13.676 [FXGL Background Thread 3 ] DEBUG Engine               - isMac: true
06:55:13.676 [FXGL Background Thread 3 ] DEBUG Engine               - isMainMenuEnabled: false
06:55:13.677 [FXGL Background Thread 3 ] DEBUG Engine               - isManualResizeEnabled: false
06:55:13.677 [FXGL Background Thread 3 ] DEBUG Engine               - isMobile: false
06:55:13.677 [FXGL Background Thread 3 ] DEBUG Engine               - isPreserveResizeRatio: false
06:55:13.677 [FXGL Background Thread 3 ] DEBUG Engine               - isProfilingEnabled: false
06:55:13.677 [FXGL Background Thread 3 ] DEBUG Engine               - isScaleAffectedOnResize: true
06:55:13.677 [FXGL Background Thread 3 ] DEBUG Engine               - isSingleStep: false
06:55:13.677 [FXGL Background Thread 3 ] DEBUG Engine               - isUserProfileEnabled: false
06:55:13.678 [FXGL Background Thread 3 ] DEBUG Engine               - isWindows: false
06:55:13.678 [FXGL Background Thread 3 ] DEBUG Engine               - language: ObjectProperty [value: ENGLISH]
06:55:13.678 [FXGL Background Thread 3 ] DEBUG Engine               - menuKey: ESCAPE
06:55:13.678 [FXGL Background Thread 3 ] DEBUG Engine               - notificationViewClass: class com.almasb.fxgl.notification.view.XboxNotificationView
06:55:13.678 [FXGL Background Thread 3 ] DEBUG Engine               - pixelsPerMeter: 50.0
06:55:13.679 [FXGL Background Thread 3 ] DEBUG Engine               - platform: MAC
06:55:13.679 [FXGL Background Thread 3 ] DEBUG Engine               - prefHeightProperty: ReadOnlyDoubleProperty [value: 700.0]
06:55:13.679 [FXGL Background Thread 3 ] DEBUG Engine               - prefWidthProperty: ReadOnlyDoubleProperty [value: 1050.0]
06:55:13.679 [FXGL Background Thread 3 ] DEBUG Engine               - profileDir: profiles/
06:55:13.679 [FXGL Background Thread 3 ] DEBUG Engine               - profileName: StringProperty [value: DEFAULT]
06:55:13.679 [FXGL Background Thread 3 ] DEBUG Engine               - randomSeed: -1
06:55:13.679 [FXGL Background Thread 3 ] DEBUG Engine               - runtimeInfo: RuntimeInfo(platform=MAC, version=11.14, build=01.03.2021 16.59)
06:55:13.679 [FXGL Background Thread 3 ] DEBUG Engine               - saveFileExt: sav
06:55:13.680 [FXGL Background Thread 3 ] DEBUG Engine               - scaledHeightProp$fxgl: DoubleProperty [bound, value: 700.0]
06:55:13.680 [FXGL Background Thread 3 ] DEBUG Engine               - scaledWidthProp$fxgl: DoubleProperty [bound, value: 1050.0]
06:55:13.680 [FXGL Background Thread 3 ] DEBUG Engine               - sceneFactory: com.almasb.fxgl.app.scene.SceneFactory@237f37a5
06:55:13.680 [FXGL Background Thread 3 ] DEBUG Engine               - secondsIn24h: 60
06:55:13.680 [FXGL Background Thread 3 ] DEBUG Engine               - soundMenuBack: menu/back.wav
06:55:13.680 [FXGL Background Thread 3 ] DEBUG Engine               - soundMenuPress: menu/press.wav
06:55:13.680 [FXGL Background Thread 3 ] DEBUG Engine               - soundMenuSelect: menu/select.wav
06:55:13.680 [FXGL Background Thread 3 ] DEBUG Engine               - soundNotification: core/notification.wav
06:55:13.681 [FXGL Background Thread 3 ] DEBUG Engine               - stageStyle: DECORATED
06:55:13.681 [FXGL Background Thread 3 ] DEBUG Engine               - supportedLanguages: [ENGLISH, FRENCH, GERMAN, HUNGARIAN, RUSSIAN]
06:55:13.681 [FXGL Background Thread 3 ] DEBUG Engine               - ticksPerSecond: -1
06:55:13.681 [FXGL Background Thread 3 ] DEBUG Engine               - title: Demo game
06:55:13.681 [FXGL Background Thread 3 ] DEBUG Engine               - urlGithub: https://github.com/AlmasB/FXGL
06:55:13.681 [FXGL Background Thread 3 ] DEBUG Engine               - urlLeaderboard: http://fxgl-top.herokuapp.com/
06:55:13.681 [FXGL Background Thread 3 ] DEBUG Engine               - urlPOM: https://raw.githubusercontent.com/AlmasB/FXGL/release/README.md
06:55:13.681 [FXGL Background Thread 3 ] DEBUG Engine               - userAppClass: class Game
06:55:13.682 [FXGL Background Thread 3 ] DEBUG Engine               - version: 1.1
06:55:13.682 [FXGL Background Thread 3 ] DEBUG Engine               - versionCheckDays: 7
06:55:13.682 [FXGL Background Thread 3 ] DEBUG Engine               - width: 1050
06:55:13.682 [FXGL Background Thread 3 ] DEBUG Engine               - Logging services
06:55:13.682 [FXGL Background Thread 3 ] DEBUG Engine               - class com.almasb.fxgl.app.services.FXGLAssetLoaderService
06:55:13.682 [FXGL Background Thread 3 ] DEBUG Engine               - class com.almasb.fxgl.app.FXGLApplication$GameApplicationService
06:55:13.682 [FXGL Background Thread 3 ] DEBUG Engine               - class com.almasb.fxgl.app.services.FXGLDialogService
06:55:13.683 [FXGL Background Thread 3 ] DEBUG Engine               - class com.almasb.fxgl.app.services.IOTaskExecutorService
06:55:13.683 [FXGL Background Thread 3 ] DEBUG Engine               - class com.almasb.fxgl.event.EventBusService
06:55:13.683 [FXGL Background Thread 3 ] DEBUG Engine               - class com.almasb.fxgl.io.FileSystemService
06:55:13.683 [FXGL Background Thread 3 ] DEBUG Engine               - class com.almasb.fxgl.localization.LocalizationService
06:55:13.683 [FXGL Background Thread 3 ] DEBUG Engine               - class com.almasb.fxgl.app.services.SystemBundleService
06:55:13.683 [FXGL Background Thread 3 ] DEBUG Engine               - class com.almasb.fxgl.profile.SaveLoadService
06:55:13.683 [FXGL Background Thread 3 ] DEBUG Engine               - class com.almasb.fxgl.ui.FXGLUIFactoryServiceProvider
06:55:13.683 [FXGL Background Thread 3 ] DEBUG Engine               - class com.almasb.fxgl.ui.FXGLDialogFactoryServiceProvider
06:55:13.683 [FXGL Background Thread 3 ] DEBUG Engine               - class com.almasb.fxgl.audio.AudioPlayer
06:55:13.684 [FXGL Background Thread 3 ] DEBUG Engine               - class com.almasb.fxgl.notification.impl.NotificationServiceProvider
06:55:13.684 [FXGL Background Thread 3 ] DEBUG Engine               - class com.almasb.fxgl.achievement.AchievementService
06:55:13.684 [FXGL Background Thread 3 ] DEBUG Engine               - class com.almasb.fxgl.cutscene.CutsceneService
06:55:13.684 [FXGL Background Thread 3 ] DEBUG Engine               - class com.almasb.fxgl.minigames.MiniGameService
06:55:13.684 [FXGL Background Thread 3 ] DEBUG Engine               - class com.almasb.fxgl.net.NetService
06:55:13.684 [FXGL Background Thread 3 ] DEBUG Engine               - class com.almasb.fxgl.app.services.UpdaterService
06:55:13.685 [FXGL Background Thread 3 ] DEBUG Engine               - class com.almasb.fxgl.dev.DevService
06:55:16.532 [JavaFX Application Thread] DEBUG FXGLApplication      - Exiting FXGL
06:55:16.533 [JavaFX Application Thread] DEBUG Async                - Shutting down background threads
06:55:16.533 [JavaFX Application Thread] DEBUG PrimaryStageWindow   - Closing main window
06:55:16.546 [JavaFX Application Thread] DEBUG Logger               - Closing Logger
