10:21:40.503 [main                     ] DEBUG Logger               - Configured Logger
10:21:40.531 [main                     ] DEBUG GameApplication      - Logging settings
Title: Demo game
Version: 1.1
Width: 1050
Height: 700
Fullscreen: false
Intro: false
Profiling: false
Single step:false
App Mode: DEVELOPER
Menu Key: ESCAPE
Stage Style: DECORATED
Scene Factory: class com.almasb.fxgl.app.scene.SceneFactory

10:21:42.216 [JavaFX Application Thread] DEBUG FXGLApplication      - Initializing FXGL
10:21:42.222 [JavaFX Application Thread] INFO  Engine               - FXGL-11.14 (01.03.2021 16.59) on WINDOWS (J:15.0.2 FX:15)
10:21:42.223 [JavaFX Application Thread] DEBUG Engine               - JRE Vendor Name: Amazon.com Inc.
10:21:42.223 [JavaFX Application Thread] DEBUG Engine               - Running on OS: Windows 10 version 10.0
10:21:42.224 [JavaFX Application Thread] DEBUG Engine               - Architecture: amd64
10:21:42.225 [JavaFX Application Thread] INFO  Engine               - Source code and latest versions at: https://github.com/AlmasB/FXGL
10:21:42.226 [JavaFX Application Thread] INFO  Engine               -              Join the FXGL chat at: https://gitter.im/AlmasB/FXGL
10:21:42.683 [JavaFX Application Thread] DEBUG PrimaryStageWindow   - Creating a JavaFX scene
10:21:42.885 [JavaFX Application Thread] DEBUG PrimaryStageWindow   - Target settings size: 1050.0 x 700.0
10:21:42.887 [JavaFX Application Thread] DEBUG PrimaryStageWindow   - Scaled scene size:    1050.0 x 700.0
10:21:42.887 [JavaFX Application Thread] DEBUG PrimaryStageWindow   - Scaled ratio: (1.0, 1.0)
10:21:42.890 [JavaFX Application Thread] DEBUG PrimaryStageWindow   - Set initial scene to FXGLStartupScene
10:21:42.914 [JavaFX Application Thread] DEBUG PrimaryStageWindow   - Opening main window
10:21:43.236 [JavaFX Application Thread] DEBUG PrimaryStageWindow   - Window border size: (14.800048828125, 37.5999755859375)
10:21:43.237 [JavaFX Application Thread] DEBUG PrimaryStageWindow   - Scaled size: 1050.0 x 700.0
10:21:43.237 [JavaFX Application Thread] DEBUG PrimaryStageWindow   - Scaled ratio: (1.0, 1.0)
10:21:43.238 [JavaFX Application Thread] DEBUG PrimaryStageWindow   - Scene size: 1050.0 x 700.0
10:21:43.239 [JavaFX Application Thread] DEBUG PrimaryStageWindow   - Stage size: 1064.800048828125 x 737.5999755859375
10:21:43.323 [FXGL Background Thread 1 ] DEBUG Engine               - Initializing environment variables
10:21:43.492 [FXGL Background Thread 1 ] DEBUG FXGLAssetLoaderServi - User app class for loading assets: class Game
10:21:43.492 [FXGL Background Thread 1 ] DEBUG GameApplicationServi - Applying CSS: fxgl_dark.css
10:21:43.495 [FXGL Background Thread 1 ] DEBUG FXGLAssetLoaderServi - Loading from file system: jar:file:/C:/Users/jfran/.m2/repository/com/github/almasb/fxgl/11.14/fxgl-11.14.jar!/fxglassets/ui/css/fxgl_dark.css
10:21:43.665 [FXGL Background Thread 1 ] DEBUG GameApplicationServi - Initializing application scenes
10:21:43.895 [FXGL Background Thread 1 ] DEBUG GameWorld            - Game world initialized
10:21:44.077 [FXGL Background Thread 1 ] DEBUG PhysicsWorld         - Physics world initialized: appHeight=700, physics.ppm=50,0
10:21:44.078 [FXGL Background Thread 1 ] DEBUG PhysicsWorld         - Using strategy: BRUTE_FORCE
10:21:44.086 [FXGL Background Thread 1 ] DEBUG GameScene            - Game scene initialized: 1050x700
10:21:44.212 [FXGL Background Thread 1 ] DEBUG FXGLAssetLoaderServi - Loading from file system: jar:file:/C:/Users/jfran/.m2/repository/com/github/almasb/fxgl/11.14/fxgl-11.14.jar!/fxglassets/textures/particles/trace_horizontal.png
10:21:44.373 [FXGL Background Thread 1 ] DEBUG FXGL.DefaultMenu     - createMenuBodyGameMenu()
10:21:44.412 [FXGL Background Thread 1 ] DEBUG FXGL.DefaultMenu     - createOptionsMenu()
10:21:44.426 [FXGL Background Thread 1 ] DEBUG FXGLAssetLoaderServi - Loading from file system: jar:file:/C:/Users/jfran/.m2/repository/com/github/almasb/fxgl/11.14/fxgl-11.14.jar!/fxglassets/textures/particles/smoke.png
10:21:44.590 [FXGL Background Thread 1 ] DEBUG GameApplicationServi - Application scenes initialized
10:21:44.626 [FXGL Background Thread 1 ] DEBUG SystemBundleService  - Loading FXGL system data
10:21:44.636 [FXGL Background Thread 1 ] DEBUG FileSystemAccess     - Reading from: C:\Users\jfran\OneDrive - Hogeschool Leiden\IPOSE-Maven\system\fxgl.bundle
10:21:44.653 [FXGL Background Thread 1 ] DEBUG SystemBundleService  - Bundle FXGL: {}
10:21:44.653 [FXGL Background Thread 1 ] DEBUG UpdaterService       - Checking for updates
10:21:44.668 [FXGL Background Thread 1 ] DEBUG FXGLApplication      - Loading default localization
10:21:44.670 [FXGL Background Thread 1 ] DEBUG FXGLAssetLoaderServi - Loading from file system: jar:file:/C:/Users/jfran/.m2/repository/com/github/almasb/fxgl/11.14/fxgl-11.14.jar!/fxglassets/languages/english.lang
10:21:44.720 [FXGL Background Thread 1 ] INFO  FXGLApplication      - FXGL initialization took: 1,395 sec
10:21:44.747 [JavaFX Application Thread] DEBUG Input                - Registered new binding: action0 - D
10:21:44.748 [JavaFX Application Thread] DEBUG Input                - Registered new binding: action1 - A
10:21:44.749 [JavaFX Application Thread] DEBUG Input                - Registered new binding: action2 - W
10:21:44.762 [FXGL Background Thread 4 ] DEBUG FXGLApplication      - Loading fonts
10:21:44.751 [JavaFX Application Thread] DEBUG Input                - Registered new binding: action3 - S
10:21:44.765 [JavaFX Application Thread] DEBUG FXGLAssetLoaderServi - Loading from file system: jar:file:/C:/Users/jfran/.m2/repository/com/github/almasb/fxgl/11.14/fxgl-11.14.jar!/fxglassets/textures/fxgl_icon.png
10:21:44.771 [FXGL Background Thread 4 ] DEBUG FXGLAssetLoaderServi - Loading from file system: jar:file:/C:/Users/jfran/.m2/repository/com/github/almasb/fxgl/11.14/fxgl-11.14.jar!/fxglassets/ui/fonts/VarelaRound-Regular.ttf
10:21:44.820 [JavaFX Application Thread] DEBUG FXGLAssetLoaderServi - Loading from file system: jar:file:/C:/Users/jfran/.m2/repository/com/github/almasb/fxgl/11.14/fxgl-11.14.jar!/fxglassets/ui/cursors/fxgl_default.png
10:21:44.825 [JavaFX Application Thread] DEBUG Input                - Registered new binding: Screenshot - P
10:21:44.827 [JavaFX Application Thread] DEBUG Input                - Registered new binding: System info dump - CTRL+9
10:21:44.829 [JavaFX Application Thread] DEBUG Input                - Registered new binding: Restart - CTRL+R
10:21:44.831 [JavaFX Application Thread] DEBUG Input                - Registered new binding: Toggle Debug Camera - CTRL+C
10:21:44.839 [JavaFX Application Thread] DEBUG LoopRunner           - Starting loop
10:21:44.840 [JavaFX Application Thread] DEBUG LoopRunner           - Initializing JavaFX AnimationTimerLoop
10:21:44.844 [JavaFX Application Thread] DEBUG GameApplicationServi - Starting new game
10:21:44.845 [JavaFX Application Thread] DEBUG Input                - Clearing active input actions
10:21:44.879 [JavaFX Application Thread] DEBUG GameApplicationServi - Removing overlay from FXGLStartupScene and adding to FXGLLoadingScene
10:21:44.883 [JavaFX Application Thread] DEBUG PrimaryStageWindow   - FXGLStartupScene -> FXGLLoadingScene
10:21:44.883 [JavaFX Application Thread] DEBUG GameApplicationServi - Clearing previous game
10:21:44.884 [JavaFX Application Thread] DEBUG GameScene            - Clearing game scene
10:21:44.885 [JavaFX Application Thread] DEBUG GameWorld            - Clearing game world
10:21:44.885 [JavaFX Application Thread] DEBUG PhysicsWorld         - Clearing physics world
10:21:44.890 [FXGL Background Thread 1 ] DEBUG FXGLApplication      - Initializing game
10:21:45.049 [JavaFX Application Thread] DEBUG LoopRunner           - Stopping loop
10:21:45.052 [JavaFX Application Thread] FATAL FXGLApplication      - Uncaught Exception:
java.lang.RuntimeException: Initialization failed
	at com.almasb.fxgl.app.FXGLApplication$InitAppTask.failed(FXGLApplication.kt:376)
	at javafx.concurrent.Task.setState(Task.java:710)
	at javafx.concurrent.Task$TaskCallable.lambda$call$2(Task.java:1455)
	at com.sun.javafx.application.PlatformImpl.lambda$runLater$10(PlatformImpl.java:428)
	at java.base/java.security.AccessController.doPrivileged(AccessController.java:391)
	at com.sun.javafx.application.PlatformImpl.lambda$runLater$11(PlatformImpl.java:427)
	at com.sun.glass.ui.InvokeLaterDispatcher$Future.run(InvokeLaterDispatcher.java:96)
	at com.sun.glass.ui.win.WinApplication._runLoop(Native Method)
	at com.sun.glass.ui.win.WinApplication.lambda$runLoop$3(WinApplication.java:174)
	at java.base/java.lang.Thread.run(Thread.java:832)
Caused by: java.lang.IllegalArgumentException: Unknown Tiled map format: gametest2.json
	at com.almasb.fxgl.dsl.FXGL$Companion.setLevelFromMap(FXGL.kt:536)
	at com.almasb.fxgl.dsl.FXGL.setLevelFromMap(FXGL.kt)
	at Game.setLevel(Game.java:86)
	at Game.initGame(Game.java:46)
	at com.almasb.fxgl.app.FXGLApplication$InitAppTask.initGame(FXGLApplication.kt:372)
	at com.almasb.fxgl.app.FXGLApplication$InitAppTask.call(FXGLApplication.kt:352)
	at com.almasb.fxgl.app.FXGLApplication$InitAppTask.call(FXGLApplication.kt:344)
	at javafx.concurrent.Task$TaskCallable.call(Task.java:1425)
	at java.base/java.util.concurrent.FutureTask.run(FutureTask.java:264)
	at java.base/java.util.concurrent.Executors$RunnableAdapter.call(Executors.java:515)
	at java.base/java.util.concurrent.FutureTask.run(FutureTask.java:264)
	at java.base/java.util.concurrent.ThreadPoolExecutor.runWorker(ThreadPoolExecutor.java:1130)
	at java.base/java.util.concurrent.ThreadPoolExecutor$Worker.run(ThreadPoolExecutor.java:630)
	... 1 more

10:21:45.053 [JavaFX Application Thread] FATAL FXGLApplication      - Application will now exit
10:21:45.136 [JavaFX Application Thread] DEBUG PrimaryStageWindow   - Push state: ErrorSubScene
10:21:45.137 [JavaFX Application Thread] DEBUG Input                - Clearing active input actions
10:21:45.163 [JavaFX Application Thread] DEBUG GameApplicationServi - Removing overlay from FXGLLoadingScene and adding to ErrorSubScene
10:21:45.164 [JavaFX Application Thread] DEBUG PrimaryStageWindow   - FXGLLoadingScene -> ErrorSubScene
10:21:45.721 [FXGL Background Thread 4 ] DEBUG FXGLAssetLoaderServi - Loading from file system: jar:file:/C:/Users/jfran/.m2/repository/com/github/almasb/fxgl/11.14/fxgl-11.14.jar!/fxglassets/ui/fonts/Abel-Regular.ttf
10:21:45.757 [FXGL Background Thread 4 ] DEBUG FXGLAssetLoaderServi - Loading from file system: jar:file:/C:/Users/jfran/.m2/repository/com/github/almasb/fxgl/11.14/fxgl-11.14.jar!/fxglassets/ui/fonts/lucida_console.ttf
10:21:45.804 [FXGL Background Thread 4 ] DEBUG FXGLAssetLoaderServi - Loading from file system: jar:file:/C:/Users/jfran/.m2/repository/com/github/almasb/fxgl/11.14/fxgl-11.14.jar!/fxglassets/ui/fonts/Courier-Prime.ttf
10:21:45.918 [JavaFX Application Thread] DEBUG FXGLApplication      - Registering font factories with UI factory
10:21:46.402 [FXGL Background Thread 2 ] INFO  UpdaterService       - Your current version:  11.14
10:21:46.404 [FXGL Background Thread 2 ] INFO  UpdaterService       - Latest stable version: 17.1
10:21:47.665 [FXGL Background Thread 3 ] DEBUG Engine               - Logging environment variables
10:21:47.669 [FXGL Background Thread 3 ] DEBUG Engine               - achievements: []
10:21:47.670 [FXGL Background Thread 3 ] DEBUG Engine               - actualHeight: 700.0
10:21:47.670 [FXGL Background Thread 3 ] DEBUG Engine               - actualHeightProperty: ReadOnlyDoubleProperty [value: 700.0]
10:21:47.671 [FXGL Background Thread 3 ] DEBUG Engine               - actualWidth: 1050.0
10:21:47.672 [FXGL Background Thread 3 ] DEBUG Engine               - actualWidthProperty: ReadOnlyDoubleProperty [value: 1050.0]
10:21:47.672 [FXGL Background Thread 3 ] DEBUG Engine               - appIcon: fxgl_icon.png
10:21:47.672 [FXGL Background Thread 3 ] DEBUG Engine               - applicationMode: DEVELOPER
10:21:47.673 [FXGL Background Thread 3 ] DEBUG Engine               - cSSList: [fxgl_dark.css]
10:21:47.673 [FXGL Background Thread 3 ] DEBUG Engine               - collisionDetectionStrategy: BRUTE_FORCE
10:21:47.674 [FXGL Background Thread 3 ] DEBUG Engine               - configClass: Optional.empty
10:21:47.675 [FXGL Background Thread 3 ] DEBUG Engine               - credits: []
10:21:47.676 [FXGL Background Thread 3 ] DEBUG Engine               - devBBoxColorProperty: ObjectProperty [value: 0xff0000ff]
10:21:47.677 [FXGL Background Thread 3 ] DEBUG Engine               - devEnableDebugCameraProperty: BooleanProperty [value: false]
10:21:47.678 [FXGL Background Thread 3 ] DEBUG Engine               - devSensorColorProperty: ObjectProperty [value: 0xffff00ff]
10:21:47.678 [FXGL Background Thread 3 ] DEBUG Engine               - devShowBBoxProperty: BooleanProperty [value: false]
10:21:47.679 [FXGL Background Thread 3 ] DEBUG Engine               - devShowPositionProperty: BooleanProperty [value: false]
10:21:47.679 [FXGL Background Thread 3 ] DEBUG Engine               - enabledMenuItems: []
10:21:47.679 [FXGL Background Thread 3 ] DEBUG Engine               - engineServices: [class com.almasb.fxgl.app.services.FXGLAssetLoaderService, class com.almasb.fxgl.app.FXGLApplication$GameApplicationService, class com.almasb.fxgl.app.services.FXGLDialogService, class com.almasb.fxgl.app.services.IOTaskExecutorService, class com.almasb.fxgl.event.EventBusService, class com.almasb.fxgl.io.FileSystemService, class com.almasb.fxgl.localization.LocalizationService, class com.almasb.fxgl.app.services.SystemBundleService, class com.almasb.fxgl.profile.SaveLoadService, class com.almasb.fxgl.ui.FXGLUIFactoryServiceProvider, class com.almasb.fxgl.ui.FXGLDialogFactoryServiceProvider, class com.almasb.fxgl.audio.AudioPlayer, class com.almasb.fxgl.notification.impl.NotificationServiceProvider, class com.almasb.fxgl.achievement.AchievementService, class com.almasb.fxgl.cutscene.CutsceneService, class com.almasb.fxgl.minigames.MiniGameService, class com.almasb.fxgl.net.NetService, class com.almasb.fxgl.app.services.UpdaterService, class com.almasb.fxgl.dev.DevService]
10:21:47.680 [FXGL Background Thread 3 ] DEBUG Engine               - fontGame: Abel-Regular.ttf
10:21:47.680 [FXGL Background Thread 3 ] DEBUG Engine               - fontMono: lucida_console.ttf
10:21:47.680 [FXGL Background Thread 3 ] DEBUG Engine               - fontText: Courier-Prime.ttf
10:21:47.681 [FXGL Background Thread 3 ] DEBUG Engine               - fontUI: VarelaRound-Regular.ttf
10:21:47.681 [FXGL Background Thread 3 ] DEBUG Engine               - fullScreen: BooleanProperty [value: false]
10:21:47.684 [FXGL Background Thread 3 ] DEBUG Engine               - gameDifficulty: MEDIUM
10:21:47.685 [FXGL Background Thread 3 ] DEBUG Engine               - gameDifficultyProperty: ObjectProperty [value: MEDIUM]
10:21:47.686 [FXGL Background Thread 3 ] DEBUG Engine               - globalMusicVolume: 0.5
10:21:47.687 [FXGL Background Thread 3 ] DEBUG Engine               - globalMusicVolumeProperty: DoubleProperty [value: 0.5]
10:21:47.687 [FXGL Background Thread 3 ] DEBUG Engine               - globalSoundVolume: 0.5
10:21:47.688 [FXGL Background Thread 3 ] DEBUG Engine               - globalSoundVolumeProperty: DoubleProperty [value: 0.5]
10:21:47.689 [FXGL Background Thread 3 ] DEBUG Engine               - height: 700
10:21:47.689 [FXGL Background Thread 3 ] DEBUG Engine               - isAndroid: false
10:21:47.690 [FXGL Background Thread 3 ] DEBUG Engine               - isBrowser: false
10:21:47.690 [FXGL Background Thread 3 ] DEBUG Engine               - isClickFeedbackEnabled: false
10:21:47.691 [FXGL Background Thread 3 ] DEBUG Engine               - isCloseConfirmation: false
10:21:47.691 [FXGL Background Thread 3 ] DEBUG Engine               - isDesktop: true
10:21:47.691 [FXGL Background Thread 3 ] DEBUG Engine               - isDeveloperMenuEnabled: false
10:21:47.692 [FXGL Background Thread 3 ] DEBUG Engine               - isEntityPreloadEnabled: true
10:21:47.692 [FXGL Background Thread 3 ] DEBUG Engine               - isExperimental3D: false
10:21:47.693 [FXGL Background Thread 3 ] DEBUG Engine               - isExperimentalNative: false
10:21:47.693 [FXGL Background Thread 3 ] DEBUG Engine               - isExperimentalTiledLargeMap: false
10:21:47.694 [FXGL Background Thread 3 ] DEBUG Engine               - isFileSystemWriteAllowed: true
10:21:47.694 [FXGL Background Thread 3 ] DEBUG Engine               - isFullScreenAllowed: false
10:21:47.695 [FXGL Background Thread 3 ] DEBUG Engine               - isFullScreenFromStart: false
10:21:47.695 [FXGL Background Thread 3 ] DEBUG Engine               - isGameMenuEnabled: true
10:21:47.696 [FXGL Background Thread 3 ] DEBUG Engine               - isIOS: false
10:21:47.696 [FXGL Background Thread 3 ] DEBUG Engine               - isIntroEnabled: false
10:21:47.697 [FXGL Background Thread 3 ] DEBUG Engine               - isLinux: false
10:21:47.697 [FXGL Background Thread 3 ] DEBUG Engine               - isMac: false
10:21:47.698 [FXGL Background Thread 3 ] DEBUG Engine               - isMainMenuEnabled: false
10:21:47.700 [FXGL Background Thread 3 ] DEBUG Engine               - isManualResizeEnabled: false
10:21:47.702 [FXGL Background Thread 3 ] DEBUG Engine               - isMobile: false
10:21:47.702 [FXGL Background Thread 3 ] DEBUG Engine               - isPreserveResizeRatio: false
10:21:47.703 [FXGL Background Thread 3 ] DEBUG Engine               - isProfilingEnabled: false
10:21:47.703 [FXGL Background Thread 3 ] DEBUG Engine               - isScaleAffectedOnResize: true
10:21:47.703 [FXGL Background Thread 3 ] DEBUG Engine               - isSingleStep: false
10:21:47.704 [FXGL Background Thread 3 ] DEBUG Engine               - isUserProfileEnabled: false
10:21:47.704 [FXGL Background Thread 3 ] DEBUG Engine               - isWindows: true
10:21:47.705 [FXGL Background Thread 3 ] DEBUG Engine               - language: ObjectProperty [value: ENGLISH]
10:21:47.705 [FXGL Background Thread 3 ] DEBUG Engine               - menuKey: ESCAPE
10:21:47.706 [FXGL Background Thread 3 ] DEBUG Engine               - notificationViewClass: class com.almasb.fxgl.notification.view.XboxNotificationView
10:21:47.706 [FXGL Background Thread 3 ] DEBUG Engine               - pixelsPerMeter: 50.0
10:21:47.707 [FXGL Background Thread 3 ] DEBUG Engine               - platform: WINDOWS
10:21:47.707 [FXGL Background Thread 3 ] DEBUG Engine               - prefHeightProperty: ReadOnlyDoubleProperty [value: 700.0]
10:21:47.708 [FXGL Background Thread 3 ] DEBUG Engine               - prefWidthProperty: ReadOnlyDoubleProperty [value: 1050.0]
10:21:47.708 [FXGL Background Thread 3 ] DEBUG Engine               - profileDir: profiles/
10:21:47.708 [FXGL Background Thread 3 ] DEBUG Engine               - profileName: StringProperty [value: DEFAULT]
10:21:47.709 [FXGL Background Thread 3 ] DEBUG Engine               - randomSeed: -1
10:21:47.709 [FXGL Background Thread 3 ] DEBUG Engine               - runtimeInfo: RuntimeInfo(platform=WINDOWS, version=11.14, build=01.03.2021 16.59)
10:21:47.710 [FXGL Background Thread 3 ] DEBUG Engine               - saveFileExt: sav
10:21:47.710 [FXGL Background Thread 3 ] DEBUG Engine               - scaledHeightProp$fxgl: DoubleProperty [bound, value: 700.0]
10:21:47.711 [FXGL Background Thread 3 ] DEBUG Engine               - scaledWidthProp$fxgl: DoubleProperty [bound, value: 1050.0]
10:21:47.711 [FXGL Background Thread 3 ] DEBUG Engine               - sceneFactory: com.almasb.fxgl.app.scene.SceneFactory@3cf2eac4
10:21:47.712 [FXGL Background Thread 3 ] DEBUG Engine               - secondsIn24h: 60
10:21:47.712 [FXGL Background Thread 3 ] DEBUG Engine               - soundMenuBack: menu/back.wav
10:21:47.712 [FXGL Background Thread 3 ] DEBUG Engine               - soundMenuPress: menu/press.wav
10:21:47.713 [FXGL Background Thread 3 ] DEBUG Engine               - soundMenuSelect: menu/select.wav
10:21:47.713 [FXGL Background Thread 3 ] DEBUG Engine               - soundNotification: core/notification.wav
10:21:47.714 [FXGL Background Thread 3 ] DEBUG Engine               - stageStyle: DECORATED
10:21:47.715 [FXGL Background Thread 3 ] DEBUG Engine               - supportedLanguages: [ENGLISH, FRENCH, GERMAN, HUNGARIAN, RUSSIAN]
10:21:47.719 [FXGL Background Thread 3 ] DEBUG Engine               - ticksPerSecond: -1
10:21:47.719 [FXGL Background Thread 3 ] DEBUG Engine               - title: Demo game
10:21:47.720 [FXGL Background Thread 3 ] DEBUG Engine               - urlGithub: https://github.com/AlmasB/FXGL
10:21:47.720 [FXGL Background Thread 3 ] DEBUG Engine               - urlLeaderboard: http://fxgl-top.herokuapp.com/
10:21:47.721 [FXGL Background Thread 3 ] DEBUG Engine               - urlPOM: https://raw.githubusercontent.com/AlmasB/FXGL/release/README.md
10:21:47.721 [FXGL Background Thread 3 ] DEBUG Engine               - userAppClass: class Game
10:21:47.722 [FXGL Background Thread 3 ] DEBUG Engine               - version: 1.1
10:21:47.722 [FXGL Background Thread 3 ] DEBUG Engine               - versionCheckDays: 7
10:21:47.723 [FXGL Background Thread 3 ] DEBUG Engine               - width: 1050
10:21:47.723 [FXGL Background Thread 3 ] DEBUG Engine               - Logging services
10:21:47.723 [FXGL Background Thread 3 ] DEBUG Engine               - class com.almasb.fxgl.app.services.FXGLAssetLoaderService
10:21:47.724 [FXGL Background Thread 3 ] DEBUG Engine               - class com.almasb.fxgl.app.FXGLApplication$GameApplicationService
10:21:47.725 [FXGL Background Thread 3 ] DEBUG Engine               - class com.almasb.fxgl.app.services.FXGLDialogService
10:21:47.725 [FXGL Background Thread 3 ] DEBUG Engine               - class com.almasb.fxgl.app.services.IOTaskExecutorService
10:21:47.725 [FXGL Background Thread 3 ] DEBUG Engine               - class com.almasb.fxgl.event.EventBusService
10:21:47.726 [FXGL Background Thread 3 ] DEBUG Engine               - class com.almasb.fxgl.io.FileSystemService
10:21:47.726 [FXGL Background Thread 3 ] DEBUG Engine               - class com.almasb.fxgl.localization.LocalizationService
10:21:47.727 [FXGL Background Thread 3 ] DEBUG Engine               - class com.almasb.fxgl.app.services.SystemBundleService
10:21:47.727 [FXGL Background Thread 3 ] DEBUG Engine               - class com.almasb.fxgl.profile.SaveLoadService
10:21:47.727 [FXGL Background Thread 3 ] DEBUG Engine               - class com.almasb.fxgl.ui.FXGLUIFactoryServiceProvider
10:21:47.728 [FXGL Background Thread 3 ] DEBUG Engine               - class com.almasb.fxgl.ui.FXGLDialogFactoryServiceProvider
10:21:47.728 [FXGL Background Thread 3 ] DEBUG Engine               - class com.almasb.fxgl.audio.AudioPlayer
10:21:47.728 [FXGL Background Thread 3 ] DEBUG Engine               - class com.almasb.fxgl.notification.impl.NotificationServiceProvider
10:21:47.729 [FXGL Background Thread 3 ] DEBUG Engine               - class com.almasb.fxgl.achievement.AchievementService
10:21:47.729 [FXGL Background Thread 3 ] DEBUG Engine               - class com.almasb.fxgl.cutscene.CutsceneService
10:21:47.729 [FXGL Background Thread 3 ] DEBUG Engine               - class com.almasb.fxgl.minigames.MiniGameService
10:21:47.730 [FXGL Background Thread 3 ] DEBUG Engine               - class com.almasb.fxgl.net.NetService
10:21:47.730 [FXGL Background Thread 3 ] DEBUG Engine               - class com.almasb.fxgl.app.services.UpdaterService
10:21:47.731 [FXGL Background Thread 3 ] DEBUG Engine               - class com.almasb.fxgl.dev.DevService
10:21:51.531 [JavaFX Application Thread] DEBUG FXGLApplication      - Exiting FXGL
10:21:51.532 [JavaFX Application Thread] DEBUG Async                - Shutting down background threads
10:21:51.534 [JavaFX Application Thread] DEBUG PrimaryStageWindow   - Closing main window
10:21:51.578 [JavaFX Application Thread] DEBUG Logger               - Closing Logger
