12:03:39.956 [main                     ] DEBUG Logger               - Configured Logger
12:03:39.972 [main                     ] DEBUG GameApplication      - Logging settings
Title: Demo game
Version: 1.2
Width: 1050
Height: 700
Fullscreen: false
Intro: false
Profiling: false
Single step:false
App Mode: DEVELOPER
Menu Key: ESCAPE
Stage Style: DECORATED
Scene Factory: class com.almasb.fxgl.app.scene.SceneFactory

12:03:40.252 [JavaFX Application Thread] DEBUG FXGLApplication      - Initializing FXGL
12:03:40.253 [JavaFX Application Thread] INFO  Engine               - FXGL-11.14 (01.03.2021 16.59) on MAC (J:15.0.2 FX:15)
12:03:40.254 [JavaFX Application Thread] DEBUG Engine               - JRE Vendor Name: Amazon.com Inc.
12:03:40.254 [JavaFX Application Thread] DEBUG Engine               - Running on OS: Mac OS X version 12.3
12:03:40.254 [JavaFX Application Thread] DEBUG Engine               - Architecture: x86_64
12:03:40.254 [JavaFX Application Thread] INFO  Engine               - Source code and latest versions at: https://github.com/AlmasB/FXGL
12:03:40.254 [JavaFX Application Thread] INFO  Engine               -              Join the FXGL chat at: https://gitter.im/AlmasB/FXGL
12:03:40.362 [JavaFX Application Thread] DEBUG PrimaryStageWindow   - Creating a JavaFX scene
12:03:40.400 [JavaFX Application Thread] DEBUG PrimaryStageWindow   - Target settings size: 1050.0 x 700.0
12:03:40.401 [JavaFX Application Thread] DEBUG PrimaryStageWindow   - Scaled scene size:    1050.0 x 700.0
12:03:40.401 [JavaFX Application Thread] DEBUG PrimaryStageWindow   - Scaled ratio: (1.0, 1.0)
12:03:40.402 [JavaFX Application Thread] DEBUG PrimaryStageWindow   - Set initial scene to FXGLStartupScene
12:03:40.406 [JavaFX Application Thread] DEBUG PrimaryStageWindow   - Opening main window
12:03:40.474 [JavaFX Application Thread] DEBUG PrimaryStageWindow   - Window border size: (0.0, 28.0)
12:03:40.474 [JavaFX Application Thread] DEBUG PrimaryStageWindow   - Scaled size: 1050.0 x 700.0
12:03:40.474 [JavaFX Application Thread] DEBUG PrimaryStageWindow   - Scaled ratio: (1.0, 1.0)
12:03:40.475 [JavaFX Application Thread] DEBUG PrimaryStageWindow   - Scene size: 1050.0 x 700.0
12:03:40.475 [JavaFX Application Thread] DEBUG PrimaryStageWindow   - Stage size: 1050.0 x 728.0
12:03:40.482 [FXGL Background Thread 1 ] DEBUG Engine               - Initializing environment variables
12:03:40.508 [FXGL Background Thread 1 ] DEBUG FXGLAssetLoaderServi - User app class for loading assets: class Game
12:03:40.509 [FXGL Background Thread 1 ] DEBUG GameApplicationServi - Applying CSS: fxgl_dark.css
12:03:40.513 [FXGL Background Thread 1 ] DEBUG FXGLAssetLoaderServi - Loading from file system: jar:file:/Users/merdanusta/.m2/repository/com/github/almasb/fxgl/11.14/fxgl-11.14.jar!/fxglassets/ui/css/fxgl_dark.css
12:03:40.564 [FXGL Background Thread 1 ] DEBUG GameApplicationServi - Initializing application scenes
12:03:40.785 [FXGL Background Thread 1 ] DEBUG GameWorld            - Game world initialized
12:03:40.820 [FXGL Background Thread 1 ] DEBUG PhysicsWorld         - Physics world initialized: appHeight=700, physics.ppm=50.0
12:03:40.820 [FXGL Background Thread 1 ] DEBUG PhysicsWorld         - Using strategy: BRUTE_FORCE
12:03:40.822 [FXGL Background Thread 1 ] DEBUG GameScene            - Game scene initialized: 1050x700
12:03:40.848 [FXGL Background Thread 1 ] DEBUG FXGLAssetLoaderServi - Loading from file system: jar:file:/Users/merdanusta/.m2/repository/com/github/almasb/fxgl/11.14/fxgl-11.14.jar!/fxglassets/textures/particles/trace_horizontal.png
12:03:40.888 [FXGL Background Thread 1 ] DEBUG FXGL.DefaultMenu     - createMenuBodyGameMenu()
12:03:40.904 [FXGL Background Thread 1 ] DEBUG FXGL.DefaultMenu     - createOptionsMenu()
12:03:40.908 [FXGL Background Thread 1 ] DEBUG FXGLAssetLoaderServi - Loading from file system: jar:file:/Users/merdanusta/.m2/repository/com/github/almasb/fxgl/11.14/fxgl-11.14.jar!/fxglassets/textures/particles/smoke.png
12:03:40.952 [FXGL Background Thread 1 ] DEBUG GameApplicationServi - Application scenes initialized
12:03:40.960 [FXGL Background Thread 1 ] DEBUG SystemBundleService  - Loading FXGL system data
12:03:40.963 [FXGL Background Thread 1 ] DEBUG FileSystemAccess     - Reading from: /Users/merdanusta/IdeaProjects/IPOSE-Maven/system/fxgl.bundle
12:03:40.968 [FXGL Background Thread 1 ] DEBUG SystemBundleService  - Bundle FXGL: {}
12:03:40.968 [FXGL Background Thread 1 ] DEBUG UpdaterService       - Checking for updates
12:03:40.971 [FXGL Background Thread 4 ] DEBUG FXGLApplication      - Loading fonts
12:03:40.971 [FXGL Background Thread 1 ] DEBUG FXGLApplication      - Loading default localization
12:03:40.972 [FXGL Background Thread 4 ] DEBUG FXGLAssetLoaderServi - Loading from file system: jar:file:/Users/merdanusta/.m2/repository/com/github/almasb/fxgl/11.14/fxgl-11.14.jar!/fxglassets/ui/fonts/VarelaRound-Regular.ttf
12:03:40.972 [FXGL Background Thread 1 ] DEBUG FXGLAssetLoaderServi - Loading from file system: jar:file:/Users/merdanusta/.m2/repository/com/github/almasb/fxgl/11.14/fxgl-11.14.jar!/fxglassets/languages/english.lang
12:03:40.988 [FXGL Background Thread 4 ] DEBUG FXGLAssetLoaderServi - Loading from file system: jar:file:/Users/merdanusta/.m2/repository/com/github/almasb/fxgl/11.14/fxgl-11.14.jar!/fxglassets/ui/fonts/Abel-Regular.ttf
12:03:40.989 [FXGL Background Thread 1 ] INFO  FXGLApplication      - FXGL initialization took: 0.507 sec
12:03:40.991 [FXGL Background Thread 4 ] DEBUG FXGLAssetLoaderServi - Loading from file system: jar:file:/Users/merdanusta/.m2/repository/com/github/almasb/fxgl/11.14/fxgl-11.14.jar!/fxglassets/ui/fonts/lucida_console.ttf
12:03:40.995 [FXGL Background Thread 4 ] DEBUG FXGLAssetLoaderServi - Loading from file system: jar:file:/Users/merdanusta/.m2/repository/com/github/almasb/fxgl/11.14/fxgl-11.14.jar!/fxglassets/ui/fonts/Courier-Prime.ttf
12:03:40.997 [JavaFX Application Thread] DEBUG Input                - Registered new binding: Left - A
12:03:40.998 [JavaFX Application Thread] DEBUG Input                - Registered new binding: Right - D
12:03:40.998 [JavaFX Application Thread] DEBUG Input                - Registered new binding: Jump - W
12:03:40.998 [JavaFX Application Thread] DEBUG FXGLAssetLoaderServi - Loading from file system: jar:file:/Users/merdanusta/.m2/repository/com/github/almasb/fxgl/11.14/fxgl-11.14.jar!/fxglassets/textures/fxgl_icon.png
12:03:41.018 [JavaFX Application Thread] DEBUG FXGLAssetLoaderServi - Loading from file system: jar:file:/Users/merdanusta/.m2/repository/com/github/almasb/fxgl/11.14/fxgl-11.14.jar!/fxglassets/ui/cursors/fxgl_default.png
12:03:41.019 [JavaFX Application Thread] DEBUG Input                - Registered new binding: Screenshot - P
12:03:41.020 [JavaFX Application Thread] DEBUG Input                - Registered new binding: System info dump - CTRL+9
12:03:41.020 [JavaFX Application Thread] DEBUG Input                - Registered new binding: Restart - CTRL+R
12:03:41.021 [JavaFX Application Thread] DEBUG Input                - Registered new binding: Toggle Debug Camera - CTRL+C
12:03:41.022 [JavaFX Application Thread] DEBUG LoopRunner           - Starting loop
12:03:41.022 [JavaFX Application Thread] DEBUG LoopRunner           - Initializing JavaFX AnimationTimerLoop
12:03:41.023 [JavaFX Application Thread] DEBUG GameApplicationServi - Starting new game
12:03:41.024 [JavaFX Application Thread] DEBUG Input                - Clearing active input actions
12:03:41.033 [JavaFX Application Thread] DEBUG GameApplicationServi - Removing overlay from FXGLStartupScene and adding to FXGLLoadingScene
12:03:41.033 [JavaFX Application Thread] DEBUG PrimaryStageWindow   - FXGLStartupScene -> FXGLLoadingScene
12:03:41.033 [JavaFX Application Thread] DEBUG GameApplicationServi - Clearing previous game
12:03:41.034 [JavaFX Application Thread] DEBUG GameScene            - Clearing game scene
12:03:41.034 [JavaFX Application Thread] DEBUG GameWorld            - Clearing game world
12:03:41.034 [JavaFX Application Thread] DEBUG PhysicsWorld         - Clearing physics world
12:03:41.035 [FXGL Background Thread 4 ] DEBUG FXGLApplication      - Initializing game
12:03:41.057 [FXGL Background Thread 4 ] WARN  TMXLevelLoader       - TiledMap generated from 1.0.1. Supported version: 1.2.3. Some features may not be parsed fully.
12:03:41.064 [FXGL Background Thread 4 ] DEBUG TMXLevelLoader       - Parsed raw map: TiledMap(width=15, height=10, tilewidth=70, tileheight=70, orientation=orthogonal, layers=[Layer(width=15, height=10, name=Tile Layer 1, type=tilelayer, visible=false, x=0, y=0, data=[153, 0, 0, 0, 0, 0, 0, 0, 0, 0, 0, 0, 0, 0, 0, 153, 2, 0, 0, 69, 57, 45, 0, 0, 0, 0, 0, 0, 0, 0, 153, 10, 0, 0, 0, 0, 0, 0, 0, 0, 0, 0, 0, 0, 0, 153, 153, 0, 0, 0, 0, 0, 0, 15, 3, 3, 27, 0, 0, 0, 153, 153, 0, 0, 0, 0, 0, 0, 0, 0, 0, 0, 0, 0, 0, 153, 153, 0, 0, 0, 0, 0, 0, 0, 0, 0, 0, 0, 0, 116, 153, 153, 0, 0, 0, 0, 0, 0, 15, 3, 3, 27, 0, 116, 153, 153, 153, 0, 0, 69, 81, 57, 0, 0, 0, 0, 0, 0, 153, 153, 153, 153, 0, 0, 0, 0, 0, 0, 0, 0, 0, 0, 0, 153, 153, 153, 153, 10, 105, 0, 0, 0, 129, 105, 0, 0, 0, 129, 153, 153], objects=[], opacity=0.0, draworder=), Layer(width=0, height=0, name=Object Layer 1, type=objectgroup, visible=false, x=0, y=0, data=[], objects=[com.almasb.fxgl.entity.level.tiled.TiledObject@407d65ba, com.almasb.fxgl.entity.level.tiled.TiledObject@6c01610b, com.almasb.fxgl.entity.level.tiled.TiledObject@6cf3e434, com.almasb.fxgl.entity.level.tiled.TiledObject@4283dfd, com.almasb.fxgl.entity.level.tiled.TiledObject@2fd3d877, com.almasb.fxgl.entity.level.tiled.TiledObject@48bdfdbf, com.almasb.fxgl.entity.level.tiled.TiledObject@3b9c72d8, com.almasb.fxgl.entity.level.tiled.TiledObject@7e1e6783, com.almasb.fxgl.entity.level.tiled.TiledObject@4f3f1857, com.almasb.fxgl.entity.level.tiled.TiledObject@6848440a, com.almasb.fxgl.entity.level.tiled.TiledObject@309af169, com.almasb.fxgl.entity.level.tiled.TiledObject@3d35ba86, com.almasb.fxgl.entity.level.tiled.TiledObject@a7fe0d7, com.almasb.fxgl.entity.level.tiled.TiledObject@203d8d86, com.almasb.fxgl.entity.level.tiled.TiledObject@474b3151, com.almasb.fxgl.entity.level.tiled.TiledObject@573a42b4, com.almasb.fxgl.entity.level.tiled.TiledObject@223669dc, com.almasb.fxgl.entity.level.tiled.TiledObject@6e2b81a1, com.almasb.fxgl.entity.level.tiled.TiledObject@7074f48c], opacity=0.0, draworder=)], tilesets=[Tileset(firstgid=1, image=tiles_spritesheet.png, name=tiles_spritesheet, tilewidth=70, tileheight=70, imagewidth=914, imageheight=936, margin=0, spacing=2, columns=12, tilecount=156, transparentcolor=, tiles=[])], backgroundcolor=, renderorder=right-down, nextobjectid=20, version=1, tiledversion=1.0.1, type=map, infinite=false, hexsidelength=0, staggeraxis=, staggerindex=, properties={}, propertytypes={})
12:03:41.065 [FXGL Background Thread 4 ] DEBUG TMXLevelLoader       - Creating tile layer entities
12:03:41.066 [FXGL Background Thread 4 ] DEBUG TilesetLoader        - Loading view for layer Tile Layer 1
12:03:41.068 [FXGL Background Thread 4 ] DEBUG TilesetLoader        - Created buffer with size 1050.0x700.0
12:03:41.129 [FXGL Background Thread 4 ] DEBUG TilesetLoader        - Writing to buffer: dst=0,0, w=70,h=70, src=576,864
12:03:41.131 [FXGL Background Thread 4 ] DEBUG TilesetLoader        - Writing to buffer: dst=0,70, w=70,h=70, src=576,864
12:03:41.131 [FXGL Background Thread 4 ] DEBUG TilesetLoader        - Writing to buffer: dst=70,70, w=70,h=70, src=72,0
12:03:41.132 [FXGL Background Thread 4 ] DEBUG TilesetLoader        - Writing to buffer: dst=280,70, w=70,h=70, src=576,360
12:03:41.132 [FXGL Background Thread 4 ] DEBUG TilesetLoader        - Writing to buffer: dst=350,70, w=70,h=70, src=576,288
12:03:41.133 [FXGL Background Thread 4 ] DEBUG TilesetLoader        - Writing to buffer: dst=420,70, w=70,h=70, src=576,216
12:03:41.133 [FXGL Background Thread 4 ] DEBUG TilesetLoader        - Writing to buffer: dst=0,140, w=70,h=70, src=576,864
12:03:41.133 [FXGL Background Thread 4 ] DEBUG TilesetLoader        - Writing to buffer: dst=70,140, w=70,h=70, src=648,0
12:03:41.133 [FXGL Background Thread 4 ] DEBUG TilesetLoader        - Writing to buffer: dst=0,210, w=70,h=70, src=576,864
12:03:41.134 [FXGL Background Thread 4 ] DEBUG TilesetLoader        - Writing to buffer: dst=70,210, w=70,h=70, src=576,864
12:03:41.134 [FXGL Background Thread 4 ] DEBUG TilesetLoader        - Writing to buffer: dst=560,210, w=70,h=70, src=144,72
12:03:41.134 [FXGL Background Thread 4 ] DEBUG TilesetLoader        - Writing to buffer: dst=630,210, w=70,h=70, src=144,0
12:03:41.134 [FXGL Background Thread 4 ] DEBUG TilesetLoader        - Writing to buffer: dst=700,210, w=70,h=70, src=144,0
12:03:41.134 [FXGL Background Thread 4 ] DEBUG TilesetLoader        - Writing to buffer: dst=770,210, w=70,h=70, src=144,144
12:03:41.135 [FXGL Background Thread 4 ] DEBUG TilesetLoader        - Writing to buffer: dst=0,280, w=70,h=70, src=576,864
12:03:41.135 [FXGL Background Thread 4 ] DEBUG TilesetLoader        - Writing to buffer: dst=70,280, w=70,h=70, src=576,864
12:03:41.135 [FXGL Background Thread 4 ] DEBUG TilesetLoader        - Writing to buffer: dst=0,350, w=70,h=70, src=576,864
12:03:41.135 [FXGL Background Thread 4 ] DEBUG TilesetLoader        - Writing to buffer: dst=70,350, w=70,h=70, src=576,864
12:03:41.136 [FXGL Background Thread 4 ] DEBUG TilesetLoader        - Writing to buffer: dst=980,350, w=70,h=70, src=504,648
12:03:41.137 [FXGL Background Thread 4 ] DEBUG TilesetLoader        - Writing to buffer: dst=0,420, w=70,h=70, src=576,864
12:03:41.137 [FXGL Background Thread 4 ] DEBUG TilesetLoader        - Writing to buffer: dst=70,420, w=70,h=70, src=576,864
12:03:41.137 [FXGL Background Thread 4 ] DEBUG TilesetLoader        - Writing to buffer: dst=560,420, w=70,h=70, src=144,72
12:03:41.137 [FXGL Background Thread 4 ] DEBUG TilesetLoader        - Writing to buffer: dst=630,420, w=70,h=70, src=144,0
12:03:41.138 [FXGL Background Thread 4 ] DEBUG TilesetLoader        - Writing to buffer: dst=700,420, w=70,h=70, src=144,0
12:03:41.138 [FXGL Background Thread 4 ] DEBUG TilesetLoader        - Writing to buffer: dst=770,420, w=70,h=70, src=144,144
12:03:41.138 [FXGL Background Thread 4 ] DEBUG TilesetLoader        - Writing to buffer: dst=910,420, w=70,h=70, src=504,648
12:03:41.138 [FXGL Background Thread 4 ] DEBUG TilesetLoader        - Writing to buffer: dst=980,420, w=70,h=70, src=576,864
12:03:41.138 [FXGL Background Thread 4 ] DEBUG TilesetLoader        - Writing to buffer: dst=0,490, w=70,h=70, src=576,864
12:03:41.139 [FXGL Background Thread 4 ] DEBUG TilesetLoader        - Writing to buffer: dst=70,490, w=70,h=70, src=576,864
12:03:41.139 [FXGL Background Thread 4 ] DEBUG TilesetLoader        - Writing to buffer: dst=280,490, w=70,h=70, src=576,360
12:03:41.139 [FXGL Background Thread 4 ] DEBUG TilesetLoader        - Writing to buffer: dst=350,490, w=70,h=70, src=576,432
12:03:41.139 [FXGL Background Thread 4 ] DEBUG TilesetLoader        - Writing to buffer: dst=420,490, w=70,h=70, src=576,288
12:03:41.139 [FXGL Background Thread 4 ] DEBUG TilesetLoader        - Writing to buffer: dst=910,490, w=70,h=70, src=576,864
12:03:41.140 [FXGL Background Thread 4 ] DEBUG TilesetLoader        - Writing to buffer: dst=980,490, w=70,h=70, src=576,864
12:03:41.140 [FXGL Background Thread 4 ] DEBUG TilesetLoader        - Writing to buffer: dst=0,560, w=70,h=70, src=576,864
12:03:41.140 [FXGL Background Thread 4 ] DEBUG TilesetLoader        - Writing to buffer: dst=70,560, w=70,h=70, src=576,864
12:03:41.140 [FXGL Background Thread 4 ] DEBUG TilesetLoader        - Writing to buffer: dst=910,560, w=70,h=70, src=576,864
12:03:41.141 [FXGL Background Thread 4 ] DEBUG TilesetLoader        - Writing to buffer: dst=980,560, w=70,h=70, src=576,864
12:03:41.141 [FXGL Background Thread 4 ] DEBUG TilesetLoader        - Writing to buffer: dst=0,630, w=70,h=70, src=576,864
12:03:41.141 [FXGL Background Thread 4 ] DEBUG TilesetLoader        - Writing to buffer: dst=70,630, w=70,h=70, src=576,864
12:03:41.141 [FXGL Background Thread 4 ] DEBUG TilesetLoader        - Writing to buffer: dst=140,630, w=70,h=70, src=648,0
12:03:41.141 [FXGL Background Thread 4 ] DEBUG TilesetLoader        - Writing to buffer: dst=210,630, w=70,h=70, src=576,576
12:03:41.142 [FXGL Background Thread 4 ] DEBUG TilesetLoader        - Writing to buffer: dst=490,630, w=70,h=70, src=576,720
12:03:41.142 [FXGL Background Thread 4 ] DEBUG TilesetLoader        - Writing to buffer: dst=560,630, w=70,h=70, src=576,576
12:03:41.142 [FXGL Background Thread 4 ] DEBUG TilesetLoader        - Writing to buffer: dst=840,630, w=70,h=70, src=576,720
12:03:41.142 [FXGL Background Thread 4 ] DEBUG TilesetLoader        - Writing to buffer: dst=910,630, w=70,h=70, src=576,864
12:03:41.142 [FXGL Background Thread 4 ] DEBUG TilesetLoader        - Writing to buffer: dst=980,630, w=70,h=70, src=576,864
12:03:41.143 [FXGL Background Thread 4 ] DEBUG TMXLevelLoader       - Creating object layer entities
12:03:41.159 [FXGL Background Thread 4 ] DEBUG FXGLAssetLoaderServi - Loading from file system: file:/Users/merdanusta/IdeaProjects/IPOSE-Maven/target/classes/assets/textures/star.png
12:03:41.165 [FXGL Background Thread 4 ] DEBUG GameWorld            - Clearing removable entities
12:03:41.166 [FXGL Background Thread 4 ] DEBUG GameWorld            - Setting level: com.almasb.fxgl.entity.level.Level@66fd69de
12:03:41.173 [FXGL Background Thread 4 ] DEBUG FXGLAssetLoaderServi - Loading from file system: file:/Users/merdanusta/IdeaProjects/IPOSE-Maven/target/classes/assets/textures/girl.png
12:03:41.183 [FXGL Background Thread 4 ] INFO  FXGLApplication      - Game initialization took: 0.148 sec
12:03:41.222 [JavaFX Application Thread] DEBUG Input                - Clearing active input actions
12:03:41.236 [JavaFX Application Thread] DEBUG GameApplicationServi - Removing overlay from FXGLLoadingScene and adding to GameScene
12:03:41.236 [JavaFX Application Thread] DEBUG PrimaryStageWindow   - FXGLLoadingScene -> GameScene
12:03:41.318 [FXGL Background Thread 2 ] INFO  UpdaterService       - Your current version:  11.14
12:03:41.318 [FXGL Background Thread 2 ] INFO  UpdaterService       - Latest stable version: 17.1
12:03:43.971 [FXGL Background Thread 3 ] DEBUG Engine               - Logging environment variables
12:03:43.972 [FXGL Background Thread 3 ] DEBUG Engine               - achievements: []
12:03:43.972 [FXGL Background Thread 3 ] DEBUG Engine               - actualHeight: 700.0
12:03:43.973 [FXGL Background Thread 3 ] DEBUG Engine               - actualHeightProperty: ReadOnlyDoubleProperty [value: 700.0]
12:03:43.973 [FXGL Background Thread 3 ] DEBUG Engine               - actualWidth: 1050.0
12:03:43.973 [FXGL Background Thread 3 ] DEBUG Engine               - actualWidthProperty: ReadOnlyDoubleProperty [value: 1050.0]
12:03:43.974 [FXGL Background Thread 3 ] DEBUG Engine               - appIcon: fxgl_icon.png
12:03:43.974 [FXGL Background Thread 3 ] DEBUG Engine               - applicationMode: DEVELOPER
12:03:43.974 [FXGL Background Thread 3 ] DEBUG Engine               - cSSList: [fxgl_dark.css]
12:03:43.974 [FXGL Background Thread 3 ] DEBUG Engine               - collisionDetectionStrategy: BRUTE_FORCE
12:03:43.974 [FXGL Background Thread 3 ] DEBUG Engine               - configClass: Optional.empty
12:03:43.975 [FXGL Background Thread 3 ] DEBUG Engine               - credits: []
12:03:43.976 [FXGL Background Thread 3 ] DEBUG Engine               - devBBoxColorProperty: ObjectProperty [value: 0xff0000ff]
12:03:43.976 [FXGL Background Thread 3 ] DEBUG Engine               - devEnableDebugCameraProperty: BooleanProperty [value: false]
12:03:43.977 [FXGL Background Thread 3 ] DEBUG Engine               - devSensorColorProperty: ObjectProperty [value: 0xffff00ff]
12:03:43.977 [FXGL Background Thread 3 ] DEBUG Engine               - devShowBBoxProperty: BooleanProperty [value: false]
12:03:43.977 [FXGL Background Thread 3 ] DEBUG Engine               - devShowPositionProperty: BooleanProperty [value: false]
12:03:43.978 [FXGL Background Thread 3 ] DEBUG Engine               - enabledMenuItems: []
12:03:43.978 [FXGL Background Thread 3 ] DEBUG Engine               - engineServices: [class com.almasb.fxgl.app.services.FXGLAssetLoaderService, class com.almasb.fxgl.app.FXGLApplication$GameApplicationService, class com.almasb.fxgl.app.services.FXGLDialogService, class com.almasb.fxgl.app.services.IOTaskExecutorService, class com.almasb.fxgl.event.EventBusService, class com.almasb.fxgl.io.FileSystemService, class com.almasb.fxgl.localization.LocalizationService, class com.almasb.fxgl.app.services.SystemBundleService, class com.almasb.fxgl.profile.SaveLoadService, class com.almasb.fxgl.ui.FXGLUIFactoryServiceProvider, class com.almasb.fxgl.ui.FXGLDialogFactoryServiceProvider, class com.almasb.fxgl.audio.AudioPlayer, class com.almasb.fxgl.notification.impl.NotificationServiceProvider, class com.almasb.fxgl.achievement.AchievementService, class com.almasb.fxgl.cutscene.CutsceneService, class com.almasb.fxgl.minigames.MiniGameService, class com.almasb.fxgl.net.NetService, class com.almasb.fxgl.app.services.UpdaterService, class com.almasb.fxgl.dev.DevService]
12:03:43.979 [FXGL Background Thread 3 ] DEBUG Engine               - fontGame: Abel-Regular.ttf
12:03:43.980 [FXGL Background Thread 3 ] DEBUG Engine               - fontMono: lucida_console.ttf
12:03:43.980 [FXGL Background Thread 3 ] DEBUG Engine               - fontText: Courier-Prime.ttf
12:03:43.980 [FXGL Background Thread 3 ] DEBUG Engine               - fontUI: VarelaRound-Regular.ttf
12:03:43.980 [FXGL Background Thread 3 ] DEBUG Engine               - fullScreen: BooleanProperty [value: false]
12:03:43.980 [FXGL Background Thread 3 ] DEBUG Engine               - gameDifficulty: MEDIUM
12:03:43.981 [FXGL Background Thread 3 ] DEBUG Engine               - gameDifficultyProperty: ObjectProperty [value: MEDIUM]
12:03:43.981 [FXGL Background Thread 3 ] DEBUG Engine               - globalMusicVolume: 0.5
12:03:43.982 [FXGL Background Thread 3 ] DEBUG Engine               - globalMusicVolumeProperty: DoubleProperty [value: 0.5]
12:03:43.982 [FXGL Background Thread 3 ] DEBUG Engine               - globalSoundVolume: 0.5
12:03:43.982 [FXGL Background Thread 3 ] DEBUG Engine               - globalSoundVolumeProperty: DoubleProperty [value: 0.5]
12:03:43.982 [FXGL Background Thread 3 ] DEBUG Engine               - height: 700
12:03:43.982 [FXGL Background Thread 3 ] DEBUG Engine               - isAndroid: false
12:03:43.983 [FXGL Background Thread 3 ] DEBUG Engine               - isBrowser: false
12:03:43.983 [FXGL Background Thread 3 ] DEBUG Engine               - isClickFeedbackEnabled: false
12:03:43.983 [FXGL Background Thread 3 ] DEBUG Engine               - isCloseConfirmation: false
12:03:43.983 [FXGL Background Thread 3 ] DEBUG Engine               - isDesktop: true
12:03:43.983 [FXGL Background Thread 3 ] DEBUG Engine               - isDeveloperMenuEnabled: false
12:03:43.983 [FXGL Background Thread 3 ] DEBUG Engine               - isEntityPreloadEnabled: true
12:03:43.984 [FXGL Background Thread 3 ] DEBUG Engine               - isExperimental3D: false
12:03:43.984 [FXGL Background Thread 3 ] DEBUG Engine               - isExperimentalNative: false
12:03:43.984 [FXGL Background Thread 3 ] DEBUG Engine               - isExperimentalTiledLargeMap: false
12:03:43.984 [FXGL Background Thread 3 ] DEBUG Engine               - isFileSystemWriteAllowed: true
12:03:43.984 [FXGL Background Thread 3 ] DEBUG Engine               - isFullScreenAllowed: false
12:03:43.985 [FXGL Background Thread 3 ] DEBUG Engine               - isFullScreenFromStart: false
12:03:43.985 [FXGL Background Thread 3 ] DEBUG Engine               - isGameMenuEnabled: true
12:03:43.985 [FXGL Background Thread 3 ] DEBUG Engine               - isIOS: false
12:03:43.985 [FXGL Background Thread 3 ] DEBUG Engine               - isIntroEnabled: false
12:03:43.985 [FXGL Background Thread 3 ] DEBUG Engine               - isLinux: false
12:03:43.985 [FXGL Background Thread 3 ] DEBUG Engine               - isMac: true
12:03:43.985 [FXGL Background Thread 3 ] DEBUG Engine               - isMainMenuEnabled: false
12:03:43.986 [FXGL Background Thread 3 ] DEBUG Engine               - isManualResizeEnabled: false
12:03:43.986 [FXGL Background Thread 3 ] DEBUG Engine               - isMobile: false
12:03:43.986 [FXGL Background Thread 3 ] DEBUG Engine               - isPreserveResizeRatio: false
12:03:43.986 [FXGL Background Thread 3 ] DEBUG Engine               - isProfilingEnabled: false
12:03:43.986 [FXGL Background Thread 3 ] DEBUG Engine               - isScaleAffectedOnResize: true
12:03:43.986 [FXGL Background Thread 3 ] DEBUG Engine               - isSingleStep: false
12:03:43.986 [FXGL Background Thread 3 ] DEBUG Engine               - isUserProfileEnabled: false
12:03:43.987 [FXGL Background Thread 3 ] DEBUG Engine               - isWindows: false
12:03:43.987 [FXGL Background Thread 3 ] DEBUG Engine               - language: ObjectProperty [value: ENGLISH]
12:03:43.987 [FXGL Background Thread 3 ] DEBUG Engine               - menuKey: ESCAPE
12:03:43.987 [FXGL Background Thread 3 ] DEBUG Engine               - notificationViewClass: class com.almasb.fxgl.notification.view.XboxNotificationView
12:03:43.987 [FXGL Background Thread 3 ] DEBUG Engine               - pixelsPerMeter: 50.0
12:03:43.987 [FXGL Background Thread 3 ] DEBUG Engine               - platform: MAC
12:03:43.987 [FXGL Background Thread 3 ] DEBUG Engine               - prefHeightProperty: ReadOnlyDoubleProperty [value: 700.0]
12:03:43.987 [FXGL Background Thread 3 ] DEBUG Engine               - prefWidthProperty: ReadOnlyDoubleProperty [value: 1050.0]
12:03:43.988 [FXGL Background Thread 3 ] DEBUG Engine               - profileDir: profiles/
12:03:43.988 [FXGL Background Thread 3 ] DEBUG Engine               - profileName: StringProperty [value: DEFAULT]
12:03:43.988 [FXGL Background Thread 3 ] DEBUG Engine               - randomSeed: -1
12:03:43.988 [FXGL Background Thread 3 ] DEBUG Engine               - runtimeInfo: RuntimeInfo(platform=MAC, version=11.14, build=01.03.2021 16.59)
12:03:43.988 [FXGL Background Thread 3 ] DEBUG Engine               - saveFileExt: sav
12:03:43.988 [FXGL Background Thread 3 ] DEBUG Engine               - scaledHeightProp$fxgl: DoubleProperty [bound, value: 700.0]
12:03:43.989 [FXGL Background Thread 3 ] DEBUG Engine               - scaledWidthProp$fxgl: DoubleProperty [bound, value: 1050.0]
12:03:43.989 [FXGL Background Thread 3 ] DEBUG Engine               - sceneFactory: com.almasb.fxgl.app.scene.SceneFactory@2d978a5b
12:03:43.989 [FXGL Background Thread 3 ] DEBUG Engine               - secondsIn24h: 60
12:03:43.989 [FXGL Background Thread 3 ] DEBUG Engine               - soundMenuBack: menu/back.wav
12:03:43.989 [FXGL Background Thread 3 ] DEBUG Engine               - soundMenuPress: menu/press.wav
12:03:43.990 [FXGL Background Thread 3 ] DEBUG Engine               - soundMenuSelect: menu/select.wav
12:03:43.990 [FXGL Background Thread 3 ] DEBUG Engine               - soundNotification: core/notification.wav
12:03:43.990 [FXGL Background Thread 3 ] DEBUG Engine               - stageStyle: DECORATED
12:03:43.990 [FXGL Background Thread 3 ] DEBUG Engine               - supportedLanguages: [ENGLISH, FRENCH, GERMAN, HUNGARIAN, RUSSIAN]
12:03:43.990 [FXGL Background Thread 3 ] DEBUG Engine               - ticksPerSecond: -1
12:03:43.990 [FXGL Background Thread 3 ] DEBUG Engine               - title: Demo game
12:03:43.990 [FXGL Background Thread 3 ] DEBUG Engine               - urlGithub: https://github.com/AlmasB/FXGL
12:03:43.991 [FXGL Background Thread 3 ] DEBUG Engine               - urlLeaderboard: http://fxgl-top.herokuapp.com/
12:03:43.991 [FXGL Background Thread 3 ] DEBUG Engine               - urlPOM: https://raw.githubusercontent.com/AlmasB/FXGL/release/README.md
12:03:43.991 [FXGL Background Thread 3 ] DEBUG Engine               - userAppClass: class Game
12:03:43.991 [FXGL Background Thread 3 ] DEBUG Engine               - version: 1.2
12:03:43.991 [FXGL Background Thread 3 ] DEBUG Engine               - versionCheckDays: 7
12:03:43.991 [FXGL Background Thread 3 ] DEBUG Engine               - width: 1050
12:03:43.992 [FXGL Background Thread 3 ] DEBUG Engine               - Logging services
12:03:43.993 [FXGL Background Thread 3 ] DEBUG Engine               - class com.almasb.fxgl.app.services.FXGLAssetLoaderService
12:03:43.993 [FXGL Background Thread 3 ] DEBUG Engine               - class com.almasb.fxgl.app.FXGLApplication$GameApplicationService
12:03:43.993 [FXGL Background Thread 3 ] DEBUG Engine               - class com.almasb.fxgl.app.services.FXGLDialogService
12:03:43.994 [FXGL Background Thread 3 ] DEBUG Engine               - class com.almasb.fxgl.app.services.IOTaskExecutorService
12:03:43.994 [FXGL Background Thread 3 ] DEBUG Engine               - class com.almasb.fxgl.event.EventBusService
12:03:43.994 [FXGL Background Thread 3 ] DEBUG Engine               - class com.almasb.fxgl.io.FileSystemService
12:03:43.994 [FXGL Background Thread 3 ] DEBUG Engine               - class com.almasb.fxgl.localization.LocalizationService
12:03:43.994 [FXGL Background Thread 3 ] DEBUG Engine               - class com.almasb.fxgl.app.services.SystemBundleService
12:03:43.994 [FXGL Background Thread 3 ] DEBUG Engine               - class com.almasb.fxgl.profile.SaveLoadService
12:03:43.994 [FXGL Background Thread 3 ] DEBUG Engine               - class com.almasb.fxgl.ui.FXGLUIFactoryServiceProvider
12:03:43.994 [FXGL Background Thread 3 ] DEBUG Engine               - class com.almasb.fxgl.ui.FXGLDialogFactoryServiceProvider
12:03:43.994 [FXGL Background Thread 3 ] DEBUG Engine               - class com.almasb.fxgl.audio.AudioPlayer
12:03:43.995 [FXGL Background Thread 3 ] DEBUG Engine               - class com.almasb.fxgl.notification.impl.NotificationServiceProvider
12:03:43.995 [FXGL Background Thread 3 ] DEBUG Engine               - class com.almasb.fxgl.achievement.AchievementService
12:03:43.995 [FXGL Background Thread 3 ] DEBUG Engine               - class com.almasb.fxgl.cutscene.CutsceneService
12:03:43.995 [FXGL Background Thread 3 ] DEBUG Engine               - class com.almasb.fxgl.minigames.MiniGameService
12:03:43.995 [FXGL Background Thread 3 ] DEBUG Engine               - class com.almasb.fxgl.net.NetService
12:03:43.995 [FXGL Background Thread 3 ] DEBUG Engine               - class com.almasb.fxgl.app.services.UpdaterService
12:03:43.996 [FXGL Background Thread 3 ] DEBUG Engine               - class com.almasb.fxgl.dev.DevService
12:03:47.217 [JavaFX Application Thread] DEBUG FXGLApplication      - Exiting FXGL
12:03:47.217 [JavaFX Application Thread] DEBUG LoopRunner           - Stopping loop
12:03:47.217 [JavaFX Application Thread] DEBUG SystemBundleService  - Saving FXGL system data
12:03:47.218 [JavaFX Application Thread] DEBUG FileSystemAccess     - Writing to: /Users/merdanusta/IdeaProjects/IPOSE-Maven/system/fxgl.bundle
12:03:47.220 [JavaFX Application Thread] DEBUG Async                - Shutting down background threads
12:03:47.220 [JavaFX Application Thread] DEBUG PrimaryStageWindow   - Closing main window
12:03:47.226 [JavaFX Application Thread] DEBUG Logger               - Closing Logger
