13:06:38.237 [main                     ] DEBUG Logger               - Configured Logger
13:06:38.308 [main                     ] DEBUG GameApplication      - Logging settings
Title: Demo game
Version: 1.2
Width: 1050
Height: 700
Fullscreen: false
Intro: false
Profiling: false
Single step:false
App Mode: DEVELOPER
Menu Key: ESCAPE
Stage Style: DECORATED
Scene Factory: class com.almasb.fxgl.app.scene.SceneFactory

13:06:39.790 [JavaFX Application Thread] DEBUG FXGLApplication      - Initializing FXGL
13:06:39.799 [JavaFX Application Thread] INFO  Engine               - FXGL-11.14 (01.03.2021 16.59) on WINDOWS (J:15.0.2 FX:15)
13:06:39.800 [JavaFX Application Thread] DEBUG Engine               - JRE Vendor Name: Amazon.com Inc.
13:06:39.800 [JavaFX Application Thread] DEBUG Engine               - Running on OS: Windows 10 version 10.0
13:06:39.801 [JavaFX Application Thread] DEBUG Engine               - Architecture: amd64
13:06:39.801 [JavaFX Application Thread] INFO  Engine               - Source code and latest versions at: https://github.com/AlmasB/FXGL
13:06:39.802 [JavaFX Application Thread] INFO  Engine               -              Join the FXGL chat at: https://gitter.im/AlmasB/FXGL
13:06:40.288 [JavaFX Application Thread] DEBUG PrimaryStageWindow   - Creating a JavaFX scene
13:06:40.477 [JavaFX Application Thread] DEBUG PrimaryStageWindow   - Target settings size: 1050.0 x 700.0
13:06:40.477 [JavaFX Application Thread] DEBUG PrimaryStageWindow   - Scaled scene size:    1050.0 x 700.0
13:06:40.478 [JavaFX Application Thread] DEBUG PrimaryStageWindow   - Scaled ratio: (1.0, 1.0)
13:06:40.481 [JavaFX Application Thread] DEBUG PrimaryStageWindow   - Set initial scene to FXGLStartupScene
13:06:40.509 [JavaFX Application Thread] DEBUG PrimaryStageWindow   - Opening main window
13:06:40.780 [JavaFX Application Thread] DEBUG PrimaryStageWindow   - Window border size: (14.800048828125, 37.5999755859375)
13:06:40.781 [JavaFX Application Thread] DEBUG PrimaryStageWindow   - Scaled size: 1050.0 x 700.0
13:06:40.784 [JavaFX Application Thread] DEBUG PrimaryStageWindow   - Scaled ratio: (1.0, 1.0)
13:06:40.784 [JavaFX Application Thread] DEBUG PrimaryStageWindow   - Scene size: 1050.0 x 700.0
13:06:40.785 [JavaFX Application Thread] DEBUG PrimaryStageWindow   - Stage size: 1064.800048828125 x 737.5999755859375
13:06:40.823 [FXGL Background Thread 1 ] DEBUG Engine               - Initializing environment variables
13:06:40.979 [FXGL Background Thread 1 ] DEBUG FXGLAssetLoaderServi - User app class for loading assets: class Game
13:06:40.980 [FXGL Background Thread 1 ] DEBUG GameApplicationServi - Applying CSS: fxgl_dark.css
13:06:40.986 [FXGL Background Thread 1 ] DEBUG FXGLAssetLoaderServi - Loading from file system: jar:file:/C:/Users/jfran/.m2/repository/com/github/almasb/fxgl/11.14/fxgl-11.14.jar!/fxglassets/ui/css/fxgl_dark.css
13:06:41.144 [FXGL Background Thread 1 ] DEBUG GameApplicationServi - Initializing application scenes
13:06:41.353 [FXGL Background Thread 1 ] DEBUG GameWorld            - Game world initialized
13:06:41.565 [FXGL Background Thread 1 ] DEBUG PhysicsWorld         - Physics world initialized: appHeight=700, physics.ppm=50,0
13:06:41.566 [FXGL Background Thread 1 ] DEBUG PhysicsWorld         - Using strategy: BRUTE_FORCE
13:06:41.575 [FXGL Background Thread 1 ] DEBUG GameScene            - Game scene initialized: 1050x700
13:06:41.702 [FXGL Background Thread 1 ] DEBUG FXGLAssetLoaderServi - Loading from file system: jar:file:/C:/Users/jfran/.m2/repository/com/github/almasb/fxgl/11.14/fxgl-11.14.jar!/fxglassets/textures/particles/trace_horizontal.png
13:06:41.981 [FXGL Background Thread 1 ] DEBUG FXGL.DefaultMenu     - createMenuBodyGameMenu()
13:06:42.044 [FXGL Background Thread 1 ] DEBUG FXGL.DefaultMenu     - createOptionsMenu()
13:06:42.080 [FXGL Background Thread 1 ] DEBUG FXGLAssetLoaderServi - Loading from file system: jar:file:/C:/Users/jfran/.m2/repository/com/github/almasb/fxgl/11.14/fxgl-11.14.jar!/fxglassets/textures/particles/smoke.png
13:06:42.262 [FXGL Background Thread 1 ] DEBUG GameApplicationServi - Application scenes initialized
13:06:42.315 [FXGL Background Thread 1 ] DEBUG SystemBundleService  - Loading FXGL system data
13:06:42.328 [FXGL Background Thread 1 ] DEBUG FileSystemAccess     - Reading from: C:\Users\jfran\OneDrive - Hogeschool Leiden\IPOSE-Maven\system\fxgl.bundle
13:06:42.347 [FXGL Background Thread 1 ] DEBUG SystemBundleService  - Bundle FXGL: {}
13:06:42.348 [FXGL Background Thread 1 ] DEBUG UpdaterService       - Checking for updates
13:06:42.363 [FXGL Background Thread 1 ] DEBUG FXGLApplication      - Loading default localization
13:06:42.365 [FXGL Background Thread 1 ] DEBUG FXGLAssetLoaderServi - Loading from file system: jar:file:/C:/Users/jfran/.m2/repository/com/github/almasb/fxgl/11.14/fxgl-11.14.jar!/fxglassets/languages/english.lang
13:06:42.401 [FXGL Background Thread 1 ] INFO  FXGLApplication      - FXGL initialization took: 1,577 sec
13:06:42.431 [FXGL Background Thread 4 ] DEBUG FXGLApplication      - Loading fonts
13:06:42.435 [JavaFX Application Thread] DEBUG Input                - Registered new binding: Left - A
13:06:42.435 [JavaFX Application Thread] DEBUG Input                - Registered new binding: Right - D
13:06:42.436 [JavaFX Application Thread] DEBUG Input                - Registered new binding: Jump - W
13:06:42.433 [FXGL Background Thread 4 ] DEBUG FXGLAssetLoaderServi - Loading from file system: jar:file:/C:/Users/jfran/.m2/repository/com/github/almasb/fxgl/11.14/fxgl-11.14.jar!/fxglassets/ui/fonts/VarelaRound-Regular.ttf
13:06:42.568 [JavaFX Application Thread] DEBUG FXGLAssetLoaderServi - Loading from file system: jar:file:/C:/Users/jfran/.m2/repository/com/github/almasb/fxgl/11.14/fxgl-11.14.jar!/fxglassets/ui/cursors/fxgl_default.png
13:06:42.580 [JavaFX Application Thread] DEBUG Input                - Registered new binding: Screenshot - P
13:06:42.582 [JavaFX Application Thread] DEBUG Input                - Registered new binding: System info dump - CTRL+9
13:06:42.583 [JavaFX Application Thread] DEBUG Input                - Registered new binding: Restart - CTRL+R
13:06:42.585 [JavaFX Application Thread] DEBUG Input                - Registered new binding: Toggle Debug Camera - CTRL+C
13:06:42.593 [JavaFX Application Thread] DEBUG LoopRunner           - Starting loop
13:06:42.593 [JavaFX Application Thread] DEBUG LoopRunner           - Initializing JavaFX AnimationTimerLoop
13:06:42.600 [JavaFX Application Thread] DEBUG GameApplicationServi - Starting new game
13:06:42.601 [JavaFX Application Thread] DEBUG Input                - Clearing active input actions
13:06:42.629 [JavaFX Application Thread] DEBUG GameApplicationServi - Removing overlay from FXGLStartupScene and adding to FXGLLoadingScene
13:06:42.632 [JavaFX Application Thread] DEBUG PrimaryStageWindow   - FXGLStartupScene -> FXGLLoadingScene
13:06:42.633 [JavaFX Application Thread] DEBUG GameApplicationServi - Clearing previous game
13:06:42.633 [JavaFX Application Thread] DEBUG GameScene            - Clearing game scene
13:06:42.634 [JavaFX Application Thread] DEBUG GameWorld            - Clearing game world
13:06:42.634 [JavaFX Application Thread] DEBUG PhysicsWorld         - Clearing physics world
13:06:42.637 [FXGL Background Thread 1 ] DEBUG FXGLApplication      - Initializing game
13:06:42.836 [FXGL Background Thread 1 ] WARN  TMXLevelLoader       - TiledMap generated from 1.0.1. Supported version: 1.2.3. Some features may not be parsed fully.
13:06:42.868 [FXGL Background Thread 1 ] DEBUG TMXLevelLoader       - Parsed raw map: TiledMap(width=15, height=10, tilewidth=70, tileheight=70, orientation=orthogonal, layers=[Layer(width=15, height=10, name=Tile Layer 1, type=tilelayer, visible=false, x=0, y=0, data=[153, 0, 0, 0, 0, 0, 0, 0, 0, 0, 0, 0, 0, 0, 0, 153, 2, 0, 0, 69, 57, 45, 0, 0, 0, 0, 0, 0, 0, 0, 153, 10, 0, 0, 0, 0, 0, 0, 0, 0, 0, 0, 0, 0, 0, 153, 153, 0, 0, 0, 0, 0, 0, 15, 3, 3, 27, 0, 0, 0, 153, 153, 0, 0, 0, 0, 0, 0, 0, 0, 0, 0, 0, 0, 0, 153, 153, 0, 0, 0, 0, 0, 0, 0, 0, 0, 0, 0, 0, 116, 153, 153, 0, 0, 0, 0, 0, 0, 15, 3, 3, 27, 0, 116, 153, 153, 153, 0, 0, 69, 81, 57, 0, 0, 0, 0, 0, 0, 153, 153, 153, 153, 0, 0, 0, 0, 0, 0, 0, 0, 0, 0, 0, 153, 153, 153, 153, 10, 105, 0, 0, 0, 129, 105, 0, 0, 0, 129, 153, 153], objects=[], opacity=0.0, draworder=), Layer(width=0, height=0, name=Object Layer 1, type=objectgroup, visible=false, x=0, y=0, data=[], objects=[com.almasb.fxgl.entity.level.tiled.TiledObject@1e79e842, com.almasb.fxgl.entity.level.tiled.TiledObject@413d4185, com.almasb.fxgl.entity.level.tiled.TiledObject@85703ef, com.almasb.fxgl.entity.level.tiled.TiledObject@1a702fc0, com.almasb.fxgl.entity.level.tiled.TiledObject@4b1aef34, com.almasb.fxgl.entity.level.tiled.TiledObject@6000bebb, com.almasb.fxgl.entity.level.tiled.TiledObject@5078812f, com.almasb.fxgl.entity.level.tiled.TiledObject@4bedaacf, com.almasb.fxgl.entity.level.tiled.TiledObject@57129fc9, com.almasb.fxgl.entity.level.tiled.TiledObject@328206f6, com.almasb.fxgl.entity.level.tiled.TiledObject@26678870, com.almasb.fxgl.entity.level.tiled.TiledObject@7af5a1, com.almasb.fxgl.entity.level.tiled.TiledObject@4355ceb0, com.almasb.fxgl.entity.level.tiled.TiledObject@61c2d59a, com.almasb.fxgl.entity.level.tiled.TiledObject@7b7ce5da, com.almasb.fxgl.entity.level.tiled.TiledObject@2c7cc0e9, com.almasb.fxgl.entity.level.tiled.TiledObject@4131bb98, com.almasb.fxgl.entity.level.tiled.TiledObject@36a8c821, com.almasb.fxgl.entity.level.tiled.TiledObject@2a66a91b], opacity=0.0, draworder=)], tilesets=[Tileset(firstgid=1, image=tiles_spritesheet.png, name=tiles_spritesheet, tilewidth=70, tileheight=70, imagewidth=914, imageheight=936, margin=0, spacing=2, columns=12, tilecount=156, transparentcolor=, tiles=[])], backgroundcolor=, renderorder=right-down, nextobjectid=20, version=1, tiledversion=1.0.1, type=map, infinite=false, hexsidelength=0, staggeraxis=, staggerindex=, properties={}, propertytypes={})
13:06:42.890 [FXGL Background Thread 1 ] DEBUG TMXLevelLoader       - Creating tile layer entities
13:06:42.894 [FXGL Background Thread 1 ] DEBUG TilesetLoader        - Loading view for layer Tile Layer 1
13:06:42.924 [FXGL Background Thread 1 ] DEBUG TilesetLoader        - Created buffer with size 1050.0x700.0
13:06:43.075 [FXGL Background Thread 1 ] DEBUG TilesetLoader        - Writing to buffer: dst=0,0, w=70,h=70, src=576,864
13:06:43.077 [FXGL Background Thread 1 ] DEBUG TilesetLoader        - Writing to buffer: dst=0,70, w=70,h=70, src=576,864
13:06:43.077 [FXGL Background Thread 1 ] DEBUG TilesetLoader        - Writing to buffer: dst=70,70, w=70,h=70, src=72,0
13:06:43.078 [FXGL Background Thread 1 ] DEBUG TilesetLoader        - Writing to buffer: dst=280,70, w=70,h=70, src=576,360
13:06:43.078 [FXGL Background Thread 1 ] DEBUG TilesetLoader        - Writing to buffer: dst=350,70, w=70,h=70, src=576,288
13:06:43.079 [FXGL Background Thread 1 ] DEBUG TilesetLoader        - Writing to buffer: dst=420,70, w=70,h=70, src=576,216
13:06:43.079 [FXGL Background Thread 1 ] DEBUG TilesetLoader        - Writing to buffer: dst=0,140, w=70,h=70, src=576,864
13:06:43.080 [FXGL Background Thread 1 ] DEBUG TilesetLoader        - Writing to buffer: dst=70,140, w=70,h=70, src=648,0
13:06:43.080 [FXGL Background Thread 1 ] DEBUG TilesetLoader        - Writing to buffer: dst=0,210, w=70,h=70, src=576,864
13:06:43.081 [FXGL Background Thread 1 ] DEBUG TilesetLoader        - Writing to buffer: dst=70,210, w=70,h=70, src=576,864
13:06:43.082 [FXGL Background Thread 1 ] DEBUG TilesetLoader        - Writing to buffer: dst=560,210, w=70,h=70, src=144,72
13:06:43.082 [FXGL Background Thread 1 ] DEBUG TilesetLoader        - Writing to buffer: dst=630,210, w=70,h=70, src=144,0
13:06:43.086 [FXGL Background Thread 1 ] DEBUG TilesetLoader        - Writing to buffer: dst=700,210, w=70,h=70, src=144,0
13:06:43.087 [FXGL Background Thread 1 ] DEBUG TilesetLoader        - Writing to buffer: dst=770,210, w=70,h=70, src=144,144
13:06:43.087 [FXGL Background Thread 1 ] DEBUG TilesetLoader        - Writing to buffer: dst=0,280, w=70,h=70, src=576,864
13:06:43.088 [FXGL Background Thread 1 ] DEBUG TilesetLoader        - Writing to buffer: dst=70,280, w=70,h=70, src=576,864
13:06:43.091 [FXGL Background Thread 1 ] DEBUG TilesetLoader        - Writing to buffer: dst=0,350, w=70,h=70, src=576,864
13:06:43.092 [FXGL Background Thread 1 ] DEBUG TilesetLoader        - Writing to buffer: dst=70,350, w=70,h=70, src=576,864
13:06:43.093 [FXGL Background Thread 1 ] DEBUG TilesetLoader        - Writing to buffer: dst=980,350, w=70,h=70, src=504,648
13:06:43.093 [FXGL Background Thread 1 ] DEBUG TilesetLoader        - Writing to buffer: dst=0,420, w=70,h=70, src=576,864
13:06:43.093 [FXGL Background Thread 1 ] DEBUG TilesetLoader        - Writing to buffer: dst=70,420, w=70,h=70, src=576,864
13:06:43.094 [FXGL Background Thread 1 ] DEBUG TilesetLoader        - Writing to buffer: dst=560,420, w=70,h=70, src=144,72
13:06:43.094 [FXGL Background Thread 1 ] DEBUG TilesetLoader        - Writing to buffer: dst=630,420, w=70,h=70, src=144,0
13:06:43.095 [FXGL Background Thread 1 ] DEBUG TilesetLoader        - Writing to buffer: dst=700,420, w=70,h=70, src=144,0
13:06:43.095 [FXGL Background Thread 1 ] DEBUG TilesetLoader        - Writing to buffer: dst=770,420, w=70,h=70, src=144,144
13:06:43.096 [FXGL Background Thread 1 ] DEBUG TilesetLoader        - Writing to buffer: dst=910,420, w=70,h=70, src=504,648
13:06:43.097 [FXGL Background Thread 1 ] DEBUG TilesetLoader        - Writing to buffer: dst=980,420, w=70,h=70, src=576,864
13:06:43.097 [FXGL Background Thread 1 ] DEBUG TilesetLoader        - Writing to buffer: dst=0,490, w=70,h=70, src=576,864
13:06:43.098 [FXGL Background Thread 1 ] DEBUG TilesetLoader        - Writing to buffer: dst=70,490, w=70,h=70, src=576,864
13:06:43.099 [FXGL Background Thread 1 ] DEBUG TilesetLoader        - Writing to buffer: dst=280,490, w=70,h=70, src=576,360
13:06:43.099 [FXGL Background Thread 1 ] DEBUG TilesetLoader        - Writing to buffer: dst=350,490, w=70,h=70, src=576,432
13:06:43.099 [FXGL Background Thread 1 ] DEBUG TilesetLoader        - Writing to buffer: dst=420,490, w=70,h=70, src=576,288
13:06:43.100 [FXGL Background Thread 1 ] DEBUG TilesetLoader        - Writing to buffer: dst=910,490, w=70,h=70, src=576,864
13:06:43.101 [FXGL Background Thread 1 ] DEBUG TilesetLoader        - Writing to buffer: dst=980,490, w=70,h=70, src=576,864
13:06:43.102 [FXGL Background Thread 1 ] DEBUG TilesetLoader        - Writing to buffer: dst=0,560, w=70,h=70, src=576,864
13:06:43.102 [FXGL Background Thread 1 ] DEBUG TilesetLoader        - Writing to buffer: dst=70,560, w=70,h=70, src=576,864
13:06:43.103 [FXGL Background Thread 1 ] DEBUG TilesetLoader        - Writing to buffer: dst=910,560, w=70,h=70, src=576,864
13:06:43.103 [FXGL Background Thread 1 ] DEBUG TilesetLoader        - Writing to buffer: dst=980,560, w=70,h=70, src=576,864
13:06:43.104 [FXGL Background Thread 1 ] DEBUG TilesetLoader        - Writing to buffer: dst=0,630, w=70,h=70, src=576,864
13:06:43.104 [FXGL Background Thread 1 ] DEBUG TilesetLoader        - Writing to buffer: dst=70,630, w=70,h=70, src=576,864
13:06:43.105 [FXGL Background Thread 1 ] DEBUG TilesetLoader        - Writing to buffer: dst=140,630, w=70,h=70, src=648,0
13:06:43.105 [FXGL Background Thread 1 ] DEBUG TilesetLoader        - Writing to buffer: dst=210,630, w=70,h=70, src=576,576
13:06:43.106 [FXGL Background Thread 1 ] DEBUG TilesetLoader        - Writing to buffer: dst=490,630, w=70,h=70, src=576,720
13:06:43.106 [FXGL Background Thread 1 ] DEBUG TilesetLoader        - Writing to buffer: dst=560,630, w=70,h=70, src=576,576
13:06:43.107 [FXGL Background Thread 1 ] DEBUG TilesetLoader        - Writing to buffer: dst=840,630, w=70,h=70, src=576,720
13:06:43.107 [FXGL Background Thread 1 ] DEBUG TilesetLoader        - Writing to buffer: dst=910,630, w=70,h=70, src=576,864
13:06:43.108 [FXGL Background Thread 1 ] DEBUG TilesetLoader        - Writing to buffer: dst=980,630, w=70,h=70, src=576,864
13:06:43.109 [FXGL Background Thread 1 ] DEBUG TMXLevelLoader       - Creating object layer entities
13:06:43.150 [FXGL Background Thread 1 ] DEBUG FXGLAssetLoaderServi - Loading from file system: file:/C:/Users/jfran/OneDrive%20-%20Hogeschool%20Leiden/IPOSE-Maven/target/classes/assets/textures/star.png
13:06:43.170 [FXGL Background Thread 1 ] DEBUG GameWorld            - Clearing removable entities
13:06:43.172 [FXGL Background Thread 1 ] DEBUG GameWorld            - Setting level: com.almasb.fxgl.entity.level.Level@6742cb23
13:06:43.217 [FXGL Background Thread 1 ] DEBUG FXGLAssetLoaderServi - Loading from file system: file:/C:/Users/jfran/OneDrive%20-%20Hogeschool%20Leiden/IPOSE-Maven/target/classes/assets/textures/girl.png
13:06:43.249 [FXGL Background Thread 1 ] INFO  FXGLApplication      - Game initialization took: 0,611 sec
13:06:43.261 [JavaFX Application Thread] DEBUG Input                - Clearing active input actions
13:06:43.294 [JavaFX Application Thread] DEBUG GameApplicationServi - Removing overlay from FXGLLoadingScene and adding to GameScene
13:06:43.295 [JavaFX Application Thread] DEBUG PrimaryStageWindow   - FXGLLoadingScene -> GameScene
13:06:43.609 [FXGL Background Thread 4 ] DEBUG FXGLAssetLoaderServi - Loading from file system: jar:file:/C:/Users/jfran/.m2/repository/com/github/almasb/fxgl/11.14/fxgl-11.14.jar!/fxglassets/ui/fonts/Abel-Regular.ttf
13:06:43.646 [FXGL Background Thread 4 ] DEBUG FXGLAssetLoaderServi - Loading from file system: jar:file:/C:/Users/jfran/.m2/repository/com/github/almasb/fxgl/11.14/fxgl-11.14.jar!/fxglassets/ui/fonts/lucida_console.ttf
13:06:43.689 [FXGL Background Thread 4 ] DEBUG FXGLAssetLoaderServi - Loading from file system: jar:file:/C:/Users/jfran/.m2/repository/com/github/almasb/fxgl/11.14/fxgl-11.14.jar!/fxglassets/ui/fonts/Courier-Prime.ttf
13:06:43.737 [JavaFX Application Thread] DEBUG FXGLApplication      - Registering font factories with UI factory
13:06:44.544 [FXGL Background Thread 2 ] INFO  UpdaterService       - Your current version:  11.14
13:06:44.544 [FXGL Background Thread 2 ] INFO  UpdaterService       - Latest stable version: 17.1
13:06:45.362 [FXGL Background Thread 3 ] DEBUG Engine               - Logging environment variables
13:06:45.363 [FXGL Background Thread 3 ] DEBUG Engine               - achievements: []
13:06:45.367 [FXGL Background Thread 3 ] DEBUG Engine               - actualHeight: 700.0
13:06:45.369 [FXGL Background Thread 3 ] DEBUG Engine               - actualHeightProperty: ReadOnlyDoubleProperty [value: 700.0]
13:06:45.369 [FXGL Background Thread 3 ] DEBUG Engine               - actualWidth: 1050.0
13:06:45.370 [FXGL Background Thread 3 ] DEBUG Engine               - actualWidthProperty: ReadOnlyDoubleProperty [value: 1050.0]
13:06:45.370 [FXGL Background Thread 3 ] DEBUG Engine               - appIcon: fxgl_icon.png
13:06:45.370 [FXGL Background Thread 3 ] DEBUG Engine               - applicationMode: DEVELOPER
13:06:45.370 [FXGL Background Thread 3 ] DEBUG Engine               - cSSList: [fxgl_dark.css]
13:06:45.371 [FXGL Background Thread 3 ] DEBUG Engine               - collisionDetectionStrategy: BRUTE_FORCE
13:06:45.371 [FXGL Background Thread 3 ] DEBUG Engine               - configClass: Optional.empty
13:06:45.371 [FXGL Background Thread 3 ] DEBUG Engine               - credits: []
13:06:45.371 [FXGL Background Thread 3 ] DEBUG Engine               - devBBoxColorProperty: ObjectProperty [value: 0xff0000ff]
13:06:45.372 [FXGL Background Thread 3 ] DEBUG Engine               - devEnableDebugCameraProperty: BooleanProperty [value: false]
13:06:45.373 [FXGL Background Thread 3 ] DEBUG Engine               - devSensorColorProperty: ObjectProperty [value: 0xffff00ff]
13:06:45.373 [FXGL Background Thread 3 ] DEBUG Engine               - devShowBBoxProperty: BooleanProperty [value: false]
13:06:45.373 [FXGL Background Thread 3 ] DEBUG Engine               - devShowPositionProperty: BooleanProperty [value: false]
13:06:45.373 [FXGL Background Thread 3 ] DEBUG Engine               - enabledMenuItems: []
13:06:45.374 [FXGL Background Thread 3 ] DEBUG Engine               - engineServices: [class com.almasb.fxgl.app.services.FXGLAssetLoaderService, class com.almasb.fxgl.app.FXGLApplication$GameApplicationService, class com.almasb.fxgl.app.services.FXGLDialogService, class com.almasb.fxgl.app.services.IOTaskExecutorService, class com.almasb.fxgl.event.EventBusService, class com.almasb.fxgl.io.FileSystemService, class com.almasb.fxgl.localization.LocalizationService, class com.almasb.fxgl.app.services.SystemBundleService, class com.almasb.fxgl.profile.SaveLoadService, class com.almasb.fxgl.ui.FXGLUIFactoryServiceProvider, class com.almasb.fxgl.ui.FXGLDialogFactoryServiceProvider, class com.almasb.fxgl.audio.AudioPlayer, class com.almasb.fxgl.notification.impl.NotificationServiceProvider, class com.almasb.fxgl.achievement.AchievementService, class com.almasb.fxgl.cutscene.CutsceneService, class com.almasb.fxgl.minigames.MiniGameService, class com.almasb.fxgl.net.NetService, class com.almasb.fxgl.app.services.UpdaterService, class com.almasb.fxgl.dev.DevService]
13:06:45.374 [FXGL Background Thread 3 ] DEBUG Engine               - fontGame: Abel-Regular.ttf
13:06:45.374 [FXGL Background Thread 3 ] DEBUG Engine               - fontMono: lucida_console.ttf
13:06:45.374 [FXGL Background Thread 3 ] DEBUG Engine               - fontText: Courier-Prime.ttf
13:06:45.375 [FXGL Background Thread 3 ] DEBUG Engine               - fontUI: VarelaRound-Regular.ttf
13:06:45.375 [FXGL Background Thread 3 ] DEBUG Engine               - fullScreen: BooleanProperty [value: false]
13:06:45.375 [FXGL Background Thread 3 ] DEBUG Engine               - gameDifficulty: MEDIUM
13:06:45.376 [FXGL Background Thread 3 ] DEBUG Engine               - gameDifficultyProperty: ObjectProperty [value: MEDIUM]
13:06:45.376 [FXGL Background Thread 3 ] DEBUG Engine               - globalMusicVolume: 0.5
13:06:45.377 [FXGL Background Thread 3 ] DEBUG Engine               - globalMusicVolumeProperty: DoubleProperty [value: 0.5]
13:06:45.377 [FXGL Background Thread 3 ] DEBUG Engine               - globalSoundVolume: 0.5
13:06:45.377 [FXGL Background Thread 3 ] DEBUG Engine               - globalSoundVolumeProperty: DoubleProperty [value: 0.5]
13:06:45.378 [FXGL Background Thread 3 ] DEBUG Engine               - height: 700
13:06:45.378 [FXGL Background Thread 3 ] DEBUG Engine               - isAndroid: false
13:06:45.378 [FXGL Background Thread 3 ] DEBUG Engine               - isBrowser: false
13:06:45.379 [FXGL Background Thread 3 ] DEBUG Engine               - isClickFeedbackEnabled: false
13:06:45.379 [FXGL Background Thread 3 ] DEBUG Engine               - isCloseConfirmation: false
13:06:45.380 [FXGL Background Thread 3 ] DEBUG Engine               - isDesktop: true
13:06:45.380 [FXGL Background Thread 3 ] DEBUG Engine               - isDeveloperMenuEnabled: false
13:06:45.382 [FXGL Background Thread 3 ] DEBUG Engine               - isEntityPreloadEnabled: true
13:06:45.385 [FXGL Background Thread 3 ] DEBUG Engine               - isExperimental3D: false
13:06:45.385 [FXGL Background Thread 3 ] DEBUG Engine               - isExperimentalNative: false
13:06:45.386 [FXGL Background Thread 3 ] DEBUG Engine               - isExperimentalTiledLargeMap: false
13:06:45.386 [FXGL Background Thread 3 ] DEBUG Engine               - isFileSystemWriteAllowed: true
13:06:45.386 [FXGL Background Thread 3 ] DEBUG Engine               - isFullScreenAllowed: false
13:06:45.387 [FXGL Background Thread 3 ] DEBUG Engine               - isFullScreenFromStart: false
13:06:45.387 [FXGL Background Thread 3 ] DEBUG Engine               - isGameMenuEnabled: true
13:06:45.388 [FXGL Background Thread 3 ] DEBUG Engine               - isIOS: false
13:06:45.388 [FXGL Background Thread 3 ] DEBUG Engine               - isIntroEnabled: false
13:06:45.388 [FXGL Background Thread 3 ] DEBUG Engine               - isLinux: false
13:06:45.388 [FXGL Background Thread 3 ] DEBUG Engine               - isMac: false
13:06:45.389 [FXGL Background Thread 3 ] DEBUG Engine               - isMainMenuEnabled: false
13:06:45.389 [FXGL Background Thread 3 ] DEBUG Engine               - isManualResizeEnabled: false
13:06:45.389 [FXGL Background Thread 3 ] DEBUG Engine               - isMobile: false
13:06:45.390 [FXGL Background Thread 3 ] DEBUG Engine               - isPreserveResizeRatio: false
13:06:45.390 [FXGL Background Thread 3 ] DEBUG Engine               - isProfilingEnabled: false
13:06:45.391 [FXGL Background Thread 3 ] DEBUG Engine               - isScaleAffectedOnResize: true
13:06:45.391 [FXGL Background Thread 3 ] DEBUG Engine               - isSingleStep: false
13:06:45.391 [FXGL Background Thread 3 ] DEBUG Engine               - isUserProfileEnabled: false
13:06:45.391 [FXGL Background Thread 3 ] DEBUG Engine               - isWindows: true
13:06:45.391 [FXGL Background Thread 3 ] DEBUG Engine               - language: ObjectProperty [value: ENGLISH]
13:06:45.391 [FXGL Background Thread 3 ] DEBUG Engine               - menuKey: ESCAPE
13:06:45.392 [FXGL Background Thread 3 ] DEBUG Engine               - notificationViewClass: class com.almasb.fxgl.notification.view.XboxNotificationView
13:06:45.392 [FXGL Background Thread 3 ] DEBUG Engine               - pixelsPerMeter: 50.0
13:06:45.392 [FXGL Background Thread 3 ] DEBUG Engine               - platform: WINDOWS
13:06:45.393 [FXGL Background Thread 3 ] DEBUG Engine               - prefHeightProperty: ReadOnlyDoubleProperty [value: 700.0]
13:06:45.393 [FXGL Background Thread 3 ] DEBUG Engine               - prefWidthProperty: ReadOnlyDoubleProperty [value: 1050.0]
13:06:45.394 [FXGL Background Thread 3 ] DEBUG Engine               - profileDir: profiles/
13:06:45.394 [FXGL Background Thread 3 ] DEBUG Engine               - profileName: StringProperty [value: DEFAULT]
13:06:45.394 [FXGL Background Thread 3 ] DEBUG Engine               - randomSeed: -1
13:06:45.395 [FXGL Background Thread 3 ] DEBUG Engine               - runtimeInfo: RuntimeInfo(platform=WINDOWS, version=11.14, build=01.03.2021 16.59)
13:06:45.395 [FXGL Background Thread 3 ] DEBUG Engine               - saveFileExt: sav
13:06:45.395 [FXGL Background Thread 3 ] DEBUG Engine               - scaledHeightProp$fxgl: DoubleProperty [bound, value: 700.0]
13:06:45.395 [FXGL Background Thread 3 ] DEBUG Engine               - scaledWidthProp$fxgl: DoubleProperty [bound, value: 1050.0]
13:06:45.395 [FXGL Background Thread 3 ] DEBUG Engine               - sceneFactory: com.almasb.fxgl.app.scene.SceneFactory@6327b54d
13:06:45.396 [FXGL Background Thread 3 ] DEBUG Engine               - secondsIn24h: 60
13:06:45.396 [FXGL Background Thread 3 ] DEBUG Engine               - soundMenuBack: menu/back.wav
13:06:45.398 [FXGL Background Thread 3 ] DEBUG Engine               - soundMenuPress: menu/press.wav
13:06:45.401 [FXGL Background Thread 3 ] DEBUG Engine               - soundMenuSelect: menu/select.wav
13:06:45.402 [FXGL Background Thread 3 ] DEBUG Engine               - soundNotification: core/notification.wav
13:06:45.403 [FXGL Background Thread 3 ] DEBUG Engine               - stageStyle: DECORATED
13:06:45.403 [FXGL Background Thread 3 ] DEBUG Engine               - supportedLanguages: [ENGLISH, FRENCH, GERMAN, HUNGARIAN, RUSSIAN]
13:06:45.403 [FXGL Background Thread 3 ] DEBUG Engine               - ticksPerSecond: -1
13:06:45.404 [FXGL Background Thread 3 ] DEBUG Engine               - title: Demo game
13:06:45.404 [FXGL Background Thread 3 ] DEBUG Engine               - urlGithub: https://github.com/AlmasB/FXGL
13:06:45.404 [FXGL Background Thread 3 ] DEBUG Engine               - urlLeaderboard: http://fxgl-top.herokuapp.com/
13:06:45.404 [FXGL Background Thread 3 ] DEBUG Engine               - urlPOM: https://raw.githubusercontent.com/AlmasB/FXGL/release/README.md
13:06:45.405 [FXGL Background Thread 3 ] DEBUG Engine               - userAppClass: class Game
13:06:45.405 [FXGL Background Thread 3 ] DEBUG Engine               - version: 1.2
13:06:45.405 [FXGL Background Thread 3 ] DEBUG Engine               - versionCheckDays: 7
13:06:45.405 [FXGL Background Thread 3 ] DEBUG Engine               - width: 1050
13:06:45.405 [FXGL Background Thread 3 ] DEBUG Engine               - Logging services
13:06:45.406 [FXGL Background Thread 3 ] DEBUG Engine               - class com.almasb.fxgl.app.services.FXGLAssetLoaderService
13:06:45.406 [FXGL Background Thread 3 ] DEBUG Engine               - class com.almasb.fxgl.app.FXGLApplication$GameApplicationService
13:06:45.406 [FXGL Background Thread 3 ] DEBUG Engine               - class com.almasb.fxgl.app.services.FXGLDialogService
13:06:45.407 [FXGL Background Thread 3 ] DEBUG Engine               - class com.almasb.fxgl.app.services.IOTaskExecutorService
13:06:45.407 [FXGL Background Thread 3 ] DEBUG Engine               - class com.almasb.fxgl.event.EventBusService
13:06:45.407 [FXGL Background Thread 3 ] DEBUG Engine               - class com.almasb.fxgl.io.FileSystemService
13:06:45.408 [FXGL Background Thread 3 ] DEBUG Engine               - class com.almasb.fxgl.localization.LocalizationService
13:06:45.408 [FXGL Background Thread 3 ] DEBUG Engine               - class com.almasb.fxgl.app.services.SystemBundleService
13:06:45.409 [FXGL Background Thread 3 ] DEBUG Engine               - class com.almasb.fxgl.profile.SaveLoadService
13:06:45.409 [FXGL Background Thread 3 ] DEBUG Engine               - class com.almasb.fxgl.ui.FXGLUIFactoryServiceProvider
13:06:45.409 [FXGL Background Thread 3 ] DEBUG Engine               - class com.almasb.fxgl.ui.FXGLDialogFactoryServiceProvider
13:06:45.410 [FXGL Background Thread 3 ] DEBUG Engine               - class com.almasb.fxgl.audio.AudioPlayer
13:06:45.410 [FXGL Background Thread 3 ] DEBUG Engine               - class com.almasb.fxgl.notification.impl.NotificationServiceProvider
13:06:45.410 [FXGL Background Thread 3 ] DEBUG Engine               - class com.almasb.fxgl.achievement.AchievementService
13:06:45.411 [FXGL Background Thread 3 ] DEBUG Engine               - class com.almasb.fxgl.cutscene.CutsceneService
13:06:45.411 [FXGL Background Thread 3 ] DEBUG Engine               - class com.almasb.fxgl.minigames.MiniGameService
13:06:45.411 [FXGL Background Thread 3 ] DEBUG Engine               - class com.almasb.fxgl.net.NetService
13:06:45.411 [FXGL Background Thread 3 ] DEBUG Engine               - class com.almasb.fxgl.app.services.UpdaterService
13:06:45.412 [FXGL Background Thread 3 ] DEBUG Engine               - class com.almasb.fxgl.dev.DevService
13:06:54.763 [JavaFX Application Thread] DEBUG FXGLApplication      - Exiting FXGL
13:06:54.763 [JavaFX Application Thread] DEBUG LoopRunner           - Stopping loop
13:06:54.764 [JavaFX Application Thread] DEBUG SystemBundleService  - Saving FXGL system data
13:06:54.772 [JavaFX Application Thread] DEBUG FileSystemAccess     - Writing to: C:\Users\jfran\OneDrive - Hogeschool Leiden\IPOSE-Maven\system\fxgl.bundle
13:06:54.775 [JavaFX Application Thread] DEBUG Async                - Shutting down background threads
13:06:54.776 [JavaFX Application Thread] DEBUG PrimaryStageWindow   - Closing main window
13:06:54.808 [JavaFX Application Thread] DEBUG Logger               - Closing Logger
