21:53:19.162 [main                     ] DEBUG Logger               - Configured Logger
21:53:19.202 [main                     ] DEBUG GameApplication      - Logging settings
Title: Demo game
Version: 1.0
Width: 800
Height: 800
Fullscreen: false
Intro: false
Profiling: false
Single step:false
App Mode: DEVELOPER
Menu Key: ESCAPE
Stage Style: DECORATED
Scene Factory: class com.almasb.fxgl.app.scene.SceneFactory

21:53:20.046 [JavaFX Application Thread] DEBUG FXGLApplication      - Initializing FXGL
21:53:20.051 [JavaFX Application Thread] INFO  Engine               - FXGL-11.14 (01.03.2021 16.59) on WINDOWS (J:15.0.2 FX:15)
21:53:20.051 [JavaFX Application Thread] DEBUG Engine               - JRE Vendor Name: Amazon.com Inc.
21:53:20.052 [JavaFX Application Thread] DEBUG Engine               - Running on OS: Windows 10 version 10.0
21:53:20.052 [JavaFX Application Thread] DEBUG Engine               - Architecture: amd64
21:53:20.052 [JavaFX Application Thread] INFO  Engine               - Source code and latest versions at: https://github.com/AlmasB/FXGL
21:53:20.052 [JavaFX Application Thread] INFO  Engine               -              Join the FXGL chat at: https://gitter.im/AlmasB/FXGL
21:53:20.245 [JavaFX Application Thread] DEBUG PrimaryStageWindow   - Creating a JavaFX scene
21:53:20.371 [JavaFX Application Thread] DEBUG PrimaryStageWindow   - Target settings size: 800.0 x 800.0
21:53:20.373 [JavaFX Application Thread] DEBUG PrimaryStageWindow   - Scaled scene size:    800.0 x 800.0
21:53:20.374 [JavaFX Application Thread] DEBUG PrimaryStageWindow   - Scaled ratio: (1.0, 1.0)
21:53:20.377 [JavaFX Application Thread] DEBUG PrimaryStageWindow   - Set initial scene to FXGLStartupScene
21:53:20.388 [JavaFX Application Thread] DEBUG PrimaryStageWindow   - Opening main window
21:53:20.513 [JavaFX Application Thread] DEBUG PrimaryStageWindow   - Window border size: (14.4000244140625, 37.5999755859375)
21:53:20.514 [JavaFX Application Thread] DEBUG PrimaryStageWindow   - Scaled size: 800.0 x 800.0
21:53:20.514 [JavaFX Application Thread] DEBUG PrimaryStageWindow   - Scaled ratio: (1.0, 1.0)
21:53:20.514 [JavaFX Application Thread] DEBUG PrimaryStageWindow   - Scene size: 800.0 x 800.0
21:53:20.514 [JavaFX Application Thread] DEBUG PrimaryStageWindow   - Stage size: 814.4000244140625 x 837.5999755859375
21:53:20.572 [FXGL Background Thread 1 ] DEBUG Engine               - Initializing environment variables
21:53:20.608 [FXGL Background Thread 1 ] DEBUG FXGLAssetLoaderServi - User app class for loading assets: class Game
21:53:20.608 [FXGL Background Thread 1 ] DEBUG GameApplicationServi - Applying CSS: fxgl_dark.css
21:53:20.609 [FXGL Background Thread 1 ] DEBUG FXGLAssetLoaderServi - Loading from file system: jar:file:/C:/Users/Eigenaar/.m2/repository/com/github/almasb/fxgl/11.14/fxgl-11.14.jar!/fxglassets/ui/css/fxgl_dark.css
21:53:20.669 [FXGL Background Thread 1 ] DEBUG GameApplicationServi - Initializing application scenes
21:53:20.744 [FXGL Background Thread 1 ] DEBUG GameWorld            - Game world initialized
21:53:20.810 [FXGL Background Thread 1 ] DEBUG PhysicsWorld         - Physics world initialized: appHeight=800, physics.ppm=50,0
21:53:20.810 [FXGL Background Thread 1 ] DEBUG PhysicsWorld         - Using strategy: BRUTE_FORCE
21:53:20.812 [FXGL Background Thread 1 ] DEBUG GameScene            - Game scene initialized: 800x800
21:53:20.858 [FXGL Background Thread 1 ] DEBUG FXGLAssetLoaderServi - Loading from file system: jar:file:/C:/Users/Eigenaar/.m2/repository/com/github/almasb/fxgl/11.14/fxgl-11.14.jar!/fxglassets/textures/particles/trace_horizontal.png
21:53:20.916 [FXGL Background Thread 1 ] DEBUG FXGL.DefaultMenu     - createMenuBodyGameMenu()
21:53:20.935 [FXGL Background Thread 1 ] DEBUG FXGL.DefaultMenu     - createOptionsMenu()
21:53:20.942 [FXGL Background Thread 1 ] DEBUG FXGLAssetLoaderServi - Loading from file system: jar:file:/C:/Users/Eigenaar/.m2/repository/com/github/almasb/fxgl/11.14/fxgl-11.14.jar!/fxglassets/textures/particles/smoke.png
21:53:21.011 [FXGL Background Thread 1 ] DEBUG GameApplicationServi - Application scenes initialized
21:53:21.024 [FXGL Background Thread 1 ] DEBUG SystemBundleService  - Loading FXGL system data
21:53:21.029 [FXGL Background Thread 1 ] DEBUG FileSystemAccess     - Reading from: C:\Users\Eigenaar\OneDrive - Hogeschool Leiden\IPOSE-Maven\system\fxgl.bundle
21:53:21.037 [FXGL Background Thread 1 ] DEBUG SystemBundleService  - Bundle FXGL: {}
21:53:21.038 [FXGL Background Thread 1 ] DEBUG UpdaterService       - Checking for updates
21:53:21.044 [FXGL Background Thread 1 ] DEBUG FXGLApplication      - Loading default localization
21:53:21.054 [FXGL Background Thread 4 ] DEBUG FXGLApplication      - Loading fonts
21:53:21.055 [FXGL Background Thread 4 ] DEBUG FXGLAssetLoaderServi - Loading from file system: jar:file:/C:/Users/Eigenaar/.m2/repository/com/github/almasb/fxgl/11.14/fxgl-11.14.jar!/fxglassets/ui/fonts/VarelaRound-Regular.ttf
21:53:21.073 [FXGL Background Thread 1 ] DEBUG FXGLAssetLoaderServi - Loading from file system: jar:file:/C:/Users/Eigenaar/.m2/repository/com/github/almasb/fxgl/11.14/fxgl-11.14.jar!/fxglassets/languages/english.lang
21:53:21.091 [FXGL Background Thread 1 ] INFO  FXGLApplication      - FXGL initialization took: 0,518 sec
21:53:21.101 [JavaFX Application Thread] DEBUG Input                - Registered new binding: action0 - D
21:53:21.102 [JavaFX Application Thread] DEBUG Input                - Registered new binding: action1 - A
21:53:21.102 [JavaFX Application Thread] DEBUG Input                - Registered new binding: action2 - W
21:53:21.103 [JavaFX Application Thread] DEBUG Input                - Registered new binding: action3 - S
21:53:21.104 [JavaFX Application Thread] DEBUG FXGLAssetLoaderServi - Loading from file system: jar:file:/C:/Users/Eigenaar/.m2/repository/com/github/almasb/fxgl/11.14/fxgl-11.14.jar!/fxglassets/textures/fxgl_icon.png
21:53:21.127 [JavaFX Application Thread] DEBUG FXGLAssetLoaderServi - Loading from file system: jar:file:/C:/Users/Eigenaar/.m2/repository/com/github/almasb/fxgl/11.14/fxgl-11.14.jar!/fxglassets/ui/cursors/fxgl_default.png
21:53:21.129 [JavaFX Application Thread] DEBUG Input                - Registered new binding: Screenshot - P
21:53:21.130 [JavaFX Application Thread] DEBUG Input                - Registered new binding: System info dump - CTRL+9
21:53:21.133 [JavaFX Application Thread] DEBUG Input                - Registered new binding: Restart - CTRL+R
21:53:21.135 [JavaFX Application Thread] DEBUG Input                - Registered new binding: Toggle Debug Camera - CTRL+C
21:53:21.137 [JavaFX Application Thread] DEBUG LoopRunner           - Starting loop
21:53:21.138 [JavaFX Application Thread] DEBUG LoopRunner           - Initializing JavaFX AnimationTimerLoop
21:53:21.139 [JavaFX Application Thread] DEBUG GameApplicationServi - Starting new game
21:53:21.140 [JavaFX Application Thread] DEBUG Input                - Clearing active input actions
21:53:21.180 [JavaFX Application Thread] DEBUG GameApplicationServi - Removing overlay from FXGLStartupScene and adding to FXGLLoadingScene
21:53:21.181 [JavaFX Application Thread] DEBUG PrimaryStageWindow   - FXGLStartupScene -> FXGLLoadingScene
21:53:21.186 [JavaFX Application Thread] DEBUG GameApplicationServi - Clearing previous game
21:53:21.187 [JavaFX Application Thread] DEBUG GameScene            - Clearing game scene
21:53:21.195 [JavaFX Application Thread] DEBUG GameWorld            - Clearing game world
21:53:21.195 [JavaFX Application Thread] DEBUG PhysicsWorld         - Clearing physics world
21:53:21.198 [FXGL Background Thread 1 ] DEBUG FXGLApplication      - Initializing game
21:53:21.204 [FXGL Background Thread 1 ] DEBUG FXGLAssetLoaderServi - Loading from file system: file:/C:/Users/Eigenaar/OneDrive%20-%20Hogeschool%20Leiden/IPOSE-Maven/target/classes/assets/textures/madotsuki.png
21:53:21.263 [FXGL Background Thread 1 ] INFO  FXGLApplication      - Game initialization took: 0,065 sec
21:53:21.326 [JavaFX Application Thread] DEBUG Input                - Clearing active input actions
21:53:21.343 [JavaFX Application Thread] DEBUG GameApplicationServi - Removing overlay from FXGLLoadingScene and adding to GameScene
21:53:21.343 [JavaFX Application Thread] DEBUG PrimaryStageWindow   - FXGLLoadingScene -> GameScene
21:53:21.587 [FXGL Background Thread 4 ] DEBUG FXGLAssetLoaderServi - Loading from file system: jar:file:/C:/Users/Eigenaar/.m2/repository/com/github/almasb/fxgl/11.14/fxgl-11.14.jar!/fxglassets/ui/fonts/Abel-Regular.ttf
21:53:21.595 [FXGL Background Thread 4 ] DEBUG FXGLAssetLoaderServi - Loading from file system: jar:file:/C:/Users/Eigenaar/.m2/repository/com/github/almasb/fxgl/11.14/fxgl-11.14.jar!/fxglassets/ui/fonts/lucida_console.ttf
21:53:21.608 [FXGL Background Thread 4 ] DEBUG FXGLAssetLoaderServi - Loading from file system: jar:file:/C:/Users/Eigenaar/.m2/repository/com/github/almasb/fxgl/11.14/fxgl-11.14.jar!/fxglassets/ui/fonts/Courier-Prime.ttf
21:53:21.621 [JavaFX Application Thread] DEBUG FXGLApplication      - Registering font factories with UI factory
21:53:21.845 [FXGL Background Thread 2 ] INFO  UpdaterService       - Your current version:  11.14
21:53:21.861 [FXGL Background Thread 2 ] INFO  UpdaterService       - Latest stable version: 17.1
21:53:24.042 [FXGL Background Thread 3 ] DEBUG Engine               - Logging environment variables
21:53:24.043 [FXGL Background Thread 3 ] DEBUG Engine               - achievements: []
21:53:24.043 [FXGL Background Thread 3 ] DEBUG Engine               - actualHeight: 800.0
21:53:24.043 [FXGL Background Thread 3 ] DEBUG Engine               - actualHeightProperty: ReadOnlyDoubleProperty [value: 800.0]
21:53:24.043 [FXGL Background Thread 3 ] DEBUG Engine               - actualWidth: 800.0
21:53:24.043 [FXGL Background Thread 3 ] DEBUG Engine               - actualWidthProperty: ReadOnlyDoubleProperty [value: 800.0]
21:53:24.043 [FXGL Background Thread 3 ] DEBUG Engine               - appIcon: fxgl_icon.png
21:53:24.044 [FXGL Background Thread 3 ] DEBUG Engine               - applicationMode: DEVELOPER
21:53:24.044 [FXGL Background Thread 3 ] DEBUG Engine               - cSSList: [fxgl_dark.css]
21:53:24.044 [FXGL Background Thread 3 ] DEBUG Engine               - collisionDetectionStrategy: BRUTE_FORCE
21:53:24.044 [FXGL Background Thread 3 ] DEBUG Engine               - configClass: Optional.empty
21:53:24.044 [FXGL Background Thread 3 ] DEBUG Engine               - credits: []
21:53:24.044 [FXGL Background Thread 3 ] DEBUG Engine               - devBBoxColorProperty: ObjectProperty [value: 0xff0000ff]
21:53:24.045 [FXGL Background Thread 3 ] DEBUG Engine               - devEnableDebugCameraProperty: BooleanProperty [value: false]
21:53:24.045 [FXGL Background Thread 3 ] DEBUG Engine               - devSensorColorProperty: ObjectProperty [value: 0xffff00ff]
21:53:24.045 [FXGL Background Thread 3 ] DEBUG Engine               - devShowBBoxProperty: BooleanProperty [value: false]
21:53:24.045 [FXGL Background Thread 3 ] DEBUG Engine               - devShowPositionProperty: BooleanProperty [value: false]
21:53:24.045 [FXGL Background Thread 3 ] DEBUG Engine               - enabledMenuItems: []
21:53:24.045 [FXGL Background Thread 3 ] DEBUG Engine               - engineServices: [class com.almasb.fxgl.app.services.FXGLAssetLoaderService, class com.almasb.fxgl.app.FXGLApplication$GameApplicationService, class com.almasb.fxgl.app.services.FXGLDialogService, class com.almasb.fxgl.app.services.IOTaskExecutorService, class com.almasb.fxgl.event.EventBusService, class com.almasb.fxgl.io.FileSystemService, class com.almasb.fxgl.localization.LocalizationService, class com.almasb.fxgl.app.services.SystemBundleService, class com.almasb.fxgl.profile.SaveLoadService, class com.almasb.fxgl.ui.FXGLUIFactoryServiceProvider, class com.almasb.fxgl.ui.FXGLDialogFactoryServiceProvider, class com.almasb.fxgl.audio.AudioPlayer, class com.almasb.fxgl.notification.impl.NotificationServiceProvider, class com.almasb.fxgl.achievement.AchievementService, class com.almasb.fxgl.cutscene.CutsceneService, class com.almasb.fxgl.minigames.MiniGameService, class com.almasb.fxgl.net.NetService, class com.almasb.fxgl.app.services.UpdaterService, class com.almasb.fxgl.dev.DevService]
21:53:24.046 [FXGL Background Thread 3 ] DEBUG Engine               - fontGame: Abel-Regular.ttf
21:53:24.046 [FXGL Background Thread 3 ] DEBUG Engine               - fontMono: lucida_console.ttf
21:53:24.046 [FXGL Background Thread 3 ] DEBUG Engine               - fontText: Courier-Prime.ttf
21:53:24.046 [FXGL Background Thread 3 ] DEBUG Engine               - fontUI: VarelaRound-Regular.ttf
21:53:24.046 [FXGL Background Thread 3 ] DEBUG Engine               - fullScreen: BooleanProperty [value: false]
21:53:24.046 [FXGL Background Thread 3 ] DEBUG Engine               - gameDifficulty: MEDIUM
21:53:24.046 [FXGL Background Thread 3 ] DEBUG Engine               - gameDifficultyProperty: ObjectProperty [value: MEDIUM]
21:53:24.047 [FXGL Background Thread 3 ] DEBUG Engine               - globalMusicVolume: 0.5
21:53:24.047 [FXGL Background Thread 3 ] DEBUG Engine               - globalMusicVolumeProperty: DoubleProperty [value: 0.5]
21:53:24.047 [FXGL Background Thread 3 ] DEBUG Engine               - globalSoundVolume: 0.5
21:53:24.047 [FXGL Background Thread 3 ] DEBUG Engine               - globalSoundVolumeProperty: DoubleProperty [value: 0.5]
21:53:24.048 [FXGL Background Thread 3 ] DEBUG Engine               - height: 800
21:53:24.048 [FXGL Background Thread 3 ] DEBUG Engine               - isAndroid: false
21:53:24.048 [FXGL Background Thread 3 ] DEBUG Engine               - isBrowser: false
21:53:24.048 [FXGL Background Thread 3 ] DEBUG Engine               - isClickFeedbackEnabled: false
21:53:24.048 [FXGL Background Thread 3 ] DEBUG Engine               - isCloseConfirmation: false
21:53:24.048 [FXGL Background Thread 3 ] DEBUG Engine               - isDesktop: true
21:53:24.049 [FXGL Background Thread 3 ] DEBUG Engine               - isDeveloperMenuEnabled: false
21:53:24.049 [FXGL Background Thread 3 ] DEBUG Engine               - isEntityPreloadEnabled: true
21:53:24.049 [FXGL Background Thread 3 ] DEBUG Engine               - isExperimental3D: false
21:53:24.049 [FXGL Background Thread 3 ] DEBUG Engine               - isExperimentalNative: false
21:53:24.049 [FXGL Background Thread 3 ] DEBUG Engine               - isExperimentalTiledLargeMap: false
21:53:24.049 [FXGL Background Thread 3 ] DEBUG Engine               - isFileSystemWriteAllowed: true
21:53:24.049 [FXGL Background Thread 3 ] DEBUG Engine               - isFullScreenAllowed: false
21:53:24.049 [FXGL Background Thread 3 ] DEBUG Engine               - isFullScreenFromStart: false
21:53:24.049 [FXGL Background Thread 3 ] DEBUG Engine               - isGameMenuEnabled: true
21:53:24.050 [FXGL Background Thread 3 ] DEBUG Engine               - isIOS: false
21:53:24.050 [FXGL Background Thread 3 ] DEBUG Engine               - isIntroEnabled: false
21:53:24.050 [FXGL Background Thread 3 ] DEBUG Engine               - isLinux: false
21:53:24.050 [FXGL Background Thread 3 ] DEBUG Engine               - isMac: false
21:53:24.050 [FXGL Background Thread 3 ] DEBUG Engine               - isMainMenuEnabled: false
21:53:24.050 [FXGL Background Thread 3 ] DEBUG Engine               - isManualResizeEnabled: false
21:53:24.051 [FXGL Background Thread 3 ] DEBUG Engine               - isMobile: false
21:53:24.051 [FXGL Background Thread 3 ] DEBUG Engine               - isPreserveResizeRatio: false
21:53:24.052 [FXGL Background Thread 3 ] DEBUG Engine               - isProfilingEnabled: false
21:53:24.052 [FXGL Background Thread 3 ] DEBUG Engine               - isScaleAffectedOnResize: true
21:53:24.052 [FXGL Background Thread 3 ] DEBUG Engine               - isSingleStep: false
21:53:24.052 [FXGL Background Thread 3 ] DEBUG Engine               - isUserProfileEnabled: false
21:53:24.052 [FXGL Background Thread 3 ] DEBUG Engine               - isWindows: true
21:53:24.053 [FXGL Background Thread 3 ] DEBUG Engine               - language: ObjectProperty [value: ENGLISH]
21:53:24.053 [FXGL Background Thread 3 ] DEBUG Engine               - menuKey: ESCAPE
21:53:24.053 [FXGL Background Thread 3 ] DEBUG Engine               - notificationViewClass: class com.almasb.fxgl.notification.view.XboxNotificationView
21:53:24.053 [FXGL Background Thread 3 ] DEBUG Engine               - pixelsPerMeter: 50.0
21:53:24.053 [FXGL Background Thread 3 ] DEBUG Engine               - platform: WINDOWS
21:53:24.053 [FXGL Background Thread 3 ] DEBUG Engine               - prefHeightProperty: ReadOnlyDoubleProperty [value: 800.0]
21:53:24.053 [FXGL Background Thread 3 ] DEBUG Engine               - prefWidthProperty: ReadOnlyDoubleProperty [value: 800.0]
21:53:24.054 [FXGL Background Thread 3 ] DEBUG Engine               - profileDir: profiles/
21:53:24.054 [FXGL Background Thread 3 ] DEBUG Engine               - profileName: StringProperty [value: DEFAULT]
21:53:24.054 [FXGL Background Thread 3 ] DEBUG Engine               - randomSeed: -1
21:53:24.054 [FXGL Background Thread 3 ] DEBUG Engine               - runtimeInfo: RuntimeInfo(platform=WINDOWS, version=11.14, build=01.03.2021 16.59)
21:53:24.054 [FXGL Background Thread 3 ] DEBUG Engine               - saveFileExt: sav
21:53:24.054 [FXGL Background Thread 3 ] DEBUG Engine               - scaledHeightProp$fxgl: DoubleProperty [bound, value: 800.0]
21:53:24.054 [FXGL Background Thread 3 ] DEBUG Engine               - scaledWidthProp$fxgl: DoubleProperty [bound, value: 800.0]
21:53:24.054 [FXGL Background Thread 3 ] DEBUG Engine               - sceneFactory: com.almasb.fxgl.app.scene.SceneFactory@61f907b5
21:53:24.055 [FXGL Background Thread 3 ] DEBUG Engine               - secondsIn24h: 60
21:53:24.055 [FXGL Background Thread 3 ] DEBUG Engine               - soundMenuBack: menu/back.wav
21:53:24.055 [FXGL Background Thread 3 ] DEBUG Engine               - soundMenuPress: menu/press.wav
21:53:24.055 [FXGL Background Thread 3 ] DEBUG Engine               - soundMenuSelect: menu/select.wav
21:53:24.055 [FXGL Background Thread 3 ] DEBUG Engine               - soundNotification: core/notification.wav
21:53:24.055 [FXGL Background Thread 3 ] DEBUG Engine               - stageStyle: DECORATED
21:53:24.055 [FXGL Background Thread 3 ] DEBUG Engine               - supportedLanguages: [ENGLISH, FRENCH, GERMAN, HUNGARIAN, RUSSIAN]
21:53:24.055 [FXGL Background Thread 3 ] DEBUG Engine               - ticksPerSecond: -1
21:53:24.056 [FXGL Background Thread 3 ] DEBUG Engine               - title: Demo game
21:53:24.056 [FXGL Background Thread 3 ] DEBUG Engine               - urlGithub: https://github.com/AlmasB/FXGL
21:53:24.056 [FXGL Background Thread 3 ] DEBUG Engine               - urlLeaderboard: http://fxgl-top.herokuapp.com/
21:53:24.056 [FXGL Background Thread 3 ] DEBUG Engine               - urlPOM: https://raw.githubusercontent.com/AlmasB/FXGL/release/README.md
21:53:24.056 [FXGL Background Thread 3 ] DEBUG Engine               - userAppClass: class Game
21:53:24.056 [FXGL Background Thread 3 ] DEBUG Engine               - version: 1.0
21:53:24.056 [FXGL Background Thread 3 ] DEBUG Engine               - versionCheckDays: 7
21:53:24.056 [FXGL Background Thread 3 ] DEBUG Engine               - width: 800
21:53:24.056 [FXGL Background Thread 3 ] DEBUG Engine               - Logging services
21:53:24.057 [FXGL Background Thread 3 ] DEBUG Engine               - class com.almasb.fxgl.app.services.FXGLAssetLoaderService
21:53:24.057 [FXGL Background Thread 3 ] DEBUG Engine               - class com.almasb.fxgl.app.FXGLApplication$GameApplicationService
21:53:24.057 [FXGL Background Thread 3 ] DEBUG Engine               - class com.almasb.fxgl.app.services.FXGLDialogService
21:53:24.057 [FXGL Background Thread 3 ] DEBUG Engine               - class com.almasb.fxgl.app.services.IOTaskExecutorService
21:53:24.057 [FXGL Background Thread 3 ] DEBUG Engine               - class com.almasb.fxgl.event.EventBusService
21:53:24.057 [FXGL Background Thread 3 ] DEBUG Engine               - class com.almasb.fxgl.io.FileSystemService
21:53:24.057 [FXGL Background Thread 3 ] DEBUG Engine               - class com.almasb.fxgl.localization.LocalizationService
21:53:24.058 [FXGL Background Thread 3 ] DEBUG Engine               - class com.almasb.fxgl.app.services.SystemBundleService
21:53:24.058 [FXGL Background Thread 3 ] DEBUG Engine               - class com.almasb.fxgl.profile.SaveLoadService
21:53:24.058 [FXGL Background Thread 3 ] DEBUG Engine               - class com.almasb.fxgl.ui.FXGLUIFactoryServiceProvider
21:53:24.058 [FXGL Background Thread 3 ] DEBUG Engine               - class com.almasb.fxgl.ui.FXGLDialogFactoryServiceProvider
21:53:24.058 [FXGL Background Thread 3 ] DEBUG Engine               - class com.almasb.fxgl.audio.AudioPlayer
21:53:24.058 [FXGL Background Thread 3 ] DEBUG Engine               - class com.almasb.fxgl.notification.impl.NotificationServiceProvider
21:53:24.058 [FXGL Background Thread 3 ] DEBUG Engine               - class com.almasb.fxgl.achievement.AchievementService
21:53:24.058 [FXGL Background Thread 3 ] DEBUG Engine               - class com.almasb.fxgl.cutscene.CutsceneService
21:53:24.059 [FXGL Background Thread 3 ] DEBUG Engine               - class com.almasb.fxgl.minigames.MiniGameService
21:53:24.059 [FXGL Background Thread 3 ] DEBUG Engine               - class com.almasb.fxgl.net.NetService
21:53:24.059 [FXGL Background Thread 3 ] DEBUG Engine               - class com.almasb.fxgl.app.services.UpdaterService
21:53:24.059 [FXGL Background Thread 3 ] DEBUG Engine               - class com.almasb.fxgl.dev.DevService
21:53:33.764 [JavaFX Application Thread] DEBUG FXGLApplication      - Exiting FXGL
21:53:33.764 [JavaFX Application Thread] DEBUG LoopRunner           - Stopping loop
21:53:33.764 [JavaFX Application Thread] DEBUG SystemBundleService  - Saving FXGL system data
21:53:33.766 [JavaFX Application Thread] DEBUG FileSystemAccess     - Writing to: C:\Users\Eigenaar\OneDrive - Hogeschool Leiden\IPOSE-Maven\system\fxgl.bundle
21:53:33.768 [JavaFX Application Thread] DEBUG Async                - Shutting down background threads
21:53:33.768 [JavaFX Application Thread] DEBUG PrimaryStageWindow   - Closing main window
21:53:33.805 [JavaFX Application Thread] DEBUG Logger               - Closing Logger
