22:46:27.938 [main                     ] DEBUG Logger               - Configured Logger
22:46:27.962 [main                     ] DEBUG GameApplication      - Logging settings
Title: A Way Out
Version: 1.2
Width: 1050
Height: 640
Fullscreen: false
Intro: false
Profiling: false
Single step:false
App Mode: DEVELOPER
Menu Key: ESCAPE
Stage Style: DECORATED
Scene Factory: class UISceneFactory

22:46:30.009 [JavaFX Application Thread] DEBUG FXGLApplication      - Initializing FXGL
22:46:30.014 [JavaFX Application Thread] INFO  Engine               - FXGL-11.14 (01.03.2021 16.59) on WINDOWS (J:15.0.2 FX:15)
22:46:30.014 [JavaFX Application Thread] DEBUG Engine               - JRE Vendor Name: Amazon.com Inc.
22:46:30.015 [JavaFX Application Thread] DEBUG Engine               - Running on OS: Windows 10 version 10.0
22:46:30.015 [JavaFX Application Thread] DEBUG Engine               - Architecture: amd64
22:46:30.016 [JavaFX Application Thread] INFO  Engine               - Source code and latest versions at: https://github.com/AlmasB/FXGL
22:46:30.016 [JavaFX Application Thread] INFO  Engine               -              Join the FXGL chat at: https://gitter.im/AlmasB/FXGL
22:46:30.292 [JavaFX Application Thread] DEBUG PrimaryStageWindow   - Creating a JavaFX scene
22:46:30.515 [JavaFX Application Thread] DEBUG PrimaryStageWindow   - Target settings size: 1050.0 x 640.0
22:46:30.515 [JavaFX Application Thread] DEBUG PrimaryStageWindow   - Scaled scene size:    1050.0 x 640.0
22:46:30.516 [JavaFX Application Thread] DEBUG PrimaryStageWindow   - Scaled ratio: (1.0, 1.0)
22:46:30.518 [JavaFX Application Thread] DEBUG PrimaryStageWindow   - Set initial scene to FXGLStartupScene
22:46:30.542 [JavaFX Application Thread] DEBUG PrimaryStageWindow   - Opening main window
22:46:30.815 [JavaFX Application Thread] DEBUG PrimaryStageWindow   - Window border size: (14.800048828125, 37.5999755859375)
22:46:30.815 [JavaFX Application Thread] DEBUG PrimaryStageWindow   - Scaled size: 1050.0 x 640.0
22:46:30.815 [JavaFX Application Thread] DEBUG PrimaryStageWindow   - Scaled ratio: (1.0, 1.0)
22:46:30.815 [JavaFX Application Thread] DEBUG PrimaryStageWindow   - Scene size: 1050.0 x 640.0
22:46:30.815 [JavaFX Application Thread] DEBUG PrimaryStageWindow   - Stage size: 1064.800048828125 x 677.5999755859375
22:46:30.846 [FXGL Background Thread 1 ] DEBUG Engine               - Initializing environment variables
22:46:30.914 [FXGL Background Thread 1 ] DEBUG FXGLAssetLoaderServi - User app class for loading assets: class Game
22:46:30.914 [FXGL Background Thread 1 ] DEBUG GameApplicationServi - Applying CSS: fxgl_dark.css
22:46:30.916 [FXGL Background Thread 1 ] DEBUG FXGLAssetLoaderServi - Loading from file system: jar:file:/C:/Users/Eigenaar/.m2/repository/com/github/almasb/fxgl/11.14/fxgl-11.14.jar!/fxglassets/ui/css/fxgl_dark.css
22:46:30.984 [FXGL Background Thread 1 ] DEBUG GameApplicationServi - Initializing application scenes
22:46:31.074 [FXGL Background Thread 1 ] DEBUG GameWorld            - Game world initialized
22:46:31.174 [FXGL Background Thread 1 ] DEBUG PhysicsWorld         - Physics world initialized: appHeight=640, physics.ppm=50,0
22:46:31.175 [FXGL Background Thread 1 ] DEBUG PhysicsWorld         - Using strategy: BRUTE_FORCE
22:46:31.180 [FXGL Background Thread 1 ] DEBUG GameScene            - Game scene initialized: 1050x640
22:46:31.644 [FXGL Background Thread 1 ] DEBUG FXGLAssetLoaderServi - Loading from file system: jar:file:/C:/Users/Eigenaar/.m2/repository/com/github/almasb/fxgl/11.14/fxgl-11.14.jar!/fxglassets/textures/particles/trace_horizontal.png
22:46:31.735 [FXGL Background Thread 1 ] DEBUG FXGL.DefaultMenu     - createMenuBodyGameMenu()
22:46:31.779 [FXGL Background Thread 1 ] DEBUG FXGL.DefaultMenu     - createOptionsMenu()
22:46:31.798 [FXGL Background Thread 1 ] DEBUG FXGLAssetLoaderServi - Loading from file system: jar:file:/C:/Users/Eigenaar/.m2/repository/com/github/almasb/fxgl/11.14/fxgl-11.14.jar!/fxglassets/textures/particles/smoke.png
22:46:31.898 [FXGL Background Thread 1 ] DEBUG GameApplicationServi - Application scenes initialized
22:46:31.917 [FXGL Background Thread 1 ] DEBUG SystemBundleService  - Loading FXGL system data
22:46:31.928 [FXGL Background Thread 1 ] DEBUG FileSystemAccess     - Reading from: C:\Users\Eigenaar\OneDrive - Hogeschool Leiden\IPOSE-Maven\system\fxgl.bundle
22:46:31.936 [FXGL Background Thread 1 ] DEBUG SystemBundleService  - Bundle FXGL: {}
22:46:31.936 [FXGL Background Thread 1 ] DEBUG UpdaterService       - Checking for updates
22:46:31.948 [FXGL Background Thread 1 ] DEBUG FXGLApplication      - Loading default localization
22:46:31.950 [FXGL Background Thread 1 ] DEBUG FXGLAssetLoaderServi - Loading from file system: jar:file:/C:/Users/Eigenaar/.m2/repository/com/github/almasb/fxgl/11.14/fxgl-11.14.jar!/fxglassets/languages/english.lang
22:46:31.959 [FXGL Background Thread 4 ] DEBUG FXGLApplication      - Loading fonts
22:46:31.961 [FXGL Background Thread 4 ] DEBUG FXGLAssetLoaderServi - Loading from file system: jar:file:/C:/Users/Eigenaar/.m2/repository/com/github/almasb/fxgl/11.14/fxgl-11.14.jar!/fxglassets/ui/fonts/VarelaRound-Regular.ttf
22:46:31.979 [FXGL Background Thread 1 ] INFO  FXGLApplication      - FXGL initialization took: 1,133 sec
22:46:31.995 [JavaFX Application Thread] DEBUG Input                - Registered new binding: left - A
22:46:31.998 [JavaFX Application Thread] DEBUG Input                - Registered new binding: right - D
22:46:31.998 [JavaFX Application Thread] DEBUG Input                - Registered new binding: jump - W
22:46:31.999 [JavaFX Application Thread] DEBUG FXGLAssetLoaderServi - Loading from file system: file:/C:/Users/Eigenaar/OneDrive%20-%20Hogeschool%20Leiden/IPOSE-Maven/target/classes/assets/music/dungeon.wav
22:46:32.580 [FXGL Background Thread 4 ] DEBUG FXGLAssetLoaderServi - Loading from file system: jar:file:/C:/Users/Eigenaar/.m2/repository/com/github/almasb/fxgl/11.14/fxgl-11.14.jar!/fxglassets/ui/fonts/Abel-Regular.ttf
22:46:32.612 [FXGL Background Thread 4 ] DEBUG FXGLAssetLoaderServi - Loading from file system: jar:file:/C:/Users/Eigenaar/.m2/repository/com/github/almasb/fxgl/11.14/fxgl-11.14.jar!/fxglassets/ui/fonts/lucida_console.ttf
22:46:32.665 [FXGL Background Thread 4 ] DEBUG FXGLAssetLoaderServi - Loading from file system: jar:file:/C:/Users/Eigenaar/.m2/repository/com/github/almasb/fxgl/11.14/fxgl-11.14.jar!/fxglassets/ui/fonts/Courier-Prime.ttf
22:46:32.884 [FXGL Background Thread 2 ] INFO  UpdaterService       - Your current version:  11.14
22:46:32.884 [FXGL Background Thread 2 ] INFO  UpdaterService       - Latest stable version: 17.1
22:46:32.891 [JavaFX Application Thread] DEBUG AudioPlayer          - Playing music com.almasb.fxgl.audio.Music@7baf0cf8
22:46:32.952 [JavaFX Application Thread] DEBUG FXGLAssetLoaderServi - Loading from file system: jar:file:/C:/Users/Eigenaar/.m2/repository/com/github/almasb/fxgl/11.14/fxgl-11.14.jar!/fxglassets/textures/fxgl_icon.png
22:46:32.983 [JavaFX Application Thread] DEBUG FXGLAssetLoaderServi - Loading from file system: jar:file:/C:/Users/Eigenaar/.m2/repository/com/github/almasb/fxgl/11.14/fxgl-11.14.jar!/fxglassets/ui/cursors/fxgl_default.png
22:46:33.005 [JavaFX Application Thread] DEBUG Input                - Registered new binding: Screenshot - P
22:46:33.006 [JavaFX Application Thread] DEBUG Input                - Registered new binding: System info dump - CTRL+9
22:46:33.007 [JavaFX Application Thread] DEBUG Input                - Registered new binding: Restart - CTRL+R
22:46:33.008 [JavaFX Application Thread] DEBUG Input                - Registered new binding: Toggle Debug Camera - CTRL+C
22:46:33.016 [JavaFX Application Thread] DEBUG LoopRunner           - Starting loop
22:46:33.017 [JavaFX Application Thread] DEBUG LoopRunner           - Initializing JavaFX AnimationTimerLoop
22:46:33.027 [JavaFX Application Thread] DEBUG Input                - Clearing active input actions
22:46:33.038 [JavaFX Application Thread] DEBUG GameApplicationServi - Removing overlay from FXGLStartupScene and adding to FXGLMainMenuDummyScene
22:46:33.057 [JavaFX Application Thread] DEBUG PrimaryStageWindow   - FXGLStartupScene -> FXGLMainMenuDummyScene
22:46:33.058 [JavaFX Application Thread] DEBUG PrimaryStageWindow   - Push state: StartMenu
22:46:33.058 [JavaFX Application Thread] DEBUG Input                - Clearing active input actions
22:46:33.072 [JavaFX Application Thread] DEBUG GameApplicationServi - Removing overlay from FXGLMainMenuDummyScene and adding to StartMenu
22:46:33.073 [JavaFX Application Thread] DEBUG PrimaryStageWindow   - FXGLMainMenuDummyScene -> StartMenu
22:46:33.076 [JavaFX Application Thread] DEBUG FXGLApplication      - Registering font factories with UI factory
22:46:34.946 [FXGL Background Thread 3 ] DEBUG Engine               - Logging environment variables
22:46:34.947 [FXGL Background Thread 3 ] DEBUG Engine               - achievements: []
22:46:34.947 [FXGL Background Thread 3 ] DEBUG Engine               - actualHeight: 640.0
22:46:34.947 [FXGL Background Thread 3 ] DEBUG Engine               - actualHeightProperty: ReadOnlyDoubleProperty [value: 640.0]
22:46:34.949 [FXGL Background Thread 3 ] DEBUG Engine               - actualWidth: 1050.0
22:46:34.951 [FXGL Background Thread 3 ] DEBUG Engine               - actualWidthProperty: ReadOnlyDoubleProperty [value: 1050.0]
22:46:34.951 [FXGL Background Thread 3 ] DEBUG Engine               - appIcon: fxgl_icon.png
22:46:34.952 [FXGL Background Thread 3 ] DEBUG Engine               - applicationMode: DEVELOPER
22:46:34.952 [FXGL Background Thread 3 ] DEBUG Engine               - cSSList: [fxgl_dark.css]
22:46:34.952 [FXGL Background Thread 3 ] DEBUG Engine               - collisionDetectionStrategy: BRUTE_FORCE
22:46:34.952 [FXGL Background Thread 3 ] DEBUG Engine               - configClass: Optional.empty
22:46:34.952 [FXGL Background Thread 3 ] DEBUG Engine               - credits: []
22:46:34.953 [FXGL Background Thread 3 ] DEBUG Engine               - devBBoxColorProperty: ObjectProperty [value: 0xff0000ff]
22:46:34.953 [FXGL Background Thread 3 ] DEBUG Engine               - devEnableDebugCameraProperty: BooleanProperty [value: false]
22:46:34.953 [FXGL Background Thread 3 ] DEBUG Engine               - devSensorColorProperty: ObjectProperty [value: 0xffff00ff]
22:46:34.953 [FXGL Background Thread 3 ] DEBUG Engine               - devShowBBoxProperty: BooleanProperty [value: false]
22:46:34.953 [FXGL Background Thread 3 ] DEBUG Engine               - devShowPositionProperty: BooleanProperty [value: false]
22:46:34.953 [FXGL Background Thread 3 ] DEBUG Engine               - enabledMenuItems: []
22:46:34.954 [FXGL Background Thread 3 ] DEBUG Engine               - engineServices: [class com.almasb.fxgl.app.services.FXGLAssetLoaderService, class com.almasb.fxgl.app.FXGLApplication$GameApplicationService, class com.almasb.fxgl.app.services.FXGLDialogService, class com.almasb.fxgl.app.services.IOTaskExecutorService, class com.almasb.fxgl.event.EventBusService, class com.almasb.fxgl.io.FileSystemService, class com.almasb.fxgl.localization.LocalizationService, class com.almasb.fxgl.app.services.SystemBundleService, class com.almasb.fxgl.profile.SaveLoadService, class com.almasb.fxgl.ui.FXGLUIFactoryServiceProvider, class com.almasb.fxgl.ui.FXGLDialogFactoryServiceProvider, class com.almasb.fxgl.audio.AudioPlayer, class com.almasb.fxgl.notification.impl.NotificationServiceProvider, class com.almasb.fxgl.achievement.AchievementService, class com.almasb.fxgl.cutscene.CutsceneService, class com.almasb.fxgl.minigames.MiniGameService, class com.almasb.fxgl.net.NetService, class com.almasb.fxgl.app.services.UpdaterService, class com.almasb.fxgl.dev.DevService]
22:46:34.954 [FXGL Background Thread 3 ] DEBUG Engine               - fontGame: Abel-Regular.ttf
22:46:34.955 [FXGL Background Thread 3 ] DEBUG Engine               - fontMono: lucida_console.ttf
22:46:34.955 [FXGL Background Thread 3 ] DEBUG Engine               - fontText: Courier-Prime.ttf
22:46:34.955 [FXGL Background Thread 3 ] DEBUG Engine               - fontUI: VarelaRound-Regular.ttf
22:46:34.955 [FXGL Background Thread 3 ] DEBUG Engine               - fullScreen: BooleanProperty [value: false]
22:46:34.955 [FXGL Background Thread 3 ] DEBUG Engine               - gameDifficulty: MEDIUM
22:46:34.956 [FXGL Background Thread 3 ] DEBUG Engine               - gameDifficultyProperty: ObjectProperty [value: MEDIUM]
22:46:34.956 [FXGL Background Thread 3 ] DEBUG Engine               - globalMusicVolume: 0.5
22:46:34.956 [FXGL Background Thread 3 ] DEBUG Engine               - globalMusicVolumeProperty: DoubleProperty [value: 0.5]
22:46:34.956 [FXGL Background Thread 3 ] DEBUG Engine               - globalSoundVolume: 0.5
22:46:34.956 [FXGL Background Thread 3 ] DEBUG Engine               - globalSoundVolumeProperty: DoubleProperty [value: 0.5]
22:46:34.957 [FXGL Background Thread 3 ] DEBUG Engine               - height: 640
22:46:34.957 [FXGL Background Thread 3 ] DEBUG Engine               - isAndroid: false
22:46:34.957 [FXGL Background Thread 3 ] DEBUG Engine               - isBrowser: false
22:46:34.957 [FXGL Background Thread 3 ] DEBUG Engine               - isClickFeedbackEnabled: false
22:46:34.957 [FXGL Background Thread 3 ] DEBUG Engine               - isCloseConfirmation: false
22:46:34.958 [FXGL Background Thread 3 ] DEBUG Engine               - isDesktop: true
22:46:34.958 [FXGL Background Thread 3 ] DEBUG Engine               - isDeveloperMenuEnabled: false
22:46:34.958 [FXGL Background Thread 3 ] DEBUG Engine               - isEntityPreloadEnabled: true
22:46:34.958 [FXGL Background Thread 3 ] DEBUG Engine               - isExperimental3D: false
22:46:34.958 [FXGL Background Thread 3 ] DEBUG Engine               - isExperimentalNative: false
22:46:34.958 [FXGL Background Thread 3 ] DEBUG Engine               - isExperimentalTiledLargeMap: false
22:46:34.958 [FXGL Background Thread 3 ] DEBUG Engine               - isFileSystemWriteAllowed: true
22:46:34.959 [FXGL Background Thread 3 ] DEBUG Engine               - isFullScreenAllowed: false
22:46:34.959 [FXGL Background Thread 3 ] DEBUG Engine               - isFullScreenFromStart: false
22:46:34.959 [FXGL Background Thread 3 ] DEBUG Engine               - isGameMenuEnabled: true
22:46:34.959 [FXGL Background Thread 3 ] DEBUG Engine               - isIOS: false
22:46:34.959 [FXGL Background Thread 3 ] DEBUG Engine               - isIntroEnabled: false
22:46:34.959 [FXGL Background Thread 3 ] DEBUG Engine               - isLinux: false
22:46:34.959 [FXGL Background Thread 3 ] DEBUG Engine               - isMac: false
22:46:34.959 [FXGL Background Thread 3 ] DEBUG Engine               - isMainMenuEnabled: true
22:46:34.960 [FXGL Background Thread 3 ] DEBUG Engine               - isManualResizeEnabled: false
22:46:34.960 [FXGL Background Thread 3 ] DEBUG Engine               - isMobile: false
22:46:34.960 [FXGL Background Thread 3 ] DEBUG Engine               - isPreserveResizeRatio: false
22:46:34.960 [FXGL Background Thread 3 ] DEBUG Engine               - isProfilingEnabled: false
22:46:34.960 [FXGL Background Thread 3 ] DEBUG Engine               - isScaleAffectedOnResize: true
22:46:34.960 [FXGL Background Thread 3 ] DEBUG Engine               - isSingleStep: false
22:46:34.960 [FXGL Background Thread 3 ] DEBUG Engine               - isUserProfileEnabled: false
22:46:34.961 [FXGL Background Thread 3 ] DEBUG Engine               - isWindows: true
22:46:34.961 [FXGL Background Thread 3 ] DEBUG Engine               - language: ObjectProperty [value: ENGLISH]
22:46:34.961 [FXGL Background Thread 3 ] DEBUG Engine               - menuKey: ESCAPE
22:46:34.961 [FXGL Background Thread 3 ] DEBUG Engine               - notificationViewClass: class com.almasb.fxgl.notification.view.XboxNotificationView
22:46:34.961 [FXGL Background Thread 3 ] DEBUG Engine               - pixelsPerMeter: 50.0
22:46:34.961 [FXGL Background Thread 3 ] DEBUG Engine               - platform: WINDOWS
22:46:34.961 [FXGL Background Thread 3 ] DEBUG Engine               - prefHeightProperty: ReadOnlyDoubleProperty [value: 640.0]
22:46:34.962 [FXGL Background Thread 3 ] DEBUG Engine               - prefWidthProperty: ReadOnlyDoubleProperty [value: 1050.0]
22:46:34.962 [FXGL Background Thread 3 ] DEBUG Engine               - profileDir: profiles/
22:46:34.962 [FXGL Background Thread 3 ] DEBUG Engine               - profileName: StringProperty [value: DEFAULT]
22:46:34.962 [FXGL Background Thread 3 ] DEBUG Engine               - randomSeed: -1
22:46:34.962 [FXGL Background Thread 3 ] DEBUG Engine               - runtimeInfo: RuntimeInfo(platform=WINDOWS, version=11.14, build=01.03.2021 16.59)
22:46:34.963 [FXGL Background Thread 3 ] DEBUG Engine               - saveFileExt: sav
22:46:34.963 [FXGL Background Thread 3 ] DEBUG Engine               - scaledHeightProp$fxgl: DoubleProperty [bound, value: 640.0]
22:46:34.963 [FXGL Background Thread 3 ] DEBUG Engine               - scaledWidthProp$fxgl: DoubleProperty [bound, value: 1050.0]
22:46:34.963 [FXGL Background Thread 3 ] DEBUG Engine               - sceneFactory: UISceneFactory@5f444db4
22:46:34.963 [FXGL Background Thread 3 ] DEBUG Engine               - secondsIn24h: 60
22:46:34.963 [FXGL Background Thread 3 ] DEBUG Engine               - soundMenuBack: menu/back.wav
22:46:34.963 [FXGL Background Thread 3 ] DEBUG Engine               - soundMenuPress: menu/press.wav
22:46:34.963 [FXGL Background Thread 3 ] DEBUG Engine               - soundMenuSelect: menu/select.wav
22:46:34.963 [FXGL Background Thread 3 ] DEBUG Engine               - soundNotification: core/notification.wav
22:46:34.963 [FXGL Background Thread 3 ] DEBUG Engine               - stageStyle: DECORATED
22:46:34.964 [FXGL Background Thread 3 ] DEBUG Engine               - supportedLanguages: [ENGLISH, FRENCH, GERMAN, HUNGARIAN, RUSSIAN]
22:46:34.964 [FXGL Background Thread 3 ] DEBUG Engine               - ticksPerSecond: -1
22:46:34.964 [FXGL Background Thread 3 ] DEBUG Engine               - title: A Way Out
22:46:34.964 [FXGL Background Thread 3 ] DEBUG Engine               - urlGithub: https://github.com/AlmasB/FXGL
22:46:34.964 [FXGL Background Thread 3 ] DEBUG Engine               - urlLeaderboard: http://fxgl-top.herokuapp.com/
22:46:34.964 [FXGL Background Thread 3 ] DEBUG Engine               - urlPOM: https://raw.githubusercontent.com/AlmasB/FXGL/release/README.md
22:46:34.964 [FXGL Background Thread 3 ] DEBUG Engine               - userAppClass: class Game
22:46:34.964 [FXGL Background Thread 3 ] DEBUG Engine               - version: 1.2
22:46:34.965 [FXGL Background Thread 3 ] DEBUG Engine               - versionCheckDays: 7
22:46:34.965 [FXGL Background Thread 3 ] DEBUG Engine               - width: 1050
22:46:34.965 [FXGL Background Thread 3 ] DEBUG Engine               - Logging services
22:46:34.965 [FXGL Background Thread 3 ] DEBUG Engine               - class com.almasb.fxgl.app.services.FXGLAssetLoaderService
22:46:34.965 [FXGL Background Thread 3 ] DEBUG Engine               - class com.almasb.fxgl.app.FXGLApplication$GameApplicationService
22:46:34.965 [FXGL Background Thread 3 ] DEBUG Engine               - class com.almasb.fxgl.app.services.FXGLDialogService
22:46:34.965 [FXGL Background Thread 3 ] DEBUG Engine               - class com.almasb.fxgl.app.services.IOTaskExecutorService
22:46:34.965 [FXGL Background Thread 3 ] DEBUG Engine               - class com.almasb.fxgl.event.EventBusService
22:46:34.966 [FXGL Background Thread 3 ] DEBUG Engine               - class com.almasb.fxgl.io.FileSystemService
22:46:34.966 [FXGL Background Thread 3 ] DEBUG Engine               - class com.almasb.fxgl.localization.LocalizationService
22:46:34.966 [FXGL Background Thread 3 ] DEBUG Engine               - class com.almasb.fxgl.app.services.SystemBundleService
22:46:34.966 [FXGL Background Thread 3 ] DEBUG Engine               - class com.almasb.fxgl.profile.SaveLoadService
22:46:34.966 [FXGL Background Thread 3 ] DEBUG Engine               - class com.almasb.fxgl.ui.FXGLUIFactoryServiceProvider
22:46:34.966 [FXGL Background Thread 3 ] DEBUG Engine               - class com.almasb.fxgl.ui.FXGLDialogFactoryServiceProvider
22:46:34.967 [FXGL Background Thread 3 ] DEBUG Engine               - class com.almasb.fxgl.audio.AudioPlayer
22:46:34.967 [FXGL Background Thread 3 ] DEBUG Engine               - class com.almasb.fxgl.notification.impl.NotificationServiceProvider
22:46:34.967 [FXGL Background Thread 3 ] DEBUG Engine               - class com.almasb.fxgl.achievement.AchievementService
22:46:34.967 [FXGL Background Thread 3 ] DEBUG Engine               - class com.almasb.fxgl.cutscene.CutsceneService
22:46:34.967 [FXGL Background Thread 3 ] DEBUG Engine               - class com.almasb.fxgl.minigames.MiniGameService
22:46:34.967 [FXGL Background Thread 3 ] DEBUG Engine               - class com.almasb.fxgl.net.NetService
22:46:34.967 [FXGL Background Thread 3 ] DEBUG Engine               - class com.almasb.fxgl.app.services.UpdaterService
22:46:34.967 [FXGL Background Thread 3 ] DEBUG Engine               - class com.almasb.fxgl.dev.DevService
22:46:45.077 [JavaFX Application Thread] DEBUG Menu                 - fireNewGame()
22:46:45.077 [JavaFX Application Thread] DEBUG GameApplicationServi - Starting new game
22:46:45.077 [JavaFX Application Thread] DEBUG PrimaryStageWindow   - Pop state: StartMenu
22:46:45.077 [JavaFX Application Thread] DEBUG Input                - Clearing active input actions
22:46:45.078 [JavaFX Application Thread] DEBUG GameApplicationServi - Removing overlay from StartMenu and adding to FXGLMainMenuDummyScene
22:46:45.078 [JavaFX Application Thread] DEBUG PrimaryStageWindow   - FXGLMainMenuDummyScene <- StartMenu
22:46:45.078 [JavaFX Application Thread] DEBUG Input                - Clearing active input actions
22:46:45.085 [JavaFX Application Thread] DEBUG GameApplicationServi - Removing overlay from FXGLMainMenuDummyScene and adding to FXGLLoadingScene
22:46:45.085 [JavaFX Application Thread] DEBUG PrimaryStageWindow   - FXGLMainMenuDummyScene -> FXGLLoadingScene
22:46:45.085 [JavaFX Application Thread] DEBUG GameApplicationServi - Clearing previous game
22:46:45.086 [JavaFX Application Thread] DEBUG GameScene            - Clearing game scene
22:46:45.086 [JavaFX Application Thread] DEBUG GameWorld            - Clearing game world
22:46:45.086 [JavaFX Application Thread] DEBUG PhysicsWorld         - Clearing physics world
22:46:45.087 [FXGL Background Thread 2 ] DEBUG FXGLApplication      - Initializing game
22:46:45.128 [FXGL Background Thread 2 ] WARN  TMXLevelLoader       - TiledMap generated from 1.0.1. Supported version: 1.2.3. Some features may not be parsed fully.
22:46:45.179 [FXGL Background Thread 2 ] DEBUG TMXLevelLoader       - Parsed raw map: TiledMap(width=50, height=20, tilewidth=32, tileheight=32, orientation=orthogonal, layers=[Layer(width=50, height=20, name=Tilelaag 1, type=tilelayer, visible=false, x=0, y=0, data=[0, 0, 0, 0, 0, 0, 0, 0, 0, 0, 0, 0, 0, 0, 0, 0, 181, 0, 0, 0, 0, 0, 0, 0, 0, 0, 0, 0, 0, 0, 0, 0, 0, 0, 0, 0, 0, 0, 0, 0, 0, 0, 0, 0, 0, 0, 0, 0, 0, 0, 0, 0, 0, 0, 0, 0, 0, 0, 0, 0, 0, 0, 0, 0, 783, 0, 181, 0, 0, 0, 0, 0, 0, 0, 0, 0, 0, 0, 0, 0, 0, 0, 0, 0, 0, 0, 0, 0, 0, 0, 0, 0, 0, 0, 0, 0, 0, 0, 0, 0, 0, 0, 0, 0, 0, 0, 0, 0, 0, 0, 0, 0, 0, 56, 88, 150, 166, 0, 0, 0, 0, 0, 0, 0, 0, 0, 0, 431, 0, 0, 0, 0, 0, 0, 0, 0, 0, 0, 0, 0, 0, 0, 0, 0, 0, 0, 0, 0, 0, 0, 0, 0, 0, 0, 0, 0, 0, 0, 0, 0, 0, 0, 0, 0, 17, 126, 154, 0, 0, 0, 0, 0, 0, 0, 0, 0, 0, 8, 0, 0, 0, 0, 0, 401, 0, 0, 0, 0, 0, 0, 0, 0, 0, 0, 0, 0, 0, 0, 0, 0, 0, 0, 0, 0, 0, 0, 0, 0, 0, 0, 131, 0, 0, 0, 17, 185, 0, 0, 0, 0, 0, 0, 0, 0, 0, 0, 0, 24, 0, 0, 0, 0, 0, 433, 0, 0, 0, 0, 0, 0, 0, 0, 0, 0, 0, 0, 0, 0, 0, 0, 0, 0, 0, 0, 0, 0, 0, 0, 0, 0, 0, 0, 0, 0, 17, 19, 0, 0, 0, 0, 0, 0, 0, 0, 0, 0, 0, 0, 0, 0, 0, 0, 0, 8, 0, 0, 0, 0, 0, 0, 0, 0, 37, 38, 378, 40, 41, 42, 43, 44, 0, 0, 0, 0, 0, 0, 0, 0, 783, 0, 0, 0, 0, 0, 21, 22, 0, 0, 0, 0, 0, 0, 0, 0, 0, 0, 0, 0, 0, 0, 0, 403, 0, 24, 52, 0, 0, 0, 0, 0, 0, 150, 53, 54, 55, 56, 57, 58, 59, 60, 0, 0, 0, 0, 0, 0, 0, 0, 131, 0, 0, 0, 0, 0, 0, 0, 0, 0, 0, 0, 0, 0, 0, 0, 0, 0, 0, 0, 0, 0, 783, 435, 0, 0, 0, 0, 0, 0, 0, 0, 0, 0, 69, 70, 71, 72, 73, 74, 75, 76, 0, 0, 302, 0, 0, 0, 0, 0, 0, 0, 0, 0, 0, 0, 0, 0, 0, 0, 0, 0, 0, 0, 0, 0, 0, 0, 0, 0, 0, 0, 10, 11, 12, 0, 0, 0, 0, 0, 0, 0, 0, 0, 0, 86, 87, 88, 89, 90, 91, 92, 0, 0, 150, 150, 0, 0, 0, 0, 0, 0, 0, 0, 0, 0, 0, 0, 0, 0, 0, 0, 0, 0, 0, 0, 0, 783, 0, 0, 0, 0, 0, 0, 0, 0, 0, 0, 0, 0, 0, 0, 0, 378, 0, 102, 103, 104, 105, 106, 107, 108, 0, 0, 0, 19, 0, 0, 0, 0, 0, 0, 0, 0, 0, 0, 0, 0, 0, 0, 0, 0, 0, 0, 0, 0, 0, 131, 0, 0, 0, 0, 0, 0, 0, 0, 0, 0, 0, 0, 0, 0, 0, 57, 52, 0, 119, 120, 121, 122, 123, 124, 131, 0, 0, 19, 0, 0, 0, 0, 0, 0, 0, 0, 0, 0, 0, 0, 0, 0, 0, 0, 0, 0, 0, 0, 4, 0, 0, 0, 0, 0, 0, 0, 0, 0, 0, 0, 0, 0, 0, 749, 0, 73, 74, 134, 0, 136, 0, 0, 139, 140, 0, 0, 0, 19, 0, 0, 0, 0, 0, 0, 0, 0, 0, 0, 0, 0, 0, 0, 0, 0, 0, 0, 0, 0, 20, 0, 0, 783, 0, 0, 0, 0, 0, 0, 0, 0, 0, 0, 0, 57, 58, 22, 0, 150, 60, 152, 366, 0, 18, 19, 0, 0, 131, 201, 0, 783, 0, 0, 783, 0, 0, 0, 0, 0, 0, 0, 0, 0, 0, 0, 0, 0, 0, 0, 0, 0, 0, 8, 0, 0, 0, 0, 726, 727, 728, 729, 730, 0, 0, 73, 0, 0, 0, 21, 34, 22, 366, 170, 171, 19, 0, 0, 0, 217, 58, 58, 58, 58, 58, 195, 0, 0, 0, 0, 0, 0, 0, 0, 0, 0, 0, 0, 0, 0, 0, 0, 0, 24, 0, 0, 0, 0, 758, 759, 760, 761, 762, 0, 750, 73, 378, 378, 378, 0, 366, 366, 366, 186, 187, 24, 646, 0, 0, 19, 0, 0, 0, 0, 0, 0, 0, 0, 0, 0, 0, 0, 0, 0, 0, 0, 0, 0, 0, 0, 783, 0, 0, 0, 0, 0, 0, 0, 790, 791, 792, 793, 794, 87, 88, 166, 166, 184, 184, 0, 0, 0, 0, 202, 19, 501, 678, 60, 61, 19, 0, 0, 0, 0, 0, 0, 0, 0, 0, 0, 0, 0, 0, 0, 0, 0, 0, 0, 0, 5, 6, 0, 0, 0, 0, 0, 0, 0, 822, 823, 824, 825, 826, 181, 166, 166, 166, 166, 184, 0, 1, 2, 2, 2, 35, 533, 710, 166, 166, 19, 0, 750, 783, 378, 0, 0, 0, 0, 380, 781, 0, 0, 0, 750, 781, 0, 750, 0, 0, 21, 22, 0, 0, 0, 0, 0, 0, 0, 0, 781, 856, 781, 858, 181, 166, 166, 166, 166, 184, 634, 635, 542, 541, 540, 0, 301, 742, 166, 166, 94, 95, 61, 61, 61, 61, 61, 61, 61, 61, 61, 61, 61, 61, 61, 61, 61, 61, 0, 0, 0, 0, 0, 0, 0, 0, 0, 0, 0, 55, 61, 61, 61, 61, 166, 166, 166, 166, 166, 184, 61, 61, 61, 61, 61, 61, 64, 678, 166, 166, 166, 166, 166, 166, 166, 166, 166, 166, 166, 166, 166, 166, 166, 65, 66, 67, 166, 166, 0, 0, 0, 0, 0, 0, 0, 0, 0, 0, 0, 0, 103, 166, 166, 166, 166, 166, 166, 166, 166, 166, 166, 166, 166, 166, 166, 166, 81], objects=[], opacity=0.0, draworder=), Layer(width=0, height=0, name=Objectlaag 1, type=objectgroup, visible=false, x=0, y=0, data=[], objects=[com.almasb.fxgl.entity.level.tiled.TiledObject@3c41708e, com.almasb.fxgl.entity.level.tiled.TiledObject@56198611, com.almasb.fxgl.entity.level.tiled.TiledObject@79a701cf, com.almasb.fxgl.entity.level.tiled.TiledObject@7458ae4, com.almasb.fxgl.entity.level.tiled.TiledObject@30375f82, com.almasb.fxgl.entity.level.tiled.TiledObject@2a047e9b, com.almasb.fxgl.entity.level.tiled.TiledObject@6becab6d, com.almasb.fxgl.entity.level.tiled.TiledObject@40551e5e, com.almasb.fxgl.entity.level.tiled.TiledObject@4a148299, com.almasb.fxgl.entity.level.tiled.TiledObject@43eddde6, com.almasb.fxgl.entity.level.tiled.TiledObject@4d54a135, com.almasb.fxgl.entity.level.tiled.TiledObject@259be12f, com.almasb.fxgl.entity.level.tiled.TiledObject@4b75af4f, com.almasb.fxgl.entity.level.tiled.TiledObject@665a592a, com.almasb.fxgl.entity.level.tiled.TiledObject@eef11dd, com.almasb.fxgl.entity.level.tiled.TiledObject@74871bb6, com.almasb.fxgl.entity.level.tiled.TiledObject@12eeddbe, com.almasb.fxgl.entity.level.tiled.TiledObject@264955c0, com.almasb.fxgl.entity.level.tiled.TiledObject@505ed92d, com.almasb.fxgl.entity.level.tiled.TiledObject@1cc8323b, com.almasb.fxgl.entity.level.tiled.TiledObject@782f1f31, com.almasb.fxgl.entity.level.tiled.TiledObject@1424b2a1, com.almasb.fxgl.entity.level.tiled.TiledObject@329596b9, com.almasb.fxgl.entity.level.tiled.TiledObject@6f91233a, com.almasb.fxgl.entity.level.tiled.TiledObject@6fc76f6e, com.almasb.fxgl.entity.level.tiled.TiledObject@5e47798d, com.almasb.fxgl.entity.level.tiled.TiledObject@40f91ca2, com.almasb.fxgl.entity.level.tiled.TiledObject@26976f74, com.almasb.fxgl.entity.level.tiled.TiledObject@72ffd8d7, com.almasb.fxgl.entity.level.tiled.TiledObject@17914c14, com.almasb.fxgl.entity.level.tiled.TiledObject@1f054e48, com.almasb.fxgl.entity.level.tiled.TiledObject@2f46e13, com.almasb.fxgl.entity.level.tiled.TiledObject@e4137fa, com.almasb.fxgl.entity.level.tiled.TiledObject@13ad3bca, com.almasb.fxgl.entity.level.tiled.TiledObject@26ef50f9, com.almasb.fxgl.entity.level.tiled.TiledObject@7ca36c1, com.almasb.fxgl.entity.level.tiled.TiledObject@b32f25, com.almasb.fxgl.entity.level.tiled.TiledObject@7a3a2792, com.almasb.fxgl.entity.level.tiled.TiledObject@268ed8b4, com.almasb.fxgl.entity.level.tiled.TiledObject@70a48e9a, com.almasb.fxgl.entity.level.tiled.TiledObject@69775dac, com.almasb.fxgl.entity.level.tiled.TiledObject@42daf1a7, com.almasb.fxgl.entity.level.tiled.TiledObject@1241ca30, com.almasb.fxgl.entity.level.tiled.TiledObject@464556bc, com.almasb.fxgl.entity.level.tiled.TiledObject@158cf9e5, com.almasb.fxgl.entity.level.tiled.TiledObject@4e653a, com.almasb.fxgl.entity.level.tiled.TiledObject@1cc22f49, com.almasb.fxgl.entity.level.tiled.TiledObject@705e6adb, com.almasb.fxgl.entity.level.tiled.TiledObject@26ff6e4, com.almasb.fxgl.entity.level.tiled.TiledObject@71fb2426], opacity=0.0, draworder=)], tilesets=[Tileset(firstgid=1, image=TX Tileset Ground.png, name=TX Tileset Ground, tilewidth=32, tileheight=32, imagewidth=512, imageheight=512, margin=0, spacing=0, columns=16, tilecount=256, transparentcolor=, tiles=[]), Tileset(firstgid=257, image=TX Village Props.png, name=TX Village Props, tilewidth=32, tileheight=32, imagewidth=1024, imageheight=1024, margin=0, spacing=0, columns=32, tilecount=1024, transparentcolor=, tiles=[])], backgroundcolor=, renderorder=right-down, nextobjectid=131, version=1, tiledversion=1.0.1, type=map, infinite=false, hexsidelength=0, staggeraxis=, staggerindex=, properties={}, propertytypes={})
22:46:45.181 [FXGL Background Thread 2 ] DEBUG TMXLevelLoader       - Creating tile layer entities
22:46:45.182 [FXGL Background Thread 2 ] DEBUG TilesetLoader        - Loading view for layer Tilelaag 1
22:46:45.186 [FXGL Background Thread 2 ] DEBUG TilesetLoader        - Created buffer with size 1600.0x640.0
22:46:45.199 [FXGL Background Thread 2 ] DEBUG TilesetLoader        - Writing to buffer: dst=512,0, w=32,h=32, src=128,352
22:46:45.240 [FXGL Background Thread 2 ] DEBUG TilesetLoader        - Writing to buffer: dst=448,32, w=32,h=32, src=448,512
22:46:45.241 [FXGL Background Thread 2 ] DEBUG TilesetLoader        - Writing to buffer: dst=512,32, w=32,h=32, src=128,352
22:46:45.241 [FXGL Background Thread 2 ] DEBUG TilesetLoader        - Writing to buffer: dst=416,64, w=32,h=32, src=224,96
22:46:45.241 [FXGL Background Thread 2 ] DEBUG TilesetLoader        - Writing to buffer: dst=448,64, w=32,h=32, src=224,160
22:46:45.241 [FXGL Background Thread 2 ] DEBUG TilesetLoader        - Writing to buffer: dst=480,64, w=32,h=32, src=160,288
22:46:45.241 [FXGL Background Thread 2 ] DEBUG TilesetLoader        - Writing to buffer: dst=512,64, w=32,h=32, src=160,320
22:46:45.242 [FXGL Background Thread 2 ] DEBUG TilesetLoader        - Writing to buffer: dst=864,64, w=32,h=32, src=448,160
22:46:45.242 [FXGL Background Thread 2 ] DEBUG TilesetLoader        - Writing to buffer: dst=448,96, w=32,h=32, src=0,32
22:46:45.242 [FXGL Background Thread 2 ] DEBUG TilesetLoader        - Writing to buffer: dst=480,96, w=32,h=32, src=416,224
22:46:45.242 [FXGL Background Thread 2 ] DEBUG TilesetLoader        - Writing to buffer: dst=512,96, w=32,h=32, src=288,288
22:46:45.242 [FXGL Background Thread 2 ] DEBUG TilesetLoader        - Writing to buffer: dst=864,96, w=32,h=32, src=224,0
22:46:45.243 [FXGL Background Thread 2 ] DEBUG TilesetLoader        - Writing to buffer: dst=1056,96, w=32,h=32, src=512,128
22:46:45.243 [FXGL Background Thread 2 ] DEBUG TilesetLoader        - Writing to buffer: dst=320,128, w=32,h=32, src=64,256
22:46:45.243 [FXGL Background Thread 2 ] DEBUG TilesetLoader        - Writing to buffer: dst=448,128, w=32,h=32, src=0,32
22:46:45.243 [FXGL Background Thread 2 ] DEBUG TilesetLoader        - Writing to buffer: dst=480,128, w=32,h=32, src=256,352
22:46:45.243 [FXGL Background Thread 2 ] DEBUG TilesetLoader        - Writing to buffer: dst=864,128, w=32,h=32, src=224,32
22:46:45.243 [FXGL Background Thread 2 ] DEBUG TilesetLoader        - Writing to buffer: dst=1056,128, w=32,h=32, src=512,160
22:46:45.243 [FXGL Background Thread 2 ] DEBUG TilesetLoader        - Writing to buffer: dst=448,160, w=32,h=32, src=0,32
22:46:45.244 [FXGL Background Thread 2 ] DEBUG TilesetLoader        - Writing to buffer: dst=480,160, w=32,h=32, src=64,32
22:46:45.244 [FXGL Background Thread 2 ] DEBUG TilesetLoader        - Writing to buffer: dst=1056,160, w=32,h=32, src=224,0
22:46:45.244 [FXGL Background Thread 2 ] DEBUG TilesetLoader        - Writing to buffer: dst=1344,160, w=32,h=32, src=128,64
22:46:45.244 [FXGL Background Thread 2 ] DEBUG TilesetLoader        - Writing to buffer: dst=1376,160, w=32,h=32, src=160,64
22:46:45.244 [FXGL Background Thread 2 ] DEBUG TilesetLoader        - Writing to buffer: dst=1408,160, w=32,h=32, src=800,96
22:46:45.244 [FXGL Background Thread 2 ] DEBUG TilesetLoader        - Writing to buffer: dst=1440,160, w=32,h=32, src=224,64
22:46:45.244 [FXGL Background Thread 2 ] DEBUG TilesetLoader        - Writing to buffer: dst=1472,160, w=32,h=32, src=256,64
22:46:45.244 [FXGL Background Thread 2 ] DEBUG TilesetLoader        - Writing to buffer: dst=1504,160, w=32,h=32, src=288,64
22:46:45.244 [FXGL Background Thread 2 ] DEBUG TilesetLoader        - Writing to buffer: dst=1536,160, w=32,h=32, src=320,64
22:46:45.245 [FXGL Background Thread 2 ] DEBUG TilesetLoader        - Writing to buffer: dst=1568,160, w=32,h=32, src=352,64
22:46:45.246 [FXGL Background Thread 2 ] DEBUG TilesetLoader        - Writing to buffer: dst=256,192, w=32,h=32, src=448,512
22:46:45.246 [FXGL Background Thread 2 ] DEBUG TilesetLoader        - Writing to buffer: dst=448,192, w=32,h=32, src=128,32
22:46:45.246 [FXGL Background Thread 2 ] DEBUG TilesetLoader        - Writing to buffer: dst=480,192, w=32,h=32, src=160,32
22:46:45.246 [FXGL Background Thread 2 ] DEBUG TilesetLoader        - Writing to buffer: dst=992,192, w=32,h=32, src=576,128
22:46:45.248 [FXGL Background Thread 2 ] DEBUG TilesetLoader        - Writing to buffer: dst=1056,192, w=32,h=32, src=224,32
22:46:45.248 [FXGL Background Thread 2 ] DEBUG TilesetLoader        - Writing to buffer: dst=1088,192, w=32,h=32, src=96,96
22:46:45.248 [FXGL Background Thread 2 ] DEBUG TilesetLoader        - Writing to buffer: dst=1312,192, w=32,h=32, src=160,288
22:46:45.248 [FXGL Background Thread 2 ] DEBUG TilesetLoader        - Writing to buffer: dst=1344,192, w=32,h=32, src=128,96
22:46:45.249 [FXGL Background Thread 2 ] DEBUG TilesetLoader        - Writing to buffer: dst=1376,192, w=32,h=32, src=160,96
22:46:45.249 [FXGL Background Thread 2 ] DEBUG TilesetLoader        - Writing to buffer: dst=1408,192, w=32,h=32, src=192,96
22:46:45.249 [FXGL Background Thread 2 ] DEBUG TilesetLoader        - Writing to buffer: dst=1440,192, w=32,h=32, src=224,96
22:46:45.249 [FXGL Background Thread 2 ] DEBUG TilesetLoader        - Writing to buffer: dst=1472,192, w=32,h=32, src=256,96
22:46:45.249 [FXGL Background Thread 2 ] DEBUG TilesetLoader        - Writing to buffer: dst=1504,192, w=32,h=32, src=288,96
22:46:45.249 [FXGL Background Thread 2 ] DEBUG TilesetLoader        - Writing to buffer: dst=1536,192, w=32,h=32, src=320,96
22:46:45.266 [FXGL Background Thread 2 ] DEBUG TilesetLoader        - Writing to buffer: dst=1568,192, w=32,h=32, src=352,96
22:46:45.266 [FXGL Background Thread 2 ] DEBUG TilesetLoader        - Writing to buffer: dst=256,224, w=32,h=32, src=64,256
22:46:45.267 [FXGL Background Thread 2 ] DEBUG TilesetLoader        - Writing to buffer: dst=960,224, w=32,h=32, src=448,512
22:46:45.270 [FXGL Background Thread 2 ] DEBUG TilesetLoader        - Writing to buffer: dst=992,224, w=32,h=32, src=576,160
22:46:45.270 [FXGL Background Thread 2 ] DEBUG TilesetLoader        - Writing to buffer: dst=1344,224, w=32,h=32, src=128,128
22:46:45.270 [FXGL Background Thread 2 ] DEBUG TilesetLoader        - Writing to buffer: dst=1376,224, w=32,h=32, src=160,128
22:46:45.273 [FXGL Background Thread 2 ] DEBUG TilesetLoader        - Writing to buffer: dst=1408,224, w=32,h=32, src=192,128
22:46:45.274 [FXGL Background Thread 2 ] DEBUG TilesetLoader        - Writing to buffer: dst=1440,224, w=32,h=32, src=224,128
22:46:45.276 [FXGL Background Thread 2 ] DEBUG TilesetLoader        - Writing to buffer: dst=1472,224, w=32,h=32, src=256,128
22:46:45.283 [FXGL Background Thread 2 ] DEBUG TilesetLoader        - Writing to buffer: dst=1504,224, w=32,h=32, src=288,128
22:46:45.284 [FXGL Background Thread 2 ] DEBUG TilesetLoader        - Writing to buffer: dst=1536,224, w=32,h=32, src=320,128
22:46:45.285 [FXGL Background Thread 2 ] DEBUG TilesetLoader        - Writing to buffer: dst=1568,224, w=32,h=32, src=352,128
22:46:45.285 [FXGL Background Thread 2 ] DEBUG TilesetLoader        - Writing to buffer: dst=64,256, w=32,h=32, src=416,32
22:46:45.288 [FXGL Background Thread 2 ] DEBUG TilesetLoader        - Writing to buffer: dst=960,256, w=32,h=32, src=288,0
22:46:45.289 [FXGL Background Thread 2 ] DEBUG TilesetLoader        - Writing to buffer: dst=992,256, w=32,h=32, src=320,0
22:46:45.294 [FXGL Background Thread 2 ] DEBUG TilesetLoader        - Writing to buffer: dst=1024,256, w=32,h=32, src=352,0
22:46:45.295 [FXGL Background Thread 2 ] DEBUG TilesetLoader        - Writing to buffer: dst=1376,256, w=32,h=32, src=160,160
22:46:45.295 [FXGL Background Thread 2 ] DEBUG TilesetLoader        - Writing to buffer: dst=1408,256, w=32,h=32, src=192,160
22:46:45.295 [FXGL Background Thread 2 ] DEBUG TilesetLoader        - Writing to buffer: dst=1440,256, w=32,h=32, src=224,160
22:46:45.295 [FXGL Background Thread 2 ] DEBUG TilesetLoader        - Writing to buffer: dst=1472,256, w=32,h=32, src=256,160
22:46:45.295 [FXGL Background Thread 2 ] DEBUG TilesetLoader        - Writing to buffer: dst=1504,256, w=32,h=32, src=288,160
22:46:45.302 [FXGL Background Thread 2 ] DEBUG TilesetLoader        - Writing to buffer: dst=1536,256, w=32,h=32, src=320,160
22:46:45.302 [FXGL Background Thread 2 ] DEBUG TilesetLoader        - Writing to buffer: dst=1568,256, w=32,h=32, src=352,160
22:46:45.303 [FXGL Background Thread 2 ] DEBUG TilesetLoader        - Writing to buffer: dst=64,288, w=32,h=32, src=160,288
22:46:45.303 [FXGL Background Thread 2 ] DEBUG TilesetLoader        - Writing to buffer: dst=96,288, w=32,h=32, src=160,288
22:46:45.303 [FXGL Background Thread 2 ] DEBUG TilesetLoader        - Writing to buffer: dst=800,288, w=32,h=32, src=448,512
22:46:45.304 [FXGL Background Thread 2 ] DEBUG TilesetLoader        - Writing to buffer: dst=1312,288, w=32,h=32, src=800,96
22:46:45.304 [FXGL Background Thread 2 ] DEBUG TilesetLoader        - Writing to buffer: dst=1376,288, w=32,h=32, src=160,192
22:46:45.304 [FXGL Background Thread 2 ] DEBUG TilesetLoader        - Writing to buffer: dst=1408,288, w=32,h=32, src=192,192
22:46:45.304 [FXGL Background Thread 2 ] DEBUG TilesetLoader        - Writing to buffer: dst=1440,288, w=32,h=32, src=224,192
22:46:45.304 [FXGL Background Thread 2 ] DEBUG TilesetLoader        - Writing to buffer: dst=1472,288, w=32,h=32, src=256,192
22:46:45.304 [FXGL Background Thread 2 ] DEBUG TilesetLoader        - Writing to buffer: dst=1504,288, w=32,h=32, src=288,192
22:46:45.304 [FXGL Background Thread 2 ] DEBUG TilesetLoader        - Writing to buffer: dst=1536,288, w=32,h=32, src=320,192
22:46:45.305 [FXGL Background Thread 2 ] DEBUG TilesetLoader        - Writing to buffer: dst=1568,288, w=32,h=32, src=352,192
22:46:45.305 [FXGL Background Thread 2 ] DEBUG TilesetLoader        - Writing to buffer: dst=96,320, w=32,h=32, src=64,32
22:46:45.305 [FXGL Background Thread 2 ] DEBUG TilesetLoader        - Writing to buffer: dst=800,320, w=32,h=32, src=64,256
22:46:45.305 [FXGL Background Thread 2 ] DEBUG TilesetLoader        - Writing to buffer: dst=1312,320, w=32,h=32, src=256,96
22:46:45.305 [FXGL Background Thread 2 ] DEBUG TilesetLoader        - Writing to buffer: dst=1344,320, w=32,h=32, src=96,96
22:46:45.306 [FXGL Background Thread 2 ] DEBUG TilesetLoader        - Writing to buffer: dst=1408,320, w=32,h=32, src=192,224
22:46:45.306 [FXGL Background Thread 2 ] DEBUG TilesetLoader        - Writing to buffer: dst=1440,320, w=32,h=32, src=224,224
22:46:45.306 [FXGL Background Thread 2 ] DEBUG TilesetLoader        - Writing to buffer: dst=1472,320, w=32,h=32, src=256,224
22:46:45.306 [FXGL Background Thread 2 ] DEBUG TilesetLoader        - Writing to buffer: dst=1504,320, w=32,h=32, src=288,224
22:46:45.306 [FXGL Background Thread 2 ] DEBUG TilesetLoader        - Writing to buffer: dst=1536,320, w=32,h=32, src=320,224
22:46:45.306 [FXGL Background Thread 2 ] DEBUG TilesetLoader        - Writing to buffer: dst=1568,320, w=32,h=32, src=352,224
22:46:45.307 [FXGL Background Thread 2 ] DEBUG TilesetLoader        - Writing to buffer: dst=0,352, w=32,h=32, src=64,256
22:46:45.308 [FXGL Background Thread 2 ] DEBUG TilesetLoader        - Writing to buffer: dst=96,352, w=32,h=32, src=64,32
22:46:45.308 [FXGL Background Thread 2 ] DEBUG TilesetLoader        - Writing to buffer: dst=768,352, w=32,h=32, src=96,0
22:46:45.308 [FXGL Background Thread 2 ] DEBUG TilesetLoader        - Writing to buffer: dst=1248,352, w=32,h=32, src=384,480
22:46:45.308 [FXGL Background Thread 2 ] DEBUG TilesetLoader        - Writing to buffer: dst=1312,352, w=32,h=32, src=256,128
22:46:45.308 [FXGL Background Thread 2 ] DEBUG TilesetLoader        - Writing to buffer: dst=1344,352, w=32,h=32, src=288,128
22:46:45.308 [FXGL Background Thread 2 ] DEBUG TilesetLoader        - Writing to buffer: dst=1376,352, w=32,h=32, src=160,256
22:46:45.308 [FXGL Background Thread 2 ] DEBUG TilesetLoader        - Writing to buffer: dst=1440,352, w=32,h=32, src=224,256
22:46:45.309 [FXGL Background Thread 2 ] DEBUG TilesetLoader        - Writing to buffer: dst=1536,352, w=32,h=32, src=320,256
22:46:45.310 [FXGL Background Thread 2 ] DEBUG TilesetLoader        - Writing to buffer: dst=1568,352, w=32,h=32, src=352,256
22:46:45.310 [FXGL Background Thread 2 ] DEBUG TilesetLoader        - Writing to buffer: dst=96,384, w=32,h=32, src=64,32
22:46:45.310 [FXGL Background Thread 2 ] DEBUG TilesetLoader        - Writing to buffer: dst=768,384, w=32,h=32, src=96,32
22:46:45.310 [FXGL Background Thread 2 ] DEBUG TilesetLoader        - Writing to buffer: dst=864,384, w=32,h=32, src=448,512
22:46:45.311 [FXGL Background Thread 2 ] DEBUG TilesetLoader        - Writing to buffer: dst=1248,384, w=32,h=32, src=256,96
22:46:45.311 [FXGL Background Thread 2 ] DEBUG TilesetLoader        - Writing to buffer: dst=1280,384, w=32,h=32, src=288,96
22:46:45.311 [FXGL Background Thread 2 ] DEBUG TilesetLoader        - Writing to buffer: dst=1312,384, w=32,h=32, src=160,32
22:46:45.311 [FXGL Background Thread 2 ] DEBUG TilesetLoader        - Writing to buffer: dst=1376,384, w=32,h=32, src=160,288
22:46:45.311 [FXGL Background Thread 2 ] DEBUG TilesetLoader        - Writing to buffer: dst=1408,384, w=32,h=32, src=352,96
22:46:45.311 [FXGL Background Thread 2 ] DEBUG TilesetLoader        - Writing to buffer: dst=1440,384, w=32,h=32, src=224,288
22:46:45.311 [FXGL Background Thread 2 ] DEBUG TilesetLoader        - Writing to buffer: dst=1472,384, w=32,h=32, src=416,96
22:46:45.311 [FXGL Background Thread 2 ] DEBUG TilesetLoader        - Writing to buffer: dst=1536,384, w=32,h=32, src=32,32
22:46:45.312 [FXGL Background Thread 2 ] DEBUG TilesetLoader        - Writing to buffer: dst=1568,384, w=32,h=32, src=64,32
22:46:45.313 [FXGL Background Thread 2 ] DEBUG TilesetLoader        - Writing to buffer: dst=64,416, w=32,h=32, src=64,256
22:46:45.313 [FXGL Background Thread 2 ] DEBUG TilesetLoader        - Writing to buffer: dst=96,416, w=32,h=32, src=256,384
22:46:45.313 [FXGL Background Thread 2 ] DEBUG TilesetLoader        - Writing to buffer: dst=160,416, w=32,h=32, src=448,512
22:46:45.326 [FXGL Background Thread 2 ] DEBUG TilesetLoader        - Writing to buffer: dst=256,416, w=32,h=32, src=448,512
22:46:45.326 [FXGL Background Thread 2 ] DEBUG TilesetLoader        - Writing to buffer: dst=864,416, w=32,h=32, src=224,0
22:46:45.326 [FXGL Background Thread 2 ] DEBUG TilesetLoader        - Writing to buffer: dst=1024,416, w=32,h=32, src=672,448
22:46:45.326 [FXGL Background Thread 2 ] DEBUG TilesetLoader        - Writing to buffer: dst=1056,416, w=32,h=32, src=704,448
22:46:45.326 [FXGL Background Thread 2 ] DEBUG TilesetLoader        - Writing to buffer: dst=1088,416, w=32,h=32, src=736,448
22:46:45.326 [FXGL Background Thread 2 ] DEBUG TilesetLoader        - Writing to buffer: dst=1120,416, w=32,h=32, src=768,448
22:46:45.326 [FXGL Background Thread 2 ] DEBUG TilesetLoader        - Writing to buffer: dst=1152,416, w=32,h=32, src=800,448
22:46:45.327 [FXGL Background Thread 2 ] DEBUG TilesetLoader        - Writing to buffer: dst=1248,416, w=32,h=32, src=256,128
22:46:45.327 [FXGL Background Thread 2 ] DEBUG TilesetLoader        - Writing to buffer: dst=1376,416, w=32,h=32, src=128,32
22:46:45.327 [FXGL Background Thread 2 ] DEBUG TilesetLoader        - Writing to buffer: dst=1408,416, w=32,h=32, src=32,64
22:46:45.327 [FXGL Background Thread 2 ] DEBUG TilesetLoader        - Writing to buffer: dst=1440,416, w=32,h=32, src=160,32
22:46:45.328 [FXGL Background Thread 2 ] DEBUG TilesetLoader        - Writing to buffer: dst=1472,416, w=32,h=32, src=416,96
22:46:45.328 [FXGL Background Thread 2 ] DEBUG TilesetLoader        - Writing to buffer: dst=1504,416, w=32,h=32, src=288,320
22:46:45.328 [FXGL Background Thread 2 ] DEBUG TilesetLoader        - Writing to buffer: dst=1536,416, w=32,h=32, src=320,320
22:46:45.328 [FXGL Background Thread 2 ] DEBUG TilesetLoader        - Writing to buffer: dst=1568,416, w=32,h=32, src=64,32
22:46:45.329 [FXGL Background Thread 2 ] DEBUG TilesetLoader        - Writing to buffer: dst=96,448, w=32,h=32, src=256,416
22:46:45.329 [FXGL Background Thread 2 ] DEBUG TilesetLoader        - Writing to buffer: dst=128,448, w=32,h=32, src=288,96
22:46:45.329 [FXGL Background Thread 2 ] DEBUG TilesetLoader        - Writing to buffer: dst=160,448, w=32,h=32, src=288,96
22:46:45.329 [FXGL Background Thread 2 ] DEBUG TilesetLoader        - Writing to buffer: dst=192,448, w=32,h=32, src=288,96
22:46:45.329 [FXGL Background Thread 2 ] DEBUG TilesetLoader        - Writing to buffer: dst=224,448, w=32,h=32, src=288,96
22:46:45.329 [FXGL Background Thread 2 ] DEBUG TilesetLoader        - Writing to buffer: dst=256,448, w=32,h=32, src=288,96
22:46:45.330 [FXGL Background Thread 2 ] DEBUG TilesetLoader        - Writing to buffer: dst=288,448, w=32,h=32, src=64,384
22:46:45.330 [FXGL Background Thread 2 ] DEBUG TilesetLoader        - Writing to buffer: dst=864,448, w=32,h=32, src=224,32
22:46:45.330 [FXGL Background Thread 2 ] DEBUG TilesetLoader        - Writing to buffer: dst=1024,448, w=32,h=32, src=672,480
22:46:45.330 [FXGL Background Thread 2 ] DEBUG TilesetLoader        - Writing to buffer: dst=1056,448, w=32,h=32, src=704,480
22:46:45.330 [FXGL Background Thread 2 ] DEBUG TilesetLoader        - Writing to buffer: dst=1088,448, w=32,h=32, src=736,480
22:46:45.330 [FXGL Background Thread 2 ] DEBUG TilesetLoader        - Writing to buffer: dst=1120,448, w=32,h=32, src=768,480
22:46:45.330 [FXGL Background Thread 2 ] DEBUG TilesetLoader        - Writing to buffer: dst=1152,448, w=32,h=32, src=800,480
22:46:45.330 [FXGL Background Thread 2 ] DEBUG TilesetLoader        - Writing to buffer: dst=1216,448, w=32,h=32, src=416,480
22:46:45.331 [FXGL Background Thread 2 ] DEBUG TilesetLoader        - Writing to buffer: dst=1248,448, w=32,h=32, src=256,128
22:46:45.331 [FXGL Background Thread 2 ] DEBUG TilesetLoader        - Writing to buffer: dst=1280,448, w=32,h=32, src=800,96
22:46:45.331 [FXGL Background Thread 2 ] DEBUG TilesetLoader        - Writing to buffer: dst=1312,448, w=32,h=32, src=800,96
22:46:45.331 [FXGL Background Thread 2 ] DEBUG TilesetLoader        - Writing to buffer: dst=1344,448, w=32,h=32, src=800,96
22:46:45.331 [FXGL Background Thread 2 ] DEBUG TilesetLoader        - Writing to buffer: dst=1408,448, w=32,h=32, src=416,96
22:46:45.331 [FXGL Background Thread 2 ] DEBUG TilesetLoader        - Writing to buffer: dst=1440,448, w=32,h=32, src=416,96
22:46:45.331 [FXGL Background Thread 2 ] DEBUG TilesetLoader        - Writing to buffer: dst=1472,448, w=32,h=32, src=416,96
22:46:45.331 [FXGL Background Thread 2 ] DEBUG TilesetLoader        - Writing to buffer: dst=1504,448, w=32,h=32, src=288,352
22:46:45.331 [FXGL Background Thread 2 ] DEBUG TilesetLoader        - Writing to buffer: dst=1536,448, w=32,h=32, src=320,352
22:46:45.331 [FXGL Background Thread 2 ] DEBUG TilesetLoader        - Writing to buffer: dst=1568,448, w=32,h=32, src=224,32
22:46:45.332 [FXGL Background Thread 2 ] DEBUG TilesetLoader        - Writing to buffer: dst=0,480, w=32,h=32, src=160,384
22:46:45.332 [FXGL Background Thread 2 ] DEBUG TilesetLoader        - Writing to buffer: dst=96,480, w=32,h=32, src=64,32
22:46:45.332 [FXGL Background Thread 2 ] DEBUG TilesetLoader        - Writing to buffer: dst=768,480, w=32,h=32, src=448,512
22:46:45.332 [FXGL Background Thread 2 ] DEBUG TilesetLoader        - Writing to buffer: dst=1024,480, w=32,h=32, src=672,512
22:46:45.332 [FXGL Background Thread 2 ] DEBUG TilesetLoader        - Writing to buffer: dst=1056,480, w=32,h=32, src=704,512
22:46:45.332 [FXGL Background Thread 2 ] DEBUG TilesetLoader        - Writing to buffer: dst=1088,480, w=32,h=32, src=736,512
22:46:45.332 [FXGL Background Thread 2 ] DEBUG TilesetLoader        - Writing to buffer: dst=1120,480, w=32,h=32, src=768,512
22:46:45.332 [FXGL Background Thread 2 ] DEBUG TilesetLoader        - Writing to buffer: dst=1152,480, w=32,h=32, src=800,512
22:46:45.333 [FXGL Background Thread 2 ] DEBUG TilesetLoader        - Writing to buffer: dst=1184,480, w=32,h=32, src=192,160
22:46:45.333 [FXGL Background Thread 2 ] DEBUG TilesetLoader        - Writing to buffer: dst=1216,480, w=32,h=32, src=224,160
22:46:45.333 [FXGL Background Thread 2 ] DEBUG TilesetLoader        - Writing to buffer: dst=1248,480, w=32,h=32, src=160,320
22:46:45.333 [FXGL Background Thread 2 ] DEBUG TilesetLoader        - Writing to buffer: dst=1280,480, w=32,h=32, src=160,320
22:46:45.333 [FXGL Background Thread 2 ] DEBUG TilesetLoader        - Writing to buffer: dst=1312,480, w=32,h=32, src=224,352
22:46:45.333 [FXGL Background Thread 2 ] DEBUG TilesetLoader        - Writing to buffer: dst=1344,480, w=32,h=32, src=224,352
22:46:45.333 [FXGL Background Thread 2 ] DEBUG TilesetLoader        - Writing to buffer: dst=1504,480, w=32,h=32, src=288,384
22:46:45.333 [FXGL Background Thread 2 ] DEBUG TilesetLoader        - Writing to buffer: dst=1536,480, w=32,h=32, src=64,32
22:46:45.333 [FXGL Background Thread 2 ] DEBUG TilesetLoader        - Writing to buffer: dst=1568,480, w=32,h=32, src=640,224
22:46:45.333 [FXGL Background Thread 2 ] DEBUG TilesetLoader        - Writing to buffer: dst=0,512, w=32,h=32, src=160,416
22:46:45.334 [FXGL Background Thread 2 ] DEBUG TilesetLoader        - Writing to buffer: dst=32,512, w=32,h=32, src=352,96
22:46:45.334 [FXGL Background Thread 2 ] DEBUG TilesetLoader        - Writing to buffer: dst=64,512, w=32,h=32, src=384,96
22:46:45.334 [FXGL Background Thread 2 ] DEBUG TilesetLoader        - Writing to buffer: dst=96,512, w=32,h=32, src=64,32
22:46:45.334 [FXGL Background Thread 2 ] DEBUG TilesetLoader        - Writing to buffer: dst=736,512, w=32,h=32, src=128,0
22:46:45.334 [FXGL Background Thread 2 ] DEBUG TilesetLoader        - Writing to buffer: dst=768,512, w=32,h=32, src=160,0
22:46:45.334 [FXGL Background Thread 2 ] DEBUG TilesetLoader        - Writing to buffer: dst=1024,512, w=32,h=32, src=672,544
22:46:45.335 [FXGL Background Thread 2 ] DEBUG TilesetLoader        - Writing to buffer: dst=1056,512, w=32,h=32, src=704,544
22:46:45.335 [FXGL Background Thread 2 ] DEBUG TilesetLoader        - Writing to buffer: dst=1088,512, w=32,h=32, src=736,544
22:46:45.335 [FXGL Background Thread 2 ] DEBUG TilesetLoader        - Writing to buffer: dst=1120,512, w=32,h=32, src=768,544
22:46:45.335 [FXGL Background Thread 2 ] DEBUG TilesetLoader        - Writing to buffer: dst=1152,512, w=32,h=32, src=800,544
22:46:45.335 [FXGL Background Thread 2 ] DEBUG TilesetLoader        - Writing to buffer: dst=1184,512, w=32,h=32, src=128,352
22:46:45.335 [FXGL Background Thread 2 ] DEBUG TilesetLoader        - Writing to buffer: dst=1216,512, w=32,h=32, src=160,320
22:46:45.335 [FXGL Background Thread 2 ] DEBUG TilesetLoader        - Writing to buffer: dst=1248,512, w=32,h=32, src=160,320
22:46:45.335 [FXGL Background Thread 2 ] DEBUG TilesetLoader        - Writing to buffer: dst=1280,512, w=32,h=32, src=160,320
22:46:45.335 [FXGL Background Thread 2 ] DEBUG TilesetLoader        - Writing to buffer: dst=1312,512, w=32,h=32, src=160,320
22:46:45.335 [FXGL Background Thread 2 ] DEBUG TilesetLoader        - Writing to buffer: dst=1344,512, w=32,h=32, src=224,352
22:46:45.335 [FXGL Background Thread 2 ] DEBUG TilesetLoader        - Writing to buffer: dst=1408,512, w=32,h=32, src=0,0
22:46:45.336 [FXGL Background Thread 2 ] DEBUG TilesetLoader        - Writing to buffer: dst=1440,512, w=32,h=32, src=32,0
22:46:45.336 [FXGL Background Thread 2 ] DEBUG TilesetLoader        - Writing to buffer: dst=1472,512, w=32,h=32, src=32,0
22:46:45.336 [FXGL Background Thread 2 ] DEBUG TilesetLoader        - Writing to buffer: dst=1504,512, w=32,h=32, src=32,0
22:46:45.336 [FXGL Background Thread 2 ] DEBUG TilesetLoader        - Writing to buffer: dst=1536,512, w=32,h=32, src=64,64
22:46:45.336 [FXGL Background Thread 2 ] DEBUG TilesetLoader        - Writing to buffer: dst=1568,512, w=32,h=32, src=640,256
22:46:45.337 [FXGL Background Thread 2 ] DEBUG TilesetLoader        - Writing to buffer: dst=0,544, w=32,h=32, src=160,448
22:46:45.337 [FXGL Background Thread 2 ] DEBUG TilesetLoader        - Writing to buffer: dst=32,544, w=32,h=32, src=160,320
22:46:45.337 [FXGL Background Thread 2 ] DEBUG TilesetLoader        - Writing to buffer: dst=64,544, w=32,h=32, src=160,320
22:46:45.337 [FXGL Background Thread 2 ] DEBUG TilesetLoader        - Writing to buffer: dst=96,544, w=32,h=32, src=64,32
22:46:45.337 [FXGL Background Thread 2 ] DEBUG TilesetLoader        - Writing to buffer: dst=160,544, w=32,h=32, src=416,480
22:46:45.337 [FXGL Background Thread 2 ] DEBUG TilesetLoader        - Writing to buffer: dst=192,544, w=32,h=32, src=448,512
22:46:45.338 [FXGL Background Thread 2 ] DEBUG TilesetLoader        - Writing to buffer: dst=224,544, w=32,h=32, src=800,96
22:46:45.338 [FXGL Background Thread 2 ] DEBUG TilesetLoader        - Writing to buffer: dst=384,544, w=32,h=32, src=864,96
22:46:45.338 [FXGL Background Thread 2 ] DEBUG TilesetLoader        - Writing to buffer: dst=416,544, w=32,h=32, src=384,512
22:46:45.338 [FXGL Background Thread 2 ] DEBUG TilesetLoader        - Writing to buffer: dst=544,544, w=32,h=32, src=416,480
22:46:45.338 [FXGL Background Thread 2 ] DEBUG TilesetLoader        - Writing to buffer: dst=576,544, w=32,h=32, src=384,512
22:46:45.338 [FXGL Background Thread 2 ] DEBUG TilesetLoader        - Writing to buffer: dst=640,544, w=32,h=32, src=416,480
22:46:45.338 [FXGL Background Thread 2 ] DEBUG TilesetLoader        - Writing to buffer: dst=736,544, w=32,h=32, src=128,32
22:46:45.338 [FXGL Background Thread 2 ] DEBUG TilesetLoader        - Writing to buffer: dst=768,544, w=32,h=32, src=160,32
22:46:45.338 [FXGL Background Thread 2 ] DEBUG TilesetLoader        - Writing to buffer: dst=1056,544, w=32,h=32, src=384,512
22:46:45.338 [FXGL Background Thread 2 ] DEBUG TilesetLoader        - Writing to buffer: dst=1088,544, w=32,h=32, src=736,576
22:46:45.338 [FXGL Background Thread 2 ] DEBUG TilesetLoader        - Writing to buffer: dst=1120,544, w=32,h=32, src=384,512
22:46:45.339 [FXGL Background Thread 2 ] DEBUG TilesetLoader        - Writing to buffer: dst=1152,544, w=32,h=32, src=800,576
22:46:45.339 [FXGL Background Thread 2 ] DEBUG TilesetLoader        - Writing to buffer: dst=1184,544, w=32,h=32, src=128,352
22:46:45.339 [FXGL Background Thread 2 ] DEBUG TilesetLoader        - Writing to buffer: dst=1216,544, w=32,h=32, src=160,320
22:46:45.339 [FXGL Background Thread 2 ] DEBUG TilesetLoader        - Writing to buffer: dst=1248,544, w=32,h=32, src=160,320
22:46:45.339 [FXGL Background Thread 2 ] DEBUG TilesetLoader        - Writing to buffer: dst=1280,544, w=32,h=32, src=160,320
22:46:45.339 [FXGL Background Thread 2 ] DEBUG TilesetLoader        - Writing to buffer: dst=1312,544, w=32,h=32, src=160,320
22:46:45.339 [FXGL Background Thread 2 ] DEBUG TilesetLoader        - Writing to buffer: dst=1344,544, w=32,h=32, src=224,352
22:46:45.339 [FXGL Background Thread 2 ] DEBUG TilesetLoader        - Writing to buffer: dst=1376,544, w=32,h=32, src=800,352
22:46:45.339 [FXGL Background Thread 2 ] DEBUG TilesetLoader        - Writing to buffer: dst=1408,544, w=32,h=32, src=832,352
22:46:45.339 [FXGL Background Thread 2 ] DEBUG TilesetLoader        - Writing to buffer: dst=1440,544, w=32,h=32, src=928,256
22:46:45.339 [FXGL Background Thread 2 ] DEBUG TilesetLoader        - Writing to buffer: dst=1472,544, w=32,h=32, src=896,256
22:46:45.339 [FXGL Background Thread 2 ] DEBUG TilesetLoader        - Writing to buffer: dst=1504,544, w=32,h=32, src=864,256
22:46:45.340 [FXGL Background Thread 2 ] DEBUG TilesetLoader        - Writing to buffer: dst=1568,544, w=32,h=32, src=384,32
22:46:45.340 [FXGL Background Thread 2 ] DEBUG TilesetLoader        - Writing to buffer: dst=0,576, w=32,h=32, src=160,480
22:46:45.340 [FXGL Background Thread 2 ] DEBUG TilesetLoader        - Writing to buffer: dst=32,576, w=32,h=32, src=160,320
22:46:45.340 [FXGL Background Thread 2 ] DEBUG TilesetLoader        - Writing to buffer: dst=64,576, w=32,h=32, src=160,320
22:46:45.340 [FXGL Background Thread 2 ] DEBUG TilesetLoader        - Writing to buffer: dst=96,576, w=32,h=32, src=416,160
22:46:45.341 [FXGL Background Thread 2 ] DEBUG TilesetLoader        - Writing to buffer: dst=128,576, w=32,h=32, src=448,160
22:46:45.341 [FXGL Background Thread 2 ] DEBUG TilesetLoader        - Writing to buffer: dst=160,576, w=32,h=32, src=384,96
22:46:45.341 [FXGL Background Thread 2 ] DEBUG TilesetLoader        - Writing to buffer: dst=192,576, w=32,h=32, src=384,96
22:46:45.341 [FXGL Background Thread 2 ] DEBUG TilesetLoader        - Writing to buffer: dst=224,576, w=32,h=32, src=384,96
22:46:45.341 [FXGL Background Thread 2 ] DEBUG TilesetLoader        - Writing to buffer: dst=256,576, w=32,h=32, src=384,96
22:46:45.341 [FXGL Background Thread 2 ] DEBUG TilesetLoader        - Writing to buffer: dst=288,576, w=32,h=32, src=384,96
22:46:45.341 [FXGL Background Thread 2 ] DEBUG TilesetLoader        - Writing to buffer: dst=320,576, w=32,h=32, src=384,96
22:46:45.342 [FXGL Background Thread 2 ] DEBUG TilesetLoader        - Writing to buffer: dst=352,576, w=32,h=32, src=384,96
22:46:45.342 [FXGL Background Thread 2 ] DEBUG TilesetLoader        - Writing to buffer: dst=384,576, w=32,h=32, src=384,96
22:46:45.342 [FXGL Background Thread 2 ] DEBUG TilesetLoader        - Writing to buffer: dst=416,576, w=32,h=32, src=384,96
22:46:45.342 [FXGL Background Thread 2 ] DEBUG TilesetLoader        - Writing to buffer: dst=448,576, w=32,h=32, src=384,96
22:46:45.342 [FXGL Background Thread 2 ] DEBUG TilesetLoader        - Writing to buffer: dst=480,576, w=32,h=32, src=384,96
22:46:45.342 [FXGL Background Thread 2 ] DEBUG TilesetLoader        - Writing to buffer: dst=512,576, w=32,h=32, src=384,96
22:46:45.342 [FXGL Background Thread 2 ] DEBUG TilesetLoader        - Writing to buffer: dst=544,576, w=32,h=32, src=384,96
22:46:45.343 [FXGL Background Thread 2 ] DEBUG TilesetLoader        - Writing to buffer: dst=576,576, w=32,h=32, src=384,96
22:46:45.343 [FXGL Background Thread 2 ] DEBUG TilesetLoader        - Writing to buffer: dst=608,576, w=32,h=32, src=384,96
22:46:45.343 [FXGL Background Thread 2 ] DEBUG TilesetLoader        - Writing to buffer: dst=640,576, w=32,h=32, src=384,96
22:46:45.343 [FXGL Background Thread 2 ] DEBUG TilesetLoader        - Writing to buffer: dst=1024,576, w=32,h=32, src=192,96
22:46:45.343 [FXGL Background Thread 2 ] DEBUG TilesetLoader        - Writing to buffer: dst=1056,576, w=32,h=32, src=384,96
22:46:45.343 [FXGL Background Thread 2 ] DEBUG TilesetLoader        - Writing to buffer: dst=1088,576, w=32,h=32, src=384,96
22:46:45.343 [FXGL Background Thread 2 ] DEBUG TilesetLoader        - Writing to buffer: dst=1120,576, w=32,h=32, src=384,96
22:46:45.343 [FXGL Background Thread 2 ] DEBUG TilesetLoader        - Writing to buffer: dst=1152,576, w=32,h=32, src=384,96
22:46:45.343 [FXGL Background Thread 2 ] DEBUG TilesetLoader        - Writing to buffer: dst=1184,576, w=32,h=32, src=160,320
22:46:45.343 [FXGL Background Thread 2 ] DEBUG TilesetLoader        - Writing to buffer: dst=1216,576, w=32,h=32, src=160,320
22:46:45.343 [FXGL Background Thread 2 ] DEBUG TilesetLoader        - Writing to buffer: dst=1248,576, w=32,h=32, src=160,320
22:46:45.344 [FXGL Background Thread 2 ] DEBUG TilesetLoader        - Writing to buffer: dst=1280,576, w=32,h=32, src=160,320
22:46:45.344 [FXGL Background Thread 2 ] DEBUG TilesetLoader        - Writing to buffer: dst=1312,576, w=32,h=32, src=160,320
22:46:45.344 [FXGL Background Thread 2 ] DEBUG TilesetLoader        - Writing to buffer: dst=1344,576, w=32,h=32, src=224,352
22:46:45.344 [FXGL Background Thread 2 ] DEBUG TilesetLoader        - Writing to buffer: dst=1376,576, w=32,h=32, src=384,96
22:46:45.344 [FXGL Background Thread 2 ] DEBUG TilesetLoader        - Writing to buffer: dst=1408,576, w=32,h=32, src=384,96
22:46:45.344 [FXGL Background Thread 2 ] DEBUG TilesetLoader        - Writing to buffer: dst=1440,576, w=32,h=32, src=384,96
22:46:45.344 [FXGL Background Thread 2 ] DEBUG TilesetLoader        - Writing to buffer: dst=1472,576, w=32,h=32, src=384,96
22:46:45.344 [FXGL Background Thread 2 ] DEBUG TilesetLoader        - Writing to buffer: dst=1504,576, w=32,h=32, src=384,96
22:46:45.344 [FXGL Background Thread 2 ] DEBUG TilesetLoader        - Writing to buffer: dst=1536,576, w=32,h=32, src=384,96
22:46:45.344 [FXGL Background Thread 2 ] DEBUG TilesetLoader        - Writing to buffer: dst=1568,576, w=32,h=32, src=480,96
22:46:45.345 [FXGL Background Thread 2 ] DEBUG TilesetLoader        - Writing to buffer: dst=0,608, w=32,h=32, src=160,416
22:46:45.345 [FXGL Background Thread 2 ] DEBUG TilesetLoader        - Writing to buffer: dst=32,608, w=32,h=32, src=160,320
22:46:45.345 [FXGL Background Thread 2 ] DEBUG TilesetLoader        - Writing to buffer: dst=64,608, w=32,h=32, src=160,320
22:46:45.345 [FXGL Background Thread 2 ] DEBUG TilesetLoader        - Writing to buffer: dst=96,608, w=32,h=32, src=160,320
22:46:45.345 [FXGL Background Thread 2 ] DEBUG TilesetLoader        - Writing to buffer: dst=128,608, w=32,h=32, src=160,320
22:46:45.345 [FXGL Background Thread 2 ] DEBUG TilesetLoader        - Writing to buffer: dst=160,608, w=32,h=32, src=160,320
22:46:45.345 [FXGL Background Thread 2 ] DEBUG TilesetLoader        - Writing to buffer: dst=192,608, w=32,h=32, src=160,320
22:46:45.345 [FXGL Background Thread 2 ] DEBUG TilesetLoader        - Writing to buffer: dst=224,608, w=32,h=32, src=160,320
22:46:45.345 [FXGL Background Thread 2 ] DEBUG TilesetLoader        - Writing to buffer: dst=256,608, w=32,h=32, src=160,320
22:46:45.345 [FXGL Background Thread 2 ] DEBUG TilesetLoader        - Writing to buffer: dst=288,608, w=32,h=32, src=160,320
22:46:45.345 [FXGL Background Thread 2 ] DEBUG TilesetLoader        - Writing to buffer: dst=320,608, w=32,h=32, src=160,320
22:46:45.346 [FXGL Background Thread 2 ] DEBUG TilesetLoader        - Writing to buffer: dst=352,608, w=32,h=32, src=160,320
22:46:45.346 [FXGL Background Thread 2 ] DEBUG TilesetLoader        - Writing to buffer: dst=384,608, w=32,h=32, src=160,320
22:46:45.346 [FXGL Background Thread 2 ] DEBUG TilesetLoader        - Writing to buffer: dst=416,608, w=32,h=32, src=160,320
22:46:45.346 [FXGL Background Thread 2 ] DEBUG TilesetLoader        - Writing to buffer: dst=448,608, w=32,h=32, src=160,320
22:46:45.346 [FXGL Background Thread 2 ] DEBUG TilesetLoader        - Writing to buffer: dst=480,608, w=32,h=32, src=160,320
22:46:45.346 [FXGL Background Thread 2 ] DEBUG TilesetLoader        - Writing to buffer: dst=512,608, w=32,h=32, src=0,128
22:46:45.347 [FXGL Background Thread 2 ] DEBUG TilesetLoader        - Writing to buffer: dst=544,608, w=32,h=32, src=32,128
22:46:45.347 [FXGL Background Thread 2 ] DEBUG TilesetLoader        - Writing to buffer: dst=576,608, w=32,h=32, src=64,128
22:46:45.347 [FXGL Background Thread 2 ] DEBUG TilesetLoader        - Writing to buffer: dst=608,608, w=32,h=32, src=160,320
22:46:45.347 [FXGL Background Thread 2 ] DEBUG TilesetLoader        - Writing to buffer: dst=640,608, w=32,h=32, src=160,320
22:46:45.347 [FXGL Background Thread 2 ] DEBUG TilesetLoader        - Writing to buffer: dst=1056,608, w=32,h=32, src=192,192
22:46:45.347 [FXGL Background Thread 2 ] DEBUG TilesetLoader        - Writing to buffer: dst=1088,608, w=32,h=32, src=160,320
22:46:45.347 [FXGL Background Thread 2 ] DEBUG TilesetLoader        - Writing to buffer: dst=1120,608, w=32,h=32, src=160,320
22:46:45.347 [FXGL Background Thread 2 ] DEBUG TilesetLoader        - Writing to buffer: dst=1152,608, w=32,h=32, src=160,320
22:46:45.347 [FXGL Background Thread 2 ] DEBUG TilesetLoader        - Writing to buffer: dst=1184,608, w=32,h=32, src=160,320
22:46:45.347 [FXGL Background Thread 2 ] DEBUG TilesetLoader        - Writing to buffer: dst=1216,608, w=32,h=32, src=160,320
22:46:45.348 [FXGL Background Thread 2 ] DEBUG TilesetLoader        - Writing to buffer: dst=1248,608, w=32,h=32, src=160,320
22:46:45.348 [FXGL Background Thread 2 ] DEBUG TilesetLoader        - Writing to buffer: dst=1280,608, w=32,h=32, src=160,320
22:46:45.348 [FXGL Background Thread 2 ] DEBUG TilesetLoader        - Writing to buffer: dst=1312,608, w=32,h=32, src=160,320
22:46:45.348 [FXGL Background Thread 2 ] DEBUG TilesetLoader        - Writing to buffer: dst=1344,608, w=32,h=32, src=160,320
22:46:45.348 [FXGL Background Thread 2 ] DEBUG TilesetLoader        - Writing to buffer: dst=1376,608, w=32,h=32, src=160,320
22:46:45.348 [FXGL Background Thread 2 ] DEBUG TilesetLoader        - Writing to buffer: dst=1408,608, w=32,h=32, src=160,320
22:46:45.348 [FXGL Background Thread 2 ] DEBUG TilesetLoader        - Writing to buffer: dst=1440,608, w=32,h=32, src=160,320
22:46:45.348 [FXGL Background Thread 2 ] DEBUG TilesetLoader        - Writing to buffer: dst=1472,608, w=32,h=32, src=160,320
22:46:45.348 [FXGL Background Thread 2 ] DEBUG TilesetLoader        - Writing to buffer: dst=1504,608, w=32,h=32, src=160,320
22:46:45.348 [FXGL Background Thread 2 ] DEBUG TilesetLoader        - Writing to buffer: dst=1536,608, w=32,h=32, src=160,320
22:46:45.349 [FXGL Background Thread 2 ] DEBUG TilesetLoader        - Writing to buffer: dst=1568,608, w=32,h=32, src=0,160
22:46:45.349 [FXGL Background Thread 2 ] DEBUG TMXLevelLoader       - Creating object layer entities
22:46:45.357 [FXGL Background Thread 2 ] DEBUG FXGLAssetLoaderServi - Loading from file system: file:/C:/Users/Eigenaar/OneDrive%20-%20Hogeschool%20Leiden/IPOSE-Maven/target/classes/assets/textures/kraai.png
22:46:45.378 [FXGL Background Thread 2 ] DEBUG FXGLAssetLoaderServi - Loading from file system: file:/C:/Users/Eigenaar/OneDrive%20-%20Hogeschool%20Leiden/IPOSE-Maven/target/classes/assets/textures/star.png
22:46:45.406 [FXGL Background Thread 2 ] DEBUG GameWorld            - Clearing removable entities
22:46:45.406 [FXGL Background Thread 2 ] DEBUG GameWorld            - Setting level: com.almasb.fxgl.entity.level.Level@68d015a4
22:46:45.423 [FXGL Background Thread 2 ] DEBUG FXGLAssetLoaderServi - Loading from file system: file:/C:/Users/Eigenaar/OneDrive%20-%20Hogeschool%20Leiden/IPOSE-Maven/target/classes/assets/textures/girl.png
22:46:45.429 [FXGL Background Thread 2 ] DEBUG FXGLAssetLoaderServi - Loading from file system: file:/C:/Users/Eigenaar/OneDrive%20-%20Hogeschool%20Leiden/IPOSE-Maven/target/classes/assets/textures/background.png
22:46:45.488 [FXGL Background Thread 2 ] INFO  FXGLApplication      - Game initialization took: 0,401 sec
22:46:45.488 [JavaFX Application Thread] DEBUG Input                - Clearing active input actions
22:46:45.495 [JavaFX Application Thread] DEBUG GameApplicationServi - Removing overlay from FXGLLoadingScene and adding to GameScene
22:46:45.496 [JavaFX Application Thread] DEBUG PrimaryStageWindow   - FXGLLoadingScene -> GameScene
22:46:47.687 [JavaFX Application Thread] DEBUG FXGLApplication      - Exiting FXGL
22:46:47.687 [JavaFX Application Thread] DEBUG LoopRunner           - Stopping loop
22:46:47.687 [JavaFX Application Thread] DEBUG SystemBundleService  - Saving FXGL system data
22:46:47.689 [JavaFX Application Thread] DEBUG FileSystemAccess     - Writing to: C:\Users\Eigenaar\OneDrive - Hogeschool Leiden\IPOSE-Maven\system\fxgl.bundle
22:46:47.690 [JavaFX Application Thread] DEBUG Async                - Shutting down background threads
22:46:47.691 [JavaFX Application Thread] DEBUG PrimaryStageWindow   - Closing main window
22:46:47.714 [JavaFX Application Thread] DEBUG Logger               - Closing Logger
