14:36:01.860 [main                     ] DEBUG Logger               - Configured Logger
14:36:01.891 [main                     ] DEBUG GameApplication      - Logging settings
Title: Demo game
Version: 1.2
Width: 1050
Height: 700
Fullscreen: false
Intro: false
Profiling: false
Single step:false
App Mode: DEVELOPER
Menu Key: ESCAPE
Stage Style: DECORATED
Scene Factory: class com.almasb.fxgl.app.scene.SceneFactory

14:36:03.158 [JavaFX Application Thread] DEBUG FXGLApplication      - Initializing FXGL
14:36:03.163 [JavaFX Application Thread] INFO  Engine               - FXGL-11.14 (01.03.2021 16.59) on WINDOWS (J:15.0.2 FX:15)
14:36:03.164 [JavaFX Application Thread] DEBUG Engine               - JRE Vendor Name: Amazon.com Inc.
14:36:03.165 [JavaFX Application Thread] DEBUG Engine               - Running on OS: Windows 10 version 10.0
14:36:03.167 [JavaFX Application Thread] DEBUG Engine               - Architecture: amd64
14:36:03.168 [JavaFX Application Thread] INFO  Engine               - Source code and latest versions at: https://github.com/AlmasB/FXGL
14:36:03.168 [JavaFX Application Thread] INFO  Engine               -              Join the FXGL chat at: https://gitter.im/AlmasB/FXGL
14:36:03.661 [JavaFX Application Thread] DEBUG PrimaryStageWindow   - Creating a JavaFX scene
14:36:03.845 [JavaFX Application Thread] DEBUG PrimaryStageWindow   - Target settings size: 1050.0 x 700.0
14:36:03.846 [JavaFX Application Thread] DEBUG PrimaryStageWindow   - Scaled scene size:    1050.0 x 700.0
14:36:03.846 [JavaFX Application Thread] DEBUG PrimaryStageWindow   - Scaled ratio: (1.0, 1.0)
14:36:03.849 [JavaFX Application Thread] DEBUG PrimaryStageWindow   - Set initial scene to FXGLStartupScene
14:36:03.874 [JavaFX Application Thread] DEBUG PrimaryStageWindow   - Opening main window
14:36:04.167 [JavaFX Application Thread] DEBUG PrimaryStageWindow   - Window border size: (14.800048828125, 37.5999755859375)
14:36:04.171 [JavaFX Application Thread] DEBUG PrimaryStageWindow   - Scaled size: 1050.0 x 700.0
14:36:04.172 [JavaFX Application Thread] DEBUG PrimaryStageWindow   - Scaled ratio: (1.0, 1.0)
14:36:04.173 [JavaFX Application Thread] DEBUG PrimaryStageWindow   - Scene size: 1050.0 x 700.0
14:36:04.173 [JavaFX Application Thread] DEBUG PrimaryStageWindow   - Stage size: 1064.800048828125 x 737.5999755859375
14:36:04.286 [FXGL Background Thread 1 ] DEBUG Engine               - Initializing environment variables
14:36:04.428 [FXGL Background Thread 1 ] DEBUG FXGLAssetLoaderServi - User app class for loading assets: class Game
14:36:04.428 [FXGL Background Thread 1 ] DEBUG GameApplicationServi - Applying CSS: fxgl_dark.css
14:36:04.430 [FXGL Background Thread 1 ] DEBUG FXGLAssetLoaderServi - Loading from file system: jar:file:/C:/Users/jfran/.m2/repository/com/github/almasb/fxgl/11.14/fxgl-11.14.jar!/fxglassets/ui/css/fxgl_dark.css
14:36:04.558 [FXGL Background Thread 1 ] DEBUG GameApplicationServi - Initializing application scenes
14:36:04.779 [FXGL Background Thread 1 ] DEBUG GameWorld            - Game world initialized
14:36:04.961 [FXGL Background Thread 1 ] DEBUG PhysicsWorld         - Physics world initialized: appHeight=700, physics.ppm=50,0
14:36:04.962 [FXGL Background Thread 1 ] DEBUG PhysicsWorld         - Using strategy: BRUTE_FORCE
14:36:04.969 [FXGL Background Thread 1 ] DEBUG GameScene            - Game scene initialized: 1050x700
14:36:05.062 [FXGL Background Thread 1 ] DEBUG FXGLAssetLoaderServi - Loading from file system: jar:file:/C:/Users/jfran/.m2/repository/com/github/almasb/fxgl/11.14/fxgl-11.14.jar!/fxglassets/textures/particles/trace_horizontal.png
14:36:05.206 [FXGL Background Thread 1 ] DEBUG FXGL.DefaultMenu     - createMenuBodyMainMenu()
14:36:05.250 [FXGL Background Thread 1 ] DEBUG FXGL.DefaultMenu     - createOptionsMenu()
14:36:05.269 [FXGL Background Thread 1 ] DEBUG FXGLAssetLoaderServi - Loading from file system: jar:file:/C:/Users/jfran/.m2/repository/com/github/almasb/fxgl/11.14/fxgl-11.14.jar!/fxglassets/textures/particles/smoke.png
14:36:05.445 [FXGL Background Thread 1 ] DEBUG FXGL.DefaultMenu     - createMenuBodyGameMenu()
14:36:05.449 [FXGL Background Thread 1 ] DEBUG FXGL.DefaultMenu     - createOptionsMenu()
14:36:05.501 [FXGL Background Thread 1 ] DEBUG GameApplicationServi - Application scenes initialized
14:36:05.532 [FXGL Background Thread 1 ] DEBUG SystemBundleService  - Loading FXGL system data
14:36:05.543 [FXGL Background Thread 1 ] DEBUG FileSystemAccess     - Reading from: C:\Users\jfran\OneDrive - Hogeschool Leiden\IPOSE-Maven\system\fxgl.bundle
14:36:05.561 [FXGL Background Thread 1 ] DEBUG SystemBundleService  - Bundle FXGL: {}
14:36:05.562 [FXGL Background Thread 1 ] DEBUG UpdaterService       - Checking for updates
14:36:05.577 [FXGL Background Thread 1 ] DEBUG FXGLApplication      - Loading default localization
14:36:05.579 [FXGL Background Thread 1 ] DEBUG FXGLAssetLoaderServi - Loading from file system: jar:file:/C:/Users/jfran/.m2/repository/com/github/almasb/fxgl/11.14/fxgl-11.14.jar!/fxglassets/languages/english.lang
14:36:05.617 [FXGL Background Thread 4 ] DEBUG FXGLApplication      - Loading fonts
14:36:05.619 [FXGL Background Thread 4 ] DEBUG FXGLAssetLoaderServi - Loading from file system: jar:file:/C:/Users/jfran/.m2/repository/com/github/almasb/fxgl/11.14/fxgl-11.14.jar!/fxglassets/ui/fonts/VarelaRound-Regular.ttf
14:36:05.628 [FXGL Background Thread 1 ] INFO  FXGLApplication      - FXGL initialization took: 1,331 sec
14:36:05.652 [JavaFX Application Thread] DEBUG Input                - Registered new binding: Left - A
14:36:05.653 [JavaFX Application Thread] DEBUG Input                - Registered new binding: Right - D
14:36:05.654 [JavaFX Application Thread] DEBUG Input                - Registered new binding: Jump - W
14:36:05.655 [JavaFX Application Thread] DEBUG FXGLAssetLoaderServi - Loading from file system: jar:file:/C:/Users/jfran/.m2/repository/com/github/almasb/fxgl/11.14/fxgl-11.14.jar!/fxglassets/textures/fxgl_icon.png
14:36:05.716 [JavaFX Application Thread] DEBUG FXGLAssetLoaderServi - Loading from file system: jar:file:/C:/Users/jfran/.m2/repository/com/github/almasb/fxgl/11.14/fxgl-11.14.jar!/fxglassets/ui/cursors/fxgl_default.png
14:36:05.720 [JavaFX Application Thread] DEBUG Input                - Registered new binding: Screenshot - P
14:36:05.722 [JavaFX Application Thread] DEBUG Input                - Registered new binding: System info dump - CTRL+9
14:36:05.724 [JavaFX Application Thread] DEBUG Input                - Registered new binding: Restart - CTRL+R
14:36:05.726 [JavaFX Application Thread] DEBUG Input                - Registered new binding: Toggle Debug Camera - CTRL+C
14:36:05.732 [JavaFX Application Thread] DEBUG LoopRunner           - Starting loop
14:36:05.733 [JavaFX Application Thread] DEBUG LoopRunner           - Initializing JavaFX AnimationTimerLoop
14:36:05.748 [JavaFX Application Thread] DEBUG Input                - Clearing active input actions
14:36:05.793 [JavaFX Application Thread] DEBUG GameApplicationServi - Removing overlay from FXGLStartupScene and adding to FXGLMainMenuDummyScene
14:36:05.794 [JavaFX Application Thread] DEBUG PrimaryStageWindow   - FXGLStartupScene -> FXGLMainMenuDummyScene
14:36:05.794 [JavaFX Application Thread] DEBUG PrimaryStageWindow   - Push state: FXGLDefaultMenu
14:36:05.806 [JavaFX Application Thread] DEBUG Input                - Clearing active input actions
14:36:05.838 [JavaFX Application Thread] DEBUG GameApplicationServi - Removing overlay from FXGLMainMenuDummyScene and adding to FXGLDefaultMenu
14:36:05.874 [JavaFX Application Thread] DEBUG PrimaryStageWindow   - FXGLMainMenuDummyScene -> FXGLDefaultMenu
14:36:06.334 [FXGL Background Thread 4 ] DEBUG FXGLAssetLoaderServi - Loading from file system: jar:file:/C:/Users/jfran/.m2/repository/com/github/almasb/fxgl/11.14/fxgl-11.14.jar!/fxglassets/ui/fonts/Abel-Regular.ttf
14:36:06.366 [FXGL Background Thread 4 ] DEBUG FXGLAssetLoaderServi - Loading from file system: jar:file:/C:/Users/jfran/.m2/repository/com/github/almasb/fxgl/11.14/fxgl-11.14.jar!/fxglassets/ui/fonts/lucida_console.ttf
14:36:06.397 [FXGL Background Thread 4 ] DEBUG FXGLAssetLoaderServi - Loading from file system: jar:file:/C:/Users/jfran/.m2/repository/com/github/almasb/fxgl/11.14/fxgl-11.14.jar!/fxglassets/ui/fonts/Courier-Prime.ttf
14:36:06.541 [JavaFX Application Thread] DEBUG FXGLApplication      - Registering font factories with UI factory
14:36:07.057 [FXGL Background Thread 2 ] INFO  UpdaterService       - Your current version:  11.14
14:36:07.058 [FXGL Background Thread 2 ] INFO  UpdaterService       - Latest stable version: 17.1
14:36:08.411 [JavaFX Application Thread] DEBUG Menu                 - fireNewGame()
14:36:08.413 [JavaFX Application Thread] DEBUG GameApplicationServi - Starting new game
14:36:08.420 [JavaFX Application Thread] DEBUG PrimaryStageWindow   - Pop state: FXGLDefaultMenu
14:36:08.420 [JavaFX Application Thread] DEBUG Input                - Clearing active input actions
14:36:08.423 [JavaFX Application Thread] DEBUG GameApplicationServi - Removing overlay from FXGLDefaultMenu and adding to FXGLMainMenuDummyScene
14:36:08.426 [JavaFX Application Thread] DEBUG PrimaryStageWindow   - FXGLMainMenuDummyScene <- FXGLDefaultMenu
14:36:08.427 [JavaFX Application Thread] DEBUG Input                - Clearing active input actions
14:36:08.457 [JavaFX Application Thread] DEBUG GameApplicationServi - Removing overlay from FXGLMainMenuDummyScene and adding to FXGLLoadingScene
14:36:08.458 [JavaFX Application Thread] DEBUG PrimaryStageWindow   - FXGLMainMenuDummyScene -> FXGLLoadingScene
14:36:08.459 [JavaFX Application Thread] DEBUG GameApplicationServi - Clearing previous game
14:36:08.459 [JavaFX Application Thread] DEBUG GameScene            - Clearing game scene
14:36:08.460 [JavaFX Application Thread] DEBUG GameWorld            - Clearing game world
14:36:08.461 [JavaFX Application Thread] DEBUG PhysicsWorld         - Clearing physics world
14:36:08.467 [FXGL Background Thread 2 ] DEBUG FXGLApplication      - Initializing game
14:36:08.493 [FXGL Background Thread 2 ] WARN  FXGLAssetLoaderServi - Asset "/assets/levels//levels/level1.tmx" was not found!
14:36:08.518 [JavaFX Application Thread] DEBUG LoopRunner           - Stopping loop
14:36:08.521 [JavaFX Application Thread] FATAL FXGLApplication      - Uncaught Exception:
java.lang.RuntimeException: Initialization failed
	at com.almasb.fxgl.app.FXGLApplication$InitAppTask.failed(FXGLApplication.kt:376)
	at javafx.concurrent.Task.setState(Task.java:710)
	at javafx.concurrent.Task$TaskCallable.lambda$call$2(Task.java:1455)
	at com.sun.javafx.application.PlatformImpl.lambda$runLater$10(PlatformImpl.java:428)
	at java.base/java.security.AccessController.doPrivileged(AccessController.java:391)
	at com.sun.javafx.application.PlatformImpl.lambda$runLater$11(PlatformImpl.java:427)
	at com.sun.glass.ui.InvokeLaterDispatcher$Future.run(InvokeLaterDispatcher.java:96)
	at com.sun.glass.ui.win.WinApplication._runLoop(Native Method)
	at com.sun.glass.ui.win.WinApplication.lambda$runLoop$3(WinApplication.java:174)
	at java.base/java.lang.Thread.run(Thread.java:832)
Caused by: java.lang.IllegalArgumentException: Loading level failed. Asset not found: /levels/level1.tmx
	at com.almasb.fxgl.app.services.FXGLAssetLoaderService.loadLevel(FXGLAssetLoaderService.kt:439)
	at com.almasb.fxgl.dsl.FXGL$Companion.setLevelFromMap(FXGL.kt:532)
	at com.almasb.fxgl.dsl.FXGL.setLevelFromMap(FXGL.kt)
	at Game.setLevel(Game.java:144)
	at Game.nextLevel(Game.java:135)
	at Game.initGame(Game.java:51)
	at com.almasb.fxgl.app.FXGLApplication$InitAppTask.initGame(FXGLApplication.kt:372)
	at com.almasb.fxgl.app.FXGLApplication$InitAppTask.call(FXGLApplication.kt:352)
	at com.almasb.fxgl.app.FXGLApplication$InitAppTask.call(FXGLApplication.kt:344)
	at javafx.concurrent.Task$TaskCallable.call(Task.java:1425)
	at java.base/java.util.concurrent.FutureTask.run(FutureTask.java:264)
	at java.base/java.util.concurrent.Executors$RunnableAdapter.call(Executors.java:515)
	at java.base/java.util.concurrent.FutureTask.run(FutureTask.java:264)
	at java.base/java.util.concurrent.ThreadPoolExecutor.runWorker(ThreadPoolExecutor.java:1130)
	at java.base/java.util.concurrent.ThreadPoolExecutor$Worker.run(ThreadPoolExecutor.java:630)
	... 1 more

14:36:08.522 [JavaFX Application Thread] FATAL FXGLApplication      - Application will now exit
14:36:08.573 [FXGL Background Thread 3 ] DEBUG Engine               - Logging environment variables
14:36:08.574 [FXGL Background Thread 3 ] DEBUG Engine               - achievements: []
14:36:08.574 [FXGL Background Thread 3 ] DEBUG Engine               - actualHeight: 700.0
14:36:08.575 [FXGL Background Thread 3 ] DEBUG Engine               - actualHeightProperty: ReadOnlyDoubleProperty [value: 700.0]
14:36:08.575 [FXGL Background Thread 3 ] DEBUG Engine               - actualWidth: 1050.0
14:36:08.575 [FXGL Background Thread 3 ] DEBUG Engine               - actualWidthProperty: ReadOnlyDoubleProperty [value: 1050.0]
14:36:08.576 [FXGL Background Thread 3 ] DEBUG Engine               - appIcon: fxgl_icon.png
14:36:08.576 [FXGL Background Thread 3 ] DEBUG Engine               - applicationMode: DEVELOPER
14:36:08.576 [FXGL Background Thread 3 ] DEBUG Engine               - cSSList: [fxgl_dark.css]
14:36:08.577 [FXGL Background Thread 3 ] DEBUG Engine               - collisionDetectionStrategy: BRUTE_FORCE
14:36:08.577 [FXGL Background Thread 3 ] DEBUG Engine               - configClass: Optional.empty
14:36:08.578 [FXGL Background Thread 3 ] DEBUG Engine               - credits: []
14:36:08.579 [FXGL Background Thread 3 ] DEBUG Engine               - devBBoxColorProperty: ObjectProperty [value: 0xff0000ff]
14:36:08.583 [JavaFX Application Thread] DEBUG PrimaryStageWindow   - Push state: ErrorSubScene
14:36:08.584 [JavaFX Application Thread] DEBUG Input                - Clearing active input actions
14:36:08.580 [FXGL Background Thread 3 ] DEBUG Engine               - devEnableDebugCameraProperty: BooleanProperty [value: false]
14:36:08.589 [FXGL Background Thread 3 ] DEBUG Engine               - devSensorColorProperty: ObjectProperty [value: 0xffff00ff]
14:36:08.590 [FXGL Background Thread 3 ] DEBUG Engine               - devShowBBoxProperty: BooleanProperty [value: false]
14:36:08.590 [FXGL Background Thread 3 ] DEBUG Engine               - devShowPositionProperty: BooleanProperty [value: false]
14:36:08.591 [FXGL Background Thread 3 ] DEBUG Engine               - enabledMenuItems: []
14:36:08.591 [FXGL Background Thread 3 ] DEBUG Engine               - engineServices: [class com.almasb.fxgl.app.services.FXGLAssetLoaderService, class com.almasb.fxgl.app.FXGLApplication$GameApplicationService, class com.almasb.fxgl.app.services.FXGLDialogService, class com.almasb.fxgl.app.services.IOTaskExecutorService, class com.almasb.fxgl.event.EventBusService, class com.almasb.fxgl.io.FileSystemService, class com.almasb.fxgl.localization.LocalizationService, class com.almasb.fxgl.app.services.SystemBundleService, class com.almasb.fxgl.profile.SaveLoadService, class com.almasb.fxgl.ui.FXGLUIFactoryServiceProvider, class com.almasb.fxgl.ui.FXGLDialogFactoryServiceProvider, class com.almasb.fxgl.audio.AudioPlayer, class com.almasb.fxgl.notification.impl.NotificationServiceProvider, class com.almasb.fxgl.achievement.AchievementService, class com.almasb.fxgl.cutscene.CutsceneService, class com.almasb.fxgl.minigames.MiniGameService, class com.almasb.fxgl.net.NetService, class com.almasb.fxgl.app.services.UpdaterService, class com.almasb.fxgl.dev.DevService]
14:36:08.592 [FXGL Background Thread 3 ] DEBUG Engine               - fontGame: Abel-Regular.ttf
14:36:08.592 [FXGL Background Thread 3 ] DEBUG Engine               - fontMono: lucida_console.ttf
14:36:08.593 [FXGL Background Thread 3 ] DEBUG Engine               - fontText: Courier-Prime.ttf
14:36:08.593 [FXGL Background Thread 3 ] DEBUG Engine               - fontUI: VarelaRound-Regular.ttf
14:36:08.593 [FXGL Background Thread 3 ] DEBUG Engine               - fullScreen: BooleanProperty [value: false]
14:36:08.594 [JavaFX Application Thread] DEBUG GameApplicationServi - Removing overlay from FXGLLoadingScene and adding to ErrorSubScene
14:36:08.595 [JavaFX Application Thread] DEBUG PrimaryStageWindow   - FXGLLoadingScene -> ErrorSubScene
14:36:08.594 [FXGL Background Thread 3 ] DEBUG Engine               - gameDifficulty: MEDIUM
14:36:08.599 [FXGL Background Thread 3 ] DEBUG Engine               - gameDifficultyProperty: ObjectProperty [value: MEDIUM]
14:36:08.600 [FXGL Background Thread 3 ] DEBUG Engine               - globalMusicVolume: 0.5
14:36:08.600 [FXGL Background Thread 3 ] DEBUG Engine               - globalMusicVolumeProperty: DoubleProperty [value: 0.5]
14:36:08.601 [FXGL Background Thread 3 ] DEBUG Engine               - globalSoundVolume: 0.5
14:36:08.601 [FXGL Background Thread 3 ] DEBUG Engine               - globalSoundVolumeProperty: DoubleProperty [value: 0.5]
14:36:08.602 [FXGL Background Thread 3 ] DEBUG Engine               - height: 700
14:36:08.602 [FXGL Background Thread 3 ] DEBUG Engine               - isAndroid: false
14:36:08.603 [FXGL Background Thread 3 ] DEBUG Engine               - isBrowser: false
14:36:08.603 [FXGL Background Thread 3 ] DEBUG Engine               - isClickFeedbackEnabled: false
14:36:08.604 [FXGL Background Thread 3 ] DEBUG Engine               - isCloseConfirmation: false
14:36:08.604 [FXGL Background Thread 3 ] DEBUG Engine               - isDesktop: true
14:36:08.604 [FXGL Background Thread 3 ] DEBUG Engine               - isDeveloperMenuEnabled: false
14:36:08.605 [FXGL Background Thread 3 ] DEBUG Engine               - isEntityPreloadEnabled: true
14:36:08.605 [FXGL Background Thread 3 ] DEBUG Engine               - isExperimental3D: false
14:36:08.606 [FXGL Background Thread 3 ] DEBUG Engine               - isExperimentalNative: false
14:36:08.607 [FXGL Background Thread 3 ] DEBUG Engine               - isExperimentalTiledLargeMap: false
14:36:08.607 [FXGL Background Thread 3 ] DEBUG Engine               - isFileSystemWriteAllowed: true
14:36:08.608 [FXGL Background Thread 3 ] DEBUG Engine               - isFullScreenAllowed: false
14:36:08.608 [FXGL Background Thread 3 ] DEBUG Engine               - isFullScreenFromStart: false
14:36:08.608 [FXGL Background Thread 3 ] DEBUG Engine               - isGameMenuEnabled: true
14:36:08.609 [FXGL Background Thread 3 ] DEBUG Engine               - isIOS: false
14:36:08.609 [FXGL Background Thread 3 ] DEBUG Engine               - isIntroEnabled: false
14:36:08.610 [FXGL Background Thread 3 ] DEBUG Engine               - isLinux: false
14:36:08.610 [FXGL Background Thread 3 ] DEBUG Engine               - isMac: false
14:36:08.610 [FXGL Background Thread 3 ] DEBUG Engine               - isMainMenuEnabled: true
14:36:08.611 [FXGL Background Thread 3 ] DEBUG Engine               - isManualResizeEnabled: false
14:36:08.611 [FXGL Background Thread 3 ] DEBUG Engine               - isMobile: false
14:36:08.611 [FXGL Background Thread 3 ] DEBUG Engine               - isPreserveResizeRatio: false
14:36:08.612 [FXGL Background Thread 3 ] DEBUG Engine               - isProfilingEnabled: false
14:36:08.612 [FXGL Background Thread 3 ] DEBUG Engine               - isScaleAffectedOnResize: true
14:36:08.612 [FXGL Background Thread 3 ] DEBUG Engine               - isSingleStep: false
14:36:08.613 [FXGL Background Thread 3 ] DEBUG Engine               - isUserProfileEnabled: false
14:36:08.613 [FXGL Background Thread 3 ] DEBUG Engine               - isWindows: true
14:36:08.614 [FXGL Background Thread 3 ] DEBUG Engine               - language: ObjectProperty [value: ENGLISH]
14:36:08.614 [FXGL Background Thread 3 ] DEBUG Engine               - menuKey: ESCAPE
14:36:08.614 [FXGL Background Thread 3 ] DEBUG Engine               - notificationViewClass: class com.almasb.fxgl.notification.view.XboxNotificationView
14:36:08.615 [FXGL Background Thread 3 ] DEBUG Engine               - pixelsPerMeter: 50.0
14:36:08.615 [FXGL Background Thread 3 ] DEBUG Engine               - platform: WINDOWS
14:36:08.616 [FXGL Background Thread 3 ] DEBUG Engine               - prefHeightProperty: ReadOnlyDoubleProperty [value: 700.0]
14:36:08.616 [FXGL Background Thread 3 ] DEBUG Engine               - prefWidthProperty: ReadOnlyDoubleProperty [value: 1050.0]
14:36:08.616 [FXGL Background Thread 3 ] DEBUG Engine               - profileDir: profiles/
14:36:08.617 [FXGL Background Thread 3 ] DEBUG Engine               - profileName: StringProperty [value: DEFAULT]
14:36:08.617 [FXGL Background Thread 3 ] DEBUG Engine               - randomSeed: -1
14:36:08.618 [FXGL Background Thread 3 ] DEBUG Engine               - runtimeInfo: RuntimeInfo(platform=WINDOWS, version=11.14, build=01.03.2021 16.59)
14:36:08.619 [FXGL Background Thread 3 ] DEBUG Engine               - saveFileExt: sav
14:36:08.620 [FXGL Background Thread 3 ] DEBUG Engine               - scaledHeightProp$fxgl: DoubleProperty [bound, value: 700.0]
14:36:08.620 [FXGL Background Thread 3 ] DEBUG Engine               - scaledWidthProp$fxgl: DoubleProperty [bound, value: 1050.0]
14:36:08.621 [FXGL Background Thread 3 ] DEBUG Engine               - sceneFactory: com.almasb.fxgl.app.scene.SceneFactory@42908084
14:36:08.621 [FXGL Background Thread 3 ] DEBUG Engine               - secondsIn24h: 60
14:36:08.634 [FXGL Background Thread 3 ] DEBUG Engine               - soundMenuBack: menu/back.wav
14:36:08.635 [FXGL Background Thread 3 ] DEBUG Engine               - soundMenuPress: menu/press.wav
14:36:08.635 [FXGL Background Thread 3 ] DEBUG Engine               - soundMenuSelect: menu/select.wav
14:36:08.636 [FXGL Background Thread 3 ] DEBUG Engine               - soundNotification: core/notification.wav
14:36:08.637 [FXGL Background Thread 3 ] DEBUG Engine               - stageStyle: DECORATED
14:36:08.637 [FXGL Background Thread 3 ] DEBUG Engine               - supportedLanguages: [ENGLISH, FRENCH, GERMAN, HUNGARIAN, RUSSIAN]
14:36:08.640 [FXGL Background Thread 3 ] DEBUG Engine               - ticksPerSecond: -1
14:36:08.641 [FXGL Background Thread 3 ] DEBUG Engine               - title: Demo game
14:36:08.641 [FXGL Background Thread 3 ] DEBUG Engine               - urlGithub: https://github.com/AlmasB/FXGL
14:36:08.642 [FXGL Background Thread 3 ] DEBUG Engine               - urlLeaderboard: http://fxgl-top.herokuapp.com/
14:36:08.642 [FXGL Background Thread 3 ] DEBUG Engine               - urlPOM: https://raw.githubusercontent.com/AlmasB/FXGL/release/README.md
14:36:08.642 [FXGL Background Thread 3 ] DEBUG Engine               - userAppClass: class Game
14:36:08.643 [FXGL Background Thread 3 ] DEBUG Engine               - version: 1.2
14:36:08.643 [FXGL Background Thread 3 ] DEBUG Engine               - versionCheckDays: 7
14:36:08.644 [FXGL Background Thread 3 ] DEBUG Engine               - width: 1050
14:36:08.644 [FXGL Background Thread 3 ] DEBUG Engine               - Logging services
14:36:08.644 [FXGL Background Thread 3 ] DEBUG Engine               - class com.almasb.fxgl.app.services.FXGLAssetLoaderService
14:36:08.644 [FXGL Background Thread 3 ] DEBUG Engine               - class com.almasb.fxgl.app.FXGLApplication$GameApplicationService
14:36:08.645 [FXGL Background Thread 3 ] DEBUG Engine               - class com.almasb.fxgl.app.services.FXGLDialogService
14:36:08.645 [FXGL Background Thread 3 ] DEBUG Engine               - class com.almasb.fxgl.app.services.IOTaskExecutorService
14:36:08.645 [FXGL Background Thread 3 ] DEBUG Engine               - class com.almasb.fxgl.event.EventBusService
14:36:08.646 [FXGL Background Thread 3 ] DEBUG Engine               - class com.almasb.fxgl.io.FileSystemService
14:36:08.646 [FXGL Background Thread 3 ] DEBUG Engine               - class com.almasb.fxgl.localization.LocalizationService
14:36:08.646 [FXGL Background Thread 3 ] DEBUG Engine               - class com.almasb.fxgl.app.services.SystemBundleService
14:36:08.646 [FXGL Background Thread 3 ] DEBUG Engine               - class com.almasb.fxgl.profile.SaveLoadService
14:36:08.647 [FXGL Background Thread 3 ] DEBUG Engine               - class com.almasb.fxgl.ui.FXGLUIFactoryServiceProvider
14:36:08.647 [FXGL Background Thread 3 ] DEBUG Engine               - class com.almasb.fxgl.ui.FXGLDialogFactoryServiceProvider
14:36:08.647 [FXGL Background Thread 3 ] DEBUG Engine               - class com.almasb.fxgl.audio.AudioPlayer
14:36:08.647 [FXGL Background Thread 3 ] DEBUG Engine               - class com.almasb.fxgl.notification.impl.NotificationServiceProvider
14:36:08.650 [FXGL Background Thread 3 ] DEBUG Engine               - class com.almasb.fxgl.achievement.AchievementService
14:36:08.650 [FXGL Background Thread 3 ] DEBUG Engine               - class com.almasb.fxgl.cutscene.CutsceneService
14:36:08.651 [FXGL Background Thread 3 ] DEBUG Engine               - class com.almasb.fxgl.minigames.MiniGameService
14:36:08.651 [FXGL Background Thread 3 ] DEBUG Engine               - class com.almasb.fxgl.net.NetService
14:36:08.651 [FXGL Background Thread 3 ] DEBUG Engine               - class com.almasb.fxgl.app.services.UpdaterService
14:36:08.651 [FXGL Background Thread 3 ] DEBUG Engine               - class com.almasb.fxgl.dev.DevService
14:45:29.565 [JavaFX Application Thread] DEBUG FXGLApplication      - Exiting FXGL
14:45:29.565 [JavaFX Application Thread] DEBUG Async                - Shutting down background threads
14:45:29.566 [JavaFX Application Thread] DEBUG PrimaryStageWindow   - Closing main window
14:45:29.605 [JavaFX Application Thread] DEBUG Logger               - Closing Logger
