14:38:45.459 [main                     ] DEBUG Logger               - Configured Logger
14:38:45.479 [main                     ] DEBUG GameApplication      - Logging settings
Title: A Way Out
Version: 1.2
Width: 1050
Height: 640
Fullscreen: false
Intro: false
Profiling: false
Single step:false
App Mode: DEVELOPER
Menu Key: ESCAPE
Stage Style: DECORATED
Scene Factory: class com.almasb.fxgl.app.scene.SceneFactory

14:38:45.888 [JavaFX Application Thread] DEBUG FXGLApplication      - Initializing FXGL
14:38:45.890 [JavaFX Application Thread] INFO  Engine               - FXGL-11.14 (01.03.2021 16.59) on WINDOWS (J:15.0.2 FX:15)
14:38:45.890 [JavaFX Application Thread] DEBUG Engine               - JRE Vendor Name: Amazon.com Inc.
14:38:45.891 [JavaFX Application Thread] DEBUG Engine               - Running on OS: Windows 10 version 10.0
14:38:45.891 [JavaFX Application Thread] DEBUG Engine               - Architecture: amd64
14:38:45.891 [JavaFX Application Thread] INFO  Engine               - Source code and latest versions at: https://github.com/AlmasB/FXGL
14:38:45.891 [JavaFX Application Thread] INFO  Engine               -              Join the FXGL chat at: https://gitter.im/AlmasB/FXGL
14:38:46.007 [JavaFX Application Thread] DEBUG PrimaryStageWindow   - Creating a JavaFX scene
14:38:46.066 [JavaFX Application Thread] DEBUG PrimaryStageWindow   - Target settings size: 1050.0 x 640.0
14:38:46.067 [JavaFX Application Thread] DEBUG PrimaryStageWindow   - Scaled scene size:    1050.0 x 640.0
14:38:46.067 [JavaFX Application Thread] DEBUG PrimaryStageWindow   - Scaled ratio: (1.0, 1.0)
14:38:46.068 [JavaFX Application Thread] DEBUG PrimaryStageWindow   - Set initial scene to FXGLStartupScene
14:38:46.078 [JavaFX Application Thread] DEBUG PrimaryStageWindow   - Opening main window
14:38:46.174 [JavaFX Application Thread] DEBUG PrimaryStageWindow   - Window border size: (14.6666259765625, 37.33331298828125)
14:38:46.174 [JavaFX Application Thread] DEBUG PrimaryStageWindow   - Scaled size: 1050.0 x 640.0
14:38:46.175 [JavaFX Application Thread] DEBUG PrimaryStageWindow   - Scaled ratio: (1.0, 1.0)
14:38:46.175 [JavaFX Application Thread] DEBUG PrimaryStageWindow   - Scene size: 1050.0 x 640.0
14:38:46.175 [JavaFX Application Thread] DEBUG PrimaryStageWindow   - Stage size: 1064.6666259765625 x 677.3333129882812
14:38:46.188 [FXGL Background Thread 1 ] DEBUG Engine               - Initializing environment variables
14:38:46.244 [FXGL Background Thread 1 ] DEBUG FXGLAssetLoaderServi - User app class for loading assets: class Game
14:38:46.244 [FXGL Background Thread 1 ] DEBUG GameApplicationServi - Applying CSS: fxgl_dark.css
14:38:46.246 [FXGL Background Thread 1 ] DEBUG FXGLAssetLoaderServi - Loading from file system: jar:file:/C:/Users/plane/.m2/repository/com/github/almasb/fxgl/11.14/fxgl-11.14.jar!/fxglassets/ui/css/fxgl_dark.css
14:38:46.318 [FXGL Background Thread 1 ] DEBUG GameApplicationServi - Initializing application scenes
14:38:46.374 [FXGL Background Thread 1 ] DEBUG GameWorld            - Game world initialized
14:38:46.455 [FXGL Background Thread 1 ] DEBUG PhysicsWorld         - Physics world initialized: appHeight=640, physics.ppm=50,0
14:38:46.455 [FXGL Background Thread 1 ] DEBUG PhysicsWorld         - Using strategy: BRUTE_FORCE
14:38:46.459 [FXGL Background Thread 1 ] DEBUG GameScene            - Game scene initialized: 1050x640
14:38:46.503 [FXGL Background Thread 1 ] DEBUG FXGLAssetLoaderServi - Loading from file system: jar:file:/C:/Users/plane/.m2/repository/com/github/almasb/fxgl/11.14/fxgl-11.14.jar!/fxglassets/textures/particles/trace_horizontal.png
14:38:46.559 [FXGL Background Thread 1 ] DEBUG FXGL.DefaultMenu     - createMenuBodyMainMenu()
14:38:46.572 [FXGL Background Thread 1 ] DEBUG FXGL.DefaultMenu     - createOptionsMenu()
14:38:46.576 [FXGL Background Thread 1 ] DEBUG FXGLAssetLoaderServi - Loading from file system: jar:file:/C:/Users/plane/.m2/repository/com/github/almasb/fxgl/11.14/fxgl-11.14.jar!/fxglassets/textures/particles/smoke.png
14:38:46.630 [FXGL Background Thread 1 ] DEBUG FXGL.DefaultMenu     - createMenuBodyGameMenu()
14:38:46.632 [FXGL Background Thread 1 ] DEBUG FXGL.DefaultMenu     - createOptionsMenu()
14:38:46.651 [FXGL Background Thread 1 ] DEBUG GameApplicationServi - Application scenes initialized
14:38:46.663 [FXGL Background Thread 1 ] DEBUG SystemBundleService  - Loading FXGL system data
14:38:46.668 [FXGL Background Thread 1 ] DEBUG FileSystemAccess     - Reading from: C:\Users\plane\IdeaProjects\IPOSE-Maven\system\fxgl.bundle
14:38:46.673 [FXGL Background Thread 1 ] DEBUG SystemBundleService  - Bundle FXGL: {}
14:38:46.673 [FXGL Background Thread 1 ] DEBUG UpdaterService       - Checking for updates
14:38:46.677 [FXGL Background Thread 4 ] DEBUG FXGLApplication      - Loading fonts
14:38:46.677 [FXGL Background Thread 1 ] DEBUG FXGLApplication      - Loading default localization
14:38:46.678 [FXGL Background Thread 4 ] DEBUG FXGLAssetLoaderServi - Loading from file system: jar:file:/C:/Users/plane/.m2/repository/com/github/almasb/fxgl/11.14/fxgl-11.14.jar!/fxglassets/ui/fonts/VarelaRound-Regular.ttf
14:38:46.678 [FXGL Background Thread 1 ] DEBUG FXGLAssetLoaderServi - Loading from file system: jar:file:/C:/Users/plane/.m2/repository/com/github/almasb/fxgl/11.14/fxgl-11.14.jar!/fxglassets/languages/english.lang
14:38:46.700 [FXGL Background Thread 1 ] INFO  FXGLApplication      - FXGL initialization took: 0,511 sec
14:38:46.713 [JavaFX Application Thread] DEBUG Input                - Registered new binding: Left - A
14:38:46.713 [JavaFX Application Thread] DEBUG Input                - Registered new binding: Right - D
14:38:46.715 [JavaFX Application Thread] DEBUG Input                - Registered new binding: Jump - W
14:38:46.715 [JavaFX Application Thread] DEBUG FXGLAssetLoaderServi - Loading from file system: jar:file:/C:/Users/plane/.m2/repository/com/github/almasb/fxgl/11.14/fxgl-11.14.jar!/fxglassets/textures/fxgl_icon.png
14:38:46.746 [JavaFX Application Thread] DEBUG FXGLAssetLoaderServi - Loading from file system: jar:file:/C:/Users/plane/.m2/repository/com/github/almasb/fxgl/11.14/fxgl-11.14.jar!/fxglassets/ui/cursors/fxgl_default.png
14:38:46.749 [JavaFX Application Thread] DEBUG Input                - Registered new binding: Screenshot - P
14:38:46.751 [JavaFX Application Thread] DEBUG Input                - Registered new binding: System info dump - CTRL+9
14:38:46.752 [JavaFX Application Thread] DEBUG Input                - Registered new binding: Restart - CTRL+R
14:38:46.753 [JavaFX Application Thread] DEBUG Input                - Registered new binding: Toggle Debug Camera - CTRL+C
14:38:46.756 [JavaFX Application Thread] DEBUG LoopRunner           - Starting loop
14:38:46.756 [JavaFX Application Thread] DEBUG LoopRunner           - Initializing JavaFX AnimationTimerLoop
14:38:46.761 [JavaFX Application Thread] DEBUG Input                - Clearing active input actions
14:38:46.767 [FXGL Background Thread 4 ] DEBUG FXGLAssetLoaderServi - Loading from file system: jar:file:/C:/Users/plane/.m2/repository/com/github/almasb/fxgl/11.14/fxgl-11.14.jar!/fxglassets/ui/fonts/Abel-Regular.ttf
14:38:46.772 [JavaFX Application Thread] DEBUG GameApplicationServi - Removing overlay from FXGLStartupScene and adding to FXGLMainMenuDummyScene
14:38:46.773 [JavaFX Application Thread] DEBUG PrimaryStageWindow   - FXGLStartupScene -> FXGLMainMenuDummyScene
14:38:46.775 [JavaFX Application Thread] DEBUG PrimaryStageWindow   - Push state: FXGLDefaultMenu
14:38:46.780 [FXGL Background Thread 4 ] DEBUG FXGLAssetLoaderServi - Loading from file system: jar:file:/C:/Users/plane/.m2/repository/com/github/almasb/fxgl/11.14/fxgl-11.14.jar!/fxglassets/ui/fonts/lucida_console.ttf
14:38:46.782 [JavaFX Application Thread] DEBUG Input                - Clearing active input actions
14:38:46.796 [JavaFX Application Thread] DEBUG GameApplicationServi - Removing overlay from FXGLMainMenuDummyScene and adding to FXGLDefaultMenu
14:38:46.796 [JavaFX Application Thread] DEBUG PrimaryStageWindow   - FXGLMainMenuDummyScene -> FXGLDefaultMenu
14:38:46.799 [FXGL Background Thread 4 ] DEBUG FXGLAssetLoaderServi - Loading from file system: jar:file:/C:/Users/plane/.m2/repository/com/github/almasb/fxgl/11.14/fxgl-11.14.jar!/fxglassets/ui/fonts/Courier-Prime.ttf
14:38:46.911 [JavaFX Application Thread] DEBUG FXGLApplication      - Registering font factories with UI factory
14:38:47.422 [JavaFX Application Thread] DEBUG Menu                 - fireNewGame()
14:38:47.423 [JavaFX Application Thread] DEBUG GameApplicationServi - Starting new game
14:38:47.439 [JavaFX Application Thread] DEBUG PrimaryStageWindow   - Pop state: FXGLDefaultMenu
14:38:47.439 [JavaFX Application Thread] DEBUG Input                - Clearing active input actions
14:38:47.440 [JavaFX Application Thread] DEBUG GameApplicationServi - Removing overlay from FXGLDefaultMenu and adding to FXGLMainMenuDummyScene
14:38:47.441 [JavaFX Application Thread] DEBUG PrimaryStageWindow   - FXGLMainMenuDummyScene <- FXGLDefaultMenu
14:38:47.441 [JavaFX Application Thread] DEBUG Input                - Clearing active input actions
14:38:47.455 [JavaFX Application Thread] DEBUG GameApplicationServi - Removing overlay from FXGLMainMenuDummyScene and adding to FXGLLoadingScene
14:38:47.457 [JavaFX Application Thread] DEBUG PrimaryStageWindow   - FXGLMainMenuDummyScene -> FXGLLoadingScene
14:38:47.457 [JavaFX Application Thread] DEBUG GameApplicationServi - Clearing previous game
14:38:47.457 [JavaFX Application Thread] DEBUG GameScene            - Clearing game scene
14:38:47.457 [JavaFX Application Thread] DEBUG GameWorld            - Clearing game world
14:38:47.458 [JavaFX Application Thread] DEBUG PhysicsWorld         - Clearing physics world
14:38:47.458 [FXGL Background Thread 2 ] INFO  UpdaterService       - Your current version:  11.14
14:38:47.459 [FXGL Background Thread 2 ] INFO  UpdaterService       - Latest stable version: 17.1
14:38:47.461 [FXGL Background Thread 2 ] DEBUG FXGLApplication      - Initializing game
14:38:47.511 [FXGL Background Thread 2 ] WARN  TMXLevelLoader       - TiledMap generated from 1.3.0. Supported version: 1.2.3. Some features may not be parsed fully.
14:38:47.527 [FXGL Background Thread 2 ] DEBUG TMXLevelLoader       - Parsed raw map: TiledMap(width=50, height=25, tilewidth=32, tileheight=32, orientation=orthogonal, layers=[Layer(width=50, height=25, name=Tile Layer 1, type=tilelayer, visible=false, x=0, y=0, data=[35, 34, 34, 34, 34, 34, 34, 34, 34, 34, 34, 34, 34, 34, 34, 34, 34, 34, 34, 34, 34, 34, 34, 34, 34, 34, 34, 34, 34, 34, 34, 34, 34, 34, 34, 34, 34, 34, 34, 34, 34, 34, 34, 34, 34, 34, 34, 34, 710, 33, 19, 0, 0, 0, 0, 0, 0, 0, 0, 0, 0, 0, 0, 0, 0, 0, 0, 0, 0, 0, 0, 0, 0, 0, 0, 0, 0, 0, 0, 0, 0, 0, 0, 0, 0, 0, 0, 0, 0, 0, 0, 0, 0, 0, 0, 0, 0, 0, 710, 17, 19, 0, 0, 0, 0, 0, 0, 0, 0, 0, 0, 0, 0, 0, 0, 0, 0, 0, 0, 0, 0, 0, 0, 0, 0, 0, 0, 0, 0, 0, 0, 0, 0, 0, 0, 0, 0, 0, 0, 0, 0, 0, 0, 0, 0, 0, 0, 0, 710, 17, 19, 0, 0, 0, 0, 0, 0, 0, 0, 0, 0, 0, 0, 0, 0, 0, 0, 0, 0, 0, 0, 0, 0, 0, 0, 0, 0, 0, 0, 0, 0, 0, 0, 0, 0, 0, 0, 0, 0, 0, 0, 0, 0, 0, 0, 0, 0, 0, 710, 17, 19, 0, 0, 0, 0, 0, 0, 0, 0, 0, 0, 0, 0, 0, 0, 0, 0, 0, 0, 0, 0, 0, 0, 0, 0, 0, 0, 0, 0, 0, 0, 0, 0, 0, 0, 0, 0, 0, 0, 0, 0, 0, 0, 0, 0, 0, 0, 0, 710, 17, 19, 0, 0, 0, 0, 0, 0, 0, 0, 0, 0, 0, 0, 0, 0, 0, 0, 0, 0, 0, 0, 0, 0, 0, 0, 0, 0, 0, 0, 0, 0, 0, 0, 0, 0, 0, 0, 0, 0, 0, 0, 0, 0, 0, 0, 0, 0, 0, 710, 17, 19, 0, 0, 0, 0, 0, 0, 0, 0, 0, 0, 0, 0, 0, 0, 0, 0, 0, 0, 0, 0, 0, 0, 0, 0, 0, 0, 0, 0, 0, 0, 0, 0, 0, 0, 0, 0, 0, 0, 0, 0, 0, 0, 0, 0, 0, 0, 0, 710, 17, 19, 0, 0, 0, 0, 0, 0, 0, 0, 0, 0, 0, 0, 0, 0, 0, 0, 0, 0, 0, 0, 0, 0, 0, 0, 0, 0, 0, 0, 0, 0, 0, 0, 129, 0, 0, 0, 0, 0, 0, 0, 0, 0, 0, 0, 0, 0, 0, 710, 17, 19, 0, 0, 0, 0, 0, 0, 0, 0, 0, 0, 0, 0, 0, 0, 0, 0, 0, 0, 0, 0, 0, 319, 320, 0, 0, 0, 0, 0, 0, 0, 0, 0, 145, 0, 0, 0, 0, 0, 0, 749, 297, 750, 298, 751, 299, 781, 0, 710, 17, 19, 0, 0, 0, 0, 0, 0, 0, 0, 0, 0, 0, 0, 0, 0, 0, 0, 0, 0, 0, 0, 0, 351, 352, 0, 0, 0, 0, 0, 129, 0, 0, 0, 161, 0, 0, 0, 0, 0, 55, 56, 57, 58, 63, 63, 63, 63, 63, 64, 17, 19, 0, 647, 647, 647, 0, 0, 0, 0, 0, 0, 0, 0, 0, 0, 0, 0, 0, 0, 0, 0, 0, 383, 384, 0, 0, 0, 0, 0, 145, 0, 0, 0, 0, 0, 0, 0, 0, 0, 71, 72, 73, 634, 635, 636, 637, 638, 0, 0, 17, 19, 0, 647, 647, 647, 0, 0, 0, 0, 0, 0, 0, 0, 0, 0, 0, 0, 0, 0, 0, 0, 0, 1, 2, 3, 0, 0, 0, 0, 161, 0, 0, 0, 0, 0, 0, 68, 85, 401, 87, 89, 90, 60, 61, 62, 63, 64, 0, 0, 17, 19, 0, 647, 647, 647, 0, 0, 0, 0, 0, 0, 0, 0, 0, 0, 0, 0, 0, 0, 0, 0, 0, 17, 18, 19, 0, 0, 0, 0, 0, 0, 0, 0, 0, 0, 0, 68, 101, 433, 103, 105, 106, 75, 77, 78, 79, 80, 0, 0, 17, 19, 647, 647, 647, 647, 647, 647, 647, 647, 0, 0, 0, 0, 0, 0, 0, 0, 0, 0, 0, 0, 0, 33, 34, 35, 0, 0, 0, 0, 307, 0, 0, 0, 0, 0, 0, 68, 117, 118, 119, 121, 122, 92, 93, 94, 95, 96, 0, 0, 17, 19, 647, 647, 647, 647, 647, 647, 647, 647, 647, 0, 731, 732, 733, 734, 735, 0, 0, 0, 0, 0, 0, 0, 0, 0, 0, 0, 0, 5, 6, 0, 0, 0, 0, 0, 0, 0, 0, 0, 0, 0, 0, 0, 0, 0, 0, 0, 0, 0, 17, 19, 647, 647, 647, 647, 647, 647, 647, 647, 647, 0, 763, 764, 765, 766, 767, 0, 0, 0, 0, 0, 0, 0, 0, 0, 0, 0, 0, 21, 22, 0, 0, 0, 0, 0, 0, 0, 0, 0, 0, 0, 0, 0, 0, 0, 0, 0, 0, 0, 17, 19, 647, 647, 0, 0, 0, 0, 0, 0, 0, 0, 795, 796, 797, 798, 799, 0, 0, 0, 0, 0, 0, 0, 0, 0, 0, 0, 0, 0, 0, 0, 0, 0, 0, 0, 0, 0, 0, 0, 0, 0, 0, 0, 0, 0, 0, 0, 0, 0, 17, 19, 647, 647, 0, 0, 0, 0, 0, 0, 0, 0, 827, 828, 829, 830, 753, 754, 755, 756, 757, 0, 0, 0, 0, 10, 11, 0, 0, 0, 0, 0, 0, 0, 0, 0, 0, 0, 0, 0, 0, 0, 0, 0, 0, 0, 0, 0, 0, 0, 17, 19, 678, 1, 2, 3, 0, 0, 0, 0, 0, 0, 859, 860, 861, 862, 785, 786, 787, 788, 789, 0, 0, 0, 0, 0, 0, 0, 0, 0, 0, 0, 0, 0, 0, 0, 0, 0, 0, 0, 0, 0, 0, 0, 0, 0, 0, 0, 0, 0, 17, 19, 710, 17, 18, 19, 0, 0, 0, 0, 0, 55, 56, 57, 58, 59, 59, 59, 59, 59, 59, 11, 0, 0, 0, 0, 0, 0, 0, 0, 0, 0, 0, 0, 0, 0, 0, 0, 0, 0, 0, 0, 0, 0, 0, 0, 0, 0, 0, 0, 17, 19, 742, 17, 18, 19, 0, 0, 0, 0, 0, 71, 72, 73, 74, 0, 73, 0, 0, 0, 73, 0, 0, 0, 0, 0, 0, 0, 0, 0, 0, 0, 0, 0, 0, 0, 0, 0, 0, 0, 0, 0, 0, 0, 0, 0, 0, 0, 0, 0, 17, 19, 678, 17, 18, 19, 0, 0, 0, 0, 0, 0, 0, 73, 0, 0, 73, 0, 0, 0, 73, 0, 0, 0, 0, 0, 0, 0, 0, 0, 0, 0, 0, 0, 0, 0, 0, 0, 0, 0, 0, 0, 0, 0, 0, 0, 0, 0, 0, 0, 17, 19, 678, 17, 18, 19, 0, 0, 0, 0, 0, 0, 0, 73, 0, 0, 192, 0, 0, 0, 73, 0, 0, 0, 0, 0, 0, 0, 0, 0, 0, 0, 0, 0, 0, 0, 0, 0, 0, 0, 0, 0, 0, 0, 0, 0, 0, 0, 0, 0, 17, 19, 710, 17, 18, 19, 0, 0, 0, 0, 0, 0, 0, 73, 0, 0, 0, 0, 0, 0, 192, 0, 0, 0, 0, 0, 0, 0, 0, 0, 0, 0, 0, 0, 0, 0, 0, 0, 0, 0, 0, 0, 0, 0, 0, 0, 0, 0, 0, 0, 17, 19, 742, 33, 34, 35, 0, 0, 0, 0, 0, 0, 0, 192, 0, 0, 0, 0, 0, 0, 0, 0, 0, 0, 0, 0, 0, 0, 0, 0, 0, 0, 0, 0, 0, 0, 0, 0, 0, 0, 0, 0, 0, 0, 0, 0, 0, 0, 0, 0, 17], objects=[], opacity=0.0, draworder=), Layer(width=0, height=0, name=Object Layer 1, type=objectgroup, visible=false, x=0, y=0, data=[], objects=[com.almasb.fxgl.entity.level.tiled.TiledObject@24dae4e4, com.almasb.fxgl.entity.level.tiled.TiledObject@10e9288d, com.almasb.fxgl.entity.level.tiled.TiledObject@7014da51, com.almasb.fxgl.entity.level.tiled.TiledObject@3060dbdd, com.almasb.fxgl.entity.level.tiled.TiledObject@43eee4f1, com.almasb.fxgl.entity.level.tiled.TiledObject@1a1a0141, com.almasb.fxgl.entity.level.tiled.TiledObject@4c0a9601, com.almasb.fxgl.entity.level.tiled.TiledObject@7a82026e, com.almasb.fxgl.entity.level.tiled.TiledObject@4e7fb8a3, com.almasb.fxgl.entity.level.tiled.TiledObject@4a5b824, com.almasb.fxgl.entity.level.tiled.TiledObject@1c879c2f, com.almasb.fxgl.entity.level.tiled.TiledObject@76fc6ca3, com.almasb.fxgl.entity.level.tiled.TiledObject@4575787f, com.almasb.fxgl.entity.level.tiled.TiledObject@6c388c6d, com.almasb.fxgl.entity.level.tiled.TiledObject@4cfe0321, com.almasb.fxgl.entity.level.tiled.TiledObject@59f2f769, com.almasb.fxgl.entity.level.tiled.TiledObject@37aacaa8, com.almasb.fxgl.entity.level.tiled.TiledObject@1f5963d4, com.almasb.fxgl.entity.level.tiled.TiledObject@23828c15, com.almasb.fxgl.entity.level.tiled.TiledObject@6d057eb3, com.almasb.fxgl.entity.level.tiled.TiledObject@c1b1631, com.almasb.fxgl.entity.level.tiled.TiledObject@588893a5], opacity=0.0, draworder=)], tilesets=[Tileset(firstgid=1, image=TX Tileset Ground.png, name=tiles1, tilewidth=32, tileheight=32, imagewidth=512, imageheight=512, margin=0, spacing=0, columns=16, tilecount=256, transparentcolor=, tiles=[]), Tileset(firstgid=257, image=TX Village Props.png, name=tiles2, tilewidth=32, tileheight=32, imagewidth=1024, imageheight=1024, margin=0, spacing=0, columns=32, tilecount=1024, transparentcolor=, tiles=[]), Tileset(firstgid=1281, image=TX Chest Animation.png, name=tiles3, tilewidth=32, tileheight=32, imagewidth=512, imageheight=512, margin=0, spacing=0, columns=16, tilecount=256, transparentcolor=, tiles=[])], backgroundcolor=, renderorder=right-down, nextobjectid=40, version=1, tiledversion=1.3.0, type=map, infinite=false, hexsidelength=0, staggeraxis=, staggerindex=, properties={}, propertytypes={})
14:38:47.529 [FXGL Background Thread 2 ] DEBUG TMXLevelLoader       - Creating tile layer entities
14:38:47.532 [FXGL Background Thread 2 ] DEBUG TilesetLoader        - Loading view for layer Tile Layer 1
14:38:47.536 [FXGL Background Thread 2 ] DEBUG TilesetLoader        - Created buffer with size 1600.0x800.0
14:38:47.578 [FXGL Background Thread 2 ] DEBUG TilesetLoader        - Writing to buffer: dst=0,0, w=32,h=32, src=64,64
14:38:47.579 [FXGL Background Thread 2 ] DEBUG TilesetLoader        - Writing to buffer: dst=32,0, w=32,h=32, src=32,64
14:38:47.579 [FXGL Background Thread 2 ] DEBUG TilesetLoader        - Writing to buffer: dst=64,0, w=32,h=32, src=32,64
14:38:47.579 [FXGL Background Thread 2 ] DEBUG TilesetLoader        - Writing to buffer: dst=96,0, w=32,h=32, src=32,64
14:38:47.580 [FXGL Background Thread 2 ] DEBUG TilesetLoader        - Writing to buffer: dst=128,0, w=32,h=32, src=32,64
14:38:47.581 [FXGL Background Thread 2 ] DEBUG TilesetLoader        - Writing to buffer: dst=160,0, w=32,h=32, src=32,64
14:38:47.582 [FXGL Background Thread 2 ] DEBUG TilesetLoader        - Writing to buffer: dst=192,0, w=32,h=32, src=32,64
14:38:47.583 [FXGL Background Thread 2 ] DEBUG TilesetLoader        - Writing to buffer: dst=224,0, w=32,h=32, src=32,64
14:38:47.583 [FXGL Background Thread 2 ] DEBUG TilesetLoader        - Writing to buffer: dst=256,0, w=32,h=32, src=32,64
14:38:47.584 [FXGL Background Thread 2 ] DEBUG TilesetLoader        - Writing to buffer: dst=288,0, w=32,h=32, src=32,64
14:38:47.585 [FXGL Background Thread 2 ] DEBUG TilesetLoader        - Writing to buffer: dst=320,0, w=32,h=32, src=32,64
14:38:47.586 [FXGL Background Thread 2 ] DEBUG TilesetLoader        - Writing to buffer: dst=352,0, w=32,h=32, src=32,64
14:38:47.587 [FXGL Background Thread 2 ] DEBUG TilesetLoader        - Writing to buffer: dst=384,0, w=32,h=32, src=32,64
14:38:47.588 [FXGL Background Thread 2 ] DEBUG TilesetLoader        - Writing to buffer: dst=416,0, w=32,h=32, src=32,64
14:38:47.588 [FXGL Background Thread 2 ] DEBUG TilesetLoader        - Writing to buffer: dst=448,0, w=32,h=32, src=32,64
14:38:47.589 [FXGL Background Thread 2 ] DEBUG TilesetLoader        - Writing to buffer: dst=480,0, w=32,h=32, src=32,64
14:38:47.589 [FXGL Background Thread 2 ] DEBUG TilesetLoader        - Writing to buffer: dst=512,0, w=32,h=32, src=32,64
14:38:47.589 [FXGL Background Thread 2 ] DEBUG TilesetLoader        - Writing to buffer: dst=544,0, w=32,h=32, src=32,64
14:38:47.590 [FXGL Background Thread 2 ] DEBUG TilesetLoader        - Writing to buffer: dst=576,0, w=32,h=32, src=32,64
14:38:47.590 [FXGL Background Thread 2 ] DEBUG TilesetLoader        - Writing to buffer: dst=608,0, w=32,h=32, src=32,64
14:38:47.590 [FXGL Background Thread 2 ] DEBUG TilesetLoader        - Writing to buffer: dst=640,0, w=32,h=32, src=32,64
14:38:47.591 [FXGL Background Thread 2 ] DEBUG TilesetLoader        - Writing to buffer: dst=672,0, w=32,h=32, src=32,64
14:38:47.591 [FXGL Background Thread 2 ] DEBUG TilesetLoader        - Writing to buffer: dst=704,0, w=32,h=32, src=32,64
14:38:47.592 [FXGL Background Thread 2 ] DEBUG TilesetLoader        - Writing to buffer: dst=736,0, w=32,h=32, src=32,64
14:38:47.592 [FXGL Background Thread 2 ] DEBUG TilesetLoader        - Writing to buffer: dst=768,0, w=32,h=32, src=32,64
14:38:47.592 [FXGL Background Thread 2 ] DEBUG TilesetLoader        - Writing to buffer: dst=800,0, w=32,h=32, src=32,64
14:38:47.593 [FXGL Background Thread 2 ] DEBUG TilesetLoader        - Writing to buffer: dst=832,0, w=32,h=32, src=32,64
14:38:47.593 [FXGL Background Thread 2 ] DEBUG TilesetLoader        - Writing to buffer: dst=864,0, w=32,h=32, src=32,64
14:38:47.593 [FXGL Background Thread 2 ] DEBUG TilesetLoader        - Writing to buffer: dst=896,0, w=32,h=32, src=32,64
14:38:47.594 [FXGL Background Thread 2 ] DEBUG TilesetLoader        - Writing to buffer: dst=928,0, w=32,h=32, src=32,64
14:38:47.595 [FXGL Background Thread 2 ] DEBUG TilesetLoader        - Writing to buffer: dst=960,0, w=32,h=32, src=32,64
14:38:47.596 [FXGL Background Thread 2 ] DEBUG TilesetLoader        - Writing to buffer: dst=992,0, w=32,h=32, src=32,64
14:38:47.596 [FXGL Background Thread 2 ] DEBUG TilesetLoader        - Writing to buffer: dst=1024,0, w=32,h=32, src=32,64
14:38:47.597 [FXGL Background Thread 2 ] DEBUG TilesetLoader        - Writing to buffer: dst=1056,0, w=32,h=32, src=32,64
14:38:47.597 [FXGL Background Thread 2 ] DEBUG TilesetLoader        - Writing to buffer: dst=1088,0, w=32,h=32, src=32,64
14:38:47.598 [FXGL Background Thread 2 ] DEBUG TilesetLoader        - Writing to buffer: dst=1120,0, w=32,h=32, src=32,64
14:38:47.599 [FXGL Background Thread 2 ] DEBUG TilesetLoader        - Writing to buffer: dst=1152,0, w=32,h=32, src=32,64
14:38:47.600 [FXGL Background Thread 2 ] DEBUG TilesetLoader        - Writing to buffer: dst=1184,0, w=32,h=32, src=32,64
14:38:47.600 [FXGL Background Thread 2 ] DEBUG TilesetLoader        - Writing to buffer: dst=1216,0, w=32,h=32, src=32,64
14:38:47.601 [FXGL Background Thread 2 ] DEBUG TilesetLoader        - Writing to buffer: dst=1248,0, w=32,h=32, src=32,64
14:38:47.602 [FXGL Background Thread 2 ] DEBUG TilesetLoader        - Writing to buffer: dst=1280,0, w=32,h=32, src=32,64
14:38:47.603 [FXGL Background Thread 2 ] DEBUG TilesetLoader        - Writing to buffer: dst=1312,0, w=32,h=32, src=32,64
14:38:47.604 [FXGL Background Thread 2 ] DEBUG TilesetLoader        - Writing to buffer: dst=1344,0, w=32,h=32, src=32,64
14:38:47.604 [FXGL Background Thread 2 ] DEBUG TilesetLoader        - Writing to buffer: dst=1376,0, w=32,h=32, src=32,64
14:38:47.605 [FXGL Background Thread 2 ] DEBUG TilesetLoader        - Writing to buffer: dst=1408,0, w=32,h=32, src=32,64
14:38:47.605 [FXGL Background Thread 2 ] DEBUG TilesetLoader        - Writing to buffer: dst=1440,0, w=32,h=32, src=32,64
14:38:47.605 [FXGL Background Thread 2 ] DEBUG TilesetLoader        - Writing to buffer: dst=1472,0, w=32,h=32, src=32,64
14:38:47.606 [FXGL Background Thread 2 ] DEBUG TilesetLoader        - Writing to buffer: dst=1504,0, w=32,h=32, src=32,64
14:38:47.667 [FXGL Background Thread 2 ] DEBUG TilesetLoader        - Writing to buffer: dst=1536,0, w=32,h=32, src=160,448
14:38:47.668 [FXGL Background Thread 2 ] DEBUG TilesetLoader        - Writing to buffer: dst=1568,0, w=32,h=32, src=0,64
14:38:47.670 [FXGL Background Thread 2 ] DEBUG TilesetLoader        - Writing to buffer: dst=0,32, w=32,h=32, src=64,32
14:38:47.670 [FXGL Background Thread 2 ] DEBUG TilesetLoader        - Writing to buffer: dst=1536,32, w=32,h=32, src=160,448
14:38:47.671 [FXGL Background Thread 2 ] DEBUG TilesetLoader        - Writing to buffer: dst=1568,32, w=32,h=32, src=0,32
14:38:47.671 [FXGL Background Thread 2 ] DEBUG TilesetLoader        - Writing to buffer: dst=0,64, w=32,h=32, src=64,32
14:38:47.672 [FXGL Background Thread 2 ] DEBUG TilesetLoader        - Writing to buffer: dst=1536,64, w=32,h=32, src=160,448
14:38:47.672 [FXGL Background Thread 2 ] DEBUG TilesetLoader        - Writing to buffer: dst=1568,64, w=32,h=32, src=0,32
14:38:47.672 [FXGL Background Thread 2 ] DEBUG TilesetLoader        - Writing to buffer: dst=0,96, w=32,h=32, src=64,32
14:38:47.673 [FXGL Background Thread 2 ] DEBUG TilesetLoader        - Writing to buffer: dst=1536,96, w=32,h=32, src=160,448
14:38:47.673 [FXGL Background Thread 2 ] DEBUG TilesetLoader        - Writing to buffer: dst=1568,96, w=32,h=32, src=0,32
14:38:47.674 [FXGL Background Thread 2 ] DEBUG TilesetLoader        - Writing to buffer: dst=0,128, w=32,h=32, src=64,32
14:38:47.674 [FXGL Background Thread 2 ] DEBUG TilesetLoader        - Writing to buffer: dst=1536,128, w=32,h=32, src=160,448
14:38:47.674 [FXGL Background Thread 2 ] DEBUG TilesetLoader        - Writing to buffer: dst=1568,128, w=32,h=32, src=0,32
14:38:47.674 [FXGL Background Thread 2 ] DEBUG TilesetLoader        - Writing to buffer: dst=0,160, w=32,h=32, src=64,32
14:38:47.675 [FXGL Background Thread 2 ] DEBUG TilesetLoader        - Writing to buffer: dst=1536,160, w=32,h=32, src=160,448
14:38:47.675 [FXGL Background Thread 2 ] DEBUG TilesetLoader        - Writing to buffer: dst=1568,160, w=32,h=32, src=0,32
14:38:47.676 [FXGL Background Thread 2 ] DEBUG TilesetLoader        - Writing to buffer: dst=0,192, w=32,h=32, src=64,32
14:38:47.676 [FXGL Background Thread 2 ] DEBUG TilesetLoader        - Writing to buffer: dst=1536,192, w=32,h=32, src=160,448
14:38:47.676 [FXGL Background Thread 2 ] DEBUG TilesetLoader        - Writing to buffer: dst=1568,192, w=32,h=32, src=0,32
14:38:47.677 [FXGL Background Thread 2 ] DEBUG TilesetLoader        - Writing to buffer: dst=0,224, w=32,h=32, src=64,32
14:38:47.677 [FXGL Background Thread 2 ] DEBUG TilesetLoader        - Writing to buffer: dst=1056,224, w=32,h=32, src=0,256
14:38:47.679 [FXGL Background Thread 2 ] DEBUG TilesetLoader        - Writing to buffer: dst=1536,224, w=32,h=32, src=160,448
14:38:47.679 [FXGL Background Thread 2 ] DEBUG TilesetLoader        - Writing to buffer: dst=1568,224, w=32,h=32, src=0,32
14:38:47.679 [FXGL Background Thread 2 ] DEBUG TilesetLoader        - Writing to buffer: dst=0,256, w=32,h=32, src=64,32
14:38:47.679 [FXGL Background Thread 2 ] DEBUG TilesetLoader        - Writing to buffer: dst=704,256, w=32,h=32, src=960,32
14:38:47.680 [FXGL Background Thread 2 ] DEBUG TilesetLoader        - Writing to buffer: dst=736,256, w=32,h=32, src=992,32
14:38:47.681 [FXGL Background Thread 2 ] DEBUG TilesetLoader        - Writing to buffer: dst=1056,256, w=32,h=32, src=0,288
14:38:47.681 [FXGL Background Thread 2 ] DEBUG TilesetLoader        - Writing to buffer: dst=1280,256, w=32,h=32, src=384,480
14:38:47.682 [FXGL Background Thread 2 ] DEBUG TilesetLoader        - Writing to buffer: dst=1312,256, w=32,h=32, src=256,32
14:38:47.683 [FXGL Background Thread 2 ] DEBUG TilesetLoader        - Writing to buffer: dst=1344,256, w=32,h=32, src=416,480
14:38:47.683 [FXGL Background Thread 2 ] DEBUG TilesetLoader        - Writing to buffer: dst=1376,256, w=32,h=32, src=288,32
14:38:47.684 [FXGL Background Thread 2 ] DEBUG TilesetLoader        - Writing to buffer: dst=1408,256, w=32,h=32, src=448,480
14:38:47.684 [FXGL Background Thread 2 ] DEBUG TilesetLoader        - Writing to buffer: dst=1440,256, w=32,h=32, src=320,32
14:38:47.685 [FXGL Background Thread 2 ] DEBUG TilesetLoader        - Writing to buffer: dst=1472,256, w=32,h=32, src=384,512
14:38:47.686 [FXGL Background Thread 2 ] DEBUG TilesetLoader        - Writing to buffer: dst=1536,256, w=32,h=32, src=160,448
14:38:47.687 [FXGL Background Thread 2 ] DEBUG TilesetLoader        - Writing to buffer: dst=1568,256, w=32,h=32, src=0,32
14:38:47.687 [FXGL Background Thread 2 ] DEBUG TilesetLoader        - Writing to buffer: dst=0,288, w=32,h=32, src=64,32
14:38:47.688 [FXGL Background Thread 2 ] DEBUG TilesetLoader        - Writing to buffer: dst=704,288, w=32,h=32, src=960,64
14:38:47.688 [FXGL Background Thread 2 ] DEBUG TilesetLoader        - Writing to buffer: dst=736,288, w=32,h=32, src=992,64
14:38:47.688 [FXGL Background Thread 2 ] DEBUG TilesetLoader        - Writing to buffer: dst=928,288, w=32,h=32, src=0,256
14:38:47.688 [FXGL Background Thread 2 ] DEBUG TilesetLoader        - Writing to buffer: dst=1056,288, w=32,h=32, src=0,320
14:38:47.689 [FXGL Background Thread 2 ] DEBUG TilesetLoader        - Writing to buffer: dst=1248,288, w=32,h=32, src=192,96
14:38:47.689 [FXGL Background Thread 2 ] DEBUG TilesetLoader        - Writing to buffer: dst=1280,288, w=32,h=32, src=224,96
14:38:47.690 [FXGL Background Thread 2 ] DEBUG TilesetLoader        - Writing to buffer: dst=1312,288, w=32,h=32, src=256,96
14:38:47.690 [FXGL Background Thread 2 ] DEBUG TilesetLoader        - Writing to buffer: dst=1344,288, w=32,h=32, src=288,96
14:38:47.690 [FXGL Background Thread 2 ] DEBUG TilesetLoader        - Writing to buffer: dst=1376,288, w=32,h=32, src=448,96
14:38:47.691 [FXGL Background Thread 2 ] DEBUG TilesetLoader        - Writing to buffer: dst=1408,288, w=32,h=32, src=448,96
14:38:47.691 [FXGL Background Thread 2 ] DEBUG TilesetLoader        - Writing to buffer: dst=1440,288, w=32,h=32, src=448,96
14:38:47.691 [FXGL Background Thread 2 ] DEBUG TilesetLoader        - Writing to buffer: dst=1472,288, w=32,h=32, src=448,96
14:38:47.692 [FXGL Background Thread 2 ] DEBUG TilesetLoader        - Writing to buffer: dst=1504,288, w=32,h=32, src=448,96
14:38:47.692 [FXGL Background Thread 2 ] DEBUG TilesetLoader        - Writing to buffer: dst=1536,288, w=32,h=32, src=480,96
14:38:47.692 [FXGL Background Thread 2 ] DEBUG TilesetLoader        - Writing to buffer: dst=1568,288, w=32,h=32, src=0,32
14:38:47.693 [FXGL Background Thread 2 ] DEBUG TilesetLoader        - Writing to buffer: dst=0,320, w=32,h=32, src=64,32
14:38:47.693 [FXGL Background Thread 2 ] DEBUG TilesetLoader        - Writing to buffer: dst=64,320, w=32,h=32, src=192,384
14:38:47.694 [FXGL Background Thread 2 ] DEBUG TilesetLoader        - Writing to buffer: dst=96,320, w=32,h=32, src=192,384
14:38:47.694 [FXGL Background Thread 2 ] DEBUG TilesetLoader        - Writing to buffer: dst=128,320, w=32,h=32, src=192,384
14:38:47.694 [FXGL Background Thread 2 ] DEBUG TilesetLoader        - Writing to buffer: dst=704,320, w=32,h=32, src=960,96
14:38:47.695 [FXGL Background Thread 2 ] DEBUG TilesetLoader        - Writing to buffer: dst=736,320, w=32,h=32, src=992,96
14:38:47.695 [FXGL Background Thread 2 ] DEBUG TilesetLoader        - Writing to buffer: dst=928,320, w=32,h=32, src=0,288
14:38:47.696 [FXGL Background Thread 2 ] DEBUG TilesetLoader        - Writing to buffer: dst=1248,320, w=32,h=32, src=192,128
14:38:47.696 [FXGL Background Thread 2 ] DEBUG TilesetLoader        - Writing to buffer: dst=1280,320, w=32,h=32, src=224,128
14:38:47.696 [FXGL Background Thread 2 ] DEBUG TilesetLoader        - Writing to buffer: dst=1312,320, w=32,h=32, src=256,128
14:38:47.696 [FXGL Background Thread 2 ] DEBUG TilesetLoader        - Writing to buffer: dst=1344,320, w=32,h=32, src=800,352
14:38:47.697 [FXGL Background Thread 2 ] DEBUG TilesetLoader        - Writing to buffer: dst=1376,320, w=32,h=32, src=832,352
14:38:47.697 [FXGL Background Thread 2 ] DEBUG TilesetLoader        - Writing to buffer: dst=1408,320, w=32,h=32, src=864,352
14:38:47.697 [FXGL Background Thread 2 ] DEBUG TilesetLoader        - Writing to buffer: dst=1440,320, w=32,h=32, src=896,352
14:38:47.698 [FXGL Background Thread 2 ] DEBUG TilesetLoader        - Writing to buffer: dst=1472,320, w=32,h=32, src=928,352
14:38:47.698 [FXGL Background Thread 2 ] DEBUG TilesetLoader        - Writing to buffer: dst=1568,320, w=32,h=32, src=0,32
14:38:47.699 [FXGL Background Thread 2 ] DEBUG TilesetLoader        - Writing to buffer: dst=0,352, w=32,h=32, src=64,32
14:38:47.700 [FXGL Background Thread 2 ] DEBUG TilesetLoader        - Writing to buffer: dst=64,352, w=32,h=32, src=192,384
14:38:47.700 [FXGL Background Thread 2 ] DEBUG TilesetLoader        - Writing to buffer: dst=96,352, w=32,h=32, src=192,384
14:38:47.700 [FXGL Background Thread 2 ] DEBUG TilesetLoader        - Writing to buffer: dst=128,352, w=32,h=32, src=192,384
14:38:47.701 [FXGL Background Thread 2 ] DEBUG TilesetLoader        - Writing to buffer: dst=704,352, w=32,h=32, src=0,0
14:38:47.702 [FXGL Background Thread 2 ] DEBUG TilesetLoader        - Writing to buffer: dst=736,352, w=32,h=32, src=32,0
14:38:47.703 [FXGL Background Thread 2 ] DEBUG TilesetLoader        - Writing to buffer: dst=768,352, w=32,h=32, src=64,0
14:38:47.704 [FXGL Background Thread 2 ] DEBUG TilesetLoader        - Writing to buffer: dst=928,352, w=32,h=32, src=0,320
14:38:47.704 [FXGL Background Thread 2 ] DEBUG TilesetLoader        - Writing to buffer: dst=1152,352, w=32,h=32, src=96,128
14:38:47.704 [FXGL Background Thread 2 ] DEBUG TilesetLoader        - Writing to buffer: dst=1184,352, w=32,h=32, src=128,160
14:38:47.705 [FXGL Background Thread 2 ] DEBUG TilesetLoader        - Writing to buffer: dst=1216,352, w=32,h=32, src=512,128
14:38:47.705 [FXGL Background Thread 2 ] DEBUG TilesetLoader        - Writing to buffer: dst=1248,352, w=32,h=32, src=192,160
14:38:47.705 [FXGL Background Thread 2 ] DEBUG TilesetLoader        - Writing to buffer: dst=1280,352, w=32,h=32, src=256,160
14:38:47.705 [FXGL Background Thread 2 ] DEBUG TilesetLoader        - Writing to buffer: dst=1312,352, w=32,h=32, src=288,160
14:38:47.706 [FXGL Background Thread 2 ] DEBUG TilesetLoader        - Writing to buffer: dst=1344,352, w=32,h=32, src=352,96
14:38:47.706 [FXGL Background Thread 2 ] DEBUG TilesetLoader        - Writing to buffer: dst=1376,352, w=32,h=32, src=384,96
14:38:47.706 [FXGL Background Thread 2 ] DEBUG TilesetLoader        - Writing to buffer: dst=1408,352, w=32,h=32, src=416,96
14:38:47.707 [FXGL Background Thread 2 ] DEBUG TilesetLoader        - Writing to buffer: dst=1440,352, w=32,h=32, src=448,96
14:38:47.707 [FXGL Background Thread 2 ] DEBUG TilesetLoader        - Writing to buffer: dst=1472,352, w=32,h=32, src=480,96
14:38:47.707 [FXGL Background Thread 2 ] DEBUG TilesetLoader        - Writing to buffer: dst=1568,352, w=32,h=32, src=0,32
14:38:47.708 [FXGL Background Thread 2 ] DEBUG TilesetLoader        - Writing to buffer: dst=0,384, w=32,h=32, src=64,32
14:38:47.708 [FXGL Background Thread 2 ] DEBUG TilesetLoader        - Writing to buffer: dst=64,384, w=32,h=32, src=192,384
14:38:47.708 [FXGL Background Thread 2 ] DEBUG TilesetLoader        - Writing to buffer: dst=96,384, w=32,h=32, src=192,384
14:38:47.708 [FXGL Background Thread 2 ] DEBUG TilesetLoader        - Writing to buffer: dst=128,384, w=32,h=32, src=192,384
14:38:47.708 [FXGL Background Thread 2 ] DEBUG TilesetLoader        - Writing to buffer: dst=704,384, w=32,h=32, src=0,32
14:38:47.708 [FXGL Background Thread 2 ] DEBUG TilesetLoader        - Writing to buffer: dst=736,384, w=32,h=32, src=32,32
14:38:47.709 [FXGL Background Thread 2 ] DEBUG TilesetLoader        - Writing to buffer: dst=768,384, w=32,h=32, src=64,32
14:38:47.709 [FXGL Background Thread 2 ] DEBUG TilesetLoader        - Writing to buffer: dst=1152,384, w=32,h=32, src=96,128
14:38:47.709 [FXGL Background Thread 2 ] DEBUG TilesetLoader        - Writing to buffer: dst=1184,384, w=32,h=32, src=128,192
14:38:47.710 [FXGL Background Thread 2 ] DEBUG TilesetLoader        - Writing to buffer: dst=1216,384, w=32,h=32, src=512,160
14:38:47.710 [FXGL Background Thread 2 ] DEBUG TilesetLoader        - Writing to buffer: dst=1248,384, w=32,h=32, src=192,192
14:38:47.710 [FXGL Background Thread 2 ] DEBUG TilesetLoader        - Writing to buffer: dst=1280,384, w=32,h=32, src=256,192
14:38:47.710 [FXGL Background Thread 2 ] DEBUG TilesetLoader        - Writing to buffer: dst=1312,384, w=32,h=32, src=288,192
14:38:47.710 [FXGL Background Thread 2 ] DEBUG TilesetLoader        - Writing to buffer: dst=1344,384, w=32,h=32, src=320,128
14:38:47.710 [FXGL Background Thread 2 ] DEBUG TilesetLoader        - Writing to buffer: dst=1376,384, w=32,h=32, src=384,128
14:38:47.710 [FXGL Background Thread 2 ] DEBUG TilesetLoader        - Writing to buffer: dst=1408,384, w=32,h=32, src=416,128
14:38:47.711 [FXGL Background Thread 2 ] DEBUG TilesetLoader        - Writing to buffer: dst=1440,384, w=32,h=32, src=448,128
14:38:47.712 [FXGL Background Thread 2 ] DEBUG TilesetLoader        - Writing to buffer: dst=1472,384, w=32,h=32, src=480,128
14:38:47.712 [FXGL Background Thread 2 ] DEBUG TilesetLoader        - Writing to buffer: dst=1568,384, w=32,h=32, src=0,32
14:38:47.712 [FXGL Background Thread 2 ] DEBUG TilesetLoader        - Writing to buffer: dst=0,416, w=32,h=32, src=64,32
14:38:47.713 [FXGL Background Thread 2 ] DEBUG TilesetLoader        - Writing to buffer: dst=32,416, w=32,h=32, src=192,384
14:38:47.713 [FXGL Background Thread 2 ] DEBUG TilesetLoader        - Writing to buffer: dst=64,416, w=32,h=32, src=192,384
14:38:47.713 [FXGL Background Thread 2 ] DEBUG TilesetLoader        - Writing to buffer: dst=96,416, w=32,h=32, src=192,384
14:38:47.713 [FXGL Background Thread 2 ] DEBUG TilesetLoader        - Writing to buffer: dst=128,416, w=32,h=32, src=192,384
14:38:47.714 [FXGL Background Thread 2 ] DEBUG TilesetLoader        - Writing to buffer: dst=160,416, w=32,h=32, src=192,384
14:38:47.714 [FXGL Background Thread 2 ] DEBUG TilesetLoader        - Writing to buffer: dst=192,416, w=32,h=32, src=192,384
14:38:47.714 [FXGL Background Thread 2 ] DEBUG TilesetLoader        - Writing to buffer: dst=224,416, w=32,h=32, src=192,384
14:38:47.715 [FXGL Background Thread 2 ] DEBUG TilesetLoader        - Writing to buffer: dst=256,416, w=32,h=32, src=192,384
14:38:47.715 [FXGL Background Thread 2 ] DEBUG TilesetLoader        - Writing to buffer: dst=704,416, w=32,h=32, src=0,64
14:38:47.715 [FXGL Background Thread 2 ] DEBUG TilesetLoader        - Writing to buffer: dst=736,416, w=32,h=32, src=32,64
14:38:47.716 [FXGL Background Thread 2 ] DEBUG TilesetLoader        - Writing to buffer: dst=768,416, w=32,h=32, src=64,64
14:38:47.716 [FXGL Background Thread 2 ] DEBUG TilesetLoader        - Writing to buffer: dst=928,416, w=32,h=32, src=576,32
14:38:47.717 [FXGL Background Thread 2 ] DEBUG TilesetLoader        - Writing to buffer: dst=1152,416, w=32,h=32, src=96,128
14:38:47.717 [FXGL Background Thread 2 ] DEBUG TilesetLoader        - Writing to buffer: dst=1184,416, w=32,h=32, src=128,224
14:38:47.717 [FXGL Background Thread 2 ] DEBUG TilesetLoader        - Writing to buffer: dst=1216,416, w=32,h=32, src=160,224
14:38:47.718 [FXGL Background Thread 2 ] DEBUG TilesetLoader        - Writing to buffer: dst=1248,416, w=32,h=32, src=192,224
14:38:47.719 [FXGL Background Thread 2 ] DEBUG TilesetLoader        - Writing to buffer: dst=1280,416, w=32,h=32, src=256,224
14:38:47.720 [FXGL Background Thread 2 ] DEBUG TilesetLoader        - Writing to buffer: dst=1312,416, w=32,h=32, src=288,224
14:38:47.720 [FXGL Background Thread 2 ] DEBUG TilesetLoader        - Writing to buffer: dst=1344,416, w=32,h=32, src=352,160
14:38:47.721 [FXGL Background Thread 2 ] DEBUG TilesetLoader        - Writing to buffer: dst=1376,416, w=32,h=32, src=384,160
14:38:47.721 [FXGL Background Thread 2 ] DEBUG TilesetLoader        - Writing to buffer: dst=1408,416, w=32,h=32, src=416,160
14:38:47.721 [FXGL Background Thread 2 ] DEBUG TilesetLoader        - Writing to buffer: dst=1440,416, w=32,h=32, src=448,160
14:38:47.721 [FXGL Background Thread 2 ] DEBUG TilesetLoader        - Writing to buffer: dst=1472,416, w=32,h=32, src=480,160
14:38:47.722 [FXGL Background Thread 2 ] DEBUG TilesetLoader        - Writing to buffer: dst=1568,416, w=32,h=32, src=0,32
14:38:47.722 [FXGL Background Thread 2 ] DEBUG TilesetLoader        - Writing to buffer: dst=0,448, w=32,h=32, src=64,32
14:38:47.722 [FXGL Background Thread 2 ] DEBUG TilesetLoader        - Writing to buffer: dst=32,448, w=32,h=32, src=192,384
14:38:47.722 [FXGL Background Thread 2 ] DEBUG TilesetLoader        - Writing to buffer: dst=64,448, w=32,h=32, src=192,384
14:38:47.723 [FXGL Background Thread 2 ] DEBUG TilesetLoader        - Writing to buffer: dst=96,448, w=32,h=32, src=192,384
14:38:47.723 [FXGL Background Thread 2 ] DEBUG TilesetLoader        - Writing to buffer: dst=128,448, w=32,h=32, src=192,384
14:38:47.723 [FXGL Background Thread 2 ] DEBUG TilesetLoader        - Writing to buffer: dst=160,448, w=32,h=32, src=192,384
14:38:47.724 [FXGL Background Thread 2 ] DEBUG TilesetLoader        - Writing to buffer: dst=192,448, w=32,h=32, src=192,384
14:38:47.724 [FXGL Background Thread 2 ] DEBUG TilesetLoader        - Writing to buffer: dst=224,448, w=32,h=32, src=192,384
14:38:47.724 [FXGL Background Thread 2 ] DEBUG TilesetLoader        - Writing to buffer: dst=256,448, w=32,h=32, src=192,384
14:38:47.724 [FXGL Background Thread 2 ] DEBUG TilesetLoader        - Writing to buffer: dst=288,448, w=32,h=32, src=192,384
14:38:47.725 [FXGL Background Thread 2 ] DEBUG TilesetLoader        - Writing to buffer: dst=352,448, w=32,h=32, src=832,448
14:38:47.725 [FXGL Background Thread 2 ] DEBUG TilesetLoader        - Writing to buffer: dst=384,448, w=32,h=32, src=864,448
14:38:47.725 [FXGL Background Thread 2 ] DEBUG TilesetLoader        - Writing to buffer: dst=416,448, w=32,h=32, src=896,448
14:38:47.725 [FXGL Background Thread 2 ] DEBUG TilesetLoader        - Writing to buffer: dst=448,448, w=32,h=32, src=928,448
14:38:47.726 [FXGL Background Thread 2 ] DEBUG TilesetLoader        - Writing to buffer: dst=480,448, w=32,h=32, src=960,448
14:38:47.726 [FXGL Background Thread 2 ] DEBUG TilesetLoader        - Writing to buffer: dst=896,448, w=32,h=32, src=128,0
14:38:47.726 [FXGL Background Thread 2 ] DEBUG TilesetLoader        - Writing to buffer: dst=928,448, w=32,h=32, src=160,0
14:38:47.727 [FXGL Background Thread 2 ] DEBUG TilesetLoader        - Writing to buffer: dst=1568,448, w=32,h=32, src=0,32
14:38:47.727 [FXGL Background Thread 2 ] DEBUG TilesetLoader        - Writing to buffer: dst=0,480, w=32,h=32, src=64,32
14:38:47.727 [FXGL Background Thread 2 ] DEBUG TilesetLoader        - Writing to buffer: dst=32,480, w=32,h=32, src=192,384
14:38:47.728 [FXGL Background Thread 2 ] DEBUG TilesetLoader        - Writing to buffer: dst=64,480, w=32,h=32, src=192,384
14:38:47.728 [FXGL Background Thread 2 ] DEBUG TilesetLoader        - Writing to buffer: dst=96,480, w=32,h=32, src=192,384
14:38:47.728 [FXGL Background Thread 2 ] DEBUG TilesetLoader        - Writing to buffer: dst=128,480, w=32,h=32, src=192,384
14:38:47.729 [FXGL Background Thread 2 ] DEBUG TilesetLoader        - Writing to buffer: dst=160,480, w=32,h=32, src=192,384
14:38:47.729 [FXGL Background Thread 2 ] DEBUG TilesetLoader        - Writing to buffer: dst=192,480, w=32,h=32, src=192,384
14:38:47.729 [FXGL Background Thread 2 ] DEBUG TilesetLoader        - Writing to buffer: dst=224,480, w=32,h=32, src=192,384
14:38:47.730 [FXGL Background Thread 2 ] DEBUG TilesetLoader        - Writing to buffer: dst=256,480, w=32,h=32, src=192,384
14:38:47.730 [FXGL Background Thread 2 ] DEBUG TilesetLoader        - Writing to buffer: dst=288,480, w=32,h=32, src=192,384
14:38:47.730 [FXGL Background Thread 2 ] DEBUG TilesetLoader        - Writing to buffer: dst=352,480, w=32,h=32, src=832,480
14:38:47.731 [FXGL Background Thread 2 ] DEBUG TilesetLoader        - Writing to buffer: dst=384,480, w=32,h=32, src=864,480
14:38:47.731 [FXGL Background Thread 2 ] DEBUG TilesetLoader        - Writing to buffer: dst=416,480, w=32,h=32, src=896,480
14:38:47.732 [FXGL Background Thread 2 ] DEBUG TilesetLoader        - Writing to buffer: dst=448,480, w=32,h=32, src=928,480
14:38:47.733 [FXGL Background Thread 2 ] DEBUG TilesetLoader        - Writing to buffer: dst=480,480, w=32,h=32, src=960,480
14:38:47.733 [FXGL Background Thread 2 ] DEBUG TilesetLoader        - Writing to buffer: dst=896,480, w=32,h=32, src=128,32
14:38:47.734 [FXGL Background Thread 2 ] DEBUG TilesetLoader        - Writing to buffer: dst=928,480, w=32,h=32, src=160,32
14:38:47.734 [FXGL Background Thread 2 ] DEBUG TilesetLoader        - Writing to buffer: dst=1568,480, w=32,h=32, src=0,32
14:38:47.734 [FXGL Background Thread 2 ] DEBUG TilesetLoader        - Writing to buffer: dst=0,512, w=32,h=32, src=64,32
14:38:47.734 [FXGL Background Thread 2 ] DEBUG TilesetLoader        - Writing to buffer: dst=32,512, w=32,h=32, src=192,384
14:38:47.735 [FXGL Background Thread 2 ] DEBUG TilesetLoader        - Writing to buffer: dst=64,512, w=32,h=32, src=192,384
14:38:47.736 [FXGL Background Thread 2 ] DEBUG TilesetLoader        - Writing to buffer: dst=352,512, w=32,h=32, src=832,512
14:38:47.736 [FXGL Background Thread 2 ] DEBUG TilesetLoader        - Writing to buffer: dst=384,512, w=32,h=32, src=864,512
14:38:47.737 [FXGL Background Thread 2 ] DEBUG TilesetLoader        - Writing to buffer: dst=416,512, w=32,h=32, src=896,512
14:38:47.737 [FXGL Background Thread 2 ] DEBUG TilesetLoader        - Writing to buffer: dst=448,512, w=32,h=32, src=928,512
14:38:47.737 [FXGL Background Thread 2 ] DEBUG TilesetLoader        - Writing to buffer: dst=480,512, w=32,h=32, src=960,512
14:38:47.737 [FXGL Background Thread 2 ] DEBUG TilesetLoader        - Writing to buffer: dst=1568,512, w=32,h=32, src=0,32
14:38:47.738 [FXGL Background Thread 2 ] DEBUG TilesetLoader        - Writing to buffer: dst=0,544, w=32,h=32, src=64,32
14:38:47.738 [FXGL Background Thread 2 ] DEBUG TilesetLoader        - Writing to buffer: dst=32,544, w=32,h=32, src=192,384
14:38:47.738 [FXGL Background Thread 2 ] DEBUG TilesetLoader        - Writing to buffer: dst=64,544, w=32,h=32, src=192,384
14:38:47.739 [FXGL Background Thread 2 ] DEBUG TilesetLoader        - Writing to buffer: dst=352,544, w=32,h=32, src=832,544
14:38:47.739 [FXGL Background Thread 2 ] DEBUG TilesetLoader        - Writing to buffer: dst=384,544, w=32,h=32, src=864,544
14:38:47.740 [FXGL Background Thread 2 ] DEBUG TilesetLoader        - Writing to buffer: dst=416,544, w=32,h=32, src=896,544
14:38:47.740 [FXGL Background Thread 2 ] DEBUG TilesetLoader        - Writing to buffer: dst=448,544, w=32,h=32, src=928,544
14:38:47.741 [FXGL Background Thread 2 ] DEBUG TilesetLoader        - Writing to buffer: dst=480,544, w=32,h=32, src=512,480
14:38:47.741 [FXGL Background Thread 2 ] DEBUG TilesetLoader        - Writing to buffer: dst=512,544, w=32,h=32, src=544,480
14:38:47.741 [FXGL Background Thread 2 ] DEBUG TilesetLoader        - Writing to buffer: dst=544,544, w=32,h=32, src=576,480
14:38:47.741 [FXGL Background Thread 2 ] DEBUG TilesetLoader        - Writing to buffer: dst=576,544, w=32,h=32, src=608,480
14:38:47.741 [FXGL Background Thread 2 ] DEBUG TilesetLoader        - Writing to buffer: dst=608,544, w=32,h=32, src=640,480
14:38:47.741 [FXGL Background Thread 2 ] DEBUG TilesetLoader        - Writing to buffer: dst=768,544, w=32,h=32, src=288,0
14:38:47.741 [FXGL Background Thread 2 ] DEBUG TilesetLoader        - Writing to buffer: dst=800,544, w=32,h=32, src=320,0
14:38:47.742 [FXGL Background Thread 2 ] DEBUG TilesetLoader        - Writing to buffer: dst=1568,544, w=32,h=32, src=0,32
14:38:47.742 [FXGL Background Thread 2 ] DEBUG TilesetLoader        - Writing to buffer: dst=0,576, w=32,h=32, src=64,32
14:38:47.742 [FXGL Background Thread 2 ] DEBUG TilesetLoader        - Writing to buffer: dst=32,576, w=32,h=32, src=160,416
14:38:47.742 [FXGL Background Thread 2 ] DEBUG TilesetLoader        - Writing to buffer: dst=64,576, w=32,h=32, src=0,0
14:38:47.742 [FXGL Background Thread 2 ] DEBUG TilesetLoader        - Writing to buffer: dst=96,576, w=32,h=32, src=32,0
14:38:47.743 [FXGL Background Thread 2 ] DEBUG TilesetLoader        - Writing to buffer: dst=128,576, w=32,h=32, src=64,0
14:38:47.743 [FXGL Background Thread 2 ] DEBUG TilesetLoader        - Writing to buffer: dst=352,576, w=32,h=32, src=832,576
14:38:47.743 [FXGL Background Thread 2 ] DEBUG TilesetLoader        - Writing to buffer: dst=384,576, w=32,h=32, src=864,576
14:38:47.744 [FXGL Background Thread 2 ] DEBUG TilesetLoader        - Writing to buffer: dst=416,576, w=32,h=32, src=896,576
14:38:47.744 [FXGL Background Thread 2 ] DEBUG TilesetLoader        - Writing to buffer: dst=448,576, w=32,h=32, src=928,576
14:38:47.744 [FXGL Background Thread 2 ] DEBUG TilesetLoader        - Writing to buffer: dst=480,576, w=32,h=32, src=512,512
14:38:47.744 [FXGL Background Thread 2 ] DEBUG TilesetLoader        - Writing to buffer: dst=512,576, w=32,h=32, src=544,512
14:38:47.744 [FXGL Background Thread 2 ] DEBUG TilesetLoader        - Writing to buffer: dst=544,576, w=32,h=32, src=576,512
14:38:47.745 [FXGL Background Thread 2 ] DEBUG TilesetLoader        - Writing to buffer: dst=576,576, w=32,h=32, src=608,512
14:38:47.745 [FXGL Background Thread 2 ] DEBUG TilesetLoader        - Writing to buffer: dst=608,576, w=32,h=32, src=640,512
14:38:47.745 [FXGL Background Thread 2 ] DEBUG TilesetLoader        - Writing to buffer: dst=1568,576, w=32,h=32, src=0,32
14:38:47.745 [FXGL Background Thread 2 ] DEBUG TilesetLoader        - Writing to buffer: dst=0,608, w=32,h=32, src=64,32
14:38:47.745 [FXGL Background Thread 2 ] DEBUG TilesetLoader        - Writing to buffer: dst=32,608, w=32,h=32, src=160,448
14:38:47.746 [FXGL Background Thread 2 ] DEBUG TilesetLoader        - Writing to buffer: dst=64,608, w=32,h=32, src=0,32
14:38:47.746 [FXGL Background Thread 2 ] DEBUG TilesetLoader        - Writing to buffer: dst=96,608, w=32,h=32, src=32,32
14:38:47.746 [FXGL Background Thread 2 ] DEBUG TilesetLoader        - Writing to buffer: dst=128,608, w=32,h=32, src=64,32
14:38:47.746 [FXGL Background Thread 2 ] DEBUG TilesetLoader        - Writing to buffer: dst=320,608, w=32,h=32, src=192,96
14:38:47.746 [FXGL Background Thread 2 ] DEBUG TilesetLoader        - Writing to buffer: dst=352,608, w=32,h=32, src=224,96
14:38:47.747 [FXGL Background Thread 2 ] DEBUG TilesetLoader        - Writing to buffer: dst=384,608, w=32,h=32, src=256,96
14:38:47.747 [FXGL Background Thread 2 ] DEBUG TilesetLoader        - Writing to buffer: dst=416,608, w=32,h=32, src=288,96
14:38:47.749 [FXGL Background Thread 2 ] DEBUG TilesetLoader        - Writing to buffer: dst=448,608, w=32,h=32, src=320,96
14:38:47.749 [FXGL Background Thread 2 ] DEBUG TilesetLoader        - Writing to buffer: dst=480,608, w=32,h=32, src=320,96
14:38:47.750 [FXGL Background Thread 2 ] DEBUG TilesetLoader        - Writing to buffer: dst=512,608, w=32,h=32, src=320,96
14:38:47.750 [FXGL Background Thread 2 ] DEBUG TilesetLoader        - Writing to buffer: dst=544,608, w=32,h=32, src=320,96
14:38:47.750 [FXGL Background Thread 2 ] DEBUG TilesetLoader        - Writing to buffer: dst=576,608, w=32,h=32, src=320,96
14:38:47.751 [FXGL Background Thread 2 ] DEBUG TilesetLoader        - Writing to buffer: dst=608,608, w=32,h=32, src=320,96
14:38:47.751 [FXGL Background Thread 2 ] DEBUG TilesetLoader        - Writing to buffer: dst=640,608, w=32,h=32, src=320,0
14:38:47.752 [FXGL Background Thread 2 ] DEBUG TilesetLoader        - Writing to buffer: dst=1568,608, w=32,h=32, src=0,32
14:38:47.754 [FXGL Background Thread 2 ] DEBUG TilesetLoader        - Writing to buffer: dst=0,640, w=32,h=32, src=64,32
14:38:47.754 [FXGL Background Thread 2 ] DEBUG TilesetLoader        - Writing to buffer: dst=32,640, w=32,h=32, src=160,480
14:38:47.754 [FXGL Background Thread 2 ] DEBUG TilesetLoader        - Writing to buffer: dst=64,640, w=32,h=32, src=0,32
14:38:47.755 [FXGL Background Thread 2 ] DEBUG TilesetLoader        - Writing to buffer: dst=96,640, w=32,h=32, src=32,32
14:38:47.755 [FXGL Background Thread 2 ] DEBUG TilesetLoader        - Writing to buffer: dst=128,640, w=32,h=32, src=64,32
14:38:47.755 [FXGL Background Thread 2 ] DEBUG TilesetLoader        - Writing to buffer: dst=320,640, w=32,h=32, src=192,128
14:38:47.756 [FXGL Background Thread 2 ] DEBUG TilesetLoader        - Writing to buffer: dst=352,640, w=32,h=32, src=224,128
14:38:47.756 [FXGL Background Thread 2 ] DEBUG TilesetLoader        - Writing to buffer: dst=384,640, w=32,h=32, src=256,128
14:38:47.756 [FXGL Background Thread 2 ] DEBUG TilesetLoader        - Writing to buffer: dst=416,640, w=32,h=32, src=288,128
14:38:47.756 [FXGL Background Thread 2 ] DEBUG TilesetLoader        - Writing to buffer: dst=480,640, w=32,h=32, src=256,128
14:38:47.756 [FXGL Background Thread 2 ] DEBUG TilesetLoader        - Writing to buffer: dst=608,640, w=32,h=32, src=256,128
14:38:47.756 [FXGL Background Thread 2 ] DEBUG TilesetLoader        - Writing to buffer: dst=1568,640, w=32,h=32, src=0,32
14:38:47.756 [FXGL Background Thread 2 ] DEBUG TilesetLoader        - Writing to buffer: dst=0,672, w=32,h=32, src=64,32
14:38:47.757 [FXGL Background Thread 2 ] DEBUG TilesetLoader        - Writing to buffer: dst=32,672, w=32,h=32, src=160,416
14:38:47.757 [FXGL Background Thread 2 ] DEBUG TilesetLoader        - Writing to buffer: dst=64,672, w=32,h=32, src=0,32
14:38:47.757 [FXGL Background Thread 2 ] DEBUG TilesetLoader        - Writing to buffer: dst=96,672, w=32,h=32, src=32,32
14:38:47.757 [FXGL Background Thread 2 ] DEBUG TilesetLoader        - Writing to buffer: dst=128,672, w=32,h=32, src=64,32
14:38:47.757 [FXGL Background Thread 2 ] DEBUG TilesetLoader        - Writing to buffer: dst=384,672, w=32,h=32, src=256,128
14:38:47.757 [FXGL Background Thread 2 ] DEBUG TilesetLoader        - Writing to buffer: dst=480,672, w=32,h=32, src=256,128
14:38:47.758 [FXGL Background Thread 2 ] DEBUG TilesetLoader        - Writing to buffer: dst=608,672, w=32,h=32, src=256,128
14:38:47.758 [FXGL Background Thread 2 ] DEBUG TilesetLoader        - Writing to buffer: dst=1568,672, w=32,h=32, src=0,32
14:38:47.759 [FXGL Background Thread 2 ] DEBUG TilesetLoader        - Writing to buffer: dst=0,704, w=32,h=32, src=64,32
14:38:47.759 [FXGL Background Thread 2 ] DEBUG TilesetLoader        - Writing to buffer: dst=32,704, w=32,h=32, src=160,416
14:38:47.759 [FXGL Background Thread 2 ] DEBUG TilesetLoader        - Writing to buffer: dst=64,704, w=32,h=32, src=0,32
14:38:47.759 [FXGL Background Thread 2 ] DEBUG TilesetLoader        - Writing to buffer: dst=96,704, w=32,h=32, src=32,32
14:38:47.760 [FXGL Background Thread 2 ] DEBUG TilesetLoader        - Writing to buffer: dst=128,704, w=32,h=32, src=64,32
14:38:47.760 [FXGL Background Thread 2 ] DEBUG TilesetLoader        - Writing to buffer: dst=384,704, w=32,h=32, src=256,128
14:38:47.760 [FXGL Background Thread 2 ] DEBUG TilesetLoader        - Writing to buffer: dst=480,704, w=32,h=32, src=480,352
14:38:47.760 [FXGL Background Thread 2 ] DEBUG TilesetLoader        - Writing to buffer: dst=608,704, w=32,h=32, src=256,128
14:38:47.760 [FXGL Background Thread 2 ] DEBUG TilesetLoader        - Writing to buffer: dst=1568,704, w=32,h=32, src=0,32
14:38:47.761 [FXGL Background Thread 2 ] DEBUG TilesetLoader        - Writing to buffer: dst=0,736, w=32,h=32, src=64,32
14:38:47.761 [FXGL Background Thread 2 ] DEBUG TilesetLoader        - Writing to buffer: dst=32,736, w=32,h=32, src=160,448
14:38:47.761 [FXGL Background Thread 2 ] DEBUG TilesetLoader        - Writing to buffer: dst=64,736, w=32,h=32, src=0,32
14:38:47.761 [FXGL Background Thread 2 ] DEBUG TilesetLoader        - Writing to buffer: dst=96,736, w=32,h=32, src=32,32
14:38:47.761 [FXGL Background Thread 2 ] DEBUG TilesetLoader        - Writing to buffer: dst=128,736, w=32,h=32, src=64,32
14:38:47.761 [FXGL Background Thread 2 ] DEBUG TilesetLoader        - Writing to buffer: dst=384,736, w=32,h=32, src=256,128
14:38:47.762 [FXGL Background Thread 2 ] DEBUG TilesetLoader        - Writing to buffer: dst=608,736, w=32,h=32, src=480,352
14:38:47.762 [FXGL Background Thread 2 ] DEBUG TilesetLoader        - Writing to buffer: dst=1568,736, w=32,h=32, src=0,32
14:38:47.762 [FXGL Background Thread 2 ] DEBUG TilesetLoader        - Writing to buffer: dst=0,768, w=32,h=32, src=64,32
14:38:47.763 [FXGL Background Thread 2 ] DEBUG TilesetLoader        - Writing to buffer: dst=32,768, w=32,h=32, src=160,480
14:38:47.763 [FXGL Background Thread 2 ] DEBUG TilesetLoader        - Writing to buffer: dst=64,768, w=32,h=32, src=0,64
14:38:47.763 [FXGL Background Thread 2 ] DEBUG TilesetLoader        - Writing to buffer: dst=96,768, w=32,h=32, src=32,64
14:38:47.763 [FXGL Background Thread 2 ] DEBUG TilesetLoader        - Writing to buffer: dst=128,768, w=32,h=32, src=64,64
14:38:47.763 [FXGL Background Thread 2 ] DEBUG TilesetLoader        - Writing to buffer: dst=384,768, w=32,h=32, src=480,352
14:38:47.764 [FXGL Background Thread 2 ] DEBUG TilesetLoader        - Writing to buffer: dst=1568,768, w=32,h=32, src=0,32
14:38:47.765 [FXGL Background Thread 2 ] DEBUG TMXLevelLoader       - Creating object layer entities
14:38:47.800 [FXGL Background Thread 2 ] DEBUG FXGLAssetLoaderServi - Loading from file system: file:/C:/Users/plane/IdeaProjects/IPOSE-Maven/target/classes/assets/textures/star.png
14:38:47.828 [FXGL Background Thread 2 ] DEBUG GameWorld            - Clearing removable entities
14:38:47.829 [FXGL Background Thread 2 ] DEBUG GameWorld            - Setting level: com.almasb.fxgl.entity.level.Level@4719e36b
14:38:47.855 [FXGL Background Thread 2 ] DEBUG FXGLAssetLoaderServi - Loading from file system: file:/C:/Users/plane/IdeaProjects/IPOSE-Maven/target/classes/assets/textures/girl.png
14:38:47.871 [FXGL Background Thread 2 ] DEBUG FXGLAssetLoaderServi - Loading from file system: file:/C:/Users/plane/IdeaProjects/IPOSE-Maven/target/classes/assets/textures/background.png
14:38:47.935 [FXGL Background Thread 2 ] INFO  FXGLApplication      - Game initialization took: 0,474 sec
14:38:47.948 [JavaFX Application Thread] DEBUG Input                - Clearing active input actions
14:38:47.961 [JavaFX Application Thread] DEBUG GameApplicationServi - Removing overlay from FXGLLoadingScene and adding to GameScene
14:38:47.962 [JavaFX Application Thread] DEBUG PrimaryStageWindow   - FXGLLoadingScene -> GameScene
14:38:49.678 [FXGL Background Thread 3 ] DEBUG Engine               - Logging environment variables
14:38:49.678 [FXGL Background Thread 3 ] DEBUG Engine               - achievements: []
14:38:49.680 [FXGL Background Thread 3 ] DEBUG Engine               - actualHeight: 640.0
14:38:49.681 [FXGL Background Thread 3 ] DEBUG Engine               - actualHeightProperty: ReadOnlyDoubleProperty [value: 640.0]
14:38:49.681 [FXGL Background Thread 3 ] DEBUG Engine               - actualWidth: 1050.0
14:38:49.682 [FXGL Background Thread 3 ] DEBUG Engine               - actualWidthProperty: ReadOnlyDoubleProperty [value: 1050.0]
14:38:49.682 [FXGL Background Thread 3 ] DEBUG Engine               - appIcon: fxgl_icon.png
14:38:49.682 [FXGL Background Thread 3 ] DEBUG Engine               - applicationMode: DEVELOPER
14:38:49.683 [FXGL Background Thread 3 ] DEBUG Engine               - cSSList: [fxgl_dark.css]
14:38:49.683 [FXGL Background Thread 3 ] DEBUG Engine               - collisionDetectionStrategy: BRUTE_FORCE
14:38:49.683 [FXGL Background Thread 3 ] DEBUG Engine               - configClass: Optional.empty
14:38:49.683 [FXGL Background Thread 3 ] DEBUG Engine               - credits: []
14:38:49.684 [FXGL Background Thread 3 ] DEBUG Engine               - devBBoxColorProperty: ObjectProperty [value: 0xff0000ff]
14:38:49.685 [FXGL Background Thread 3 ] DEBUG Engine               - devEnableDebugCameraProperty: BooleanProperty [value: false]
14:38:49.685 [FXGL Background Thread 3 ] DEBUG Engine               - devSensorColorProperty: ObjectProperty [value: 0xffff00ff]
14:38:49.685 [FXGL Background Thread 3 ] DEBUG Engine               - devShowBBoxProperty: BooleanProperty [value: false]
14:38:49.685 [FXGL Background Thread 3 ] DEBUG Engine               - devShowPositionProperty: BooleanProperty [value: false]
14:38:49.685 [FXGL Background Thread 3 ] DEBUG Engine               - enabledMenuItems: []
14:38:49.686 [FXGL Background Thread 3 ] DEBUG Engine               - engineServices: [class com.almasb.fxgl.app.services.FXGLAssetLoaderService, class com.almasb.fxgl.app.FXGLApplication$GameApplicationService, class com.almasb.fxgl.app.services.FXGLDialogService, class com.almasb.fxgl.app.services.IOTaskExecutorService, class com.almasb.fxgl.event.EventBusService, class com.almasb.fxgl.io.FileSystemService, class com.almasb.fxgl.localization.LocalizationService, class com.almasb.fxgl.app.services.SystemBundleService, class com.almasb.fxgl.profile.SaveLoadService, class com.almasb.fxgl.ui.FXGLUIFactoryServiceProvider, class com.almasb.fxgl.ui.FXGLDialogFactoryServiceProvider, class com.almasb.fxgl.audio.AudioPlayer, class com.almasb.fxgl.notification.impl.NotificationServiceProvider, class com.almasb.fxgl.achievement.AchievementService, class com.almasb.fxgl.cutscene.CutsceneService, class com.almasb.fxgl.minigames.MiniGameService, class com.almasb.fxgl.net.NetService, class com.almasb.fxgl.app.services.UpdaterService, class com.almasb.fxgl.dev.DevService]
14:38:49.686 [FXGL Background Thread 3 ] DEBUG Engine               - fontGame: Abel-Regular.ttf
14:38:49.686 [FXGL Background Thread 3 ] DEBUG Engine               - fontMono: lucida_console.ttf
14:38:49.686 [FXGL Background Thread 3 ] DEBUG Engine               - fontText: Courier-Prime.ttf
14:38:49.686 [FXGL Background Thread 3 ] DEBUG Engine               - fontUI: VarelaRound-Regular.ttf
14:38:49.686 [FXGL Background Thread 3 ] DEBUG Engine               - fullScreen: BooleanProperty [value: false]
14:38:49.686 [FXGL Background Thread 3 ] DEBUG Engine               - gameDifficulty: MEDIUM
14:38:49.686 [FXGL Background Thread 3 ] DEBUG Engine               - gameDifficultyProperty: ObjectProperty [value: MEDIUM]
14:38:49.687 [FXGL Background Thread 3 ] DEBUG Engine               - globalMusicVolume: 0.5
14:38:49.687 [FXGL Background Thread 3 ] DEBUG Engine               - globalMusicVolumeProperty: DoubleProperty [value: 0.5]
14:38:49.687 [FXGL Background Thread 3 ] DEBUG Engine               - globalSoundVolume: 0.5
14:38:49.687 [FXGL Background Thread 3 ] DEBUG Engine               - globalSoundVolumeProperty: DoubleProperty [value: 0.5]
14:38:49.688 [FXGL Background Thread 3 ] DEBUG Engine               - height: 640
14:38:49.688 [FXGL Background Thread 3 ] DEBUG Engine               - isAndroid: false
14:38:49.688 [FXGL Background Thread 3 ] DEBUG Engine               - isBrowser: false
14:38:49.688 [FXGL Background Thread 3 ] DEBUG Engine               - isClickFeedbackEnabled: false
14:38:49.688 [FXGL Background Thread 3 ] DEBUG Engine               - isCloseConfirmation: false
14:38:49.688 [FXGL Background Thread 3 ] DEBUG Engine               - isDesktop: true
14:38:49.688 [FXGL Background Thread 3 ] DEBUG Engine               - isDeveloperMenuEnabled: false
14:38:49.688 [FXGL Background Thread 3 ] DEBUG Engine               - isEntityPreloadEnabled: true
14:38:49.688 [FXGL Background Thread 3 ] DEBUG Engine               - isExperimental3D: false
14:38:49.688 [FXGL Background Thread 3 ] DEBUG Engine               - isExperimentalNative: false
14:38:49.688 [FXGL Background Thread 3 ] DEBUG Engine               - isExperimentalTiledLargeMap: false
14:38:49.688 [FXGL Background Thread 3 ] DEBUG Engine               - isFileSystemWriteAllowed: true
14:38:49.689 [FXGL Background Thread 3 ] DEBUG Engine               - isFullScreenAllowed: false
14:38:49.689 [FXGL Background Thread 3 ] DEBUG Engine               - isFullScreenFromStart: false
14:38:49.689 [FXGL Background Thread 3 ] DEBUG Engine               - isGameMenuEnabled: true
14:38:49.689 [FXGL Background Thread 3 ] DEBUG Engine               - isIOS: false
14:38:49.689 [FXGL Background Thread 3 ] DEBUG Engine               - isIntroEnabled: false
14:38:49.689 [FXGL Background Thread 3 ] DEBUG Engine               - isLinux: false
14:38:49.690 [FXGL Background Thread 3 ] DEBUG Engine               - isMac: false
14:38:49.690 [FXGL Background Thread 3 ] DEBUG Engine               - isMainMenuEnabled: true
14:38:49.690 [FXGL Background Thread 3 ] DEBUG Engine               - isManualResizeEnabled: false
14:38:49.690 [FXGL Background Thread 3 ] DEBUG Engine               - isMobile: false
14:38:49.690 [FXGL Background Thread 3 ] DEBUG Engine               - isPreserveResizeRatio: false
14:38:49.690 [FXGL Background Thread 3 ] DEBUG Engine               - isProfilingEnabled: false
14:38:49.690 [FXGL Background Thread 3 ] DEBUG Engine               - isScaleAffectedOnResize: true
14:38:49.690 [FXGL Background Thread 3 ] DEBUG Engine               - isSingleStep: false
14:38:49.691 [FXGL Background Thread 3 ] DEBUG Engine               - isUserProfileEnabled: false
14:38:49.691 [FXGL Background Thread 3 ] DEBUG Engine               - isWindows: true
14:38:49.691 [FXGL Background Thread 3 ] DEBUG Engine               - language: ObjectProperty [value: ENGLISH]
14:38:49.691 [FXGL Background Thread 3 ] DEBUG Engine               - menuKey: ESCAPE
14:38:49.692 [FXGL Background Thread 3 ] DEBUG Engine               - notificationViewClass: class com.almasb.fxgl.notification.view.XboxNotificationView
14:38:49.692 [FXGL Background Thread 3 ] DEBUG Engine               - pixelsPerMeter: 50.0
14:38:49.692 [FXGL Background Thread 3 ] DEBUG Engine               - platform: WINDOWS
14:38:49.692 [FXGL Background Thread 3 ] DEBUG Engine               - prefHeightProperty: ReadOnlyDoubleProperty [value: 640.0]
14:38:49.692 [FXGL Background Thread 3 ] DEBUG Engine               - prefWidthProperty: ReadOnlyDoubleProperty [value: 1050.0]
14:38:49.692 [FXGL Background Thread 3 ] DEBUG Engine               - profileDir: profiles/
14:38:49.692 [FXGL Background Thread 3 ] DEBUG Engine               - profileName: StringProperty [value: DEFAULT]
14:38:49.692 [FXGL Background Thread 3 ] DEBUG Engine               - randomSeed: -1
14:38:49.692 [FXGL Background Thread 3 ] DEBUG Engine               - runtimeInfo: RuntimeInfo(platform=WINDOWS, version=11.14, build=01.03.2021 16.59)
14:38:49.693 [FXGL Background Thread 3 ] DEBUG Engine               - saveFileExt: sav
14:38:49.693 [FXGL Background Thread 3 ] DEBUG Engine               - scaledHeightProp$fxgl: DoubleProperty [bound, value: 640.0]
14:38:49.693 [FXGL Background Thread 3 ] DEBUG Engine               - scaledWidthProp$fxgl: DoubleProperty [bound, value: 1050.0]
14:38:49.693 [FXGL Background Thread 3 ] DEBUG Engine               - sceneFactory: com.almasb.fxgl.app.scene.SceneFactory@231f4fc2
14:38:49.693 [FXGL Background Thread 3 ] DEBUG Engine               - secondsIn24h: 60
14:38:49.693 [FXGL Background Thread 3 ] DEBUG Engine               - soundMenuBack: menu/back.wav
14:38:49.693 [FXGL Background Thread 3 ] DEBUG Engine               - soundMenuPress: menu/press.wav
14:38:49.693 [FXGL Background Thread 3 ] DEBUG Engine               - soundMenuSelect: menu/select.wav
14:38:49.694 [FXGL Background Thread 3 ] DEBUG Engine               - soundNotification: core/notification.wav
14:38:49.694 [FXGL Background Thread 3 ] DEBUG Engine               - stageStyle: DECORATED
14:38:49.694 [FXGL Background Thread 3 ] DEBUG Engine               - supportedLanguages: [ENGLISH, FRENCH, GERMAN, HUNGARIAN, RUSSIAN]
14:38:49.694 [FXGL Background Thread 3 ] DEBUG Engine               - ticksPerSecond: -1
14:38:49.694 [FXGL Background Thread 3 ] DEBUG Engine               - title: A Way Out
14:38:49.694 [FXGL Background Thread 3 ] DEBUG Engine               - urlGithub: https://github.com/AlmasB/FXGL
14:38:49.694 [FXGL Background Thread 3 ] DEBUG Engine               - urlLeaderboard: http://fxgl-top.herokuapp.com/
14:38:49.694 [FXGL Background Thread 3 ] DEBUG Engine               - urlPOM: https://raw.githubusercontent.com/AlmasB/FXGL/release/README.md
14:38:49.694 [FXGL Background Thread 3 ] DEBUG Engine               - userAppClass: class Game
14:38:49.694 [FXGL Background Thread 3 ] DEBUG Engine               - version: 1.2
14:38:49.694 [FXGL Background Thread 3 ] DEBUG Engine               - versionCheckDays: 7
14:38:49.695 [FXGL Background Thread 3 ] DEBUG Engine               - width: 1050
14:38:49.695 [FXGL Background Thread 3 ] DEBUG Engine               - Logging services
14:38:49.695 [FXGL Background Thread 3 ] DEBUG Engine               - class com.almasb.fxgl.app.services.FXGLAssetLoaderService
14:38:49.695 [FXGL Background Thread 3 ] DEBUG Engine               - class com.almasb.fxgl.app.FXGLApplication$GameApplicationService
14:38:49.695 [FXGL Background Thread 3 ] DEBUG Engine               - class com.almasb.fxgl.app.services.FXGLDialogService
14:38:49.695 [FXGL Background Thread 3 ] DEBUG Engine               - class com.almasb.fxgl.app.services.IOTaskExecutorService
14:38:49.696 [FXGL Background Thread 3 ] DEBUG Engine               - class com.almasb.fxgl.event.EventBusService
14:38:49.696 [FXGL Background Thread 3 ] DEBUG Engine               - class com.almasb.fxgl.io.FileSystemService
14:38:49.696 [FXGL Background Thread 3 ] DEBUG Engine               - class com.almasb.fxgl.localization.LocalizationService
14:38:49.696 [FXGL Background Thread 3 ] DEBUG Engine               - class com.almasb.fxgl.app.services.SystemBundleService
14:38:49.697 [FXGL Background Thread 3 ] DEBUG Engine               - class com.almasb.fxgl.profile.SaveLoadService
14:38:49.697 [FXGL Background Thread 3 ] DEBUG Engine               - class com.almasb.fxgl.ui.FXGLUIFactoryServiceProvider
14:38:49.697 [FXGL Background Thread 3 ] DEBUG Engine               - class com.almasb.fxgl.ui.FXGLDialogFactoryServiceProvider
14:38:49.697 [FXGL Background Thread 3 ] DEBUG Engine               - class com.almasb.fxgl.audio.AudioPlayer
14:38:49.697 [FXGL Background Thread 3 ] DEBUG Engine               - class com.almasb.fxgl.notification.impl.NotificationServiceProvider
14:38:49.697 [FXGL Background Thread 3 ] DEBUG Engine               - class com.almasb.fxgl.achievement.AchievementService
14:38:49.697 [FXGL Background Thread 3 ] DEBUG Engine               - class com.almasb.fxgl.cutscene.CutsceneService
14:38:49.698 [FXGL Background Thread 3 ] DEBUG Engine               - class com.almasb.fxgl.minigames.MiniGameService
14:38:49.698 [FXGL Background Thread 3 ] DEBUG Engine               - class com.almasb.fxgl.net.NetService
14:38:49.698 [FXGL Background Thread 3 ] DEBUG Engine               - class com.almasb.fxgl.app.services.UpdaterService
14:38:49.698 [FXGL Background Thread 3 ] DEBUG Engine               - class com.almasb.fxgl.dev.DevService
14:39:07.985 [JavaFX Application Thread] WARN  FXGLAssetLoaderServi - Asset "/assets/levels/level4.tmx" was not found!
14:39:07.986 [JavaFX Application Thread] DEBUG LoopRunner           - Stopping loop
14:39:07.988 [JavaFX Application Thread] FATAL FXGLApplication      - Uncaught Exception:
java.lang.IllegalArgumentException: Loading level failed. Asset not found: level4.tmx
	at com.almasb.fxgl.app.services.FXGLAssetLoaderService.loadLevel(FXGLAssetLoaderService.kt:439)
	at com.almasb.fxgl.dsl.FXGL$Companion.setLevelFromMap(FXGL.kt:532)
	at com.almasb.fxgl.dsl.FXGL.setLevelFromMap(FXGL.kt)
	at Game.setLevel(Game.java:192)
	at Game.nextLevel(Game.java:170)
	at com.almasb.fxgl.app.scene.Viewport.updateFadeFlash(Viewport.kt:422)
	at com.almasb.fxgl.app.scene.Viewport.onUpdate(Viewport.kt:334)
	at com.almasb.fxgl.app.scene.GameScene.step(GameScene.kt:146)
	at com.almasb.fxgl.app.scene.GameScene.onUpdate(GameScene.kt:140)
	at com.almasb.fxgl.scene.Scene.update(Scene.kt:104)
	at com.almasb.fxgl.app.MainWindow$update$1.invoke(MainWindow.kt:101)
	at com.almasb.fxgl.app.MainWindow$update$1.invoke(MainWindow.kt:41)
	at com.almasb.fxgl.core.fsm.StateMachine.runOnActiveStates(StateMachine.kt:69)
	at com.almasb.fxgl.app.MainWindow.update(MainWindow.kt:101)
	at com.almasb.fxgl.app.FXGLApplication$GameApplicationService.onUpdate(FXGLApplication.kt:457)
	at com.almasb.fxgl.app.Engine.loop(Engine.kt:133)
	at com.almasb.fxgl.app.Engine.access$loop(Engine.kt:24)
	at com.almasb.fxgl.app.Engine$loop$1.invoke(Engine.kt:28)
	at com.almasb.fxgl.app.Engine$loop$1.invoke(Engine.kt:24)
	at com.almasb.fxgl.app.LoopRunner.frame(LoopRunner.kt:103)
	at com.almasb.fxgl.app.LoopRunner.access$frame(LoopRunner.kt:23)
	at com.almasb.fxgl.app.LoopRunner$impl$2$1.onTick(LoopRunner.kt:57)
	at com.almasb.fxgl.app.AnimationTimerLoop$timer$1.handle(LoopRunner.kt:133)
	at javafx.animation.AnimationTimer$AnimationTimerReceiver.lambda$handle$0(AnimationTimer.java:57)
	at java.base/java.security.AccessController.doPrivileged(AccessController.java:391)
	at javafx.animation.AnimationTimer$AnimationTimerReceiver.handle(AnimationTimer.java:56)
	at com.sun.scenario.animation.AbstractMasterTimer.timePulseImpl(AbstractMasterTimer.java:357)
	at com.sun.scenario.animation.AbstractMasterTimer$MainLoop.run(AbstractMasterTimer.java:267)
	at com.sun.javafx.tk.quantum.QuantumToolkit.pulse(QuantumToolkit.java:559)
	at com.sun.javafx.tk.quantum.QuantumToolkit.pulse(QuantumToolkit.java:543)
	at com.sun.javafx.tk.quantum.QuantumToolkit.pulseFromQueue(QuantumToolkit.java:536)
	at com.sun.javafx.tk.quantum.QuantumToolkit.lambda$runToolkit$11(QuantumToolkit.java:342)
	at com.sun.glass.ui.InvokeLaterDispatcher$Future.run(InvokeLaterDispatcher.java:96)
	at com.sun.glass.ui.win.WinApplication._runLoop(Native Method)
	at com.sun.glass.ui.win.WinApplication.lambda$runLoop$3(WinApplication.java:174)
	at java.base/java.lang.Thread.run(Thread.java:832)

14:39:07.988 [JavaFX Application Thread] FATAL FXGLApplication      - Application will now exit
14:39:08.004 [JavaFX Application Thread] DEBUG PrimaryStageWindow   - Push state: ErrorSubScene
14:39:08.004 [JavaFX Application Thread] DEBUG Input                - Clearing active input actions
14:39:08.007 [JavaFX Application Thread] DEBUG GameApplicationServi - Removing overlay from GameScene and adding to ErrorSubScene
14:39:08.008 [JavaFX Application Thread] DEBUG PrimaryStageWindow   - GameScene -> ErrorSubScene
14:39:09.906 [JavaFX Application Thread] DEBUG FXGLApplication      - Exiting FXGL
14:39:09.906 [JavaFX Application Thread] DEBUG Async                - Shutting down background threads
14:39:09.907 [JavaFX Application Thread] DEBUG PrimaryStageWindow   - Closing main window
14:39:09.926 [JavaFX Application Thread] DEBUG Logger               - Closing Logger
