00:41:22.397 [main                     ] DEBUG Logger               - Configured Logger
00:41:22.422 [main                     ] DEBUG GameApplication      - Logging settings
Title: Demo game
Version: 1.0
Width: 800
Height: 800
Fullscreen: false
Intro: false
Profiling: false
Single step:false
App Mode: DEVELOPER
Menu Key: ESCAPE
Stage Style: DECORATED
Scene Factory: class com.almasb.fxgl.app.scene.SceneFactory

00:41:23.110 [JavaFX Application Thread] DEBUG FXGLApplication      - Initializing FXGL
00:41:23.115 [JavaFX Application Thread] INFO  Engine               - FXGL-11.14 (01.03.2021 16.59) on WINDOWS (J:15.0.2 FX:15)
00:41:23.115 [JavaFX Application Thread] DEBUG Engine               - JRE Vendor Name: Amazon.com Inc.
00:41:23.115 [JavaFX Application Thread] DEBUG Engine               - Running on OS: Windows 10 version 10.0
00:41:23.116 [JavaFX Application Thread] DEBUG Engine               - Architecture: amd64
00:41:23.116 [JavaFX Application Thread] INFO  Engine               - Source code and latest versions at: https://github.com/AlmasB/FXGL
00:41:23.117 [JavaFX Application Thread] INFO  Engine               -              Join the FXGL chat at: https://gitter.im/AlmasB/FXGL
00:41:23.281 [JavaFX Application Thread] DEBUG PrimaryStageWindow   - Creating a JavaFX scene
00:41:23.357 [JavaFX Application Thread] DEBUG PrimaryStageWindow   - Target settings size: 800.0 x 800.0
00:41:23.358 [JavaFX Application Thread] DEBUG PrimaryStageWindow   - Scaled scene size:    800.0 x 800.0
00:41:23.358 [JavaFX Application Thread] DEBUG PrimaryStageWindow   - Scaled ratio: (1.0, 1.0)
00:41:23.360 [JavaFX Application Thread] DEBUG PrimaryStageWindow   - Set initial scene to FXGLStartupScene
00:41:23.369 [JavaFX Application Thread] DEBUG PrimaryStageWindow   - Opening main window
00:41:23.476 [JavaFX Application Thread] DEBUG PrimaryStageWindow   - Window border size: (14.4000244140625, 37.5999755859375)
00:41:23.476 [JavaFX Application Thread] DEBUG PrimaryStageWindow   - Scaled size: 800.0 x 800.0
00:41:23.477 [JavaFX Application Thread] DEBUG PrimaryStageWindow   - Scaled ratio: (1.0, 1.0)
00:41:23.477 [JavaFX Application Thread] DEBUG PrimaryStageWindow   - Scene size: 800.0 x 800.0
00:41:23.477 [JavaFX Application Thread] DEBUG PrimaryStageWindow   - Stage size: 814.4000244140625 x 837.5999755859375
00:41:23.490 [FXGL Background Thread 1 ] DEBUG Engine               - Initializing environment variables
00:41:23.530 [FXGL Background Thread 1 ] DEBUG FXGLAssetLoaderServi - User app class for loading assets: class Game
00:41:23.531 [FXGL Background Thread 1 ] DEBUG GameApplicationServi - Applying CSS: fxgl_dark.css
00:41:23.531 [FXGL Background Thread 1 ] DEBUG FXGLAssetLoaderServi - Loading from file system: jar:file:/C:/Users/Eigenaar/.m2/repository/com/github/almasb/fxgl/11.14/fxgl-11.14.jar!/fxglassets/ui/css/fxgl_dark.css
00:41:23.575 [FXGL Background Thread 1 ] DEBUG GameApplicationServi - Initializing application scenes
00:41:23.638 [FXGL Background Thread 1 ] DEBUG GameWorld            - Game world initialized
00:41:23.692 [FXGL Background Thread 1 ] DEBUG PhysicsWorld         - Physics world initialized: appHeight=800, physics.ppm=50,0
00:41:23.692 [FXGL Background Thread 1 ] DEBUG PhysicsWorld         - Using strategy: BRUTE_FORCE
00:41:23.695 [FXGL Background Thread 1 ] DEBUG GameScene            - Game scene initialized: 800x800
00:41:23.735 [FXGL Background Thread 1 ] DEBUG FXGLAssetLoaderServi - Loading from file system: jar:file:/C:/Users/Eigenaar/.m2/repository/com/github/almasb/fxgl/11.14/fxgl-11.14.jar!/fxglassets/textures/particles/trace_horizontal.png
00:41:23.792 [FXGL Background Thread 1 ] DEBUG FXGL.DefaultMenu     - createMenuBodyGameMenu()
00:41:23.808 [FXGL Background Thread 1 ] DEBUG FXGL.DefaultMenu     - createOptionsMenu()
00:41:23.813 [FXGL Background Thread 1 ] DEBUG FXGLAssetLoaderServi - Loading from file system: jar:file:/C:/Users/Eigenaar/.m2/repository/com/github/almasb/fxgl/11.14/fxgl-11.14.jar!/fxglassets/textures/particles/smoke.png
00:41:23.862 [FXGL Background Thread 1 ] DEBUG GameApplicationServi - Application scenes initialized
00:41:23.873 [FXGL Background Thread 1 ] DEBUG SystemBundleService  - Loading FXGL system data
00:41:23.877 [FXGL Background Thread 1 ] DEBUG FileSystemAccess     - Reading from: C:\Users\Eigenaar\OneDrive - Hogeschool Leiden\IPOSE-Maven\system\fxgl.bundle
00:41:23.882 [FXGL Background Thread 1 ] DEBUG SystemBundleService  - Bundle FXGL: {}
00:41:23.883 [FXGL Background Thread 1 ] DEBUG UpdaterService       - Checking for updates
00:41:23.888 [FXGL Background Thread 1 ] DEBUG FXGLApplication      - Loading default localization
00:41:23.890 [FXGL Background Thread 4 ] DEBUG FXGLApplication      - Loading fonts
00:41:23.890 [FXGL Background Thread 4 ] DEBUG FXGLAssetLoaderServi - Loading from file system: jar:file:/C:/Users/Eigenaar/.m2/repository/com/github/almasb/fxgl/11.14/fxgl-11.14.jar!/fxglassets/ui/fonts/VarelaRound-Regular.ttf
00:41:23.889 [FXGL Background Thread 1 ] DEBUG FXGLAssetLoaderServi - Loading from file system: jar:file:/C:/Users/Eigenaar/.m2/repository/com/github/almasb/fxgl/11.14/fxgl-11.14.jar!/fxglassets/languages/english.lang
00:41:23.913 [FXGL Background Thread 1 ] INFO  FXGLApplication      - FXGL initialization took: 0,423 sec
00:41:23.923 [JavaFX Application Thread] DEBUG Input                - Registered new binding: action0 - D
00:41:23.924 [JavaFX Application Thread] DEBUG Input                - Registered new binding: action1 - A
00:41:23.924 [JavaFX Application Thread] DEBUG Input                - Registered new binding: action2 - W
00:41:23.925 [JavaFX Application Thread] DEBUG Input                - Registered new binding: action3 - S
00:41:23.925 [JavaFX Application Thread] DEBUG FXGLAssetLoaderServi - Loading from file system: jar:file:/C:/Users/Eigenaar/.m2/repository/com/github/almasb/fxgl/11.14/fxgl-11.14.jar!/fxglassets/textures/fxgl_icon.png
00:41:23.942 [JavaFX Application Thread] DEBUG FXGLAssetLoaderServi - Loading from file system: jar:file:/C:/Users/Eigenaar/.m2/repository/com/github/almasb/fxgl/11.14/fxgl-11.14.jar!/fxglassets/ui/cursors/fxgl_default.png
00:41:23.944 [JavaFX Application Thread] DEBUG Input                - Registered new binding: Screenshot - P
00:41:23.945 [JavaFX Application Thread] DEBUG Input                - Registered new binding: System info dump - CTRL+9
00:41:23.948 [JavaFX Application Thread] DEBUG Input                - Registered new binding: Restart - CTRL+R
00:41:23.949 [JavaFX Application Thread] DEBUG Input                - Registered new binding: Toggle Debug Camera - CTRL+C
00:41:23.953 [JavaFX Application Thread] DEBUG LoopRunner           - Starting loop
00:41:23.953 [JavaFX Application Thread] DEBUG LoopRunner           - Initializing JavaFX AnimationTimerLoop
00:41:23.955 [JavaFX Application Thread] DEBUG GameApplicationServi - Starting new game
00:41:23.955 [JavaFX Application Thread] DEBUG Input                - Clearing active input actions
00:41:23.969 [JavaFX Application Thread] DEBUG GameApplicationServi - Removing overlay from FXGLStartupScene and adding to FXGLLoadingScene
00:41:23.970 [JavaFX Application Thread] DEBUG PrimaryStageWindow   - FXGLStartupScene -> FXGLLoadingScene
00:41:23.970 [JavaFX Application Thread] DEBUG GameApplicationServi - Clearing previous game
00:41:23.971 [JavaFX Application Thread] DEBUG GameScene            - Clearing game scene
00:41:23.971 [JavaFX Application Thread] DEBUG GameWorld            - Clearing game world
00:41:23.973 [JavaFX Application Thread] DEBUG PhysicsWorld         - Clearing physics world
00:41:23.974 [FXGL Background Thread 1 ] DEBUG FXGLApplication      - Initializing game
00:41:23.982 [FXGL Background Thread 1 ] WARN  FXGLAssetLoaderServi - Asset "/assets/levels/castle.tmx" was not found!
00:41:24.013 [JavaFX Application Thread] DEBUG LoopRunner           - Stopping loop
00:41:24.014 [JavaFX Application Thread] FATAL FXGLApplication      - Uncaught Exception:
java.lang.RuntimeException: Initialization failed
	at com.almasb.fxgl.app.FXGLApplication$InitAppTask.failed(FXGLApplication.kt:376)
	at javafx.concurrent.Task.setState(Task.java:710)
	at javafx.concurrent.Task$TaskCallable.lambda$call$2(Task.java:1455)
	at com.sun.javafx.application.PlatformImpl.lambda$runLater$10(PlatformImpl.java:428)
	at java.base/java.security.AccessController.doPrivileged(AccessController.java:391)
	at com.sun.javafx.application.PlatformImpl.lambda$runLater$11(PlatformImpl.java:427)
	at com.sun.glass.ui.InvokeLaterDispatcher$Future.run(InvokeLaterDispatcher.java:96)
	at com.sun.glass.ui.win.WinApplication._runLoop(Native Method)
	at com.sun.glass.ui.win.WinApplication.lambda$runLoop$3(WinApplication.java:174)
	at java.base/java.lang.Thread.run(Thread.java:832)
Caused by: java.lang.IllegalArgumentException: Loading level failed. Asset not found: castle.tmx
	at com.almasb.fxgl.app.services.FXGLAssetLoaderService.loadLevel(FXGLAssetLoaderService.kt:439)
	at com.almasb.fxgl.dsl.FXGL$Companion.setLevelFromMap(FXGL.kt:532)
	at com.almasb.fxgl.dsl.FXGL.setLevelFromMap(FXGL.kt)
	at Game.setLevel(Game.java:86)
	at Game.initGame(Game.java:46)
	at com.almasb.fxgl.app.FXGLApplication$InitAppTask.initGame(FXGLApplication.kt:372)
	at com.almasb.fxgl.app.FXGLApplication$InitAppTask.call(FXGLApplication.kt:352)
	at com.almasb.fxgl.app.FXGLApplication$InitAppTask.call(FXGLApplication.kt:344)
	at javafx.concurrent.Task$TaskCallable.call(Task.java:1425)
	at java.base/java.util.concurrent.FutureTask.run(FutureTask.java:264)
	at java.base/java.util.concurrent.Executors$RunnableAdapter.call(Executors.java:515)
	at java.base/java.util.concurrent.FutureTask.run(FutureTask.java:264)
	at java.base/java.util.concurrent.ThreadPoolExecutor.runWorker(ThreadPoolExecutor.java:1130)
	at java.base/java.util.concurrent.ThreadPoolExecutor$Worker.run(ThreadPoolExecutor.java:630)
	... 1 more

00:41:24.014 [JavaFX Application Thread] FATAL FXGLApplication      - Application will now exit
00:41:24.028 [JavaFX Application Thread] DEBUG PrimaryStageWindow   - Push state: ErrorSubScene
00:41:24.028 [JavaFX Application Thread] DEBUG Input                - Clearing active input actions
00:41:24.034 [JavaFX Application Thread] DEBUG GameApplicationServi - Removing overlay from FXGLLoadingScene and adding to ErrorSubScene
00:41:24.034 [JavaFX Application Thread] DEBUG PrimaryStageWindow   - FXGLLoadingScene -> ErrorSubScene
00:41:24.454 [FXGL Background Thread 4 ] DEBUG FXGLAssetLoaderServi - Loading from file system: jar:file:/C:/Users/Eigenaar/.m2/repository/com/github/almasb/fxgl/11.14/fxgl-11.14.jar!/fxglassets/ui/fonts/Abel-Regular.ttf
00:41:24.462 [FXGL Background Thread 4 ] DEBUG FXGLAssetLoaderServi - Loading from file system: jar:file:/C:/Users/Eigenaar/.m2/repository/com/github/almasb/fxgl/11.14/fxgl-11.14.jar!/fxglassets/ui/fonts/lucida_console.ttf
00:41:24.487 [FXGL Background Thread 4 ] DEBUG FXGLAssetLoaderServi - Loading from file system: jar:file:/C:/Users/Eigenaar/.m2/repository/com/github/almasb/fxgl/11.14/fxgl-11.14.jar!/fxglassets/ui/fonts/Courier-Prime.ttf
00:41:24.498 [JavaFX Application Thread] DEBUG FXGLApplication      - Registering font factories with UI factory
00:41:24.646 [FXGL Background Thread 2 ] INFO  UpdaterService       - Your current version:  11.14
00:41:24.646 [FXGL Background Thread 2 ] INFO  UpdaterService       - Latest stable version: 17.1
00:41:26.886 [FXGL Background Thread 3 ] DEBUG Engine               - Logging environment variables
00:41:26.887 [FXGL Background Thread 3 ] DEBUG Engine               - achievements: []
00:41:26.887 [FXGL Background Thread 3 ] DEBUG Engine               - actualHeight: 800.0
00:41:26.887 [FXGL Background Thread 3 ] DEBUG Engine               - actualHeightProperty: ReadOnlyDoubleProperty [value: 800.0]
00:41:26.887 [FXGL Background Thread 3 ] DEBUG Engine               - actualWidth: 800.0
00:41:26.887 [FXGL Background Thread 3 ] DEBUG Engine               - actualWidthProperty: ReadOnlyDoubleProperty [value: 800.0]
00:41:26.888 [FXGL Background Thread 3 ] DEBUG Engine               - appIcon: fxgl_icon.png
00:41:26.888 [FXGL Background Thread 3 ] DEBUG Engine               - applicationMode: DEVELOPER
00:41:26.888 [FXGL Background Thread 3 ] DEBUG Engine               - cSSList: [fxgl_dark.css]
00:41:26.888 [FXGL Background Thread 3 ] DEBUG Engine               - collisionDetectionStrategy: BRUTE_FORCE
00:41:26.889 [FXGL Background Thread 3 ] DEBUG Engine               - configClass: Optional.empty
00:41:26.889 [FXGL Background Thread 3 ] DEBUG Engine               - credits: []
00:41:26.889 [FXGL Background Thread 3 ] DEBUG Engine               - devBBoxColorProperty: ObjectProperty [value: 0xff0000ff]
00:41:26.889 [FXGL Background Thread 3 ] DEBUG Engine               - devEnableDebugCameraProperty: BooleanProperty [value: false]
00:41:26.889 [FXGL Background Thread 3 ] DEBUG Engine               - devSensorColorProperty: ObjectProperty [value: 0xffff00ff]
00:41:26.890 [FXGL Background Thread 3 ] DEBUG Engine               - devShowBBoxProperty: BooleanProperty [value: false]
00:41:26.890 [FXGL Background Thread 3 ] DEBUG Engine               - devShowPositionProperty: BooleanProperty [value: false]
00:41:26.890 [FXGL Background Thread 3 ] DEBUG Engine               - enabledMenuItems: []
00:41:26.890 [FXGL Background Thread 3 ] DEBUG Engine               - engineServices: [class com.almasb.fxgl.app.services.FXGLAssetLoaderService, class com.almasb.fxgl.app.FXGLApplication$GameApplicationService, class com.almasb.fxgl.app.services.FXGLDialogService, class com.almasb.fxgl.app.services.IOTaskExecutorService, class com.almasb.fxgl.event.EventBusService, class com.almasb.fxgl.io.FileSystemService, class com.almasb.fxgl.localization.LocalizationService, class com.almasb.fxgl.app.services.SystemBundleService, class com.almasb.fxgl.profile.SaveLoadService, class com.almasb.fxgl.ui.FXGLUIFactoryServiceProvider, class com.almasb.fxgl.ui.FXGLDialogFactoryServiceProvider, class com.almasb.fxgl.audio.AudioPlayer, class com.almasb.fxgl.notification.impl.NotificationServiceProvider, class com.almasb.fxgl.achievement.AchievementService, class com.almasb.fxgl.cutscene.CutsceneService, class com.almasb.fxgl.minigames.MiniGameService, class com.almasb.fxgl.net.NetService, class com.almasb.fxgl.app.services.UpdaterService, class com.almasb.fxgl.dev.DevService]
00:41:26.890 [FXGL Background Thread 3 ] DEBUG Engine               - fontGame: Abel-Regular.ttf
00:41:26.890 [FXGL Background Thread 3 ] DEBUG Engine               - fontMono: lucida_console.ttf
00:41:26.891 [FXGL Background Thread 3 ] DEBUG Engine               - fontText: Courier-Prime.ttf
00:41:26.891 [FXGL Background Thread 3 ] DEBUG Engine               - fontUI: VarelaRound-Regular.ttf
00:41:26.891 [FXGL Background Thread 3 ] DEBUG Engine               - fullScreen: BooleanProperty [value: false]
00:41:26.891 [FXGL Background Thread 3 ] DEBUG Engine               - gameDifficulty: MEDIUM
00:41:26.891 [FXGL Background Thread 3 ] DEBUG Engine               - gameDifficultyProperty: ObjectProperty [value: MEDIUM]
00:41:26.891 [FXGL Background Thread 3 ] DEBUG Engine               - globalMusicVolume: 0.5
00:41:26.892 [FXGL Background Thread 3 ] DEBUG Engine               - globalMusicVolumeProperty: DoubleProperty [value: 0.5]
00:41:26.892 [FXGL Background Thread 3 ] DEBUG Engine               - globalSoundVolume: 0.5
00:41:26.892 [FXGL Background Thread 3 ] DEBUG Engine               - globalSoundVolumeProperty: DoubleProperty [value: 0.5]
00:41:26.892 [FXGL Background Thread 3 ] DEBUG Engine               - height: 800
00:41:26.892 [FXGL Background Thread 3 ] DEBUG Engine               - isAndroid: false
00:41:26.893 [FXGL Background Thread 3 ] DEBUG Engine               - isBrowser: false
00:41:26.893 [FXGL Background Thread 3 ] DEBUG Engine               - isClickFeedbackEnabled: false
00:41:26.893 [FXGL Background Thread 3 ] DEBUG Engine               - isCloseConfirmation: false
00:41:26.893 [FXGL Background Thread 3 ] DEBUG Engine               - isDesktop: true
00:41:26.893 [FXGL Background Thread 3 ] DEBUG Engine               - isDeveloperMenuEnabled: false
00:41:26.893 [FXGL Background Thread 3 ] DEBUG Engine               - isEntityPreloadEnabled: true
00:41:26.893 [FXGL Background Thread 3 ] DEBUG Engine               - isExperimental3D: false
00:41:26.893 [FXGL Background Thread 3 ] DEBUG Engine               - isExperimentalNative: false
00:41:26.894 [FXGL Background Thread 3 ] DEBUG Engine               - isExperimentalTiledLargeMap: false
00:41:26.894 [FXGL Background Thread 3 ] DEBUG Engine               - isFileSystemWriteAllowed: true
00:41:26.894 [FXGL Background Thread 3 ] DEBUG Engine               - isFullScreenAllowed: false
00:41:26.894 [FXGL Background Thread 3 ] DEBUG Engine               - isFullScreenFromStart: false
00:41:26.894 [FXGL Background Thread 3 ] DEBUG Engine               - isGameMenuEnabled: true
00:41:26.894 [FXGL Background Thread 3 ] DEBUG Engine               - isIOS: false
00:41:26.894 [FXGL Background Thread 3 ] DEBUG Engine               - isIntroEnabled: false
00:41:26.895 [FXGL Background Thread 3 ] DEBUG Engine               - isLinux: false
00:41:26.895 [FXGL Background Thread 3 ] DEBUG Engine               - isMac: false
00:41:26.895 [FXGL Background Thread 3 ] DEBUG Engine               - isMainMenuEnabled: false
00:41:26.895 [FXGL Background Thread 3 ] DEBUG Engine               - isManualResizeEnabled: false
00:41:26.895 [FXGL Background Thread 3 ] DEBUG Engine               - isMobile: false
00:41:26.895 [FXGL Background Thread 3 ] DEBUG Engine               - isPreserveResizeRatio: false
00:41:26.895 [FXGL Background Thread 3 ] DEBUG Engine               - isProfilingEnabled: false
00:41:26.895 [FXGL Background Thread 3 ] DEBUG Engine               - isScaleAffectedOnResize: true
00:41:26.896 [FXGL Background Thread 3 ] DEBUG Engine               - isSingleStep: false
00:41:26.896 [FXGL Background Thread 3 ] DEBUG Engine               - isUserProfileEnabled: false
00:41:26.896 [FXGL Background Thread 3 ] DEBUG Engine               - isWindows: true
00:41:26.896 [FXGL Background Thread 3 ] DEBUG Engine               - language: ObjectProperty [value: ENGLISH]
00:41:26.896 [FXGL Background Thread 3 ] DEBUG Engine               - menuKey: ESCAPE
00:41:26.896 [FXGL Background Thread 3 ] DEBUG Engine               - notificationViewClass: class com.almasb.fxgl.notification.view.XboxNotificationView
00:41:26.896 [FXGL Background Thread 3 ] DEBUG Engine               - pixelsPerMeter: 50.0
00:41:26.896 [FXGL Background Thread 3 ] DEBUG Engine               - platform: WINDOWS
00:41:26.897 [FXGL Background Thread 3 ] DEBUG Engine               - prefHeightProperty: ReadOnlyDoubleProperty [value: 800.0]
00:41:26.897 [FXGL Background Thread 3 ] DEBUG Engine               - prefWidthProperty: ReadOnlyDoubleProperty [value: 800.0]
00:41:26.897 [FXGL Background Thread 3 ] DEBUG Engine               - profileDir: profiles/
00:41:26.897 [FXGL Background Thread 3 ] DEBUG Engine               - profileName: StringProperty [value: DEFAULT]
00:41:26.897 [FXGL Background Thread 3 ] DEBUG Engine               - randomSeed: -1
00:41:26.897 [FXGL Background Thread 3 ] DEBUG Engine               - runtimeInfo: RuntimeInfo(platform=WINDOWS, version=11.14, build=01.03.2021 16.59)
00:41:26.897 [FXGL Background Thread 3 ] DEBUG Engine               - saveFileExt: sav
00:41:26.898 [FXGL Background Thread 3 ] DEBUG Engine               - scaledHeightProp$fxgl: DoubleProperty [bound, value: 800.0]
00:41:26.898 [FXGL Background Thread 3 ] DEBUG Engine               - scaledWidthProp$fxgl: DoubleProperty [bound, value: 800.0]
00:41:26.898 [FXGL Background Thread 3 ] DEBUG Engine               - sceneFactory: com.almasb.fxgl.app.scene.SceneFactory@3c300946
00:41:26.898 [FXGL Background Thread 3 ] DEBUG Engine               - secondsIn24h: 60
00:41:26.898 [FXGL Background Thread 3 ] DEBUG Engine               - soundMenuBack: menu/back.wav
00:41:26.898 [FXGL Background Thread 3 ] DEBUG Engine               - soundMenuPress: menu/press.wav
00:41:26.898 [FXGL Background Thread 3 ] DEBUG Engine               - soundMenuSelect: menu/select.wav
00:41:26.898 [FXGL Background Thread 3 ] DEBUG Engine               - soundNotification: core/notification.wav
00:41:26.899 [FXGL Background Thread 3 ] DEBUG Engine               - stageStyle: DECORATED
00:41:26.899 [FXGL Background Thread 3 ] DEBUG Engine               - supportedLanguages: [ENGLISH, FRENCH, GERMAN, HUNGARIAN, RUSSIAN]
00:41:26.899 [FXGL Background Thread 3 ] DEBUG Engine               - ticksPerSecond: -1
00:41:26.899 [FXGL Background Thread 3 ] DEBUG Engine               - title: Demo game
00:41:26.899 [FXGL Background Thread 3 ] DEBUG Engine               - urlGithub: https://github.com/AlmasB/FXGL
00:41:26.899 [FXGL Background Thread 3 ] DEBUG Engine               - urlLeaderboard: http://fxgl-top.herokuapp.com/
00:41:26.899 [FXGL Background Thread 3 ] DEBUG Engine               - urlPOM: https://raw.githubusercontent.com/AlmasB/FXGL/release/README.md
00:41:26.899 [FXGL Background Thread 3 ] DEBUG Engine               - userAppClass: class Game
00:41:26.900 [FXGL Background Thread 3 ] DEBUG Engine               - version: 1.0
00:41:26.900 [FXGL Background Thread 3 ] DEBUG Engine               - versionCheckDays: 7
00:41:26.900 [FXGL Background Thread 3 ] DEBUG Engine               - width: 800
00:41:26.900 [FXGL Background Thread 3 ] DEBUG Engine               - Logging services
00:41:26.900 [FXGL Background Thread 3 ] DEBUG Engine               - class com.almasb.fxgl.app.services.FXGLAssetLoaderService
00:41:26.900 [FXGL Background Thread 3 ] DEBUG Engine               - class com.almasb.fxgl.app.FXGLApplication$GameApplicationService
00:41:26.900 [FXGL Background Thread 3 ] DEBUG Engine               - class com.almasb.fxgl.app.services.FXGLDialogService
00:41:26.900 [FXGL Background Thread 3 ] DEBUG Engine               - class com.almasb.fxgl.app.services.IOTaskExecutorService
00:41:26.901 [FXGL Background Thread 3 ] DEBUG Engine               - class com.almasb.fxgl.event.EventBusService
00:41:26.901 [FXGL Background Thread 3 ] DEBUG Engine               - class com.almasb.fxgl.io.FileSystemService
00:41:26.901 [FXGL Background Thread 3 ] DEBUG Engine               - class com.almasb.fxgl.localization.LocalizationService
00:41:26.901 [FXGL Background Thread 3 ] DEBUG Engine               - class com.almasb.fxgl.app.services.SystemBundleService
00:41:26.901 [FXGL Background Thread 3 ] DEBUG Engine               - class com.almasb.fxgl.profile.SaveLoadService
00:41:26.901 [FXGL Background Thread 3 ] DEBUG Engine               - class com.almasb.fxgl.ui.FXGLUIFactoryServiceProvider
00:41:26.901 [FXGL Background Thread 3 ] DEBUG Engine               - class com.almasb.fxgl.ui.FXGLDialogFactoryServiceProvider
00:41:26.901 [FXGL Background Thread 3 ] DEBUG Engine               - class com.almasb.fxgl.audio.AudioPlayer
00:41:26.902 [FXGL Background Thread 3 ] DEBUG Engine               - class com.almasb.fxgl.notification.impl.NotificationServiceProvider
00:41:26.902 [FXGL Background Thread 3 ] DEBUG Engine               - class com.almasb.fxgl.achievement.AchievementService
00:41:26.902 [FXGL Background Thread 3 ] DEBUG Engine               - class com.almasb.fxgl.cutscene.CutsceneService
00:41:26.902 [FXGL Background Thread 3 ] DEBUG Engine               - class com.almasb.fxgl.minigames.MiniGameService
00:41:26.902 [FXGL Background Thread 3 ] DEBUG Engine               - class com.almasb.fxgl.net.NetService
00:41:26.902 [FXGL Background Thread 3 ] DEBUG Engine               - class com.almasb.fxgl.app.services.UpdaterService
00:41:26.902 [FXGL Background Thread 3 ] DEBUG Engine               - class com.almasb.fxgl.dev.DevService
00:41:28.494 [JavaFX Application Thread] DEBUG FXGLApplication      - Exiting FXGL
00:41:28.495 [JavaFX Application Thread] DEBUG Async                - Shutting down background threads
00:41:28.495 [JavaFX Application Thread] DEBUG PrimaryStageWindow   - Closing main window
00:41:28.511 [JavaFX Application Thread] DEBUG Logger               - Closing Logger
