13:12:42.376 [main                     ] DEBUG Logger               - Configured Logger
13:12:42.394 [main                     ] DEBUG GameApplication      - Logging settings
Title: Demo game
Version: 1.2
Width: 1050
Height: 700
Fullscreen: false
Intro: false
Profiling: false
Single step:false
App Mode: DEVELOPER
Menu Key: ESCAPE
Stage Style: DECORATED
Scene Factory: class com.almasb.fxgl.app.scene.SceneFactory

13:12:42.695 [JavaFX Application Thread] DEBUG FXGLApplication      - Initializing FXGL
13:12:42.697 [JavaFX Application Thread] INFO  Engine               - FXGL-11.14 (01.03.2021 16.59) on MAC (J:15.0.2 FX:15)
13:12:42.698 [JavaFX Application Thread] DEBUG Engine               - JRE Vendor Name: Amazon.com Inc.
13:12:42.698 [JavaFX Application Thread] DEBUG Engine               - Running on OS: Mac OS X version 12.3
13:12:42.698 [JavaFX Application Thread] DEBUG Engine               - Architecture: x86_64
13:12:42.698 [JavaFX Application Thread] INFO  Engine               - Source code and latest versions at: https://github.com/AlmasB/FXGL
13:12:42.698 [JavaFX Application Thread] INFO  Engine               -              Join the FXGL chat at: https://gitter.im/AlmasB/FXGL
13:12:42.804 [JavaFX Application Thread] DEBUG PrimaryStageWindow   - Creating a JavaFX scene
13:12:42.843 [JavaFX Application Thread] DEBUG PrimaryStageWindow   - Target settings size: 1050.0 x 700.0
13:12:42.844 [JavaFX Application Thread] DEBUG PrimaryStageWindow   - Scaled scene size:    1050.0 x 700.0
13:12:42.844 [JavaFX Application Thread] DEBUG PrimaryStageWindow   - Scaled ratio: (1.0, 1.0)
13:12:42.845 [JavaFX Application Thread] DEBUG PrimaryStageWindow   - Set initial scene to FXGLStartupScene
13:12:42.849 [JavaFX Application Thread] DEBUG PrimaryStageWindow   - Opening main window
13:12:42.926 [JavaFX Application Thread] DEBUG PrimaryStageWindow   - Window border size: (0.0, 28.0)
13:12:42.926 [JavaFX Application Thread] DEBUG PrimaryStageWindow   - Scaled size: 1050.0 x 700.0
13:12:42.926 [JavaFX Application Thread] DEBUG PrimaryStageWindow   - Scaled ratio: (1.0, 1.0)
13:12:42.927 [JavaFX Application Thread] DEBUG PrimaryStageWindow   - Scene size: 1050.0 x 700.0
13:12:42.927 [JavaFX Application Thread] DEBUG PrimaryStageWindow   - Stage size: 1050.0 x 728.0
13:12:42.931 [FXGL Background Thread 1 ] DEBUG Engine               - Initializing environment variables
13:12:42.962 [FXGL Background Thread 1 ] DEBUG FXGLAssetLoaderServi - User app class for loading assets: class Game
13:12:42.962 [FXGL Background Thread 1 ] DEBUG GameApplicationServi - Applying CSS: fxgl_dark.css
13:12:42.964 [FXGL Background Thread 1 ] DEBUG FXGLAssetLoaderServi - Loading from file system: jar:file:/Users/merdanusta/.m2/repository/com/github/almasb/fxgl/11.14/fxgl-11.14.jar!/fxglassets/ui/css/fxgl_dark.css
13:12:43.003 [FXGL Background Thread 1 ] DEBUG GameApplicationServi - Initializing application scenes
13:12:43.224 [FXGL Background Thread 1 ] DEBUG GameWorld            - Game world initialized
13:12:43.258 [FXGL Background Thread 1 ] DEBUG PhysicsWorld         - Physics world initialized: appHeight=700, physics.ppm=50.0
13:12:43.258 [FXGL Background Thread 1 ] DEBUG PhysicsWorld         - Using strategy: BRUTE_FORCE
13:12:43.261 [FXGL Background Thread 1 ] DEBUG GameScene            - Game scene initialized: 1050x700
13:12:43.302 [FXGL Background Thread 1 ] DEBUG FXGLAssetLoaderServi - Loading from file system: jar:file:/Users/merdanusta/.m2/repository/com/github/almasb/fxgl/11.14/fxgl-11.14.jar!/fxglassets/textures/particles/trace_horizontal.png
13:12:43.362 [FXGL Background Thread 1 ] DEBUG FXGL.DefaultMenu     - createMenuBodyGameMenu()
13:12:43.383 [FXGL Background Thread 1 ] DEBUG FXGL.DefaultMenu     - createOptionsMenu()
13:12:43.390 [FXGL Background Thread 1 ] DEBUG FXGLAssetLoaderServi - Loading from file system: jar:file:/Users/merdanusta/.m2/repository/com/github/almasb/fxgl/11.14/fxgl-11.14.jar!/fxglassets/textures/particles/smoke.png
13:12:43.438 [FXGL Background Thread 1 ] DEBUG GameApplicationServi - Application scenes initialized
13:12:43.448 [FXGL Background Thread 1 ] DEBUG SystemBundleService  - Loading FXGL system data
13:12:43.451 [FXGL Background Thread 1 ] DEBUG FileSystemAccess     - Reading from: /Users/merdanusta/IdeaProjects/IPOSE-Maven/system/fxgl.bundle
13:12:43.456 [FXGL Background Thread 1 ] DEBUG SystemBundleService  - Bundle FXGL: {}
13:12:43.456 [FXGL Background Thread 1 ] DEBUG UpdaterService       - Checking for updates
13:12:43.459 [FXGL Background Thread 4 ] DEBUG FXGLApplication      - Loading fonts
13:12:43.460 [FXGL Background Thread 1 ] DEBUG FXGLApplication      - Loading default localization
13:12:43.460 [FXGL Background Thread 4 ] DEBUG FXGLAssetLoaderServi - Loading from file system: jar:file:/Users/merdanusta/.m2/repository/com/github/almasb/fxgl/11.14/fxgl-11.14.jar!/fxglassets/ui/fonts/VarelaRound-Regular.ttf
13:12:43.460 [FXGL Background Thread 1 ] DEBUG FXGLAssetLoaderServi - Loading from file system: jar:file:/Users/merdanusta/.m2/repository/com/github/almasb/fxgl/11.14/fxgl-11.14.jar!/fxglassets/languages/english.lang
13:12:43.471 [FXGL Background Thread 1 ] INFO  FXGLApplication      - FXGL initialization took: 0.539 sec
13:12:43.473 [FXGL Background Thread 4 ] DEBUG FXGLAssetLoaderServi - Loading from file system: jar:file:/Users/merdanusta/.m2/repository/com/github/almasb/fxgl/11.14/fxgl-11.14.jar!/fxglassets/ui/fonts/Abel-Regular.ttf
13:12:43.476 [FXGL Background Thread 4 ] DEBUG FXGLAssetLoaderServi - Loading from file system: jar:file:/Users/merdanusta/.m2/repository/com/github/almasb/fxgl/11.14/fxgl-11.14.jar!/fxglassets/ui/fonts/lucida_console.ttf
13:12:43.478 [JavaFX Application Thread] DEBUG Input                - Registered new binding: Left - A
13:12:43.478 [JavaFX Application Thread] DEBUG Input                - Registered new binding: Right - D
13:12:43.493 [JavaFX Application Thread] DEBUG Input                - Registered new binding: Jump - W
13:12:43.494 [FXGL Background Thread 4 ] DEBUG FXGLAssetLoaderServi - Loading from file system: jar:file:/Users/merdanusta/.m2/repository/com/github/almasb/fxgl/11.14/fxgl-11.14.jar!/fxglassets/ui/fonts/Courier-Prime.ttf
13:12:43.494 [JavaFX Application Thread] DEBUG FXGLAssetLoaderServi - Loading from file system: jar:file:/Users/merdanusta/.m2/repository/com/github/almasb/fxgl/11.14/fxgl-11.14.jar!/fxglassets/textures/fxgl_icon.png
13:12:43.518 [JavaFX Application Thread] DEBUG FXGLAssetLoaderServi - Loading from file system: jar:file:/Users/merdanusta/.m2/repository/com/github/almasb/fxgl/11.14/fxgl-11.14.jar!/fxglassets/ui/cursors/fxgl_default.png
13:12:43.519 [JavaFX Application Thread] DEBUG Input                - Registered new binding: Screenshot - P
13:12:43.519 [JavaFX Application Thread] DEBUG Input                - Registered new binding: System info dump - CTRL+9
13:12:43.520 [JavaFX Application Thread] DEBUG Input                - Registered new binding: Restart - CTRL+R
13:12:43.520 [JavaFX Application Thread] DEBUG Input                - Registered new binding: Toggle Debug Camera - CTRL+C
13:12:43.522 [JavaFX Application Thread] DEBUG LoopRunner           - Starting loop
13:12:43.522 [JavaFX Application Thread] DEBUG LoopRunner           - Initializing JavaFX AnimationTimerLoop
13:12:43.523 [JavaFX Application Thread] DEBUG GameApplicationServi - Starting new game
13:12:43.524 [JavaFX Application Thread] DEBUG Input                - Clearing active input actions
13:12:43.531 [JavaFX Application Thread] DEBUG GameApplicationServi - Removing overlay from FXGLStartupScene and adding to FXGLLoadingScene
13:12:43.532 [JavaFX Application Thread] DEBUG PrimaryStageWindow   - FXGLStartupScene -> FXGLLoadingScene
13:12:43.532 [JavaFX Application Thread] DEBUG GameApplicationServi - Clearing previous game
13:12:43.532 [JavaFX Application Thread] DEBUG GameScene            - Clearing game scene
13:12:43.532 [JavaFX Application Thread] DEBUG GameWorld            - Clearing game world
13:12:43.533 [JavaFX Application Thread] DEBUG PhysicsWorld         - Clearing physics world
13:12:43.534 [FXGL Background Thread 4 ] DEBUG FXGLApplication      - Initializing game
13:12:43.556 [FXGL Background Thread 4 ] WARN  TMXLevelLoader       - TiledMap generated from 1.0.1. Supported version: 1.2.3. Some features may not be parsed fully.
13:12:43.562 [FXGL Background Thread 4 ] DEBUG TMXLevelLoader       - Parsed raw map: TiledMap(width=15, height=10, tilewidth=70, tileheight=70, orientation=orthogonal, layers=[Layer(width=15, height=10, name=Tile Layer 1, type=tilelayer, visible=false, x=0, y=0, data=[153, 0, 0, 0, 0, 0, 0, 0, 0, 0, 0, 0, 0, 0, 0, 153, 2, 0, 0, 69, 57, 45, 0, 0, 0, 0, 0, 0, 0, 0, 153, 10, 0, 0, 0, 0, 0, 0, 0, 0, 0, 0, 0, 0, 0, 153, 153, 0, 0, 0, 0, 0, 0, 15, 3, 3, 27, 0, 0, 0, 153, 153, 0, 0, 0, 0, 0, 0, 0, 0, 0, 0, 0, 0, 0, 153, 153, 0, 0, 0, 0, 0, 0, 0, 0, 0, 0, 0, 0, 116, 153, 153, 0, 0, 0, 0, 0, 0, 15, 3, 3, 27, 0, 116, 153, 153, 153, 0, 0, 69, 81, 57, 0, 0, 0, 0, 0, 0, 153, 153, 153, 153, 0, 0, 0, 0, 0, 0, 0, 0, 0, 0, 0, 153, 153, 153, 153, 10, 105, 0, 0, 0, 129, 105, 0, 0, 0, 129, 153, 153], objects=[], opacity=0.0, draworder=), Layer(width=0, height=0, name=Object Layer 1, type=objectgroup, visible=false, x=0, y=0, data=[], objects=[com.almasb.fxgl.entity.level.tiled.TiledObject@26f7bfc7, com.almasb.fxgl.entity.level.tiled.TiledObject@5d2cc144, com.almasb.fxgl.entity.level.tiled.TiledObject@c5ab295, com.almasb.fxgl.entity.level.tiled.TiledObject@6d7a8c0, com.almasb.fxgl.entity.level.tiled.TiledObject@1d45365a, com.almasb.fxgl.entity.level.tiled.TiledObject@26d8f257, com.almasb.fxgl.entity.level.tiled.TiledObject@7fcf3203, com.almasb.fxgl.entity.level.tiled.TiledObject@44650492, com.almasb.fxgl.entity.level.tiled.TiledObject@70a61da2, com.almasb.fxgl.entity.level.tiled.TiledObject@118d13ab, com.almasb.fxgl.entity.level.tiled.TiledObject@17d464b3, com.almasb.fxgl.entity.level.tiled.TiledObject@7bf9b34f, com.almasb.fxgl.entity.level.tiled.TiledObject@3bf2fa9f, com.almasb.fxgl.entity.level.tiled.TiledObject@429ba601, com.almasb.fxgl.entity.level.tiled.TiledObject@76dea31d, com.almasb.fxgl.entity.level.tiled.TiledObject@400b1542, com.almasb.fxgl.entity.level.tiled.TiledObject@6c8139de, com.almasb.fxgl.entity.level.tiled.TiledObject@73b521e1, com.almasb.fxgl.entity.level.tiled.TiledObject@7070a2c1], opacity=0.0, draworder=)], tilesets=[Tileset(firstgid=1, image=tiles_spritesheet.png, name=tiles_spritesheet, tilewidth=70, tileheight=70, imagewidth=914, imageheight=936, margin=0, spacing=2, columns=12, tilecount=156, transparentcolor=, tiles=[])], backgroundcolor=, renderorder=right-down, nextobjectid=20, version=1, tiledversion=1.0.1, type=map, infinite=false, hexsidelength=0, staggeraxis=, staggerindex=, properties={}, propertytypes={})
13:12:43.563 [FXGL Background Thread 4 ] DEBUG TMXLevelLoader       - Creating tile layer entities
13:12:43.565 [FXGL Background Thread 4 ] DEBUG TilesetLoader        - Loading view for layer Tile Layer 1
13:12:43.567 [JavaFX Application Thread] DEBUG FXGLApplication      - Registering font factories with UI factory
13:12:43.567 [FXGL Background Thread 4 ] DEBUG TilesetLoader        - Created buffer with size 1050.0x700.0
13:12:43.620 [FXGL Background Thread 4 ] DEBUG TilesetLoader        - Writing to buffer: dst=0,0, w=70,h=70, src=576,864
13:12:43.621 [FXGL Background Thread 4 ] DEBUG TilesetLoader        - Writing to buffer: dst=0,70, w=70,h=70, src=576,864
13:12:43.621 [FXGL Background Thread 4 ] DEBUG TilesetLoader        - Writing to buffer: dst=70,70, w=70,h=70, src=72,0
13:12:43.621 [FXGL Background Thread 4 ] DEBUG TilesetLoader        - Writing to buffer: dst=280,70, w=70,h=70, src=576,360
13:12:43.621 [FXGL Background Thread 4 ] DEBUG TilesetLoader        - Writing to buffer: dst=350,70, w=70,h=70, src=576,288
13:12:43.622 [FXGL Background Thread 4 ] DEBUG TilesetLoader        - Writing to buffer: dst=420,70, w=70,h=70, src=576,216
13:12:43.622 [FXGL Background Thread 4 ] DEBUG TilesetLoader        - Writing to buffer: dst=0,140, w=70,h=70, src=576,864
13:12:43.622 [FXGL Background Thread 4 ] DEBUG TilesetLoader        - Writing to buffer: dst=70,140, w=70,h=70, src=648,0
13:12:43.623 [FXGL Background Thread 4 ] DEBUG TilesetLoader        - Writing to buffer: dst=0,210, w=70,h=70, src=576,864
13:12:43.623 [FXGL Background Thread 4 ] DEBUG TilesetLoader        - Writing to buffer: dst=70,210, w=70,h=70, src=576,864
13:12:43.623 [FXGL Background Thread 4 ] DEBUG TilesetLoader        - Writing to buffer: dst=560,210, w=70,h=70, src=144,72
13:12:43.623 [FXGL Background Thread 4 ] DEBUG TilesetLoader        - Writing to buffer: dst=630,210, w=70,h=70, src=144,0
13:12:43.623 [FXGL Background Thread 4 ] DEBUG TilesetLoader        - Writing to buffer: dst=700,210, w=70,h=70, src=144,0
13:12:43.624 [FXGL Background Thread 4 ] DEBUG TilesetLoader        - Writing to buffer: dst=770,210, w=70,h=70, src=144,144
13:12:43.624 [FXGL Background Thread 4 ] DEBUG TilesetLoader        - Writing to buffer: dst=0,280, w=70,h=70, src=576,864
13:12:43.624 [FXGL Background Thread 4 ] DEBUG TilesetLoader        - Writing to buffer: dst=70,280, w=70,h=70, src=576,864
13:12:43.624 [FXGL Background Thread 4 ] DEBUG TilesetLoader        - Writing to buffer: dst=0,350, w=70,h=70, src=576,864
13:12:43.624 [FXGL Background Thread 4 ] DEBUG TilesetLoader        - Writing to buffer: dst=70,350, w=70,h=70, src=576,864
13:12:43.625 [FXGL Background Thread 4 ] DEBUG TilesetLoader        - Writing to buffer: dst=980,350, w=70,h=70, src=504,648
13:12:43.625 [FXGL Background Thread 4 ] DEBUG TilesetLoader        - Writing to buffer: dst=0,420, w=70,h=70, src=576,864
13:12:43.625 [FXGL Background Thread 4 ] DEBUG TilesetLoader        - Writing to buffer: dst=70,420, w=70,h=70, src=576,864
13:12:43.625 [FXGL Background Thread 4 ] DEBUG TilesetLoader        - Writing to buffer: dst=560,420, w=70,h=70, src=144,72
13:12:43.625 [FXGL Background Thread 4 ] DEBUG TilesetLoader        - Writing to buffer: dst=630,420, w=70,h=70, src=144,0
13:12:43.625 [FXGL Background Thread 4 ] DEBUG TilesetLoader        - Writing to buffer: dst=700,420, w=70,h=70, src=144,0
13:12:43.625 [FXGL Background Thread 4 ] DEBUG TilesetLoader        - Writing to buffer: dst=770,420, w=70,h=70, src=144,144
13:12:43.626 [FXGL Background Thread 4 ] DEBUG TilesetLoader        - Writing to buffer: dst=910,420, w=70,h=70, src=504,648
13:12:43.626 [FXGL Background Thread 4 ] DEBUG TilesetLoader        - Writing to buffer: dst=980,420, w=70,h=70, src=576,864
13:12:43.626 [FXGL Background Thread 4 ] DEBUG TilesetLoader        - Writing to buffer: dst=0,490, w=70,h=70, src=576,864
13:12:43.626 [FXGL Background Thread 4 ] DEBUG TilesetLoader        - Writing to buffer: dst=70,490, w=70,h=70, src=576,864
13:12:43.626 [FXGL Background Thread 4 ] DEBUG TilesetLoader        - Writing to buffer: dst=280,490, w=70,h=70, src=576,360
13:12:43.627 [FXGL Background Thread 4 ] DEBUG TilesetLoader        - Writing to buffer: dst=350,490, w=70,h=70, src=576,432
13:12:43.627 [FXGL Background Thread 4 ] DEBUG TilesetLoader        - Writing to buffer: dst=420,490, w=70,h=70, src=576,288
13:12:43.627 [FXGL Background Thread 4 ] DEBUG TilesetLoader        - Writing to buffer: dst=910,490, w=70,h=70, src=576,864
13:12:43.627 [FXGL Background Thread 4 ] DEBUG TilesetLoader        - Writing to buffer: dst=980,490, w=70,h=70, src=576,864
13:12:43.627 [FXGL Background Thread 4 ] DEBUG TilesetLoader        - Writing to buffer: dst=0,560, w=70,h=70, src=576,864
13:12:43.628 [FXGL Background Thread 4 ] DEBUG TilesetLoader        - Writing to buffer: dst=70,560, w=70,h=70, src=576,864
13:12:43.628 [FXGL Background Thread 4 ] DEBUG TilesetLoader        - Writing to buffer: dst=910,560, w=70,h=70, src=576,864
13:12:43.628 [FXGL Background Thread 4 ] DEBUG TilesetLoader        - Writing to buffer: dst=980,560, w=70,h=70, src=576,864
13:12:43.628 [FXGL Background Thread 4 ] DEBUG TilesetLoader        - Writing to buffer: dst=0,630, w=70,h=70, src=576,864
13:12:43.628 [FXGL Background Thread 4 ] DEBUG TilesetLoader        - Writing to buffer: dst=70,630, w=70,h=70, src=576,864
13:12:43.628 [FXGL Background Thread 4 ] DEBUG TilesetLoader        - Writing to buffer: dst=140,630, w=70,h=70, src=648,0
13:12:43.629 [FXGL Background Thread 4 ] DEBUG TilesetLoader        - Writing to buffer: dst=210,630, w=70,h=70, src=576,576
13:12:43.629 [FXGL Background Thread 4 ] DEBUG TilesetLoader        - Writing to buffer: dst=490,630, w=70,h=70, src=576,720
13:12:43.629 [FXGL Background Thread 4 ] DEBUG TilesetLoader        - Writing to buffer: dst=560,630, w=70,h=70, src=576,576
13:12:43.629 [FXGL Background Thread 4 ] DEBUG TilesetLoader        - Writing to buffer: dst=840,630, w=70,h=70, src=576,720
13:12:43.629 [FXGL Background Thread 4 ] DEBUG TilesetLoader        - Writing to buffer: dst=910,630, w=70,h=70, src=576,864
13:12:43.629 [FXGL Background Thread 4 ] DEBUG TilesetLoader        - Writing to buffer: dst=980,630, w=70,h=70, src=576,864
13:12:43.630 [FXGL Background Thread 4 ] DEBUG TMXLevelLoader       - Creating object layer entities
13:12:43.645 [FXGL Background Thread 4 ] DEBUG FXGLAssetLoaderServi - Loading from file system: file:/Users/merdanusta/IdeaProjects/IPOSE-Maven/target/classes/assets/textures/star.png
13:12:43.650 [FXGL Background Thread 4 ] DEBUG GameWorld            - Clearing removable entities
13:12:43.650 [FXGL Background Thread 4 ] DEBUG GameWorld            - Setting level: com.almasb.fxgl.entity.level.Level@22eb31a8
13:12:43.660 [FXGL Background Thread 4 ] DEBUG FXGLAssetLoaderServi - Loading from file system: file:/Users/merdanusta/IdeaProjects/IPOSE-Maven/target/classes/assets/textures/girl.png
13:12:43.669 [FXGL Background Thread 4 ] INFO  FXGLApplication      - Game initialization took: 0.135 sec
13:12:43.694 [JavaFX Application Thread] DEBUG Input                - Clearing active input actions
13:12:43.707 [JavaFX Application Thread] DEBUG GameApplicationServi - Removing overlay from FXGLLoadingScene and adding to GameScene
13:12:43.708 [JavaFX Application Thread] DEBUG PrimaryStageWindow   - FXGLLoadingScene -> GameScene
13:12:43.783 [FXGL Background Thread 2 ] INFO  UpdaterService       - Your current version:  11.14
13:12:43.783 [FXGL Background Thread 2 ] INFO  UpdaterService       - Latest stable version: 17.1
13:12:46.459 [FXGL Background Thread 3 ] DEBUG Engine               - Logging environment variables
13:12:46.460 [FXGL Background Thread 3 ] DEBUG Engine               - achievements: []
13:12:46.460 [FXGL Background Thread 3 ] DEBUG Engine               - actualHeight: 700.0
13:12:46.460 [FXGL Background Thread 3 ] DEBUG Engine               - actualHeightProperty: ReadOnlyDoubleProperty [value: 700.0]
13:12:46.460 [FXGL Background Thread 3 ] DEBUG Engine               - actualWidth: 1050.0
13:12:46.461 [FXGL Background Thread 3 ] DEBUG Engine               - actualWidthProperty: ReadOnlyDoubleProperty [value: 1050.0]
13:12:46.461 [FXGL Background Thread 3 ] DEBUG Engine               - appIcon: fxgl_icon.png
13:12:46.461 [FXGL Background Thread 3 ] DEBUG Engine               - applicationMode: DEVELOPER
13:12:46.461 [FXGL Background Thread 3 ] DEBUG Engine               - cSSList: [fxgl_dark.css]
13:12:46.461 [FXGL Background Thread 3 ] DEBUG Engine               - collisionDetectionStrategy: BRUTE_FORCE
13:12:46.462 [FXGL Background Thread 3 ] DEBUG Engine               - configClass: Optional.empty
13:12:46.462 [FXGL Background Thread 3 ] DEBUG Engine               - credits: []
13:12:46.463 [FXGL Background Thread 3 ] DEBUG Engine               - devBBoxColorProperty: ObjectProperty [value: 0xff0000ff]
13:12:46.463 [FXGL Background Thread 3 ] DEBUG Engine               - devEnableDebugCameraProperty: BooleanProperty [value: false]
13:12:46.463 [FXGL Background Thread 3 ] DEBUG Engine               - devSensorColorProperty: ObjectProperty [value: 0xffff00ff]
13:12:46.463 [FXGL Background Thread 3 ] DEBUG Engine               - devShowBBoxProperty: BooleanProperty [value: false]
13:12:46.463 [FXGL Background Thread 3 ] DEBUG Engine               - devShowPositionProperty: BooleanProperty [value: false]
13:12:46.464 [FXGL Background Thread 3 ] DEBUG Engine               - enabledMenuItems: []
13:12:46.464 [FXGL Background Thread 3 ] DEBUG Engine               - engineServices: [class com.almasb.fxgl.app.services.FXGLAssetLoaderService, class com.almasb.fxgl.app.FXGLApplication$GameApplicationService, class com.almasb.fxgl.app.services.FXGLDialogService, class com.almasb.fxgl.app.services.IOTaskExecutorService, class com.almasb.fxgl.event.EventBusService, class com.almasb.fxgl.io.FileSystemService, class com.almasb.fxgl.localization.LocalizationService, class com.almasb.fxgl.app.services.SystemBundleService, class com.almasb.fxgl.profile.SaveLoadService, class com.almasb.fxgl.ui.FXGLUIFactoryServiceProvider, class com.almasb.fxgl.ui.FXGLDialogFactoryServiceProvider, class com.almasb.fxgl.audio.AudioPlayer, class com.almasb.fxgl.notification.impl.NotificationServiceProvider, class com.almasb.fxgl.achievement.AchievementService, class com.almasb.fxgl.cutscene.CutsceneService, class com.almasb.fxgl.minigames.MiniGameService, class com.almasb.fxgl.net.NetService, class com.almasb.fxgl.app.services.UpdaterService, class com.almasb.fxgl.dev.DevService]
13:12:46.464 [FXGL Background Thread 3 ] DEBUG Engine               - fontGame: Abel-Regular.ttf
13:12:46.464 [FXGL Background Thread 3 ] DEBUG Engine               - fontMono: lucida_console.ttf
13:12:46.464 [FXGL Background Thread 3 ] DEBUG Engine               - fontText: Courier-Prime.ttf
13:12:46.465 [FXGL Background Thread 3 ] DEBUG Engine               - fontUI: VarelaRound-Regular.ttf
13:12:46.465 [FXGL Background Thread 3 ] DEBUG Engine               - fullScreen: BooleanProperty [value: false]
13:12:46.465 [FXGL Background Thread 3 ] DEBUG Engine               - gameDifficulty: MEDIUM
13:12:46.465 [FXGL Background Thread 3 ] DEBUG Engine               - gameDifficultyProperty: ObjectProperty [value: MEDIUM]
13:12:46.465 [FXGL Background Thread 3 ] DEBUG Engine               - globalMusicVolume: 0.5
13:12:46.466 [FXGL Background Thread 3 ] DEBUG Engine               - globalMusicVolumeProperty: DoubleProperty [value: 0.5]
13:12:46.466 [FXGL Background Thread 3 ] DEBUG Engine               - globalSoundVolume: 0.5
13:12:46.466 [FXGL Background Thread 3 ] DEBUG Engine               - globalSoundVolumeProperty: DoubleProperty [value: 0.5]
13:12:46.467 [FXGL Background Thread 3 ] DEBUG Engine               - height: 700
13:12:46.467 [FXGL Background Thread 3 ] DEBUG Engine               - isAndroid: false
13:12:46.467 [FXGL Background Thread 3 ] DEBUG Engine               - isBrowser: false
13:12:46.467 [FXGL Background Thread 3 ] DEBUG Engine               - isClickFeedbackEnabled: false
13:12:46.467 [FXGL Background Thread 3 ] DEBUG Engine               - isCloseConfirmation: false
13:12:46.468 [FXGL Background Thread 3 ] DEBUG Engine               - isDesktop: true
13:12:46.468 [FXGL Background Thread 3 ] DEBUG Engine               - isDeveloperMenuEnabled: false
13:12:46.468 [FXGL Background Thread 3 ] DEBUG Engine               - isEntityPreloadEnabled: true
13:12:46.468 [FXGL Background Thread 3 ] DEBUG Engine               - isExperimental3D: false
13:12:46.468 [FXGL Background Thread 3 ] DEBUG Engine               - isExperimentalNative: false
13:12:46.469 [FXGL Background Thread 3 ] DEBUG Engine               - isExperimentalTiledLargeMap: false
13:12:46.469 [FXGL Background Thread 3 ] DEBUG Engine               - isFileSystemWriteAllowed: true
13:12:46.470 [FXGL Background Thread 3 ] DEBUG Engine               - isFullScreenAllowed: false
13:12:46.470 [FXGL Background Thread 3 ] DEBUG Engine               - isFullScreenFromStart: false
13:12:46.471 [FXGL Background Thread 3 ] DEBUG Engine               - isGameMenuEnabled: true
13:12:46.471 [FXGL Background Thread 3 ] DEBUG Engine               - isIOS: false
13:12:46.471 [FXGL Background Thread 3 ] DEBUG Engine               - isIntroEnabled: false
13:12:46.471 [FXGL Background Thread 3 ] DEBUG Engine               - isLinux: false
13:12:46.471 [FXGL Background Thread 3 ] DEBUG Engine               - isMac: true
13:12:46.471 [FXGL Background Thread 3 ] DEBUG Engine               - isMainMenuEnabled: false
13:12:46.471 [FXGL Background Thread 3 ] DEBUG Engine               - isManualResizeEnabled: false
13:12:46.472 [FXGL Background Thread 3 ] DEBUG Engine               - isMobile: false
13:12:46.472 [FXGL Background Thread 3 ] DEBUG Engine               - isPreserveResizeRatio: false
13:12:46.472 [FXGL Background Thread 3 ] DEBUG Engine               - isProfilingEnabled: false
13:12:46.472 [FXGL Background Thread 3 ] DEBUG Engine               - isScaleAffectedOnResize: true
13:12:46.472 [FXGL Background Thread 3 ] DEBUG Engine               - isSingleStep: false
13:12:46.472 [FXGL Background Thread 3 ] DEBUG Engine               - isUserProfileEnabled: false
13:12:46.472 [FXGL Background Thread 3 ] DEBUG Engine               - isWindows: false
13:12:46.473 [FXGL Background Thread 3 ] DEBUG Engine               - language: ObjectProperty [value: ENGLISH]
13:12:46.473 [FXGL Background Thread 3 ] DEBUG Engine               - menuKey: ESCAPE
13:12:46.473 [FXGL Background Thread 3 ] DEBUG Engine               - notificationViewClass: class com.almasb.fxgl.notification.view.XboxNotificationView
13:12:46.473 [FXGL Background Thread 3 ] DEBUG Engine               - pixelsPerMeter: 50.0
13:12:46.473 [FXGL Background Thread 3 ] DEBUG Engine               - platform: MAC
13:12:46.474 [FXGL Background Thread 3 ] DEBUG Engine               - prefHeightProperty: ReadOnlyDoubleProperty [value: 700.0]
13:12:46.474 [FXGL Background Thread 3 ] DEBUG Engine               - prefWidthProperty: ReadOnlyDoubleProperty [value: 1050.0]
13:12:46.474 [FXGL Background Thread 3 ] DEBUG Engine               - profileDir: profiles/
13:12:46.474 [FXGL Background Thread 3 ] DEBUG Engine               - profileName: StringProperty [value: DEFAULT]
13:12:46.474 [FXGL Background Thread 3 ] DEBUG Engine               - randomSeed: -1
13:12:46.474 [FXGL Background Thread 3 ] DEBUG Engine               - runtimeInfo: RuntimeInfo(platform=MAC, version=11.14, build=01.03.2021 16.59)
13:12:46.474 [FXGL Background Thread 3 ] DEBUG Engine               - saveFileExt: sav
13:12:46.475 [FXGL Background Thread 3 ] DEBUG Engine               - scaledHeightProp$fxgl: DoubleProperty [bound, value: 700.0]
13:12:46.475 [FXGL Background Thread 3 ] DEBUG Engine               - scaledWidthProp$fxgl: DoubleProperty [bound, value: 1050.0]
13:12:46.475 [FXGL Background Thread 3 ] DEBUG Engine               - sceneFactory: com.almasb.fxgl.app.scene.SceneFactory@1a5b3dcd
13:12:46.475 [FXGL Background Thread 3 ] DEBUG Engine               - secondsIn24h: 60
13:12:46.475 [FXGL Background Thread 3 ] DEBUG Engine               - soundMenuBack: menu/back.wav
13:12:46.476 [FXGL Background Thread 3 ] DEBUG Engine               - soundMenuPress: menu/press.wav
13:12:46.476 [FXGL Background Thread 3 ] DEBUG Engine               - soundMenuSelect: menu/select.wav
13:12:46.476 [FXGL Background Thread 3 ] DEBUG Engine               - soundNotification: core/notification.wav
13:12:46.476 [FXGL Background Thread 3 ] DEBUG Engine               - stageStyle: DECORATED
13:12:46.476 [FXGL Background Thread 3 ] DEBUG Engine               - supportedLanguages: [ENGLISH, FRENCH, GERMAN, HUNGARIAN, RUSSIAN]
13:12:46.476 [FXGL Background Thread 3 ] DEBUG Engine               - ticksPerSecond: -1
13:12:46.476 [FXGL Background Thread 3 ] DEBUG Engine               - title: Demo game
13:12:46.477 [FXGL Background Thread 3 ] DEBUG Engine               - urlGithub: https://github.com/AlmasB/FXGL
13:12:46.477 [FXGL Background Thread 3 ] DEBUG Engine               - urlLeaderboard: http://fxgl-top.herokuapp.com/
13:12:46.477 [FXGL Background Thread 3 ] DEBUG Engine               - urlPOM: https://raw.githubusercontent.com/AlmasB/FXGL/release/README.md
13:12:46.477 [FXGL Background Thread 3 ] DEBUG Engine               - userAppClass: class Game
13:12:46.477 [FXGL Background Thread 3 ] DEBUG Engine               - version: 1.2
13:12:46.477 [FXGL Background Thread 3 ] DEBUG Engine               - versionCheckDays: 7
13:12:46.477 [FXGL Background Thread 3 ] DEBUG Engine               - width: 1050
13:12:46.478 [FXGL Background Thread 3 ] DEBUG Engine               - Logging services
13:12:46.478 [FXGL Background Thread 3 ] DEBUG Engine               - class com.almasb.fxgl.app.services.FXGLAssetLoaderService
13:12:46.478 [FXGL Background Thread 3 ] DEBUG Engine               - class com.almasb.fxgl.app.FXGLApplication$GameApplicationService
13:12:46.478 [FXGL Background Thread 3 ] DEBUG Engine               - class com.almasb.fxgl.app.services.FXGLDialogService
13:12:46.478 [FXGL Background Thread 3 ] DEBUG Engine               - class com.almasb.fxgl.app.services.IOTaskExecutorService
13:12:46.478 [FXGL Background Thread 3 ] DEBUG Engine               - class com.almasb.fxgl.event.EventBusService
13:12:46.478 [FXGL Background Thread 3 ] DEBUG Engine               - class com.almasb.fxgl.io.FileSystemService
13:12:46.478 [FXGL Background Thread 3 ] DEBUG Engine               - class com.almasb.fxgl.localization.LocalizationService
13:12:46.478 [FXGL Background Thread 3 ] DEBUG Engine               - class com.almasb.fxgl.app.services.SystemBundleService
13:12:46.478 [FXGL Background Thread 3 ] DEBUG Engine               - class com.almasb.fxgl.profile.SaveLoadService
13:12:46.479 [FXGL Background Thread 3 ] DEBUG Engine               - class com.almasb.fxgl.ui.FXGLUIFactoryServiceProvider
13:12:46.479 [FXGL Background Thread 3 ] DEBUG Engine               - class com.almasb.fxgl.ui.FXGLDialogFactoryServiceProvider
13:12:46.479 [FXGL Background Thread 3 ] DEBUG Engine               - class com.almasb.fxgl.audio.AudioPlayer
13:12:46.479 [FXGL Background Thread 3 ] DEBUG Engine               - class com.almasb.fxgl.notification.impl.NotificationServiceProvider
13:12:46.479 [FXGL Background Thread 3 ] DEBUG Engine               - class com.almasb.fxgl.achievement.AchievementService
13:12:46.479 [FXGL Background Thread 3 ] DEBUG Engine               - class com.almasb.fxgl.cutscene.CutsceneService
13:12:46.479 [FXGL Background Thread 3 ] DEBUG Engine               - class com.almasb.fxgl.minigames.MiniGameService
13:12:46.479 [FXGL Background Thread 3 ] DEBUG Engine               - class com.almasb.fxgl.net.NetService
13:12:46.479 [FXGL Background Thread 3 ] DEBUG Engine               - class com.almasb.fxgl.app.services.UpdaterService
13:12:46.480 [FXGL Background Thread 3 ] DEBUG Engine               - class com.almasb.fxgl.dev.DevService
13:12:55.328 [JavaFX Application Thread] DEBUG FXGLApplication      - Exiting FXGL
13:12:55.329 [JavaFX Application Thread] DEBUG LoopRunner           - Stopping loop
13:12:55.329 [JavaFX Application Thread] DEBUG SystemBundleService  - Saving FXGL system data
13:12:55.336 [JavaFX Application Thread] DEBUG FileSystemAccess     - Writing to: /Users/merdanusta/IdeaProjects/IPOSE-Maven/system/fxgl.bundle
13:12:55.338 [JavaFX Application Thread] DEBUG Async                - Shutting down background threads
13:12:55.338 [JavaFX Application Thread] DEBUG PrimaryStageWindow   - Closing main window
13:12:55.346 [JavaFX Application Thread] DEBUG Logger               - Closing Logger
