19:30:41.900 [main                     ] DEBUG Logger               - Configured Logger
19:30:41.920 [main                     ] DEBUG GameApplication      - Logging settings
Title: Demo game
Version: 1.0
Width: 800
Height: 800
Fullscreen: false
Intro: false
Profiling: false
Single step:false
App Mode: DEVELOPER
Menu Key: ESCAPE
Stage Style: DECORATED
Scene Factory: class com.almasb.fxgl.app.scene.SceneFactory

19:30:42.511 [JavaFX Application Thread] DEBUG FXGLApplication      - Initializing FXGL
19:30:42.515 [JavaFX Application Thread] INFO  Engine               - FXGL-11.14 (01.03.2021 16.59) on WINDOWS (J:15.0.2 FX:15)
19:30:42.515 [JavaFX Application Thread] DEBUG Engine               - JRE Vendor Name: Oracle Corporation
19:30:42.515 [JavaFX Application Thread] DEBUG Engine               - Running on OS: Windows 10 version 10.0
19:30:42.516 [JavaFX Application Thread] DEBUG Engine               - Architecture: amd64
19:30:42.516 [JavaFX Application Thread] INFO  Engine               - Source code and latest versions at: https://github.com/AlmasB/FXGL
19:30:42.517 [JavaFX Application Thread] INFO  Engine               -              Join the FXGL chat at: https://gitter.im/AlmasB/FXGL
19:30:42.721 [JavaFX Application Thread] DEBUG PrimaryStageWindow   - Creating a JavaFX scene
19:30:42.801 [JavaFX Application Thread] DEBUG PrimaryStageWindow   - Target settings size: 800.0 x 800.0
19:30:42.801 [JavaFX Application Thread] DEBUG PrimaryStageWindow   - Scaled scene size:    800.0 x 800.0
19:30:42.802 [JavaFX Application Thread] DEBUG PrimaryStageWindow   - Scaled ratio: (1.0, 1.0)
19:30:42.803 [JavaFX Application Thread] DEBUG PrimaryStageWindow   - Set initial scene to FXGLStartupScene
19:30:42.815 [JavaFX Application Thread] DEBUG PrimaryStageWindow   - Opening main window
19:30:42.937 [JavaFX Application Thread] DEBUG PrimaryStageWindow   - Window border size: (14.4000244140625, 37.5999755859375)
19:30:42.938 [JavaFX Application Thread] DEBUG PrimaryStageWindow   - Scaled size: 800.0 x 800.0
19:30:42.938 [JavaFX Application Thread] DEBUG PrimaryStageWindow   - Scaled ratio: (1.0, 1.0)
19:30:42.939 [JavaFX Application Thread] DEBUG PrimaryStageWindow   - Scene size: 800.0 x 800.0
19:30:42.939 [JavaFX Application Thread] DEBUG PrimaryStageWindow   - Stage size: 814.4000244140625 x 837.5999755859375
19:30:42.954 [FXGL Background Thread 1 ] DEBUG Engine               - Initializing environment variables
19:30:43.007 [FXGL Background Thread 1 ] DEBUG FXGLAssetLoaderServi - User app class for loading assets: class Game
19:30:43.007 [FXGL Background Thread 1 ] DEBUG GameApplicationServi - Applying CSS: fxgl_dark.css
19:30:43.009 [FXGL Background Thread 1 ] DEBUG FXGLAssetLoaderServi - Loading from file system: jar:file:/C:/Users/fayli/.m2/repository/com/github/almasb/fxgl/11.14/fxgl-11.14.jar!/fxglassets/ui/css/fxgl_dark.css
19:30:43.074 [FXGL Background Thread 1 ] DEBUG GameApplicationServi - Initializing application scenes
19:30:43.133 [FXGL Background Thread 1 ] DEBUG GameWorld            - Game world initialized
19:30:43.226 [FXGL Background Thread 1 ] DEBUG PhysicsWorld         - Physics world initialized: appHeight=800, physics.ppm=50,0
19:30:43.227 [FXGL Background Thread 1 ] DEBUG PhysicsWorld         - Using strategy: BRUTE_FORCE
19:30:43.231 [FXGL Background Thread 1 ] DEBUG GameScene            - Game scene initialized: 800x800
19:30:43.296 [FXGL Background Thread 1 ] DEBUG FXGLAssetLoaderServi - Loading from file system: jar:file:/C:/Users/fayli/.m2/repository/com/github/almasb/fxgl/11.14/fxgl-11.14.jar!/fxglassets/textures/particles/trace_horizontal.png
19:30:43.369 [FXGL Background Thread 1 ] DEBUG FXGL.DefaultMenu     - createMenuBodyGameMenu()
19:30:43.390 [FXGL Background Thread 1 ] DEBUG FXGL.DefaultMenu     - createOptionsMenu()
19:30:43.396 [FXGL Background Thread 1 ] DEBUG FXGLAssetLoaderServi - Loading from file system: jar:file:/C:/Users/fayli/.m2/repository/com/github/almasb/fxgl/11.14/fxgl-11.14.jar!/fxglassets/textures/particles/smoke.png
19:30:43.486 [FXGL Background Thread 1 ] DEBUG GameApplicationServi - Application scenes initialized
19:30:43.504 [FXGL Background Thread 1 ] DEBUG SystemBundleService  - Loading FXGL system data
19:30:43.511 [FXGL Background Thread 1 ] DEBUG FileSystemAccess     - Reading from: C:\Users\fayli\OneDrive - Hogeschool Leiden\Periode 3, Jaar 1\IOOA\Week 6\IPOSE-Maven\system\fxgl.bundle
19:30:43.522 [FXGL Background Thread 1 ] DEBUG SystemBundleService  - Bundle FXGL: {}
19:30:43.522 [FXGL Background Thread 1 ] DEBUG UpdaterService       - Checking for updates
19:30:43.530 [FXGL Background Thread 4 ] DEBUG FXGLApplication      - Loading fonts
19:30:43.531 [FXGL Background Thread 1 ] DEBUG FXGLApplication      - Loading default localization
19:30:43.531 [FXGL Background Thread 4 ] DEBUG FXGLAssetLoaderServi - Loading from file system: jar:file:/C:/Users/fayli/.m2/repository/com/github/almasb/fxgl/11.14/fxgl-11.14.jar!/fxglassets/ui/fonts/VarelaRound-Regular.ttf
19:30:43.532 [FXGL Background Thread 1 ] DEBUG FXGLAssetLoaderServi - Loading from file system: jar:file:/C:/Users/fayli/.m2/repository/com/github/almasb/fxgl/11.14/fxgl-11.14.jar!/fxglassets/languages/english.lang
19:30:43.563 [FXGL Background Thread 1 ] INFO  FXGLApplication      - FXGL initialization took: 0,609 sec
19:30:43.577 [JavaFX Application Thread] DEBUG Input                - Registered new binding: action0 - D
19:30:43.578 [JavaFX Application Thread] DEBUG Input                - Registered new binding: action1 - A
19:30:43.578 [JavaFX Application Thread] DEBUG Input                - Registered new binding: action2 - W
19:30:43.579 [JavaFX Application Thread] DEBUG Input                - Registered new binding: action3 - S
19:30:43.579 [JavaFX Application Thread] DEBUG FXGLAssetLoaderServi - Loading from file system: jar:file:/C:/Users/fayli/.m2/repository/com/github/almasb/fxgl/11.14/fxgl-11.14.jar!/fxglassets/textures/fxgl_icon.png
19:30:43.602 [JavaFX Application Thread] DEBUG FXGLAssetLoaderServi - Loading from file system: jar:file:/C:/Users/fayli/.m2/repository/com/github/almasb/fxgl/11.14/fxgl-11.14.jar!/fxglassets/ui/cursors/fxgl_default.png
19:30:43.605 [JavaFX Application Thread] DEBUG Input                - Registered new binding: Screenshot - P
19:30:43.606 [JavaFX Application Thread] DEBUG Input                - Registered new binding: System info dump - CTRL+9
19:30:43.606 [JavaFX Application Thread] DEBUG Input                - Registered new binding: Restart - CTRL+R
19:30:43.607 [JavaFX Application Thread] DEBUG Input                - Registered new binding: Toggle Debug Camera - CTRL+C
19:30:43.609 [FXGL Background Thread 4 ] DEBUG FXGLAssetLoaderServi - Loading from file system: jar:file:/C:/Users/fayli/.m2/repository/com/github/almasb/fxgl/11.14/fxgl-11.14.jar!/fxglassets/ui/fonts/Abel-Regular.ttf
19:30:43.609 [JavaFX Application Thread] DEBUG LoopRunner           - Starting loop
19:30:43.609 [JavaFX Application Thread] DEBUG LoopRunner           - Initializing JavaFX AnimationTimerLoop
19:30:43.611 [JavaFX Application Thread] DEBUG GameApplicationServi - Starting new game
19:30:43.612 [JavaFX Application Thread] DEBUG Input                - Clearing active input actions
19:30:43.613 [FXGL Background Thread 4 ] DEBUG FXGLAssetLoaderServi - Loading from file system: jar:file:/C:/Users/fayli/.m2/repository/com/github/almasb/fxgl/11.14/fxgl-11.14.jar!/fxglassets/ui/fonts/lucida_console.ttf
19:30:43.621 [FXGL Background Thread 4 ] DEBUG FXGLAssetLoaderServi - Loading from file system: jar:file:/C:/Users/fayli/.m2/repository/com/github/almasb/fxgl/11.14/fxgl-11.14.jar!/fxglassets/ui/fonts/Courier-Prime.ttf
19:30:43.624 [JavaFX Application Thread] DEBUG GameApplicationServi - Removing overlay from FXGLStartupScene and adding to FXGLLoadingScene
19:30:43.624 [JavaFX Application Thread] DEBUG PrimaryStageWindow   - FXGLStartupScene -> FXGLLoadingScene
19:30:43.625 [JavaFX Application Thread] DEBUG GameApplicationServi - Clearing previous game
19:30:43.625 [JavaFX Application Thread] DEBUG GameScene            - Clearing game scene
19:30:43.625 [JavaFX Application Thread] DEBUG GameWorld            - Clearing game world
19:30:43.625 [JavaFX Application Thread] DEBUG PhysicsWorld         - Clearing physics world
19:30:43.627 [FXGL Background Thread 1 ] DEBUG FXGLApplication      - Initializing game
19:30:43.629 [FXGL Background Thread 1 ] DEBUG FXGLAssetLoaderServi - Loading from file system: file:/C:/Users/fayli/OneDrive%20-%20Hogeschool%20Leiden/Periode%203,%20Jaar%201/IOOA/Week%206/IPOSE-Maven/target/classes/assets/textures/madotsuki.png
19:30:43.658 [FXGL Background Thread 1 ] INFO  FXGLApplication      - Game initialization took: 0,030 sec
19:30:43.676 [JavaFX Application Thread] DEBUG FXGLApplication      - Registering font factories with UI factory
19:30:43.681 [JavaFX Application Thread] DEBUG Input                - Clearing active input actions
19:30:43.700 [JavaFX Application Thread] DEBUG GameApplicationServi - Removing overlay from FXGLLoadingScene and adding to GameScene
19:30:43.700 [JavaFX Application Thread] DEBUG PrimaryStageWindow   - FXGLLoadingScene -> GameScene
19:30:44.322 [FXGL Background Thread 2 ] INFO  UpdaterService       - Your current version:  11.14
19:30:44.323 [FXGL Background Thread 2 ] INFO  UpdaterService       - Latest stable version: 17.1
19:30:46.530 [FXGL Background Thread 3 ] DEBUG Engine               - Logging environment variables
19:30:46.531 [FXGL Background Thread 3 ] DEBUG Engine               - achievements: []
19:30:46.532 [FXGL Background Thread 3 ] DEBUG Engine               - actualHeight: 800.0
19:30:46.532 [FXGL Background Thread 3 ] DEBUG Engine               - actualHeightProperty: ReadOnlyDoubleProperty [value: 800.0]
19:30:46.533 [FXGL Background Thread 3 ] DEBUG Engine               - actualWidth: 800.0
19:30:46.533 [FXGL Background Thread 3 ] DEBUG Engine               - actualWidthProperty: ReadOnlyDoubleProperty [value: 800.0]
19:30:46.534 [FXGL Background Thread 3 ] DEBUG Engine               - appIcon: fxgl_icon.png
19:30:46.534 [FXGL Background Thread 3 ] DEBUG Engine               - applicationMode: DEVELOPER
19:30:46.535 [FXGL Background Thread 3 ] DEBUG Engine               - cSSList: [fxgl_dark.css]
19:30:46.535 [FXGL Background Thread 3 ] DEBUG Engine               - collisionDetectionStrategy: BRUTE_FORCE
19:30:46.536 [FXGL Background Thread 3 ] DEBUG Engine               - configClass: Optional.empty
19:30:46.536 [FXGL Background Thread 3 ] DEBUG Engine               - credits: []
19:30:46.538 [FXGL Background Thread 3 ] DEBUG Engine               - devBBoxColorProperty: ObjectProperty [value: 0xff0000ff]
19:30:46.539 [FXGL Background Thread 3 ] DEBUG Engine               - devEnableDebugCameraProperty: BooleanProperty [value: false]
19:30:46.539 [FXGL Background Thread 3 ] DEBUG Engine               - devSensorColorProperty: ObjectProperty [value: 0xffff00ff]
19:30:46.540 [FXGL Background Thread 3 ] DEBUG Engine               - devShowBBoxProperty: BooleanProperty [value: false]
19:30:46.540 [FXGL Background Thread 3 ] DEBUG Engine               - devShowPositionProperty: BooleanProperty [value: false]
19:30:46.541 [FXGL Background Thread 3 ] DEBUG Engine               - enabledMenuItems: []
19:30:46.541 [FXGL Background Thread 3 ] DEBUG Engine               - engineServices: [class com.almasb.fxgl.app.services.FXGLAssetLoaderService, class com.almasb.fxgl.app.FXGLApplication$GameApplicationService, class com.almasb.fxgl.app.services.FXGLDialogService, class com.almasb.fxgl.app.services.IOTaskExecutorService, class com.almasb.fxgl.event.EventBusService, class com.almasb.fxgl.io.FileSystemService, class com.almasb.fxgl.localization.LocalizationService, class com.almasb.fxgl.app.services.SystemBundleService, class com.almasb.fxgl.profile.SaveLoadService, class com.almasb.fxgl.ui.FXGLUIFactoryServiceProvider, class com.almasb.fxgl.ui.FXGLDialogFactoryServiceProvider, class com.almasb.fxgl.audio.AudioPlayer, class com.almasb.fxgl.notification.impl.NotificationServiceProvider, class com.almasb.fxgl.achievement.AchievementService, class com.almasb.fxgl.cutscene.CutsceneService, class com.almasb.fxgl.minigames.MiniGameService, class com.almasb.fxgl.net.NetService, class com.almasb.fxgl.app.services.UpdaterService, class com.almasb.fxgl.dev.DevService]
19:30:46.541 [FXGL Background Thread 3 ] DEBUG Engine               - fontGame: Abel-Regular.ttf
19:30:46.542 [FXGL Background Thread 3 ] DEBUG Engine               - fontMono: lucida_console.ttf
19:30:46.542 [FXGL Background Thread 3 ] DEBUG Engine               - fontText: Courier-Prime.ttf
19:30:46.543 [FXGL Background Thread 3 ] DEBUG Engine               - fontUI: VarelaRound-Regular.ttf
19:30:46.543 [FXGL Background Thread 3 ] DEBUG Engine               - fullScreen: BooleanProperty [value: false]
19:30:46.543 [FXGL Background Thread 3 ] DEBUG Engine               - gameDifficulty: MEDIUM
19:30:46.544 [FXGL Background Thread 3 ] DEBUG Engine               - gameDifficultyProperty: ObjectProperty [value: MEDIUM]
19:30:46.544 [FXGL Background Thread 3 ] DEBUG Engine               - globalMusicVolume: 0.5
19:30:46.545 [FXGL Background Thread 3 ] DEBUG Engine               - globalMusicVolumeProperty: DoubleProperty [value: 0.5]
19:30:46.545 [FXGL Background Thread 3 ] DEBUG Engine               - globalSoundVolume: 0.5
19:30:46.546 [FXGL Background Thread 3 ] DEBUG Engine               - globalSoundVolumeProperty: DoubleProperty [value: 0.5]
19:30:46.546 [FXGL Background Thread 3 ] DEBUG Engine               - height: 800
19:30:46.546 [FXGL Background Thread 3 ] DEBUG Engine               - isAndroid: false
19:30:46.546 [FXGL Background Thread 3 ] DEBUG Engine               - isBrowser: false
19:30:46.547 [FXGL Background Thread 3 ] DEBUG Engine               - isClickFeedbackEnabled: false
19:30:46.547 [FXGL Background Thread 3 ] DEBUG Engine               - isCloseConfirmation: false
19:30:46.547 [FXGL Background Thread 3 ] DEBUG Engine               - isDesktop: true
19:30:46.547 [FXGL Background Thread 3 ] DEBUG Engine               - isDeveloperMenuEnabled: false
19:30:46.548 [FXGL Background Thread 3 ] DEBUG Engine               - isEntityPreloadEnabled: true
19:30:46.548 [FXGL Background Thread 3 ] DEBUG Engine               - isExperimental3D: false
19:30:46.548 [FXGL Background Thread 3 ] DEBUG Engine               - isExperimentalNative: false
19:30:46.548 [FXGL Background Thread 3 ] DEBUG Engine               - isExperimentalTiledLargeMap: false
19:30:46.548 [FXGL Background Thread 3 ] DEBUG Engine               - isFileSystemWriteAllowed: true
19:30:46.549 [FXGL Background Thread 3 ] DEBUG Engine               - isFullScreenAllowed: false
19:30:46.549 [FXGL Background Thread 3 ] DEBUG Engine               - isFullScreenFromStart: false
19:30:46.550 [FXGL Background Thread 3 ] DEBUG Engine               - isGameMenuEnabled: true
19:30:46.550 [FXGL Background Thread 3 ] DEBUG Engine               - isIOS: false
19:30:46.550 [FXGL Background Thread 3 ] DEBUG Engine               - isIntroEnabled: false
19:30:46.551 [FXGL Background Thread 3 ] DEBUG Engine               - isLinux: false
19:30:46.551 [FXGL Background Thread 3 ] DEBUG Engine               - isMac: false
19:30:46.551 [FXGL Background Thread 3 ] DEBUG Engine               - isMainMenuEnabled: false
19:30:46.552 [FXGL Background Thread 3 ] DEBUG Engine               - isManualResizeEnabled: false
19:30:46.552 [FXGL Background Thread 3 ] DEBUG Engine               - isMobile: false
19:30:46.552 [FXGL Background Thread 3 ] DEBUG Engine               - isPreserveResizeRatio: false
19:30:46.552 [FXGL Background Thread 3 ] DEBUG Engine               - isProfilingEnabled: false
19:30:46.553 [FXGL Background Thread 3 ] DEBUG Engine               - isScaleAffectedOnResize: true
19:30:46.553 [FXGL Background Thread 3 ] DEBUG Engine               - isSingleStep: false
19:30:46.553 [FXGL Background Thread 3 ] DEBUG Engine               - isUserProfileEnabled: false
19:30:46.554 [FXGL Background Thread 3 ] DEBUG Engine               - isWindows: true
19:30:46.554 [FXGL Background Thread 3 ] DEBUG Engine               - language: ObjectProperty [value: ENGLISH]
19:30:46.554 [FXGL Background Thread 3 ] DEBUG Engine               - menuKey: ESCAPE
19:30:46.555 [FXGL Background Thread 3 ] DEBUG Engine               - notificationViewClass: class com.almasb.fxgl.notification.view.XboxNotificationView
19:30:46.555 [FXGL Background Thread 3 ] DEBUG Engine               - pixelsPerMeter: 50.0
19:30:46.555 [FXGL Background Thread 3 ] DEBUG Engine               - platform: WINDOWS
19:30:46.555 [FXGL Background Thread 3 ] DEBUG Engine               - prefHeightProperty: ReadOnlyDoubleProperty [value: 800.0]
19:30:46.556 [FXGL Background Thread 3 ] DEBUG Engine               - prefWidthProperty: ReadOnlyDoubleProperty [value: 800.0]
19:30:46.556 [FXGL Background Thread 3 ] DEBUG Engine               - profileDir: profiles/
19:30:46.556 [FXGL Background Thread 3 ] DEBUG Engine               - profileName: StringProperty [value: DEFAULT]
19:30:46.557 [FXGL Background Thread 3 ] DEBUG Engine               - randomSeed: -1
19:30:46.557 [FXGL Background Thread 3 ] DEBUG Engine               - runtimeInfo: RuntimeInfo(platform=WINDOWS, version=11.14, build=01.03.2021 16.59)
19:30:46.557 [FXGL Background Thread 3 ] DEBUG Engine               - saveFileExt: sav
19:30:46.557 [FXGL Background Thread 3 ] DEBUG Engine               - scaledHeightProp$fxgl: DoubleProperty [bound, value: 800.0]
19:30:46.558 [FXGL Background Thread 3 ] DEBUG Engine               - scaledWidthProp$fxgl: DoubleProperty [bound, value: 800.0]
19:30:46.558 [FXGL Background Thread 3 ] DEBUG Engine               - sceneFactory: com.almasb.fxgl.app.scene.SceneFactory@7efafae9
19:30:46.559 [FXGL Background Thread 3 ] DEBUG Engine               - secondsIn24h: 60
19:30:46.559 [FXGL Background Thread 3 ] DEBUG Engine               - soundMenuBack: menu/back.wav
19:30:46.559 [FXGL Background Thread 3 ] DEBUG Engine               - soundMenuPress: menu/press.wav
19:30:46.560 [FXGL Background Thread 3 ] DEBUG Engine               - soundMenuSelect: menu/select.wav
19:30:46.560 [FXGL Background Thread 3 ] DEBUG Engine               - soundNotification: core/notification.wav
19:30:46.560 [FXGL Background Thread 3 ] DEBUG Engine               - stageStyle: DECORATED
19:30:46.560 [FXGL Background Thread 3 ] DEBUG Engine               - supportedLanguages: [ENGLISH, FRENCH, GERMAN, HUNGARIAN, RUSSIAN]
19:30:46.561 [FXGL Background Thread 3 ] DEBUG Engine               - ticksPerSecond: -1
19:30:46.561 [FXGL Background Thread 3 ] DEBUG Engine               - title: Demo game
19:30:46.562 [FXGL Background Thread 3 ] DEBUG Engine               - urlGithub: https://github.com/AlmasB/FXGL
19:30:46.562 [FXGL Background Thread 3 ] DEBUG Engine               - urlLeaderboard: http://fxgl-top.herokuapp.com/
19:30:46.562 [FXGL Background Thread 3 ] DEBUG Engine               - urlPOM: https://raw.githubusercontent.com/AlmasB/FXGL/release/README.md
19:30:46.562 [FXGL Background Thread 3 ] DEBUG Engine               - userAppClass: class Game
19:30:46.562 [FXGL Background Thread 3 ] DEBUG Engine               - version: 1.0
19:30:46.563 [FXGL Background Thread 3 ] DEBUG Engine               - versionCheckDays: 7
19:30:46.563 [FXGL Background Thread 3 ] DEBUG Engine               - width: 800
19:30:46.564 [FXGL Background Thread 3 ] DEBUG Engine               - Logging services
19:30:46.564 [FXGL Background Thread 3 ] DEBUG Engine               - class com.almasb.fxgl.app.services.FXGLAssetLoaderService
19:30:46.564 [FXGL Background Thread 3 ] DEBUG Engine               - class com.almasb.fxgl.app.FXGLApplication$GameApplicationService
19:30:46.564 [FXGL Background Thread 3 ] DEBUG Engine               - class com.almasb.fxgl.app.services.FXGLDialogService
19:30:46.565 [FXGL Background Thread 3 ] DEBUG Engine               - class com.almasb.fxgl.app.services.IOTaskExecutorService
19:30:46.565 [FXGL Background Thread 3 ] DEBUG Engine               - class com.almasb.fxgl.event.EventBusService
19:30:46.565 [FXGL Background Thread 3 ] DEBUG Engine               - class com.almasb.fxgl.io.FileSystemService
19:30:46.565 [FXGL Background Thread 3 ] DEBUG Engine               - class com.almasb.fxgl.localization.LocalizationService
19:30:46.566 [FXGL Background Thread 3 ] DEBUG Engine               - class com.almasb.fxgl.app.services.SystemBundleService
19:30:46.566 [FXGL Background Thread 3 ] DEBUG Engine               - class com.almasb.fxgl.profile.SaveLoadService
19:30:46.566 [FXGL Background Thread 3 ] DEBUG Engine               - class com.almasb.fxgl.ui.FXGLUIFactoryServiceProvider
19:30:46.566 [FXGL Background Thread 3 ] DEBUG Engine               - class com.almasb.fxgl.ui.FXGLDialogFactoryServiceProvider
19:30:46.567 [FXGL Background Thread 3 ] DEBUG Engine               - class com.almasb.fxgl.audio.AudioPlayer
19:30:46.567 [FXGL Background Thread 3 ] DEBUG Engine               - class com.almasb.fxgl.notification.impl.NotificationServiceProvider
19:30:46.567 [FXGL Background Thread 3 ] DEBUG Engine               - class com.almasb.fxgl.achievement.AchievementService
19:30:46.567 [FXGL Background Thread 3 ] DEBUG Engine               - class com.almasb.fxgl.cutscene.CutsceneService
19:30:46.568 [FXGL Background Thread 3 ] DEBUG Engine               - class com.almasb.fxgl.minigames.MiniGameService
19:30:46.568 [FXGL Background Thread 3 ] DEBUG Engine               - class com.almasb.fxgl.net.NetService
19:30:46.569 [FXGL Background Thread 3 ] DEBUG Engine               - class com.almasb.fxgl.app.services.UpdaterService
19:30:46.569 [FXGL Background Thread 3 ] DEBUG Engine               - class com.almasb.fxgl.dev.DevService
19:31:05.880 [JavaFX Application Thread] DEBUG FXGLApplication      - Exiting FXGL
19:31:05.880 [JavaFX Application Thread] DEBUG LoopRunner           - Stopping loop
19:31:05.880 [JavaFX Application Thread] DEBUG SystemBundleService  - Saving FXGL system data
19:31:05.884 [JavaFX Application Thread] DEBUG FileSystemAccess     - Writing to: C:\Users\fayli\OneDrive - Hogeschool Leiden\Periode 3, Jaar 1\IOOA\Week 6\IPOSE-Maven\system\fxgl.bundle
19:31:05.886 [JavaFX Application Thread] DEBUG Async                - Shutting down background threads
19:31:05.887 [JavaFX Application Thread] DEBUG PrimaryStageWindow   - Closing main window
19:31:05.914 [JavaFX Application Thread] DEBUG Logger               - Closing Logger
