15:17:47.747 [main                     ] DEBUG Logger               - Configured Logger
15:17:47.787 [main                     ] DEBUG GameApplication      - Logging settings
Title: Demo game
Version: 1.2
Width: 1050
Height: 700
Fullscreen: false
Intro: false
Profiling: false
Single step:false
App Mode: DEVELOPER
Menu Key: ESCAPE
Stage Style: DECORATED
Scene Factory: class com.almasb.fxgl.app.scene.SceneFactory

15:17:49.192 [JavaFX Application Thread] DEBUG FXGLApplication      - Initializing FXGL
15:17:49.206 [JavaFX Application Thread] INFO  Engine               - FXGL-11.14 (01.03.2021 16.59) on WINDOWS (J:15.0.2 FX:15)
15:17:49.207 [JavaFX Application Thread] DEBUG Engine               - JRE Vendor Name: Amazon.com Inc.
15:17:49.207 [JavaFX Application Thread] DEBUG Engine               - Running on OS: Windows 10 version 10.0
15:17:49.208 [JavaFX Application Thread] DEBUG Engine               - Architecture: amd64
15:17:49.209 [JavaFX Application Thread] INFO  Engine               - Source code and latest versions at: https://github.com/AlmasB/FXGL
15:17:49.209 [JavaFX Application Thread] INFO  Engine               -              Join the FXGL chat at: https://gitter.im/AlmasB/FXGL
15:17:49.672 [JavaFX Application Thread] DEBUG PrimaryStageWindow   - Creating a JavaFX scene
15:17:49.864 [JavaFX Application Thread] DEBUG PrimaryStageWindow   - Target settings size: 1050.0 x 700.0
15:17:49.865 [JavaFX Application Thread] DEBUG PrimaryStageWindow   - Scaled scene size:    1050.0 x 700.0
15:17:49.865 [JavaFX Application Thread] DEBUG PrimaryStageWindow   - Scaled ratio: (1.0, 1.0)
15:17:49.868 [JavaFX Application Thread] DEBUG PrimaryStageWindow   - Set initial scene to FXGLStartupScene
15:17:49.896 [JavaFX Application Thread] DEBUG PrimaryStageWindow   - Opening main window
15:17:50.201 [JavaFX Application Thread] DEBUG PrimaryStageWindow   - Window border size: (14.800048828125, 37.5999755859375)
15:17:50.202 [JavaFX Application Thread] DEBUG PrimaryStageWindow   - Scaled size: 1050.0 x 700.0
15:17:50.203 [JavaFX Application Thread] DEBUG PrimaryStageWindow   - Scaled ratio: (1.0, 1.0)
15:17:50.204 [JavaFX Application Thread] DEBUG PrimaryStageWindow   - Scene size: 1050.0 x 700.0
15:17:50.204 [JavaFX Application Thread] DEBUG PrimaryStageWindow   - Stage size: 1064.800048828125 x 737.5999755859375
15:17:50.326 [FXGL Background Thread 1 ] DEBUG Engine               - Initializing environment variables
15:17:50.488 [FXGL Background Thread 1 ] DEBUG FXGLAssetLoaderServi - User app class for loading assets: class Game
15:17:50.489 [FXGL Background Thread 1 ] DEBUG GameApplicationServi - Applying CSS: fxgl_dark.css
15:17:50.491 [FXGL Background Thread 1 ] DEBUG FXGLAssetLoaderServi - Loading from file system: jar:file:/C:/Users/jfran/.m2/repository/com/github/almasb/fxgl/11.14/fxgl-11.14.jar!/fxglassets/ui/css/fxgl_dark.css
15:17:50.633 [FXGL Background Thread 1 ] DEBUG GameApplicationServi - Initializing application scenes
15:17:50.809 [FXGL Background Thread 1 ] DEBUG GameWorld            - Game world initialized
15:17:50.968 [FXGL Background Thread 1 ] DEBUG PhysicsWorld         - Physics world initialized: appHeight=700, physics.ppm=50,0
15:17:50.969 [FXGL Background Thread 1 ] DEBUG PhysicsWorld         - Using strategy: BRUTE_FORCE
15:17:50.976 [FXGL Background Thread 1 ] DEBUG GameScene            - Game scene initialized: 1050x700
15:17:51.081 [FXGL Background Thread 1 ] DEBUG FXGLAssetLoaderServi - Loading from file system: jar:file:/C:/Users/jfran/.m2/repository/com/github/almasb/fxgl/11.14/fxgl-11.14.jar!/fxglassets/textures/particles/trace_horizontal.png
15:17:51.226 [FXGL Background Thread 1 ] DEBUG FXGL.DefaultMenu     - createMenuBodyMainMenu()
15:17:51.275 [FXGL Background Thread 1 ] DEBUG FXGL.DefaultMenu     - createOptionsMenu()
15:17:51.295 [FXGL Background Thread 1 ] DEBUG FXGLAssetLoaderServi - Loading from file system: jar:file:/C:/Users/jfran/.m2/repository/com/github/almasb/fxgl/11.14/fxgl-11.14.jar!/fxglassets/textures/particles/smoke.png
15:17:51.505 [FXGL Background Thread 1 ] DEBUG FXGL.DefaultMenu     - createMenuBodyGameMenu()
15:17:51.509 [FXGL Background Thread 1 ] DEBUG FXGL.DefaultMenu     - createOptionsMenu()
15:17:51.549 [FXGL Background Thread 1 ] DEBUG GameApplicationServi - Application scenes initialized
15:17:51.580 [FXGL Background Thread 1 ] DEBUG SystemBundleService  - Loading FXGL system data
15:17:51.613 [FXGL Background Thread 1 ] DEBUG FileSystemAccess     - Reading from: C:\Users\jfran\OneDrive - Hogeschool Leiden\IPOSE-Maven\system\fxgl.bundle
15:17:51.631 [FXGL Background Thread 1 ] DEBUG SystemBundleService  - Bundle FXGL: {}
15:17:51.631 [FXGL Background Thread 1 ] DEBUG UpdaterService       - Checking for updates
15:17:51.646 [FXGL Background Thread 1 ] DEBUG FXGLApplication      - Loading default localization
15:17:51.648 [FXGL Background Thread 1 ] DEBUG FXGLAssetLoaderServi - Loading from file system: jar:file:/C:/Users/jfran/.m2/repository/com/github/almasb/fxgl/11.14/fxgl-11.14.jar!/fxglassets/languages/english.lang
15:17:51.686 [FXGL Background Thread 1 ] INFO  FXGLApplication      - FXGL initialization took: 1,360 sec
15:17:51.702 [FXGL Background Thread 4 ] DEBUG FXGLApplication      - Loading fonts
15:17:51.734 [JavaFX Application Thread] DEBUG Input                - Registered new binding: Left - A
15:17:51.735 [JavaFX Application Thread] DEBUG Input                - Registered new binding: Right - D
15:17:51.736 [JavaFX Application Thread] DEBUG Input                - Registered new binding: Jump - W
15:17:51.737 [JavaFX Application Thread] DEBUG FXGLAssetLoaderServi - Loading from file system: jar:file:/C:/Users/jfran/.m2/repository/com/github/almasb/fxgl/11.14/fxgl-11.14.jar!/fxglassets/textures/fxgl_icon.png
15:17:51.703 [FXGL Background Thread 4 ] DEBUG FXGLAssetLoaderServi - Loading from file system: jar:file:/C:/Users/jfran/.m2/repository/com/github/almasb/fxgl/11.14/fxgl-11.14.jar!/fxglassets/ui/fonts/VarelaRound-Regular.ttf
15:17:51.854 [JavaFX Application Thread] DEBUG FXGLAssetLoaderServi - Loading from file system: jar:file:/C:/Users/jfran/.m2/repository/com/github/almasb/fxgl/11.14/fxgl-11.14.jar!/fxglassets/ui/cursors/fxgl_default.png
15:17:51.858 [JavaFX Application Thread] DEBUG Input                - Registered new binding: Screenshot - P
15:17:51.861 [JavaFX Application Thread] DEBUG Input                - Registered new binding: System info dump - CTRL+9
15:17:51.863 [JavaFX Application Thread] DEBUG Input                - Registered new binding: Restart - CTRL+R
15:17:51.865 [JavaFX Application Thread] DEBUG Input                - Registered new binding: Toggle Debug Camera - CTRL+C
15:17:51.871 [JavaFX Application Thread] DEBUG LoopRunner           - Starting loop
15:17:51.871 [JavaFX Application Thread] DEBUG LoopRunner           - Initializing JavaFX AnimationTimerLoop
15:17:51.879 [JavaFX Application Thread] DEBUG Input                - Clearing active input actions
15:17:51.957 [JavaFX Application Thread] DEBUG GameApplicationServi - Removing overlay from FXGLStartupScene and adding to FXGLMainMenuDummyScene
15:17:51.958 [JavaFX Application Thread] DEBUG PrimaryStageWindow   - FXGLStartupScene -> FXGLMainMenuDummyScene
15:17:51.958 [JavaFX Application Thread] DEBUG PrimaryStageWindow   - Push state: FXGLDefaultMenu
15:17:51.970 [JavaFX Application Thread] DEBUG Input                - Clearing active input actions
15:17:52.025 [JavaFX Application Thread] DEBUG GameApplicationServi - Removing overlay from FXGLMainMenuDummyScene and adding to FXGLDefaultMenu
15:17:52.026 [JavaFX Application Thread] DEBUG PrimaryStageWindow   - FXGLMainMenuDummyScene -> FXGLDefaultMenu
15:17:52.557 [FXGL Background Thread 4 ] DEBUG FXGLAssetLoaderServi - Loading from file system: jar:file:/C:/Users/jfran/.m2/repository/com/github/almasb/fxgl/11.14/fxgl-11.14.jar!/fxglassets/ui/fonts/Abel-Regular.ttf
15:17:52.582 [FXGL Background Thread 4 ] DEBUG FXGLAssetLoaderServi - Loading from file system: jar:file:/C:/Users/jfran/.m2/repository/com/github/almasb/fxgl/11.14/fxgl-11.14.jar!/fxglassets/ui/fonts/lucida_console.ttf
15:17:52.620 [FXGL Background Thread 4 ] DEBUG FXGLAssetLoaderServi - Loading from file system: jar:file:/C:/Users/jfran/.m2/repository/com/github/almasb/fxgl/11.14/fxgl-11.14.jar!/fxglassets/ui/fonts/Courier-Prime.ttf
15:17:52.654 [JavaFX Application Thread] DEBUG FXGLApplication      - Registering font factories with UI factory
15:17:53.398 [FXGL Background Thread 2 ] INFO  UpdaterService       - Your current version:  11.14
15:17:53.398 [FXGL Background Thread 2 ] INFO  UpdaterService       - Latest stable version: 17.1
15:17:54.641 [FXGL Background Thread 3 ] DEBUG Engine               - Logging environment variables
15:17:54.645 [FXGL Background Thread 3 ] DEBUG Engine               - achievements: []
15:17:54.646 [FXGL Background Thread 3 ] DEBUG Engine               - actualHeight: 700.0
15:17:54.647 [FXGL Background Thread 3 ] DEBUG Engine               - actualHeightProperty: ReadOnlyDoubleProperty [value: 700.0]
15:17:54.647 [FXGL Background Thread 3 ] DEBUG Engine               - actualWidth: 1050.0
15:17:54.648 [FXGL Background Thread 3 ] DEBUG Engine               - actualWidthProperty: ReadOnlyDoubleProperty [value: 1050.0]
15:17:54.649 [FXGL Background Thread 3 ] DEBUG Engine               - appIcon: fxgl_icon.png
15:17:54.649 [FXGL Background Thread 3 ] DEBUG Engine               - applicationMode: DEVELOPER
15:17:54.650 [FXGL Background Thread 3 ] DEBUG Engine               - cSSList: [fxgl_dark.css]
15:17:54.656 [FXGL Background Thread 3 ] DEBUG Engine               - collisionDetectionStrategy: BRUTE_FORCE
15:17:54.657 [FXGL Background Thread 3 ] DEBUG Engine               - configClass: Optional.empty
15:17:54.658 [FXGL Background Thread 3 ] DEBUG Engine               - credits: []
15:17:54.662 [FXGL Background Thread 3 ] DEBUG Engine               - devBBoxColorProperty: ObjectProperty [value: 0xff0000ff]
15:17:54.662 [FXGL Background Thread 3 ] DEBUG Engine               - devEnableDebugCameraProperty: BooleanProperty [value: false]
15:17:54.664 [FXGL Background Thread 3 ] DEBUG Engine               - devSensorColorProperty: ObjectProperty [value: 0xffff00ff]
15:17:54.664 [FXGL Background Thread 3 ] DEBUG Engine               - devShowBBoxProperty: BooleanProperty [value: false]
15:17:54.665 [FXGL Background Thread 3 ] DEBUG Engine               - devShowPositionProperty: BooleanProperty [value: false]
15:17:54.665 [FXGL Background Thread 3 ] DEBUG Engine               - enabledMenuItems: []
15:17:54.666 [FXGL Background Thread 3 ] DEBUG Engine               - engineServices: [class com.almasb.fxgl.app.services.FXGLAssetLoaderService, class com.almasb.fxgl.app.FXGLApplication$GameApplicationService, class com.almasb.fxgl.app.services.FXGLDialogService, class com.almasb.fxgl.app.services.IOTaskExecutorService, class com.almasb.fxgl.event.EventBusService, class com.almasb.fxgl.io.FileSystemService, class com.almasb.fxgl.localization.LocalizationService, class com.almasb.fxgl.app.services.SystemBundleService, class com.almasb.fxgl.profile.SaveLoadService, class com.almasb.fxgl.ui.FXGLUIFactoryServiceProvider, class com.almasb.fxgl.ui.FXGLDialogFactoryServiceProvider, class com.almasb.fxgl.audio.AudioPlayer, class com.almasb.fxgl.notification.impl.NotificationServiceProvider, class com.almasb.fxgl.achievement.AchievementService, class com.almasb.fxgl.cutscene.CutsceneService, class com.almasb.fxgl.minigames.MiniGameService, class com.almasb.fxgl.net.NetService, class com.almasb.fxgl.app.services.UpdaterService, class com.almasb.fxgl.dev.DevService]
15:17:54.666 [FXGL Background Thread 3 ] DEBUG Engine               - fontGame: Abel-Regular.ttf
15:17:54.666 [FXGL Background Thread 3 ] DEBUG Engine               - fontMono: lucida_console.ttf
15:17:54.667 [FXGL Background Thread 3 ] DEBUG Engine               - fontText: Courier-Prime.ttf
15:17:54.667 [FXGL Background Thread 3 ] DEBUG Engine               - fontUI: VarelaRound-Regular.ttf
15:17:54.670 [FXGL Background Thread 3 ] DEBUG Engine               - fullScreen: BooleanProperty [value: false]
15:17:54.671 [FXGL Background Thread 3 ] DEBUG Engine               - gameDifficulty: MEDIUM
15:17:54.671 [FXGL Background Thread 3 ] DEBUG Engine               - gameDifficultyProperty: ObjectProperty [value: MEDIUM]
15:17:54.672 [FXGL Background Thread 3 ] DEBUG Engine               - globalMusicVolume: 0.5
15:17:54.673 [FXGL Background Thread 3 ] DEBUG Engine               - globalMusicVolumeProperty: DoubleProperty [value: 0.5]
15:17:54.673 [FXGL Background Thread 3 ] DEBUG Engine               - globalSoundVolume: 0.5
15:17:54.674 [FXGL Background Thread 3 ] DEBUG Engine               - globalSoundVolumeProperty: DoubleProperty [value: 0.5]
15:17:54.674 [FXGL Background Thread 3 ] DEBUG Engine               - height: 700
15:17:54.675 [FXGL Background Thread 3 ] DEBUG Engine               - isAndroid: false
15:17:54.676 [FXGL Background Thread 3 ] DEBUG Engine               - isBrowser: false
15:17:54.677 [FXGL Background Thread 3 ] DEBUG Engine               - isClickFeedbackEnabled: false
15:17:54.677 [FXGL Background Thread 3 ] DEBUG Engine               - isCloseConfirmation: false
15:17:54.678 [FXGL Background Thread 3 ] DEBUG Engine               - isDesktop: true
15:17:54.678 [FXGL Background Thread 3 ] DEBUG Engine               - isDeveloperMenuEnabled: false
15:17:54.679 [FXGL Background Thread 3 ] DEBUG Engine               - isEntityPreloadEnabled: true
15:17:54.679 [FXGL Background Thread 3 ] DEBUG Engine               - isExperimental3D: false
15:17:54.680 [FXGL Background Thread 3 ] DEBUG Engine               - isExperimentalNative: false
15:17:54.680 [FXGL Background Thread 3 ] DEBUG Engine               - isExperimentalTiledLargeMap: false
15:17:54.681 [FXGL Background Thread 3 ] DEBUG Engine               - isFileSystemWriteAllowed: true
15:17:54.681 [FXGL Background Thread 3 ] DEBUG Engine               - isFullScreenAllowed: false
15:17:54.682 [FXGL Background Thread 3 ] DEBUG Engine               - isFullScreenFromStart: false
15:17:54.682 [FXGL Background Thread 3 ] DEBUG Engine               - isGameMenuEnabled: true
15:17:54.682 [FXGL Background Thread 3 ] DEBUG Engine               - isIOS: false
15:17:54.683 [FXGL Background Thread 3 ] DEBUG Engine               - isIntroEnabled: false
15:17:54.683 [FXGL Background Thread 3 ] DEBUG Engine               - isLinux: false
15:17:54.683 [FXGL Background Thread 3 ] DEBUG Engine               - isMac: false
15:17:54.684 [FXGL Background Thread 3 ] DEBUG Engine               - isMainMenuEnabled: true
15:17:54.684 [FXGL Background Thread 3 ] DEBUG Engine               - isManualResizeEnabled: false
15:17:54.684 [FXGL Background Thread 3 ] DEBUG Engine               - isMobile: false
15:17:54.685 [FXGL Background Thread 3 ] DEBUG Engine               - isPreserveResizeRatio: false
15:17:54.685 [FXGL Background Thread 3 ] DEBUG Engine               - isProfilingEnabled: false
15:17:54.686 [FXGL Background Thread 3 ] DEBUG Engine               - isScaleAffectedOnResize: true
15:17:54.686 [FXGL Background Thread 3 ] DEBUG Engine               - isSingleStep: false
15:17:54.686 [FXGL Background Thread 3 ] DEBUG Engine               - isUserProfileEnabled: false
15:17:54.687 [FXGL Background Thread 3 ] DEBUG Engine               - isWindows: true
15:17:54.687 [FXGL Background Thread 3 ] DEBUG Engine               - language: ObjectProperty [value: ENGLISH]
15:17:54.688 [FXGL Background Thread 3 ] DEBUG Engine               - menuKey: ESCAPE
15:17:54.688 [FXGL Background Thread 3 ] DEBUG Engine               - notificationViewClass: class com.almasb.fxgl.notification.view.XboxNotificationView
15:17:54.688 [FXGL Background Thread 3 ] DEBUG Engine               - pixelsPerMeter: 50.0
15:17:54.689 [FXGL Background Thread 3 ] DEBUG Engine               - platform: WINDOWS
15:17:54.689 [FXGL Background Thread 3 ] DEBUG Engine               - prefHeightProperty: ReadOnlyDoubleProperty [value: 700.0]
15:17:54.689 [FXGL Background Thread 3 ] DEBUG Engine               - prefWidthProperty: ReadOnlyDoubleProperty [value: 1050.0]
15:17:54.690 [FXGL Background Thread 3 ] DEBUG Engine               - profileDir: profiles/
15:17:54.690 [FXGL Background Thread 3 ] DEBUG Engine               - profileName: StringProperty [value: DEFAULT]
15:17:54.690 [FXGL Background Thread 3 ] DEBUG Engine               - randomSeed: -1
15:17:54.691 [FXGL Background Thread 3 ] DEBUG Engine               - runtimeInfo: RuntimeInfo(platform=WINDOWS, version=11.14, build=01.03.2021 16.59)
15:17:54.691 [FXGL Background Thread 3 ] DEBUG Engine               - saveFileExt: sav
15:17:54.692 [FXGL Background Thread 3 ] DEBUG Engine               - scaledHeightProp$fxgl: DoubleProperty [bound, value: 700.0]
15:17:54.692 [FXGL Background Thread 3 ] DEBUG Engine               - scaledWidthProp$fxgl: DoubleProperty [bound, value: 1050.0]
15:17:54.693 [FXGL Background Thread 3 ] DEBUG Engine               - sceneFactory: com.almasb.fxgl.app.scene.SceneFactory@7e481aa5
15:17:54.693 [FXGL Background Thread 3 ] DEBUG Engine               - secondsIn24h: 60
15:17:54.694 [FXGL Background Thread 3 ] DEBUG Engine               - soundMenuBack: menu/back.wav
15:17:54.694 [FXGL Background Thread 3 ] DEBUG Engine               - soundMenuPress: menu/press.wav
15:17:54.694 [FXGL Background Thread 3 ] DEBUG Engine               - soundMenuSelect: menu/select.wav
15:17:54.695 [FXGL Background Thread 3 ] DEBUG Engine               - soundNotification: core/notification.wav
15:17:54.695 [FXGL Background Thread 3 ] DEBUG Engine               - stageStyle: DECORATED
15:17:54.696 [FXGL Background Thread 3 ] DEBUG Engine               - supportedLanguages: [ENGLISH, FRENCH, GERMAN, HUNGARIAN, RUSSIAN]
15:17:54.696 [FXGL Background Thread 3 ] DEBUG Engine               - ticksPerSecond: -1
15:17:54.697 [FXGL Background Thread 3 ] DEBUG Engine               - title: Demo game
15:17:54.697 [FXGL Background Thread 3 ] DEBUG Engine               - urlGithub: https://github.com/AlmasB/FXGL
15:17:54.697 [FXGL Background Thread 3 ] DEBUG Engine               - urlLeaderboard: http://fxgl-top.herokuapp.com/
15:17:54.698 [FXGL Background Thread 3 ] DEBUG Engine               - urlPOM: https://raw.githubusercontent.com/AlmasB/FXGL/release/README.md
15:17:54.702 [FXGL Background Thread 3 ] DEBUG Engine               - userAppClass: class Game
15:17:54.704 [FXGL Background Thread 3 ] DEBUG Engine               - version: 1.2
15:17:54.704 [FXGL Background Thread 3 ] DEBUG Engine               - versionCheckDays: 7
15:17:54.705 [FXGL Background Thread 3 ] DEBUG Engine               - width: 1050
15:17:54.705 [FXGL Background Thread 3 ] DEBUG Engine               - Logging services
15:17:54.706 [FXGL Background Thread 3 ] DEBUG Engine               - class com.almasb.fxgl.app.services.FXGLAssetLoaderService
15:17:54.706 [FXGL Background Thread 3 ] DEBUG Engine               - class com.almasb.fxgl.app.FXGLApplication$GameApplicationService
15:17:54.706 [FXGL Background Thread 3 ] DEBUG Engine               - class com.almasb.fxgl.app.services.FXGLDialogService
15:17:54.706 [FXGL Background Thread 3 ] DEBUG Engine               - class com.almasb.fxgl.app.services.IOTaskExecutorService
15:17:54.707 [FXGL Background Thread 3 ] DEBUG Engine               - class com.almasb.fxgl.event.EventBusService
15:17:54.707 [FXGL Background Thread 3 ] DEBUG Engine               - class com.almasb.fxgl.io.FileSystemService
15:17:54.707 [FXGL Background Thread 3 ] DEBUG Engine               - class com.almasb.fxgl.localization.LocalizationService
15:17:54.710 [FXGL Background Thread 3 ] DEBUG Engine               - class com.almasb.fxgl.app.services.SystemBundleService
15:17:54.710 [FXGL Background Thread 3 ] DEBUG Engine               - class com.almasb.fxgl.profile.SaveLoadService
15:17:54.710 [FXGL Background Thread 3 ] DEBUG Engine               - class com.almasb.fxgl.ui.FXGLUIFactoryServiceProvider
15:17:54.714 [FXGL Background Thread 3 ] DEBUG Engine               - class com.almasb.fxgl.ui.FXGLDialogFactoryServiceProvider
15:17:54.714 [FXGL Background Thread 3 ] DEBUG Engine               - class com.almasb.fxgl.audio.AudioPlayer
15:17:54.715 [FXGL Background Thread 3 ] DEBUG Engine               - class com.almasb.fxgl.notification.impl.NotificationServiceProvider
15:17:54.715 [FXGL Background Thread 3 ] DEBUG Engine               - class com.almasb.fxgl.achievement.AchievementService
15:17:54.715 [FXGL Background Thread 3 ] DEBUG Engine               - class com.almasb.fxgl.cutscene.CutsceneService
15:17:54.716 [FXGL Background Thread 3 ] DEBUG Engine               - class com.almasb.fxgl.minigames.MiniGameService
15:17:54.716 [FXGL Background Thread 3 ] DEBUG Engine               - class com.almasb.fxgl.net.NetService
15:17:54.717 [FXGL Background Thread 3 ] DEBUG Engine               - class com.almasb.fxgl.app.services.UpdaterService
15:17:54.717 [FXGL Background Thread 3 ] DEBUG Engine               - class com.almasb.fxgl.dev.DevService
15:17:56.390 [JavaFX Application Thread] DEBUG Menu                 - fireNewGame()
15:17:56.390 [JavaFX Application Thread] DEBUG GameApplicationServi - Starting new game
15:17:56.398 [JavaFX Application Thread] DEBUG PrimaryStageWindow   - Pop state: FXGLDefaultMenu
15:17:56.398 [JavaFX Application Thread] DEBUG Input                - Clearing active input actions
15:17:56.401 [JavaFX Application Thread] DEBUG GameApplicationServi - Removing overlay from FXGLDefaultMenu and adding to FXGLMainMenuDummyScene
15:17:56.402 [JavaFX Application Thread] DEBUG PrimaryStageWindow   - FXGLMainMenuDummyScene <- FXGLDefaultMenu
15:17:56.403 [JavaFX Application Thread] DEBUG Input                - Clearing active input actions
15:17:56.433 [JavaFX Application Thread] DEBUG GameApplicationServi - Removing overlay from FXGLMainMenuDummyScene and adding to FXGLLoadingScene
15:17:56.434 [JavaFX Application Thread] DEBUG PrimaryStageWindow   - FXGLMainMenuDummyScene -> FXGLLoadingScene
15:17:56.441 [JavaFX Application Thread] DEBUG GameApplicationServi - Clearing previous game
15:17:56.441 [JavaFX Application Thread] DEBUG GameScene            - Clearing game scene
15:17:56.442 [JavaFX Application Thread] DEBUG GameWorld            - Clearing game world
15:17:56.442 [JavaFX Application Thread] DEBUG PhysicsWorld         - Clearing physics world
15:17:56.446 [FXGL Background Thread 2 ] DEBUG FXGLApplication      - Initializing game
15:17:56.552 [FXGL Background Thread 2 ] WARN  TMXLevelLoader       - TiledMap generated from 1.0.1. Supported version: 1.2.3. Some features may not be parsed fully.
15:17:56.577 [FXGL Background Thread 2 ] DEBUG TMXLevelLoader       - Parsed raw map: TiledMap(width=15, height=10, tilewidth=70, tileheight=70, orientation=orthogonal, layers=[Layer(width=15, height=10, name=Tile Layer 1, type=tilelayer, visible=false, x=0, y=0, data=[153, 0, 0, 0, 0, 0, 0, 0, 0, 0, 0, 0, 0, 0, 0, 153, 2, 0, 0, 69, 57, 45, 0, 0, 0, 0, 0, 0, 0, 0, 153, 10, 0, 0, 0, 0, 0, 0, 0, 0, 0, 0, 0, 0, 0, 153, 153, 0, 0, 0, 0, 0, 0, 15, 3, 3, 27, 0, 0, 0, 153, 153, 0, 0, 0, 0, 0, 0, 0, 0, 0, 0, 0, 0, 0, 153, 153, 0, 0, 0, 0, 0, 0, 0, 0, 0, 0, 0, 0, 116, 153, 153, 0, 0, 0, 0, 0, 0, 15, 3, 3, 27, 0, 116, 153, 153, 153, 0, 0, 69, 81, 57, 0, 0, 0, 0, 0, 0, 153, 153, 153, 153, 0, 0, 0, 0, 0, 0, 0, 0, 0, 0, 0, 153, 153, 153, 153, 10, 105, 0, 0, 0, 129, 105, 0, 0, 0, 129, 153, 153], objects=[], opacity=0.0, draworder=), Layer(width=0, height=0, name=Object Layer 1, type=objectgroup, visible=false, x=0, y=0, data=[], objects=[com.almasb.fxgl.entity.level.tiled.TiledObject@1fb5f33f, com.almasb.fxgl.entity.level.tiled.TiledObject@3449ebdc, com.almasb.fxgl.entity.level.tiled.TiledObject@124426e6, com.almasb.fxgl.entity.level.tiled.TiledObject@e9a4d49, com.almasb.fxgl.entity.level.tiled.TiledObject@3e066bae, com.almasb.fxgl.entity.level.tiled.TiledObject@45ea60b9, com.almasb.fxgl.entity.level.tiled.TiledObject@762a0df4, com.almasb.fxgl.entity.level.tiled.TiledObject@2a06e67d, com.almasb.fxgl.entity.level.tiled.TiledObject@27d0a388, com.almasb.fxgl.entity.level.tiled.TiledObject@3129f063, com.almasb.fxgl.entity.level.tiled.TiledObject@17ca0e1f, com.almasb.fxgl.entity.level.tiled.TiledObject@ae23795, com.almasb.fxgl.entity.level.tiled.TiledObject@280c19a2, com.almasb.fxgl.entity.level.tiled.TiledObject@56585e28, com.almasb.fxgl.entity.level.tiled.TiledObject@11a5080a, com.almasb.fxgl.entity.level.tiled.TiledObject@ae0db34, com.almasb.fxgl.entity.level.tiled.TiledObject@426902c3, com.almasb.fxgl.entity.level.tiled.TiledObject@56d4adb8, com.almasb.fxgl.entity.level.tiled.TiledObject@6f880a30], opacity=0.0, draworder=)], tilesets=[Tileset(firstgid=1, image=tiles_spritesheet.png, name=tiles_spritesheet, tilewidth=70, tileheight=70, imagewidth=914, imageheight=936, margin=0, spacing=2, columns=12, tilecount=156, transparentcolor=, tiles=[])], backgroundcolor=, renderorder=right-down, nextobjectid=20, version=1, tiledversion=1.0.1, type=map, infinite=false, hexsidelength=0, staggeraxis=, staggerindex=, properties={}, propertytypes={})
15:17:56.580 [FXGL Background Thread 2 ] DEBUG TMXLevelLoader       - Creating tile layer entities
15:17:56.582 [FXGL Background Thread 2 ] DEBUG TilesetLoader        - Loading view for layer Tile Layer 1
15:17:56.587 [FXGL Background Thread 2 ] DEBUG TilesetLoader        - Created buffer with size 1050.0x700.0
15:17:56.687 [FXGL Background Thread 2 ] DEBUG TilesetLoader        - Writing to buffer: dst=0,0, w=70,h=70, src=576,864
15:17:56.688 [FXGL Background Thread 2 ] DEBUG TilesetLoader        - Writing to buffer: dst=0,70, w=70,h=70, src=576,864
15:17:56.689 [FXGL Background Thread 2 ] DEBUG TilesetLoader        - Writing to buffer: dst=70,70, w=70,h=70, src=72,0
15:17:56.689 [FXGL Background Thread 2 ] DEBUG TilesetLoader        - Writing to buffer: dst=280,70, w=70,h=70, src=576,360
15:17:56.690 [FXGL Background Thread 2 ] DEBUG TilesetLoader        - Writing to buffer: dst=350,70, w=70,h=70, src=576,288
15:17:56.690 [FXGL Background Thread 2 ] DEBUG TilesetLoader        - Writing to buffer: dst=420,70, w=70,h=70, src=576,216
15:17:56.692 [FXGL Background Thread 2 ] DEBUG TilesetLoader        - Writing to buffer: dst=0,140, w=70,h=70, src=576,864
15:17:56.694 [FXGL Background Thread 2 ] DEBUG TilesetLoader        - Writing to buffer: dst=70,140, w=70,h=70, src=648,0
15:17:56.694 [FXGL Background Thread 2 ] DEBUG TilesetLoader        - Writing to buffer: dst=0,210, w=70,h=70, src=576,864
15:17:56.694 [FXGL Background Thread 2 ] DEBUG TilesetLoader        - Writing to buffer: dst=70,210, w=70,h=70, src=576,864
15:17:56.695 [FXGL Background Thread 2 ] DEBUG TilesetLoader        - Writing to buffer: dst=560,210, w=70,h=70, src=144,72
15:17:56.695 [FXGL Background Thread 2 ] DEBUG TilesetLoader        - Writing to buffer: dst=630,210, w=70,h=70, src=144,0
15:17:56.696 [FXGL Background Thread 2 ] DEBUG TilesetLoader        - Writing to buffer: dst=700,210, w=70,h=70, src=144,0
15:17:56.702 [FXGL Background Thread 2 ] DEBUG TilesetLoader        - Writing to buffer: dst=770,210, w=70,h=70, src=144,144
15:17:56.702 [FXGL Background Thread 2 ] DEBUG TilesetLoader        - Writing to buffer: dst=0,280, w=70,h=70, src=576,864
15:17:56.703 [FXGL Background Thread 2 ] DEBUG TilesetLoader        - Writing to buffer: dst=70,280, w=70,h=70, src=576,864
15:17:56.703 [FXGL Background Thread 2 ] DEBUG TilesetLoader        - Writing to buffer: dst=0,350, w=70,h=70, src=576,864
15:17:56.703 [FXGL Background Thread 2 ] DEBUG TilesetLoader        - Writing to buffer: dst=70,350, w=70,h=70, src=576,864
15:17:56.704 [FXGL Background Thread 2 ] DEBUG TilesetLoader        - Writing to buffer: dst=980,350, w=70,h=70, src=504,648
15:17:56.704 [FXGL Background Thread 2 ] DEBUG TilesetLoader        - Writing to buffer: dst=0,420, w=70,h=70, src=576,864
15:17:56.705 [FXGL Background Thread 2 ] DEBUG TilesetLoader        - Writing to buffer: dst=70,420, w=70,h=70, src=576,864
15:17:56.705 [FXGL Background Thread 2 ] DEBUG TilesetLoader        - Writing to buffer: dst=560,420, w=70,h=70, src=144,72
15:17:56.705 [FXGL Background Thread 2 ] DEBUG TilesetLoader        - Writing to buffer: dst=630,420, w=70,h=70, src=144,0
15:17:56.706 [FXGL Background Thread 2 ] DEBUG TilesetLoader        - Writing to buffer: dst=700,420, w=70,h=70, src=144,0
15:17:56.706 [FXGL Background Thread 2 ] DEBUG TilesetLoader        - Writing to buffer: dst=770,420, w=70,h=70, src=144,144
15:17:56.706 [FXGL Background Thread 2 ] DEBUG TilesetLoader        - Writing to buffer: dst=910,420, w=70,h=70, src=504,648
15:17:56.707 [FXGL Background Thread 2 ] DEBUG TilesetLoader        - Writing to buffer: dst=980,420, w=70,h=70, src=576,864
15:17:56.707 [FXGL Background Thread 2 ] DEBUG TilesetLoader        - Writing to buffer: dst=0,490, w=70,h=70, src=576,864
15:17:56.710 [FXGL Background Thread 2 ] DEBUG TilesetLoader        - Writing to buffer: dst=70,490, w=70,h=70, src=576,864
15:17:56.710 [FXGL Background Thread 2 ] DEBUG TilesetLoader        - Writing to buffer: dst=280,490, w=70,h=70, src=576,360
15:17:56.712 [FXGL Background Thread 2 ] DEBUG TilesetLoader        - Writing to buffer: dst=350,490, w=70,h=70, src=576,432
15:17:56.713 [FXGL Background Thread 2 ] DEBUG TilesetLoader        - Writing to buffer: dst=420,490, w=70,h=70, src=576,288
15:17:56.714 [FXGL Background Thread 2 ] DEBUG TilesetLoader        - Writing to buffer: dst=910,490, w=70,h=70, src=576,864
15:17:56.714 [FXGL Background Thread 2 ] DEBUG TilesetLoader        - Writing to buffer: dst=980,490, w=70,h=70, src=576,864
15:17:56.715 [FXGL Background Thread 2 ] DEBUG TilesetLoader        - Writing to buffer: dst=0,560, w=70,h=70, src=576,864
15:17:56.715 [FXGL Background Thread 2 ] DEBUG TilesetLoader        - Writing to buffer: dst=70,560, w=70,h=70, src=576,864
15:17:56.716 [FXGL Background Thread 2 ] DEBUG TilesetLoader        - Writing to buffer: dst=910,560, w=70,h=70, src=576,864
15:17:56.716 [FXGL Background Thread 2 ] DEBUG TilesetLoader        - Writing to buffer: dst=980,560, w=70,h=70, src=576,864
15:17:56.716 [FXGL Background Thread 2 ] DEBUG TilesetLoader        - Writing to buffer: dst=0,630, w=70,h=70, src=576,864
15:17:56.717 [FXGL Background Thread 2 ] DEBUG TilesetLoader        - Writing to buffer: dst=70,630, w=70,h=70, src=576,864
15:17:56.717 [FXGL Background Thread 2 ] DEBUG TilesetLoader        - Writing to buffer: dst=140,630, w=70,h=70, src=648,0
15:17:56.718 [FXGL Background Thread 2 ] DEBUG TilesetLoader        - Writing to buffer: dst=210,630, w=70,h=70, src=576,576
15:17:56.718 [FXGL Background Thread 2 ] DEBUG TilesetLoader        - Writing to buffer: dst=490,630, w=70,h=70, src=576,720
15:17:56.719 [FXGL Background Thread 2 ] DEBUG TilesetLoader        - Writing to buffer: dst=560,630, w=70,h=70, src=576,576
15:17:56.721 [FXGL Background Thread 2 ] DEBUG TilesetLoader        - Writing to buffer: dst=840,630, w=70,h=70, src=576,720
15:17:56.721 [FXGL Background Thread 2 ] DEBUG TilesetLoader        - Writing to buffer: dst=910,630, w=70,h=70, src=576,864
15:17:56.722 [FXGL Background Thread 2 ] DEBUG TilesetLoader        - Writing to buffer: dst=980,630, w=70,h=70, src=576,864
15:17:56.722 [FXGL Background Thread 2 ] DEBUG TMXLevelLoader       - Creating object layer entities
15:17:56.807 [FXGL Background Thread 2 ] DEBUG FXGLAssetLoaderServi - Loading from file system: file:/C:/Users/jfran/OneDrive%20-%20Hogeschool%20Leiden/IPOSE-Maven/target/classes/assets/textures/star.png
15:17:56.834 [FXGL Background Thread 2 ] DEBUG GameWorld            - Clearing removable entities
15:17:56.835 [FXGL Background Thread 2 ] DEBUG GameWorld            - Setting level: com.almasb.fxgl.entity.level.Level@eb9b898
15:17:56.897 [FXGL Background Thread 2 ] DEBUG FXGLAssetLoaderServi - Loading from file system: file:/C:/Users/jfran/OneDrive%20-%20Hogeschool%20Leiden/IPOSE-Maven/target/classes/assets/textures/girl.png
15:17:56.934 [FXGL Background Thread 2 ] INFO  FXGLApplication      - Game initialization took: 0,488 sec
15:17:56.935 [JavaFX Application Thread] DEBUG Input                - Clearing active input actions
15:17:56.967 [JavaFX Application Thread] DEBUG GameApplicationServi - Removing overlay from FXGLLoadingScene and adding to GameScene
15:17:56.968 [JavaFX Application Thread] DEBUG PrimaryStageWindow   - FXGLLoadingScene -> GameScene
15:18:21.503 [JavaFX Application Thread] DEBUG FXGLApplication      - Exiting FXGL
15:18:21.503 [JavaFX Application Thread] DEBUG LoopRunner           - Stopping loop
15:18:21.504 [JavaFX Application Thread] DEBUG SystemBundleService  - Saving FXGL system data
15:18:21.508 [JavaFX Application Thread] DEBUG FileSystemAccess     - Writing to: C:\Users\jfran\OneDrive - Hogeschool Leiden\IPOSE-Maven\system\fxgl.bundle
15:18:21.511 [JavaFX Application Thread] DEBUG Async                - Shutting down background threads
15:18:21.512 [JavaFX Application Thread] DEBUG PrimaryStageWindow   - Closing main window
15:18:21.550 [JavaFX Application Thread] DEBUG Logger               - Closing Logger
