14:33:48.303 [main                     ] DEBUG Logger               - Configured Logger
14:33:48.370 [main                     ] DEBUG GameApplication      - Logging settings
Title: Demo game
Version: 1.2
Width: 1050
Height: 700
Fullscreen: false
Intro: false
Profiling: false
Single step:false
App Mode: DEVELOPER
Menu Key: ESCAPE
Stage Style: DECORATED
Scene Factory: class com.almasb.fxgl.app.scene.SceneFactory

14:33:50.634 [JavaFX Application Thread] DEBUG FXGLApplication      - Initializing FXGL
14:33:50.650 [JavaFX Application Thread] INFO  Engine               - FXGL-11.14 (01.03.2021 16.59) on WINDOWS (J:15.0.2 FX:15)
14:33:50.652 [JavaFX Application Thread] DEBUG Engine               - JRE Vendor Name: Amazon.com Inc.
14:33:50.653 [JavaFX Application Thread] DEBUG Engine               - Running on OS: Windows 10 version 10.0
14:33:50.653 [JavaFX Application Thread] DEBUG Engine               - Architecture: amd64
14:33:50.654 [JavaFX Application Thread] INFO  Engine               - Source code and latest versions at: https://github.com/AlmasB/FXGL
14:33:50.655 [JavaFX Application Thread] INFO  Engine               -              Join the FXGL chat at: https://gitter.im/AlmasB/FXGL
14:33:51.412 [JavaFX Application Thread] DEBUG PrimaryStageWindow   - Creating a JavaFX scene
14:33:51.736 [JavaFX Application Thread] DEBUG PrimaryStageWindow   - Target settings size: 1050.0 x 700.0
14:33:51.736 [JavaFX Application Thread] DEBUG PrimaryStageWindow   - Scaled scene size:    1050.0 x 700.0
14:33:51.737 [JavaFX Application Thread] DEBUG PrimaryStageWindow   - Scaled ratio: (1.0, 1.0)
14:33:51.740 [JavaFX Application Thread] DEBUG PrimaryStageWindow   - Set initial scene to FXGLStartupScene
14:33:51.777 [JavaFX Application Thread] DEBUG PrimaryStageWindow   - Opening main window
14:33:52.200 [JavaFX Application Thread] DEBUG PrimaryStageWindow   - Window border size: (14.800048828125, 37.5999755859375)
14:33:52.200 [JavaFX Application Thread] DEBUG PrimaryStageWindow   - Scaled size: 1050.0 x 700.0
14:33:52.201 [JavaFX Application Thread] DEBUG PrimaryStageWindow   - Scaled ratio: (1.0, 1.0)
14:33:52.201 [JavaFX Application Thread] DEBUG PrimaryStageWindow   - Scene size: 1050.0 x 700.0
14:33:52.202 [JavaFX Application Thread] DEBUG PrimaryStageWindow   - Stage size: 1064.800048828125 x 737.5999755859375
14:33:52.240 [FXGL Background Thread 1 ] DEBUG Engine               - Initializing environment variables
14:33:52.665 [FXGL Background Thread 1 ] DEBUG FXGLAssetLoaderServi - User app class for loading assets: class Game
14:33:52.666 [FXGL Background Thread 1 ] DEBUG GameApplicationServi - Applying CSS: fxgl_dark.css
14:33:52.670 [FXGL Background Thread 1 ] DEBUG FXGLAssetLoaderServi - Loading from file system: jar:file:/C:/Users/jfran/.m2/repository/com/github/almasb/fxgl/11.14/fxgl-11.14.jar!/fxglassets/ui/css/fxgl_dark.css
14:33:53.042 [FXGL Background Thread 1 ] DEBUG GameApplicationServi - Initializing application scenes
14:33:53.361 [FXGL Background Thread 1 ] DEBUG GameWorld            - Game world initialized
14:33:53.723 [FXGL Background Thread 1 ] DEBUG PhysicsWorld         - Physics world initialized: appHeight=700, physics.ppm=50,0
14:33:53.726 [FXGL Background Thread 1 ] DEBUG PhysicsWorld         - Using strategy: BRUTE_FORCE
14:33:53.734 [FXGL Background Thread 1 ] DEBUG GameScene            - Game scene initialized: 1050x700
14:33:53.987 [FXGL Background Thread 1 ] DEBUG FXGLAssetLoaderServi - Loading from file system: jar:file:/C:/Users/jfran/.m2/repository/com/github/almasb/fxgl/11.14/fxgl-11.14.jar!/fxglassets/textures/particles/trace_horizontal.png
14:33:54.197 [FXGL Background Thread 1 ] DEBUG FXGL.DefaultMenu     - createMenuBodyMainMenu()
14:33:54.262 [FXGL Background Thread 1 ] DEBUG FXGL.DefaultMenu     - createOptionsMenu()
14:33:54.290 [FXGL Background Thread 1 ] DEBUG FXGLAssetLoaderServi - Loading from file system: jar:file:/C:/Users/jfran/.m2/repository/com/github/almasb/fxgl/11.14/fxgl-11.14.jar!/fxglassets/textures/particles/smoke.png
14:33:54.897 [FXGL Background Thread 1 ] DEBUG FXGL.DefaultMenu     - createMenuBodyGameMenu()
14:33:54.904 [FXGL Background Thread 1 ] DEBUG FXGL.DefaultMenu     - createOptionsMenu()
14:33:54.978 [FXGL Background Thread 1 ] DEBUG GameApplicationServi - Application scenes initialized
14:33:55.012 [FXGL Background Thread 1 ] DEBUG SystemBundleService  - Loading FXGL system data
14:33:55.022 [FXGL Background Thread 1 ] DEBUG FileSystemAccess     - Reading from: C:\Users\jfran\OneDrive - Hogeschool Leiden\IPOSE-Maven\system\fxgl.bundle
14:33:55.041 [FXGL Background Thread 1 ] DEBUG SystemBundleService  - Bundle FXGL: {}
14:33:55.041 [FXGL Background Thread 1 ] DEBUG UpdaterService       - Checking for updates
14:33:55.064 [FXGL Background Thread 1 ] DEBUG FXGLApplication      - Loading default localization
14:33:55.069 [FXGL Background Thread 1 ] DEBUG FXGLAssetLoaderServi - Loading from file system: jar:file:/C:/Users/jfran/.m2/repository/com/github/almasb/fxgl/11.14/fxgl-11.14.jar!/fxglassets/languages/english.lang
14:33:55.094 [FXGL Background Thread 4 ] DEBUG FXGLApplication      - Loading fonts
14:33:55.100 [FXGL Background Thread 4 ] DEBUG FXGLAssetLoaderServi - Loading from file system: jar:file:/C:/Users/jfran/.m2/repository/com/github/almasb/fxgl/11.14/fxgl-11.14.jar!/fxglassets/ui/fonts/VarelaRound-Regular.ttf
14:33:55.200 [FXGL Background Thread 1 ] INFO  FXGLApplication      - FXGL initialization took: 2,960 sec
14:33:55.230 [JavaFX Application Thread] DEBUG Input                - Registered new binding: Left - A
14:33:55.231 [JavaFX Application Thread] DEBUG Input                - Registered new binding: Right - D
14:33:55.232 [JavaFX Application Thread] DEBUG Input                - Registered new binding: Jump - W
14:33:55.234 [JavaFX Application Thread] DEBUG FXGLAssetLoaderServi - Loading from file system: jar:file:/C:/Users/jfran/.m2/repository/com/github/almasb/fxgl/11.14/fxgl-11.14.jar!/fxglassets/textures/fxgl_icon.png
14:33:55.327 [JavaFX Application Thread] DEBUG FXGLAssetLoaderServi - Loading from file system: jar:file:/C:/Users/jfran/.m2/repository/com/github/almasb/fxgl/11.14/fxgl-11.14.jar!/fxglassets/ui/cursors/fxgl_default.png
14:33:55.332 [JavaFX Application Thread] DEBUG Input                - Registered new binding: Screenshot - P
14:33:55.333 [JavaFX Application Thread] DEBUG Input                - Registered new binding: System info dump - CTRL+9
14:33:55.335 [JavaFX Application Thread] DEBUG Input                - Registered new binding: Restart - CTRL+R
14:33:55.338 [JavaFX Application Thread] DEBUG Input                - Registered new binding: Toggle Debug Camera - CTRL+C
14:33:55.349 [JavaFX Application Thread] DEBUG LoopRunner           - Starting loop
14:33:55.350 [JavaFX Application Thread] DEBUG LoopRunner           - Initializing JavaFX AnimationTimerLoop
14:33:55.360 [JavaFX Application Thread] DEBUG Input                - Clearing active input actions
14:33:55.382 [JavaFX Application Thread] DEBUG GameApplicationServi - Removing overlay from FXGLStartupScene and adding to FXGLMainMenuDummyScene
14:33:55.384 [JavaFX Application Thread] DEBUG PrimaryStageWindow   - FXGLStartupScene -> FXGLMainMenuDummyScene
14:33:55.384 [JavaFX Application Thread] DEBUG PrimaryStageWindow   - Push state: FXGLDefaultMenu
14:33:55.431 [JavaFX Application Thread] DEBUG Input                - Clearing active input actions
14:33:55.496 [JavaFX Application Thread] DEBUG GameApplicationServi - Removing overlay from FXGLMainMenuDummyScene and adding to FXGLDefaultMenu
14:33:55.498 [JavaFX Application Thread] DEBUG PrimaryStageWindow   - FXGLMainMenuDummyScene -> FXGLDefaultMenu
14:33:55.866 [FXGL Background Thread 4 ] DEBUG FXGLAssetLoaderServi - Loading from file system: jar:file:/C:/Users/jfran/.m2/repository/com/github/almasb/fxgl/11.14/fxgl-11.14.jar!/fxglassets/ui/fonts/Abel-Regular.ttf
14:33:55.899 [FXGL Background Thread 4 ] DEBUG FXGLAssetLoaderServi - Loading from file system: jar:file:/C:/Users/jfran/.m2/repository/com/github/almasb/fxgl/11.14/fxgl-11.14.jar!/fxglassets/ui/fonts/lucida_console.ttf
14:33:56.048 [FXGL Background Thread 4 ] DEBUG FXGLAssetLoaderServi - Loading from file system: jar:file:/C:/Users/jfran/.m2/repository/com/github/almasb/fxgl/11.14/fxgl-11.14.jar!/fxglassets/ui/fonts/Courier-Prime.ttf
14:33:57.288 [JavaFX Application Thread] DEBUG FXGLApplication      - Registering font factories with UI factory
14:33:57.553 [FXGL Background Thread 2 ] INFO  UpdaterService       - Your current version:  11.14
14:33:57.554 [FXGL Background Thread 2 ] INFO  UpdaterService       - Latest stable version: 17.1
14:33:58.113 [FXGL Background Thread 3 ] DEBUG Engine               - Logging environment variables
14:33:58.116 [FXGL Background Thread 3 ] DEBUG Engine               - achievements: []
14:33:58.116 [FXGL Background Thread 3 ] DEBUG Engine               - actualHeight: 700.0
14:33:58.117 [FXGL Background Thread 3 ] DEBUG Engine               - actualHeightProperty: ReadOnlyDoubleProperty [value: 700.0]
14:33:58.117 [FXGL Background Thread 3 ] DEBUG Engine               - actualWidth: 1050.0
14:33:58.118 [FXGL Background Thread 3 ] DEBUG Engine               - actualWidthProperty: ReadOnlyDoubleProperty [value: 1050.0]
14:33:58.119 [FXGL Background Thread 3 ] DEBUG Engine               - appIcon: fxgl_icon.png
14:33:58.120 [FXGL Background Thread 3 ] DEBUG Engine               - applicationMode: DEVELOPER
14:33:58.125 [FXGL Background Thread 3 ] DEBUG Engine               - cSSList: [fxgl_dark.css]
14:33:58.126 [FXGL Background Thread 3 ] DEBUG Engine               - collisionDetectionStrategy: BRUTE_FORCE
14:33:58.127 [FXGL Background Thread 3 ] DEBUG Engine               - configClass: Optional.empty
14:33:58.127 [FXGL Background Thread 3 ] DEBUG Engine               - credits: []
14:33:58.129 [FXGL Background Thread 3 ] DEBUG Engine               - devBBoxColorProperty: ObjectProperty [value: 0xff0000ff]
14:33:58.132 [FXGL Background Thread 3 ] DEBUG Engine               - devEnableDebugCameraProperty: BooleanProperty [value: false]
14:33:58.133 [FXGL Background Thread 3 ] DEBUG Engine               - devSensorColorProperty: ObjectProperty [value: 0xffff00ff]
14:33:58.134 [FXGL Background Thread 3 ] DEBUG Engine               - devShowBBoxProperty: BooleanProperty [value: false]
14:33:58.135 [FXGL Background Thread 3 ] DEBUG Engine               - devShowPositionProperty: BooleanProperty [value: false]
14:33:58.135 [FXGL Background Thread 3 ] DEBUG Engine               - enabledMenuItems: []
14:33:58.136 [FXGL Background Thread 3 ] DEBUG Engine               - engineServices: [class com.almasb.fxgl.app.services.FXGLAssetLoaderService, class com.almasb.fxgl.app.FXGLApplication$GameApplicationService, class com.almasb.fxgl.app.services.FXGLDialogService, class com.almasb.fxgl.app.services.IOTaskExecutorService, class com.almasb.fxgl.event.EventBusService, class com.almasb.fxgl.io.FileSystemService, class com.almasb.fxgl.localization.LocalizationService, class com.almasb.fxgl.app.services.SystemBundleService, class com.almasb.fxgl.profile.SaveLoadService, class com.almasb.fxgl.ui.FXGLUIFactoryServiceProvider, class com.almasb.fxgl.ui.FXGLDialogFactoryServiceProvider, class com.almasb.fxgl.audio.AudioPlayer, class com.almasb.fxgl.notification.impl.NotificationServiceProvider, class com.almasb.fxgl.achievement.AchievementService, class com.almasb.fxgl.cutscene.CutsceneService, class com.almasb.fxgl.minigames.MiniGameService, class com.almasb.fxgl.net.NetService, class com.almasb.fxgl.app.services.UpdaterService, class com.almasb.fxgl.dev.DevService]
14:33:58.136 [FXGL Background Thread 3 ] DEBUG Engine               - fontGame: Abel-Regular.ttf
14:33:58.137 [FXGL Background Thread 3 ] DEBUG Engine               - fontMono: lucida_console.ttf
14:33:58.138 [FXGL Background Thread 3 ] DEBUG Engine               - fontText: Courier-Prime.ttf
14:33:58.138 [FXGL Background Thread 3 ] DEBUG Engine               - fontUI: VarelaRound-Regular.ttf
14:33:58.143 [FXGL Background Thread 3 ] DEBUG Engine               - fullScreen: BooleanProperty [value: false]
14:33:58.144 [FXGL Background Thread 3 ] DEBUG Engine               - gameDifficulty: MEDIUM
14:33:58.144 [FXGL Background Thread 3 ] DEBUG Engine               - gameDifficultyProperty: ObjectProperty [value: MEDIUM]
14:33:58.145 [FXGL Background Thread 3 ] DEBUG Engine               - globalMusicVolume: 0.5
14:33:58.145 [FXGL Background Thread 3 ] DEBUG Engine               - globalMusicVolumeProperty: DoubleProperty [value: 0.5]
14:33:58.146 [FXGL Background Thread 3 ] DEBUG Engine               - globalSoundVolume: 0.5
14:33:58.146 [FXGL Background Thread 3 ] DEBUG Engine               - globalSoundVolumeProperty: DoubleProperty [value: 0.5]
14:33:58.147 [FXGL Background Thread 3 ] DEBUG Engine               - height: 700
14:33:58.147 [FXGL Background Thread 3 ] DEBUG Engine               - isAndroid: false
14:33:58.148 [FXGL Background Thread 3 ] DEBUG Engine               - isBrowser: false
14:33:58.148 [FXGL Background Thread 3 ] DEBUG Engine               - isClickFeedbackEnabled: false
14:33:58.148 [FXGL Background Thread 3 ] DEBUG Engine               - isCloseConfirmation: false
14:33:58.150 [FXGL Background Thread 3 ] DEBUG Engine               - isDesktop: true
14:33:58.151 [FXGL Background Thread 3 ] DEBUG Engine               - isDeveloperMenuEnabled: false
14:33:58.152 [FXGL Background Thread 3 ] DEBUG Engine               - isEntityPreloadEnabled: true
14:33:58.152 [FXGL Background Thread 3 ] DEBUG Engine               - isExperimental3D: false
14:33:58.153 [FXGL Background Thread 3 ] DEBUG Engine               - isExperimentalNative: false
14:33:58.153 [FXGL Background Thread 3 ] DEBUG Engine               - isExperimentalTiledLargeMap: false
14:33:58.153 [FXGL Background Thread 3 ] DEBUG Engine               - isFileSystemWriteAllowed: true
14:33:58.155 [FXGL Background Thread 3 ] DEBUG Engine               - isFullScreenAllowed: false
14:33:58.160 [FXGL Background Thread 3 ] DEBUG Engine               - isFullScreenFromStart: false
14:33:58.161 [FXGL Background Thread 3 ] DEBUG Engine               - isGameMenuEnabled: true
14:33:58.161 [FXGL Background Thread 3 ] DEBUG Engine               - isIOS: false
14:33:58.161 [FXGL Background Thread 3 ] DEBUG Engine               - isIntroEnabled: false
14:33:58.162 [FXGL Background Thread 3 ] DEBUG Engine               - isLinux: false
14:33:58.162 [FXGL Background Thread 3 ] DEBUG Engine               - isMac: false
14:33:58.163 [FXGL Background Thread 3 ] DEBUG Engine               - isMainMenuEnabled: true
14:33:58.163 [FXGL Background Thread 3 ] DEBUG Engine               - isManualResizeEnabled: false
14:33:58.281 [FXGL Background Thread 3 ] DEBUG Engine               - isMobile: false
14:33:58.281 [FXGL Background Thread 3 ] DEBUG Engine               - isPreserveResizeRatio: false
14:33:58.283 [FXGL Background Thread 3 ] DEBUG Engine               - isProfilingEnabled: false
14:33:58.283 [FXGL Background Thread 3 ] DEBUG Engine               - isScaleAffectedOnResize: true
14:33:58.283 [FXGL Background Thread 3 ] DEBUG Engine               - isSingleStep: false
14:33:58.284 [FXGL Background Thread 3 ] DEBUG Engine               - isUserProfileEnabled: false
14:33:58.284 [FXGL Background Thread 3 ] DEBUG Engine               - isWindows: true
14:33:58.285 [FXGL Background Thread 3 ] DEBUG Engine               - language: ObjectProperty [value: ENGLISH]
14:33:58.285 [FXGL Background Thread 3 ] DEBUG Engine               - menuKey: ESCAPE
14:33:58.286 [FXGL Background Thread 3 ] DEBUG Engine               - notificationViewClass: class com.almasb.fxgl.notification.view.XboxNotificationView
14:33:58.286 [FXGL Background Thread 3 ] DEBUG Engine               - pixelsPerMeter: 50.0
14:33:58.286 [FXGL Background Thread 3 ] DEBUG Engine               - platform: WINDOWS
14:33:58.287 [FXGL Background Thread 3 ] DEBUG Engine               - prefHeightProperty: ReadOnlyDoubleProperty [value: 700.0]
14:33:58.287 [FXGL Background Thread 3 ] DEBUG Engine               - prefWidthProperty: ReadOnlyDoubleProperty [value: 1050.0]
14:33:58.288 [FXGL Background Thread 3 ] DEBUG Engine               - profileDir: profiles/
14:33:58.288 [FXGL Background Thread 3 ] DEBUG Engine               - profileName: StringProperty [value: DEFAULT]
14:33:58.289 [FXGL Background Thread 3 ] DEBUG Engine               - randomSeed: -1
14:33:58.294 [FXGL Background Thread 3 ] DEBUG Engine               - runtimeInfo: RuntimeInfo(platform=WINDOWS, version=11.14, build=01.03.2021 16.59)
14:33:58.294 [FXGL Background Thread 3 ] DEBUG Engine               - saveFileExt: sav
14:33:58.295 [FXGL Background Thread 3 ] DEBUG Engine               - scaledHeightProp$fxgl: DoubleProperty [bound, value: 700.0]
14:33:58.295 [FXGL Background Thread 3 ] DEBUG Engine               - scaledWidthProp$fxgl: DoubleProperty [bound, value: 1050.0]
14:33:58.295 [FXGL Background Thread 3 ] DEBUG Engine               - sceneFactory: com.almasb.fxgl.app.scene.SceneFactory@3827f5e2
14:33:58.296 [FXGL Background Thread 3 ] DEBUG Engine               - secondsIn24h: 60
14:33:58.296 [FXGL Background Thread 3 ] DEBUG Engine               - soundMenuBack: menu/back.wav
14:33:58.297 [FXGL Background Thread 3 ] DEBUG Engine               - soundMenuPress: menu/press.wav
14:33:58.297 [FXGL Background Thread 3 ] DEBUG Engine               - soundMenuSelect: menu/select.wav
14:33:58.297 [FXGL Background Thread 3 ] DEBUG Engine               - soundNotification: core/notification.wav
14:33:58.298 [FXGL Background Thread 3 ] DEBUG Engine               - stageStyle: DECORATED
14:33:58.298 [FXGL Background Thread 3 ] DEBUG Engine               - supportedLanguages: [ENGLISH, FRENCH, GERMAN, HUNGARIAN, RUSSIAN]
14:33:58.299 [FXGL Background Thread 3 ] DEBUG Engine               - ticksPerSecond: -1
14:33:58.299 [FXGL Background Thread 3 ] DEBUG Engine               - title: Demo game
14:33:58.299 [FXGL Background Thread 3 ] DEBUG Engine               - urlGithub: https://github.com/AlmasB/FXGL
14:33:58.300 [FXGL Background Thread 3 ] DEBUG Engine               - urlLeaderboard: http://fxgl-top.herokuapp.com/
14:33:58.300 [FXGL Background Thread 3 ] DEBUG Engine               - urlPOM: https://raw.githubusercontent.com/AlmasB/FXGL/release/README.md
14:33:58.300 [FXGL Background Thread 3 ] DEBUG Engine               - userAppClass: class Game
14:33:58.301 [FXGL Background Thread 3 ] DEBUG Engine               - version: 1.2
14:33:58.301 [FXGL Background Thread 3 ] DEBUG Engine               - versionCheckDays: 7
14:33:58.301 [FXGL Background Thread 3 ] DEBUG Engine               - width: 1050
14:33:58.302 [FXGL Background Thread 3 ] DEBUG Engine               - Logging services
14:33:58.302 [FXGL Background Thread 3 ] DEBUG Engine               - class com.almasb.fxgl.app.services.FXGLAssetLoaderService
14:33:58.302 [FXGL Background Thread 3 ] DEBUG Engine               - class com.almasb.fxgl.app.FXGLApplication$GameApplicationService
14:33:58.303 [FXGL Background Thread 3 ] DEBUG Engine               - class com.almasb.fxgl.app.services.FXGLDialogService
14:33:58.303 [FXGL Background Thread 3 ] DEBUG Engine               - class com.almasb.fxgl.app.services.IOTaskExecutorService
14:33:58.303 [FXGL Background Thread 3 ] DEBUG Engine               - class com.almasb.fxgl.event.EventBusService
14:33:58.304 [FXGL Background Thread 3 ] DEBUG Engine               - class com.almasb.fxgl.io.FileSystemService
14:33:58.305 [FXGL Background Thread 3 ] DEBUG Engine               - class com.almasb.fxgl.localization.LocalizationService
14:33:58.305 [FXGL Background Thread 3 ] DEBUG Engine               - class com.almasb.fxgl.app.services.SystemBundleService
14:33:58.307 [FXGL Background Thread 3 ] DEBUG Engine               - class com.almasb.fxgl.profile.SaveLoadService
14:33:58.307 [FXGL Background Thread 3 ] DEBUG Engine               - class com.almasb.fxgl.ui.FXGLUIFactoryServiceProvider
14:33:58.307 [FXGL Background Thread 3 ] DEBUG Engine               - class com.almasb.fxgl.ui.FXGLDialogFactoryServiceProvider
14:33:58.308 [FXGL Background Thread 3 ] DEBUG Engine               - class com.almasb.fxgl.audio.AudioPlayer
14:33:58.308 [FXGL Background Thread 3 ] DEBUG Engine               - class com.almasb.fxgl.notification.impl.NotificationServiceProvider
14:33:58.309 [FXGL Background Thread 3 ] DEBUG Engine               - class com.almasb.fxgl.achievement.AchievementService
14:33:58.309 [FXGL Background Thread 3 ] DEBUG Engine               - class com.almasb.fxgl.cutscene.CutsceneService
14:33:58.309 [FXGL Background Thread 3 ] DEBUG Engine               - class com.almasb.fxgl.minigames.MiniGameService
14:33:58.310 [FXGL Background Thread 3 ] DEBUG Engine               - class com.almasb.fxgl.net.NetService
14:33:58.310 [FXGL Background Thread 3 ] DEBUG Engine               - class com.almasb.fxgl.app.services.UpdaterService
14:33:58.310 [FXGL Background Thread 3 ] DEBUG Engine               - class com.almasb.fxgl.dev.DevService
14:34:04.387 [JavaFX Application Thread] DEBUG Menu                 - fireNewGame()
14:34:04.393 [JavaFX Application Thread] DEBUG GameApplicationServi - Starting new game
14:34:04.399 [JavaFX Application Thread] DEBUG PrimaryStageWindow   - Pop state: FXGLDefaultMenu
14:34:04.399 [JavaFX Application Thread] DEBUG Input                - Clearing active input actions
14:34:04.402 [JavaFX Application Thread] DEBUG GameApplicationServi - Removing overlay from FXGLDefaultMenu and adding to FXGLMainMenuDummyScene
14:34:04.403 [JavaFX Application Thread] DEBUG PrimaryStageWindow   - FXGLMainMenuDummyScene <- FXGLDefaultMenu
14:34:04.404 [JavaFX Application Thread] DEBUG Input                - Clearing active input actions
14:34:04.431 [JavaFX Application Thread] DEBUG GameApplicationServi - Removing overlay from FXGLMainMenuDummyScene and adding to FXGLLoadingScene
14:34:04.432 [JavaFX Application Thread] DEBUG PrimaryStageWindow   - FXGLMainMenuDummyScene -> FXGLLoadingScene
14:34:04.432 [JavaFX Application Thread] DEBUG GameApplicationServi - Clearing previous game
14:34:04.433 [JavaFX Application Thread] DEBUG GameScene            - Clearing game scene
14:34:04.433 [JavaFX Application Thread] DEBUG GameWorld            - Clearing game world
14:34:04.433 [JavaFX Application Thread] DEBUG PhysicsWorld         - Clearing physics world
14:34:04.437 [FXGL Background Thread 2 ] DEBUG FXGLApplication      - Initializing game
14:34:04.465 [FXGL Background Thread 2 ] WARN  FXGLAssetLoaderServi - Asset "/assets/levels/tmx/level1.tmx" was not found!
14:34:04.491 [JavaFX Application Thread] DEBUG LoopRunner           - Stopping loop
14:34:04.500 [JavaFX Application Thread] FATAL FXGLApplication      - Uncaught Exception:
java.lang.RuntimeException: Initialization failed
	at com.almasb.fxgl.app.FXGLApplication$InitAppTask.failed(FXGLApplication.kt:376)
	at javafx.concurrent.Task.setState(Task.java:710)
	at javafx.concurrent.Task$TaskCallable.lambda$call$2(Task.java:1455)
	at com.sun.javafx.application.PlatformImpl.lambda$runLater$10(PlatformImpl.java:428)
	at java.base/java.security.AccessController.doPrivileged(AccessController.java:391)
	at com.sun.javafx.application.PlatformImpl.lambda$runLater$11(PlatformImpl.java:427)
	at com.sun.glass.ui.InvokeLaterDispatcher$Future.run(InvokeLaterDispatcher.java:96)
	at com.sun.glass.ui.win.WinApplication._runLoop(Native Method)
	at com.sun.glass.ui.win.WinApplication.lambda$runLoop$3(WinApplication.java:174)
	at java.base/java.lang.Thread.run(Thread.java:832)
Caused by: java.lang.IllegalArgumentException: Loading level failed. Asset not found: tmx/level1.tmx
	at com.almasb.fxgl.app.services.FXGLAssetLoaderService.loadLevel(FXGLAssetLoaderService.kt:439)
	at com.almasb.fxgl.dsl.FXGL$Companion.setLevelFromMap(FXGL.kt:532)
	at com.almasb.fxgl.dsl.FXGL.setLevelFromMap(FXGL.kt)
	at Game.setLevel(Game.java:144)
	at Game.nextLevel(Game.java:135)
	at Game.initGame(Game.java:51)
	at com.almasb.fxgl.app.FXGLApplication$InitAppTask.initGame(FXGLApplication.kt:372)
	at com.almasb.fxgl.app.FXGLApplication$InitAppTask.call(FXGLApplication.kt:352)
	at com.almasb.fxgl.app.FXGLApplication$InitAppTask.call(FXGLApplication.kt:344)
	at javafx.concurrent.Task$TaskCallable.call(Task.java:1425)
	at java.base/java.util.concurrent.FutureTask.run(FutureTask.java:264)
	at java.base/java.util.concurrent.Executors$RunnableAdapter.call(Executors.java:515)
	at java.base/java.util.concurrent.FutureTask.run(FutureTask.java:264)
	at java.base/java.util.concurrent.ThreadPoolExecutor.runWorker(ThreadPoolExecutor.java:1130)
	at java.base/java.util.concurrent.ThreadPoolExecutor$Worker.run(ThreadPoolExecutor.java:630)
	... 1 more

14:34:04.501 [JavaFX Application Thread] FATAL FXGLApplication      - Application will now exit
14:34:04.552 [JavaFX Application Thread] DEBUG PrimaryStageWindow   - Push state: ErrorSubScene
14:34:04.553 [JavaFX Application Thread] DEBUG Input                - Clearing active input actions
14:34:04.563 [JavaFX Application Thread] DEBUG GameApplicationServi - Removing overlay from FXGLLoadingScene and adding to ErrorSubScene
14:34:04.565 [JavaFX Application Thread] DEBUG PrimaryStageWindow   - FXGLLoadingScene -> ErrorSubScene
14:34:10.535 [JavaFX Application Thread] DEBUG FXGLApplication      - Exiting FXGL
14:34:10.535 [JavaFX Application Thread] DEBUG Async                - Shutting down background threads
14:34:10.536 [JavaFX Application Thread] DEBUG PrimaryStageWindow   - Closing main window
14:34:10.563 [JavaFX Application Thread] DEBUG Logger               - Closing Logger
