15:03:04.101 [main                     ] DEBUG Logger               - Configured Logger
15:03:04.135 [main                     ] DEBUG GameApplication      - Logging settings
Title: Demo game
Version: 1.2
Width: 1050
Height: 700
Fullscreen: false
Intro: false
Profiling: false
Single step:false
App Mode: DEVELOPER
Menu Key: ESCAPE
Stage Style: DECORATED
Scene Factory: class com.almasb.fxgl.app.scene.SceneFactory

15:03:05.572 [JavaFX Application Thread] DEBUG FXGLApplication      - Initializing FXGL
15:03:05.579 [JavaFX Application Thread] INFO  Engine               - FXGL-11.14 (01.03.2021 16.59) on WINDOWS (J:15.0.2 FX:15)
15:03:05.580 [JavaFX Application Thread] DEBUG Engine               - JRE Vendor Name: Amazon.com Inc.
15:03:05.580 [JavaFX Application Thread] DEBUG Engine               - Running on OS: Windows 10 version 10.0
15:03:05.582 [JavaFX Application Thread] DEBUG Engine               - Architecture: amd64
15:03:05.583 [JavaFX Application Thread] INFO  Engine               - Source code and latest versions at: https://github.com/AlmasB/FXGL
15:03:05.583 [JavaFX Application Thread] INFO  Engine               -              Join the FXGL chat at: https://gitter.im/AlmasB/FXGL
15:03:06.059 [JavaFX Application Thread] DEBUG PrimaryStageWindow   - Creating a JavaFX scene
15:03:06.266 [JavaFX Application Thread] DEBUG PrimaryStageWindow   - Target settings size: 1050.0 x 700.0
15:03:06.267 [JavaFX Application Thread] DEBUG PrimaryStageWindow   - Scaled scene size:    1050.0 x 700.0
15:03:06.267 [JavaFX Application Thread] DEBUG PrimaryStageWindow   - Scaled ratio: (1.0, 1.0)
15:03:06.271 [JavaFX Application Thread] DEBUG PrimaryStageWindow   - Set initial scene to FXGLStartupScene
15:03:06.296 [JavaFX Application Thread] DEBUG PrimaryStageWindow   - Opening main window
15:03:06.599 [JavaFX Application Thread] DEBUG PrimaryStageWindow   - Window border size: (14.800048828125, 37.5999755859375)
15:03:06.601 [JavaFX Application Thread] DEBUG PrimaryStageWindow   - Scaled size: 1050.0 x 700.0
15:03:06.602 [JavaFX Application Thread] DEBUG PrimaryStageWindow   - Scaled ratio: (1.0, 1.0)
15:03:06.603 [JavaFX Application Thread] DEBUG PrimaryStageWindow   - Scene size: 1050.0 x 700.0
15:03:06.603 [JavaFX Application Thread] DEBUG PrimaryStageWindow   - Stage size: 1064.800048828125 x 737.5999755859375
15:03:06.667 [FXGL Background Thread 1 ] DEBUG Engine               - Initializing environment variables
15:03:06.818 [FXGL Background Thread 1 ] DEBUG FXGLAssetLoaderServi - User app class for loading assets: class Game
15:03:06.819 [FXGL Background Thread 1 ] DEBUG GameApplicationServi - Applying CSS: fxgl_dark.css
15:03:06.823 [FXGL Background Thread 1 ] DEBUG FXGLAssetLoaderServi - Loading from file system: jar:file:/C:/Users/jfran/.m2/repository/com/github/almasb/fxgl/11.14/fxgl-11.14.jar!/fxglassets/ui/css/fxgl_dark.css
15:03:06.989 [FXGL Background Thread 1 ] DEBUG GameApplicationServi - Initializing application scenes
15:03:07.222 [FXGL Background Thread 1 ] DEBUG GameWorld            - Game world initialized
15:03:07.423 [FXGL Background Thread 1 ] DEBUG PhysicsWorld         - Physics world initialized: appHeight=700, physics.ppm=50,0
15:03:07.425 [FXGL Background Thread 1 ] DEBUG PhysicsWorld         - Using strategy: BRUTE_FORCE
15:03:07.436 [FXGL Background Thread 1 ] DEBUG GameScene            - Game scene initialized: 1050x700
15:03:07.583 [FXGL Background Thread 1 ] DEBUG FXGLAssetLoaderServi - Loading from file system: jar:file:/C:/Users/jfran/.m2/repository/com/github/almasb/fxgl/11.14/fxgl-11.14.jar!/fxglassets/textures/particles/trace_horizontal.png
15:03:07.776 [FXGL Background Thread 1 ] DEBUG FXGL.DefaultMenu     - createMenuBodyMainMenu()
15:03:07.820 [FXGL Background Thread 1 ] DEBUG FXGL.DefaultMenu     - createOptionsMenu()
15:03:07.836 [FXGL Background Thread 1 ] DEBUG FXGLAssetLoaderServi - Loading from file system: jar:file:/C:/Users/jfran/.m2/repository/com/github/almasb/fxgl/11.14/fxgl-11.14.jar!/fxglassets/textures/particles/smoke.png
15:03:08.010 [FXGL Background Thread 1 ] DEBUG FXGL.DefaultMenu     - createMenuBodyGameMenu()
15:03:08.013 [FXGL Background Thread 1 ] DEBUG FXGL.DefaultMenu     - createOptionsMenu()
15:03:08.076 [FXGL Background Thread 1 ] DEBUG GameApplicationServi - Application scenes initialized
15:03:08.111 [FXGL Background Thread 1 ] DEBUG SystemBundleService  - Loading FXGL system data
15:03:08.122 [FXGL Background Thread 1 ] DEBUG FileSystemAccess     - Reading from: C:\Users\jfran\OneDrive - Hogeschool Leiden\IPOSE-Maven\system\fxgl.bundle
15:03:08.140 [FXGL Background Thread 1 ] DEBUG SystemBundleService  - Bundle FXGL: {}
15:03:08.141 [FXGL Background Thread 1 ] DEBUG UpdaterService       - Checking for updates
15:03:08.155 [FXGL Background Thread 1 ] DEBUG FXGLApplication      - Loading default localization
15:03:08.158 [FXGL Background Thread 1 ] DEBUG FXGLAssetLoaderServi - Loading from file system: jar:file:/C:/Users/jfran/.m2/repository/com/github/almasb/fxgl/11.14/fxgl-11.14.jar!/fxglassets/languages/english.lang
15:03:08.168 [FXGL Background Thread 4 ] DEBUG FXGLApplication      - Loading fonts
15:03:08.170 [FXGL Background Thread 4 ] DEBUG FXGLAssetLoaderServi - Loading from file system: jar:file:/C:/Users/jfran/.m2/repository/com/github/almasb/fxgl/11.14/fxgl-11.14.jar!/fxglassets/ui/fonts/VarelaRound-Regular.ttf
15:03:08.212 [FXGL Background Thread 1 ] INFO  FXGLApplication      - FXGL initialization took: 1,545 sec
15:03:08.238 [JavaFX Application Thread] DEBUG Input                - Registered new binding: Left - A
15:03:08.239 [JavaFX Application Thread] DEBUG Input                - Registered new binding: Right - D
15:03:08.240 [JavaFX Application Thread] DEBUG Input                - Registered new binding: Jump - W
15:03:08.242 [JavaFX Application Thread] DEBUG FXGLAssetLoaderServi - Loading from file system: jar:file:/C:/Users/jfran/.m2/repository/com/github/almasb/fxgl/11.14/fxgl-11.14.jar!/fxglassets/textures/fxgl_icon.png
15:03:08.357 [JavaFX Application Thread] DEBUG FXGLAssetLoaderServi - Loading from file system: jar:file:/C:/Users/jfran/.m2/repository/com/github/almasb/fxgl/11.14/fxgl-11.14.jar!/fxglassets/ui/cursors/fxgl_default.png
15:03:08.365 [JavaFX Application Thread] DEBUG Input                - Registered new binding: Screenshot - P
15:03:08.367 [JavaFX Application Thread] DEBUG Input                - Registered new binding: System info dump - CTRL+9
15:03:08.369 [JavaFX Application Thread] DEBUG Input                - Registered new binding: Restart - CTRL+R
15:03:08.372 [JavaFX Application Thread] DEBUG Input                - Registered new binding: Toggle Debug Camera - CTRL+C
15:03:08.378 [JavaFX Application Thread] DEBUG LoopRunner           - Starting loop
15:03:08.379 [JavaFX Application Thread] DEBUG LoopRunner           - Initializing JavaFX AnimationTimerLoop
15:03:08.387 [JavaFX Application Thread] DEBUG Input                - Clearing active input actions
15:03:08.448 [JavaFX Application Thread] DEBUG GameApplicationServi - Removing overlay from FXGLStartupScene and adding to FXGLMainMenuDummyScene
15:03:08.451 [JavaFX Application Thread] DEBUG PrimaryStageWindow   - FXGLStartupScene -> FXGLMainMenuDummyScene
15:03:08.452 [JavaFX Application Thread] DEBUG PrimaryStageWindow   - Push state: FXGLDefaultMenu
15:03:08.465 [JavaFX Application Thread] DEBUG Input                - Clearing active input actions
15:03:08.496 [JavaFX Application Thread] DEBUG GameApplicationServi - Removing overlay from FXGLMainMenuDummyScene and adding to FXGLDefaultMenu
15:03:08.498 [JavaFX Application Thread] DEBUG PrimaryStageWindow   - FXGLMainMenuDummyScene -> FXGLDefaultMenu
15:03:09.111 [FXGL Background Thread 4 ] DEBUG FXGLAssetLoaderServi - Loading from file system: jar:file:/C:/Users/jfran/.m2/repository/com/github/almasb/fxgl/11.14/fxgl-11.14.jar!/fxglassets/ui/fonts/Abel-Regular.ttf
15:03:09.139 [FXGL Background Thread 4 ] DEBUG FXGLAssetLoaderServi - Loading from file system: jar:file:/C:/Users/jfran/.m2/repository/com/github/almasb/fxgl/11.14/fxgl-11.14.jar!/fxglassets/ui/fonts/lucida_console.ttf
15:03:09.199 [FXGL Background Thread 4 ] DEBUG FXGLAssetLoaderServi - Loading from file system: jar:file:/C:/Users/jfran/.m2/repository/com/github/almasb/fxgl/11.14/fxgl-11.14.jar!/fxglassets/ui/fonts/Courier-Prime.ttf
15:03:09.321 [JavaFX Application Thread] DEBUG FXGLApplication      - Registering font factories with UI factory
15:03:09.842 [FXGL Background Thread 2 ] INFO  UpdaterService       - Your current version:  11.14
15:03:09.843 [FXGL Background Thread 2 ] INFO  UpdaterService       - Latest stable version: 17.1
15:03:09.963 [JavaFX Application Thread] DEBUG Menu                 - fireNewGame()
15:03:09.964 [JavaFX Application Thread] DEBUG GameApplicationServi - Starting new game
15:03:09.976 [JavaFX Application Thread] DEBUG PrimaryStageWindow   - Pop state: FXGLDefaultMenu
15:03:09.977 [JavaFX Application Thread] DEBUG Input                - Clearing active input actions
15:03:09.979 [JavaFX Application Thread] DEBUG GameApplicationServi - Removing overlay from FXGLDefaultMenu and adding to FXGLMainMenuDummyScene
15:03:09.987 [JavaFX Application Thread] DEBUG PrimaryStageWindow   - FXGLMainMenuDummyScene <- FXGLDefaultMenu
15:03:09.989 [JavaFX Application Thread] DEBUG Input                - Clearing active input actions
15:03:10.041 [JavaFX Application Thread] DEBUG GameApplicationServi - Removing overlay from FXGLMainMenuDummyScene and adding to FXGLLoadingScene
15:03:10.043 [JavaFX Application Thread] DEBUG PrimaryStageWindow   - FXGLMainMenuDummyScene -> FXGLLoadingScene
15:03:10.044 [JavaFX Application Thread] DEBUG GameApplicationServi - Clearing previous game
15:03:10.044 [JavaFX Application Thread] DEBUG GameScene            - Clearing game scene
15:03:10.045 [JavaFX Application Thread] DEBUG GameWorld            - Clearing game world
15:03:10.045 [JavaFX Application Thread] DEBUG PhysicsWorld         - Clearing physics world
15:03:10.048 [FXGL Background Thread 2 ] DEBUG FXGLApplication      - Initializing game
15:03:10.179 [FXGL Background Thread 2 ] WARN  TMXLevelLoader       - TiledMap generated from 1.0.1. Supported version: 1.2.3. Some features may not be parsed fully.
15:03:10.203 [FXGL Background Thread 2 ] DEBUG TMXLevelLoader       - Parsed raw map: TiledMap(width=15, height=10, tilewidth=70, tileheight=70, orientation=orthogonal, layers=[Layer(width=15, height=10, name=Tile Layer 1, type=tilelayer, visible=false, x=0, y=0, data=[153, 0, 0, 0, 0, 0, 0, 0, 0, 0, 0, 0, 0, 0, 0, 153, 2, 0, 0, 69, 57, 45, 0, 0, 0, 0, 0, 0, 0, 0, 153, 10, 0, 0, 0, 0, 0, 0, 0, 0, 0, 0, 0, 0, 0, 153, 153, 0, 0, 0, 0, 0, 0, 15, 3, 3, 27, 0, 0, 0, 153, 153, 0, 0, 0, 0, 0, 0, 0, 0, 0, 0, 0, 0, 0, 153, 153, 0, 0, 0, 0, 0, 0, 0, 0, 0, 0, 0, 0, 116, 153, 153, 0, 0, 0, 0, 0, 0, 15, 3, 3, 27, 0, 116, 153, 153, 153, 0, 0, 69, 81, 57, 0, 0, 0, 0, 0, 0, 153, 153, 153, 153, 0, 0, 0, 0, 0, 0, 0, 0, 0, 0, 0, 153, 153, 153, 153, 10, 105, 0, 0, 0, 129, 105, 0, 0, 0, 129, 153, 153], objects=[], opacity=0.0, draworder=), Layer(width=0, height=0, name=Object Layer 1, type=objectgroup, visible=false, x=0, y=0, data=[], objects=[com.almasb.fxgl.entity.level.tiled.TiledObject@26c35480, com.almasb.fxgl.entity.level.tiled.TiledObject@706fc606, com.almasb.fxgl.entity.level.tiled.TiledObject@1ffba959, com.almasb.fxgl.entity.level.tiled.TiledObject@6af84be3, com.almasb.fxgl.entity.level.tiled.TiledObject@56a36568, com.almasb.fxgl.entity.level.tiled.TiledObject@5872d64c, com.almasb.fxgl.entity.level.tiled.TiledObject@1a010d7a, com.almasb.fxgl.entity.level.tiled.TiledObject@328eea8a, com.almasb.fxgl.entity.level.tiled.TiledObject@7fcb5196, com.almasb.fxgl.entity.level.tiled.TiledObject@31c52895, com.almasb.fxgl.entity.level.tiled.TiledObject@233d890a, com.almasb.fxgl.entity.level.tiled.TiledObject@6622ed5d, com.almasb.fxgl.entity.level.tiled.TiledObject@434057ee, com.almasb.fxgl.entity.level.tiled.TiledObject@5b594e93, com.almasb.fxgl.entity.level.tiled.TiledObject@14e3e92b, com.almasb.fxgl.entity.level.tiled.TiledObject@655ab6ef, com.almasb.fxgl.entity.level.tiled.TiledObject@2464628d, com.almasb.fxgl.entity.level.tiled.TiledObject@35d88d44, com.almasb.fxgl.entity.level.tiled.TiledObject@3ef99065], opacity=0.0, draworder=)], tilesets=[Tileset(firstgid=1, image=tiles_spritesheet.png, name=tiles_spritesheet, tilewidth=70, tileheight=70, imagewidth=914, imageheight=936, margin=0, spacing=2, columns=12, tilecount=156, transparentcolor=, tiles=[])], backgroundcolor=, renderorder=right-down, nextobjectid=20, version=1, tiledversion=1.0.1, type=map, infinite=false, hexsidelength=0, staggeraxis=, staggerindex=, properties={}, propertytypes={})
15:03:10.206 [FXGL Background Thread 2 ] DEBUG TMXLevelLoader       - Creating tile layer entities
15:03:10.211 [FXGL Background Thread 2 ] DEBUG TilesetLoader        - Loading view for layer Tile Layer 1
15:03:10.215 [FXGL Background Thread 2 ] DEBUG TilesetLoader        - Created buffer with size 1050.0x700.0
15:03:10.393 [FXGL Background Thread 2 ] DEBUG TilesetLoader        - Writing to buffer: dst=0,0, w=70,h=70, src=576,864
15:03:10.422 [FXGL Background Thread 2 ] DEBUG TilesetLoader        - Writing to buffer: dst=0,70, w=70,h=70, src=576,864
15:03:10.423 [FXGL Background Thread 2 ] DEBUG TilesetLoader        - Writing to buffer: dst=70,70, w=70,h=70, src=72,0
15:03:10.423 [FXGL Background Thread 2 ] DEBUG TilesetLoader        - Writing to buffer: dst=280,70, w=70,h=70, src=576,360
15:03:10.433 [FXGL Background Thread 2 ] DEBUG TilesetLoader        - Writing to buffer: dst=350,70, w=70,h=70, src=576,288
15:03:10.438 [FXGL Background Thread 2 ] DEBUG TilesetLoader        - Writing to buffer: dst=420,70, w=70,h=70, src=576,216
15:03:10.438 [FXGL Background Thread 2 ] DEBUG TilesetLoader        - Writing to buffer: dst=0,140, w=70,h=70, src=576,864
15:03:10.443 [FXGL Background Thread 2 ] DEBUG TilesetLoader        - Writing to buffer: dst=70,140, w=70,h=70, src=648,0
15:03:10.444 [FXGL Background Thread 2 ] DEBUG TilesetLoader        - Writing to buffer: dst=0,210, w=70,h=70, src=576,864
15:03:10.444 [FXGL Background Thread 2 ] DEBUG TilesetLoader        - Writing to buffer: dst=70,210, w=70,h=70, src=576,864
15:03:10.445 [FXGL Background Thread 2 ] DEBUG TilesetLoader        - Writing to buffer: dst=560,210, w=70,h=70, src=144,72
15:03:10.445 [FXGL Background Thread 2 ] DEBUG TilesetLoader        - Writing to buffer: dst=630,210, w=70,h=70, src=144,0
15:03:10.446 [FXGL Background Thread 2 ] DEBUG TilesetLoader        - Writing to buffer: dst=700,210, w=70,h=70, src=144,0
15:03:10.446 [FXGL Background Thread 2 ] DEBUG TilesetLoader        - Writing to buffer: dst=770,210, w=70,h=70, src=144,144
15:03:10.447 [FXGL Background Thread 2 ] DEBUG TilesetLoader        - Writing to buffer: dst=0,280, w=70,h=70, src=576,864
15:03:10.447 [FXGL Background Thread 2 ] DEBUG TilesetLoader        - Writing to buffer: dst=70,280, w=70,h=70, src=576,864
15:03:10.448 [FXGL Background Thread 2 ] DEBUG TilesetLoader        - Writing to buffer: dst=0,350, w=70,h=70, src=576,864
15:03:10.448 [FXGL Background Thread 2 ] DEBUG TilesetLoader        - Writing to buffer: dst=70,350, w=70,h=70, src=576,864
15:03:10.449 [FXGL Background Thread 2 ] DEBUG TilesetLoader        - Writing to buffer: dst=980,350, w=70,h=70, src=504,648
15:03:10.449 [FXGL Background Thread 2 ] DEBUG TilesetLoader        - Writing to buffer: dst=0,420, w=70,h=70, src=576,864
15:03:10.449 [FXGL Background Thread 2 ] DEBUG TilesetLoader        - Writing to buffer: dst=70,420, w=70,h=70, src=576,864
15:03:10.466 [FXGL Background Thread 2 ] DEBUG TilesetLoader        - Writing to buffer: dst=560,420, w=70,h=70, src=144,72
15:03:10.466 [FXGL Background Thread 2 ] DEBUG TilesetLoader        - Writing to buffer: dst=630,420, w=70,h=70, src=144,0
15:03:10.467 [FXGL Background Thread 2 ] DEBUG TilesetLoader        - Writing to buffer: dst=700,420, w=70,h=70, src=144,0
15:03:10.467 [FXGL Background Thread 2 ] DEBUG TilesetLoader        - Writing to buffer: dst=770,420, w=70,h=70, src=144,144
15:03:10.467 [FXGL Background Thread 2 ] DEBUG TilesetLoader        - Writing to buffer: dst=910,420, w=70,h=70, src=504,648
15:03:10.468 [FXGL Background Thread 2 ] DEBUG TilesetLoader        - Writing to buffer: dst=980,420, w=70,h=70, src=576,864
15:03:10.468 [FXGL Background Thread 2 ] DEBUG TilesetLoader        - Writing to buffer: dst=0,490, w=70,h=70, src=576,864
15:03:10.469 [FXGL Background Thread 2 ] DEBUG TilesetLoader        - Writing to buffer: dst=70,490, w=70,h=70, src=576,864
15:03:10.469 [FXGL Background Thread 2 ] DEBUG TilesetLoader        - Writing to buffer: dst=280,490, w=70,h=70, src=576,360
15:03:10.470 [FXGL Background Thread 2 ] DEBUG TilesetLoader        - Writing to buffer: dst=350,490, w=70,h=70, src=576,432
15:03:10.470 [FXGL Background Thread 2 ] DEBUG TilesetLoader        - Writing to buffer: dst=420,490, w=70,h=70, src=576,288
15:03:10.471 [FXGL Background Thread 2 ] DEBUG TilesetLoader        - Writing to buffer: dst=910,490, w=70,h=70, src=576,864
15:03:10.471 [FXGL Background Thread 2 ] DEBUG TilesetLoader        - Writing to buffer: dst=980,490, w=70,h=70, src=576,864
15:03:10.472 [FXGL Background Thread 2 ] DEBUG TilesetLoader        - Writing to buffer: dst=0,560, w=70,h=70, src=576,864
15:03:10.472 [FXGL Background Thread 2 ] DEBUG TilesetLoader        - Writing to buffer: dst=70,560, w=70,h=70, src=576,864
15:03:10.474 [FXGL Background Thread 2 ] DEBUG TilesetLoader        - Writing to buffer: dst=910,560, w=70,h=70, src=576,864
15:03:10.477 [FXGL Background Thread 2 ] DEBUG TilesetLoader        - Writing to buffer: dst=980,560, w=70,h=70, src=576,864
15:03:10.477 [FXGL Background Thread 2 ] DEBUG TilesetLoader        - Writing to buffer: dst=0,630, w=70,h=70, src=576,864
15:03:10.478 [FXGL Background Thread 2 ] DEBUG TilesetLoader        - Writing to buffer: dst=70,630, w=70,h=70, src=576,864
15:03:10.478 [FXGL Background Thread 2 ] DEBUG TilesetLoader        - Writing to buffer: dst=140,630, w=70,h=70, src=648,0
15:03:10.479 [FXGL Background Thread 2 ] DEBUG TilesetLoader        - Writing to buffer: dst=210,630, w=70,h=70, src=576,576
15:03:10.479 [FXGL Background Thread 2 ] DEBUG TilesetLoader        - Writing to buffer: dst=490,630, w=70,h=70, src=576,720
15:03:10.479 [FXGL Background Thread 2 ] DEBUG TilesetLoader        - Writing to buffer: dst=560,630, w=70,h=70, src=576,576
15:03:10.480 [FXGL Background Thread 2 ] DEBUG TilesetLoader        - Writing to buffer: dst=840,630, w=70,h=70, src=576,720
15:03:10.480 [FXGL Background Thread 2 ] DEBUG TilesetLoader        - Writing to buffer: dst=910,630, w=70,h=70, src=576,864
15:03:10.481 [FXGL Background Thread 2 ] DEBUG TilesetLoader        - Writing to buffer: dst=980,630, w=70,h=70, src=576,864
15:03:10.485 [FXGL Background Thread 2 ] DEBUG TMXLevelLoader       - Creating object layer entities
15:03:10.548 [FXGL Background Thread 2 ] DEBUG FXGLAssetLoaderServi - Loading from file system: file:/C:/Users/jfran/OneDrive%20-%20Hogeschool%20Leiden/IPOSE-Maven/target/classes/assets/textures/star.png
15:03:10.602 [FXGL Background Thread 2 ] DEBUG GameWorld            - Clearing removable entities
15:03:10.604 [FXGL Background Thread 2 ] DEBUG GameWorld            - Setting level: com.almasb.fxgl.entity.level.Level@1e0b516b
15:03:10.666 [FXGL Background Thread 2 ] DEBUG FXGLAssetLoaderServi - Loading from file system: file:/C:/Users/jfran/OneDrive%20-%20Hogeschool%20Leiden/IPOSE-Maven/target/classes/assets/textures/girl.png
15:03:10.700 [FXGL Background Thread 2 ] INFO  FXGLApplication      - Game initialization took: 0,651 sec
15:03:10.701 [JavaFX Application Thread] DEBUG Input                - Clearing active input actions
15:03:10.724 [JavaFX Application Thread] DEBUG GameApplicationServi - Removing overlay from FXGLLoadingScene and adding to GameScene
15:03:10.725 [JavaFX Application Thread] DEBUG PrimaryStageWindow   - FXGLLoadingScene -> GameScene
15:03:11.151 [FXGL Background Thread 3 ] DEBUG Engine               - Logging environment variables
15:03:11.152 [FXGL Background Thread 3 ] DEBUG Engine               - achievements: []
15:03:11.152 [FXGL Background Thread 3 ] DEBUG Engine               - actualHeight: 700.0
15:03:11.153 [FXGL Background Thread 3 ] DEBUG Engine               - actualHeightProperty: ReadOnlyDoubleProperty [value: 700.0]
15:03:11.154 [FXGL Background Thread 3 ] DEBUG Engine               - actualWidth: 1050.0
15:03:11.154 [FXGL Background Thread 3 ] DEBUG Engine               - actualWidthProperty: ReadOnlyDoubleProperty [value: 1050.0]
15:03:11.155 [FXGL Background Thread 3 ] DEBUG Engine               - appIcon: fxgl_icon.png
15:03:11.156 [FXGL Background Thread 3 ] DEBUG Engine               - applicationMode: DEVELOPER
15:03:11.156 [FXGL Background Thread 3 ] DEBUG Engine               - cSSList: [fxgl_dark.css]
15:03:11.157 [FXGL Background Thread 3 ] DEBUG Engine               - collisionDetectionStrategy: BRUTE_FORCE
15:03:11.160 [FXGL Background Thread 3 ] DEBUG Engine               - configClass: Optional.empty
15:03:11.163 [FXGL Background Thread 3 ] DEBUG Engine               - credits: []
15:03:11.164 [FXGL Background Thread 3 ] DEBUG Engine               - devBBoxColorProperty: ObjectProperty [value: 0xff0000ff]
15:03:11.165 [FXGL Background Thread 3 ] DEBUG Engine               - devEnableDebugCameraProperty: BooleanProperty [value: false]
15:03:11.166 [FXGL Background Thread 3 ] DEBUG Engine               - devSensorColorProperty: ObjectProperty [value: 0xffff00ff]
15:03:11.166 [FXGL Background Thread 3 ] DEBUG Engine               - devShowBBoxProperty: BooleanProperty [value: false]
15:03:11.167 [FXGL Background Thread 3 ] DEBUG Engine               - devShowPositionProperty: BooleanProperty [value: false]
15:03:11.167 [FXGL Background Thread 3 ] DEBUG Engine               - enabledMenuItems: []
15:03:11.167 [FXGL Background Thread 3 ] DEBUG Engine               - engineServices: [class com.almasb.fxgl.app.services.FXGLAssetLoaderService, class com.almasb.fxgl.app.FXGLApplication$GameApplicationService, class com.almasb.fxgl.app.services.FXGLDialogService, class com.almasb.fxgl.app.services.IOTaskExecutorService, class com.almasb.fxgl.event.EventBusService, class com.almasb.fxgl.io.FileSystemService, class com.almasb.fxgl.localization.LocalizationService, class com.almasb.fxgl.app.services.SystemBundleService, class com.almasb.fxgl.profile.SaveLoadService, class com.almasb.fxgl.ui.FXGLUIFactoryServiceProvider, class com.almasb.fxgl.ui.FXGLDialogFactoryServiceProvider, class com.almasb.fxgl.audio.AudioPlayer, class com.almasb.fxgl.notification.impl.NotificationServiceProvider, class com.almasb.fxgl.achievement.AchievementService, class com.almasb.fxgl.cutscene.CutsceneService, class com.almasb.fxgl.minigames.MiniGameService, class com.almasb.fxgl.net.NetService, class com.almasb.fxgl.app.services.UpdaterService, class com.almasb.fxgl.dev.DevService]
15:03:11.168 [FXGL Background Thread 3 ] DEBUG Engine               - fontGame: Abel-Regular.ttf
15:03:11.168 [FXGL Background Thread 3 ] DEBUG Engine               - fontMono: lucida_console.ttf
15:03:11.168 [FXGL Background Thread 3 ] DEBUG Engine               - fontText: Courier-Prime.ttf
15:03:11.169 [FXGL Background Thread 3 ] DEBUG Engine               - fontUI: VarelaRound-Regular.ttf
15:03:11.169 [FXGL Background Thread 3 ] DEBUG Engine               - fullScreen: BooleanProperty [value: false]
15:03:11.172 [FXGL Background Thread 3 ] DEBUG Engine               - gameDifficulty: MEDIUM
15:03:11.172 [FXGL Background Thread 3 ] DEBUG Engine               - gameDifficultyProperty: ObjectProperty [value: MEDIUM]
15:03:11.172 [FXGL Background Thread 3 ] DEBUG Engine               - globalMusicVolume: 0.5
15:03:11.173 [FXGL Background Thread 3 ] DEBUG Engine               - globalMusicVolumeProperty: DoubleProperty [value: 0.5]
15:03:11.176 [FXGL Background Thread 3 ] DEBUG Engine               - globalSoundVolume: 0.5
15:03:11.176 [FXGL Background Thread 3 ] DEBUG Engine               - globalSoundVolumeProperty: DoubleProperty [value: 0.5]
15:03:11.178 [FXGL Background Thread 3 ] DEBUG Engine               - height: 700
15:03:11.179 [FXGL Background Thread 3 ] DEBUG Engine               - isAndroid: false
15:03:11.179 [FXGL Background Thread 3 ] DEBUG Engine               - isBrowser: false
15:03:11.179 [FXGL Background Thread 3 ] DEBUG Engine               - isClickFeedbackEnabled: false
15:03:11.180 [FXGL Background Thread 3 ] DEBUG Engine               - isCloseConfirmation: false
15:03:11.180 [FXGL Background Thread 3 ] DEBUG Engine               - isDesktop: true
15:03:11.181 [FXGL Background Thread 3 ] DEBUG Engine               - isDeveloperMenuEnabled: false
15:03:11.181 [FXGL Background Thread 3 ] DEBUG Engine               - isEntityPreloadEnabled: true
15:03:11.181 [FXGL Background Thread 3 ] DEBUG Engine               - isExperimental3D: false
15:03:11.181 [FXGL Background Thread 3 ] DEBUG Engine               - isExperimentalNative: false
15:03:11.182 [FXGL Background Thread 3 ] DEBUG Engine               - isExperimentalTiledLargeMap: false
15:03:11.182 [FXGL Background Thread 3 ] DEBUG Engine               - isFileSystemWriteAllowed: true
15:03:11.183 [FXGL Background Thread 3 ] DEBUG Engine               - isFullScreenAllowed: false
15:03:11.186 [FXGL Background Thread 3 ] DEBUG Engine               - isFullScreenFromStart: false
15:03:11.187 [FXGL Background Thread 3 ] DEBUG Engine               - isGameMenuEnabled: true
15:03:11.188 [FXGL Background Thread 3 ] DEBUG Engine               - isIOS: false
15:03:11.188 [FXGL Background Thread 3 ] DEBUG Engine               - isIntroEnabled: false
15:03:11.189 [FXGL Background Thread 3 ] DEBUG Engine               - isLinux: false
15:03:11.189 [FXGL Background Thread 3 ] DEBUG Engine               - isMac: false
15:03:11.189 [FXGL Background Thread 3 ] DEBUG Engine               - isMainMenuEnabled: true
15:03:11.190 [FXGL Background Thread 3 ] DEBUG Engine               - isManualResizeEnabled: false
15:03:11.190 [FXGL Background Thread 3 ] DEBUG Engine               - isMobile: false
15:03:11.190 [FXGL Background Thread 3 ] DEBUG Engine               - isPreserveResizeRatio: false
15:03:11.190 [FXGL Background Thread 3 ] DEBUG Engine               - isProfilingEnabled: false
15:03:11.193 [FXGL Background Thread 3 ] DEBUG Engine               - isScaleAffectedOnResize: true
15:03:11.197 [FXGL Background Thread 3 ] DEBUG Engine               - isSingleStep: false
15:03:11.197 [FXGL Background Thread 3 ] DEBUG Engine               - isUserProfileEnabled: false
15:03:11.198 [FXGL Background Thread 3 ] DEBUG Engine               - isWindows: true
15:03:11.198 [FXGL Background Thread 3 ] DEBUG Engine               - language: ObjectProperty [value: ENGLISH]
15:03:11.198 [FXGL Background Thread 3 ] DEBUG Engine               - menuKey: ESCAPE
15:03:11.200 [FXGL Background Thread 3 ] DEBUG Engine               - notificationViewClass: class com.almasb.fxgl.notification.view.XboxNotificationView
15:03:11.200 [FXGL Background Thread 3 ] DEBUG Engine               - pixelsPerMeter: 50.0
15:03:11.201 [FXGL Background Thread 3 ] DEBUG Engine               - platform: WINDOWS
15:03:11.201 [FXGL Background Thread 3 ] DEBUG Engine               - prefHeightProperty: ReadOnlyDoubleProperty [value: 700.0]
15:03:11.202 [FXGL Background Thread 3 ] DEBUG Engine               - prefWidthProperty: ReadOnlyDoubleProperty [value: 1050.0]
15:03:11.204 [FXGL Background Thread 3 ] DEBUG Engine               - profileDir: profiles/
15:03:11.204 [FXGL Background Thread 3 ] DEBUG Engine               - profileName: StringProperty [value: DEFAULT]
15:03:11.204 [FXGL Background Thread 3 ] DEBUG Engine               - randomSeed: -1
15:03:11.205 [FXGL Background Thread 3 ] DEBUG Engine               - runtimeInfo: RuntimeInfo(platform=WINDOWS, version=11.14, build=01.03.2021 16.59)
15:03:11.205 [FXGL Background Thread 3 ] DEBUG Engine               - saveFileExt: sav
15:03:11.205 [FXGL Background Thread 3 ] DEBUG Engine               - scaledHeightProp$fxgl: DoubleProperty [bound, value: 700.0]
15:03:11.206 [FXGL Background Thread 3 ] DEBUG Engine               - scaledWidthProp$fxgl: DoubleProperty [bound, value: 1050.0]
15:03:11.206 [FXGL Background Thread 3 ] DEBUG Engine               - sceneFactory: com.almasb.fxgl.app.scene.SceneFactory@60e2d6ae
15:03:11.210 [FXGL Background Thread 3 ] DEBUG Engine               - secondsIn24h: 60
15:03:11.213 [FXGL Background Thread 3 ] DEBUG Engine               - soundMenuBack: menu/back.wav
15:03:11.214 [FXGL Background Thread 3 ] DEBUG Engine               - soundMenuPress: menu/press.wav
15:03:11.214 [FXGL Background Thread 3 ] DEBUG Engine               - soundMenuSelect: menu/select.wav
15:03:11.215 [FXGL Background Thread 3 ] DEBUG Engine               - soundNotification: core/notification.wav
15:03:11.215 [FXGL Background Thread 3 ] DEBUG Engine               - stageStyle: DECORATED
15:03:11.215 [FXGL Background Thread 3 ] DEBUG Engine               - supportedLanguages: [ENGLISH, FRENCH, GERMAN, HUNGARIAN, RUSSIAN]
15:03:11.216 [FXGL Background Thread 3 ] DEBUG Engine               - ticksPerSecond: -1
15:03:11.216 [FXGL Background Thread 3 ] DEBUG Engine               - title: Demo game
15:03:11.216 [FXGL Background Thread 3 ] DEBUG Engine               - urlGithub: https://github.com/AlmasB/FXGL
15:03:11.217 [FXGL Background Thread 3 ] DEBUG Engine               - urlLeaderboard: http://fxgl-top.herokuapp.com/
15:03:11.217 [FXGL Background Thread 3 ] DEBUG Engine               - urlPOM: https://raw.githubusercontent.com/AlmasB/FXGL/release/README.md
15:03:11.217 [FXGL Background Thread 3 ] DEBUG Engine               - userAppClass: class Game
15:03:11.217 [FXGL Background Thread 3 ] DEBUG Engine               - version: 1.2
15:03:11.218 [FXGL Background Thread 3 ] DEBUG Engine               - versionCheckDays: 7
15:03:11.219 [FXGL Background Thread 3 ] DEBUG Engine               - width: 1050
15:03:11.220 [FXGL Background Thread 3 ] DEBUG Engine               - Logging services
15:03:11.220 [FXGL Background Thread 3 ] DEBUG Engine               - class com.almasb.fxgl.app.services.FXGLAssetLoaderService
15:03:11.220 [FXGL Background Thread 3 ] DEBUG Engine               - class com.almasb.fxgl.app.FXGLApplication$GameApplicationService
15:03:11.220 [FXGL Background Thread 3 ] DEBUG Engine               - class com.almasb.fxgl.app.services.FXGLDialogService
15:03:11.221 [FXGL Background Thread 3 ] DEBUG Engine               - class com.almasb.fxgl.app.services.IOTaskExecutorService
15:03:11.221 [FXGL Background Thread 3 ] DEBUG Engine               - class com.almasb.fxgl.event.EventBusService
15:03:11.221 [FXGL Background Thread 3 ] DEBUG Engine               - class com.almasb.fxgl.io.FileSystemService
15:03:11.222 [FXGL Background Thread 3 ] DEBUG Engine               - class com.almasb.fxgl.localization.LocalizationService
15:03:11.222 [FXGL Background Thread 3 ] DEBUG Engine               - class com.almasb.fxgl.app.services.SystemBundleService
15:03:11.222 [FXGL Background Thread 3 ] DEBUG Engine               - class com.almasb.fxgl.profile.SaveLoadService
15:03:11.223 [FXGL Background Thread 3 ] DEBUG Engine               - class com.almasb.fxgl.ui.FXGLUIFactoryServiceProvider
15:03:11.223 [FXGL Background Thread 3 ] DEBUG Engine               - class com.almasb.fxgl.ui.FXGLDialogFactoryServiceProvider
15:03:11.223 [FXGL Background Thread 3 ] DEBUG Engine               - class com.almasb.fxgl.audio.AudioPlayer
15:03:11.223 [FXGL Background Thread 3 ] DEBUG Engine               - class com.almasb.fxgl.notification.impl.NotificationServiceProvider
15:03:11.224 [FXGL Background Thread 3 ] DEBUG Engine               - class com.almasb.fxgl.achievement.AchievementService
15:03:11.226 [FXGL Background Thread 3 ] DEBUG Engine               - class com.almasb.fxgl.cutscene.CutsceneService
15:03:11.228 [FXGL Background Thread 3 ] DEBUG Engine               - class com.almasb.fxgl.minigames.MiniGameService
15:03:11.230 [FXGL Background Thread 3 ] DEBUG Engine               - class com.almasb.fxgl.net.NetService
15:03:11.231 [FXGL Background Thread 3 ] DEBUG Engine               - class com.almasb.fxgl.app.services.UpdaterService
15:03:11.231 [FXGL Background Thread 3 ] DEBUG Engine               - class com.almasb.fxgl.dev.DevService
15:03:12.462 [JavaFX Application Thread] DEBUG FXGLApplication      - Exiting FXGL
15:03:12.463 [JavaFX Application Thread] DEBUG LoopRunner           - Stopping loop
15:03:12.463 [JavaFX Application Thread] DEBUG SystemBundleService  - Saving FXGL system data
15:03:12.468 [JavaFX Application Thread] DEBUG FileSystemAccess     - Writing to: C:\Users\jfran\OneDrive - Hogeschool Leiden\IPOSE-Maven\system\fxgl.bundle
15:03:12.472 [JavaFX Application Thread] DEBUG Async                - Shutting down background threads
15:03:12.473 [JavaFX Application Thread] DEBUG PrimaryStageWindow   - Closing main window
15:03:12.489 [JavaFX Application Thread] DEBUG Logger               - Closing Logger
