00:40:11.501 [main                     ] DEBUG Logger               - Configured Logger
00:40:11.517 [main                     ] DEBUG GameApplication      - Logging settings
Title: Demo game
Version: 1.0
Width: 800
Height: 800
Fullscreen: false
Intro: false
Profiling: false
Single step:false
App Mode: DEVELOPER
Menu Key: ESCAPE
Stage Style: DECORATED
Scene Factory: class com.almasb.fxgl.app.scene.SceneFactory

00:40:12.129 [JavaFX Application Thread] DEBUG FXGLApplication      - Initializing FXGL
00:40:12.131 [JavaFX Application Thread] INFO  Engine               - FXGL-11.14 (01.03.2021 16.59) on WINDOWS (J:15.0.2 FX:15)
00:40:12.132 [JavaFX Application Thread] DEBUG Engine               - JRE Vendor Name: Amazon.com Inc.
00:40:12.132 [JavaFX Application Thread] DEBUG Engine               - Running on OS: Windows 10 version 10.0
00:40:12.132 [JavaFX Application Thread] DEBUG Engine               - Architecture: amd64
00:40:12.132 [JavaFX Application Thread] INFO  Engine               - Source code and latest versions at: https://github.com/AlmasB/FXGL
00:40:12.133 [JavaFX Application Thread] INFO  Engine               -              Join the FXGL chat at: https://gitter.im/AlmasB/FXGL
00:40:12.297 [JavaFX Application Thread] DEBUG PrimaryStageWindow   - Creating a JavaFX scene
00:40:12.361 [JavaFX Application Thread] DEBUG PrimaryStageWindow   - Target settings size: 800.0 x 800.0
00:40:12.361 [JavaFX Application Thread] DEBUG PrimaryStageWindow   - Scaled scene size:    800.0 x 800.0
00:40:12.361 [JavaFX Application Thread] DEBUG PrimaryStageWindow   - Scaled ratio: (1.0, 1.0)
00:40:12.362 [JavaFX Application Thread] DEBUG PrimaryStageWindow   - Set initial scene to FXGLStartupScene
00:40:12.370 [JavaFX Application Thread] DEBUG PrimaryStageWindow   - Opening main window
00:40:12.504 [JavaFX Application Thread] DEBUG PrimaryStageWindow   - Window border size: (14.4000244140625, 37.5999755859375)
00:40:12.505 [JavaFX Application Thread] DEBUG PrimaryStageWindow   - Scaled size: 800.0 x 800.0
00:40:12.505 [JavaFX Application Thread] DEBUG PrimaryStageWindow   - Scaled ratio: (1.0, 1.0)
00:40:12.505 [JavaFX Application Thread] DEBUG PrimaryStageWindow   - Scene size: 800.0 x 800.0
00:40:12.505 [JavaFX Application Thread] DEBUG PrimaryStageWindow   - Stage size: 814.4000244140625 x 837.5999755859375
00:40:12.561 [FXGL Background Thread 1 ] DEBUG Engine               - Initializing environment variables
00:40:12.589 [FXGL Background Thread 1 ] DEBUG FXGLAssetLoaderServi - User app class for loading assets: class Game
00:40:12.589 [FXGL Background Thread 1 ] DEBUG GameApplicationServi - Applying CSS: fxgl_dark.css
00:40:12.590 [FXGL Background Thread 1 ] DEBUG FXGLAssetLoaderServi - Loading from file system: jar:file:/C:/Users/Eigenaar/.m2/repository/com/github/almasb/fxgl/11.14/fxgl-11.14.jar!/fxglassets/ui/css/fxgl_dark.css
00:40:12.632 [FXGL Background Thread 1 ] DEBUG GameApplicationServi - Initializing application scenes
00:40:12.689 [FXGL Background Thread 1 ] DEBUG GameWorld            - Game world initialized
00:40:12.742 [FXGL Background Thread 1 ] DEBUG PhysicsWorld         - Physics world initialized: appHeight=800, physics.ppm=50,0
00:40:12.743 [FXGL Background Thread 1 ] DEBUG PhysicsWorld         - Using strategy: BRUTE_FORCE
00:40:12.745 [FXGL Background Thread 1 ] DEBUG GameScene            - Game scene initialized: 800x800
00:40:12.783 [FXGL Background Thread 1 ] DEBUG FXGLAssetLoaderServi - Loading from file system: jar:file:/C:/Users/Eigenaar/.m2/repository/com/github/almasb/fxgl/11.14/fxgl-11.14.jar!/fxglassets/textures/particles/trace_horizontal.png
00:40:12.834 [FXGL Background Thread 1 ] DEBUG FXGL.DefaultMenu     - createMenuBodyGameMenu()
00:40:12.851 [FXGL Background Thread 1 ] DEBUG FXGL.DefaultMenu     - createOptionsMenu()
00:40:12.858 [FXGL Background Thread 1 ] DEBUG FXGLAssetLoaderServi - Loading from file system: jar:file:/C:/Users/Eigenaar/.m2/repository/com/github/almasb/fxgl/11.14/fxgl-11.14.jar!/fxglassets/textures/particles/smoke.png
00:40:12.912 [FXGL Background Thread 1 ] DEBUG GameApplicationServi - Application scenes initialized
00:40:12.923 [FXGL Background Thread 1 ] DEBUG SystemBundleService  - Loading FXGL system data
00:40:12.927 [FXGL Background Thread 1 ] DEBUG FileSystemAccess     - Reading from: C:\Users\Eigenaar\OneDrive - Hogeschool Leiden\IPOSE-Maven\system\fxgl.bundle
00:40:12.933 [FXGL Background Thread 1 ] DEBUG SystemBundleService  - Bundle FXGL: {}
00:40:12.933 [FXGL Background Thread 1 ] DEBUG UpdaterService       - Checking for updates
00:40:12.939 [FXGL Background Thread 1 ] DEBUG FXGLApplication      - Loading default localization
00:40:12.945 [FXGL Background Thread 4 ] DEBUG FXGLApplication      - Loading fonts
00:40:12.946 [FXGL Background Thread 4 ] DEBUG FXGLAssetLoaderServi - Loading from file system: jar:file:/C:/Users/Eigenaar/.m2/repository/com/github/almasb/fxgl/11.14/fxgl-11.14.jar!/fxglassets/ui/fonts/VarelaRound-Regular.ttf
00:40:12.940 [FXGL Background Thread 1 ] DEBUG FXGLAssetLoaderServi - Loading from file system: jar:file:/C:/Users/Eigenaar/.m2/repository/com/github/almasb/fxgl/11.14/fxgl-11.14.jar!/fxglassets/languages/english.lang
00:40:12.979 [FXGL Background Thread 1 ] INFO  FXGLApplication      - FXGL initialization took: 0,418 sec
00:40:12.990 [JavaFX Application Thread] DEBUG Input                - Registered new binding: action0 - D
00:40:12.990 [JavaFX Application Thread] DEBUG Input                - Registered new binding: action1 - A
00:40:12.991 [JavaFX Application Thread] DEBUG Input                - Registered new binding: action2 - W
00:40:12.991 [JavaFX Application Thread] DEBUG Input                - Registered new binding: action3 - S
00:40:12.992 [JavaFX Application Thread] DEBUG FXGLAssetLoaderServi - Loading from file system: jar:file:/C:/Users/Eigenaar/.m2/repository/com/github/almasb/fxgl/11.14/fxgl-11.14.jar!/fxglassets/textures/fxgl_icon.png
00:40:13.009 [JavaFX Application Thread] DEBUG FXGLAssetLoaderServi - Loading from file system: jar:file:/C:/Users/Eigenaar/.m2/repository/com/github/almasb/fxgl/11.14/fxgl-11.14.jar!/fxglassets/ui/cursors/fxgl_default.png
00:40:13.011 [JavaFX Application Thread] DEBUG Input                - Registered new binding: Screenshot - P
00:40:13.012 [JavaFX Application Thread] DEBUG Input                - Registered new binding: System info dump - CTRL+9
00:40:13.012 [JavaFX Application Thread] DEBUG Input                - Registered new binding: Restart - CTRL+R
00:40:13.044 [JavaFX Application Thread] DEBUG Input                - Registered new binding: Toggle Debug Camera - CTRL+C
00:40:13.049 [JavaFX Application Thread] DEBUG LoopRunner           - Starting loop
00:40:13.049 [JavaFX Application Thread] DEBUG LoopRunner           - Initializing JavaFX AnimationTimerLoop
00:40:13.051 [JavaFX Application Thread] DEBUG GameApplicationServi - Starting new game
00:40:13.051 [JavaFX Application Thread] DEBUG Input                - Clearing active input actions
00:40:13.063 [JavaFX Application Thread] DEBUG GameApplicationServi - Removing overlay from FXGLStartupScene and adding to FXGLLoadingScene
00:40:13.063 [JavaFX Application Thread] DEBUG PrimaryStageWindow   - FXGLStartupScene -> FXGLLoadingScene
00:40:13.063 [JavaFX Application Thread] DEBUG GameApplicationServi - Clearing previous game
00:40:13.063 [JavaFX Application Thread] DEBUG GameScene            - Clearing game scene
00:40:13.064 [JavaFX Application Thread] DEBUG GameWorld            - Clearing game world
00:40:13.064 [JavaFX Application Thread] DEBUG PhysicsWorld         - Clearing physics world
00:40:13.065 [FXGL Background Thread 1 ] DEBUG FXGLApplication      - Initializing game
00:40:13.098 [FXGL Background Thread 1 ] WARN  FXGLAssetLoaderServi - Asset "/assets/levels/levels/tmx/castle.tmx" was not found!
00:40:13.118 [JavaFX Application Thread] DEBUG LoopRunner           - Stopping loop
00:40:13.119 [JavaFX Application Thread] FATAL FXGLApplication      - Uncaught Exception:
java.lang.RuntimeException: Initialization failed
	at com.almasb.fxgl.app.FXGLApplication$InitAppTask.failed(FXGLApplication.kt:376)
	at javafx.concurrent.Task.setState(Task.java:710)
	at javafx.concurrent.Task$TaskCallable.lambda$call$2(Task.java:1455)
	at com.sun.javafx.application.PlatformImpl.lambda$runLater$10(PlatformImpl.java:428)
	at java.base/java.security.AccessController.doPrivileged(AccessController.java:391)
	at com.sun.javafx.application.PlatformImpl.lambda$runLater$11(PlatformImpl.java:427)
	at com.sun.glass.ui.InvokeLaterDispatcher$Future.run(InvokeLaterDispatcher.java:96)
	at com.sun.glass.ui.win.WinApplication._runLoop(Native Method)
	at com.sun.glass.ui.win.WinApplication.lambda$runLoop$3(WinApplication.java:174)
	at java.base/java.lang.Thread.run(Thread.java:832)
Caused by: java.lang.IllegalArgumentException: Loading level failed. Asset not found: levels/tmx/castle.tmx
	at com.almasb.fxgl.app.services.FXGLAssetLoaderService.loadLevel(FXGLAssetLoaderService.kt:439)
	at com.almasb.fxgl.dsl.FXGL$Companion.setLevelFromMap(FXGL.kt:532)
	at com.almasb.fxgl.dsl.FXGL.setLevelFromMap(FXGL.kt)
	at Game.setLevel(Game.java:86)
	at Game.initGame(Game.java:46)
	at com.almasb.fxgl.app.FXGLApplication$InitAppTask.initGame(FXGLApplication.kt:372)
	at com.almasb.fxgl.app.FXGLApplication$InitAppTask.call(FXGLApplication.kt:352)
	at com.almasb.fxgl.app.FXGLApplication$InitAppTask.call(FXGLApplication.kt:344)
	at javafx.concurrent.Task$TaskCallable.call(Task.java:1425)
	at java.base/java.util.concurrent.FutureTask.run(FutureTask.java:264)
	at java.base/java.util.concurrent.Executors$RunnableAdapter.call(Executors.java:515)
	at java.base/java.util.concurrent.FutureTask.run(FutureTask.java:264)
	at java.base/java.util.concurrent.ThreadPoolExecutor.runWorker(ThreadPoolExecutor.java:1130)
	at java.base/java.util.concurrent.ThreadPoolExecutor$Worker.run(ThreadPoolExecutor.java:630)
	... 1 more

00:40:13.119 [JavaFX Application Thread] FATAL FXGLApplication      - Application will now exit
00:40:13.133 [JavaFX Application Thread] DEBUG PrimaryStageWindow   - Push state: ErrorSubScene
00:40:13.134 [JavaFX Application Thread] DEBUG Input                - Clearing active input actions
00:40:13.140 [JavaFX Application Thread] DEBUG GameApplicationServi - Removing overlay from FXGLLoadingScene and adding to ErrorSubScene
00:40:13.140 [JavaFX Application Thread] DEBUG PrimaryStageWindow   - FXGLLoadingScene -> ErrorSubScene
00:40:13.579 [FXGL Background Thread 4 ] DEBUG FXGLAssetLoaderServi - Loading from file system: jar:file:/C:/Users/Eigenaar/.m2/repository/com/github/almasb/fxgl/11.14/fxgl-11.14.jar!/fxglassets/ui/fonts/Abel-Regular.ttf
00:40:13.588 [FXGL Background Thread 4 ] DEBUG FXGLAssetLoaderServi - Loading from file system: jar:file:/C:/Users/Eigenaar/.m2/repository/com/github/almasb/fxgl/11.14/fxgl-11.14.jar!/fxglassets/ui/fonts/lucida_console.ttf
00:40:13.601 [FXGL Background Thread 4 ] DEBUG FXGLAssetLoaderServi - Loading from file system: jar:file:/C:/Users/Eigenaar/.m2/repository/com/github/almasb/fxgl/11.14/fxgl-11.14.jar!/fxglassets/ui/fonts/Courier-Prime.ttf
00:40:13.612 [JavaFX Application Thread] DEBUG FXGLApplication      - Registering font factories with UI factory
00:40:13.753 [FXGL Background Thread 2 ] INFO  UpdaterService       - Your current version:  11.14
00:40:13.754 [FXGL Background Thread 2 ] INFO  UpdaterService       - Latest stable version: 17.1
00:40:15.938 [FXGL Background Thread 3 ] DEBUG Engine               - Logging environment variables
00:40:15.939 [FXGL Background Thread 3 ] DEBUG Engine               - achievements: []
00:40:15.939 [FXGL Background Thread 3 ] DEBUG Engine               - actualHeight: 800.0
00:40:15.939 [FXGL Background Thread 3 ] DEBUG Engine               - actualHeightProperty: ReadOnlyDoubleProperty [value: 800.0]
00:40:15.939 [FXGL Background Thread 3 ] DEBUG Engine               - actualWidth: 800.0
00:40:15.939 [FXGL Background Thread 3 ] DEBUG Engine               - actualWidthProperty: ReadOnlyDoubleProperty [value: 800.0]
00:40:15.939 [FXGL Background Thread 3 ] DEBUG Engine               - appIcon: fxgl_icon.png
00:40:15.940 [FXGL Background Thread 3 ] DEBUG Engine               - applicationMode: DEVELOPER
00:40:15.940 [FXGL Background Thread 3 ] DEBUG Engine               - cSSList: [fxgl_dark.css]
00:40:15.940 [FXGL Background Thread 3 ] DEBUG Engine               - collisionDetectionStrategy: BRUTE_FORCE
00:40:15.940 [FXGL Background Thread 3 ] DEBUG Engine               - configClass: Optional.empty
00:40:15.940 [FXGL Background Thread 3 ] DEBUG Engine               - credits: []
00:40:15.941 [FXGL Background Thread 3 ] DEBUG Engine               - devBBoxColorProperty: ObjectProperty [value: 0xff0000ff]
00:40:15.941 [FXGL Background Thread 3 ] DEBUG Engine               - devEnableDebugCameraProperty: BooleanProperty [value: false]
00:40:15.941 [FXGL Background Thread 3 ] DEBUG Engine               - devSensorColorProperty: ObjectProperty [value: 0xffff00ff]
00:40:15.942 [FXGL Background Thread 3 ] DEBUG Engine               - devShowBBoxProperty: BooleanProperty [value: false]
00:40:15.942 [FXGL Background Thread 3 ] DEBUG Engine               - devShowPositionProperty: BooleanProperty [value: false]
00:40:15.942 [FXGL Background Thread 3 ] DEBUG Engine               - enabledMenuItems: []
00:40:15.942 [FXGL Background Thread 3 ] DEBUG Engine               - engineServices: [class com.almasb.fxgl.app.services.FXGLAssetLoaderService, class com.almasb.fxgl.app.FXGLApplication$GameApplicationService, class com.almasb.fxgl.app.services.FXGLDialogService, class com.almasb.fxgl.app.services.IOTaskExecutorService, class com.almasb.fxgl.event.EventBusService, class com.almasb.fxgl.io.FileSystemService, class com.almasb.fxgl.localization.LocalizationService, class com.almasb.fxgl.app.services.SystemBundleService, class com.almasb.fxgl.profile.SaveLoadService, class com.almasb.fxgl.ui.FXGLUIFactoryServiceProvider, class com.almasb.fxgl.ui.FXGLDialogFactoryServiceProvider, class com.almasb.fxgl.audio.AudioPlayer, class com.almasb.fxgl.notification.impl.NotificationServiceProvider, class com.almasb.fxgl.achievement.AchievementService, class com.almasb.fxgl.cutscene.CutsceneService, class com.almasb.fxgl.minigames.MiniGameService, class com.almasb.fxgl.net.NetService, class com.almasb.fxgl.app.services.UpdaterService, class com.almasb.fxgl.dev.DevService]
00:40:15.943 [FXGL Background Thread 3 ] DEBUG Engine               - fontGame: Abel-Regular.ttf
00:40:15.943 [FXGL Background Thread 3 ] DEBUG Engine               - fontMono: lucida_console.ttf
00:40:15.944 [FXGL Background Thread 3 ] DEBUG Engine               - fontText: Courier-Prime.ttf
00:40:15.944 [FXGL Background Thread 3 ] DEBUG Engine               - fontUI: VarelaRound-Regular.ttf
00:40:15.944 [FXGL Background Thread 3 ] DEBUG Engine               - fullScreen: BooleanProperty [value: false]
00:40:15.944 [FXGL Background Thread 3 ] DEBUG Engine               - gameDifficulty: MEDIUM
00:40:15.944 [FXGL Background Thread 3 ] DEBUG Engine               - gameDifficultyProperty: ObjectProperty [value: MEDIUM]
00:40:15.944 [FXGL Background Thread 3 ] DEBUG Engine               - globalMusicVolume: 0.5
00:40:15.945 [FXGL Background Thread 3 ] DEBUG Engine               - globalMusicVolumeProperty: DoubleProperty [value: 0.5]
00:40:15.945 [FXGL Background Thread 3 ] DEBUG Engine               - globalSoundVolume: 0.5
00:40:15.945 [FXGL Background Thread 3 ] DEBUG Engine               - globalSoundVolumeProperty: DoubleProperty [value: 0.5]
00:40:15.945 [FXGL Background Thread 3 ] DEBUG Engine               - height: 800
00:40:15.945 [FXGL Background Thread 3 ] DEBUG Engine               - isAndroid: false
00:40:15.945 [FXGL Background Thread 3 ] DEBUG Engine               - isBrowser: false
00:40:15.946 [FXGL Background Thread 3 ] DEBUG Engine               - isClickFeedbackEnabled: false
00:40:15.946 [FXGL Background Thread 3 ] DEBUG Engine               - isCloseConfirmation: false
00:40:15.946 [FXGL Background Thread 3 ] DEBUG Engine               - isDesktop: true
00:40:15.946 [FXGL Background Thread 3 ] DEBUG Engine               - isDeveloperMenuEnabled: false
00:40:15.946 [FXGL Background Thread 3 ] DEBUG Engine               - isEntityPreloadEnabled: true
00:40:15.946 [FXGL Background Thread 3 ] DEBUG Engine               - isExperimental3D: false
00:40:15.946 [FXGL Background Thread 3 ] DEBUG Engine               - isExperimentalNative: false
00:40:15.947 [FXGL Background Thread 3 ] DEBUG Engine               - isExperimentalTiledLargeMap: false
00:40:15.947 [FXGL Background Thread 3 ] DEBUG Engine               - isFileSystemWriteAllowed: true
00:40:15.947 [FXGL Background Thread 3 ] DEBUG Engine               - isFullScreenAllowed: false
00:40:15.947 [FXGL Background Thread 3 ] DEBUG Engine               - isFullScreenFromStart: false
00:40:15.947 [FXGL Background Thread 3 ] DEBUG Engine               - isGameMenuEnabled: true
00:40:15.947 [FXGL Background Thread 3 ] DEBUG Engine               - isIOS: false
00:40:15.947 [FXGL Background Thread 3 ] DEBUG Engine               - isIntroEnabled: false
00:40:15.948 [FXGL Background Thread 3 ] DEBUG Engine               - isLinux: false
00:40:15.948 [FXGL Background Thread 3 ] DEBUG Engine               - isMac: false
00:40:15.948 [FXGL Background Thread 3 ] DEBUG Engine               - isMainMenuEnabled: false
00:40:15.948 [FXGL Background Thread 3 ] DEBUG Engine               - isManualResizeEnabled: false
00:40:15.948 [FXGL Background Thread 3 ] DEBUG Engine               - isMobile: false
00:40:15.948 [FXGL Background Thread 3 ] DEBUG Engine               - isPreserveResizeRatio: false
00:40:15.948 [FXGL Background Thread 3 ] DEBUG Engine               - isProfilingEnabled: false
00:40:15.949 [FXGL Background Thread 3 ] DEBUG Engine               - isScaleAffectedOnResize: true
00:40:15.949 [FXGL Background Thread 3 ] DEBUG Engine               - isSingleStep: false
00:40:15.949 [FXGL Background Thread 3 ] DEBUG Engine               - isUserProfileEnabled: false
00:40:15.949 [FXGL Background Thread 3 ] DEBUG Engine               - isWindows: true
00:40:15.949 [FXGL Background Thread 3 ] DEBUG Engine               - language: ObjectProperty [value: ENGLISH]
00:40:15.949 [FXGL Background Thread 3 ] DEBUG Engine               - menuKey: ESCAPE
00:40:15.949 [FXGL Background Thread 3 ] DEBUG Engine               - notificationViewClass: class com.almasb.fxgl.notification.view.XboxNotificationView
00:40:15.949 [FXGL Background Thread 3 ] DEBUG Engine               - pixelsPerMeter: 50.0
00:40:15.950 [FXGL Background Thread 3 ] DEBUG Engine               - platform: WINDOWS
00:40:15.950 [FXGL Background Thread 3 ] DEBUG Engine               - prefHeightProperty: ReadOnlyDoubleProperty [value: 800.0]
00:40:15.950 [FXGL Background Thread 3 ] DEBUG Engine               - prefWidthProperty: ReadOnlyDoubleProperty [value: 800.0]
00:40:15.950 [FXGL Background Thread 3 ] DEBUG Engine               - profileDir: profiles/
00:40:15.950 [FXGL Background Thread 3 ] DEBUG Engine               - profileName: StringProperty [value: DEFAULT]
00:40:15.950 [FXGL Background Thread 3 ] DEBUG Engine               - randomSeed: -1
00:40:15.950 [FXGL Background Thread 3 ] DEBUG Engine               - runtimeInfo: RuntimeInfo(platform=WINDOWS, version=11.14, build=01.03.2021 16.59)
00:40:15.950 [FXGL Background Thread 3 ] DEBUG Engine               - saveFileExt: sav
00:40:15.950 [FXGL Background Thread 3 ] DEBUG Engine               - scaledHeightProp$fxgl: DoubleProperty [bound, value: 800.0]
00:40:15.951 [FXGL Background Thread 3 ] DEBUG Engine               - scaledWidthProp$fxgl: DoubleProperty [bound, value: 800.0]
00:40:15.951 [FXGL Background Thread 3 ] DEBUG Engine               - sceneFactory: com.almasb.fxgl.app.scene.SceneFactory@3c300946
00:40:15.951 [FXGL Background Thread 3 ] DEBUG Engine               - secondsIn24h: 60
00:40:15.951 [FXGL Background Thread 3 ] DEBUG Engine               - soundMenuBack: menu/back.wav
00:40:15.951 [FXGL Background Thread 3 ] DEBUG Engine               - soundMenuPress: menu/press.wav
00:40:15.951 [FXGL Background Thread 3 ] DEBUG Engine               - soundMenuSelect: menu/select.wav
00:40:15.951 [FXGL Background Thread 3 ] DEBUG Engine               - soundNotification: core/notification.wav
00:40:15.951 [FXGL Background Thread 3 ] DEBUG Engine               - stageStyle: DECORATED
00:40:15.952 [FXGL Background Thread 3 ] DEBUG Engine               - supportedLanguages: [ENGLISH, FRENCH, GERMAN, HUNGARIAN, RUSSIAN]
00:40:15.952 [FXGL Background Thread 3 ] DEBUG Engine               - ticksPerSecond: -1
00:40:15.952 [FXGL Background Thread 3 ] DEBUG Engine               - title: Demo game
00:40:15.952 [FXGL Background Thread 3 ] DEBUG Engine               - urlGithub: https://github.com/AlmasB/FXGL
00:40:15.952 [FXGL Background Thread 3 ] DEBUG Engine               - urlLeaderboard: http://fxgl-top.herokuapp.com/
00:40:15.952 [FXGL Background Thread 3 ] DEBUG Engine               - urlPOM: https://raw.githubusercontent.com/AlmasB/FXGL/release/README.md
00:40:15.952 [FXGL Background Thread 3 ] DEBUG Engine               - userAppClass: class Game
00:40:15.953 [FXGL Background Thread 3 ] DEBUG Engine               - version: 1.0
00:40:15.953 [FXGL Background Thread 3 ] DEBUG Engine               - versionCheckDays: 7
00:40:15.953 [FXGL Background Thread 3 ] DEBUG Engine               - width: 800
00:40:15.953 [FXGL Background Thread 3 ] DEBUG Engine               - Logging services
00:40:15.953 [FXGL Background Thread 3 ] DEBUG Engine               - class com.almasb.fxgl.app.services.FXGLAssetLoaderService
00:40:15.953 [FXGL Background Thread 3 ] DEBUG Engine               - class com.almasb.fxgl.app.FXGLApplication$GameApplicationService
00:40:15.953 [FXGL Background Thread 3 ] DEBUG Engine               - class com.almasb.fxgl.app.services.FXGLDialogService
00:40:15.954 [FXGL Background Thread 3 ] DEBUG Engine               - class com.almasb.fxgl.app.services.IOTaskExecutorService
00:40:15.954 [FXGL Background Thread 3 ] DEBUG Engine               - class com.almasb.fxgl.event.EventBusService
00:40:15.954 [FXGL Background Thread 3 ] DEBUG Engine               - class com.almasb.fxgl.io.FileSystemService
00:40:15.954 [FXGL Background Thread 3 ] DEBUG Engine               - class com.almasb.fxgl.localization.LocalizationService
00:40:15.954 [FXGL Background Thread 3 ] DEBUG Engine               - class com.almasb.fxgl.app.services.SystemBundleService
00:40:15.954 [FXGL Background Thread 3 ] DEBUG Engine               - class com.almasb.fxgl.profile.SaveLoadService
00:40:15.954 [FXGL Background Thread 3 ] DEBUG Engine               - class com.almasb.fxgl.ui.FXGLUIFactoryServiceProvider
00:40:15.954 [FXGL Background Thread 3 ] DEBUG Engine               - class com.almasb.fxgl.ui.FXGLDialogFactoryServiceProvider
00:40:15.955 [FXGL Background Thread 3 ] DEBUG Engine               - class com.almasb.fxgl.audio.AudioPlayer
00:40:15.955 [FXGL Background Thread 3 ] DEBUG Engine               - class com.almasb.fxgl.notification.impl.NotificationServiceProvider
00:40:15.955 [FXGL Background Thread 3 ] DEBUG Engine               - class com.almasb.fxgl.achievement.AchievementService
00:40:15.955 [FXGL Background Thread 3 ] DEBUG Engine               - class com.almasb.fxgl.cutscene.CutsceneService
00:40:15.955 [FXGL Background Thread 3 ] DEBUG Engine               - class com.almasb.fxgl.minigames.MiniGameService
00:40:15.955 [FXGL Background Thread 3 ] DEBUG Engine               - class com.almasb.fxgl.net.NetService
00:40:15.955 [FXGL Background Thread 3 ] DEBUG Engine               - class com.almasb.fxgl.app.services.UpdaterService
00:40:15.955 [FXGL Background Thread 3 ] DEBUG Engine               - class com.almasb.fxgl.dev.DevService
00:40:17.420 [JavaFX Application Thread] DEBUG FXGLApplication      - Exiting FXGL
00:40:17.421 [JavaFX Application Thread] DEBUG Async                - Shutting down background threads
00:40:17.421 [JavaFX Application Thread] DEBUG PrimaryStageWindow   - Closing main window
00:40:17.438 [JavaFX Application Thread] DEBUG Logger               - Closing Logger
