19:17:19.598 [main                     ] DEBUG Logger               - Configured Logger
19:17:19.616 [main                     ] DEBUG GameApplication      - Logging settings
Title: Demo game
Version: 1.2
Width: 1050
Height: 700
Fullscreen: false
Intro: false
Profiling: false
Single step:false
App Mode: DEVELOPER
Menu Key: ESCAPE
Stage Style: DECORATED
Scene Factory: class com.almasb.fxgl.app.scene.SceneFactory

19:17:20.388 [JavaFX Application Thread] DEBUG FXGLApplication      - Initializing FXGL
19:17:20.390 [JavaFX Application Thread] INFO  Engine               - FXGL-11.14 (01.03.2021 16.59) on WINDOWS (J:15.0.2 FX:15)
19:17:20.391 [JavaFX Application Thread] DEBUG Engine               - JRE Vendor Name: Amazon.com Inc.
19:17:20.391 [JavaFX Application Thread] DEBUG Engine               - Running on OS: Windows 10 version 10.0
19:17:20.391 [JavaFX Application Thread] DEBUG Engine               - Architecture: amd64
19:17:20.391 [JavaFX Application Thread] INFO  Engine               - Source code and latest versions at: https://github.com/AlmasB/FXGL
19:17:20.391 [JavaFX Application Thread] INFO  Engine               -              Join the FXGL chat at: https://gitter.im/AlmasB/FXGL
19:17:20.646 [JavaFX Application Thread] DEBUG PrimaryStageWindow   - Creating a JavaFX scene
19:17:20.763 [JavaFX Application Thread] DEBUG PrimaryStageWindow   - Target settings size: 1050.0 x 700.0
19:17:20.763 [JavaFX Application Thread] DEBUG PrimaryStageWindow   - Scaled scene size:    1050.0 x 700.0
19:17:20.764 [JavaFX Application Thread] DEBUG PrimaryStageWindow   - Scaled ratio: (1.0, 1.0)
19:17:20.766 [JavaFX Application Thread] DEBUG PrimaryStageWindow   - Set initial scene to FXGLStartupScene
19:17:20.780 [JavaFX Application Thread] DEBUG PrimaryStageWindow   - Opening main window
19:17:20.923 [JavaFX Application Thread] DEBUG PrimaryStageWindow   - Window border size: (14.800048828125, 37.5999755859375)
19:17:20.923 [JavaFX Application Thread] DEBUG PrimaryStageWindow   - Scaled size: 1050.0 x 700.0
19:17:20.923 [JavaFX Application Thread] DEBUG PrimaryStageWindow   - Scaled ratio: (1.0, 1.0)
19:17:20.923 [JavaFX Application Thread] DEBUG PrimaryStageWindow   - Scene size: 1050.0 x 700.0
19:17:20.923 [JavaFX Application Thread] DEBUG PrimaryStageWindow   - Stage size: 1064.800048828125 x 737.5999755859375
19:17:21.050 [FXGL Background Thread 1 ] DEBUG Engine               - Initializing environment variables
19:17:21.081 [FXGL Background Thread 1 ] DEBUG FXGLAssetLoaderServi - User app class for loading assets: class Game
19:17:21.081 [FXGL Background Thread 1 ] DEBUG GameApplicationServi - Applying CSS: fxgl_dark.css
19:17:21.082 [FXGL Background Thread 1 ] DEBUG FXGLAssetLoaderServi - Loading from file system: jar:file:/C:/Users/Eigenaar/.m2/repository/com/github/almasb/fxgl/11.14/fxgl-11.14.jar!/fxglassets/ui/css/fxgl_dark.css
19:17:21.129 [FXGL Background Thread 1 ] DEBUG GameApplicationServi - Initializing application scenes
19:17:21.249 [FXGL Background Thread 1 ] DEBUG GameWorld            - Game world initialized
19:17:21.305 [FXGL Background Thread 1 ] DEBUG PhysicsWorld         - Physics world initialized: appHeight=700, physics.ppm=50,0
19:17:21.305 [FXGL Background Thread 1 ] DEBUG PhysicsWorld         - Using strategy: BRUTE_FORCE
19:17:21.308 [FXGL Background Thread 1 ] DEBUG GameScene            - Game scene initialized: 1050x700
19:17:21.367 [FXGL Background Thread 1 ] DEBUG FXGLAssetLoaderServi - Loading from file system: jar:file:/C:/Users/Eigenaar/.m2/repository/com/github/almasb/fxgl/11.14/fxgl-11.14.jar!/fxglassets/textures/particles/trace_horizontal.png
19:17:21.419 [FXGL Background Thread 1 ] DEBUG FXGL.DefaultMenu     - createMenuBodyMainMenu()
19:17:21.439 [FXGL Background Thread 1 ] DEBUG FXGL.DefaultMenu     - createOptionsMenu()
19:17:21.445 [FXGL Background Thread 1 ] DEBUG FXGLAssetLoaderServi - Loading from file system: jar:file:/C:/Users/Eigenaar/.m2/repository/com/github/almasb/fxgl/11.14/fxgl-11.14.jar!/fxglassets/textures/particles/smoke.png
19:17:21.511 [FXGL Background Thread 1 ] DEBUG FXGL.DefaultMenu     - createMenuBodyGameMenu()
19:17:21.512 [FXGL Background Thread 1 ] DEBUG FXGL.DefaultMenu     - createOptionsMenu()
19:17:21.527 [FXGL Background Thread 1 ] DEBUG GameApplicationServi - Application scenes initialized
19:17:21.538 [FXGL Background Thread 1 ] DEBUG SystemBundleService  - Loading FXGL system data
19:17:21.543 [FXGL Background Thread 1 ] DEBUG FileSystemAccess     - Reading from: C:\Users\Eigenaar\OneDrive - Hogeschool Leiden\IPOSE-Maven\system\fxgl.bundle
19:17:21.550 [FXGL Background Thread 1 ] DEBUG SystemBundleService  - Bundle FXGL: {}
19:17:21.550 [FXGL Background Thread 1 ] DEBUG UpdaterService       - Checking for updates
19:17:21.556 [FXGL Background Thread 1 ] DEBUG FXGLApplication      - Loading default localization
19:17:21.556 [FXGL Background Thread 1 ] DEBUG FXGLAssetLoaderServi - Loading from file system: jar:file:/C:/Users/Eigenaar/.m2/repository/com/github/almasb/fxgl/11.14/fxgl-11.14.jar!/fxglassets/languages/english.lang
19:17:21.589 [FXGL Background Thread 1 ] INFO  FXGLApplication      - FXGL initialization took: 0,538 sec
19:17:21.599 [JavaFX Application Thread] DEBUG Input                - Registered new binding: Left - A
19:17:21.599 [JavaFX Application Thread] DEBUG Input                - Registered new binding: Right - D
19:17:21.599 [JavaFX Application Thread] DEBUG Input                - Registered new binding: Jump - W
19:17:21.600 [JavaFX Application Thread] DEBUG FXGLAssetLoaderServi - Loading from file system: jar:file:/C:/Users/Eigenaar/.m2/repository/com/github/almasb/fxgl/11.14/fxgl-11.14.jar!/fxglassets/textures/fxgl_icon.png
19:17:21.618 [JavaFX Application Thread] DEBUG FXGLAssetLoaderServi - Loading from file system: jar:file:/C:/Users/Eigenaar/.m2/repository/com/github/almasb/fxgl/11.14/fxgl-11.14.jar!/fxglassets/ui/cursors/fxgl_default.png
19:17:21.629 [JavaFX Application Thread] DEBUG Input                - Registered new binding: Screenshot - P
19:17:21.630 [JavaFX Application Thread] DEBUG Input                - Registered new binding: System info dump - CTRL+9
19:17:21.732 [FXGL Background Thread 4 ] DEBUG FXGLApplication      - Loading fonts
19:17:21.733 [FXGL Background Thread 4 ] DEBUG FXGLAssetLoaderServi - Loading from file system: jar:file:/C:/Users/Eigenaar/.m2/repository/com/github/almasb/fxgl/11.14/fxgl-11.14.jar!/fxglassets/ui/fonts/VarelaRound-Regular.ttf
19:17:21.631 [JavaFX Application Thread] DEBUG Input                - Registered new binding: Restart - CTRL+R
19:17:21.736 [JavaFX Application Thread] DEBUG Input                - Registered new binding: Toggle Debug Camera - CTRL+C
19:17:21.739 [JavaFX Application Thread] DEBUG LoopRunner           - Starting loop
19:17:21.740 [JavaFX Application Thread] DEBUG LoopRunner           - Initializing JavaFX AnimationTimerLoop
19:17:21.742 [JavaFX Application Thread] DEBUG Input                - Clearing active input actions
19:17:21.754 [JavaFX Application Thread] DEBUG GameApplicationServi - Removing overlay from FXGLStartupScene and adding to FXGLMainMenuDummyScene
19:17:21.755 [JavaFX Application Thread] DEBUG PrimaryStageWindow   - FXGLStartupScene -> FXGLMainMenuDummyScene
19:17:21.756 [JavaFX Application Thread] DEBUG PrimaryStageWindow   - Push state: FXGLDefaultMenu
19:17:21.760 [JavaFX Application Thread] DEBUG Input                - Clearing active input actions
19:17:21.771 [JavaFX Application Thread] DEBUG GameApplicationServi - Removing overlay from FXGLMainMenuDummyScene and adding to FXGLDefaultMenu
19:17:21.772 [JavaFX Application Thread] DEBUG PrimaryStageWindow   - FXGLMainMenuDummyScene -> FXGLDefaultMenu
19:17:22.840 [FXGL Background Thread 4 ] DEBUG FXGLAssetLoaderServi - Loading from file system: jar:file:/C:/Users/Eigenaar/.m2/repository/com/github/almasb/fxgl/11.14/fxgl-11.14.jar!/fxglassets/ui/fonts/Abel-Regular.ttf
19:17:22.854 [FXGL Background Thread 4 ] DEBUG FXGLAssetLoaderServi - Loading from file system: jar:file:/C:/Users/Eigenaar/.m2/repository/com/github/almasb/fxgl/11.14/fxgl-11.14.jar!/fxglassets/ui/fonts/lucida_console.ttf
19:17:22.890 [FXGL Background Thread 4 ] DEBUG FXGLAssetLoaderServi - Loading from file system: jar:file:/C:/Users/Eigenaar/.m2/repository/com/github/almasb/fxgl/11.14/fxgl-11.14.jar!/fxglassets/ui/fonts/Courier-Prime.ttf
19:17:22.943 [JavaFX Application Thread] DEBUG FXGLApplication      - Registering font factories with UI factory
19:17:23.010 [JavaFX Application Thread] DEBUG Menu                 - fireNewGame()
19:17:23.011 [JavaFX Application Thread] DEBUG GameApplicationServi - Starting new game
19:17:23.013 [JavaFX Application Thread] DEBUG PrimaryStageWindow   - Pop state: FXGLDefaultMenu
19:17:23.013 [JavaFX Application Thread] DEBUG Input                - Clearing active input actions
19:17:23.014 [JavaFX Application Thread] DEBUG GameApplicationServi - Removing overlay from FXGLDefaultMenu and adding to FXGLMainMenuDummyScene
19:17:23.014 [JavaFX Application Thread] DEBUG PrimaryStageWindow   - FXGLMainMenuDummyScene <- FXGLDefaultMenu
19:17:23.022 [JavaFX Application Thread] DEBUG Input                - Clearing active input actions
19:17:23.029 [JavaFX Application Thread] DEBUG GameApplicationServi - Removing overlay from FXGLMainMenuDummyScene and adding to FXGLLoadingScene
19:17:23.030 [JavaFX Application Thread] DEBUG PrimaryStageWindow   - FXGLMainMenuDummyScene -> FXGLLoadingScene
19:17:23.030 [JavaFX Application Thread] DEBUG GameApplicationServi - Clearing previous game
19:17:23.030 [JavaFX Application Thread] DEBUG GameScene            - Clearing game scene
19:17:23.030 [JavaFX Application Thread] DEBUG GameWorld            - Clearing game world
19:17:23.030 [JavaFX Application Thread] DEBUG PhysicsWorld         - Clearing physics world
19:17:23.032 [FXGL Background Thread 4 ] DEBUG FXGLApplication      - Initializing game
19:17:23.048 [FXGL Background Thread 4 ] DEBUG PrimaryStageWindow   - Push state: DialogSubScene
19:17:23.049 [FXGL Background Thread 4 ] DEBUG Input                - Clearing active input actions
19:17:23.079 [JavaFX Application Thread] DEBUG LoopRunner           - Stopping loop
19:17:23.081 [JavaFX Application Thread] FATAL FXGLApplication      - Uncaught Exception:
java.lang.RuntimeException: Initialization failed
	at com.almasb.fxgl.app.FXGLApplication$InitAppTask.failed(FXGLApplication.kt:376)
	at javafx.concurrent.Task.setState(Task.java:710)
	at javafx.concurrent.Task$TaskCallable.lambda$call$2(Task.java:1455)
	at com.sun.javafx.application.PlatformImpl.lambda$runLater$10(PlatformImpl.java:428)
	at java.base/java.security.AccessController.doPrivileged(AccessController.java:391)
	at com.sun.javafx.application.PlatformImpl.lambda$runLater$11(PlatformImpl.java:427)
	at com.sun.glass.ui.InvokeLaterDispatcher$Future.run(InvokeLaterDispatcher.java:96)
	at com.sun.glass.ui.win.WinApplication._runLoop(Native Method)
	at com.sun.glass.ui.win.WinApplication.lambda$runLoop$3(WinApplication.java:174)
	at java.base/java.lang.Thread.run(Thread.java:832)
Caused by: java.lang.IllegalStateException: Not on FX application thread; currentThread = FXGL Background Thread 4
	at com.sun.javafx.tk.Toolkit.checkFxUserThread(Toolkit.java:292)
	at com.sun.javafx.tk.quantum.QuantumToolkit.checkFxUserThread(QuantumToolkit.java:446)
	at javafx.scene.Parent$3.onProposedChange(Parent.java:474)
	at com.sun.javafx.collections.VetoableListDecorator.add(VetoableListDecorator.java:206)
	at com.almasb.fxgl.app.MainWindow.pushState(MainWindow.kt:151)
	at com.almasb.fxgl.app.FXGLApplication$GameApplicationService.pushSubScene(FXGLApplication.kt:722)
	at com.almasb.fxgl.app.services.FXGLDialogService.show(FXGLDialogService.kt:99)
	at com.almasb.fxgl.app.services.FXGLDialogService.show(FXGLDialogService.kt:94)
	at com.almasb.fxgl.app.services.FXGLDialogService.showMessageBox(FXGLDialogService.kt:125)
	at com.almasb.fxgl.app.services.FXGLDialogService.showMessageBox(FXGLDialogService.kt:116)
	at com.almasb.fxgl.dsl.FXGL$Companion.showMessage(FXGL.kt:600)
	at com.almasb.fxgl.dsl.FXGL.showMessage(FXGL.kt)
	at Game.nextLevel(Game.java:149)
	at Game.initGame(Game.java:51)
	at com.almasb.fxgl.app.FXGLApplication$InitAppTask.initGame(FXGLApplication.kt:372)
	at com.almasb.fxgl.app.FXGLApplication$InitAppTask.call(FXGLApplication.kt:352)
	at com.almasb.fxgl.app.FXGLApplication$InitAppTask.call(FXGLApplication.kt:344)
	at javafx.concurrent.Task$TaskCallable.call(Task.java:1425)
	at java.base/java.util.concurrent.FutureTask.run(FutureTask.java:264)
	at java.base/java.util.concurrent.Executors$RunnableAdapter.call(Executors.java:515)
	at java.base/java.util.concurrent.FutureTask.run(FutureTask.java:264)
	at java.base/java.util.concurrent.ThreadPoolExecutor.runWorker(ThreadPoolExecutor.java:1130)
	at java.base/java.util.concurrent.ThreadPoolExecutor$Worker.run(ThreadPoolExecutor.java:630)
	... 1 more

19:17:23.081 [JavaFX Application Thread] FATAL FXGLApplication      - Application will now exit
19:17:23.095 [JavaFX Application Thread] DEBUG PrimaryStageWindow   - Push state: ErrorSubScene
19:17:23.096 [JavaFX Application Thread] DEBUG Input                - Clearing active input actions
19:17:23.098 [JavaFX Application Thread] DEBUG GameApplicationServi - Removing overlay from FXGLLoadingScene and adding to ErrorSubScene
19:17:23.099 [JavaFX Application Thread] DEBUG PrimaryStageWindow   - DialogSubScene -> ErrorSubScene
19:17:23.202 [FXGL Background Thread 2 ] INFO  UpdaterService       - Your current version:  11.14
19:17:23.203 [FXGL Background Thread 2 ] INFO  UpdaterService       - Latest stable version: 17.1
19:17:24.562 [FXGL Background Thread 3 ] DEBUG Engine               - Logging environment variables
19:17:24.562 [FXGL Background Thread 3 ] DEBUG Engine               - achievements: []
19:17:24.563 [FXGL Background Thread 3 ] DEBUG Engine               - actualHeight: 700.0
19:17:24.563 [FXGL Background Thread 3 ] DEBUG Engine               - actualHeightProperty: ReadOnlyDoubleProperty [value: 700.0]
19:17:24.563 [FXGL Background Thread 3 ] DEBUG Engine               - actualWidth: 1050.0
19:17:24.563 [FXGL Background Thread 3 ] DEBUG Engine               - actualWidthProperty: ReadOnlyDoubleProperty [value: 1050.0]
19:17:24.563 [FXGL Background Thread 3 ] DEBUG Engine               - appIcon: fxgl_icon.png
19:17:24.563 [FXGL Background Thread 3 ] DEBUG Engine               - applicationMode: DEVELOPER
19:17:24.564 [FXGL Background Thread 3 ] DEBUG Engine               - cSSList: [fxgl_dark.css]
19:17:24.564 [FXGL Background Thread 3 ] DEBUG Engine               - collisionDetectionStrategy: BRUTE_FORCE
19:17:24.564 [FXGL Background Thread 3 ] DEBUG Engine               - configClass: Optional.empty
19:17:24.564 [FXGL Background Thread 3 ] DEBUG Engine               - credits: []
19:17:24.564 [FXGL Background Thread 3 ] DEBUG Engine               - devBBoxColorProperty: ObjectProperty [value: 0xff0000ff]
19:17:24.564 [FXGL Background Thread 3 ] DEBUG Engine               - devEnableDebugCameraProperty: BooleanProperty [value: false]
19:17:24.565 [FXGL Background Thread 3 ] DEBUG Engine               - devSensorColorProperty: ObjectProperty [value: 0xffff00ff]
19:17:24.565 [FXGL Background Thread 3 ] DEBUG Engine               - devShowBBoxProperty: BooleanProperty [value: false]
19:17:24.565 [FXGL Background Thread 3 ] DEBUG Engine               - devShowPositionProperty: BooleanProperty [value: false]
19:17:24.565 [FXGL Background Thread 3 ] DEBUG Engine               - enabledMenuItems: []
19:17:24.565 [FXGL Background Thread 3 ] DEBUG Engine               - engineServices: [class com.almasb.fxgl.app.services.FXGLAssetLoaderService, class com.almasb.fxgl.app.FXGLApplication$GameApplicationService, class com.almasb.fxgl.app.services.FXGLDialogService, class com.almasb.fxgl.app.services.IOTaskExecutorService, class com.almasb.fxgl.event.EventBusService, class com.almasb.fxgl.io.FileSystemService, class com.almasb.fxgl.localization.LocalizationService, class com.almasb.fxgl.app.services.SystemBundleService, class com.almasb.fxgl.profile.SaveLoadService, class com.almasb.fxgl.ui.FXGLUIFactoryServiceProvider, class com.almasb.fxgl.ui.FXGLDialogFactoryServiceProvider, class com.almasb.fxgl.audio.AudioPlayer, class com.almasb.fxgl.notification.impl.NotificationServiceProvider, class com.almasb.fxgl.achievement.AchievementService, class com.almasb.fxgl.cutscene.CutsceneService, class com.almasb.fxgl.minigames.MiniGameService, class com.almasb.fxgl.net.NetService, class com.almasb.fxgl.app.services.UpdaterService, class com.almasb.fxgl.dev.DevService]
19:17:24.565 [FXGL Background Thread 3 ] DEBUG Engine               - fontGame: Abel-Regular.ttf
19:17:24.566 [FXGL Background Thread 3 ] DEBUG Engine               - fontMono: lucida_console.ttf
19:17:24.566 [FXGL Background Thread 3 ] DEBUG Engine               - fontText: Courier-Prime.ttf
19:17:24.566 [FXGL Background Thread 3 ] DEBUG Engine               - fontUI: VarelaRound-Regular.ttf
19:17:24.566 [FXGL Background Thread 3 ] DEBUG Engine               - fullScreen: BooleanProperty [value: false]
19:17:24.566 [FXGL Background Thread 3 ] DEBUG Engine               - gameDifficulty: MEDIUM
19:17:24.566 [FXGL Background Thread 3 ] DEBUG Engine               - gameDifficultyProperty: ObjectProperty [value: MEDIUM]
19:17:24.566 [FXGL Background Thread 3 ] DEBUG Engine               - globalMusicVolume: 0.5
19:17:24.566 [FXGL Background Thread 3 ] DEBUG Engine               - globalMusicVolumeProperty: DoubleProperty [value: 0.5]
19:17:24.567 [FXGL Background Thread 3 ] DEBUG Engine               - globalSoundVolume: 0.5
19:17:24.567 [FXGL Background Thread 3 ] DEBUG Engine               - globalSoundVolumeProperty: DoubleProperty [value: 0.5]
19:17:24.567 [FXGL Background Thread 3 ] DEBUG Engine               - height: 700
19:17:24.567 [FXGL Background Thread 3 ] DEBUG Engine               - isAndroid: false
19:17:24.567 [FXGL Background Thread 3 ] DEBUG Engine               - isBrowser: false
19:17:24.567 [FXGL Background Thread 3 ] DEBUG Engine               - isClickFeedbackEnabled: false
19:17:24.568 [FXGL Background Thread 3 ] DEBUG Engine               - isCloseConfirmation: false
19:17:24.568 [FXGL Background Thread 3 ] DEBUG Engine               - isDesktop: true
19:17:24.568 [FXGL Background Thread 3 ] DEBUG Engine               - isDeveloperMenuEnabled: false
19:17:24.568 [FXGL Background Thread 3 ] DEBUG Engine               - isEntityPreloadEnabled: true
19:17:24.569 [FXGL Background Thread 3 ] DEBUG Engine               - isExperimental3D: false
19:17:24.569 [FXGL Background Thread 3 ] DEBUG Engine               - isExperimentalNative: false
19:17:24.569 [FXGL Background Thread 3 ] DEBUG Engine               - isExperimentalTiledLargeMap: false
19:17:24.569 [FXGL Background Thread 3 ] DEBUG Engine               - isFileSystemWriteAllowed: true
19:17:24.569 [FXGL Background Thread 3 ] DEBUG Engine               - isFullScreenAllowed: false
19:17:24.569 [FXGL Background Thread 3 ] DEBUG Engine               - isFullScreenFromStart: false
19:17:24.569 [FXGL Background Thread 3 ] DEBUG Engine               - isGameMenuEnabled: true
19:17:24.570 [FXGL Background Thread 3 ] DEBUG Engine               - isIOS: false
19:17:24.570 [FXGL Background Thread 3 ] DEBUG Engine               - isIntroEnabled: false
19:17:24.570 [FXGL Background Thread 3 ] DEBUG Engine               - isLinux: false
19:17:24.570 [FXGL Background Thread 3 ] DEBUG Engine               - isMac: false
19:17:24.570 [FXGL Background Thread 3 ] DEBUG Engine               - isMainMenuEnabled: true
19:17:24.571 [FXGL Background Thread 3 ] DEBUG Engine               - isManualResizeEnabled: false
19:17:24.571 [FXGL Background Thread 3 ] DEBUG Engine               - isMobile: false
19:17:24.571 [FXGL Background Thread 3 ] DEBUG Engine               - isPreserveResizeRatio: false
19:17:24.571 [FXGL Background Thread 3 ] DEBUG Engine               - isProfilingEnabled: false
19:17:24.571 [FXGL Background Thread 3 ] DEBUG Engine               - isScaleAffectedOnResize: true
19:17:24.571 [FXGL Background Thread 3 ] DEBUG Engine               - isSingleStep: false
19:17:24.571 [FXGL Background Thread 3 ] DEBUG Engine               - isUserProfileEnabled: false
19:17:24.571 [FXGL Background Thread 3 ] DEBUG Engine               - isWindows: true
19:17:24.572 [FXGL Background Thread 3 ] DEBUG Engine               - language: ObjectProperty [value: ENGLISH]
19:17:24.572 [FXGL Background Thread 3 ] DEBUG Engine               - menuKey: ESCAPE
19:17:24.572 [FXGL Background Thread 3 ] DEBUG Engine               - notificationViewClass: class com.almasb.fxgl.notification.view.XboxNotificationView
19:17:24.572 [FXGL Background Thread 3 ] DEBUG Engine               - pixelsPerMeter: 50.0
19:17:24.572 [FXGL Background Thread 3 ] DEBUG Engine               - platform: WINDOWS
19:17:24.572 [FXGL Background Thread 3 ] DEBUG Engine               - prefHeightProperty: ReadOnlyDoubleProperty [value: 700.0]
19:17:24.572 [FXGL Background Thread 3 ] DEBUG Engine               - prefWidthProperty: ReadOnlyDoubleProperty [value: 1050.0]
19:17:24.572 [FXGL Background Thread 3 ] DEBUG Engine               - profileDir: profiles/
19:17:24.573 [FXGL Background Thread 3 ] DEBUG Engine               - profileName: StringProperty [value: DEFAULT]
19:17:24.573 [FXGL Background Thread 3 ] DEBUG Engine               - randomSeed: -1
19:17:24.573 [FXGL Background Thread 3 ] DEBUG Engine               - runtimeInfo: RuntimeInfo(platform=WINDOWS, version=11.14, build=01.03.2021 16.59)
19:17:24.573 [FXGL Background Thread 3 ] DEBUG Engine               - saveFileExt: sav
19:17:24.573 [FXGL Background Thread 3 ] DEBUG Engine               - scaledHeightProp$fxgl: DoubleProperty [bound, value: 700.0]
19:17:24.573 [FXGL Background Thread 3 ] DEBUG Engine               - scaledWidthProp$fxgl: DoubleProperty [bound, value: 1050.0]
19:17:24.573 [FXGL Background Thread 3 ] DEBUG Engine               - sceneFactory: com.almasb.fxgl.app.scene.SceneFactory@45053e21
19:17:24.573 [FXGL Background Thread 3 ] DEBUG Engine               - secondsIn24h: 60
19:17:24.574 [FXGL Background Thread 3 ] DEBUG Engine               - soundMenuBack: menu/back.wav
19:17:24.574 [FXGL Background Thread 3 ] DEBUG Engine               - soundMenuPress: menu/press.wav
19:17:24.574 [FXGL Background Thread 3 ] DEBUG Engine               - soundMenuSelect: menu/select.wav
19:17:24.574 [FXGL Background Thread 3 ] DEBUG Engine               - soundNotification: core/notification.wav
19:17:24.574 [FXGL Background Thread 3 ] DEBUG Engine               - stageStyle: DECORATED
19:17:24.574 [FXGL Background Thread 3 ] DEBUG Engine               - supportedLanguages: [ENGLISH, FRENCH, GERMAN, HUNGARIAN, RUSSIAN]
19:17:24.574 [FXGL Background Thread 3 ] DEBUG Engine               - ticksPerSecond: -1
19:17:24.575 [FXGL Background Thread 3 ] DEBUG Engine               - title: Demo game
19:17:24.575 [FXGL Background Thread 3 ] DEBUG Engine               - urlGithub: https://github.com/AlmasB/FXGL
19:17:24.575 [FXGL Background Thread 3 ] DEBUG Engine               - urlLeaderboard: http://fxgl-top.herokuapp.com/
19:17:24.575 [FXGL Background Thread 3 ] DEBUG Engine               - urlPOM: https://raw.githubusercontent.com/AlmasB/FXGL/release/README.md
19:17:24.575 [FXGL Background Thread 3 ] DEBUG Engine               - userAppClass: class Game
19:17:24.575 [FXGL Background Thread 3 ] DEBUG Engine               - version: 1.2
19:17:24.575 [FXGL Background Thread 3 ] DEBUG Engine               - versionCheckDays: 7
19:17:24.575 [FXGL Background Thread 3 ] DEBUG Engine               - width: 1050
19:17:24.575 [FXGL Background Thread 3 ] DEBUG Engine               - Logging services
19:17:24.575 [FXGL Background Thread 3 ] DEBUG Engine               - class com.almasb.fxgl.app.services.FXGLAssetLoaderService
19:17:24.575 [FXGL Background Thread 3 ] DEBUG Engine               - class com.almasb.fxgl.app.FXGLApplication$GameApplicationService
19:17:24.576 [FXGL Background Thread 3 ] DEBUG Engine               - class com.almasb.fxgl.app.services.FXGLDialogService
19:17:24.576 [FXGL Background Thread 3 ] DEBUG Engine               - class com.almasb.fxgl.app.services.IOTaskExecutorService
19:17:24.576 [FXGL Background Thread 3 ] DEBUG Engine               - class com.almasb.fxgl.event.EventBusService
19:17:24.576 [FXGL Background Thread 3 ] DEBUG Engine               - class com.almasb.fxgl.io.FileSystemService
19:17:24.576 [FXGL Background Thread 3 ] DEBUG Engine               - class com.almasb.fxgl.localization.LocalizationService
19:17:24.576 [FXGL Background Thread 3 ] DEBUG Engine               - class com.almasb.fxgl.app.services.SystemBundleService
19:17:24.576 [FXGL Background Thread 3 ] DEBUG Engine               - class com.almasb.fxgl.profile.SaveLoadService
19:17:24.576 [FXGL Background Thread 3 ] DEBUG Engine               - class com.almasb.fxgl.ui.FXGLUIFactoryServiceProvider
19:17:24.576 [FXGL Background Thread 3 ] DEBUG Engine               - class com.almasb.fxgl.ui.FXGLDialogFactoryServiceProvider
19:17:24.577 [FXGL Background Thread 3 ] DEBUG Engine               - class com.almasb.fxgl.audio.AudioPlayer
19:17:24.577 [FXGL Background Thread 3 ] DEBUG Engine               - class com.almasb.fxgl.notification.impl.NotificationServiceProvider
19:17:24.577 [FXGL Background Thread 3 ] DEBUG Engine               - class com.almasb.fxgl.achievement.AchievementService
19:17:24.577 [FXGL Background Thread 3 ] DEBUG Engine               - class com.almasb.fxgl.cutscene.CutsceneService
19:17:24.577 [FXGL Background Thread 3 ] DEBUG Engine               - class com.almasb.fxgl.minigames.MiniGameService
19:17:24.577 [FXGL Background Thread 3 ] DEBUG Engine               - class com.almasb.fxgl.net.NetService
19:17:24.577 [FXGL Background Thread 3 ] DEBUG Engine               - class com.almasb.fxgl.app.services.UpdaterService
19:17:24.577 [FXGL Background Thread 3 ] DEBUG Engine               - class com.almasb.fxgl.dev.DevService
19:17:27.752 [JavaFX Application Thread] DEBUG FXGLApplication      - Exiting FXGL
19:17:27.752 [JavaFX Application Thread] DEBUG Async                - Shutting down background threads
19:17:27.752 [JavaFX Application Thread] DEBUG PrimaryStageWindow   - Closing main window
19:17:27.760 [JavaFX Application Thread] DEBUG Logger               - Closing Logger
