10:45:23.594 [main                     ] DEBUG Logger               - Configured Logger
10:45:23.687 [main                     ] DEBUG GameApplication      - Logging settings
Title: Demo game
Version: 1.1
Width: 1050
Height: 700
Fullscreen: false
Intro: false
Profiling: false
Single step:false
App Mode: DEVELOPER
Menu Key: ESCAPE
Stage Style: DECORATED
Scene Factory: class com.almasb.fxgl.app.scene.SceneFactory

10:45:25.188 [JavaFX Application Thread] DEBUG FXGLApplication      - Initializing FXGL
10:45:25.210 [JavaFX Application Thread] INFO  Engine               - FXGL-11.14 (01.03.2021 16.59) on WINDOWS (J:15.0.2 FX:15)
10:45:25.211 [JavaFX Application Thread] DEBUG Engine               - JRE Vendor Name: Amazon.com Inc.
10:45:25.212 [JavaFX Application Thread] DEBUG Engine               - Running on OS: Windows 10 version 10.0
10:45:25.214 [JavaFX Application Thread] DEBUG Engine               - Architecture: amd64
10:45:25.215 [JavaFX Application Thread] INFO  Engine               - Source code and latest versions at: https://github.com/AlmasB/FXGL
10:45:25.215 [JavaFX Application Thread] INFO  Engine               -              Join the FXGL chat at: https://gitter.im/AlmasB/FXGL
10:45:25.767 [JavaFX Application Thread] DEBUG PrimaryStageWindow   - Creating a JavaFX scene
10:45:26.014 [JavaFX Application Thread] DEBUG PrimaryStageWindow   - Target settings size: 1050.0 x 700.0
10:45:26.015 [JavaFX Application Thread] DEBUG PrimaryStageWindow   - Scaled scene size:    1050.0 x 700.0
10:45:26.015 [JavaFX Application Thread] DEBUG PrimaryStageWindow   - Scaled ratio: (1.0, 1.0)
10:45:26.018 [JavaFX Application Thread] DEBUG PrimaryStageWindow   - Set initial scene to FXGLStartupScene
10:45:26.042 [JavaFX Application Thread] DEBUG PrimaryStageWindow   - Opening main window
10:45:26.329 [JavaFX Application Thread] DEBUG PrimaryStageWindow   - Window border size: (14.800048828125, 37.5999755859375)
10:45:26.330 [JavaFX Application Thread] DEBUG PrimaryStageWindow   - Scaled size: 1050.0 x 700.0
10:45:26.330 [JavaFX Application Thread] DEBUG PrimaryStageWindow   - Scaled ratio: (1.0, 1.0)
10:45:26.331 [JavaFX Application Thread] DEBUG PrimaryStageWindow   - Scene size: 1050.0 x 700.0
10:45:26.332 [JavaFX Application Thread] DEBUG PrimaryStageWindow   - Stage size: 1064.800048828125 x 737.5999755859375
10:45:26.379 [FXGL Background Thread 1 ] DEBUG Engine               - Initializing environment variables
10:45:26.556 [FXGL Background Thread 1 ] DEBUG FXGLAssetLoaderServi - User app class for loading assets: class Game
10:45:26.558 [FXGL Background Thread 1 ] DEBUG GameApplicationServi - Applying CSS: fxgl_dark.css
10:45:26.561 [FXGL Background Thread 1 ] DEBUG FXGLAssetLoaderServi - Loading from file system: jar:file:/C:/Users/jfran/.m2/repository/com/github/almasb/fxgl/11.14/fxgl-11.14.jar!/fxglassets/ui/css/fxgl_dark.css
10:45:26.722 [FXGL Background Thread 1 ] DEBUG GameApplicationServi - Initializing application scenes
10:45:26.972 [FXGL Background Thread 1 ] DEBUG GameWorld            - Game world initialized
10:45:27.180 [FXGL Background Thread 1 ] DEBUG PhysicsWorld         - Physics world initialized: appHeight=700, physics.ppm=50,0
10:45:27.181 [FXGL Background Thread 1 ] DEBUG PhysicsWorld         - Using strategy: BRUTE_FORCE
10:45:27.188 [FXGL Background Thread 1 ] DEBUG GameScene            - Game scene initialized: 1050x700
10:45:27.303 [FXGL Background Thread 1 ] DEBUG FXGLAssetLoaderServi - Loading from file system: jar:file:/C:/Users/jfran/.m2/repository/com/github/almasb/fxgl/11.14/fxgl-11.14.jar!/fxglassets/textures/particles/trace_horizontal.png
10:45:27.494 [FXGL Background Thread 1 ] DEBUG FXGL.DefaultMenu     - createMenuBodyGameMenu()
10:45:27.546 [FXGL Background Thread 1 ] DEBUG FXGL.DefaultMenu     - createOptionsMenu()
10:45:27.570 [FXGL Background Thread 1 ] DEBUG FXGLAssetLoaderServi - Loading from file system: jar:file:/C:/Users/jfran/.m2/repository/com/github/almasb/fxgl/11.14/fxgl-11.14.jar!/fxglassets/textures/particles/smoke.png
10:45:27.762 [FXGL Background Thread 1 ] DEBUG GameApplicationServi - Application scenes initialized
10:45:27.811 [FXGL Background Thread 1 ] DEBUG SystemBundleService  - Loading FXGL system data
10:45:27.826 [FXGL Background Thread 1 ] DEBUG FileSystemAccess     - Reading from: C:\Users\jfran\OneDrive - Hogeschool Leiden\IPOSE-Maven\system\fxgl.bundle
10:45:27.844 [FXGL Background Thread 1 ] DEBUG SystemBundleService  - Bundle FXGL: {}
10:45:27.845 [FXGL Background Thread 1 ] DEBUG UpdaterService       - Checking for updates
10:45:27.857 [FXGL Background Thread 1 ] DEBUG FXGLApplication      - Loading default localization
10:45:27.859 [FXGL Background Thread 1 ] DEBUG FXGLAssetLoaderServi - Loading from file system: jar:file:/C:/Users/jfran/.m2/repository/com/github/almasb/fxgl/11.14/fxgl-11.14.jar!/fxglassets/languages/english.lang
10:45:27.899 [FXGL Background Thread 1 ] INFO  FXGLApplication      - FXGL initialization took: 1,519 sec
10:45:27.927 [JavaFX Application Thread] DEBUG Input                - Registered new binding: action0 - D
10:45:27.928 [JavaFX Application Thread] DEBUG Input                - Registered new binding: action1 - A
10:45:27.929 [JavaFX Application Thread] DEBUG Input                - Registered new binding: action2 - W
10:45:27.930 [JavaFX Application Thread] DEBUG Input                - Registered new binding: action3 - S
10:45:27.933 [FXGL Background Thread 4 ] DEBUG FXGLApplication      - Loading fonts
10:45:27.935 [FXGL Background Thread 4 ] DEBUG FXGLAssetLoaderServi - Loading from file system: jar:file:/C:/Users/jfran/.m2/repository/com/github/almasb/fxgl/11.14/fxgl-11.14.jar!/fxglassets/ui/fonts/VarelaRound-Regular.ttf
10:45:27.932 [JavaFX Application Thread] DEBUG FXGLAssetLoaderServi - Loading from file system: jar:file:/C:/Users/jfran/.m2/repository/com/github/almasb/fxgl/11.14/fxgl-11.14.jar!/fxglassets/textures/fxgl_icon.png
10:45:28.012 [JavaFX Application Thread] DEBUG FXGLAssetLoaderServi - Loading from file system: jar:file:/C:/Users/jfran/.m2/repository/com/github/almasb/fxgl/11.14/fxgl-11.14.jar!/fxglassets/ui/cursors/fxgl_default.png
10:45:28.019 [JavaFX Application Thread] DEBUG Input                - Registered new binding: Screenshot - P
10:45:28.022 [JavaFX Application Thread] DEBUG Input                - Registered new binding: System info dump - CTRL+9
10:45:28.023 [JavaFX Application Thread] DEBUG Input                - Registered new binding: Restart - CTRL+R
10:45:28.025 [JavaFX Application Thread] DEBUG Input                - Registered new binding: Toggle Debug Camera - CTRL+C
10:45:28.031 [JavaFX Application Thread] DEBUG LoopRunner           - Starting loop
10:45:28.032 [JavaFX Application Thread] DEBUG LoopRunner           - Initializing JavaFX AnimationTimerLoop
10:45:28.036 [JavaFX Application Thread] DEBUG GameApplicationServi - Starting new game
10:45:28.037 [JavaFX Application Thread] DEBUG Input                - Clearing active input actions
10:45:28.065 [JavaFX Application Thread] DEBUG GameApplicationServi - Removing overlay from FXGLStartupScene and adding to FXGLLoadingScene
10:45:28.068 [JavaFX Application Thread] DEBUG PrimaryStageWindow   - FXGLStartupScene -> FXGLLoadingScene
10:45:28.069 [JavaFX Application Thread] DEBUG GameApplicationServi - Clearing previous game
10:45:28.069 [JavaFX Application Thread] DEBUG GameScene            - Clearing game scene
10:45:28.070 [JavaFX Application Thread] DEBUG GameWorld            - Clearing game world
10:45:28.071 [JavaFX Application Thread] DEBUG PhysicsWorld         - Clearing physics world
10:45:28.075 [FXGL Background Thread 1 ] DEBUG FXGLApplication      - Initializing game
10:45:28.235 [FXGL Background Thread 1 ] WARN  TMXLevelLoader       - TiledMap generated from 1.0.1. Supported version: 1.2.3. Some features may not be parsed fully.
10:45:28.296 [FXGL Background Thread 1 ] DEBUG TMXLevelLoader       - Parsed raw map: TiledMap(width=15, height=10, tilewidth=70, tileheight=70, orientation=orthogonal, layers=[Layer(width=15, height=10, name=Tile Layer 1, type=tilelayer, visible=false, x=0, y=0, data=[153, 0, 0, 0, 0, 0, 0, 0, 0, 0, 0, 0, 0, 0, 0, 153, 2, 0, 0, 69, 57, 45, 0, 0, 0, 0, 0, 0, 0, 0, 153, 10, 0, 0, 0, 0, 0, 0, 0, 0, 0, 0, 0, 0, 0, 153, 153, 0, 0, 0, 0, 0, 0, 15, 3, 3, 27, 0, 0, 0, 153, 153, 0, 0, 0, 0, 0, 0, 0, 0, 0, 0, 0, 0, 0, 153, 153, 0, 0, 0, 0, 0, 0, 0, 0, 0, 0, 0, 0, 116, 153, 153, 0, 0, 0, 0, 0, 0, 15, 3, 3, 27, 0, 116, 153, 153, 153, 0, 0, 69, 81, 57, 0, 0, 0, 0, 0, 0, 153, 153, 153, 153, 0, 0, 0, 0, 0, 0, 0, 0, 0, 0, 0, 153, 153, 153, 153, 10, 105, 0, 0, 0, 129, 105, 0, 0, 0, 129, 153, 153], objects=[], opacity=0.0, draworder=), Layer(width=0, height=0, name=Object Layer 1, type=objectgroup, visible=false, x=0, y=0, data=[], objects=[com.almasb.fxgl.entity.level.tiled.TiledObject@6b5181f5, com.almasb.fxgl.entity.level.tiled.TiledObject@30950b80, com.almasb.fxgl.entity.level.tiled.TiledObject@412be40d, com.almasb.fxgl.entity.level.tiled.TiledObject@2d9d1d9d, com.almasb.fxgl.entity.level.tiled.TiledObject@4a246ff2, com.almasb.fxgl.entity.level.tiled.TiledObject@52f5b43d, com.almasb.fxgl.entity.level.tiled.TiledObject@4ce029e2, com.almasb.fxgl.entity.level.tiled.TiledObject@954b416, com.almasb.fxgl.entity.level.tiled.TiledObject@60e61131, com.almasb.fxgl.entity.level.tiled.TiledObject@1fcd054c, com.almasb.fxgl.entity.level.tiled.TiledObject@52af806e, com.almasb.fxgl.entity.level.tiled.TiledObject@7ef77a29, com.almasb.fxgl.entity.level.tiled.TiledObject@2e48935f, com.almasb.fxgl.entity.level.tiled.TiledObject@595814bf, com.almasb.fxgl.entity.level.tiled.TiledObject@77da530a, com.almasb.fxgl.entity.level.tiled.TiledObject@32b959ea, com.almasb.fxgl.entity.level.tiled.TiledObject@5801f689, com.almasb.fxgl.entity.level.tiled.TiledObject@41e5fcda, com.almasb.fxgl.entity.level.tiled.TiledObject@6482a5ef], opacity=0.0, draworder=)], tilesets=[Tileset(firstgid=1, image=../textures/tiles_spritesheet.png, name=tiles_spritesheet, tilewidth=70, tileheight=70, imagewidth=914, imageheight=936, margin=0, spacing=2, columns=12, tilecount=156, transparentcolor=, tiles=[])], backgroundcolor=, renderorder=right-down, nextobjectid=20, version=1, tiledversion=1.0.1, type=map, infinite=false, hexsidelength=0, staggeraxis=, staggerindex=, properties={}, propertytypes={})
10:45:28.303 [FXGL Background Thread 1 ] DEBUG TMXLevelLoader       - Creating tile layer entities
10:45:28.305 [FXGL Background Thread 1 ] DEBUG TilesetLoader        - Loading view for layer Tile Layer 1
10:45:28.309 [FXGL Background Thread 1 ] DEBUG TilesetLoader        - Created buffer with size 1050.0x700.0
10:45:28.316 [FXGL Background Thread 1 ] WARN  TilesetLoader        - tiles_spritesheet.png cannot be loaded using mapURL=file:/C:/Users/jfran/OneDrive%20-%20Hogeschool%20Leiden/IPOSE-Maven/target/classes/assets/levels/gametest3.tmx Error: java.io.FileNotFoundException: C:\Users\jfran\OneDrive - Hogeschool Leiden\IPOSE-Maven\target\classes\assets\levels\tiles_spritesheet.png (The system cannot find the file specified)
10:45:28.836 [FXGL Background Thread 1 ] DEBUG TilesetLoader        - Writing to buffer: dst=0,0, w=70,h=70, src=576,864
10:45:28.837 [FXGL Background Thread 1 ] DEBUG TilesetLoader        - Writing to buffer: dst=0,70, w=70,h=70, src=576,864
10:45:28.838 [FXGL Background Thread 1 ] DEBUG TilesetLoader        - Writing to buffer: dst=70,70, w=70,h=70, src=72,0
10:45:28.838 [FXGL Background Thread 1 ] DEBUG TilesetLoader        - Writing to buffer: dst=280,70, w=70,h=70, src=576,360
10:45:28.839 [FXGL Background Thread 1 ] DEBUG TilesetLoader        - Writing to buffer: dst=350,70, w=70,h=70, src=576,288
10:45:28.839 [FXGL Background Thread 1 ] DEBUG TilesetLoader        - Writing to buffer: dst=420,70, w=70,h=70, src=576,216
10:45:28.840 [FXGL Background Thread 1 ] DEBUG TilesetLoader        - Writing to buffer: dst=0,140, w=70,h=70, src=576,864
10:45:28.841 [FXGL Background Thread 1 ] DEBUG TilesetLoader        - Writing to buffer: dst=70,140, w=70,h=70, src=648,0
10:45:28.842 [FXGL Background Thread 1 ] DEBUG TilesetLoader        - Writing to buffer: dst=0,210, w=70,h=70, src=576,864
10:45:28.843 [FXGL Background Thread 1 ] DEBUG TilesetLoader        - Writing to buffer: dst=70,210, w=70,h=70, src=576,864
10:45:28.844 [FXGL Background Thread 1 ] DEBUG TilesetLoader        - Writing to buffer: dst=560,210, w=70,h=70, src=144,72
10:45:28.844 [FXGL Background Thread 1 ] DEBUG TilesetLoader        - Writing to buffer: dst=630,210, w=70,h=70, src=144,0
10:45:28.845 [FXGL Background Thread 1 ] DEBUG TilesetLoader        - Writing to buffer: dst=700,210, w=70,h=70, src=144,0
10:45:28.845 [FXGL Background Thread 1 ] DEBUG TilesetLoader        - Writing to buffer: dst=770,210, w=70,h=70, src=144,144
10:45:28.846 [FXGL Background Thread 1 ] DEBUG TilesetLoader        - Writing to buffer: dst=0,280, w=70,h=70, src=576,864
10:45:28.849 [FXGL Background Thread 1 ] DEBUG TilesetLoader        - Writing to buffer: dst=70,280, w=70,h=70, src=576,864
10:45:28.851 [FXGL Background Thread 1 ] DEBUG TilesetLoader        - Writing to buffer: dst=0,350, w=70,h=70, src=576,864
10:45:28.851 [FXGL Background Thread 1 ] DEBUG TilesetLoader        - Writing to buffer: dst=70,350, w=70,h=70, src=576,864
10:45:28.852 [FXGL Background Thread 1 ] DEBUG TilesetLoader        - Writing to buffer: dst=980,350, w=70,h=70, src=504,648
10:45:28.853 [FXGL Background Thread 1 ] DEBUG TilesetLoader        - Writing to buffer: dst=0,420, w=70,h=70, src=576,864
10:45:28.855 [FXGL Background Thread 1 ] DEBUG TilesetLoader        - Writing to buffer: dst=70,420, w=70,h=70, src=576,864
10:45:28.856 [FXGL Background Thread 1 ] DEBUG TilesetLoader        - Writing to buffer: dst=560,420, w=70,h=70, src=144,72
10:45:28.856 [FXGL Background Thread 1 ] DEBUG TilesetLoader        - Writing to buffer: dst=630,420, w=70,h=70, src=144,0
10:45:28.857 [FXGL Background Thread 1 ] DEBUG TilesetLoader        - Writing to buffer: dst=700,420, w=70,h=70, src=144,0
10:45:28.877 [FXGL Background Thread 1 ] DEBUG TilesetLoader        - Writing to buffer: dst=770,420, w=70,h=70, src=144,144
10:45:28.888 [FXGL Background Thread 1 ] DEBUG TilesetLoader        - Writing to buffer: dst=910,420, w=70,h=70, src=504,648
10:45:28.891 [FXGL Background Thread 1 ] DEBUG TilesetLoader        - Writing to buffer: dst=980,420, w=70,h=70, src=576,864
10:45:28.892 [FXGL Background Thread 1 ] DEBUG TilesetLoader        - Writing to buffer: dst=0,490, w=70,h=70, src=576,864
10:45:28.892 [FXGL Background Thread 1 ] DEBUG TilesetLoader        - Writing to buffer: dst=70,490, w=70,h=70, src=576,864
10:45:28.893 [FXGL Background Thread 1 ] DEBUG TilesetLoader        - Writing to buffer: dst=280,490, w=70,h=70, src=576,360
10:45:28.894 [FXGL Background Thread 1 ] DEBUG TilesetLoader        - Writing to buffer: dst=350,490, w=70,h=70, src=576,432
10:45:28.895 [FXGL Background Thread 1 ] DEBUG TilesetLoader        - Writing to buffer: dst=420,490, w=70,h=70, src=576,288
10:45:28.896 [FXGL Background Thread 1 ] DEBUG TilesetLoader        - Writing to buffer: dst=910,490, w=70,h=70, src=576,864
10:45:28.899 [FXGL Background Thread 1 ] DEBUG TilesetLoader        - Writing to buffer: dst=980,490, w=70,h=70, src=576,864
10:45:28.899 [FXGL Background Thread 1 ] DEBUG TilesetLoader        - Writing to buffer: dst=0,560, w=70,h=70, src=576,864
10:45:28.900 [FXGL Background Thread 1 ] DEBUG TilesetLoader        - Writing to buffer: dst=70,560, w=70,h=70, src=576,864
10:45:28.903 [FXGL Background Thread 1 ] DEBUG TilesetLoader        - Writing to buffer: dst=910,560, w=70,h=70, src=576,864
10:45:28.933 [FXGL Background Thread 4 ] DEBUG FXGLAssetLoaderServi - Loading from file system: jar:file:/C:/Users/jfran/.m2/repository/com/github/almasb/fxgl/11.14/fxgl-11.14.jar!/fxglassets/ui/fonts/Abel-Regular.ttf
10:45:28.904 [FXGL Background Thread 1 ] DEBUG TilesetLoader        - Writing to buffer: dst=980,560, w=70,h=70, src=576,864
10:45:28.937 [FXGL Background Thread 1 ] DEBUG TilesetLoader        - Writing to buffer: dst=0,630, w=70,h=70, src=576,864
10:45:28.938 [FXGL Background Thread 1 ] DEBUG TilesetLoader        - Writing to buffer: dst=70,630, w=70,h=70, src=576,864
10:45:28.938 [FXGL Background Thread 1 ] DEBUG TilesetLoader        - Writing to buffer: dst=140,630, w=70,h=70, src=648,0
10:45:28.940 [FXGL Background Thread 1 ] DEBUG TilesetLoader        - Writing to buffer: dst=210,630, w=70,h=70, src=576,576
10:45:28.941 [FXGL Background Thread 1 ] DEBUG TilesetLoader        - Writing to buffer: dst=490,630, w=70,h=70, src=576,720
10:45:28.941 [FXGL Background Thread 1 ] DEBUG TilesetLoader        - Writing to buffer: dst=560,630, w=70,h=70, src=576,576
10:45:28.942 [FXGL Background Thread 1 ] DEBUG TilesetLoader        - Writing to buffer: dst=840,630, w=70,h=70, src=576,720
10:45:28.942 [FXGL Background Thread 1 ] DEBUG TilesetLoader        - Writing to buffer: dst=910,630, w=70,h=70, src=576,864
10:45:28.943 [FXGL Background Thread 1 ] DEBUG TilesetLoader        - Writing to buffer: dst=980,630, w=70,h=70, src=576,864
10:45:28.944 [FXGL Background Thread 1 ] DEBUG TMXLevelLoader       - Creating object layer entities
10:45:28.946 [FXGL Background Thread 1 ] WARN  TMXLevelLoader       - Parse error Error: java.lang.IllegalStateException: No EntityFactory was added! Call gameWorld.addEntityFactory()
10:45:28.969 [FXGL Background Thread 4 ] DEBUG FXGLAssetLoaderServi - Loading from file system: jar:file:/C:/Users/jfran/.m2/repository/com/github/almasb/fxgl/11.14/fxgl-11.14.jar!/fxglassets/ui/fonts/lucida_console.ttf
10:45:29.022 [FXGL Background Thread 4 ] DEBUG FXGLAssetLoaderServi - Loading from file system: jar:file:/C:/Users/jfran/.m2/repository/com/github/almasb/fxgl/11.14/fxgl-11.14.jar!/fxglassets/ui/fonts/Courier-Prime.ttf
10:45:29.053 [JavaFX Application Thread] DEBUG FXGLApplication      - Registering font factories with UI factory
10:45:29.076 [JavaFX Application Thread] DEBUG LoopRunner           - Stopping loop
10:45:29.083 [JavaFX Application Thread] FATAL FXGLApplication      - Uncaught Exception:
java.lang.RuntimeException: Initialization failed
	at com.almasb.fxgl.app.FXGLApplication$InitAppTask.failed(FXGLApplication.kt:376)
	at javafx.concurrent.Task.setState(Task.java:710)
	at javafx.concurrent.Task$TaskCallable.lambda$call$2(Task.java:1455)
	at com.sun.javafx.application.PlatformImpl.lambda$runLater$10(PlatformImpl.java:428)
	at java.base/java.security.AccessController.doPrivileged(AccessController.java:391)
	at com.sun.javafx.application.PlatformImpl.lambda$runLater$11(PlatformImpl.java:427)
	at com.sun.glass.ui.InvokeLaterDispatcher$Future.run(InvokeLaterDispatcher.java:96)
	at com.sun.glass.ui.win.WinApplication._runLoop(Native Method)
	at com.sun.glass.ui.win.WinApplication.lambda$runLoop$3(WinApplication.java:174)
	at java.base/java.lang.Thread.run(Thread.java:832)
Caused by: com.almasb.fxgl.entity.level.LevelLoadingException: No EntityFactory was added! Call gameWorld.addEntityFactory()
	at com.almasb.fxgl.entity.level.tiled.TMXLevelLoader.load(TMXLevelLoader.kt:71)
	at com.almasb.fxgl.app.services.FXGLAssetLoaderService.loadLevel(FXGLAssetLoaderService.kt:442)
	at com.almasb.fxgl.dsl.FXGL$Companion.setLevelFromMap(FXGL.kt:532)
	at com.almasb.fxgl.dsl.FXGL.setLevelFromMap(FXGL.kt)
	at Game.setLevel(Game.java:86)
	at Game.initGame(Game.java:43)
	at com.almasb.fxgl.app.FXGLApplication$InitAppTask.initGame(FXGLApplication.kt:372)
	at com.almasb.fxgl.app.FXGLApplication$InitAppTask.call(FXGLApplication.kt:352)
	at com.almasb.fxgl.app.FXGLApplication$InitAppTask.call(FXGLApplication.kt:344)
	at javafx.concurrent.Task$TaskCallable.call(Task.java:1425)
	at java.base/java.util.concurrent.FutureTask.run(FutureTask.java:264)
	at java.base/java.util.concurrent.Executors$RunnableAdapter.call(Executors.java:515)
	at java.base/java.util.concurrent.FutureTask.run(FutureTask.java:264)
	at java.base/java.util.concurrent.ThreadPoolExecutor.runWorker(ThreadPoolExecutor.java:1130)
	at java.base/java.util.concurrent.ThreadPoolExecutor$Worker.run(ThreadPoolExecutor.java:630)
	... 1 more
Caused by: java.lang.IllegalStateException: No EntityFactory was added! Call gameWorld.addEntityFactory()
	at com.almasb.fxgl.entity.GameWorld.create(GameWorld.kt:395)
	at com.almasb.fxgl.entity.level.tiled.TMXLevelLoader.createObjectLayerEntities(TMXLevelLoader.kt:135)
	at com.almasb.fxgl.entity.level.tiled.TMXLevelLoader.load(TMXLevelLoader.kt:53)
	... 15 more

10:45:29.083 [JavaFX Application Thread] FATAL FXGLApplication      - Application will now exit
10:45:29.128 [JavaFX Application Thread] DEBUG PrimaryStageWindow   - Push state: ErrorSubScene
10:45:29.129 [JavaFX Application Thread] DEBUG Input                - Clearing active input actions
10:45:29.157 [JavaFX Application Thread] DEBUG GameApplicationServi - Removing overlay from FXGLLoadingScene and adding to ErrorSubScene
10:45:29.158 [JavaFX Application Thread] DEBUG PrimaryStageWindow   - FXGLLoadingScene -> ErrorSubScene
10:45:29.837 [FXGL Background Thread 2 ] INFO  UpdaterService       - Your current version:  11.14
10:45:29.845 [FXGL Background Thread 2 ] INFO  UpdaterService       - Latest stable version: 17.1
10:45:30.853 [FXGL Background Thread 3 ] DEBUG Engine               - Logging environment variables
10:45:30.854 [FXGL Background Thread 3 ] DEBUG Engine               - achievements: []
10:45:30.855 [FXGL Background Thread 3 ] DEBUG Engine               - actualHeight: 700.0
10:45:30.859 [FXGL Background Thread 3 ] DEBUG Engine               - actualHeightProperty: ReadOnlyDoubleProperty [value: 700.0]
10:45:30.860 [FXGL Background Thread 3 ] DEBUG Engine               - actualWidth: 1050.0
10:45:30.861 [FXGL Background Thread 3 ] DEBUG Engine               - actualWidthProperty: ReadOnlyDoubleProperty [value: 1050.0]
10:45:30.861 [FXGL Background Thread 3 ] DEBUG Engine               - appIcon: fxgl_icon.png
10:45:30.861 [FXGL Background Thread 3 ] DEBUG Engine               - applicationMode: DEVELOPER
10:45:30.862 [FXGL Background Thread 3 ] DEBUG Engine               - cSSList: [fxgl_dark.css]
10:45:30.862 [FXGL Background Thread 3 ] DEBUG Engine               - collisionDetectionStrategy: BRUTE_FORCE
10:45:30.863 [FXGL Background Thread 3 ] DEBUG Engine               - configClass: Optional.empty
10:45:30.863 [FXGL Background Thread 3 ] DEBUG Engine               - credits: []
10:45:30.866 [FXGL Background Thread 3 ] DEBUG Engine               - devBBoxColorProperty: ObjectProperty [value: 0xff0000ff]
10:45:30.868 [FXGL Background Thread 3 ] DEBUG Engine               - devEnableDebugCameraProperty: BooleanProperty [value: false]
10:45:30.869 [FXGL Background Thread 3 ] DEBUG Engine               - devSensorColorProperty: ObjectProperty [value: 0xffff00ff]
10:45:30.869 [FXGL Background Thread 3 ] DEBUG Engine               - devShowBBoxProperty: BooleanProperty [value: false]
10:45:30.870 [FXGL Background Thread 3 ] DEBUG Engine               - devShowPositionProperty: BooleanProperty [value: false]
10:45:30.870 [FXGL Background Thread 3 ] DEBUG Engine               - enabledMenuItems: []
10:45:30.871 [FXGL Background Thread 3 ] DEBUG Engine               - engineServices: [class com.almasb.fxgl.app.services.FXGLAssetLoaderService, class com.almasb.fxgl.app.FXGLApplication$GameApplicationService, class com.almasb.fxgl.app.services.FXGLDialogService, class com.almasb.fxgl.app.services.IOTaskExecutorService, class com.almasb.fxgl.event.EventBusService, class com.almasb.fxgl.io.FileSystemService, class com.almasb.fxgl.localization.LocalizationService, class com.almasb.fxgl.app.services.SystemBundleService, class com.almasb.fxgl.profile.SaveLoadService, class com.almasb.fxgl.ui.FXGLUIFactoryServiceProvider, class com.almasb.fxgl.ui.FXGLDialogFactoryServiceProvider, class com.almasb.fxgl.audio.AudioPlayer, class com.almasb.fxgl.notification.impl.NotificationServiceProvider, class com.almasb.fxgl.achievement.AchievementService, class com.almasb.fxgl.cutscene.CutsceneService, class com.almasb.fxgl.minigames.MiniGameService, class com.almasb.fxgl.net.NetService, class com.almasb.fxgl.app.services.UpdaterService, class com.almasb.fxgl.dev.DevService]
10:45:30.872 [FXGL Background Thread 3 ] DEBUG Engine               - fontGame: Abel-Regular.ttf
10:45:30.873 [FXGL Background Thread 3 ] DEBUG Engine               - fontMono: lucida_console.ttf
10:45:30.873 [FXGL Background Thread 3 ] DEBUG Engine               - fontText: Courier-Prime.ttf
10:45:30.874 [FXGL Background Thread 3 ] DEBUG Engine               - fontUI: VarelaRound-Regular.ttf
10:45:30.875 [FXGL Background Thread 3 ] DEBUG Engine               - fullScreen: BooleanProperty [value: false]
10:45:30.876 [FXGL Background Thread 3 ] DEBUG Engine               - gameDifficulty: MEDIUM
10:45:30.876 [FXGL Background Thread 3 ] DEBUG Engine               - gameDifficultyProperty: ObjectProperty [value: MEDIUM]
10:45:30.877 [FXGL Background Thread 3 ] DEBUG Engine               - globalMusicVolume: 0.5
10:45:30.878 [FXGL Background Thread 3 ] DEBUG Engine               - globalMusicVolumeProperty: DoubleProperty [value: 0.5]
10:45:30.878 [FXGL Background Thread 3 ] DEBUG Engine               - globalSoundVolume: 0.5
10:45:30.879 [FXGL Background Thread 3 ] DEBUG Engine               - globalSoundVolumeProperty: DoubleProperty [value: 0.5]
10:45:30.880 [FXGL Background Thread 3 ] DEBUG Engine               - height: 700
10:45:30.881 [FXGL Background Thread 3 ] DEBUG Engine               - isAndroid: false
10:45:30.883 [FXGL Background Thread 3 ] DEBUG Engine               - isBrowser: false
10:45:30.885 [FXGL Background Thread 3 ] DEBUG Engine               - isClickFeedbackEnabled: false
10:45:30.885 [FXGL Background Thread 3 ] DEBUG Engine               - isCloseConfirmation: false
10:45:30.885 [FXGL Background Thread 3 ] DEBUG Engine               - isDesktop: true
10:45:30.886 [FXGL Background Thread 3 ] DEBUG Engine               - isDeveloperMenuEnabled: false
10:45:30.886 [FXGL Background Thread 3 ] DEBUG Engine               - isEntityPreloadEnabled: true
10:45:30.886 [FXGL Background Thread 3 ] DEBUG Engine               - isExperimental3D: false
10:45:30.887 [FXGL Background Thread 3 ] DEBUG Engine               - isExperimentalNative: false
10:45:30.887 [FXGL Background Thread 3 ] DEBUG Engine               - isExperimentalTiledLargeMap: false
10:45:30.887 [FXGL Background Thread 3 ] DEBUG Engine               - isFileSystemWriteAllowed: true
10:45:30.888 [FXGL Background Thread 3 ] DEBUG Engine               - isFullScreenAllowed: false
10:45:30.888 [FXGL Background Thread 3 ] DEBUG Engine               - isFullScreenFromStart: false
10:45:30.889 [FXGL Background Thread 3 ] DEBUG Engine               - isGameMenuEnabled: true
10:45:30.889 [FXGL Background Thread 3 ] DEBUG Engine               - isIOS: false
10:45:30.890 [FXGL Background Thread 3 ] DEBUG Engine               - isIntroEnabled: false
10:45:30.890 [FXGL Background Thread 3 ] DEBUG Engine               - isLinux: false
10:45:30.890 [FXGL Background Thread 3 ] DEBUG Engine               - isMac: false
10:45:30.891 [FXGL Background Thread 3 ] DEBUG Engine               - isMainMenuEnabled: false
10:45:30.891 [FXGL Background Thread 3 ] DEBUG Engine               - isManualResizeEnabled: false
10:45:30.891 [FXGL Background Thread 3 ] DEBUG Engine               - isMobile: false
10:45:30.892 [FXGL Background Thread 3 ] DEBUG Engine               - isPreserveResizeRatio: false
10:45:30.892 [FXGL Background Thread 3 ] DEBUG Engine               - isProfilingEnabled: false
10:45:30.893 [FXGL Background Thread 3 ] DEBUG Engine               - isScaleAffectedOnResize: true
10:45:30.893 [FXGL Background Thread 3 ] DEBUG Engine               - isSingleStep: false
10:45:30.893 [FXGL Background Thread 3 ] DEBUG Engine               - isUserProfileEnabled: false
10:45:30.894 [FXGL Background Thread 3 ] DEBUG Engine               - isWindows: true
10:45:30.894 [FXGL Background Thread 3 ] DEBUG Engine               - language: ObjectProperty [value: ENGLISH]
10:45:30.894 [FXGL Background Thread 3 ] DEBUG Engine               - menuKey: ESCAPE
10:45:30.895 [FXGL Background Thread 3 ] DEBUG Engine               - notificationViewClass: class com.almasb.fxgl.notification.view.XboxNotificationView
10:45:30.895 [FXGL Background Thread 3 ] DEBUG Engine               - pixelsPerMeter: 50.0
10:45:30.895 [FXGL Background Thread 3 ] DEBUG Engine               - platform: WINDOWS
10:45:30.896 [FXGL Background Thread 3 ] DEBUG Engine               - prefHeightProperty: ReadOnlyDoubleProperty [value: 700.0]
10:45:30.896 [FXGL Background Thread 3 ] DEBUG Engine               - prefWidthProperty: ReadOnlyDoubleProperty [value: 1050.0]
10:45:30.896 [FXGL Background Thread 3 ] DEBUG Engine               - profileDir: profiles/
10:45:30.898 [FXGL Background Thread 3 ] DEBUG Engine               - profileName: StringProperty [value: DEFAULT]
10:45:30.900 [FXGL Background Thread 3 ] DEBUG Engine               - randomSeed: -1
10:45:30.901 [FXGL Background Thread 3 ] DEBUG Engine               - runtimeInfo: RuntimeInfo(platform=WINDOWS, version=11.14, build=01.03.2021 16.59)
10:45:30.901 [FXGL Background Thread 3 ] DEBUG Engine               - saveFileExt: sav
10:45:30.902 [FXGL Background Thread 3 ] DEBUG Engine               - scaledHeightProp$fxgl: DoubleProperty [bound, value: 700.0]
10:45:30.902 [FXGL Background Thread 3 ] DEBUG Engine               - scaledWidthProp$fxgl: DoubleProperty [bound, value: 1050.0]
10:45:30.903 [FXGL Background Thread 3 ] DEBUG Engine               - sceneFactory: com.almasb.fxgl.app.scene.SceneFactory@35f5d560
10:45:30.903 [FXGL Background Thread 3 ] DEBUG Engine               - secondsIn24h: 60
10:45:30.903 [FXGL Background Thread 3 ] DEBUG Engine               - soundMenuBack: menu/back.wav
10:45:30.903 [FXGL Background Thread 3 ] DEBUG Engine               - soundMenuPress: menu/press.wav
10:45:30.904 [FXGL Background Thread 3 ] DEBUG Engine               - soundMenuSelect: menu/select.wav
10:45:30.904 [FXGL Background Thread 3 ] DEBUG Engine               - soundNotification: core/notification.wav
10:45:30.904 [FXGL Background Thread 3 ] DEBUG Engine               - stageStyle: DECORATED
10:45:30.905 [FXGL Background Thread 3 ] DEBUG Engine               - supportedLanguages: [ENGLISH, FRENCH, GERMAN, HUNGARIAN, RUSSIAN]
10:45:30.905 [FXGL Background Thread 3 ] DEBUG Engine               - ticksPerSecond: -1
10:45:30.905 [FXGL Background Thread 3 ] DEBUG Engine               - title: Demo game
10:45:30.906 [FXGL Background Thread 3 ] DEBUG Engine               - urlGithub: https://github.com/AlmasB/FXGL
10:45:30.906 [FXGL Background Thread 3 ] DEBUG Engine               - urlLeaderboard: http://fxgl-top.herokuapp.com/
10:45:30.906 [FXGL Background Thread 3 ] DEBUG Engine               - urlPOM: https://raw.githubusercontent.com/AlmasB/FXGL/release/README.md
10:45:30.906 [FXGL Background Thread 3 ] DEBUG Engine               - userAppClass: class Game
10:45:30.907 [FXGL Background Thread 3 ] DEBUG Engine               - version: 1.1
10:45:30.907 [FXGL Background Thread 3 ] DEBUG Engine               - versionCheckDays: 7
10:45:30.907 [FXGL Background Thread 3 ] DEBUG Engine               - width: 1050
10:45:30.908 [FXGL Background Thread 3 ] DEBUG Engine               - Logging services
10:45:30.908 [FXGL Background Thread 3 ] DEBUG Engine               - class com.almasb.fxgl.app.services.FXGLAssetLoaderService
10:45:30.908 [FXGL Background Thread 3 ] DEBUG Engine               - class com.almasb.fxgl.app.FXGLApplication$GameApplicationService
10:45:30.908 [FXGL Background Thread 3 ] DEBUG Engine               - class com.almasb.fxgl.app.services.FXGLDialogService
10:45:30.909 [FXGL Background Thread 3 ] DEBUG Engine               - class com.almasb.fxgl.app.services.IOTaskExecutorService
10:45:30.909 [FXGL Background Thread 3 ] DEBUG Engine               - class com.almasb.fxgl.event.EventBusService
10:45:30.910 [FXGL Background Thread 3 ] DEBUG Engine               - class com.almasb.fxgl.io.FileSystemService
10:45:30.910 [FXGL Background Thread 3 ] DEBUG Engine               - class com.almasb.fxgl.localization.LocalizationService
10:45:30.910 [FXGL Background Thread 3 ] DEBUG Engine               - class com.almasb.fxgl.app.services.SystemBundleService
10:45:30.911 [FXGL Background Thread 3 ] DEBUG Engine               - class com.almasb.fxgl.profile.SaveLoadService
10:45:30.911 [FXGL Background Thread 3 ] DEBUG Engine               - class com.almasb.fxgl.ui.FXGLUIFactoryServiceProvider
10:45:30.911 [FXGL Background Thread 3 ] DEBUG Engine               - class com.almasb.fxgl.ui.FXGLDialogFactoryServiceProvider
10:45:30.912 [FXGL Background Thread 3 ] DEBUG Engine               - class com.almasb.fxgl.audio.AudioPlayer
10:45:30.912 [FXGL Background Thread 3 ] DEBUG Engine               - class com.almasb.fxgl.notification.impl.NotificationServiceProvider
10:45:30.912 [FXGL Background Thread 3 ] DEBUG Engine               - class com.almasb.fxgl.achievement.AchievementService
10:45:30.913 [FXGL Background Thread 3 ] DEBUG Engine               - class com.almasb.fxgl.cutscene.CutsceneService
10:45:30.913 [FXGL Background Thread 3 ] DEBUG Engine               - class com.almasb.fxgl.minigames.MiniGameService
10:45:30.914 [FXGL Background Thread 3 ] DEBUG Engine               - class com.almasb.fxgl.net.NetService
10:45:30.916 [FXGL Background Thread 3 ] DEBUG Engine               - class com.almasb.fxgl.app.services.UpdaterService
10:45:30.917 [FXGL Background Thread 3 ] DEBUG Engine               - class com.almasb.fxgl.dev.DevService
10:45:32.918 [JavaFX Application Thread] DEBUG FXGLApplication      - Exiting FXGL
10:45:32.919 [JavaFX Application Thread] DEBUG Async                - Shutting down background threads
10:45:32.919 [JavaFX Application Thread] DEBUG PrimaryStageWindow   - Closing main window
10:45:32.969 [JavaFX Application Thread] DEBUG Logger               - Closing Logger
