19:33:25.157 [main                     ] DEBUG Logger               - Configured Logger
19:33:25.166 [main                     ] DEBUG GameApplication      - Logging settings
Title: Demo game
Version: 1.0
Width: 800
Height: 800
Fullscreen: false
Intro: false
Profiling: false
Single step:false
App Mode: DEVELOPER
Menu Key: ESCAPE
Stage Style: DECORATED
Scene Factory: class com.almasb.fxgl.app.scene.SceneFactory

19:33:26.350 [JavaFX Application Thread] DEBUG FXGLApplication      - Initializing FXGL
19:33:26.353 [JavaFX Application Thread] INFO  Engine               - FXGL-11.14 (01.03.2021 16.59) on WINDOWS (J:18 FX:15)
19:33:26.353 [JavaFX Application Thread] DEBUG Engine               - JRE Vendor Name: Oracle Corporation
19:33:26.353 [JavaFX Application Thread] DEBUG Engine               - Running on OS: Windows 10 version 10.0
19:33:26.353 [JavaFX Application Thread] DEBUG Engine               - Architecture: amd64
19:33:26.354 [JavaFX Application Thread] INFO  Engine               - Source code and latest versions at: https://github.com/AlmasB/FXGL
19:33:26.354 [JavaFX Application Thread] INFO  Engine               -              Join the FXGL chat at: https://gitter.im/AlmasB/FXGL
19:33:26.689 [JavaFX Application Thread] DEBUG PrimaryStageWindow   - Creating a JavaFX scene
19:33:26.815 [JavaFX Application Thread] DEBUG PrimaryStageWindow   - Target settings size: 800.0 x 800.0
19:33:26.815 [JavaFX Application Thread] DEBUG PrimaryStageWindow   - Scaled scene size:    800.0 x 800.0
19:33:26.816 [JavaFX Application Thread] DEBUG PrimaryStageWindow   - Scaled ratio: (1.0, 1.0)
19:33:26.817 [JavaFX Application Thread] DEBUG PrimaryStageWindow   - Set initial scene to FXGLStartupScene
19:33:26.833 [JavaFX Application Thread] DEBUG PrimaryStageWindow   - Opening main window
19:33:26.984 [JavaFX Application Thread] DEBUG PrimaryStageWindow   - Window border size: (14.4000244140625, 37.5999755859375)
19:33:26.984 [JavaFX Application Thread] DEBUG PrimaryStageWindow   - Scaled size: 800.0 x 800.0
19:33:26.984 [JavaFX Application Thread] DEBUG PrimaryStageWindow   - Scaled ratio: (1.0, 1.0)
19:33:26.984 [JavaFX Application Thread] DEBUG PrimaryStageWindow   - Scene size: 800.0 x 800.0
19:33:26.984 [JavaFX Application Thread] DEBUG PrimaryStageWindow   - Stage size: 814.4000244140625 x 837.5999755859375
19:33:27.070 [FXGL Background Thread 1 ] DEBUG Engine               - Initializing environment variables
19:33:27.133 [FXGL Background Thread 1 ] DEBUG FXGLAssetLoaderServi - User app class for loading assets: class Game
19:33:27.133 [FXGL Background Thread 1 ] DEBUG GameApplicationServi - Applying CSS: fxgl_dark.css
19:33:27.134 [FXGL Background Thread 1 ] DEBUG FXGLAssetLoaderServi - Loading from file system: jar:file:/C:/Users/Eigenaar/.m2/repository/com/github/almasb/fxgl/11.14/fxgl-11.14.jar!/fxglassets/ui/css/fxgl_dark.css
19:33:27.199 [FXGL Background Thread 1 ] DEBUG GameApplicationServi - Initializing application scenes
19:33:27.291 [FXGL Background Thread 1 ] DEBUG GameWorld            - Game world initialized
19:33:27.371 [FXGL Background Thread 1 ] DEBUG PhysicsWorld         - Physics world initialized: appHeight=800, physics.ppm=50,0
19:33:27.371 [FXGL Background Thread 1 ] DEBUG PhysicsWorld         - Using strategy: BRUTE_FORCE
19:33:27.374 [FXGL Background Thread 1 ] DEBUG GameScene            - Game scene initialized: 800x800
19:33:27.427 [FXGL Background Thread 1 ] DEBUG FXGLAssetLoaderServi - Loading from file system: jar:file:/C:/Users/Eigenaar/.m2/repository/com/github/almasb/fxgl/11.14/fxgl-11.14.jar!/fxglassets/textures/particles/trace_horizontal.png
19:33:27.483 [FXGL Background Thread 1 ] DEBUG FXGL.DefaultMenu     - createMenuBodyGameMenu()
19:33:27.504 [FXGL Background Thread 1 ] DEBUG FXGL.DefaultMenu     - createOptionsMenu()
19:33:27.511 [FXGL Background Thread 1 ] DEBUG FXGLAssetLoaderServi - Loading from file system: jar:file:/C:/Users/Eigenaar/.m2/repository/com/github/almasb/fxgl/11.14/fxgl-11.14.jar!/fxglassets/textures/particles/smoke.png
19:33:27.587 [FXGL Background Thread 1 ] DEBUG GameApplicationServi - Application scenes initialized
19:33:27.620 [FXGL Background Thread 1 ] DEBUG SystemBundleService  - Loading FXGL system data
19:33:27.624 [FXGL Background Thread 1 ] DEBUG FileSystemAccess     - Reading from: C:\Users\Eigenaar\OneDrive - Hogeschool Leiden\IPOSE-Maven\system\fxgl.bundle
19:33:27.642 [FXGL Background Thread 1 ] DEBUG SystemBundleService  - Bundle FXGL: {}
19:33:27.642 [FXGL Background Thread 1 ] DEBUG UpdaterService       - Checking for updates
19:33:27.650 [FXGL Background Thread 1 ] DEBUG FXGLApplication      - Loading default localization
19:33:27.651 [FXGL Background Thread 1 ] DEBUG FXGLAssetLoaderServi - Loading from file system: jar:file:/C:/Users/Eigenaar/.m2/repository/com/github/almasb/fxgl/11.14/fxgl-11.14.jar!/fxglassets/languages/english.lang
19:33:27.679 [FXGL Background Thread 1 ] INFO  FXGLApplication      - FXGL initialization took: 0,609 sec
19:33:27.693 [JavaFX Application Thread] DEBUG Input                - Registered new binding: action0 - D
19:33:27.693 [JavaFX Application Thread] DEBUG Input                - Registered new binding: action1 - A
19:33:27.693 [JavaFX Application Thread] DEBUG Input                - Registered new binding: action2 - W
19:33:27.694 [JavaFX Application Thread] DEBUG Input                - Registered new binding: action3 - S
19:33:27.694 [JavaFX Application Thread] DEBUG FXGLAssetLoaderServi - Loading from file system: jar:file:/C:/Users/Eigenaar/.m2/repository/com/github/almasb/fxgl/11.14/fxgl-11.14.jar!/fxglassets/textures/fxgl_icon.png
19:33:27.776 [FXGL Background Thread 4 ] DEBUG FXGLApplication      - Loading fonts
19:33:27.778 [FXGL Background Thread 4 ] DEBUG FXGLAssetLoaderServi - Loading from file system: jar:file:/C:/Users/Eigenaar/.m2/repository/com/github/almasb/fxgl/11.14/fxgl-11.14.jar!/fxglassets/ui/fonts/VarelaRound-Regular.ttf
19:33:27.781 [JavaFX Application Thread] DEBUG FXGLAssetLoaderServi - Loading from file system: jar:file:/C:/Users/Eigenaar/.m2/repository/com/github/almasb/fxgl/11.14/fxgl-11.14.jar!/fxglassets/ui/cursors/fxgl_default.png
19:33:27.784 [JavaFX Application Thread] DEBUG Input                - Registered new binding: Screenshot - P
19:33:27.784 [JavaFX Application Thread] DEBUG Input                - Registered new binding: System info dump - CTRL+9
19:33:27.786 [JavaFX Application Thread] DEBUG Input                - Registered new binding: Restart - CTRL+R
19:33:27.787 [JavaFX Application Thread] DEBUG Input                - Registered new binding: Toggle Debug Camera - CTRL+C
19:33:27.791 [JavaFX Application Thread] DEBUG LoopRunner           - Starting loop
19:33:27.791 [JavaFX Application Thread] DEBUG LoopRunner           - Initializing JavaFX AnimationTimerLoop
19:33:27.793 [JavaFX Application Thread] DEBUG GameApplicationServi - Starting new game
19:33:27.794 [JavaFX Application Thread] DEBUG Input                - Clearing active input actions
19:33:27.810 [JavaFX Application Thread] DEBUG GameApplicationServi - Removing overlay from FXGLStartupScene and adding to FXGLLoadingScene
19:33:27.810 [JavaFX Application Thread] DEBUG PrimaryStageWindow   - FXGLStartupScene -> FXGLLoadingScene
19:33:27.810 [JavaFX Application Thread] DEBUG GameApplicationServi - Clearing previous game
19:33:27.810 [JavaFX Application Thread] DEBUG GameScene            - Clearing game scene
19:33:27.810 [JavaFX Application Thread] DEBUG GameWorld            - Clearing game world
19:33:27.811 [JavaFX Application Thread] DEBUG PhysicsWorld         - Clearing physics world
19:33:27.815 [FXGL Background Thread 1 ] DEBUG FXGLApplication      - Initializing game
19:33:27.819 [FXGL Background Thread 1 ] DEBUG FXGLAssetLoaderServi - Loading from file system: file:/C:/Users/Eigenaar/OneDrive%20-%20Hogeschool%20Leiden/IPOSE-Maven/target/classes/assets/textures/madotsuki.png
19:33:27.822 [FXGL Background Thread 1 ] WARN  FXGLAssetLoaderServi - Failed to load file:/C:/Users/Eigenaar/OneDrive%20-%20Hogeschool%20Leiden/IPOSE-Maven/target/classes/assets/textures/madotsuki.png Error: com.sun.javafx.iio.ImageStorageException: No loader for image data
19:33:27.838 [FXGL Background Thread 1 ] INFO  FXGLApplication      - Game initialization took: 0,023 sec
19:33:27.893 [JavaFX Application Thread] DEBUG Input                - Clearing active input actions
19:33:27.911 [JavaFX Application Thread] DEBUG GameApplicationServi - Removing overlay from FXGLLoadingScene and adding to GameScene
19:33:27.912 [JavaFX Application Thread] DEBUG PrimaryStageWindow   - FXGLLoadingScene -> GameScene
19:33:28.332 [FXGL Background Thread 4 ] DEBUG FXGLAssetLoaderServi - Loading from file system: jar:file:/C:/Users/Eigenaar/.m2/repository/com/github/almasb/fxgl/11.14/fxgl-11.14.jar!/fxglassets/ui/fonts/Abel-Regular.ttf
19:33:28.356 [FXGL Background Thread 4 ] DEBUG FXGLAssetLoaderServi - Loading from file system: jar:file:/C:/Users/Eigenaar/.m2/repository/com/github/almasb/fxgl/11.14/fxgl-11.14.jar!/fxglassets/ui/fonts/lucida_console.ttf
19:33:28.374 [FXGL Background Thread 4 ] DEBUG FXGLAssetLoaderServi - Loading from file system: jar:file:/C:/Users/Eigenaar/.m2/repository/com/github/almasb/fxgl/11.14/fxgl-11.14.jar!/fxglassets/ui/fonts/Courier-Prime.ttf
19:33:28.385 [JavaFX Application Thread] DEBUG FXGLApplication      - Registering font factories with UI factory
19:33:28.560 [FXGL Background Thread 2 ] INFO  UpdaterService       - Your current version:  11.14
19:33:28.560 [FXGL Background Thread 2 ] INFO  UpdaterService       - Latest stable version: 17.1
19:33:30.529 [JavaFX Application Thread] DEBUG FXGLApplication      - Exiting FXGL
19:33:30.529 [JavaFX Application Thread] DEBUG LoopRunner           - Stopping loop
19:33:30.529 [JavaFX Application Thread] DEBUG SystemBundleService  - Saving FXGL system data
19:33:30.531 [JavaFX Application Thread] DEBUG FileSystemAccess     - Writing to: C:\Users\Eigenaar\OneDrive - Hogeschool Leiden\IPOSE-Maven\system\fxgl.bundle
19:33:30.533 [JavaFX Application Thread] DEBUG Async                - Shutting down background threads
19:33:30.533 [JavaFX Application Thread] DEBUG PrimaryStageWindow   - Closing main window
19:33:30.565 [JavaFX Application Thread] DEBUG Logger               - Closing Logger
