14:53:39.319 [main                     ] DEBUG Logger               - Configured Logger
14:53:39.353 [main                     ] DEBUG GameApplication      - Logging settings
Title: Demo game
Version: 1.2
Width: 1050
Height: 700
Fullscreen: false
Intro: false
Profiling: false
Single step:false
App Mode: DEVELOPER
Menu Key: ESCAPE
Stage Style: DECORATED
Scene Factory: class com.almasb.fxgl.app.scene.SceneFactory

14:53:40.794 [JavaFX Application Thread] DEBUG FXGLApplication      - Initializing FXGL
14:53:40.800 [JavaFX Application Thread] INFO  Engine               - FXGL-11.14 (01.03.2021 16.59) on WINDOWS (J:15.0.2 FX:15)
14:53:40.801 [JavaFX Application Thread] DEBUG Engine               - JRE Vendor Name: Amazon.com Inc.
14:53:40.801 [JavaFX Application Thread] DEBUG Engine               - Running on OS: Windows 10 version 10.0
14:53:40.804 [JavaFX Application Thread] DEBUG Engine               - Architecture: amd64
14:53:40.805 [JavaFX Application Thread] INFO  Engine               - Source code and latest versions at: https://github.com/AlmasB/FXGL
14:53:40.806 [JavaFX Application Thread] INFO  Engine               -              Join the FXGL chat at: https://gitter.im/AlmasB/FXGL
14:53:41.302 [JavaFX Application Thread] DEBUG PrimaryStageWindow   - Creating a JavaFX scene
14:53:41.527 [JavaFX Application Thread] DEBUG PrimaryStageWindow   - Target settings size: 1050.0 x 700.0
14:53:41.527 [JavaFX Application Thread] DEBUG PrimaryStageWindow   - Scaled scene size:    1050.0 x 700.0
14:53:41.528 [JavaFX Application Thread] DEBUG PrimaryStageWindow   - Scaled ratio: (1.0, 1.0)
14:53:41.531 [JavaFX Application Thread] DEBUG PrimaryStageWindow   - Set initial scene to FXGLStartupScene
14:53:41.557 [JavaFX Application Thread] DEBUG PrimaryStageWindow   - Opening main window
14:53:41.920 [JavaFX Application Thread] DEBUG PrimaryStageWindow   - Window border size: (14.800048828125, 37.5999755859375)
14:53:41.920 [JavaFX Application Thread] DEBUG PrimaryStageWindow   - Scaled size: 1050.0 x 700.0
14:53:41.921 [JavaFX Application Thread] DEBUG PrimaryStageWindow   - Scaled ratio: (1.0, 1.0)
14:53:41.921 [JavaFX Application Thread] DEBUG PrimaryStageWindow   - Scene size: 1050.0 x 700.0
14:53:41.922 [JavaFX Application Thread] DEBUG PrimaryStageWindow   - Stage size: 1064.800048828125 x 737.5999755859375
14:53:42.035 [FXGL Background Thread 1 ] DEBUG Engine               - Initializing environment variables
14:53:42.175 [FXGL Background Thread 1 ] DEBUG FXGLAssetLoaderServi - User app class for loading assets: class Game
14:53:42.175 [FXGL Background Thread 1 ] DEBUG GameApplicationServi - Applying CSS: fxgl_dark.css
14:53:42.182 [FXGL Background Thread 1 ] DEBUG FXGLAssetLoaderServi - Loading from file system: jar:file:/C:/Users/jfran/.m2/repository/com/github/almasb/fxgl/11.14/fxgl-11.14.jar!/fxglassets/ui/css/fxgl_dark.css
14:53:42.336 [FXGL Background Thread 1 ] DEBUG GameApplicationServi - Initializing application scenes
14:53:42.518 [FXGL Background Thread 1 ] DEBUG GameWorld            - Game world initialized
14:53:42.718 [FXGL Background Thread 1 ] DEBUG PhysicsWorld         - Physics world initialized: appHeight=700, physics.ppm=50,0
14:53:42.719 [FXGL Background Thread 1 ] DEBUG PhysicsWorld         - Using strategy: BRUTE_FORCE
14:53:42.727 [FXGL Background Thread 1 ] DEBUG GameScene            - Game scene initialized: 1050x700
14:53:42.820 [FXGL Background Thread 1 ] DEBUG FXGLAssetLoaderServi - Loading from file system: jar:file:/C:/Users/jfran/.m2/repository/com/github/almasb/fxgl/11.14/fxgl-11.14.jar!/fxglassets/textures/particles/trace_horizontal.png
14:53:42.985 [FXGL Background Thread 1 ] DEBUG FXGL.DefaultMenu     - createMenuBodyMainMenu()
14:53:43.041 [FXGL Background Thread 1 ] DEBUG FXGL.DefaultMenu     - createOptionsMenu()
14:53:43.060 [FXGL Background Thread 1 ] DEBUG FXGLAssetLoaderServi - Loading from file system: jar:file:/C:/Users/jfran/.m2/repository/com/github/almasb/fxgl/11.14/fxgl-11.14.jar!/fxglassets/textures/particles/smoke.png
14:53:43.290 [FXGL Background Thread 1 ] DEBUG FXGL.DefaultMenu     - createMenuBodyGameMenu()
14:53:43.296 [FXGL Background Thread 1 ] DEBUG FXGL.DefaultMenu     - createOptionsMenu()
14:53:43.339 [FXGL Background Thread 1 ] DEBUG GameApplicationServi - Application scenes initialized
14:53:43.369 [FXGL Background Thread 1 ] DEBUG SystemBundleService  - Loading FXGL system data
14:53:43.381 [FXGL Background Thread 1 ] DEBUG FileSystemAccess     - Reading from: C:\Users\jfran\OneDrive - Hogeschool Leiden\IPOSE-Maven\system\fxgl.bundle
14:53:43.404 [FXGL Background Thread 1 ] DEBUG SystemBundleService  - Bundle FXGL: {}
14:53:43.404 [FXGL Background Thread 1 ] DEBUG UpdaterService       - Checking for updates
14:53:43.421 [FXGL Background Thread 1 ] DEBUG FXGLApplication      - Loading default localization
14:53:43.427 [FXGL Background Thread 1 ] DEBUG FXGLAssetLoaderServi - Loading from file system: jar:file:/C:/Users/jfran/.m2/repository/com/github/almasb/fxgl/11.14/fxgl-11.14.jar!/fxglassets/languages/english.lang
14:53:43.472 [FXGL Background Thread 1 ] INFO  FXGLApplication      - FXGL initialization took: 1,438 sec
14:53:43.484 [FXGL Background Thread 4 ] DEBUG FXGLApplication      - Loading fonts
14:53:43.500 [FXGL Background Thread 4 ] DEBUG FXGLAssetLoaderServi - Loading from file system: jar:file:/C:/Users/jfran/.m2/repository/com/github/almasb/fxgl/11.14/fxgl-11.14.jar!/fxglassets/ui/fonts/VarelaRound-Regular.ttf
14:53:43.497 [JavaFX Application Thread] DEBUG Input                - Registered new binding: Left - A
14:53:43.511 [JavaFX Application Thread] DEBUG Input                - Registered new binding: Right - D
14:53:43.512 [JavaFX Application Thread] DEBUG Input                - Registered new binding: Jump - W
14:53:43.513 [JavaFX Application Thread] DEBUG FXGLAssetLoaderServi - Loading from file system: jar:file:/C:/Users/jfran/.m2/repository/com/github/almasb/fxgl/11.14/fxgl-11.14.jar!/fxglassets/textures/fxgl_icon.png
14:53:43.709 [JavaFX Application Thread] DEBUG FXGLAssetLoaderServi - Loading from file system: jar:file:/C:/Users/jfran/.m2/repository/com/github/almasb/fxgl/11.14/fxgl-11.14.jar!/fxglassets/ui/cursors/fxgl_default.png
14:53:43.715 [JavaFX Application Thread] DEBUG Input                - Registered new binding: Screenshot - P
14:53:43.716 [JavaFX Application Thread] DEBUG Input                - Registered new binding: System info dump - CTRL+9
14:53:43.718 [JavaFX Application Thread] DEBUG Input                - Registered new binding: Restart - CTRL+R
14:53:43.720 [JavaFX Application Thread] DEBUG Input                - Registered new binding: Toggle Debug Camera - CTRL+C
14:53:43.727 [JavaFX Application Thread] DEBUG LoopRunner           - Starting loop
14:53:43.727 [JavaFX Application Thread] DEBUG LoopRunner           - Initializing JavaFX AnimationTimerLoop
14:53:43.734 [JavaFX Application Thread] DEBUG Input                - Clearing active input actions
14:53:43.759 [JavaFX Application Thread] DEBUG GameApplicationServi - Removing overlay from FXGLStartupScene and adding to FXGLMainMenuDummyScene
14:53:43.760 [JavaFX Application Thread] DEBUG PrimaryStageWindow   - FXGLStartupScene -> FXGLMainMenuDummyScene
14:53:43.760 [JavaFX Application Thread] DEBUG PrimaryStageWindow   - Push state: FXGLDefaultMenu
14:53:43.778 [JavaFX Application Thread] DEBUG Input                - Clearing active input actions
14:53:43.862 [JavaFX Application Thread] DEBUG GameApplicationServi - Removing overlay from FXGLMainMenuDummyScene and adding to FXGLDefaultMenu
14:53:43.864 [JavaFX Application Thread] DEBUG PrimaryStageWindow   - FXGLMainMenuDummyScene -> FXGLDefaultMenu
14:53:44.313 [FXGL Background Thread 4 ] DEBUG FXGLAssetLoaderServi - Loading from file system: jar:file:/C:/Users/jfran/.m2/repository/com/github/almasb/fxgl/11.14/fxgl-11.14.jar!/fxglassets/ui/fonts/Abel-Regular.ttf
14:53:44.341 [FXGL Background Thread 4 ] DEBUG FXGLAssetLoaderServi - Loading from file system: jar:file:/C:/Users/jfran/.m2/repository/com/github/almasb/fxgl/11.14/fxgl-11.14.jar!/fxglassets/ui/fonts/lucida_console.ttf
14:53:44.370 [FXGL Background Thread 4 ] DEBUG FXGLAssetLoaderServi - Loading from file system: jar:file:/C:/Users/jfran/.m2/repository/com/github/almasb/fxgl/11.14/fxgl-11.14.jar!/fxglassets/ui/fonts/Courier-Prime.ttf
14:53:44.400 [JavaFX Application Thread] DEBUG FXGLApplication      - Registering font factories with UI factory
14:53:45.079 [FXGL Background Thread 2 ] INFO  UpdaterService       - Your current version:  11.14
14:53:45.080 [FXGL Background Thread 2 ] INFO  UpdaterService       - Latest stable version: 17.1
14:53:46.269 [JavaFX Application Thread] DEBUG Menu                 - fireNewGame()
14:53:46.270 [JavaFX Application Thread] DEBUG GameApplicationServi - Starting new game
14:53:46.275 [JavaFX Application Thread] DEBUG PrimaryStageWindow   - Pop state: FXGLDefaultMenu
14:53:46.276 [JavaFX Application Thread] DEBUG Input                - Clearing active input actions
14:53:46.308 [JavaFX Application Thread] DEBUG GameApplicationServi - Removing overlay from FXGLDefaultMenu and adding to FXGLMainMenuDummyScene
14:53:46.309 [JavaFX Application Thread] DEBUG PrimaryStageWindow   - FXGLMainMenuDummyScene <- FXGLDefaultMenu
14:53:46.310 [JavaFX Application Thread] DEBUG Input                - Clearing active input actions
14:53:46.334 [JavaFX Application Thread] DEBUG GameApplicationServi - Removing overlay from FXGLMainMenuDummyScene and adding to FXGLLoadingScene
14:53:46.335 [JavaFX Application Thread] DEBUG PrimaryStageWindow   - FXGLMainMenuDummyScene -> FXGLLoadingScene
14:53:46.336 [JavaFX Application Thread] DEBUG GameApplicationServi - Clearing previous game
14:53:46.336 [JavaFX Application Thread] DEBUG GameScene            - Clearing game scene
14:53:46.336 [JavaFX Application Thread] DEBUG GameWorld            - Clearing game world
14:53:46.337 [JavaFX Application Thread] DEBUG PhysicsWorld         - Clearing physics world
14:53:46.340 [FXGL Background Thread 2 ] DEBUG FXGLApplication      - Initializing game
14:53:46.415 [FXGL Background Thread 3 ] DEBUG Engine               - Logging environment variables
14:53:46.416 [FXGL Background Thread 3 ] DEBUG Engine               - achievements: []
14:53:46.417 [FXGL Background Thread 3 ] DEBUG Engine               - actualHeight: 700.0
14:53:46.417 [FXGL Background Thread 3 ] DEBUG Engine               - actualHeightProperty: ReadOnlyDoubleProperty [value: 700.0]
14:53:46.418 [FXGL Background Thread 3 ] DEBUG Engine               - actualWidth: 1050.0
14:53:46.419 [FXGL Background Thread 3 ] DEBUG Engine               - actualWidthProperty: ReadOnlyDoubleProperty [value: 1050.0]
14:53:46.432 [FXGL Background Thread 3 ] DEBUG Engine               - appIcon: fxgl_icon.png
14:53:46.432 [FXGL Background Thread 3 ] DEBUG Engine               - applicationMode: DEVELOPER
14:53:46.433 [FXGL Background Thread 3 ] DEBUG Engine               - cSSList: [fxgl_dark.css]
14:53:46.433 [FXGL Background Thread 3 ] DEBUG Engine               - collisionDetectionStrategy: BRUTE_FORCE
14:53:46.434 [FXGL Background Thread 3 ] DEBUG Engine               - configClass: Optional.empty
14:53:46.434 [FXGL Background Thread 3 ] DEBUG Engine               - credits: []
14:53:46.435 [FXGL Background Thread 3 ] DEBUG Engine               - devBBoxColorProperty: ObjectProperty [value: 0xff0000ff]
14:53:46.432 [FXGL Background Thread 2 ] WARN  TMXLevelLoader       - TiledMap generated from 1.0.1. Supported version: 1.2.3. Some features may not be parsed fully.
14:53:46.436 [FXGL Background Thread 3 ] DEBUG Engine               - devEnableDebugCameraProperty: BooleanProperty [value: false]
14:53:46.437 [FXGL Background Thread 3 ] DEBUG Engine               - devSensorColorProperty: ObjectProperty [value: 0xffff00ff]
14:53:46.437 [FXGL Background Thread 3 ] DEBUG Engine               - devShowBBoxProperty: BooleanProperty [value: false]
14:53:46.437 [FXGL Background Thread 3 ] DEBUG Engine               - devShowPositionProperty: BooleanProperty [value: false]
14:53:46.449 [FXGL Background Thread 3 ] DEBUG Engine               - enabledMenuItems: []
14:53:46.450 [FXGL Background Thread 3 ] DEBUG Engine               - engineServices: [class com.almasb.fxgl.app.services.FXGLAssetLoaderService, class com.almasb.fxgl.app.FXGLApplication$GameApplicationService, class com.almasb.fxgl.app.services.FXGLDialogService, class com.almasb.fxgl.app.services.IOTaskExecutorService, class com.almasb.fxgl.event.EventBusService, class com.almasb.fxgl.io.FileSystemService, class com.almasb.fxgl.localization.LocalizationService, class com.almasb.fxgl.app.services.SystemBundleService, class com.almasb.fxgl.profile.SaveLoadService, class com.almasb.fxgl.ui.FXGLUIFactoryServiceProvider, class com.almasb.fxgl.ui.FXGLDialogFactoryServiceProvider, class com.almasb.fxgl.audio.AudioPlayer, class com.almasb.fxgl.notification.impl.NotificationServiceProvider, class com.almasb.fxgl.achievement.AchievementService, class com.almasb.fxgl.cutscene.CutsceneService, class com.almasb.fxgl.minigames.MiniGameService, class com.almasb.fxgl.net.NetService, class com.almasb.fxgl.app.services.UpdaterService, class com.almasb.fxgl.dev.DevService]
14:53:46.450 [FXGL Background Thread 3 ] DEBUG Engine               - fontGame: Abel-Regular.ttf
14:53:46.451 [FXGL Background Thread 3 ] DEBUG Engine               - fontMono: lucida_console.ttf
14:53:46.451 [FXGL Background Thread 3 ] DEBUG Engine               - fontText: Courier-Prime.ttf
14:53:46.452 [FXGL Background Thread 3 ] DEBUG Engine               - fontUI: VarelaRound-Regular.ttf
14:53:46.452 [FXGL Background Thread 3 ] DEBUG Engine               - fullScreen: BooleanProperty [value: false]
14:53:46.452 [FXGL Background Thread 3 ] DEBUG Engine               - gameDifficulty: MEDIUM
14:53:46.453 [FXGL Background Thread 3 ] DEBUG Engine               - gameDifficultyProperty: ObjectProperty [value: MEDIUM]
14:53:46.453 [FXGL Background Thread 3 ] DEBUG Engine               - globalMusicVolume: 0.5
14:53:46.454 [FXGL Background Thread 3 ] DEBUG Engine               - globalMusicVolumeProperty: DoubleProperty [value: 0.5]
14:53:46.454 [FXGL Background Thread 3 ] DEBUG Engine               - globalSoundVolume: 0.5
14:53:46.454 [FXGL Background Thread 3 ] DEBUG Engine               - globalSoundVolumeProperty: DoubleProperty [value: 0.5]
14:53:46.455 [FXGL Background Thread 3 ] DEBUG Engine               - height: 700
14:53:46.457 [FXGL Background Thread 2 ] DEBUG TMXLevelLoader       - Parsed raw map: TiledMap(width=15, height=10, tilewidth=70, tileheight=70, orientation=orthogonal, layers=[Layer(width=15, height=10, name=Tile Layer 1, type=tilelayer, visible=false, x=0, y=0, data=[153, 0, 0, 0, 0, 0, 0, 0, 0, 0, 0, 0, 0, 0, 0, 153, 2, 0, 0, 69, 57, 45, 0, 0, 0, 0, 0, 0, 0, 0, 153, 10, 0, 0, 0, 0, 0, 0, 0, 0, 0, 0, 0, 0, 0, 153, 153, 0, 0, 0, 0, 0, 0, 15, 3, 3, 27, 0, 0, 0, 153, 153, 0, 0, 0, 0, 0, 0, 0, 0, 0, 0, 0, 0, 0, 153, 153, 0, 0, 0, 0, 0, 0, 0, 0, 0, 0, 0, 0, 116, 153, 153, 0, 0, 0, 0, 0, 0, 15, 3, 3, 27, 0, 116, 153, 153, 153, 0, 0, 69, 81, 57, 0, 0, 0, 0, 0, 0, 153, 153, 153, 153, 0, 0, 0, 0, 0, 0, 0, 0, 0, 0, 0, 153, 153, 153, 153, 10, 105, 0, 0, 0, 129, 105, 0, 0, 0, 129, 153, 153], objects=[], opacity=0.0, draworder=), Layer(width=0, height=0, name=Object Layer 1, type=objectgroup, visible=false, x=0, y=0, data=[], objects=[com.almasb.fxgl.entity.level.tiled.TiledObject@60a6c6b9, com.almasb.fxgl.entity.level.tiled.TiledObject@1428e4a5, com.almasb.fxgl.entity.level.tiled.TiledObject@20c90743, com.almasb.fxgl.entity.level.tiled.TiledObject@7c87017c, com.almasb.fxgl.entity.level.tiled.TiledObject@2ac2935b, com.almasb.fxgl.entity.level.tiled.TiledObject@799c476a, com.almasb.fxgl.entity.level.tiled.TiledObject@1107b405, com.almasb.fxgl.entity.level.tiled.TiledObject@55cfcbb8, com.almasb.fxgl.entity.level.tiled.TiledObject@6b29c211, com.almasb.fxgl.entity.level.tiled.TiledObject@70957f09, com.almasb.fxgl.entity.level.tiled.TiledObject@5c9e4a82, com.almasb.fxgl.entity.level.tiled.TiledObject@77a7c8a2, com.almasb.fxgl.entity.level.tiled.TiledObject@52bbb50d, com.almasb.fxgl.entity.level.tiled.TiledObject@90de564, com.almasb.fxgl.entity.level.tiled.TiledObject@27e9649d, com.almasb.fxgl.entity.level.tiled.TiledObject@6e424a1a, com.almasb.fxgl.entity.level.tiled.TiledObject@61de9902, com.almasb.fxgl.entity.level.tiled.TiledObject@71e7698, com.almasb.fxgl.entity.level.tiled.TiledObject@6b3f276a], opacity=0.0, draworder=)], tilesets=[Tileset(firstgid=1, image=tiles_spritesheet.png, name=tiles_spritesheet, tilewidth=70, tileheight=70, imagewidth=914, imageheight=936, margin=0, spacing=2, columns=12, tilecount=156, transparentcolor=, tiles=[])], backgroundcolor=, renderorder=right-down, nextobjectid=20, version=1, tiledversion=1.0.1, type=map, infinite=false, hexsidelength=0, staggeraxis=, staggerindex=, properties={}, propertytypes={})
14:53:46.459 [FXGL Background Thread 2 ] DEBUG TMXLevelLoader       - Creating tile layer entities
14:53:46.462 [FXGL Background Thread 2 ] DEBUG TilesetLoader        - Loading view for layer Tile Layer 1
14:53:46.469 [FXGL Background Thread 2 ] DEBUG TilesetLoader        - Created buffer with size 1050.0x700.0
14:53:46.455 [FXGL Background Thread 3 ] DEBUG Engine               - isAndroid: false
14:53:46.476 [FXGL Background Thread 3 ] DEBUG Engine               - isBrowser: false
14:53:46.477 [FXGL Background Thread 3 ] DEBUG Engine               - isClickFeedbackEnabled: false
14:53:46.477 [FXGL Background Thread 3 ] DEBUG Engine               - isCloseConfirmation: false
14:53:46.486 [FXGL Background Thread 3 ] DEBUG Engine               - isDesktop: true
14:53:46.487 [FXGL Background Thread 3 ] DEBUG Engine               - isDeveloperMenuEnabled: false
14:53:46.488 [FXGL Background Thread 3 ] DEBUG Engine               - isEntityPreloadEnabled: true
14:53:46.490 [FXGL Background Thread 3 ] DEBUG Engine               - isExperimental3D: false
14:53:46.491 [FXGL Background Thread 3 ] DEBUG Engine               - isExperimentalNative: false
14:53:46.511 [FXGL Background Thread 3 ] DEBUG Engine               - isExperimentalTiledLargeMap: false
14:53:46.513 [FXGL Background Thread 3 ] DEBUG Engine               - isFileSystemWriteAllowed: true
14:53:46.543 [FXGL Background Thread 3 ] DEBUG Engine               - isFullScreenAllowed: false
14:53:46.543 [FXGL Background Thread 3 ] DEBUG Engine               - isFullScreenFromStart: false
14:53:46.543 [FXGL Background Thread 3 ] DEBUG Engine               - isGameMenuEnabled: true
14:53:46.544 [FXGL Background Thread 3 ] DEBUG Engine               - isIOS: false
14:53:46.544 [FXGL Background Thread 3 ] DEBUG Engine               - isIntroEnabled: false
14:53:46.544 [FXGL Background Thread 3 ] DEBUG Engine               - isLinux: false
14:53:46.544 [FXGL Background Thread 3 ] DEBUG Engine               - isMac: false
14:53:46.545 [FXGL Background Thread 3 ] DEBUG Engine               - isMainMenuEnabled: true
14:53:46.545 [FXGL Background Thread 3 ] DEBUG Engine               - isManualResizeEnabled: false
14:53:46.545 [FXGL Background Thread 3 ] DEBUG Engine               - isMobile: false
14:53:46.546 [FXGL Background Thread 3 ] DEBUG Engine               - isPreserveResizeRatio: false
14:53:46.546 [FXGL Background Thread 3 ] DEBUG Engine               - isProfilingEnabled: false
14:53:46.546 [FXGL Background Thread 3 ] DEBUG Engine               - isScaleAffectedOnResize: true
14:53:46.546 [FXGL Background Thread 3 ] DEBUG Engine               - isSingleStep: false
14:53:46.547 [FXGL Background Thread 3 ] DEBUG Engine               - isUserProfileEnabled: false
14:53:46.562 [FXGL Background Thread 3 ] DEBUG Engine               - isWindows: true
14:53:46.562 [FXGL Background Thread 3 ] DEBUG Engine               - language: ObjectProperty [value: ENGLISH]
14:53:46.563 [FXGL Background Thread 3 ] DEBUG Engine               - menuKey: ESCAPE
14:53:46.563 [FXGL Background Thread 3 ] DEBUG Engine               - notificationViewClass: class com.almasb.fxgl.notification.view.XboxNotificationView
14:53:46.563 [FXGL Background Thread 3 ] DEBUG Engine               - pixelsPerMeter: 50.0
14:53:46.563 [FXGL Background Thread 3 ] DEBUG Engine               - platform: WINDOWS
14:53:46.564 [FXGL Background Thread 3 ] DEBUG Engine               - prefHeightProperty: ReadOnlyDoubleProperty [value: 700.0]
14:53:46.564 [FXGL Background Thread 3 ] DEBUG Engine               - prefWidthProperty: ReadOnlyDoubleProperty [value: 1050.0]
14:53:46.564 [FXGL Background Thread 3 ] DEBUG Engine               - profileDir: profiles/
14:53:46.565 [FXGL Background Thread 3 ] DEBUG Engine               - profileName: StringProperty [value: DEFAULT]
14:53:46.565 [FXGL Background Thread 3 ] DEBUG Engine               - randomSeed: -1
14:53:46.565 [FXGL Background Thread 3 ] DEBUG Engine               - runtimeInfo: RuntimeInfo(platform=WINDOWS, version=11.14, build=01.03.2021 16.59)
14:53:46.566 [FXGL Background Thread 3 ] DEBUG Engine               - saveFileExt: sav
14:53:46.566 [FXGL Background Thread 3 ] DEBUG Engine               - scaledHeightProp$fxgl: DoubleProperty [bound, value: 700.0]
14:53:46.566 [FXGL Background Thread 3 ] DEBUG Engine               - scaledWidthProp$fxgl: DoubleProperty [bound, value: 1050.0]
14:53:46.567 [FXGL Background Thread 3 ] DEBUG Engine               - sceneFactory: com.almasb.fxgl.app.scene.SceneFactory@46097943
14:53:46.571 [FXGL Background Thread 3 ] DEBUG Engine               - secondsIn24h: 60
14:53:46.572 [FXGL Background Thread 3 ] DEBUG Engine               - soundMenuBack: menu/back.wav
14:53:46.572 [FXGL Background Thread 3 ] DEBUG Engine               - soundMenuPress: menu/press.wav
14:53:46.572 [FXGL Background Thread 3 ] DEBUG Engine               - soundMenuSelect: menu/select.wav
14:53:46.575 [FXGL Background Thread 3 ] DEBUG Engine               - soundNotification: core/notification.wav
14:53:46.575 [FXGL Background Thread 3 ] DEBUG Engine               - stageStyle: DECORATED
14:53:46.576 [FXGL Background Thread 3 ] DEBUG Engine               - supportedLanguages: [ENGLISH, FRENCH, GERMAN, HUNGARIAN, RUSSIAN]
14:53:46.576 [FXGL Background Thread 3 ] DEBUG Engine               - ticksPerSecond: -1
14:53:46.576 [FXGL Background Thread 3 ] DEBUG Engine               - title: Demo game
14:53:46.576 [FXGL Background Thread 3 ] DEBUG Engine               - urlGithub: https://github.com/AlmasB/FXGL
14:53:46.577 [FXGL Background Thread 3 ] DEBUG Engine               - urlLeaderboard: http://fxgl-top.herokuapp.com/
14:53:46.577 [FXGL Background Thread 3 ] DEBUG Engine               - urlPOM: https://raw.githubusercontent.com/AlmasB/FXGL/release/README.md
14:53:46.577 [FXGL Background Thread 3 ] DEBUG Engine               - userAppClass: class Game
14:53:46.578 [FXGL Background Thread 3 ] DEBUG Engine               - version: 1.2
14:53:46.578 [FXGL Background Thread 3 ] DEBUG Engine               - versionCheckDays: 7
14:53:46.581 [FXGL Background Thread 3 ] DEBUG Engine               - width: 1050
14:53:46.581 [FXGL Background Thread 3 ] DEBUG Engine               - Logging services
14:53:46.582 [FXGL Background Thread 3 ] DEBUG Engine               - class com.almasb.fxgl.app.services.FXGLAssetLoaderService
14:53:46.582 [FXGL Background Thread 3 ] DEBUG Engine               - class com.almasb.fxgl.app.FXGLApplication$GameApplicationService
14:53:46.582 [FXGL Background Thread 3 ] DEBUG Engine               - class com.almasb.fxgl.app.services.FXGLDialogService
14:53:46.582 [FXGL Background Thread 3 ] DEBUG Engine               - class com.almasb.fxgl.app.services.IOTaskExecutorService
14:53:46.583 [FXGL Background Thread 3 ] DEBUG Engine               - class com.almasb.fxgl.event.EventBusService
14:53:46.583 [FXGL Background Thread 3 ] DEBUG Engine               - class com.almasb.fxgl.io.FileSystemService
14:53:46.583 [FXGL Background Thread 3 ] DEBUG Engine               - class com.almasb.fxgl.localization.LocalizationService
14:53:46.584 [FXGL Background Thread 3 ] DEBUG Engine               - class com.almasb.fxgl.app.services.SystemBundleService
14:53:46.585 [FXGL Background Thread 3 ] DEBUG Engine               - class com.almasb.fxgl.profile.SaveLoadService
14:53:46.585 [FXGL Background Thread 3 ] DEBUG Engine               - class com.almasb.fxgl.ui.FXGLUIFactoryServiceProvider
14:53:46.585 [FXGL Background Thread 3 ] DEBUG Engine               - class com.almasb.fxgl.ui.FXGLDialogFactoryServiceProvider
14:53:46.586 [FXGL Background Thread 3 ] DEBUG Engine               - class com.almasb.fxgl.audio.AudioPlayer
14:53:46.586 [FXGL Background Thread 3 ] DEBUG Engine               - class com.almasb.fxgl.notification.impl.NotificationServiceProvider
14:53:46.586 [FXGL Background Thread 3 ] DEBUG Engine               - class com.almasb.fxgl.achievement.AchievementService
14:53:46.620 [FXGL Background Thread 3 ] DEBUG Engine               - class com.almasb.fxgl.cutscene.CutsceneService
14:53:46.620 [FXGL Background Thread 3 ] DEBUG Engine               - class com.almasb.fxgl.minigames.MiniGameService
14:53:46.620 [FXGL Background Thread 3 ] DEBUG Engine               - class com.almasb.fxgl.net.NetService
14:53:46.621 [FXGL Background Thread 3 ] DEBUG Engine               - class com.almasb.fxgl.app.services.UpdaterService
14:53:46.621 [FXGL Background Thread 3 ] DEBUG Engine               - class com.almasb.fxgl.dev.DevService
14:53:46.654 [FXGL Background Thread 2 ] DEBUG TilesetLoader        - Writing to buffer: dst=0,0, w=70,h=70, src=576,864
14:53:46.655 [FXGL Background Thread 2 ] DEBUG TilesetLoader        - Writing to buffer: dst=0,70, w=70,h=70, src=576,864
14:53:46.656 [FXGL Background Thread 2 ] DEBUG TilesetLoader        - Writing to buffer: dst=70,70, w=70,h=70, src=72,0
14:53:46.656 [FXGL Background Thread 2 ] DEBUG TilesetLoader        - Writing to buffer: dst=280,70, w=70,h=70, src=576,360
14:53:46.657 [FXGL Background Thread 2 ] DEBUG TilesetLoader        - Writing to buffer: dst=350,70, w=70,h=70, src=576,288
14:53:46.657 [FXGL Background Thread 2 ] DEBUG TilesetLoader        - Writing to buffer: dst=420,70, w=70,h=70, src=576,216
14:53:46.658 [FXGL Background Thread 2 ] DEBUG TilesetLoader        - Writing to buffer: dst=0,140, w=70,h=70, src=576,864
14:53:46.661 [FXGL Background Thread 2 ] DEBUG TilesetLoader        - Writing to buffer: dst=70,140, w=70,h=70, src=648,0
14:53:46.662 [FXGL Background Thread 2 ] DEBUG TilesetLoader        - Writing to buffer: dst=0,210, w=70,h=70, src=576,864
14:53:46.663 [FXGL Background Thread 2 ] DEBUG TilesetLoader        - Writing to buffer: dst=70,210, w=70,h=70, src=576,864
14:53:46.663 [FXGL Background Thread 2 ] DEBUG TilesetLoader        - Writing to buffer: dst=560,210, w=70,h=70, src=144,72
14:53:46.664 [FXGL Background Thread 2 ] DEBUG TilesetLoader        - Writing to buffer: dst=630,210, w=70,h=70, src=144,0
14:53:46.664 [FXGL Background Thread 2 ] DEBUG TilesetLoader        - Writing to buffer: dst=700,210, w=70,h=70, src=144,0
14:53:46.665 [FXGL Background Thread 2 ] DEBUG TilesetLoader        - Writing to buffer: dst=770,210, w=70,h=70, src=144,144
14:53:46.665 [FXGL Background Thread 2 ] DEBUG TilesetLoader        - Writing to buffer: dst=0,280, w=70,h=70, src=576,864
14:53:46.666 [FXGL Background Thread 2 ] DEBUG TilesetLoader        - Writing to buffer: dst=70,280, w=70,h=70, src=576,864
14:53:46.666 [FXGL Background Thread 2 ] DEBUG TilesetLoader        - Writing to buffer: dst=0,350, w=70,h=70, src=576,864
14:53:46.666 [FXGL Background Thread 2 ] DEBUG TilesetLoader        - Writing to buffer: dst=70,350, w=70,h=70, src=576,864
14:53:46.667 [FXGL Background Thread 2 ] DEBUG TilesetLoader        - Writing to buffer: dst=980,350, w=70,h=70, src=504,648
14:53:46.667 [FXGL Background Thread 2 ] DEBUG TilesetLoader        - Writing to buffer: dst=0,420, w=70,h=70, src=576,864
14:53:46.667 [FXGL Background Thread 2 ] DEBUG TilesetLoader        - Writing to buffer: dst=70,420, w=70,h=70, src=576,864
14:53:46.668 [FXGL Background Thread 2 ] DEBUG TilesetLoader        - Writing to buffer: dst=560,420, w=70,h=70, src=144,72
14:53:46.668 [FXGL Background Thread 2 ] DEBUG TilesetLoader        - Writing to buffer: dst=630,420, w=70,h=70, src=144,0
14:53:46.669 [FXGL Background Thread 2 ] DEBUG TilesetLoader        - Writing to buffer: dst=700,420, w=70,h=70, src=144,0
14:53:46.669 [FXGL Background Thread 2 ] DEBUG TilesetLoader        - Writing to buffer: dst=770,420, w=70,h=70, src=144,144
14:53:46.669 [FXGL Background Thread 2 ] DEBUG TilesetLoader        - Writing to buffer: dst=910,420, w=70,h=70, src=504,648
14:53:46.670 [FXGL Background Thread 2 ] DEBUG TilesetLoader        - Writing to buffer: dst=980,420, w=70,h=70, src=576,864
14:53:46.670 [FXGL Background Thread 2 ] DEBUG TilesetLoader        - Writing to buffer: dst=0,490, w=70,h=70, src=576,864
14:53:46.671 [FXGL Background Thread 2 ] DEBUG TilesetLoader        - Writing to buffer: dst=70,490, w=70,h=70, src=576,864
14:53:46.671 [FXGL Background Thread 2 ] DEBUG TilesetLoader        - Writing to buffer: dst=280,490, w=70,h=70, src=576,360
14:53:46.671 [FXGL Background Thread 2 ] DEBUG TilesetLoader        - Writing to buffer: dst=350,490, w=70,h=70, src=576,432
14:53:46.672 [FXGL Background Thread 2 ] DEBUG TilesetLoader        - Writing to buffer: dst=420,490, w=70,h=70, src=576,288
14:53:46.672 [FXGL Background Thread 2 ] DEBUG TilesetLoader        - Writing to buffer: dst=910,490, w=70,h=70, src=576,864
14:53:46.672 [FXGL Background Thread 2 ] DEBUG TilesetLoader        - Writing to buffer: dst=980,490, w=70,h=70, src=576,864
14:53:46.673 [FXGL Background Thread 2 ] DEBUG TilesetLoader        - Writing to buffer: dst=0,560, w=70,h=70, src=576,864
14:53:46.673 [FXGL Background Thread 2 ] DEBUG TilesetLoader        - Writing to buffer: dst=70,560, w=70,h=70, src=576,864
14:53:46.674 [FXGL Background Thread 2 ] DEBUG TilesetLoader        - Writing to buffer: dst=910,560, w=70,h=70, src=576,864
14:53:46.674 [FXGL Background Thread 2 ] DEBUG TilesetLoader        - Writing to buffer: dst=980,560, w=70,h=70, src=576,864
14:53:46.674 [FXGL Background Thread 2 ] DEBUG TilesetLoader        - Writing to buffer: dst=0,630, w=70,h=70, src=576,864
14:53:46.676 [FXGL Background Thread 2 ] DEBUG TilesetLoader        - Writing to buffer: dst=70,630, w=70,h=70, src=576,864
14:53:46.679 [FXGL Background Thread 2 ] DEBUG TilesetLoader        - Writing to buffer: dst=140,630, w=70,h=70, src=648,0
14:53:46.680 [FXGL Background Thread 2 ] DEBUG TilesetLoader        - Writing to buffer: dst=210,630, w=70,h=70, src=576,576
14:53:46.680 [FXGL Background Thread 2 ] DEBUG TilesetLoader        - Writing to buffer: dst=490,630, w=70,h=70, src=576,720
14:53:46.681 [FXGL Background Thread 2 ] DEBUG TilesetLoader        - Writing to buffer: dst=560,630, w=70,h=70, src=576,576
14:53:46.681 [FXGL Background Thread 2 ] DEBUG TilesetLoader        - Writing to buffer: dst=840,630, w=70,h=70, src=576,720
14:53:46.681 [FXGL Background Thread 2 ] DEBUG TilesetLoader        - Writing to buffer: dst=910,630, w=70,h=70, src=576,864
14:53:46.682 [FXGL Background Thread 2 ] DEBUG TilesetLoader        - Writing to buffer: dst=980,630, w=70,h=70, src=576,864
14:53:46.683 [FXGL Background Thread 2 ] DEBUG TMXLevelLoader       - Creating object layer entities
14:53:46.749 [FXGL Background Thread 2 ] DEBUG FXGLAssetLoaderServi - Loading from file system: file:/C:/Users/jfran/OneDrive%20-%20Hogeschool%20Leiden/IPOSE-Maven/target/classes/assets/textures/star.png
14:53:46.801 [FXGL Background Thread 2 ] DEBUG GameWorld            - Clearing removable entities
14:53:46.803 [FXGL Background Thread 2 ] DEBUG GameWorld            - Setting level: com.almasb.fxgl.entity.level.Level@11e622c7
14:53:46.839 [FXGL Background Thread 2 ] DEBUG FXGLAssetLoaderServi - Loading from file system: file:/C:/Users/jfran/OneDrive%20-%20Hogeschool%20Leiden/IPOSE-Maven/target/classes/assets/textures/girl.png
14:53:46.880 [FXGL Background Thread 2 ] INFO  FXGLApplication      - Game initialization took: 0,540 sec
14:53:46.883 [JavaFX Application Thread] DEBUG Input                - Clearing active input actions
14:53:46.908 [JavaFX Application Thread] DEBUG GameApplicationServi - Removing overlay from FXGLLoadingScene and adding to GameScene
14:53:46.911 [JavaFX Application Thread] DEBUG PrimaryStageWindow   - FXGLLoadingScene -> GameScene
14:54:04.154 [JavaFX Application Thread] DEBUG FXGLApplication      - Exiting FXGL
14:54:04.154 [JavaFX Application Thread] DEBUG LoopRunner           - Stopping loop
14:54:04.155 [JavaFX Application Thread] DEBUG SystemBundleService  - Saving FXGL system data
14:54:04.160 [JavaFX Application Thread] DEBUG FileSystemAccess     - Writing to: C:\Users\jfran\OneDrive - Hogeschool Leiden\IPOSE-Maven\system\fxgl.bundle
14:54:04.163 [JavaFX Application Thread] DEBUG Async                - Shutting down background threads
14:54:04.165 [JavaFX Application Thread] DEBUG PrimaryStageWindow   - Closing main window
14:54:04.191 [JavaFX Application Thread] DEBUG Logger               - Closing Logger
