14:32:34.207 [main                     ] DEBUG Logger               - Configured Logger
14:32:34.222 [main                     ] DEBUG GameApplication      - Logging settings
Title: A Way Out
Version: 1.2
Width: 1050
Height: 640
Fullscreen: false
Intro: false
Profiling: false
Single step:false
App Mode: DEVELOPER
Menu Key: ESCAPE
Stage Style: DECORATED
Scene Factory: class com.almasb.fxgl.app.scene.SceneFactory

14:32:34.527 [JavaFX Application Thread] DEBUG FXGLApplication      - Initializing FXGL
14:32:34.528 [JavaFX Application Thread] INFO  Engine               - FXGL-11.14 (01.03.2021 16.59) on MAC (J:15.0.2 FX:15)
14:32:34.529 [JavaFX Application Thread] DEBUG Engine               - JRE Vendor Name: Amazon.com Inc.
14:32:34.529 [JavaFX Application Thread] DEBUG Engine               - Running on OS: Mac OS X version 12.3
14:32:34.529 [JavaFX Application Thread] DEBUG Engine               - Architecture: x86_64
14:32:34.529 [JavaFX Application Thread] INFO  Engine               - Source code and latest versions at: https://github.com/AlmasB/FXGL
14:32:34.529 [JavaFX Application Thread] INFO  Engine               -              Join the FXGL chat at: https://gitter.im/AlmasB/FXGL
14:32:34.621 [JavaFX Application Thread] DEBUG PrimaryStageWindow   - Creating a JavaFX scene
14:32:34.656 [JavaFX Application Thread] DEBUG PrimaryStageWindow   - Target settings size: 1050.0 x 640.0
14:32:34.657 [JavaFX Application Thread] DEBUG PrimaryStageWindow   - Scaled scene size:    1050.0 x 640.0
14:32:34.657 [JavaFX Application Thread] DEBUG PrimaryStageWindow   - Scaled ratio: (1.0, 1.0)
14:32:34.657 [JavaFX Application Thread] DEBUG PrimaryStageWindow   - Set initial scene to FXGLStartupScene
14:32:34.663 [JavaFX Application Thread] DEBUG PrimaryStageWindow   - Opening main window
14:32:34.726 [JavaFX Application Thread] DEBUG PrimaryStageWindow   - Window border size: (0.0, 28.0)
14:32:34.726 [JavaFX Application Thread] DEBUG PrimaryStageWindow   - Scaled size: 1050.0 x 640.0
14:32:34.726 [JavaFX Application Thread] DEBUG PrimaryStageWindow   - Scaled ratio: (1.0, 1.0)
14:32:34.726 [JavaFX Application Thread] DEBUG PrimaryStageWindow   - Scene size: 1050.0 x 640.0
14:32:34.727 [JavaFX Application Thread] DEBUG PrimaryStageWindow   - Stage size: 1050.0 x 668.0
14:32:34.733 [FXGL Background Thread 1 ] DEBUG Engine               - Initializing environment variables
14:32:34.766 [FXGL Background Thread 1 ] DEBUG FXGLAssetLoaderServi - User app class for loading assets: class Game
14:32:34.767 [FXGL Background Thread 1 ] DEBUG GameApplicationServi - Applying CSS: fxgl_dark.css
14:32:34.768 [FXGL Background Thread 1 ] DEBUG FXGLAssetLoaderServi - Loading from file system: jar:file:/Users/merdanusta/.m2/repository/com/github/almasb/fxgl/11.14/fxgl-11.14.jar!/fxglassets/ui/css/fxgl_dark.css
14:32:34.814 [FXGL Background Thread 1 ] DEBUG GameApplicationServi - Initializing application scenes
14:32:35.053 [FXGL Background Thread 1 ] DEBUG GameWorld            - Game world initialized
14:32:35.090 [FXGL Background Thread 1 ] DEBUG PhysicsWorld         - Physics world initialized: appHeight=640, physics.ppm=50.0
14:32:35.091 [FXGL Background Thread 1 ] DEBUG PhysicsWorld         - Using strategy: BRUTE_FORCE
14:32:35.094 [FXGL Background Thread 1 ] DEBUG GameScene            - Game scene initialized: 1050x640
14:32:35.128 [FXGL Background Thread 1 ] DEBUG FXGLAssetLoaderServi - Loading from file system: jar:file:/Users/merdanusta/.m2/repository/com/github/almasb/fxgl/11.14/fxgl-11.14.jar!/fxglassets/textures/particles/trace_horizontal.png
14:32:35.179 [FXGL Background Thread 1 ] DEBUG FXGL.DefaultMenu     - createMenuBodyMainMenu()
14:32:35.195 [FXGL Background Thread 1 ] DEBUG FXGL.DefaultMenu     - createOptionsMenu()
14:32:35.199 [FXGL Background Thread 1 ] DEBUG FXGLAssetLoaderServi - Loading from file system: jar:file:/Users/merdanusta/.m2/repository/com/github/almasb/fxgl/11.14/fxgl-11.14.jar!/fxglassets/textures/particles/smoke.png
14:32:35.253 [FXGL Background Thread 1 ] DEBUG FXGL.DefaultMenu     - createMenuBodyGameMenu()
14:32:35.254 [FXGL Background Thread 1 ] DEBUG FXGL.DefaultMenu     - createOptionsMenu()
14:32:35.273 [FXGL Background Thread 1 ] DEBUG GameApplicationServi - Application scenes initialized
14:32:35.280 [FXGL Background Thread 1 ] DEBUG SystemBundleService  - Loading FXGL system data
14:32:35.283 [FXGL Background Thread 1 ] DEBUG FileSystemAccess     - Reading from: /Users/merdanusta/IdeaProjects/IPOSE-Maven/system/fxgl.bundle
14:32:35.287 [FXGL Background Thread 1 ] DEBUG SystemBundleService  - Bundle FXGL: {}
14:32:35.288 [FXGL Background Thread 1 ] DEBUG UpdaterService       - Checking for updates
14:32:35.290 [FXGL Background Thread 4 ] DEBUG FXGLApplication      - Loading fonts
14:32:35.291 [FXGL Background Thread 1 ] DEBUG FXGLApplication      - Loading default localization
14:32:35.291 [FXGL Background Thread 4 ] DEBUG FXGLAssetLoaderServi - Loading from file system: jar:file:/Users/merdanusta/.m2/repository/com/github/almasb/fxgl/11.14/fxgl-11.14.jar!/fxglassets/ui/fonts/VarelaRound-Regular.ttf
14:32:35.291 [FXGL Background Thread 1 ] DEBUG FXGLAssetLoaderServi - Loading from file system: jar:file:/Users/merdanusta/.m2/repository/com/github/almasb/fxgl/11.14/fxgl-11.14.jar!/fxglassets/languages/english.lang
14:32:35.304 [FXGL Background Thread 4 ] DEBUG FXGLAssetLoaderServi - Loading from file system: jar:file:/Users/merdanusta/.m2/repository/com/github/almasb/fxgl/11.14/fxgl-11.14.jar!/fxglassets/ui/fonts/Abel-Regular.ttf
14:32:35.307 [FXGL Background Thread 4 ] DEBUG FXGLAssetLoaderServi - Loading from file system: jar:file:/Users/merdanusta/.m2/repository/com/github/almasb/fxgl/11.14/fxgl-11.14.jar!/fxglassets/ui/fonts/lucida_console.ttf
14:32:35.311 [FXGL Background Thread 4 ] DEBUG FXGLAssetLoaderServi - Loading from file system: jar:file:/Users/merdanusta/.m2/repository/com/github/almasb/fxgl/11.14/fxgl-11.14.jar!/fxglassets/ui/fonts/Courier-Prime.ttf
14:32:35.311 [FXGL Background Thread 1 ] INFO  FXGLApplication      - FXGL initialization took: 0.579 sec
14:32:35.322 [JavaFX Application Thread] DEBUG Input                - Registered new binding: Left - A
14:32:35.322 [JavaFX Application Thread] DEBUG Input                - Registered new binding: Right - D
14:32:35.323 [JavaFX Application Thread] DEBUG Input                - Registered new binding: Jump - W
14:32:35.323 [JavaFX Application Thread] DEBUG FXGLAssetLoaderServi - Loading from file system: jar:file:/Users/merdanusta/.m2/repository/com/github/almasb/fxgl/11.14/fxgl-11.14.jar!/fxglassets/textures/fxgl_icon.png
14:32:35.356 [JavaFX Application Thread] DEBUG FXGLAssetLoaderServi - Loading from file system: jar:file:/Users/merdanusta/.m2/repository/com/github/almasb/fxgl/11.14/fxgl-11.14.jar!/fxglassets/ui/cursors/fxgl_default.png
14:32:35.358 [JavaFX Application Thread] DEBUG Input                - Registered new binding: Screenshot - P
14:32:35.359 [JavaFX Application Thread] DEBUG Input                - Registered new binding: System info dump - CTRL+9
14:32:35.359 [JavaFX Application Thread] DEBUG Input                - Registered new binding: Restart - CTRL+R
14:32:35.360 [JavaFX Application Thread] DEBUG Input                - Registered new binding: Toggle Debug Camera - CTRL+C
14:32:35.362 [JavaFX Application Thread] DEBUG LoopRunner           - Starting loop
14:32:35.362 [JavaFX Application Thread] DEBUG LoopRunner           - Initializing JavaFX AnimationTimerLoop
14:32:35.364 [JavaFX Application Thread] DEBUG Input                - Clearing active input actions
14:32:35.373 [JavaFX Application Thread] DEBUG GameApplicationServi - Removing overlay from FXGLStartupScene and adding to FXGLMainMenuDummyScene
14:32:35.373 [JavaFX Application Thread] DEBUG PrimaryStageWindow   - FXGLStartupScene -> FXGLMainMenuDummyScene
14:32:35.373 [JavaFX Application Thread] DEBUG PrimaryStageWindow   - Push state: FXGLDefaultMenu
14:32:35.377 [JavaFX Application Thread] DEBUG Input                - Clearing active input actions
14:32:35.385 [JavaFX Application Thread] DEBUG GameApplicationServi - Removing overlay from FXGLMainMenuDummyScene and adding to FXGLDefaultMenu
14:32:35.386 [JavaFX Application Thread] DEBUG PrimaryStageWindow   - FXGLMainMenuDummyScene -> FXGLDefaultMenu
14:32:35.415 [JavaFX Application Thread] DEBUG FXGLApplication      - Registering font factories with UI factory
14:32:35.723 [FXGL Background Thread 2 ] INFO  UpdaterService       - Your current version:  11.14
14:32:35.723 [FXGL Background Thread 2 ] INFO  UpdaterService       - Latest stable version: 17.1
14:32:38.292 [FXGL Background Thread 3 ] DEBUG Engine               - Logging environment variables
14:32:38.292 [FXGL Background Thread 3 ] DEBUG Engine               - achievements: []
14:32:38.293 [FXGL Background Thread 3 ] DEBUG Engine               - actualHeight: 640.0
14:32:38.293 [FXGL Background Thread 3 ] DEBUG Engine               - actualHeightProperty: ReadOnlyDoubleProperty [value: 640.0]
14:32:38.293 [FXGL Background Thread 3 ] DEBUG Engine               - actualWidth: 1050.0
14:32:38.293 [FXGL Background Thread 3 ] DEBUG Engine               - actualWidthProperty: ReadOnlyDoubleProperty [value: 1050.0]
14:32:38.294 [FXGL Background Thread 3 ] DEBUG Engine               - appIcon: fxgl_icon.png
14:32:38.294 [FXGL Background Thread 3 ] DEBUG Engine               - applicationMode: DEVELOPER
14:32:38.294 [FXGL Background Thread 3 ] DEBUG Engine               - cSSList: [fxgl_dark.css]
14:32:38.294 [FXGL Background Thread 3 ] DEBUG Engine               - collisionDetectionStrategy: BRUTE_FORCE
14:32:38.295 [FXGL Background Thread 3 ] DEBUG Engine               - configClass: Optional.empty
14:32:38.295 [FXGL Background Thread 3 ] DEBUG Engine               - credits: []
14:32:38.295 [FXGL Background Thread 3 ] DEBUG Engine               - devBBoxColorProperty: ObjectProperty [value: 0xff0000ff]
14:32:38.296 [FXGL Background Thread 3 ] DEBUG Engine               - devEnableDebugCameraProperty: BooleanProperty [value: false]
14:32:38.296 [FXGL Background Thread 3 ] DEBUG Engine               - devSensorColorProperty: ObjectProperty [value: 0xffff00ff]
14:32:38.297 [FXGL Background Thread 3 ] DEBUG Engine               - devShowBBoxProperty: BooleanProperty [value: false]
14:32:38.297 [FXGL Background Thread 3 ] DEBUG Engine               - devShowPositionProperty: BooleanProperty [value: false]
14:32:38.297 [FXGL Background Thread 3 ] DEBUG Engine               - enabledMenuItems: []
14:32:38.298 [FXGL Background Thread 3 ] DEBUG Engine               - engineServices: [class com.almasb.fxgl.app.services.FXGLAssetLoaderService, class com.almasb.fxgl.app.FXGLApplication$GameApplicationService, class com.almasb.fxgl.app.services.FXGLDialogService, class com.almasb.fxgl.app.services.IOTaskExecutorService, class com.almasb.fxgl.event.EventBusService, class com.almasb.fxgl.io.FileSystemService, class com.almasb.fxgl.localization.LocalizationService, class com.almasb.fxgl.app.services.SystemBundleService, class com.almasb.fxgl.profile.SaveLoadService, class com.almasb.fxgl.ui.FXGLUIFactoryServiceProvider, class com.almasb.fxgl.ui.FXGLDialogFactoryServiceProvider, class com.almasb.fxgl.audio.AudioPlayer, class com.almasb.fxgl.notification.impl.NotificationServiceProvider, class com.almasb.fxgl.achievement.AchievementService, class com.almasb.fxgl.cutscene.CutsceneService, class com.almasb.fxgl.minigames.MiniGameService, class com.almasb.fxgl.net.NetService, class com.almasb.fxgl.app.services.UpdaterService, class com.almasb.fxgl.dev.DevService]
14:32:38.298 [FXGL Background Thread 3 ] DEBUG Engine               - fontGame: Abel-Regular.ttf
14:32:38.299 [FXGL Background Thread 3 ] DEBUG Engine               - fontMono: lucida_console.ttf
14:32:38.299 [FXGL Background Thread 3 ] DEBUG Engine               - fontText: Courier-Prime.ttf
14:32:38.299 [FXGL Background Thread 3 ] DEBUG Engine               - fontUI: VarelaRound-Regular.ttf
14:32:38.300 [FXGL Background Thread 3 ] DEBUG Engine               - fullScreen: BooleanProperty [value: false]
14:32:38.300 [FXGL Background Thread 3 ] DEBUG Engine               - gameDifficulty: MEDIUM
14:32:38.301 [FXGL Background Thread 3 ] DEBUG Engine               - gameDifficultyProperty: ObjectProperty [value: MEDIUM]
14:32:38.301 [FXGL Background Thread 3 ] DEBUG Engine               - globalMusicVolume: 0.5
14:32:38.302 [FXGL Background Thread 3 ] DEBUG Engine               - globalMusicVolumeProperty: DoubleProperty [value: 0.5]
14:32:38.302 [FXGL Background Thread 3 ] DEBUG Engine               - globalSoundVolume: 0.5
14:32:38.313 [FXGL Background Thread 3 ] DEBUG Engine               - globalSoundVolumeProperty: DoubleProperty [value: 0.5]
14:32:38.313 [FXGL Background Thread 3 ] DEBUG Engine               - height: 640
14:32:38.314 [FXGL Background Thread 3 ] DEBUG Engine               - isAndroid: false
14:32:38.314 [FXGL Background Thread 3 ] DEBUG Engine               - isBrowser: false
14:32:38.314 [FXGL Background Thread 3 ] DEBUG Engine               - isClickFeedbackEnabled: false
14:32:38.314 [FXGL Background Thread 3 ] DEBUG Engine               - isCloseConfirmation: false
14:32:38.315 [FXGL Background Thread 3 ] DEBUG Engine               - isDesktop: true
14:32:38.315 [FXGL Background Thread 3 ] DEBUG Engine               - isDeveloperMenuEnabled: false
14:32:38.315 [FXGL Background Thread 3 ] DEBUG Engine               - isEntityPreloadEnabled: true
14:32:38.316 [FXGL Background Thread 3 ] DEBUG Engine               - isExperimental3D: false
14:32:38.316 [FXGL Background Thread 3 ] DEBUG Engine               - isExperimentalNative: false
14:32:38.316 [FXGL Background Thread 3 ] DEBUG Engine               - isExperimentalTiledLargeMap: false
14:32:38.316 [FXGL Background Thread 3 ] DEBUG Engine               - isFileSystemWriteAllowed: true
14:32:38.317 [FXGL Background Thread 3 ] DEBUG Engine               - isFullScreenAllowed: false
14:32:38.317 [FXGL Background Thread 3 ] DEBUG Engine               - isFullScreenFromStart: false
14:32:38.317 [FXGL Background Thread 3 ] DEBUG Engine               - isGameMenuEnabled: true
14:32:38.317 [FXGL Background Thread 3 ] DEBUG Engine               - isIOS: false
14:32:38.318 [FXGL Background Thread 3 ] DEBUG Engine               - isIntroEnabled: false
14:32:38.318 [FXGL Background Thread 3 ] DEBUG Engine               - isLinux: false
14:32:38.318 [FXGL Background Thread 3 ] DEBUG Engine               - isMac: true
14:32:38.318 [FXGL Background Thread 3 ] DEBUG Engine               - isMainMenuEnabled: true
14:32:38.318 [FXGL Background Thread 3 ] DEBUG Engine               - isManualResizeEnabled: false
14:32:38.318 [FXGL Background Thread 3 ] DEBUG Engine               - isMobile: false
14:32:38.319 [FXGL Background Thread 3 ] DEBUG Engine               - isPreserveResizeRatio: false
14:32:38.319 [FXGL Background Thread 3 ] DEBUG Engine               - isProfilingEnabled: false
14:32:38.319 [FXGL Background Thread 3 ] DEBUG Engine               - isScaleAffectedOnResize: true
14:32:38.319 [FXGL Background Thread 3 ] DEBUG Engine               - isSingleStep: false
14:32:38.319 [FXGL Background Thread 3 ] DEBUG Engine               - isUserProfileEnabled: false
14:32:38.320 [FXGL Background Thread 3 ] DEBUG Engine               - isWindows: false
14:32:38.320 [FXGL Background Thread 3 ] DEBUG Engine               - language: ObjectProperty [value: ENGLISH]
14:32:38.320 [FXGL Background Thread 3 ] DEBUG Engine               - menuKey: ESCAPE
14:32:38.320 [FXGL Background Thread 3 ] DEBUG Engine               - notificationViewClass: class com.almasb.fxgl.notification.view.XboxNotificationView
14:32:38.321 [FXGL Background Thread 3 ] DEBUG Engine               - pixelsPerMeter: 50.0
14:32:38.321 [FXGL Background Thread 3 ] DEBUG Engine               - platform: MAC
14:32:38.321 [FXGL Background Thread 3 ] DEBUG Engine               - prefHeightProperty: ReadOnlyDoubleProperty [value: 640.0]
14:32:38.321 [FXGL Background Thread 3 ] DEBUG Engine               - prefWidthProperty: ReadOnlyDoubleProperty [value: 1050.0]
14:32:38.321 [FXGL Background Thread 3 ] DEBUG Engine               - profileDir: profiles/
14:32:38.321 [FXGL Background Thread 3 ] DEBUG Engine               - profileName: StringProperty [value: DEFAULT]
14:32:38.322 [FXGL Background Thread 3 ] DEBUG Engine               - randomSeed: -1
14:32:38.322 [FXGL Background Thread 3 ] DEBUG Engine               - runtimeInfo: RuntimeInfo(platform=MAC, version=11.14, build=01.03.2021 16.59)
14:32:38.322 [FXGL Background Thread 3 ] DEBUG Engine               - saveFileExt: sav
14:32:38.322 [FXGL Background Thread 3 ] DEBUG Engine               - scaledHeightProp$fxgl: DoubleProperty [bound, value: 640.0]
14:32:38.322 [FXGL Background Thread 3 ] DEBUG Engine               - scaledWidthProp$fxgl: DoubleProperty [bound, value: 1050.0]
14:32:38.322 [FXGL Background Thread 3 ] DEBUG Engine               - sceneFactory: com.almasb.fxgl.app.scene.SceneFactory@3db6886b
14:32:38.323 [FXGL Background Thread 3 ] DEBUG Engine               - secondsIn24h: 60
14:32:38.323 [FXGL Background Thread 3 ] DEBUG Engine               - soundMenuBack: menu/back.wav
14:32:38.323 [FXGL Background Thread 3 ] DEBUG Engine               - soundMenuPress: menu/press.wav
14:32:38.323 [FXGL Background Thread 3 ] DEBUG Engine               - soundMenuSelect: menu/select.wav
14:32:38.323 [FXGL Background Thread 3 ] DEBUG Engine               - soundNotification: core/notification.wav
14:32:38.324 [FXGL Background Thread 3 ] DEBUG Engine               - stageStyle: DECORATED
14:32:38.324 [FXGL Background Thread 3 ] DEBUG Engine               - supportedLanguages: [ENGLISH, FRENCH, GERMAN, HUNGARIAN, RUSSIAN]
14:32:38.324 [FXGL Background Thread 3 ] DEBUG Engine               - ticksPerSecond: -1
14:32:38.324 [FXGL Background Thread 3 ] DEBUG Engine               - title: A Way Out
14:32:38.324 [FXGL Background Thread 3 ] DEBUG Engine               - urlGithub: https://github.com/AlmasB/FXGL
14:32:38.325 [FXGL Background Thread 3 ] DEBUG Engine               - urlLeaderboard: http://fxgl-top.herokuapp.com/
14:32:38.325 [FXGL Background Thread 3 ] DEBUG Engine               - urlPOM: https://raw.githubusercontent.com/AlmasB/FXGL/release/README.md
14:32:38.325 [FXGL Background Thread 3 ] DEBUG Engine               - userAppClass: class Game
14:32:38.325 [FXGL Background Thread 3 ] DEBUG Engine               - version: 1.2
14:32:38.326 [FXGL Background Thread 3 ] DEBUG Engine               - versionCheckDays: 7
14:32:38.326 [FXGL Background Thread 3 ] DEBUG Engine               - width: 1050
14:32:38.326 [FXGL Background Thread 3 ] DEBUG Engine               - Logging services
14:32:38.326 [FXGL Background Thread 3 ] DEBUG Engine               - class com.almasb.fxgl.app.services.FXGLAssetLoaderService
14:32:38.327 [FXGL Background Thread 3 ] DEBUG Engine               - class com.almasb.fxgl.app.FXGLApplication$GameApplicationService
14:32:38.327 [FXGL Background Thread 3 ] DEBUG Engine               - class com.almasb.fxgl.app.services.FXGLDialogService
14:32:38.327 [FXGL Background Thread 3 ] DEBUG Engine               - class com.almasb.fxgl.app.services.IOTaskExecutorService
14:32:38.327 [FXGL Background Thread 3 ] DEBUG Engine               - class com.almasb.fxgl.event.EventBusService
14:32:38.328 [FXGL Background Thread 3 ] DEBUG Engine               - class com.almasb.fxgl.io.FileSystemService
14:32:38.328 [FXGL Background Thread 3 ] DEBUG Engine               - class com.almasb.fxgl.localization.LocalizationService
14:32:38.328 [FXGL Background Thread 3 ] DEBUG Engine               - class com.almasb.fxgl.app.services.SystemBundleService
14:32:38.328 [FXGL Background Thread 3 ] DEBUG Engine               - class com.almasb.fxgl.profile.SaveLoadService
14:32:38.328 [FXGL Background Thread 3 ] DEBUG Engine               - class com.almasb.fxgl.ui.FXGLUIFactoryServiceProvider
14:32:38.328 [FXGL Background Thread 3 ] DEBUG Engine               - class com.almasb.fxgl.ui.FXGLDialogFactoryServiceProvider
14:32:38.329 [FXGL Background Thread 3 ] DEBUG Engine               - class com.almasb.fxgl.audio.AudioPlayer
14:32:38.329 [FXGL Background Thread 3 ] DEBUG Engine               - class com.almasb.fxgl.notification.impl.NotificationServiceProvider
14:32:38.329 [FXGL Background Thread 3 ] DEBUG Engine               - class com.almasb.fxgl.achievement.AchievementService
14:32:38.329 [FXGL Background Thread 3 ] DEBUG Engine               - class com.almasb.fxgl.cutscene.CutsceneService
14:32:38.329 [FXGL Background Thread 3 ] DEBUG Engine               - class com.almasb.fxgl.minigames.MiniGameService
14:32:38.329 [FXGL Background Thread 3 ] DEBUG Engine               - class com.almasb.fxgl.net.NetService
14:32:38.330 [FXGL Background Thread 3 ] DEBUG Engine               - class com.almasb.fxgl.app.services.UpdaterService
14:32:38.330 [FXGL Background Thread 3 ] DEBUG Engine               - class com.almasb.fxgl.dev.DevService
14:32:39.351 [JavaFX Application Thread] DEBUG FXGLApplication      - Exiting FXGL
14:32:39.351 [JavaFX Application Thread] DEBUG LoopRunner           - Stopping loop
14:32:39.351 [JavaFX Application Thread] DEBUG SystemBundleService  - Saving FXGL system data
14:32:39.353 [JavaFX Application Thread] DEBUG FileSystemAccess     - Writing to: /Users/merdanusta/IdeaProjects/IPOSE-Maven/system/fxgl.bundle
14:32:39.355 [JavaFX Application Thread] DEBUG Async                - Shutting down background threads
14:32:39.355 [JavaFX Application Thread] DEBUG PrimaryStageWindow   - Closing main window
14:32:39.362 [JavaFX Application Thread] DEBUG Logger               - Closing Logger
