11:40:24.025 [main                     ] DEBUG Logger               - Configured Logger
11:40:24.044 [main                     ] DEBUG GameApplication      - Logging settings
Title: Demo game
Version: 1.1
Width: 1050
Height: 700
Fullscreen: false
Intro: false
Profiling: false
Single step:false
App Mode: DEVELOPER
Menu Key: ESCAPE
Stage Style: DECORATED
Scene Factory: class com.almasb.fxgl.app.scene.SceneFactory

11:40:24.526 [JavaFX Application Thread] DEBUG FXGLApplication      - Initializing FXGL
11:40:24.529 [JavaFX Application Thread] INFO  Engine               - FXGL-11.14 (01.03.2021 16.59) on WINDOWS (J:15.0.2 FX:15)
11:40:24.530 [JavaFX Application Thread] DEBUG Engine               - JRE Vendor Name: Amazon.com Inc.
11:40:24.530 [JavaFX Application Thread] DEBUG Engine               - Running on OS: Windows 10 version 10.0
11:40:24.531 [JavaFX Application Thread] DEBUG Engine               - Architecture: amd64
11:40:24.531 [JavaFX Application Thread] INFO  Engine               - Source code and latest versions at: https://github.com/AlmasB/FXGL
11:40:24.531 [JavaFX Application Thread] INFO  Engine               -              Join the FXGL chat at: https://gitter.im/AlmasB/FXGL
11:40:24.680 [JavaFX Application Thread] DEBUG PrimaryStageWindow   - Creating a JavaFX scene
11:40:24.681 [JavaFX Application Thread] DEBUG PrimaryStageWindow   - Target size > screen size
11:40:24.765 [JavaFX Application Thread] DEBUG PrimaryStageWindow   - Target settings size: 1050.0 x 700.0
11:40:24.765 [JavaFX Application Thread] DEBUG PrimaryStageWindow   - Scaled scene size:    983.0 x 672.0
11:40:24.765 [JavaFX Application Thread] DEBUG PrimaryStageWindow   - Scaled ratio: (0.9361904761904762, 0.96)
11:40:24.769 [JavaFX Application Thread] DEBUG PrimaryStageWindow   - Set initial scene to FXGLStartupScene
11:40:24.779 [JavaFX Application Thread] DEBUG PrimaryStageWindow   - Opening main window
11:40:24.892 [JavaFX Application Thread] DEBUG PrimaryStageWindow   - Window border size: (15.0, 37.33331298828125)
11:40:24.893 [JavaFX Application Thread] DEBUG PrimaryStageWindow   - Scaled size: 983.0 x 672.0
11:40:24.893 [JavaFX Application Thread] DEBUG PrimaryStageWindow   - Scaled ratio: (0.9361904761904762, 0.96)
11:40:24.894 [JavaFX Application Thread] DEBUG PrimaryStageWindow   - Scene size: 983.0 x 672.0
11:40:24.894 [JavaFX Application Thread] DEBUG PrimaryStageWindow   - Stage size: 998.0 x 709.3333129882812
11:40:24.907 [FXGL Background Thread 1 ] DEBUG Engine               - Initializing environment variables
11:40:24.964 [FXGL Background Thread 1 ] DEBUG FXGLAssetLoaderServi - User app class for loading assets: class Game
11:40:24.964 [FXGL Background Thread 1 ] DEBUG GameApplicationServi - Applying CSS: fxgl_dark.css
11:40:24.966 [FXGL Background Thread 1 ] DEBUG FXGLAssetLoaderServi - Loading from file system: jar:file:/C:/Users/plane/.m2/repository/com/github/almasb/fxgl/11.14/fxgl-11.14.jar!/fxglassets/ui/css/fxgl_dark.css
11:40:25.037 [FXGL Background Thread 1 ] DEBUG GameApplicationServi - Initializing application scenes
11:40:25.097 [FXGL Background Thread 1 ] DEBUG GameWorld            - Game world initialized
11:40:25.165 [FXGL Background Thread 1 ] DEBUG PhysicsWorld         - Physics world initialized: appHeight=700, physics.ppm=50,0
11:40:25.166 [FXGL Background Thread 1 ] DEBUG PhysicsWorld         - Using strategy: BRUTE_FORCE
11:40:25.168 [FXGL Background Thread 1 ] DEBUG GameScene            - Game scene initialized: 1050x700
11:40:25.209 [FXGL Background Thread 1 ] DEBUG FXGLAssetLoaderServi - Loading from file system: jar:file:/C:/Users/plane/.m2/repository/com/github/almasb/fxgl/11.14/fxgl-11.14.jar!/fxglassets/textures/particles/trace_horizontal.png
11:40:25.262 [FXGL Background Thread 1 ] DEBUG FXGL.DefaultMenu     - createMenuBodyGameMenu()
11:40:25.276 [FXGL Background Thread 1 ] DEBUG FXGL.DefaultMenu     - createOptionsMenu()
11:40:25.280 [FXGL Background Thread 1 ] DEBUG FXGLAssetLoaderServi - Loading from file system: jar:file:/C:/Users/plane/.m2/repository/com/github/almasb/fxgl/11.14/fxgl-11.14.jar!/fxglassets/textures/particles/smoke.png
11:40:25.339 [FXGL Background Thread 1 ] DEBUG GameApplicationServi - Application scenes initialized
11:40:25.352 [FXGL Background Thread 1 ] DEBUG SystemBundleService  - Loading FXGL system data
11:40:25.356 [FXGL Background Thread 1 ] DEBUG FileSystemAccess     - Reading from: C:\Users\plane\IdeaProjects\IPOSE-Maven\system\fxgl.bundle
11:40:25.363 [FXGL Background Thread 1 ] DEBUG SystemBundleService  - Bundle FXGL: {}
11:40:25.363 [FXGL Background Thread 1 ] DEBUG UpdaterService       - Checking for updates
11:40:25.367 [FXGL Background Thread 4 ] DEBUG FXGLApplication      - Loading fonts
11:40:25.367 [FXGL Background Thread 1 ] DEBUG FXGLApplication      - Loading default localization
11:40:25.368 [FXGL Background Thread 4 ] DEBUG FXGLAssetLoaderServi - Loading from file system: jar:file:/C:/Users/plane/.m2/repository/com/github/almasb/fxgl/11.14/fxgl-11.14.jar!/fxglassets/ui/fonts/VarelaRound-Regular.ttf
11:40:25.368 [FXGL Background Thread 1 ] DEBUG FXGLAssetLoaderServi - Loading from file system: jar:file:/C:/Users/plane/.m2/repository/com/github/almasb/fxgl/11.14/fxgl-11.14.jar!/fxglassets/languages/english.lang
11:40:25.383 [FXGL Background Thread 1 ] INFO  FXGLApplication      - FXGL initialization took: 0,475 sec
11:40:25.394 [JavaFX Application Thread] DEBUG Input                - Registered new binding: Left - A
11:40:25.395 [JavaFX Application Thread] DEBUG Input                - Registered new binding: Right - D
11:40:25.395 [JavaFX Application Thread] DEBUG Input                - Registered new binding: Jump - W
11:40:25.396 [JavaFX Application Thread] DEBUG FXGLAssetLoaderServi - Loading from file system: jar:file:/C:/Users/plane/.m2/repository/com/github/almasb/fxgl/11.14/fxgl-11.14.jar!/fxglassets/textures/fxgl_icon.png
11:40:25.415 [JavaFX Application Thread] DEBUG FXGLAssetLoaderServi - Loading from file system: jar:file:/C:/Users/plane/.m2/repository/com/github/almasb/fxgl/11.14/fxgl-11.14.jar!/fxglassets/ui/cursors/fxgl_default.png
11:40:25.418 [JavaFX Application Thread] DEBUG Input                - Registered new binding: Screenshot - P
11:40:25.418 [JavaFX Application Thread] DEBUG Input                - Registered new binding: System info dump - CTRL+9
11:40:25.419 [JavaFX Application Thread] DEBUG Input                - Registered new binding: Restart - CTRL+R
11:40:25.419 [JavaFX Application Thread] DEBUG Input                - Registered new binding: Toggle Debug Camera - CTRL+C
11:40:25.422 [JavaFX Application Thread] DEBUG LoopRunner           - Starting loop
11:40:25.422 [JavaFX Application Thread] DEBUG LoopRunner           - Initializing JavaFX AnimationTimerLoop
11:40:25.424 [JavaFX Application Thread] DEBUG GameApplicationServi - Starting new game
11:40:25.425 [JavaFX Application Thread] DEBUG Input                - Clearing active input actions
11:40:25.439 [JavaFX Application Thread] DEBUG GameApplicationServi - Removing overlay from FXGLStartupScene and adding to FXGLLoadingScene
11:40:25.440 [JavaFX Application Thread] DEBUG PrimaryStageWindow   - FXGLStartupScene -> FXGLLoadingScene
11:40:25.440 [JavaFX Application Thread] DEBUG GameApplicationServi - Clearing previous game
11:40:25.440 [JavaFX Application Thread] DEBUG GameScene            - Clearing game scene
11:40:25.441 [JavaFX Application Thread] DEBUG GameWorld            - Clearing game world
11:40:25.441 [JavaFX Application Thread] DEBUG PhysicsWorld         - Clearing physics world
11:40:25.443 [FXGL Background Thread 1 ] DEBUG FXGLApplication      - Initializing game
11:40:25.488 [FXGL Background Thread 1 ] WARN  TMXLevelLoader       - TiledMap generated from 1.8.4. Supported version: 1.2.3. Some features may not be parsed fully.
11:40:25.498 [FXGL Background Thread 1 ] DEBUG TMXLevelLoader       - Parsed raw map: TiledMap(width=15, height=10, tilewidth=15, tileheight=15, orientation=orthogonal, layers=[Layer(width=15, height=10, name=Tile Layer 1, type=tilelayer, visible=false, x=0, y=0, data=[59, 61, 123, 123, 123, 123, 123, 123, 123, 59, 61, 123, 123, 123, 185, 75, 77, 1, 1, 1, 0, 0, 1, 0, 75, 93, 1, 1, 1, 1, 75, 77, 1, 1, 1, 0, 0, 1, 0, 91, 93, 1, 1, 1, 1, 75, 77, 1, 1, 1, 0, 33, 34, 35, 91, 93, 7, 7, 7, 7, 75, 77, 1, 1, 1, 0, 49, 50, 51, 91, 93, 0, 0, 0, 1, 75, 77, 1, 1, 1, 0, 0, 0, 0, 91, 93, 0, 0, 0, 1, 75, 77, 7, 7, 7, 0, 0, 0, 0, 91, 93, 0, 20, 0, 1, 75, 77, 1, 1, 18, 0, 0, 0, 18, 91, 93, 0, 21, 0, 1, 107, 109, 1, 1, 19, 1, 1, 1, 19, 107, 109, 1, 22, 1, 1, 190, 190, 190, 190, 190, 190, 190, 190, 190, 190, 190, 190, 190, 190, 190], objects=[], opacity=0.0, draworder=), Layer(width=0, height=0, name=Object Layer 1, type=objectgroup, visible=false, x=0, y=0, data=[], objects=[com.almasb.fxgl.entity.level.tiled.TiledObject@5f5b56ed, com.almasb.fxgl.entity.level.tiled.TiledObject@76e248fb, com.almasb.fxgl.entity.level.tiled.TiledObject@3ee05608, com.almasb.fxgl.entity.level.tiled.TiledObject@b781494, com.almasb.fxgl.entity.level.tiled.TiledObject@e91c728, com.almasb.fxgl.entity.level.tiled.TiledObject@6ad0f391, com.almasb.fxgl.entity.level.tiled.TiledObject@563ca8d5, com.almasb.fxgl.entity.level.tiled.TiledObject@1d2bca32, com.almasb.fxgl.entity.level.tiled.TiledObject@1d03f638, com.almasb.fxgl.entity.level.tiled.TiledObject@7022c272], opacity=0.0, draworder=)], tilesets=[Tileset(firstgid=1, image=castle-tileset.png, name=castle-tileset, tilewidth=15, tileheight=15, imagewidth=256, imageheight=272, margin=0, spacing=1, columns=16, tilecount=272, transparentcolor=, tiles=[])], backgroundcolor=, renderorder=right-down, nextobjectid=22, version=1, tiledversion=1.8.4, type=map, infinite=false, hexsidelength=0, staggeraxis=, staggerindex=, properties={}, propertytypes={})
11:40:25.499 [FXGL Background Thread 1 ] DEBUG TMXLevelLoader       - Creating tile layer entities
11:40:25.500 [FXGL Background Thread 1 ] DEBUG TilesetLoader        - Loading view for layer Tile Layer 1
11:40:25.501 [FXGL Background Thread 1 ] DEBUG TilesetLoader        - Created buffer with size 225.0x150.0
11:40:25.502 [FXGL Background Thread 1 ] WARN  TilesetLoader        - castle-tileset.png cannot be loaded using mapURL=file:/C:/Users/plane/IdeaProjects/IPOSE-Maven/target/classes/assets/levels/castle.tmx Error: java.io.FileNotFoundException: C:\Users\plane\IdeaProjects\IPOSE-Maven\target\classes\assets\levels\castle-tileset.png (Het systeem kan het opgegeven bestand niet vinden)
11:40:25.528 [FXGL Background Thread 4 ] DEBUG FXGLAssetLoaderServi - Loading from file system: jar:file:/C:/Users/plane/.m2/repository/com/github/almasb/fxgl/11.14/fxgl-11.14.jar!/fxglassets/ui/fonts/Abel-Regular.ttf
11:40:25.572 [FXGL Background Thread 4 ] DEBUG FXGLAssetLoaderServi - Loading from file system: jar:file:/C:/Users/plane/.m2/repository/com/github/almasb/fxgl/11.14/fxgl-11.14.jar!/fxglassets/ui/fonts/lucida_console.ttf
11:40:25.591 [FXGL Background Thread 4 ] DEBUG FXGLAssetLoaderServi - Loading from file system: jar:file:/C:/Users/plane/.m2/repository/com/github/almasb/fxgl/11.14/fxgl-11.14.jar!/fxglassets/ui/fonts/Courier-Prime.ttf
11:40:25.698 [JavaFX Application Thread] DEBUG FXGLApplication      - Registering font factories with UI factory
11:40:25.708 [FXGL Background Thread 1 ] DEBUG TilesetLoader        - Writing to buffer: dst=0,0, w=15,h=15, src=160,48
11:40:25.710 [FXGL Background Thread 1 ] DEBUG TilesetLoader        - Writing to buffer: dst=15,0, w=15,h=15, src=192,48
11:40:25.710 [FXGL Background Thread 1 ] DEBUG TilesetLoader        - Writing to buffer: dst=30,0, w=15,h=15, src=160,112
11:40:25.711 [FXGL Background Thread 1 ] DEBUG TilesetLoader        - Writing to buffer: dst=45,0, w=15,h=15, src=160,112
11:40:25.711 [FXGL Background Thread 1 ] DEBUG TilesetLoader        - Writing to buffer: dst=60,0, w=15,h=15, src=160,112
11:40:25.711 [FXGL Background Thread 1 ] DEBUG TilesetLoader        - Writing to buffer: dst=75,0, w=15,h=15, src=160,112
11:40:25.712 [FXGL Background Thread 1 ] DEBUG TilesetLoader        - Writing to buffer: dst=90,0, w=15,h=15, src=160,112
11:40:25.712 [FXGL Background Thread 1 ] DEBUG TilesetLoader        - Writing to buffer: dst=105,0, w=15,h=15, src=160,112
11:40:25.713 [FXGL Background Thread 1 ] DEBUG TilesetLoader        - Writing to buffer: dst=120,0, w=15,h=15, src=160,112
11:40:25.713 [FXGL Background Thread 1 ] DEBUG TilesetLoader        - Writing to buffer: dst=135,0, w=15,h=15, src=160,48
11:40:25.714 [FXGL Background Thread 1 ] DEBUG TilesetLoader        - Writing to buffer: dst=150,0, w=15,h=15, src=192,48
11:40:25.715 [FXGL Background Thread 1 ] DEBUG TilesetLoader        - Writing to buffer: dst=165,0, w=15,h=15, src=160,112
11:40:25.715 [FXGL Background Thread 1 ] DEBUG TilesetLoader        - Writing to buffer: dst=180,0, w=15,h=15, src=160,112
11:40:25.716 [FXGL Background Thread 1 ] DEBUG TilesetLoader        - Writing to buffer: dst=195,0, w=15,h=15, src=160,112
11:40:25.716 [FXGL Background Thread 1 ] DEBUG TilesetLoader        - Writing to buffer: dst=210,0, w=15,h=15, src=128,176
11:40:25.717 [FXGL Background Thread 1 ] DEBUG TilesetLoader        - Writing to buffer: dst=0,15, w=15,h=15, src=160,64
11:40:25.718 [FXGL Background Thread 1 ] DEBUG TilesetLoader        - Writing to buffer: dst=15,15, w=15,h=15, src=192,64
11:40:25.718 [FXGL Background Thread 1 ] DEBUG TilesetLoader        - Writing to buffer: dst=30,15, w=15,h=15, src=0,0
11:40:25.719 [FXGL Background Thread 1 ] DEBUG TilesetLoader        - Writing to buffer: dst=45,15, w=15,h=15, src=0,0
11:40:25.719 [FXGL Background Thread 1 ] DEBUG TilesetLoader        - Writing to buffer: dst=60,15, w=15,h=15, src=0,0
11:40:25.719 [FXGL Background Thread 1 ] DEBUG TilesetLoader        - Writing to buffer: dst=105,15, w=15,h=15, src=0,0
11:40:25.720 [FXGL Background Thread 1 ] DEBUG TilesetLoader        - Writing to buffer: dst=135,15, w=15,h=15, src=160,64
11:40:25.720 [FXGL Background Thread 1 ] DEBUG TilesetLoader        - Writing to buffer: dst=150,15, w=15,h=15, src=192,80
11:40:25.721 [FXGL Background Thread 1 ] DEBUG TilesetLoader        - Writing to buffer: dst=165,15, w=15,h=15, src=0,0
11:40:25.721 [FXGL Background Thread 1 ] DEBUG TilesetLoader        - Writing to buffer: dst=180,15, w=15,h=15, src=0,0
11:40:25.721 [FXGL Background Thread 1 ] DEBUG TilesetLoader        - Writing to buffer: dst=195,15, w=15,h=15, src=0,0
11:40:25.722 [FXGL Background Thread 1 ] DEBUG TilesetLoader        - Writing to buffer: dst=210,15, w=15,h=15, src=0,0
11:40:25.723 [FXGL Background Thread 1 ] DEBUG TilesetLoader        - Writing to buffer: dst=0,30, w=15,h=15, src=160,64
11:40:25.723 [FXGL Background Thread 1 ] DEBUG TilesetLoader        - Writing to buffer: dst=15,30, w=15,h=15, src=192,64
11:40:25.723 [FXGL Background Thread 1 ] DEBUG TilesetLoader        - Writing to buffer: dst=30,30, w=15,h=15, src=0,0
11:40:25.724 [FXGL Background Thread 1 ] DEBUG TilesetLoader        - Writing to buffer: dst=45,30, w=15,h=15, src=0,0
11:40:25.724 [FXGL Background Thread 1 ] DEBUG TilesetLoader        - Writing to buffer: dst=60,30, w=15,h=15, src=0,0
11:40:25.725 [FXGL Background Thread 1 ] DEBUG TilesetLoader        - Writing to buffer: dst=105,30, w=15,h=15, src=0,0
11:40:25.725 [FXGL Background Thread 1 ] DEBUG TilesetLoader        - Writing to buffer: dst=135,30, w=15,h=15, src=160,80
11:40:25.726 [FXGL Background Thread 1 ] DEBUG TilesetLoader        - Writing to buffer: dst=150,30, w=15,h=15, src=192,80
11:40:25.726 [FXGL Background Thread 1 ] DEBUG TilesetLoader        - Writing to buffer: dst=165,30, w=15,h=15, src=0,0
11:40:25.726 [FXGL Background Thread 1 ] DEBUG TilesetLoader        - Writing to buffer: dst=180,30, w=15,h=15, src=0,0
11:40:25.727 [FXGL Background Thread 1 ] DEBUG TilesetLoader        - Writing to buffer: dst=195,30, w=15,h=15, src=0,0
11:40:25.728 [FXGL Background Thread 1 ] DEBUG TilesetLoader        - Writing to buffer: dst=210,30, w=15,h=15, src=0,0
11:40:25.728 [FXGL Background Thread 1 ] DEBUG TilesetLoader        - Writing to buffer: dst=0,45, w=15,h=15, src=160,64
11:40:25.729 [FXGL Background Thread 1 ] DEBUG TilesetLoader        - Writing to buffer: dst=15,45, w=15,h=15, src=192,64
11:40:25.730 [FXGL Background Thread 1 ] DEBUG TilesetLoader        - Writing to buffer: dst=30,45, w=15,h=15, src=0,0
11:40:25.730 [FXGL Background Thread 1 ] DEBUG TilesetLoader        - Writing to buffer: dst=45,45, w=15,h=15, src=0,0
11:40:25.730 [FXGL Background Thread 1 ] DEBUG TilesetLoader        - Writing to buffer: dst=60,45, w=15,h=15, src=0,0
11:40:25.731 [FXGL Background Thread 1 ] DEBUG TilesetLoader        - Writing to buffer: dst=90,45, w=15,h=15, src=0,32
11:40:25.731 [FXGL Background Thread 1 ] DEBUG TilesetLoader        - Writing to buffer: dst=105,45, w=15,h=15, src=16,32
11:40:25.731 [FXGL Background Thread 1 ] DEBUG TilesetLoader        - Writing to buffer: dst=120,45, w=15,h=15, src=32,32
11:40:25.732 [FXGL Background Thread 1 ] DEBUG TilesetLoader        - Writing to buffer: dst=135,45, w=15,h=15, src=160,80
11:40:25.733 [FXGL Background Thread 1 ] DEBUG TilesetLoader        - Writing to buffer: dst=150,45, w=15,h=15, src=192,80
11:40:25.733 [FXGL Background Thread 1 ] DEBUG TilesetLoader        - Writing to buffer: dst=165,45, w=15,h=15, src=96,0
11:40:25.733 [FXGL Background Thread 1 ] DEBUG TilesetLoader        - Writing to buffer: dst=180,45, w=15,h=15, src=96,0
11:40:25.733 [FXGL Background Thread 1 ] DEBUG TilesetLoader        - Writing to buffer: dst=195,45, w=15,h=15, src=96,0
11:40:25.734 [FXGL Background Thread 1 ] DEBUG TilesetLoader        - Writing to buffer: dst=210,45, w=15,h=15, src=96,0
11:40:25.734 [FXGL Background Thread 1 ] DEBUG TilesetLoader        - Writing to buffer: dst=0,60, w=15,h=15, src=160,64
11:40:25.735 [FXGL Background Thread 1 ] DEBUG TilesetLoader        - Writing to buffer: dst=15,60, w=15,h=15, src=192,64
11:40:25.735 [FXGL Background Thread 1 ] DEBUG TilesetLoader        - Writing to buffer: dst=30,60, w=15,h=15, src=0,0
11:40:25.736 [FXGL Background Thread 1 ] DEBUG TilesetLoader        - Writing to buffer: dst=45,60, w=15,h=15, src=0,0
11:40:25.736 [FXGL Background Thread 1 ] DEBUG TilesetLoader        - Writing to buffer: dst=60,60, w=15,h=15, src=0,0
11:40:25.737 [FXGL Background Thread 1 ] DEBUG TilesetLoader        - Writing to buffer: dst=90,60, w=15,h=15, src=0,48
11:40:25.737 [FXGL Background Thread 1 ] DEBUG TilesetLoader        - Writing to buffer: dst=105,60, w=15,h=15, src=16,48
11:40:25.737 [FXGL Background Thread 1 ] DEBUG TilesetLoader        - Writing to buffer: dst=120,60, w=15,h=15, src=32,48
11:40:25.738 [FXGL Background Thread 1 ] DEBUG TilesetLoader        - Writing to buffer: dst=135,60, w=15,h=15, src=160,80
11:40:25.738 [FXGL Background Thread 1 ] DEBUG TilesetLoader        - Writing to buffer: dst=150,60, w=15,h=15, src=192,80
11:40:25.738 [FXGL Background Thread 1 ] DEBUG TilesetLoader        - Writing to buffer: dst=210,60, w=15,h=15, src=0,0
11:40:25.738 [FXGL Background Thread 1 ] DEBUG TilesetLoader        - Writing to buffer: dst=0,75, w=15,h=15, src=160,64
11:40:25.739 [FXGL Background Thread 1 ] DEBUG TilesetLoader        - Writing to buffer: dst=15,75, w=15,h=15, src=192,64
11:40:25.739 [FXGL Background Thread 1 ] DEBUG TilesetLoader        - Writing to buffer: dst=30,75, w=15,h=15, src=0,0
11:40:25.739 [FXGL Background Thread 1 ] DEBUG TilesetLoader        - Writing to buffer: dst=45,75, w=15,h=15, src=0,0
11:40:25.740 [FXGL Background Thread 1 ] DEBUG TilesetLoader        - Writing to buffer: dst=60,75, w=15,h=15, src=0,0
11:40:25.740 [FXGL Background Thread 1 ] DEBUG TilesetLoader        - Writing to buffer: dst=135,75, w=15,h=15, src=160,80
11:40:25.740 [FXGL Background Thread 1 ] DEBUG TilesetLoader        - Writing to buffer: dst=150,75, w=15,h=15, src=192,80
11:40:25.741 [FXGL Background Thread 1 ] DEBUG TilesetLoader        - Writing to buffer: dst=210,75, w=15,h=15, src=0,0
11:40:25.741 [FXGL Background Thread 1 ] DEBUG TilesetLoader        - Writing to buffer: dst=0,90, w=15,h=15, src=160,64
11:40:25.742 [FXGL Background Thread 1 ] DEBUG TilesetLoader        - Writing to buffer: dst=15,90, w=15,h=15, src=192,64
11:40:25.742 [FXGL Background Thread 1 ] DEBUG TilesetLoader        - Writing to buffer: dst=30,90, w=15,h=15, src=96,0
11:40:25.742 [FXGL Background Thread 1 ] DEBUG TilesetLoader        - Writing to buffer: dst=45,90, w=15,h=15, src=96,0
11:40:25.742 [FXGL Background Thread 1 ] DEBUG TilesetLoader        - Writing to buffer: dst=60,90, w=15,h=15, src=96,0
11:40:25.744 [FXGL Background Thread 1 ] DEBUG TilesetLoader        - Writing to buffer: dst=135,90, w=15,h=15, src=160,80
11:40:25.744 [FXGL Background Thread 1 ] DEBUG TilesetLoader        - Writing to buffer: dst=150,90, w=15,h=15, src=192,80
11:40:25.744 [FXGL Background Thread 1 ] DEBUG TilesetLoader        - Writing to buffer: dst=180,90, w=15,h=15, src=48,16
11:40:25.744 [FXGL Background Thread 1 ] DEBUG TilesetLoader        - Writing to buffer: dst=210,90, w=15,h=15, src=0,0
11:40:25.745 [FXGL Background Thread 1 ] DEBUG TilesetLoader        - Writing to buffer: dst=0,105, w=15,h=15, src=160,64
11:40:25.745 [FXGL Background Thread 1 ] DEBUG TilesetLoader        - Writing to buffer: dst=15,105, w=15,h=15, src=192,64
11:40:25.745 [FXGL Background Thread 1 ] DEBUG TilesetLoader        - Writing to buffer: dst=30,105, w=15,h=15, src=0,0
11:40:25.747 [FXGL Background Thread 1 ] DEBUG TilesetLoader        - Writing to buffer: dst=45,105, w=15,h=15, src=0,0
11:40:25.749 [FXGL Background Thread 1 ] DEBUG TilesetLoader        - Writing to buffer: dst=60,105, w=15,h=15, src=16,16
11:40:25.749 [FXGL Background Thread 1 ] DEBUG TilesetLoader        - Writing to buffer: dst=120,105, w=15,h=15, src=16,16
11:40:25.750 [FXGL Background Thread 1 ] DEBUG TilesetLoader        - Writing to buffer: dst=135,105, w=15,h=15, src=160,80
11:40:25.751 [FXGL Background Thread 1 ] DEBUG TilesetLoader        - Writing to buffer: dst=150,105, w=15,h=15, src=192,80
11:40:25.751 [FXGL Background Thread 1 ] DEBUG TilesetLoader        - Writing to buffer: dst=180,105, w=15,h=15, src=64,16
11:40:25.751 [FXGL Background Thread 1 ] DEBUG TilesetLoader        - Writing to buffer: dst=210,105, w=15,h=15, src=0,0
11:40:25.752 [FXGL Background Thread 1 ] DEBUG TilesetLoader        - Writing to buffer: dst=0,120, w=15,h=15, src=160,96
11:40:25.752 [FXGL Background Thread 1 ] DEBUG TilesetLoader        - Writing to buffer: dst=15,120, w=15,h=15, src=192,96
11:40:25.752 [FXGL Background Thread 1 ] DEBUG TilesetLoader        - Writing to buffer: dst=30,120, w=15,h=15, src=0,0
11:40:25.753 [FXGL Background Thread 1 ] DEBUG TilesetLoader        - Writing to buffer: dst=45,120, w=15,h=15, src=0,0
11:40:25.753 [FXGL Background Thread 1 ] DEBUG TilesetLoader        - Writing to buffer: dst=60,120, w=15,h=15, src=32,16
11:40:25.753 [FXGL Background Thread 1 ] DEBUG TilesetLoader        - Writing to buffer: dst=75,120, w=15,h=15, src=0,0
11:40:25.754 [FXGL Background Thread 1 ] DEBUG TilesetLoader        - Writing to buffer: dst=90,120, w=15,h=15, src=0,0
11:40:25.754 [FXGL Background Thread 1 ] DEBUG TilesetLoader        - Writing to buffer: dst=105,120, w=15,h=15, src=0,0
11:40:25.754 [FXGL Background Thread 1 ] DEBUG TilesetLoader        - Writing to buffer: dst=120,120, w=15,h=15, src=32,16
11:40:25.754 [FXGL Background Thread 1 ] DEBUG TilesetLoader        - Writing to buffer: dst=135,120, w=15,h=15, src=160,96
11:40:25.755 [FXGL Background Thread 1 ] DEBUG TilesetLoader        - Writing to buffer: dst=150,120, w=15,h=15, src=192,96
11:40:25.755 [FXGL Background Thread 1 ] DEBUG TilesetLoader        - Writing to buffer: dst=165,120, w=15,h=15, src=0,0
11:40:25.755 [FXGL Background Thread 1 ] DEBUG TilesetLoader        - Writing to buffer: dst=180,120, w=15,h=15, src=80,16
11:40:25.755 [FXGL Background Thread 1 ] DEBUG TilesetLoader        - Writing to buffer: dst=195,120, w=15,h=15, src=0,0
11:40:25.755 [FXGL Background Thread 1 ] DEBUG TilesetLoader        - Writing to buffer: dst=210,120, w=15,h=15, src=0,0
11:40:25.756 [FXGL Background Thread 1 ] DEBUG TilesetLoader        - Writing to buffer: dst=0,135, w=15,h=15, src=208,176
11:40:25.756 [FXGL Background Thread 1 ] DEBUG TilesetLoader        - Writing to buffer: dst=15,135, w=15,h=15, src=208,176
11:40:25.756 [FXGL Background Thread 1 ] DEBUG TilesetLoader        - Writing to buffer: dst=30,135, w=15,h=15, src=208,176
11:40:25.756 [FXGL Background Thread 1 ] DEBUG TilesetLoader        - Writing to buffer: dst=45,135, w=15,h=15, src=208,176
11:40:25.756 [FXGL Background Thread 1 ] DEBUG TilesetLoader        - Writing to buffer: dst=60,135, w=15,h=15, src=208,176
11:40:25.756 [FXGL Background Thread 1 ] DEBUG TilesetLoader        - Writing to buffer: dst=75,135, w=15,h=15, src=208,176
11:40:25.757 [FXGL Background Thread 1 ] DEBUG TilesetLoader        - Writing to buffer: dst=90,135, w=15,h=15, src=208,176
11:40:25.757 [FXGL Background Thread 1 ] DEBUG TilesetLoader        - Writing to buffer: dst=105,135, w=15,h=15, src=208,176
11:40:25.757 [FXGL Background Thread 1 ] DEBUG TilesetLoader        - Writing to buffer: dst=120,135, w=15,h=15, src=208,176
11:40:25.757 [FXGL Background Thread 1 ] DEBUG TilesetLoader        - Writing to buffer: dst=135,135, w=15,h=15, src=208,176
11:40:25.757 [FXGL Background Thread 1 ] DEBUG TilesetLoader        - Writing to buffer: dst=150,135, w=15,h=15, src=208,176
11:40:25.758 [FXGL Background Thread 1 ] DEBUG TilesetLoader        - Writing to buffer: dst=165,135, w=15,h=15, src=208,176
11:40:25.758 [FXGL Background Thread 1 ] DEBUG TilesetLoader        - Writing to buffer: dst=180,135, w=15,h=15, src=208,176
11:40:25.758 [FXGL Background Thread 1 ] DEBUG TilesetLoader        - Writing to buffer: dst=195,135, w=15,h=15, src=208,176
11:40:25.758 [FXGL Background Thread 1 ] DEBUG TilesetLoader        - Writing to buffer: dst=210,135, w=15,h=15, src=208,176
11:40:25.760 [FXGL Background Thread 1 ] DEBUG TMXLevelLoader       - Creating object layer entities
11:40:25.790 [FXGL Background Thread 1 ] DEBUG GameWorld            - Clearing removable entities
11:40:25.790 [FXGL Background Thread 1 ] DEBUG GameWorld            - Setting level: com.almasb.fxgl.entity.level.Level@7c234893
11:40:25.803 [FXGL Background Thread 1 ] DEBUG FXGLAssetLoaderServi - Loading from file system: file:/C:/Users/plane/IdeaProjects/IPOSE-Maven/target/classes/assets/textures/girl.png
11:40:25.816 [FXGL Background Thread 1 ] INFO  FXGLApplication      - Game initialization took: 0,373 sec
11:40:25.817 [JavaFX Application Thread] DEBUG Input                - Clearing active input actions
11:40:25.833 [JavaFX Application Thread] DEBUG GameApplicationServi - Removing overlay from FXGLLoadingScene and adding to GameScene
11:40:25.834 [JavaFX Application Thread] DEBUG PrimaryStageWindow   - FXGLLoadingScene -> GameScene
11:40:25.926 [FXGL Background Thread 2 ] INFO  UpdaterService       - Your current version:  11.14
11:40:25.926 [FXGL Background Thread 2 ] INFO  UpdaterService       - Latest stable version: 17.1
11:40:28.368 [FXGL Background Thread 3 ] DEBUG Engine               - Logging environment variables
11:40:28.369 [FXGL Background Thread 3 ] DEBUG Engine               - achievements: []
11:40:28.369 [FXGL Background Thread 3 ] DEBUG Engine               - actualHeight: 672.0
11:40:28.369 [FXGL Background Thread 3 ] DEBUG Engine               - actualHeightProperty: ReadOnlyDoubleProperty [value: 672.0]
11:40:28.369 [FXGL Background Thread 3 ] DEBUG Engine               - actualWidth: 983.0
11:40:28.370 [FXGL Background Thread 3 ] DEBUG Engine               - actualWidthProperty: ReadOnlyDoubleProperty [value: 983.0]
11:40:28.370 [FXGL Background Thread 3 ] DEBUG Engine               - appIcon: fxgl_icon.png
11:40:28.370 [FXGL Background Thread 3 ] DEBUG Engine               - applicationMode: DEVELOPER
11:40:28.371 [FXGL Background Thread 3 ] DEBUG Engine               - cSSList: [fxgl_dark.css]
11:40:28.371 [FXGL Background Thread 3 ] DEBUG Engine               - collisionDetectionStrategy: BRUTE_FORCE
11:40:28.371 [FXGL Background Thread 3 ] DEBUG Engine               - configClass: Optional.empty
11:40:28.371 [FXGL Background Thread 3 ] DEBUG Engine               - credits: []
11:40:28.372 [FXGL Background Thread 3 ] DEBUG Engine               - devBBoxColorProperty: ObjectProperty [value: 0xff0000ff]
11:40:28.372 [FXGL Background Thread 3 ] DEBUG Engine               - devEnableDebugCameraProperty: BooleanProperty [value: false]
11:40:28.373 [FXGL Background Thread 3 ] DEBUG Engine               - devSensorColorProperty: ObjectProperty [value: 0xffff00ff]
11:40:28.373 [FXGL Background Thread 3 ] DEBUG Engine               - devShowBBoxProperty: BooleanProperty [value: false]
11:40:28.373 [FXGL Background Thread 3 ] DEBUG Engine               - devShowPositionProperty: BooleanProperty [value: false]
11:40:28.373 [FXGL Background Thread 3 ] DEBUG Engine               - enabledMenuItems: []
11:40:28.373 [FXGL Background Thread 3 ] DEBUG Engine               - engineServices: [class com.almasb.fxgl.app.services.FXGLAssetLoaderService, class com.almasb.fxgl.app.FXGLApplication$GameApplicationService, class com.almasb.fxgl.app.services.FXGLDialogService, class com.almasb.fxgl.app.services.IOTaskExecutorService, class com.almasb.fxgl.event.EventBusService, class com.almasb.fxgl.io.FileSystemService, class com.almasb.fxgl.localization.LocalizationService, class com.almasb.fxgl.app.services.SystemBundleService, class com.almasb.fxgl.profile.SaveLoadService, class com.almasb.fxgl.ui.FXGLUIFactoryServiceProvider, class com.almasb.fxgl.ui.FXGLDialogFactoryServiceProvider, class com.almasb.fxgl.audio.AudioPlayer, class com.almasb.fxgl.notification.impl.NotificationServiceProvider, class com.almasb.fxgl.achievement.AchievementService, class com.almasb.fxgl.cutscene.CutsceneService, class com.almasb.fxgl.minigames.MiniGameService, class com.almasb.fxgl.net.NetService, class com.almasb.fxgl.app.services.UpdaterService, class com.almasb.fxgl.dev.DevService]
11:40:28.373 [FXGL Background Thread 3 ] DEBUG Engine               - fontGame: Abel-Regular.ttf
11:40:28.373 [FXGL Background Thread 3 ] DEBUG Engine               - fontMono: lucida_console.ttf
11:40:28.373 [FXGL Background Thread 3 ] DEBUG Engine               - fontText: Courier-Prime.ttf
11:40:28.374 [FXGL Background Thread 3 ] DEBUG Engine               - fontUI: VarelaRound-Regular.ttf
11:40:28.374 [FXGL Background Thread 3 ] DEBUG Engine               - fullScreen: BooleanProperty [value: false]
11:40:28.374 [FXGL Background Thread 3 ] DEBUG Engine               - gameDifficulty: MEDIUM
11:40:28.374 [FXGL Background Thread 3 ] DEBUG Engine               - gameDifficultyProperty: ObjectProperty [value: MEDIUM]
11:40:28.374 [FXGL Background Thread 3 ] DEBUG Engine               - globalMusicVolume: 0.5
11:40:28.375 [FXGL Background Thread 3 ] DEBUG Engine               - globalMusicVolumeProperty: DoubleProperty [value: 0.5]
11:40:28.375 [FXGL Background Thread 3 ] DEBUG Engine               - globalSoundVolume: 0.5
11:40:28.375 [FXGL Background Thread 3 ] DEBUG Engine               - globalSoundVolumeProperty: DoubleProperty [value: 0.5]
11:40:28.376 [FXGL Background Thread 3 ] DEBUG Engine               - height: 700
11:40:28.376 [FXGL Background Thread 3 ] DEBUG Engine               - isAndroid: false
11:40:28.376 [FXGL Background Thread 3 ] DEBUG Engine               - isBrowser: false
11:40:28.376 [FXGL Background Thread 3 ] DEBUG Engine               - isClickFeedbackEnabled: false
11:40:28.376 [FXGL Background Thread 3 ] DEBUG Engine               - isCloseConfirmation: false
11:40:28.376 [FXGL Background Thread 3 ] DEBUG Engine               - isDesktop: true
11:40:28.376 [FXGL Background Thread 3 ] DEBUG Engine               - isDeveloperMenuEnabled: false
11:40:28.377 [FXGL Background Thread 3 ] DEBUG Engine               - isEntityPreloadEnabled: true
11:40:28.377 [FXGL Background Thread 3 ] DEBUG Engine               - isExperimental3D: false
11:40:28.378 [FXGL Background Thread 3 ] DEBUG Engine               - isExperimentalNative: false
11:40:28.378 [FXGL Background Thread 3 ] DEBUG Engine               - isExperimentalTiledLargeMap: false
11:40:28.378 [FXGL Background Thread 3 ] DEBUG Engine               - isFileSystemWriteAllowed: true
11:40:28.378 [FXGL Background Thread 3 ] DEBUG Engine               - isFullScreenAllowed: false
11:40:28.378 [FXGL Background Thread 3 ] DEBUG Engine               - isFullScreenFromStart: false
11:40:28.378 [FXGL Background Thread 3 ] DEBUG Engine               - isGameMenuEnabled: true
11:40:28.378 [FXGL Background Thread 3 ] DEBUG Engine               - isIOS: false
11:40:28.379 [FXGL Background Thread 3 ] DEBUG Engine               - isIntroEnabled: false
11:40:28.379 [FXGL Background Thread 3 ] DEBUG Engine               - isLinux: false
11:40:28.379 [FXGL Background Thread 3 ] DEBUG Engine               - isMac: false
11:40:28.379 [FXGL Background Thread 3 ] DEBUG Engine               - isMainMenuEnabled: false
11:40:28.379 [FXGL Background Thread 3 ] DEBUG Engine               - isManualResizeEnabled: false
11:40:28.380 [FXGL Background Thread 3 ] DEBUG Engine               - isMobile: false
11:40:28.380 [FXGL Background Thread 3 ] DEBUG Engine               - isPreserveResizeRatio: false
11:40:28.381 [FXGL Background Thread 3 ] DEBUG Engine               - isProfilingEnabled: false
11:40:28.381 [FXGL Background Thread 3 ] DEBUG Engine               - isScaleAffectedOnResize: true
11:40:28.381 [FXGL Background Thread 3 ] DEBUG Engine               - isSingleStep: false
11:40:28.381 [FXGL Background Thread 3 ] DEBUG Engine               - isUserProfileEnabled: false
11:40:28.381 [FXGL Background Thread 3 ] DEBUG Engine               - isWindows: true
11:40:28.381 [FXGL Background Thread 3 ] DEBUG Engine               - language: ObjectProperty [value: ENGLISH]
11:40:28.381 [FXGL Background Thread 3 ] DEBUG Engine               - menuKey: ESCAPE
11:40:28.381 [FXGL Background Thread 3 ] DEBUG Engine               - notificationViewClass: class com.almasb.fxgl.notification.view.XboxNotificationView
11:40:28.382 [FXGL Background Thread 3 ] DEBUG Engine               - pixelsPerMeter: 50.0
11:40:28.382 [FXGL Background Thread 3 ] DEBUG Engine               - platform: WINDOWS
11:40:28.382 [FXGL Background Thread 3 ] DEBUG Engine               - prefHeightProperty: ReadOnlyDoubleProperty [value: 700.0]
11:40:28.382 [FXGL Background Thread 3 ] DEBUG Engine               - prefWidthProperty: ReadOnlyDoubleProperty [value: 1050.0]
11:40:28.382 [FXGL Background Thread 3 ] DEBUG Engine               - profileDir: profiles/
11:40:28.382 [FXGL Background Thread 3 ] DEBUG Engine               - profileName: StringProperty [value: DEFAULT]
11:40:28.382 [FXGL Background Thread 3 ] DEBUG Engine               - randomSeed: -1
11:40:28.382 [FXGL Background Thread 3 ] DEBUG Engine               - runtimeInfo: RuntimeInfo(platform=WINDOWS, version=11.14, build=01.03.2021 16.59)
11:40:28.383 [FXGL Background Thread 3 ] DEBUG Engine               - saveFileExt: sav
11:40:28.383 [FXGL Background Thread 3 ] DEBUG Engine               - scaledHeightProp$fxgl: DoubleProperty [bound, value: 672.0]
11:40:28.383 [FXGL Background Thread 3 ] DEBUG Engine               - scaledWidthProp$fxgl: DoubleProperty [bound, value: 983.0]
11:40:28.383 [FXGL Background Thread 3 ] DEBUG Engine               - sceneFactory: com.almasb.fxgl.app.scene.SceneFactory@48aea5d5
11:40:28.384 [FXGL Background Thread 3 ] DEBUG Engine               - secondsIn24h: 60
11:40:28.384 [FXGL Background Thread 3 ] DEBUG Engine               - soundMenuBack: menu/back.wav
11:40:28.384 [FXGL Background Thread 3 ] DEBUG Engine               - soundMenuPress: menu/press.wav
11:40:28.384 [FXGL Background Thread 3 ] DEBUG Engine               - soundMenuSelect: menu/select.wav
11:40:28.384 [FXGL Background Thread 3 ] DEBUG Engine               - soundNotification: core/notification.wav
11:40:28.384 [FXGL Background Thread 3 ] DEBUG Engine               - stageStyle: DECORATED
11:40:28.384 [FXGL Background Thread 3 ] DEBUG Engine               - supportedLanguages: [ENGLISH, FRENCH, GERMAN, HUNGARIAN, RUSSIAN]
11:40:28.384 [FXGL Background Thread 3 ] DEBUG Engine               - ticksPerSecond: -1
11:40:28.384 [FXGL Background Thread 3 ] DEBUG Engine               - title: Demo game
11:40:28.384 [FXGL Background Thread 3 ] DEBUG Engine               - urlGithub: https://github.com/AlmasB/FXGL
11:40:28.385 [FXGL Background Thread 3 ] DEBUG Engine               - urlLeaderboard: http://fxgl-top.herokuapp.com/
11:40:28.385 [FXGL Background Thread 3 ] DEBUG Engine               - urlPOM: https://raw.githubusercontent.com/AlmasB/FXGL/release/README.md
11:40:28.385 [FXGL Background Thread 3 ] DEBUG Engine               - userAppClass: class Game
11:40:28.385 [FXGL Background Thread 3 ] DEBUG Engine               - version: 1.1
11:40:28.385 [FXGL Background Thread 3 ] DEBUG Engine               - versionCheckDays: 7
11:40:28.385 [FXGL Background Thread 3 ] DEBUG Engine               - width: 1050
11:40:28.385 [FXGL Background Thread 3 ] DEBUG Engine               - Logging services
11:40:28.385 [FXGL Background Thread 3 ] DEBUG Engine               - class com.almasb.fxgl.app.services.FXGLAssetLoaderService
11:40:28.385 [FXGL Background Thread 3 ] DEBUG Engine               - class com.almasb.fxgl.app.FXGLApplication$GameApplicationService
11:40:28.385 [FXGL Background Thread 3 ] DEBUG Engine               - class com.almasb.fxgl.app.services.FXGLDialogService
11:40:28.385 [FXGL Background Thread 3 ] DEBUG Engine               - class com.almasb.fxgl.app.services.IOTaskExecutorService
11:40:28.385 [FXGL Background Thread 3 ] DEBUG Engine               - class com.almasb.fxgl.event.EventBusService
11:40:28.386 [FXGL Background Thread 3 ] DEBUG Engine               - class com.almasb.fxgl.io.FileSystemService
11:40:28.386 [FXGL Background Thread 3 ] DEBUG Engine               - class com.almasb.fxgl.localization.LocalizationService
11:40:28.386 [FXGL Background Thread 3 ] DEBUG Engine               - class com.almasb.fxgl.app.services.SystemBundleService
11:40:28.386 [FXGL Background Thread 3 ] DEBUG Engine               - class com.almasb.fxgl.profile.SaveLoadService
11:40:28.386 [FXGL Background Thread 3 ] DEBUG Engine               - class com.almasb.fxgl.ui.FXGLUIFactoryServiceProvider
11:40:28.386 [FXGL Background Thread 3 ] DEBUG Engine               - class com.almasb.fxgl.ui.FXGLDialogFactoryServiceProvider
11:40:28.386 [FXGL Background Thread 3 ] DEBUG Engine               - class com.almasb.fxgl.audio.AudioPlayer
11:40:28.387 [FXGL Background Thread 3 ] DEBUG Engine               - class com.almasb.fxgl.notification.impl.NotificationServiceProvider
11:40:28.387 [FXGL Background Thread 3 ] DEBUG Engine               - class com.almasb.fxgl.achievement.AchievementService
11:40:28.387 [FXGL Background Thread 3 ] DEBUG Engine               - class com.almasb.fxgl.cutscene.CutsceneService
11:40:28.387 [FXGL Background Thread 3 ] DEBUG Engine               - class com.almasb.fxgl.minigames.MiniGameService
11:40:28.387 [FXGL Background Thread 3 ] DEBUG Engine               - class com.almasb.fxgl.net.NetService
11:40:28.387 [FXGL Background Thread 3 ] DEBUG Engine               - class com.almasb.fxgl.app.services.UpdaterService
11:40:28.387 [FXGL Background Thread 3 ] DEBUG Engine               - class com.almasb.fxgl.dev.DevService
11:40:31.200 [JavaFX Application Thread] DEBUG FXGLApplication      - Exiting FXGL
11:40:31.200 [JavaFX Application Thread] DEBUG LoopRunner           - Stopping loop
11:40:31.201 [JavaFX Application Thread] DEBUG SystemBundleService  - Saving FXGL system data
11:40:31.209 [JavaFX Application Thread] DEBUG FileSystemAccess     - Writing to: C:\Users\plane\IdeaProjects\IPOSE-Maven\system\fxgl.bundle
11:40:31.210 [JavaFX Application Thread] DEBUG Async                - Shutting down background threads
11:40:31.211 [JavaFX Application Thread] DEBUG PrimaryStageWindow   - Closing main window
11:40:31.241 [JavaFX Application Thread] DEBUG Logger               - Closing Logger
