14:13:35.216 [main                     ] DEBUG Logger               - Configured Logger
14:13:35.253 [main                     ] DEBUG GameApplication      - Logging settings
Title: Demo game
Version: 1.2
Width: 1050
Height: 700
Fullscreen: false
Intro: false
Profiling: false
Single step:false
App Mode: DEVELOPER
Menu Key: ESCAPE
Stage Style: DECORATED
Scene Factory: class com.almasb.fxgl.app.scene.SceneFactory

14:13:36.581 [JavaFX Application Thread] DEBUG FXGLApplication      - Initializing FXGL
14:13:36.587 [JavaFX Application Thread] INFO  Engine               - FXGL-11.14 (01.03.2021 16.59) on WINDOWS (J:15.0.2 FX:15)
14:13:36.588 [JavaFX Application Thread] DEBUG Engine               - JRE Vendor Name: Amazon.com Inc.
14:13:36.589 [JavaFX Application Thread] DEBUG Engine               - Running on OS: Windows 10 version 10.0
14:13:36.589 [JavaFX Application Thread] DEBUG Engine               - Architecture: amd64
14:13:36.591 [JavaFX Application Thread] INFO  Engine               - Source code and latest versions at: https://github.com/AlmasB/FXGL
14:13:36.592 [JavaFX Application Thread] INFO  Engine               -              Join the FXGL chat at: https://gitter.im/AlmasB/FXGL
14:13:37.013 [JavaFX Application Thread] DEBUG PrimaryStageWindow   - Creating a JavaFX scene
14:13:37.189 [JavaFX Application Thread] DEBUG PrimaryStageWindow   - Target settings size: 1050.0 x 700.0
14:13:37.189 [JavaFX Application Thread] DEBUG PrimaryStageWindow   - Scaled scene size:    1050.0 x 700.0
14:13:37.190 [JavaFX Application Thread] DEBUG PrimaryStageWindow   - Scaled ratio: (1.0, 1.0)
14:13:37.193 [JavaFX Application Thread] DEBUG PrimaryStageWindow   - Set initial scene to FXGLStartupScene
14:13:37.217 [JavaFX Application Thread] DEBUG PrimaryStageWindow   - Opening main window
14:13:37.479 [JavaFX Application Thread] DEBUG PrimaryStageWindow   - Window border size: (14.800048828125, 37.5999755859375)
14:13:37.480 [JavaFX Application Thread] DEBUG PrimaryStageWindow   - Scaled size: 1050.0 x 700.0
14:13:37.480 [JavaFX Application Thread] DEBUG PrimaryStageWindow   - Scaled ratio: (1.0, 1.0)
14:13:37.481 [JavaFX Application Thread] DEBUG PrimaryStageWindow   - Scene size: 1050.0 x 700.0
14:13:37.481 [JavaFX Application Thread] DEBUG PrimaryStageWindow   - Stage size: 1064.800048828125 x 737.5999755859375
14:13:37.535 [FXGL Background Thread 1 ] DEBUG Engine               - Initializing environment variables
14:13:37.696 [FXGL Background Thread 1 ] DEBUG FXGLAssetLoaderServi - User app class for loading assets: class Game
14:13:37.697 [FXGL Background Thread 1 ] DEBUG GameApplicationServi - Applying CSS: fxgl_dark.css
14:13:37.699 [FXGL Background Thread 1 ] DEBUG FXGLAssetLoaderServi - Loading from file system: jar:file:/C:/Users/jfran/.m2/repository/com/github/almasb/fxgl/11.14/fxgl-11.14.jar!/fxglassets/ui/css/fxgl_dark.css
14:13:37.846 [FXGL Background Thread 1 ] DEBUG GameApplicationServi - Initializing application scenes
14:13:38.050 [FXGL Background Thread 1 ] DEBUG GameWorld            - Game world initialized
14:13:38.209 [FXGL Background Thread 1 ] DEBUG PhysicsWorld         - Physics world initialized: appHeight=700, physics.ppm=50,0
14:13:38.209 [FXGL Background Thread 1 ] DEBUG PhysicsWorld         - Using strategy: BRUTE_FORCE
14:13:38.216 [FXGL Background Thread 1 ] DEBUG GameScene            - Game scene initialized: 1050x700
14:13:38.298 [FXGL Background Thread 1 ] DEBUG FXGLAssetLoaderServi - Loading from file system: jar:file:/C:/Users/jfran/.m2/repository/com/github/almasb/fxgl/11.14/fxgl-11.14.jar!/fxglassets/textures/particles/trace_horizontal.png
14:13:38.414 [FXGL Background Thread 1 ] DEBUG FXGL.DefaultMenu     - createMenuBodyMainMenu()
14:13:38.451 [FXGL Background Thread 1 ] DEBUG FXGL.DefaultMenu     - createOptionsMenu()
14:13:38.465 [FXGL Background Thread 1 ] DEBUG FXGLAssetLoaderServi - Loading from file system: jar:file:/C:/Users/jfran/.m2/repository/com/github/almasb/fxgl/11.14/fxgl-11.14.jar!/fxglassets/textures/particles/smoke.png
14:13:38.630 [FXGL Background Thread 1 ] DEBUG FXGL.DefaultMenu     - createMenuBodyGameMenu()
14:13:38.634 [FXGL Background Thread 1 ] DEBUG FXGL.DefaultMenu     - createOptionsMenu()
14:13:38.683 [FXGL Background Thread 1 ] DEBUG GameApplicationServi - Application scenes initialized
14:13:38.714 [FXGL Background Thread 1 ] DEBUG SystemBundleService  - Loading FXGL system data
14:13:38.723 [FXGL Background Thread 1 ] DEBUG FileSystemAccess     - Reading from: C:\Users\jfran\OneDrive - Hogeschool Leiden\IPOSE-Maven\system\fxgl.bundle
14:13:38.738 [FXGL Background Thread 1 ] DEBUG SystemBundleService  - Bundle FXGL: {}
14:13:38.738 [FXGL Background Thread 1 ] DEBUG UpdaterService       - Checking for updates
14:13:38.751 [FXGL Background Thread 1 ] DEBUG FXGLApplication      - Loading default localization
14:13:38.752 [FXGL Background Thread 1 ] DEBUG FXGLAssetLoaderServi - Loading from file system: jar:file:/C:/Users/jfran/.m2/repository/com/github/almasb/fxgl/11.14/fxgl-11.14.jar!/fxglassets/languages/english.lang
14:13:38.764 [FXGL Background Thread 4 ] DEBUG FXGLApplication      - Loading fonts
14:13:38.765 [FXGL Background Thread 4 ] DEBUG FXGLAssetLoaderServi - Loading from file system: jar:file:/C:/Users/jfran/.m2/repository/com/github/almasb/fxgl/11.14/fxgl-11.14.jar!/fxglassets/ui/fonts/VarelaRound-Regular.ttf
14:13:38.813 [FXGL Background Thread 1 ] INFO  FXGLApplication      - FXGL initialization took: 1,278 sec
14:13:38.839 [JavaFX Application Thread] DEBUG Input                - Registered new binding: Left - A
14:13:38.840 [JavaFX Application Thread] DEBUG Input                - Registered new binding: Right - D
14:13:38.841 [JavaFX Application Thread] DEBUG Input                - Registered new binding: Jump - W
14:13:38.842 [JavaFX Application Thread] DEBUG FXGLAssetLoaderServi - Loading from file system: jar:file:/C:/Users/jfran/.m2/repository/com/github/almasb/fxgl/11.14/fxgl-11.14.jar!/fxglassets/textures/fxgl_icon.png
14:13:38.900 [JavaFX Application Thread] DEBUG FXGLAssetLoaderServi - Loading from file system: jar:file:/C:/Users/jfran/.m2/repository/com/github/almasb/fxgl/11.14/fxgl-11.14.jar!/fxglassets/ui/cursors/fxgl_default.png
14:13:38.918 [JavaFX Application Thread] DEBUG Input                - Registered new binding: Screenshot - P
14:13:38.929 [JavaFX Application Thread] DEBUG Input                - Registered new binding: System info dump - CTRL+9
14:13:38.932 [JavaFX Application Thread] DEBUG Input                - Registered new binding: Restart - CTRL+R
14:13:38.936 [JavaFX Application Thread] DEBUG Input                - Registered new binding: Toggle Debug Camera - CTRL+C
14:13:38.947 [JavaFX Application Thread] DEBUG LoopRunner           - Starting loop
14:13:38.948 [JavaFX Application Thread] DEBUG LoopRunner           - Initializing JavaFX AnimationTimerLoop
14:13:38.965 [JavaFX Application Thread] DEBUG Input                - Clearing active input actions
14:13:38.986 [JavaFX Application Thread] DEBUG GameApplicationServi - Removing overlay from FXGLStartupScene and adding to FXGLMainMenuDummyScene
14:13:38.987 [JavaFX Application Thread] DEBUG PrimaryStageWindow   - FXGLStartupScene -> FXGLMainMenuDummyScene
14:13:38.988 [JavaFX Application Thread] DEBUG PrimaryStageWindow   - Push state: FXGLDefaultMenu
14:13:39.000 [JavaFX Application Thread] DEBUG Input                - Clearing active input actions
14:13:39.027 [JavaFX Application Thread] DEBUG GameApplicationServi - Removing overlay from FXGLMainMenuDummyScene and adding to FXGLDefaultMenu
14:13:39.028 [JavaFX Application Thread] DEBUG PrimaryStageWindow   - FXGLMainMenuDummyScene -> FXGLDefaultMenu
14:13:39.473 [FXGL Background Thread 4 ] DEBUG FXGLAssetLoaderServi - Loading from file system: jar:file:/C:/Users/jfran/.m2/repository/com/github/almasb/fxgl/11.14/fxgl-11.14.jar!/fxglassets/ui/fonts/Abel-Regular.ttf
14:13:39.534 [FXGL Background Thread 4 ] DEBUG FXGLAssetLoaderServi - Loading from file system: jar:file:/C:/Users/jfran/.m2/repository/com/github/almasb/fxgl/11.14/fxgl-11.14.jar!/fxglassets/ui/fonts/lucida_console.ttf
14:13:39.563 [FXGL Background Thread 4 ] DEBUG FXGLAssetLoaderServi - Loading from file system: jar:file:/C:/Users/jfran/.m2/repository/com/github/almasb/fxgl/11.14/fxgl-11.14.jar!/fxglassets/ui/fonts/Courier-Prime.ttf
14:13:39.690 [JavaFX Application Thread] DEBUG FXGLApplication      - Registering font factories with UI factory
14:13:40.139 [FXGL Background Thread 2 ] INFO  UpdaterService       - Your current version:  11.14
14:13:40.140 [FXGL Background Thread 2 ] INFO  UpdaterService       - Latest stable version: 17.1
14:13:41.746 [FXGL Background Thread 3 ] DEBUG Engine               - Logging environment variables
14:13:41.752 [FXGL Background Thread 3 ] DEBUG Engine               - achievements: []
14:13:41.756 [FXGL Background Thread 3 ] DEBUG Engine               - actualHeight: 700.0
14:13:41.757 [FXGL Background Thread 3 ] DEBUG Engine               - actualHeightProperty: ReadOnlyDoubleProperty [value: 700.0]
14:13:41.760 [FXGL Background Thread 3 ] DEBUG Engine               - actualWidth: 1050.0
14:13:41.762 [FXGL Background Thread 3 ] DEBUG Engine               - actualWidthProperty: ReadOnlyDoubleProperty [value: 1050.0]
14:13:41.762 [FXGL Background Thread 3 ] DEBUG Engine               - appIcon: fxgl_icon.png
14:13:41.769 [FXGL Background Thread 3 ] DEBUG Engine               - applicationMode: DEVELOPER
14:13:41.769 [FXGL Background Thread 3 ] DEBUG Engine               - cSSList: [fxgl_dark.css]
14:13:41.772 [FXGL Background Thread 3 ] DEBUG Engine               - collisionDetectionStrategy: BRUTE_FORCE
14:13:41.772 [FXGL Background Thread 3 ] DEBUG Engine               - configClass: Optional.empty
14:13:41.773 [FXGL Background Thread 3 ] DEBUG Engine               - credits: []
14:13:41.774 [FXGL Background Thread 3 ] DEBUG Engine               - devBBoxColorProperty: ObjectProperty [value: 0xff0000ff]
14:13:41.774 [FXGL Background Thread 3 ] DEBUG Engine               - devEnableDebugCameraProperty: BooleanProperty [value: false]
14:13:41.775 [FXGL Background Thread 3 ] DEBUG Engine               - devSensorColorProperty: ObjectProperty [value: 0xffff00ff]
14:13:41.776 [FXGL Background Thread 3 ] DEBUG Engine               - devShowBBoxProperty: BooleanProperty [value: false]
14:13:41.777 [FXGL Background Thread 3 ] DEBUG Engine               - devShowPositionProperty: BooleanProperty [value: false]
14:13:41.788 [FXGL Background Thread 3 ] DEBUG Engine               - enabledMenuItems: []
14:13:41.789 [FXGL Background Thread 3 ] DEBUG Engine               - engineServices: [class com.almasb.fxgl.app.services.FXGLAssetLoaderService, class com.almasb.fxgl.app.FXGLApplication$GameApplicationService, class com.almasb.fxgl.app.services.FXGLDialogService, class com.almasb.fxgl.app.services.IOTaskExecutorService, class com.almasb.fxgl.event.EventBusService, class com.almasb.fxgl.io.FileSystemService, class com.almasb.fxgl.localization.LocalizationService, class com.almasb.fxgl.app.services.SystemBundleService, class com.almasb.fxgl.profile.SaveLoadService, class com.almasb.fxgl.ui.FXGLUIFactoryServiceProvider, class com.almasb.fxgl.ui.FXGLDialogFactoryServiceProvider, class com.almasb.fxgl.audio.AudioPlayer, class com.almasb.fxgl.notification.impl.NotificationServiceProvider, class com.almasb.fxgl.achievement.AchievementService, class com.almasb.fxgl.cutscene.CutsceneService, class com.almasb.fxgl.minigames.MiniGameService, class com.almasb.fxgl.net.NetService, class com.almasb.fxgl.app.services.UpdaterService, class com.almasb.fxgl.dev.DevService]
14:13:41.790 [FXGL Background Thread 3 ] DEBUG Engine               - fontGame: Abel-Regular.ttf
14:13:41.791 [FXGL Background Thread 3 ] DEBUG Engine               - fontMono: lucida_console.ttf
14:13:41.792 [FXGL Background Thread 3 ] DEBUG Engine               - fontText: Courier-Prime.ttf
14:13:41.792 [FXGL Background Thread 3 ] DEBUG Engine               - fontUI: VarelaRound-Regular.ttf
14:13:41.792 [FXGL Background Thread 3 ] DEBUG Engine               - fullScreen: BooleanProperty [value: false]
14:13:41.793 [FXGL Background Thread 3 ] DEBUG Engine               - gameDifficulty: MEDIUM
14:13:41.793 [FXGL Background Thread 3 ] DEBUG Engine               - gameDifficultyProperty: ObjectProperty [value: MEDIUM]
14:13:41.794 [FXGL Background Thread 3 ] DEBUG Engine               - globalMusicVolume: 0.5
14:13:41.794 [FXGL Background Thread 3 ] DEBUG Engine               - globalMusicVolumeProperty: DoubleProperty [value: 0.5]
14:13:41.794 [FXGL Background Thread 3 ] DEBUG Engine               - globalSoundVolume: 0.5
14:13:41.795 [FXGL Background Thread 3 ] DEBUG Engine               - globalSoundVolumeProperty: DoubleProperty [value: 0.5]
14:13:41.795 [FXGL Background Thread 3 ] DEBUG Engine               - height: 700
14:13:41.796 [FXGL Background Thread 3 ] DEBUG Engine               - isAndroid: false
14:13:41.796 [FXGL Background Thread 3 ] DEBUG Engine               - isBrowser: false
14:13:41.796 [FXGL Background Thread 3 ] DEBUG Engine               - isClickFeedbackEnabled: false
14:13:41.800 [FXGL Background Thread 3 ] DEBUG Engine               - isCloseConfirmation: false
14:13:41.802 [FXGL Background Thread 3 ] DEBUG Engine               - isDesktop: true
14:13:41.802 [FXGL Background Thread 3 ] DEBUG Engine               - isDeveloperMenuEnabled: false
14:13:41.805 [FXGL Background Thread 3 ] DEBUG Engine               - isEntityPreloadEnabled: true
14:13:41.806 [FXGL Background Thread 3 ] DEBUG Engine               - isExperimental3D: false
14:13:41.806 [FXGL Background Thread 3 ] DEBUG Engine               - isExperimentalNative: false
14:13:41.807 [FXGL Background Thread 3 ] DEBUG Engine               - isExperimentalTiledLargeMap: false
14:13:41.807 [FXGL Background Thread 3 ] DEBUG Engine               - isFileSystemWriteAllowed: true
14:13:41.808 [FXGL Background Thread 3 ] DEBUG Engine               - isFullScreenAllowed: false
14:13:41.808 [FXGL Background Thread 3 ] DEBUG Engine               - isFullScreenFromStart: false
14:13:41.808 [FXGL Background Thread 3 ] DEBUG Engine               - isGameMenuEnabled: true
14:13:41.809 [FXGL Background Thread 3 ] DEBUG Engine               - isIOS: false
14:13:41.809 [FXGL Background Thread 3 ] DEBUG Engine               - isIntroEnabled: false
14:13:41.809 [FXGL Background Thread 3 ] DEBUG Engine               - isLinux: false
14:13:41.810 [FXGL Background Thread 3 ] DEBUG Engine               - isMac: false
14:13:41.812 [FXGL Background Thread 3 ] DEBUG Engine               - isMainMenuEnabled: true
14:13:41.812 [FXGL Background Thread 3 ] DEBUG Engine               - isManualResizeEnabled: false
14:13:41.813 [FXGL Background Thread 3 ] DEBUG Engine               - isMobile: false
14:13:41.814 [FXGL Background Thread 3 ] DEBUG Engine               - isPreserveResizeRatio: false
14:13:41.816 [FXGL Background Thread 3 ] DEBUG Engine               - isProfilingEnabled: false
14:13:41.817 [FXGL Background Thread 3 ] DEBUG Engine               - isScaleAffectedOnResize: true
14:13:41.817 [FXGL Background Thread 3 ] DEBUG Engine               - isSingleStep: false
14:13:41.817 [FXGL Background Thread 3 ] DEBUG Engine               - isUserProfileEnabled: false
14:13:41.818 [FXGL Background Thread 3 ] DEBUG Engine               - isWindows: true
14:13:41.818 [FXGL Background Thread 3 ] DEBUG Engine               - language: ObjectProperty [value: ENGLISH]
14:13:41.819 [FXGL Background Thread 3 ] DEBUG Engine               - menuKey: ESCAPE
14:13:41.819 [FXGL Background Thread 3 ] DEBUG Engine               - notificationViewClass: class com.almasb.fxgl.notification.view.XboxNotificationView
14:13:41.819 [FXGL Background Thread 3 ] DEBUG Engine               - pixelsPerMeter: 50.0
14:13:41.820 [FXGL Background Thread 3 ] DEBUG Engine               - platform: WINDOWS
14:13:41.820 [FXGL Background Thread 3 ] DEBUG Engine               - prefHeightProperty: ReadOnlyDoubleProperty [value: 700.0]
14:13:41.825 [FXGL Background Thread 3 ] DEBUG Engine               - prefWidthProperty: ReadOnlyDoubleProperty [value: 1050.0]
14:13:41.826 [FXGL Background Thread 3 ] DEBUG Engine               - profileDir: profiles/
14:13:41.826 [FXGL Background Thread 3 ] DEBUG Engine               - profileName: StringProperty [value: DEFAULT]
14:13:41.827 [FXGL Background Thread 3 ] DEBUG Engine               - randomSeed: -1
14:13:41.827 [FXGL Background Thread 3 ] DEBUG Engine               - runtimeInfo: RuntimeInfo(platform=WINDOWS, version=11.14, build=01.03.2021 16.59)
14:13:41.828 [FXGL Background Thread 3 ] DEBUG Engine               - saveFileExt: sav
14:13:41.828 [FXGL Background Thread 3 ] DEBUG Engine               - scaledHeightProp$fxgl: DoubleProperty [bound, value: 700.0]
14:13:41.829 [FXGL Background Thread 3 ] DEBUG Engine               - scaledWidthProp$fxgl: DoubleProperty [bound, value: 1050.0]
14:13:41.829 [FXGL Background Thread 3 ] DEBUG Engine               - sceneFactory: com.almasb.fxgl.app.scene.SceneFactory@391dda25
14:13:41.830 [FXGL Background Thread 3 ] DEBUG Engine               - secondsIn24h: 60
14:13:41.831 [FXGL Background Thread 3 ] DEBUG Engine               - soundMenuBack: menu/back.wav
14:13:41.833 [FXGL Background Thread 3 ] DEBUG Engine               - soundMenuPress: menu/press.wav
14:13:41.834 [FXGL Background Thread 3 ] DEBUG Engine               - soundMenuSelect: menu/select.wav
14:13:41.834 [FXGL Background Thread 3 ] DEBUG Engine               - soundNotification: core/notification.wav
14:13:41.835 [FXGL Background Thread 3 ] DEBUG Engine               - stageStyle: DECORATED
14:13:41.835 [FXGL Background Thread 3 ] DEBUG Engine               - supportedLanguages: [ENGLISH, FRENCH, GERMAN, HUNGARIAN, RUSSIAN]
14:13:41.836 [FXGL Background Thread 3 ] DEBUG Engine               - ticksPerSecond: -1
14:13:41.836 [FXGL Background Thread 3 ] DEBUG Engine               - title: Demo game
14:13:41.836 [FXGL Background Thread 3 ] DEBUG Engine               - urlGithub: https://github.com/AlmasB/FXGL
14:13:41.838 [FXGL Background Thread 3 ] DEBUG Engine               - urlLeaderboard: http://fxgl-top.herokuapp.com/
14:13:41.839 [FXGL Background Thread 3 ] DEBUG Engine               - urlPOM: https://raw.githubusercontent.com/AlmasB/FXGL/release/README.md
14:13:41.839 [FXGL Background Thread 3 ] DEBUG Engine               - userAppClass: class Game
14:13:41.841 [FXGL Background Thread 3 ] DEBUG Engine               - version: 1.2
14:13:41.841 [FXGL Background Thread 3 ] DEBUG Engine               - versionCheckDays: 7
14:13:41.841 [FXGL Background Thread 3 ] DEBUG Engine               - width: 1050
14:13:41.842 [FXGL Background Thread 3 ] DEBUG Engine               - Logging services
14:13:41.842 [FXGL Background Thread 3 ] DEBUG Engine               - class com.almasb.fxgl.app.services.FXGLAssetLoaderService
14:13:41.842 [FXGL Background Thread 3 ] DEBUG Engine               - class com.almasb.fxgl.app.FXGLApplication$GameApplicationService
14:13:41.843 [FXGL Background Thread 3 ] DEBUG Engine               - class com.almasb.fxgl.app.services.FXGLDialogService
14:13:41.843 [FXGL Background Thread 3 ] DEBUG Engine               - class com.almasb.fxgl.app.services.IOTaskExecutorService
14:13:41.843 [FXGL Background Thread 3 ] DEBUG Engine               - class com.almasb.fxgl.event.EventBusService
14:13:41.847 [FXGL Background Thread 3 ] DEBUG Engine               - class com.almasb.fxgl.io.FileSystemService
14:13:41.847 [FXGL Background Thread 3 ] DEBUG Engine               - class com.almasb.fxgl.localization.LocalizationService
14:13:41.848 [FXGL Background Thread 3 ] DEBUG Engine               - class com.almasb.fxgl.app.services.SystemBundleService
14:13:41.848 [FXGL Background Thread 3 ] DEBUG Engine               - class com.almasb.fxgl.profile.SaveLoadService
14:13:41.848 [FXGL Background Thread 3 ] DEBUG Engine               - class com.almasb.fxgl.ui.FXGLUIFactoryServiceProvider
14:13:41.849 [FXGL Background Thread 3 ] DEBUG Engine               - class com.almasb.fxgl.ui.FXGLDialogFactoryServiceProvider
14:13:41.850 [FXGL Background Thread 3 ] DEBUG Engine               - class com.almasb.fxgl.audio.AudioPlayer
14:13:41.851 [FXGL Background Thread 3 ] DEBUG Engine               - class com.almasb.fxgl.notification.impl.NotificationServiceProvider
14:13:41.853 [FXGL Background Thread 3 ] DEBUG Engine               - class com.almasb.fxgl.achievement.AchievementService
14:13:41.854 [FXGL Background Thread 3 ] DEBUG Engine               - class com.almasb.fxgl.cutscene.CutsceneService
14:13:41.855 [FXGL Background Thread 3 ] DEBUG Engine               - class com.almasb.fxgl.minigames.MiniGameService
14:13:41.855 [FXGL Background Thread 3 ] DEBUG Engine               - class com.almasb.fxgl.net.NetService
14:13:41.855 [FXGL Background Thread 3 ] DEBUG Engine               - class com.almasb.fxgl.app.services.UpdaterService
14:13:41.856 [FXGL Background Thread 3 ] DEBUG Engine               - class com.almasb.fxgl.dev.DevService
14:13:43.769 [JavaFX Application Thread] DEBUG Menu                 - fireNewGame()
14:13:43.770 [JavaFX Application Thread] DEBUG GameApplicationServi - Starting new game
14:13:43.776 [JavaFX Application Thread] DEBUG PrimaryStageWindow   - Pop state: FXGLDefaultMenu
14:13:43.777 [JavaFX Application Thread] DEBUG Input                - Clearing active input actions
14:13:43.780 [JavaFX Application Thread] DEBUG GameApplicationServi - Removing overlay from FXGLDefaultMenu and adding to FXGLMainMenuDummyScene
14:13:43.780 [JavaFX Application Thread] DEBUG PrimaryStageWindow   - FXGLMainMenuDummyScene <- FXGLDefaultMenu
14:13:43.781 [JavaFX Application Thread] DEBUG Input                - Clearing active input actions
14:13:43.799 [JavaFX Application Thread] DEBUG GameApplicationServi - Removing overlay from FXGLMainMenuDummyScene and adding to FXGLLoadingScene
14:13:43.800 [JavaFX Application Thread] DEBUG PrimaryStageWindow   - FXGLMainMenuDummyScene -> FXGLLoadingScene
14:13:43.800 [JavaFX Application Thread] DEBUG GameApplicationServi - Clearing previous game
14:13:43.801 [JavaFX Application Thread] DEBUG GameScene            - Clearing game scene
14:13:43.801 [JavaFX Application Thread] DEBUG GameWorld            - Clearing game world
14:13:43.804 [JavaFX Application Thread] DEBUG PhysicsWorld         - Clearing physics world
14:13:43.807 [FXGL Background Thread 2 ] DEBUG FXGLApplication      - Initializing game
14:13:43.902 [FXGL Background Thread 2 ] WARN  TMXLevelLoader       - TiledMap generated from 1.0.1. Supported version: 1.2.3. Some features may not be parsed fully.
14:13:43.925 [FXGL Background Thread 2 ] DEBUG TMXLevelLoader       - Parsed raw map: TiledMap(width=15, height=10, tilewidth=70, tileheight=70, orientation=orthogonal, layers=[Layer(width=15, height=10, name=Tile Layer 1, type=tilelayer, visible=false, x=0, y=0, data=[153, 0, 0, 0, 0, 0, 0, 0, 0, 0, 0, 0, 0, 0, 0, 153, 2, 0, 0, 69, 57, 45, 0, 0, 0, 0, 0, 0, 0, 0, 153, 10, 0, 0, 0, 0, 0, 0, 0, 0, 0, 0, 0, 0, 0, 153, 153, 0, 0, 0, 0, 0, 0, 15, 3, 3, 27, 0, 0, 0, 153, 153, 0, 0, 0, 0, 0, 0, 0, 0, 0, 0, 0, 0, 0, 153, 153, 0, 0, 0, 0, 0, 0, 0, 0, 0, 0, 0, 0, 116, 153, 153, 0, 0, 0, 0, 0, 0, 15, 3, 3, 27, 0, 116, 153, 153, 153, 0, 0, 69, 81, 57, 0, 0, 0, 0, 0, 0, 153, 153, 153, 153, 0, 0, 0, 0, 0, 0, 0, 0, 0, 0, 0, 153, 153, 153, 153, 10, 105, 0, 0, 0, 129, 105, 0, 0, 0, 129, 153, 153], objects=[], opacity=0.0, draworder=), Layer(width=0, height=0, name=Object Layer 1, type=objectgroup, visible=false, x=0, y=0, data=[], objects=[com.almasb.fxgl.entity.level.tiled.TiledObject@492c277f, com.almasb.fxgl.entity.level.tiled.TiledObject@64c21205, com.almasb.fxgl.entity.level.tiled.TiledObject@18424a3f, com.almasb.fxgl.entity.level.tiled.TiledObject@7b3e06e0, com.almasb.fxgl.entity.level.tiled.TiledObject@5301c127, com.almasb.fxgl.entity.level.tiled.TiledObject@2727a378, com.almasb.fxgl.entity.level.tiled.TiledObject@2dbe0611, com.almasb.fxgl.entity.level.tiled.TiledObject@263c1c40, com.almasb.fxgl.entity.level.tiled.TiledObject@7b69e959, com.almasb.fxgl.entity.level.tiled.TiledObject@614fb92f, com.almasb.fxgl.entity.level.tiled.TiledObject@3c9cb599, com.almasb.fxgl.entity.level.tiled.TiledObject@7a847056, com.almasb.fxgl.entity.level.tiled.TiledObject@4e936d7e, com.almasb.fxgl.entity.level.tiled.TiledObject@52093342, com.almasb.fxgl.entity.level.tiled.TiledObject@be064e7, com.almasb.fxgl.entity.level.tiled.TiledObject@523fa30d, com.almasb.fxgl.entity.level.tiled.TiledObject@792dca9, com.almasb.fxgl.entity.level.tiled.TiledObject@1c9a7c3a, com.almasb.fxgl.entity.level.tiled.TiledObject@1455e412], opacity=0.0, draworder=)], tilesets=[Tileset(firstgid=1, image=tiles_spritesheet.png, name=tiles_spritesheet, tilewidth=70, tileheight=70, imagewidth=914, imageheight=936, margin=0, spacing=2, columns=12, tilecount=156, transparentcolor=, tiles=[])], backgroundcolor=, renderorder=right-down, nextobjectid=20, version=1, tiledversion=1.0.1, type=map, infinite=false, hexsidelength=0, staggeraxis=, staggerindex=, properties={}, propertytypes={})
14:13:43.927 [FXGL Background Thread 2 ] DEBUG TMXLevelLoader       - Creating tile layer entities
14:13:43.929 [FXGL Background Thread 2 ] DEBUG TilesetLoader        - Loading view for layer Tile Layer 1
14:13:43.933 [FXGL Background Thread 2 ] DEBUG TilesetLoader        - Created buffer with size 1050.0x700.0
14:13:44.079 [FXGL Background Thread 2 ] DEBUG TilesetLoader        - Writing to buffer: dst=0,0, w=70,h=70, src=576,864
14:13:44.080 [FXGL Background Thread 2 ] DEBUG TilesetLoader        - Writing to buffer: dst=0,70, w=70,h=70, src=576,864
14:13:44.080 [FXGL Background Thread 2 ] DEBUG TilesetLoader        - Writing to buffer: dst=70,70, w=70,h=70, src=72,0
14:13:44.081 [FXGL Background Thread 2 ] DEBUG TilesetLoader        - Writing to buffer: dst=280,70, w=70,h=70, src=576,360
14:13:44.081 [FXGL Background Thread 2 ] DEBUG TilesetLoader        - Writing to buffer: dst=350,70, w=70,h=70, src=576,288
14:13:44.081 [FXGL Background Thread 2 ] DEBUG TilesetLoader        - Writing to buffer: dst=420,70, w=70,h=70, src=576,216
14:13:44.082 [FXGL Background Thread 2 ] DEBUG TilesetLoader        - Writing to buffer: dst=0,140, w=70,h=70, src=576,864
14:13:44.082 [FXGL Background Thread 2 ] DEBUG TilesetLoader        - Writing to buffer: dst=70,140, w=70,h=70, src=648,0
14:13:44.083 [FXGL Background Thread 2 ] DEBUG TilesetLoader        - Writing to buffer: dst=0,210, w=70,h=70, src=576,864
14:13:44.083 [FXGL Background Thread 2 ] DEBUG TilesetLoader        - Writing to buffer: dst=70,210, w=70,h=70, src=576,864
14:13:44.083 [FXGL Background Thread 2 ] DEBUG TilesetLoader        - Writing to buffer: dst=560,210, w=70,h=70, src=144,72
14:13:44.084 [FXGL Background Thread 2 ] DEBUG TilesetLoader        - Writing to buffer: dst=630,210, w=70,h=70, src=144,0
14:13:44.084 [FXGL Background Thread 2 ] DEBUG TilesetLoader        - Writing to buffer: dst=700,210, w=70,h=70, src=144,0
14:13:44.084 [FXGL Background Thread 2 ] DEBUG TilesetLoader        - Writing to buffer: dst=770,210, w=70,h=70, src=144,144
14:13:44.085 [FXGL Background Thread 2 ] DEBUG TilesetLoader        - Writing to buffer: dst=0,280, w=70,h=70, src=576,864
14:13:44.085 [FXGL Background Thread 2 ] DEBUG TilesetLoader        - Writing to buffer: dst=70,280, w=70,h=70, src=576,864
14:13:44.086 [FXGL Background Thread 2 ] DEBUG TilesetLoader        - Writing to buffer: dst=0,350, w=70,h=70, src=576,864
14:13:44.086 [FXGL Background Thread 2 ] DEBUG TilesetLoader        - Writing to buffer: dst=70,350, w=70,h=70, src=576,864
14:13:44.088 [FXGL Background Thread 2 ] DEBUG TilesetLoader        - Writing to buffer: dst=980,350, w=70,h=70, src=504,648
14:13:44.091 [FXGL Background Thread 2 ] DEBUG TilesetLoader        - Writing to buffer: dst=0,420, w=70,h=70, src=576,864
14:13:44.091 [FXGL Background Thread 2 ] DEBUG TilesetLoader        - Writing to buffer: dst=70,420, w=70,h=70, src=576,864
14:13:44.092 [FXGL Background Thread 2 ] DEBUG TilesetLoader        - Writing to buffer: dst=560,420, w=70,h=70, src=144,72
14:13:44.092 [FXGL Background Thread 2 ] DEBUG TilesetLoader        - Writing to buffer: dst=630,420, w=70,h=70, src=144,0
14:13:44.093 [FXGL Background Thread 2 ] DEBUG TilesetLoader        - Writing to buffer: dst=700,420, w=70,h=70, src=144,0
14:13:44.093 [FXGL Background Thread 2 ] DEBUG TilesetLoader        - Writing to buffer: dst=770,420, w=70,h=70, src=144,144
14:13:44.093 [FXGL Background Thread 2 ] DEBUG TilesetLoader        - Writing to buffer: dst=910,420, w=70,h=70, src=504,648
14:13:44.094 [FXGL Background Thread 2 ] DEBUG TilesetLoader        - Writing to buffer: dst=980,420, w=70,h=70, src=576,864
14:13:44.094 [FXGL Background Thread 2 ] DEBUG TilesetLoader        - Writing to buffer: dst=0,490, w=70,h=70, src=576,864
14:13:44.094 [FXGL Background Thread 2 ] DEBUG TilesetLoader        - Writing to buffer: dst=70,490, w=70,h=70, src=576,864
14:13:44.095 [FXGL Background Thread 2 ] DEBUG TilesetLoader        - Writing to buffer: dst=280,490, w=70,h=70, src=576,360
14:13:44.096 [FXGL Background Thread 2 ] DEBUG TilesetLoader        - Writing to buffer: dst=350,490, w=70,h=70, src=576,432
14:13:44.096 [FXGL Background Thread 2 ] DEBUG TilesetLoader        - Writing to buffer: dst=420,490, w=70,h=70, src=576,288
14:13:44.096 [FXGL Background Thread 2 ] DEBUG TilesetLoader        - Writing to buffer: dst=910,490, w=70,h=70, src=576,864
14:13:44.097 [FXGL Background Thread 2 ] DEBUG TilesetLoader        - Writing to buffer: dst=980,490, w=70,h=70, src=576,864
14:13:44.097 [FXGL Background Thread 2 ] DEBUG TilesetLoader        - Writing to buffer: dst=0,560, w=70,h=70, src=576,864
14:13:44.098 [FXGL Background Thread 2 ] DEBUG TilesetLoader        - Writing to buffer: dst=70,560, w=70,h=70, src=576,864
14:13:44.098 [FXGL Background Thread 2 ] DEBUG TilesetLoader        - Writing to buffer: dst=910,560, w=70,h=70, src=576,864
14:13:44.098 [FXGL Background Thread 2 ] DEBUG TilesetLoader        - Writing to buffer: dst=980,560, w=70,h=70, src=576,864
14:13:44.099 [FXGL Background Thread 2 ] DEBUG TilesetLoader        - Writing to buffer: dst=0,630, w=70,h=70, src=576,864
14:13:44.099 [FXGL Background Thread 2 ] DEBUG TilesetLoader        - Writing to buffer: dst=70,630, w=70,h=70, src=576,864
14:13:44.099 [FXGL Background Thread 2 ] DEBUG TilesetLoader        - Writing to buffer: dst=140,630, w=70,h=70, src=648,0
14:13:44.099 [FXGL Background Thread 2 ] DEBUG TilesetLoader        - Writing to buffer: dst=210,630, w=70,h=70, src=576,576
14:13:44.100 [FXGL Background Thread 2 ] DEBUG TilesetLoader        - Writing to buffer: dst=490,630, w=70,h=70, src=576,720
14:13:44.100 [FXGL Background Thread 2 ] DEBUG TilesetLoader        - Writing to buffer: dst=560,630, w=70,h=70, src=576,576
14:13:44.112 [FXGL Background Thread 2 ] DEBUG TilesetLoader        - Writing to buffer: dst=840,630, w=70,h=70, src=576,720
14:13:44.112 [FXGL Background Thread 2 ] DEBUG TilesetLoader        - Writing to buffer: dst=910,630, w=70,h=70, src=576,864
14:13:44.113 [FXGL Background Thread 2 ] DEBUG TilesetLoader        - Writing to buffer: dst=980,630, w=70,h=70, src=576,864
14:13:44.114 [FXGL Background Thread 2 ] DEBUG TMXLevelLoader       - Creating object layer entities
14:13:44.178 [FXGL Background Thread 2 ] DEBUG FXGLAssetLoaderServi - Loading from file system: file:/C:/Users/jfran/OneDrive%20-%20Hogeschool%20Leiden/IPOSE-Maven/target/classes/assets/textures/star.png
14:13:44.201 [FXGL Background Thread 2 ] DEBUG GameWorld            - Clearing removable entities
14:13:44.202 [FXGL Background Thread 2 ] DEBUG GameWorld            - Setting level: com.almasb.fxgl.entity.level.Level@4a84a2e2
14:13:44.251 [FXGL Background Thread 2 ] DEBUG FXGLAssetLoaderServi - Loading from file system: file:/C:/Users/jfran/OneDrive%20-%20Hogeschool%20Leiden/IPOSE-Maven/target/classes/assets/textures/girl.png
14:13:44.285 [FXGL Background Thread 2 ] INFO  FXGLApplication      - Game initialization took: 0,477 sec
14:13:44.288 [JavaFX Application Thread] DEBUG Input                - Clearing active input actions
14:13:44.309 [JavaFX Application Thread] DEBUG GameApplicationServi - Removing overlay from FXGLLoadingScene and adding to GameScene
14:13:44.309 [JavaFX Application Thread] DEBUG PrimaryStageWindow   - FXGLLoadingScene -> GameScene
14:13:53.035 [JavaFX Application Thread] DEBUG FXGLApplication      - Exiting FXGL
14:13:53.036 [JavaFX Application Thread] DEBUG LoopRunner           - Stopping loop
14:13:53.036 [JavaFX Application Thread] DEBUG SystemBundleService  - Saving FXGL system data
14:13:53.040 [JavaFX Application Thread] DEBUG FileSystemAccess     - Writing to: C:\Users\jfran\OneDrive - Hogeschool Leiden\IPOSE-Maven\system\fxgl.bundle
14:13:53.043 [JavaFX Application Thread] DEBUG Async                - Shutting down background threads
14:13:53.044 [JavaFX Application Thread] DEBUG PrimaryStageWindow   - Closing main window
14:13:53.086 [JavaFX Application Thread] DEBUG Logger               - Closing Logger
