10:09:26.659 [main                     ] DEBUG Logger               - Configured Logger
10:09:26.692 [main                     ] DEBUG GameApplication      - Logging settings
Title: A Way Out
Version: 1.2
Width: 1050
Height: 640
Fullscreen: false
Intro: false
Profiling: false
Single step:false
App Mode: DEVELOPER
Menu Key: ESCAPE
Stage Style: DECORATED
Scene Factory: class UISceneFactory

10:09:28.029 [JavaFX Application Thread] DEBUG FXGLApplication      - Initializing FXGL
10:09:28.035 [JavaFX Application Thread] INFO  Engine               - FXGL-11.14 (01.03.2021 16.59) on WINDOWS (J:15.0.2 FX:15)
10:09:28.036 [JavaFX Application Thread] DEBUG Engine               - JRE Vendor Name: Amazon.com Inc.
10:09:28.037 [JavaFX Application Thread] DEBUG Engine               - Running on OS: Windows 10 version 10.0
10:09:28.038 [JavaFX Application Thread] DEBUG Engine               - Architecture: amd64
10:09:28.039 [JavaFX Application Thread] INFO  Engine               - Source code and latest versions at: https://github.com/AlmasB/FXGL
10:09:28.040 [JavaFX Application Thread] INFO  Engine               -              Join the FXGL chat at: https://gitter.im/AlmasB/FXGL
10:09:28.513 [JavaFX Application Thread] DEBUG PrimaryStageWindow   - Creating a JavaFX scene
10:09:28.707 [JavaFX Application Thread] DEBUG PrimaryStageWindow   - Target settings size: 1050.0 x 640.0
10:09:28.708 [JavaFX Application Thread] DEBUG PrimaryStageWindow   - Scaled scene size:    1050.0 x 640.0
10:09:28.709 [JavaFX Application Thread] DEBUG PrimaryStageWindow   - Scaled ratio: (1.0, 1.0)
10:09:28.719 [JavaFX Application Thread] DEBUG PrimaryStageWindow   - Set initial scene to FXGLStartupScene
10:09:28.744 [JavaFX Application Thread] DEBUG PrimaryStageWindow   - Opening main window
10:09:29.032 [JavaFX Application Thread] DEBUG PrimaryStageWindow   - Window border size: (14.800048828125, 37.5999755859375)
10:09:29.032 [JavaFX Application Thread] DEBUG PrimaryStageWindow   - Scaled size: 1050.0 x 640.0
10:09:29.033 [JavaFX Application Thread] DEBUG PrimaryStageWindow   - Scaled ratio: (1.0, 1.0)
10:09:29.033 [JavaFX Application Thread] DEBUG PrimaryStageWindow   - Scene size: 1050.0 x 640.0
10:09:29.034 [JavaFX Application Thread] DEBUG PrimaryStageWindow   - Stage size: 1064.800048828125 x 677.5999755859375
10:09:29.144 [FXGL Background Thread 1 ] DEBUG Engine               - Initializing environment variables
10:09:29.296 [FXGL Background Thread 1 ] DEBUG FXGLAssetLoaderServi - User app class for loading assets: class Game
10:09:29.296 [FXGL Background Thread 1 ] DEBUG GameApplicationServi - Applying CSS: fxgl_dark.css
10:09:29.299 [FXGL Background Thread 1 ] DEBUG FXGLAssetLoaderServi - Loading from file system: jar:file:/C:/Users/jfran/.m2/repository/com/github/almasb/fxgl/11.14/fxgl-11.14.jar!/fxglassets/ui/css/fxgl_dark.css
10:09:29.431 [FXGL Background Thread 1 ] DEBUG GameApplicationServi - Initializing application scenes
10:09:29.618 [FXGL Background Thread 1 ] DEBUG GameWorld            - Game world initialized
10:09:29.775 [FXGL Background Thread 1 ] DEBUG PhysicsWorld         - Physics world initialized: appHeight=640, physics.ppm=50,0
10:09:29.776 [FXGL Background Thread 1 ] DEBUG PhysicsWorld         - Using strategy: BRUTE_FORCE
10:09:29.782 [FXGL Background Thread 1 ] DEBUG GameScene            - Game scene initialized: 1050x640
10:09:30.089 [FXGL Background Thread 1 ] DEBUG FXGLAssetLoaderServi - Loading from file system: jar:file:/C:/Users/jfran/.m2/repository/com/github/almasb/fxgl/11.14/fxgl-11.14.jar!/fxglassets/textures/particles/trace_horizontal.png
10:09:30.165 [FXGL Background Thread 1 ] DEBUG FXGL.DefaultMenu     - createMenuBodyGameMenu()
10:09:30.195 [FXGL Background Thread 1 ] DEBUG FXGL.DefaultMenu     - createOptionsMenu()
10:09:30.211 [FXGL Background Thread 1 ] DEBUG FXGLAssetLoaderServi - Loading from file system: jar:file:/C:/Users/jfran/.m2/repository/com/github/almasb/fxgl/11.14/fxgl-11.14.jar!/fxglassets/textures/particles/smoke.png
10:09:30.351 [FXGL Background Thread 1 ] DEBUG GameApplicationServi - Application scenes initialized
10:09:30.386 [FXGL Background Thread 1 ] DEBUG SystemBundleService  - Loading FXGL system data
10:09:30.396 [FXGL Background Thread 1 ] DEBUG FileSystemAccess     - Reading from: C:\Users\jfran\OneDrive - Hogeschool Leiden\IPOSE-Maven\system\fxgl.bundle
10:09:30.411 [FXGL Background Thread 1 ] DEBUG SystemBundleService  - Bundle FXGL: {}
10:09:30.412 [FXGL Background Thread 1 ] DEBUG UpdaterService       - Checking for updates
10:09:30.426 [FXGL Background Thread 1 ] DEBUG FXGLApplication      - Loading default localization
10:09:30.427 [FXGL Background Thread 1 ] DEBUG FXGLAssetLoaderServi - Loading from file system: jar:file:/C:/Users/jfran/.m2/repository/com/github/almasb/fxgl/11.14/fxgl-11.14.jar!/fxglassets/languages/english.lang
10:09:30.463 [FXGL Background Thread 4 ] DEBUG FXGLApplication      - Loading fonts
10:09:30.467 [FXGL Background Thread 4 ] DEBUG FXGLAssetLoaderServi - Loading from file system: jar:file:/C:/Users/jfran/.m2/repository/com/github/almasb/fxgl/11.14/fxgl-11.14.jar!/fxglassets/ui/fonts/VarelaRound-Regular.ttf
10:09:30.492 [FXGL Background Thread 1 ] INFO  FXGLApplication      - FXGL initialization took: 1,348 sec
10:09:30.517 [JavaFX Application Thread] DEBUG Input                - Registered new binding: left - A
10:09:30.518 [JavaFX Application Thread] DEBUG Input                - Registered new binding: right - D
10:09:30.519 [JavaFX Application Thread] DEBUG Input                - Registered new binding: jump - W
10:09:30.520 [JavaFX Application Thread] DEBUG FXGLAssetLoaderServi - Loading from file system: file:/C:/Users/jfran/OneDrive%20-%20Hogeschool%20Leiden/IPOSE-Maven/target/classes/assets/music/maintheme.wav
10:09:31.045 [JavaFX Application Thread] DEBUG AudioPlayer          - Playing music com.almasb.fxgl.audio.Music@59ee4a
10:09:31.047 [JavaFX Application Thread] DEBUG FXGLAssetLoaderServi - Loading from file system: jar:file:/C:/Users/jfran/.m2/repository/com/github/almasb/fxgl/11.14/fxgl-11.14.jar!/fxglassets/textures/fxgl_icon.png
10:09:31.072 [JavaFX Application Thread] DEBUG FXGLAssetLoaderServi - Loading from file system: jar:file:/C:/Users/jfran/.m2/repository/com/github/almasb/fxgl/11.14/fxgl-11.14.jar!/fxglassets/ui/cursors/fxgl_default.png
10:09:31.075 [JavaFX Application Thread] DEBUG Input                - Registered new binding: Screenshot - P
10:09:31.077 [JavaFX Application Thread] DEBUG Input                - Registered new binding: System info dump - CTRL+9
10:09:31.078 [JavaFX Application Thread] DEBUG Input                - Registered new binding: Restart - CTRL+R
10:09:31.081 [JavaFX Application Thread] DEBUG Input                - Registered new binding: Toggle Debug Camera - CTRL+C
10:09:31.088 [JavaFX Application Thread] DEBUG LoopRunner           - Starting loop
10:09:31.088 [JavaFX Application Thread] DEBUG LoopRunner           - Initializing JavaFX AnimationTimerLoop
10:09:31.095 [JavaFX Application Thread] DEBUG Input                - Clearing active input actions
10:09:31.130 [JavaFX Application Thread] DEBUG GameApplicationServi - Removing overlay from FXGLStartupScene and adding to FXGLMainMenuDummyScene
10:09:31.131 [JavaFX Application Thread] DEBUG PrimaryStageWindow   - FXGLStartupScene -> FXGLMainMenuDummyScene
10:09:31.131 [JavaFX Application Thread] DEBUG PrimaryStageWindow   - Push state: StartMenu
10:09:31.132 [JavaFX Application Thread] DEBUG Input                - Clearing active input actions
10:09:31.162 [FXGL Background Thread 4 ] DEBUG FXGLAssetLoaderServi - Loading from file system: jar:file:/C:/Users/jfran/.m2/repository/com/github/almasb/fxgl/11.14/fxgl-11.14.jar!/fxglassets/ui/fonts/Abel-Regular.ttf
10:09:31.159 [JavaFX Application Thread] DEBUG GameApplicationServi - Removing overlay from FXGLMainMenuDummyScene and adding to StartMenu
10:09:31.185 [JavaFX Application Thread] DEBUG PrimaryStageWindow   - FXGLMainMenuDummyScene -> StartMenu
10:09:31.424 [FXGL Background Thread 4 ] DEBUG FXGLAssetLoaderServi - Loading from file system: jar:file:/C:/Users/jfran/.m2/repository/com/github/almasb/fxgl/11.14/fxgl-11.14.jar!/fxglassets/ui/fonts/lucida_console.ttf
10:09:31.457 [FXGL Background Thread 4 ] DEBUG FXGLAssetLoaderServi - Loading from file system: jar:file:/C:/Users/jfran/.m2/repository/com/github/almasb/fxgl/11.14/fxgl-11.14.jar!/fxglassets/ui/fonts/Courier-Prime.ttf
10:09:31.568 [JavaFX Application Thread] DEBUG FXGLApplication      - Registering font factories with UI factory
10:09:31.766 [FXGL Background Thread 2 ] INFO  UpdaterService       - Your current version:  11.14
10:09:31.767 [FXGL Background Thread 2 ] INFO  UpdaterService       - Latest stable version: 17.1
10:09:33.421 [FXGL Background Thread 3 ] DEBUG Engine               - Logging environment variables
10:09:33.422 [FXGL Background Thread 3 ] DEBUG Engine               - achievements: []
10:09:33.422 [FXGL Background Thread 3 ] DEBUG Engine               - actualHeight: 640.0
10:09:33.423 [FXGL Background Thread 3 ] DEBUG Engine               - actualHeightProperty: ReadOnlyDoubleProperty [value: 640.0]
10:09:33.423 [FXGL Background Thread 3 ] DEBUG Engine               - actualWidth: 1050.0
10:09:33.424 [FXGL Background Thread 3 ] DEBUG Engine               - actualWidthProperty: ReadOnlyDoubleProperty [value: 1050.0]
10:09:33.424 [FXGL Background Thread 3 ] DEBUG Engine               - appIcon: fxgl_icon.png
10:09:33.425 [FXGL Background Thread 3 ] DEBUG Engine               - applicationMode: DEVELOPER
10:09:33.425 [FXGL Background Thread 3 ] DEBUG Engine               - cSSList: [fxgl_dark.css]
10:09:33.426 [FXGL Background Thread 3 ] DEBUG Engine               - collisionDetectionStrategy: BRUTE_FORCE
10:09:33.426 [FXGL Background Thread 3 ] DEBUG Engine               - configClass: Optional.empty
10:09:33.427 [FXGL Background Thread 3 ] DEBUG Engine               - credits: []
10:09:33.428 [FXGL Background Thread 3 ] DEBUG Engine               - devBBoxColorProperty: ObjectProperty [value: 0xff0000ff]
10:09:33.429 [FXGL Background Thread 3 ] DEBUG Engine               - devEnableDebugCameraProperty: BooleanProperty [value: false]
10:09:33.430 [FXGL Background Thread 3 ] DEBUG Engine               - devSensorColorProperty: ObjectProperty [value: 0xffff00ff]
10:09:33.430 [FXGL Background Thread 3 ] DEBUG Engine               - devShowBBoxProperty: BooleanProperty [value: false]
10:09:33.431 [FXGL Background Thread 3 ] DEBUG Engine               - devShowPositionProperty: BooleanProperty [value: false]
10:09:33.431 [FXGL Background Thread 3 ] DEBUG Engine               - enabledMenuItems: []
10:09:33.432 [FXGL Background Thread 3 ] DEBUG Engine               - engineServices: [class com.almasb.fxgl.app.services.FXGLAssetLoaderService, class com.almasb.fxgl.app.FXGLApplication$GameApplicationService, class com.almasb.fxgl.app.services.FXGLDialogService, class com.almasb.fxgl.app.services.IOTaskExecutorService, class com.almasb.fxgl.event.EventBusService, class com.almasb.fxgl.io.FileSystemService, class com.almasb.fxgl.localization.LocalizationService, class com.almasb.fxgl.app.services.SystemBundleService, class com.almasb.fxgl.profile.SaveLoadService, class com.almasb.fxgl.ui.FXGLUIFactoryServiceProvider, class com.almasb.fxgl.ui.FXGLDialogFactoryServiceProvider, class com.almasb.fxgl.audio.AudioPlayer, class com.almasb.fxgl.notification.impl.NotificationServiceProvider, class com.almasb.fxgl.achievement.AchievementService, class com.almasb.fxgl.cutscene.CutsceneService, class com.almasb.fxgl.minigames.MiniGameService, class com.almasb.fxgl.net.NetService, class com.almasb.fxgl.app.services.UpdaterService, class com.almasb.fxgl.dev.DevService]
10:09:33.432 [FXGL Background Thread 3 ] DEBUG Engine               - fontGame: Abel-Regular.ttf
10:09:33.432 [FXGL Background Thread 3 ] DEBUG Engine               - fontMono: lucida_console.ttf
10:09:33.432 [FXGL Background Thread 3 ] DEBUG Engine               - fontText: Courier-Prime.ttf
10:09:33.433 [FXGL Background Thread 3 ] DEBUG Engine               - fontUI: VarelaRound-Regular.ttf
10:09:33.433 [FXGL Background Thread 3 ] DEBUG Engine               - fullScreen: BooleanProperty [value: false]
10:09:33.434 [FXGL Background Thread 3 ] DEBUG Engine               - gameDifficulty: MEDIUM
10:09:33.434 [FXGL Background Thread 3 ] DEBUG Engine               - gameDifficultyProperty: ObjectProperty [value: MEDIUM]
10:09:33.434 [FXGL Background Thread 3 ] DEBUG Engine               - globalMusicVolume: 0.5
10:09:33.435 [FXGL Background Thread 3 ] DEBUG Engine               - globalMusicVolumeProperty: DoubleProperty [value: 0.25]
10:09:33.436 [FXGL Background Thread 3 ] DEBUG Engine               - globalSoundVolume: 0.5
10:09:33.436 [FXGL Background Thread 3 ] DEBUG Engine               - globalSoundVolumeProperty: DoubleProperty [value: 0.5]
10:09:33.437 [FXGL Background Thread 3 ] DEBUG Engine               - height: 640
10:09:33.437 [FXGL Background Thread 3 ] DEBUG Engine               - isAndroid: false
10:09:33.438 [FXGL Background Thread 3 ] DEBUG Engine               - isBrowser: false
10:09:33.438 [FXGL Background Thread 3 ] DEBUG Engine               - isClickFeedbackEnabled: false
10:09:33.439 [FXGL Background Thread 3 ] DEBUG Engine               - isCloseConfirmation: false
10:09:33.439 [FXGL Background Thread 3 ] DEBUG Engine               - isDesktop: true
10:09:33.439 [FXGL Background Thread 3 ] DEBUG Engine               - isDeveloperMenuEnabled: false
10:09:33.440 [FXGL Background Thread 3 ] DEBUG Engine               - isEntityPreloadEnabled: true
10:09:33.440 [FXGL Background Thread 3 ] DEBUG Engine               - isExperimental3D: false
10:09:33.441 [FXGL Background Thread 3 ] DEBUG Engine               - isExperimentalNative: false
10:09:33.441 [FXGL Background Thread 3 ] DEBUG Engine               - isExperimentalTiledLargeMap: false
10:09:33.441 [FXGL Background Thread 3 ] DEBUG Engine               - isFileSystemWriteAllowed: true
10:09:33.442 [FXGL Background Thread 3 ] DEBUG Engine               - isFullScreenAllowed: false
10:09:33.442 [FXGL Background Thread 3 ] DEBUG Engine               - isFullScreenFromStart: false
10:09:33.443 [FXGL Background Thread 3 ] DEBUG Engine               - isGameMenuEnabled: true
10:09:33.443 [FXGL Background Thread 3 ] DEBUG Engine               - isIOS: false
10:09:33.444 [FXGL Background Thread 3 ] DEBUG Engine               - isIntroEnabled: false
10:09:33.444 [FXGL Background Thread 3 ] DEBUG Engine               - isLinux: false
10:09:33.445 [FXGL Background Thread 3 ] DEBUG Engine               - isMac: false
10:09:33.445 [FXGL Background Thread 3 ] DEBUG Engine               - isMainMenuEnabled: true
10:09:33.446 [FXGL Background Thread 3 ] DEBUG Engine               - isManualResizeEnabled: false
10:09:33.446 [FXGL Background Thread 3 ] DEBUG Engine               - isMobile: false
10:09:33.447 [FXGL Background Thread 3 ] DEBUG Engine               - isPreserveResizeRatio: false
10:09:33.447 [FXGL Background Thread 3 ] DEBUG Engine               - isProfilingEnabled: false
10:09:33.447 [FXGL Background Thread 3 ] DEBUG Engine               - isScaleAffectedOnResize: true
10:09:33.448 [FXGL Background Thread 3 ] DEBUG Engine               - isSingleStep: false
10:09:33.448 [FXGL Background Thread 3 ] DEBUG Engine               - isUserProfileEnabled: false
10:09:33.449 [FXGL Background Thread 3 ] DEBUG Engine               - isWindows: true
10:09:33.449 [FXGL Background Thread 3 ] DEBUG Engine               - language: ObjectProperty [value: ENGLISH]
10:09:33.450 [FXGL Background Thread 3 ] DEBUG Engine               - menuKey: ESCAPE
10:09:33.450 [FXGL Background Thread 3 ] DEBUG Engine               - notificationViewClass: class com.almasb.fxgl.notification.view.XboxNotificationView
10:09:33.451 [FXGL Background Thread 3 ] DEBUG Engine               - pixelsPerMeter: 50.0
10:09:33.451 [FXGL Background Thread 3 ] DEBUG Engine               - platform: WINDOWS
10:09:33.451 [FXGL Background Thread 3 ] DEBUG Engine               - prefHeightProperty: ReadOnlyDoubleProperty [value: 640.0]
10:09:33.452 [FXGL Background Thread 3 ] DEBUG Engine               - prefWidthProperty: ReadOnlyDoubleProperty [value: 1050.0]
10:09:33.452 [FXGL Background Thread 3 ] DEBUG Engine               - profileDir: profiles/
10:09:33.453 [FXGL Background Thread 3 ] DEBUG Engine               - profileName: StringProperty [value: DEFAULT]
10:09:33.453 [FXGL Background Thread 3 ] DEBUG Engine               - randomSeed: -1
10:09:33.453 [FXGL Background Thread 3 ] DEBUG Engine               - runtimeInfo: RuntimeInfo(platform=WINDOWS, version=11.14, build=01.03.2021 16.59)
10:09:33.454 [FXGL Background Thread 3 ] DEBUG Engine               - saveFileExt: sav
10:09:33.454 [FXGL Background Thread 3 ] DEBUG Engine               - scaledHeightProp$fxgl: DoubleProperty [bound, value: 640.0]
10:09:33.455 [FXGL Background Thread 3 ] DEBUG Engine               - scaledWidthProp$fxgl: DoubleProperty [bound, value: 1050.0]
10:09:33.455 [FXGL Background Thread 3 ] DEBUG Engine               - sceneFactory: UISceneFactory@7b1a79af
10:09:33.455 [FXGL Background Thread 3 ] DEBUG Engine               - secondsIn24h: 60
10:09:33.456 [FXGL Background Thread 3 ] DEBUG Engine               - soundMenuBack: menu/back.wav
10:09:33.456 [FXGL Background Thread 3 ] DEBUG Engine               - soundMenuPress: menu/press.wav
10:09:33.456 [FXGL Background Thread 3 ] DEBUG Engine               - soundMenuSelect: menu/select.wav
10:09:33.456 [FXGL Background Thread 3 ] DEBUG Engine               - soundNotification: core/notification.wav
10:09:33.457 [FXGL Background Thread 3 ] DEBUG Engine               - stageStyle: DECORATED
10:09:33.457 [FXGL Background Thread 3 ] DEBUG Engine               - supportedLanguages: [ENGLISH, FRENCH, GERMAN, HUNGARIAN, RUSSIAN]
10:09:33.457 [FXGL Background Thread 3 ] DEBUG Engine               - ticksPerSecond: -1
10:09:33.457 [FXGL Background Thread 3 ] DEBUG Engine               - title: A Way Out
10:09:33.457 [FXGL Background Thread 3 ] DEBUG Engine               - urlGithub: https://github.com/AlmasB/FXGL
10:09:33.458 [FXGL Background Thread 3 ] DEBUG Engine               - urlLeaderboard: http://fxgl-top.herokuapp.com/
10:09:33.458 [FXGL Background Thread 3 ] DEBUG Engine               - urlPOM: https://raw.githubusercontent.com/AlmasB/FXGL/release/README.md
10:09:33.459 [FXGL Background Thread 3 ] DEBUG Engine               - userAppClass: class Game
10:09:33.459 [FXGL Background Thread 3 ] DEBUG Engine               - version: 1.2
10:09:33.459 [FXGL Background Thread 3 ] DEBUG Engine               - versionCheckDays: 7
10:09:33.460 [FXGL Background Thread 3 ] DEBUG Engine               - width: 1050
10:09:33.460 [FXGL Background Thread 3 ] DEBUG Engine               - Logging services
10:09:33.461 [FXGL Background Thread 3 ] DEBUG Engine               - class com.almasb.fxgl.app.services.FXGLAssetLoaderService
10:09:33.461 [FXGL Background Thread 3 ] DEBUG Engine               - class com.almasb.fxgl.app.FXGLApplication$GameApplicationService
10:09:33.461 [FXGL Background Thread 3 ] DEBUG Engine               - class com.almasb.fxgl.app.services.FXGLDialogService
10:09:33.462 [FXGL Background Thread 3 ] DEBUG Engine               - class com.almasb.fxgl.app.services.IOTaskExecutorService
10:09:33.462 [FXGL Background Thread 3 ] DEBUG Engine               - class com.almasb.fxgl.event.EventBusService
10:09:33.462 [FXGL Background Thread 3 ] DEBUG Engine               - class com.almasb.fxgl.io.FileSystemService
10:09:33.463 [FXGL Background Thread 3 ] DEBUG Engine               - class com.almasb.fxgl.localization.LocalizationService
10:09:33.463 [FXGL Background Thread 3 ] DEBUG Engine               - class com.almasb.fxgl.app.services.SystemBundleService
10:09:33.463 [FXGL Background Thread 3 ] DEBUG Engine               - class com.almasb.fxgl.profile.SaveLoadService
10:09:33.464 [FXGL Background Thread 3 ] DEBUG Engine               - class com.almasb.fxgl.ui.FXGLUIFactoryServiceProvider
10:09:33.464 [FXGL Background Thread 3 ] DEBUG Engine               - class com.almasb.fxgl.ui.FXGLDialogFactoryServiceProvider
10:09:33.464 [FXGL Background Thread 3 ] DEBUG Engine               - class com.almasb.fxgl.audio.AudioPlayer
10:09:33.465 [FXGL Background Thread 3 ] DEBUG Engine               - class com.almasb.fxgl.notification.impl.NotificationServiceProvider
10:09:33.465 [FXGL Background Thread 3 ] DEBUG Engine               - class com.almasb.fxgl.achievement.AchievementService
10:09:33.465 [FXGL Background Thread 3 ] DEBUG Engine               - class com.almasb.fxgl.cutscene.CutsceneService
10:09:33.466 [FXGL Background Thread 3 ] DEBUG Engine               - class com.almasb.fxgl.minigames.MiniGameService
10:09:33.466 [FXGL Background Thread 3 ] DEBUG Engine               - class com.almasb.fxgl.net.NetService
10:09:33.466 [FXGL Background Thread 3 ] DEBUG Engine               - class com.almasb.fxgl.app.services.UpdaterService
10:09:33.467 [FXGL Background Thread 3 ] DEBUG Engine               - class com.almasb.fxgl.dev.DevService
10:09:42.122 [JavaFX Application Thread] DEBUG Menu                 - fireNewGame()
10:09:42.123 [JavaFX Application Thread] DEBUG GameApplicationServi - Starting new game
10:09:42.123 [JavaFX Application Thread] DEBUG PrimaryStageWindow   - Pop state: StartMenu
10:09:42.123 [JavaFX Application Thread] DEBUG Input                - Clearing active input actions
10:09:42.125 [JavaFX Application Thread] DEBUG GameApplicationServi - Removing overlay from StartMenu and adding to FXGLMainMenuDummyScene
10:09:42.126 [JavaFX Application Thread] DEBUG PrimaryStageWindow   - FXGLMainMenuDummyScene <- StartMenu
10:09:42.127 [JavaFX Application Thread] DEBUG Input                - Clearing active input actions
10:09:42.156 [JavaFX Application Thread] DEBUG GameApplicationServi - Removing overlay from FXGLMainMenuDummyScene and adding to FXGLLoadingScene
10:09:42.156 [JavaFX Application Thread] DEBUG PrimaryStageWindow   - FXGLMainMenuDummyScene -> FXGLLoadingScene
10:09:42.157 [JavaFX Application Thread] DEBUG GameApplicationServi - Clearing previous game
10:09:42.157 [JavaFX Application Thread] DEBUG GameScene            - Clearing game scene
10:09:42.157 [JavaFX Application Thread] DEBUG GameWorld            - Clearing game world
10:09:42.158 [JavaFX Application Thread] DEBUG PhysicsWorld         - Clearing physics world
10:09:42.174 [FXGL Background Thread 2 ] DEBUG FXGLApplication      - Initializing game
10:09:42.198 [FXGL Background Thread 2 ] DEBUG AudioPlayer          - Pausing music com.almasb.fxgl.audio.Music@59ee4a
10:09:42.360 [JavaFX Application Thread] DEBUG LoopRunner           - Stopping loop
10:09:42.362 [JavaFX Application Thread] FATAL FXGLApplication      - Uncaught Exception:
java.lang.RuntimeException: Initialization failed
	at com.almasb.fxgl.app.FXGLApplication$InitAppTask.failed(FXGLApplication.kt:376)
	at javafx.concurrent.Task.setState(Task.java:710)
	at javafx.concurrent.Task$TaskCallable.lambda$call$2(Task.java:1455)
	at com.sun.javafx.application.PlatformImpl.lambda$runLater$10(PlatformImpl.java:428)
	at java.base/java.security.AccessController.doPrivileged(AccessController.java:391)
	at com.sun.javafx.application.PlatformImpl.lambda$runLater$11(PlatformImpl.java:427)
	at com.sun.glass.ui.InvokeLaterDispatcher$Future.run(InvokeLaterDispatcher.java:96)
	at com.sun.glass.ui.win.WinApplication._runLoop(Native Method)
	at com.sun.glass.ui.win.WinApplication.lambda$runLoop$3(WinApplication.java:174)
	at java.base/java.lang.Thread.run(Thread.java:832)
Caused by: java.lang.IllegalArgumentException: #iterator() cannot be used nested.
	at com.almasb.fxgl.core.collection.Array$ArrayIterator.hasNext(Array.java:719)
	at com.almasb.fxgl.audio.AudioPlayer.pauseAllMusic(AudioPlayer.kt:183)
	at Game.initGame(Game.java:76)
	at com.almasb.fxgl.app.FXGLApplication$InitAppTask.initGame(FXGLApplication.kt:372)
	at com.almasb.fxgl.app.FXGLApplication$InitAppTask.call(FXGLApplication.kt:352)
	at com.almasb.fxgl.app.FXGLApplication$InitAppTask.call(FXGLApplication.kt:344)
	at javafx.concurrent.Task$TaskCallable.call(Task.java:1425)
	at java.base/java.util.concurrent.FutureTask.run(FutureTask.java:264)
	at java.base/java.util.concurrent.Executors$RunnableAdapter.call(Executors.java:515)
	at java.base/java.util.concurrent.FutureTask.run(FutureTask.java:264)
	at java.base/java.util.concurrent.ThreadPoolExecutor.runWorker(ThreadPoolExecutor.java:1130)
	at java.base/java.util.concurrent.ThreadPoolExecutor$Worker.run(ThreadPoolExecutor.java:630)
	... 1 more

10:09:42.363 [JavaFX Application Thread] FATAL FXGLApplication      - Application will now exit
10:09:42.412 [JavaFX Application Thread] DEBUG PrimaryStageWindow   - Push state: ErrorSubScene
10:09:42.412 [JavaFX Application Thread] DEBUG Input                - Clearing active input actions
10:09:42.423 [JavaFX Application Thread] DEBUG GameApplicationServi - Removing overlay from FXGLLoadingScene and adding to ErrorSubScene
10:09:42.424 [JavaFX Application Thread] DEBUG PrimaryStageWindow   - FXGLLoadingScene -> ErrorSubScene
10:09:47.923 [JavaFX Application Thread] DEBUG FXGLApplication      - Exiting FXGL
10:09:47.924 [JavaFX Application Thread] DEBUG Async                - Shutting down background threads
10:09:47.924 [JavaFX Application Thread] DEBUG PrimaryStageWindow   - Closing main window
10:09:47.966 [JavaFX Application Thread] DEBUG Logger               - Closing Logger
