13:28:42.119 [main                     ] DEBUG Logger               - Configured Logger
13:28:42.153 [main                     ] DEBUG GameApplication      - Logging settings
Title: Demo game
Version: 1.2
Width: 1050
Height: 700
Fullscreen: false
Intro: false
Profiling: false
Single step:false
App Mode: DEVELOPER
Menu Key: ESCAPE
Stage Style: DECORATED
Scene Factory: class com.almasb.fxgl.app.scene.SceneFactory

13:28:43.468 [JavaFX Application Thread] DEBUG FXGLApplication      - Initializing FXGL
13:28:43.474 [JavaFX Application Thread] INFO  Engine               - FXGL-11.14 (01.03.2021 16.59) on WINDOWS (J:15.0.2 FX:15)
13:28:43.475 [JavaFX Application Thread] DEBUG Engine               - JRE Vendor Name: Amazon.com Inc.
13:28:43.475 [JavaFX Application Thread] DEBUG Engine               - Running on OS: Windows 10 version 10.0
13:28:43.476 [JavaFX Application Thread] DEBUG Engine               - Architecture: amd64
13:28:43.477 [JavaFX Application Thread] INFO  Engine               - Source code and latest versions at: https://github.com/AlmasB/FXGL
13:28:43.478 [JavaFX Application Thread] INFO  Engine               -              Join the FXGL chat at: https://gitter.im/AlmasB/FXGL
13:28:43.927 [JavaFX Application Thread] DEBUG PrimaryStageWindow   - Creating a JavaFX scene
13:28:44.138 [JavaFX Application Thread] DEBUG PrimaryStageWindow   - Target settings size: 1050.0 x 700.0
13:28:44.139 [JavaFX Application Thread] DEBUG PrimaryStageWindow   - Scaled scene size:    1050.0 x 700.0
13:28:44.140 [JavaFX Application Thread] DEBUG PrimaryStageWindow   - Scaled ratio: (1.0, 1.0)
13:28:44.143 [JavaFX Application Thread] DEBUG PrimaryStageWindow   - Set initial scene to FXGLStartupScene
13:28:44.177 [JavaFX Application Thread] DEBUG PrimaryStageWindow   - Opening main window
13:28:44.475 [JavaFX Application Thread] DEBUG PrimaryStageWindow   - Window border size: (14.800048828125, 37.5999755859375)
13:28:44.476 [JavaFX Application Thread] DEBUG PrimaryStageWindow   - Scaled size: 1050.0 x 700.0
13:28:44.477 [JavaFX Application Thread] DEBUG PrimaryStageWindow   - Scaled ratio: (1.0, 1.0)
13:28:44.477 [JavaFX Application Thread] DEBUG PrimaryStageWindow   - Scene size: 1050.0 x 700.0
13:28:44.478 [JavaFX Application Thread] DEBUG PrimaryStageWindow   - Stage size: 1064.800048828125 x 737.5999755859375
13:28:44.572 [FXGL Background Thread 1 ] DEBUG Engine               - Initializing environment variables
13:28:44.722 [FXGL Background Thread 1 ] DEBUG FXGLAssetLoaderServi - User app class for loading assets: class Game
13:28:44.723 [FXGL Background Thread 1 ] DEBUG GameApplicationServi - Applying CSS: fxgl_dark.css
13:28:44.725 [FXGL Background Thread 1 ] DEBUG FXGLAssetLoaderServi - Loading from file system: jar:file:/C:/Users/jfran/.m2/repository/com/github/almasb/fxgl/11.14/fxgl-11.14.jar!/fxglassets/ui/css/fxgl_dark.css
13:28:44.880 [FXGL Background Thread 1 ] DEBUG GameApplicationServi - Initializing application scenes
13:28:45.115 [FXGL Background Thread 1 ] DEBUG GameWorld            - Game world initialized
13:28:45.324 [FXGL Background Thread 1 ] DEBUG PhysicsWorld         - Physics world initialized: appHeight=700, physics.ppm=50,0
13:28:45.325 [FXGL Background Thread 1 ] DEBUG PhysicsWorld         - Using strategy: BRUTE_FORCE
13:28:45.332 [FXGL Background Thread 1 ] DEBUG GameScene            - Game scene initialized: 1050x700
13:28:45.441 [FXGL Background Thread 1 ] DEBUG FXGLAssetLoaderServi - Loading from file system: jar:file:/C:/Users/jfran/.m2/repository/com/github/almasb/fxgl/11.14/fxgl-11.14.jar!/fxglassets/textures/particles/trace_horizontal.png
13:28:45.598 [FXGL Background Thread 1 ] DEBUG FXGL.DefaultMenu     - createMenuBodyMainMenu()
13:28:45.639 [FXGL Background Thread 1 ] DEBUG FXGL.DefaultMenu     - createOptionsMenu()
13:28:45.654 [FXGL Background Thread 1 ] DEBUG FXGLAssetLoaderServi - Loading from file system: jar:file:/C:/Users/jfran/.m2/repository/com/github/almasb/fxgl/11.14/fxgl-11.14.jar!/fxglassets/textures/particles/smoke.png
13:28:45.833 [FXGL Background Thread 1 ] DEBUG FXGL.DefaultMenu     - createMenuBodyGameMenu()
13:28:45.837 [FXGL Background Thread 1 ] DEBUG FXGL.DefaultMenu     - createOptionsMenu()
13:28:45.883 [FXGL Background Thread 1 ] DEBUG GameApplicationServi - Application scenes initialized
13:28:45.913 [FXGL Background Thread 1 ] DEBUG SystemBundleService  - Loading FXGL system data
13:28:45.922 [FXGL Background Thread 1 ] DEBUG FileSystemAccess     - Reading from: C:\Users\jfran\OneDrive - Hogeschool Leiden\IPOSE-Maven\system\fxgl.bundle
13:28:45.936 [FXGL Background Thread 1 ] DEBUG SystemBundleService  - Bundle FXGL: {}
13:28:45.937 [FXGL Background Thread 1 ] DEBUG UpdaterService       - Checking for updates
13:28:45.950 [FXGL Background Thread 1 ] DEBUG FXGLApplication      - Loading default localization
13:28:45.952 [FXGL Background Thread 1 ] DEBUG FXGLAssetLoaderServi - Loading from file system: jar:file:/C:/Users/jfran/.m2/repository/com/github/almasb/fxgl/11.14/fxgl-11.14.jar!/fxglassets/languages/english.lang
13:28:45.959 [FXGL Background Thread 4 ] DEBUG FXGLApplication      - Loading fonts
13:28:45.964 [FXGL Background Thread 4 ] DEBUG FXGLAssetLoaderServi - Loading from file system: jar:file:/C:/Users/jfran/.m2/repository/com/github/almasb/fxgl/11.14/fxgl-11.14.jar!/fxglassets/ui/fonts/VarelaRound-Regular.ttf
13:28:46.012 [FXGL Background Thread 1 ] INFO  FXGLApplication      - FXGL initialization took: 1,439 sec
13:28:46.038 [JavaFX Application Thread] DEBUG Input                - Registered new binding: Left - A
13:28:46.039 [JavaFX Application Thread] DEBUG Input                - Registered new binding: Right - D
13:28:46.040 [JavaFX Application Thread] DEBUG Input                - Registered new binding: Jump - W
13:28:46.042 [JavaFX Application Thread] DEBUG FXGLAssetLoaderServi - Loading from file system: jar:file:/C:/Users/jfran/.m2/repository/com/github/almasb/fxgl/11.14/fxgl-11.14.jar!/fxglassets/textures/fxgl_icon.png
13:28:46.091 [JavaFX Application Thread] DEBUG FXGLAssetLoaderServi - Loading from file system: jar:file:/C:/Users/jfran/.m2/repository/com/github/almasb/fxgl/11.14/fxgl-11.14.jar!/fxglassets/ui/cursors/fxgl_default.png
13:28:46.098 [JavaFX Application Thread] DEBUG Input                - Registered new binding: Screenshot - P
13:28:46.100 [JavaFX Application Thread] DEBUG Input                - Registered new binding: System info dump - CTRL+9
13:28:46.102 [JavaFX Application Thread] DEBUG Input                - Registered new binding: Restart - CTRL+R
13:28:46.104 [JavaFX Application Thread] DEBUG Input                - Registered new binding: Toggle Debug Camera - CTRL+C
13:28:46.110 [JavaFX Application Thread] DEBUG LoopRunner           - Starting loop
13:28:46.111 [JavaFX Application Thread] DEBUG LoopRunner           - Initializing JavaFX AnimationTimerLoop
13:28:46.120 [JavaFX Application Thread] DEBUG Input                - Clearing active input actions
13:28:46.142 [JavaFX Application Thread] DEBUG GameApplicationServi - Removing overlay from FXGLStartupScene and adding to FXGLMainMenuDummyScene
13:28:46.143 [JavaFX Application Thread] DEBUG PrimaryStageWindow   - FXGLStartupScene -> FXGLMainMenuDummyScene
13:28:46.144 [JavaFX Application Thread] DEBUG PrimaryStageWindow   - Push state: FXGLDefaultMenu
13:28:46.155 [JavaFX Application Thread] DEBUG Input                - Clearing active input actions
13:28:46.193 [JavaFX Application Thread] DEBUG GameApplicationServi - Removing overlay from FXGLMainMenuDummyScene and adding to FXGLDefaultMenu
13:28:46.194 [JavaFX Application Thread] DEBUG PrimaryStageWindow   - FXGLMainMenuDummyScene -> FXGLDefaultMenu
13:28:46.749 [FXGL Background Thread 4 ] DEBUG FXGLAssetLoaderServi - Loading from file system: jar:file:/C:/Users/jfran/.m2/repository/com/github/almasb/fxgl/11.14/fxgl-11.14.jar!/fxglassets/ui/fonts/Abel-Regular.ttf
13:28:46.773 [FXGL Background Thread 4 ] DEBUG FXGLAssetLoaderServi - Loading from file system: jar:file:/C:/Users/jfran/.m2/repository/com/github/almasb/fxgl/11.14/fxgl-11.14.jar!/fxglassets/ui/fonts/lucida_console.ttf
13:28:46.802 [FXGL Background Thread 4 ] DEBUG FXGLAssetLoaderServi - Loading from file system: jar:file:/C:/Users/jfran/.m2/repository/com/github/almasb/fxgl/11.14/fxgl-11.14.jar!/fxglassets/ui/fonts/Courier-Prime.ttf
13:28:46.886 [JavaFX Application Thread] DEBUG FXGLApplication      - Registering font factories with UI factory
13:28:47.369 [FXGL Background Thread 2 ] INFO  UpdaterService       - Your current version:  11.14
13:28:47.370 [FXGL Background Thread 2 ] INFO  UpdaterService       - Latest stable version: 17.1
13:28:48.022 [JavaFX Application Thread] DEBUG Menu                 - fireNewGame()
13:28:48.023 [JavaFX Application Thread] DEBUG GameApplicationServi - Starting new game
13:28:48.027 [JavaFX Application Thread] DEBUG PrimaryStageWindow   - Pop state: FXGLDefaultMenu
13:28:48.028 [JavaFX Application Thread] DEBUG Input                - Clearing active input actions
13:28:48.031 [JavaFX Application Thread] DEBUG GameApplicationServi - Removing overlay from FXGLDefaultMenu and adding to FXGLMainMenuDummyScene
13:28:48.032 [JavaFX Application Thread] DEBUG PrimaryStageWindow   - FXGLMainMenuDummyScene <- FXGLDefaultMenu
13:28:48.033 [JavaFX Application Thread] DEBUG Input                - Clearing active input actions
13:28:48.078 [JavaFX Application Thread] DEBUG GameApplicationServi - Removing overlay from FXGLMainMenuDummyScene and adding to FXGLLoadingScene
13:28:48.079 [JavaFX Application Thread] DEBUG PrimaryStageWindow   - FXGLMainMenuDummyScene -> FXGLLoadingScene
13:28:48.079 [JavaFX Application Thread] DEBUG GameApplicationServi - Clearing previous game
13:28:48.080 [JavaFX Application Thread] DEBUG GameScene            - Clearing game scene
13:28:48.080 [JavaFX Application Thread] DEBUG GameWorld            - Clearing game world
13:28:48.081 [JavaFX Application Thread] DEBUG PhysicsWorld         - Clearing physics world
13:28:48.084 [FXGL Background Thread 2 ] DEBUG FXGLApplication      - Initializing game
13:28:48.233 [FXGL Background Thread 2 ] WARN  TMXLevelLoader       - TiledMap generated from 1.0.1. Supported version: 1.2.3. Some features may not be parsed fully.
13:28:48.263 [FXGL Background Thread 2 ] DEBUG TMXLevelLoader       - Parsed raw map: TiledMap(width=15, height=10, tilewidth=70, tileheight=70, orientation=orthogonal, layers=[Layer(width=15, height=10, name=Tile Layer 1, type=tilelayer, visible=false, x=0, y=0, data=[153, 0, 0, 0, 0, 0, 0, 0, 0, 0, 0, 0, 0, 0, 0, 153, 2, 0, 0, 69, 57, 45, 0, 0, 0, 0, 0, 0, 0, 0, 153, 10, 0, 0, 0, 0, 0, 0, 0, 0, 0, 0, 0, 0, 0, 153, 153, 0, 0, 0, 0, 0, 0, 15, 3, 3, 27, 0, 0, 0, 153, 153, 0, 0, 0, 0, 0, 0, 0, 0, 0, 0, 0, 0, 0, 153, 153, 0, 0, 0, 0, 0, 0, 0, 0, 0, 0, 0, 0, 116, 153, 153, 0, 0, 0, 0, 0, 0, 15, 3, 3, 27, 0, 116, 153, 153, 153, 0, 0, 69, 81, 57, 0, 0, 0, 0, 0, 0, 153, 153, 153, 153, 0, 0, 0, 0, 0, 0, 0, 0, 0, 0, 0, 153, 153, 153, 153, 10, 105, 0, 0, 0, 129, 105, 0, 0, 0, 129, 153, 153], objects=[], opacity=0.0, draworder=), Layer(width=0, height=0, name=Object Layer 1, type=objectgroup, visible=false, x=0, y=0, data=[], objects=[com.almasb.fxgl.entity.level.tiled.TiledObject@58f6f5f, com.almasb.fxgl.entity.level.tiled.TiledObject@16987e32, com.almasb.fxgl.entity.level.tiled.TiledObject@53cc569d, com.almasb.fxgl.entity.level.tiled.TiledObject@15edeced, com.almasb.fxgl.entity.level.tiled.TiledObject@6be68c98, com.almasb.fxgl.entity.level.tiled.TiledObject@3eda1638, com.almasb.fxgl.entity.level.tiled.TiledObject@f93c7c0, com.almasb.fxgl.entity.level.tiled.TiledObject@7563d85b, com.almasb.fxgl.entity.level.tiled.TiledObject@2a3e0823, com.almasb.fxgl.entity.level.tiled.TiledObject@443bb08a, com.almasb.fxgl.entity.level.tiled.TiledObject@5587d20a, com.almasb.fxgl.entity.level.tiled.TiledObject@3ecd79e1, com.almasb.fxgl.entity.level.tiled.TiledObject@6468010b, com.almasb.fxgl.entity.level.tiled.TiledObject@7d4e52ec, com.almasb.fxgl.entity.level.tiled.TiledObject@1632d8cd, com.almasb.fxgl.entity.level.tiled.TiledObject@43e5b99b, com.almasb.fxgl.entity.level.tiled.TiledObject@67a188b5, com.almasb.fxgl.entity.level.tiled.TiledObject@68f76f9f, com.almasb.fxgl.entity.level.tiled.TiledObject@680336fc], opacity=0.0, draworder=)], tilesets=[Tileset(firstgid=1, image=tiles_spritesheet.png, name=tiles_spritesheet, tilewidth=70, tileheight=70, imagewidth=914, imageheight=936, margin=0, spacing=2, columns=12, tilecount=156, transparentcolor=, tiles=[])], backgroundcolor=, renderorder=right-down, nextobjectid=20, version=1, tiledversion=1.0.1, type=map, infinite=false, hexsidelength=0, staggeraxis=, staggerindex=, properties={}, propertytypes={})
13:28:48.268 [FXGL Background Thread 2 ] DEBUG TMXLevelLoader       - Creating tile layer entities
13:28:48.270 [FXGL Background Thread 2 ] DEBUG TilesetLoader        - Loading view for layer Tile Layer 1
13:28:48.274 [FXGL Background Thread 2 ] DEBUG TilesetLoader        - Created buffer with size 1050.0x700.0
13:28:48.434 [FXGL Background Thread 2 ] DEBUG TilesetLoader        - Writing to buffer: dst=0,0, w=70,h=70, src=576,864
13:28:48.435 [FXGL Background Thread 2 ] DEBUG TilesetLoader        - Writing to buffer: dst=0,70, w=70,h=70, src=576,864
13:28:48.437 [FXGL Background Thread 2 ] DEBUG TilesetLoader        - Writing to buffer: dst=70,70, w=70,h=70, src=72,0
13:28:48.437 [FXGL Background Thread 2 ] DEBUG TilesetLoader        - Writing to buffer: dst=280,70, w=70,h=70, src=576,360
13:28:48.438 [FXGL Background Thread 2 ] DEBUG TilesetLoader        - Writing to buffer: dst=350,70, w=70,h=70, src=576,288
13:28:48.438 [FXGL Background Thread 2 ] DEBUG TilesetLoader        - Writing to buffer: dst=420,70, w=70,h=70, src=576,216
13:28:48.439 [FXGL Background Thread 2 ] DEBUG TilesetLoader        - Writing to buffer: dst=0,140, w=70,h=70, src=576,864
13:28:48.439 [FXGL Background Thread 2 ] DEBUG TilesetLoader        - Writing to buffer: dst=70,140, w=70,h=70, src=648,0
13:28:48.441 [FXGL Background Thread 2 ] DEBUG TilesetLoader        - Writing to buffer: dst=0,210, w=70,h=70, src=576,864
13:28:48.441 [FXGL Background Thread 2 ] DEBUG TilesetLoader        - Writing to buffer: dst=70,210, w=70,h=70, src=576,864
13:28:48.442 [FXGL Background Thread 2 ] DEBUG TilesetLoader        - Writing to buffer: dst=560,210, w=70,h=70, src=144,72
13:28:48.442 [FXGL Background Thread 2 ] DEBUG TilesetLoader        - Writing to buffer: dst=630,210, w=70,h=70, src=144,0
13:28:48.443 [FXGL Background Thread 2 ] DEBUG TilesetLoader        - Writing to buffer: dst=700,210, w=70,h=70, src=144,0
13:28:48.443 [FXGL Background Thread 2 ] DEBUG TilesetLoader        - Writing to buffer: dst=770,210, w=70,h=70, src=144,144
13:28:48.444 [FXGL Background Thread 2 ] DEBUG TilesetLoader        - Writing to buffer: dst=0,280, w=70,h=70, src=576,864
13:28:48.447 [FXGL Background Thread 2 ] DEBUG TilesetLoader        - Writing to buffer: dst=70,280, w=70,h=70, src=576,864
13:28:48.448 [FXGL Background Thread 2 ] DEBUG TilesetLoader        - Writing to buffer: dst=0,350, w=70,h=70, src=576,864
13:28:48.449 [FXGL Background Thread 2 ] DEBUG TilesetLoader        - Writing to buffer: dst=70,350, w=70,h=70, src=576,864
13:28:48.450 [FXGL Background Thread 2 ] DEBUG TilesetLoader        - Writing to buffer: dst=980,350, w=70,h=70, src=504,648
13:28:48.450 [FXGL Background Thread 2 ] DEBUG TilesetLoader        - Writing to buffer: dst=0,420, w=70,h=70, src=576,864
13:28:48.451 [FXGL Background Thread 2 ] DEBUG TilesetLoader        - Writing to buffer: dst=70,420, w=70,h=70, src=576,864
13:28:48.451 [FXGL Background Thread 2 ] DEBUG TilesetLoader        - Writing to buffer: dst=560,420, w=70,h=70, src=144,72
13:28:48.453 [FXGL Background Thread 2 ] DEBUG TilesetLoader        - Writing to buffer: dst=630,420, w=70,h=70, src=144,0
13:28:48.454 [FXGL Background Thread 2 ] DEBUG TilesetLoader        - Writing to buffer: dst=700,420, w=70,h=70, src=144,0
13:28:48.459 [FXGL Background Thread 2 ] DEBUG TilesetLoader        - Writing to buffer: dst=770,420, w=70,h=70, src=144,144
13:28:48.460 [FXGL Background Thread 2 ] DEBUG TilesetLoader        - Writing to buffer: dst=910,420, w=70,h=70, src=504,648
13:28:48.460 [FXGL Background Thread 2 ] DEBUG TilesetLoader        - Writing to buffer: dst=980,420, w=70,h=70, src=576,864
13:28:48.460 [FXGL Background Thread 2 ] DEBUG TilesetLoader        - Writing to buffer: dst=0,490, w=70,h=70, src=576,864
13:28:48.461 [FXGL Background Thread 2 ] DEBUG TilesetLoader        - Writing to buffer: dst=70,490, w=70,h=70, src=576,864
13:28:48.463 [FXGL Background Thread 2 ] DEBUG TilesetLoader        - Writing to buffer: dst=280,490, w=70,h=70, src=576,360
13:28:48.465 [FXGL Background Thread 2 ] DEBUG TilesetLoader        - Writing to buffer: dst=350,490, w=70,h=70, src=576,432
13:28:48.466 [FXGL Background Thread 2 ] DEBUG TilesetLoader        - Writing to buffer: dst=420,490, w=70,h=70, src=576,288
13:28:48.466 [FXGL Background Thread 2 ] DEBUG TilesetLoader        - Writing to buffer: dst=910,490, w=70,h=70, src=576,864
13:28:48.467 [FXGL Background Thread 2 ] DEBUG TilesetLoader        - Writing to buffer: dst=980,490, w=70,h=70, src=576,864
13:28:48.467 [FXGL Background Thread 2 ] DEBUG TilesetLoader        - Writing to buffer: dst=0,560, w=70,h=70, src=576,864
13:28:48.468 [FXGL Background Thread 2 ] DEBUG TilesetLoader        - Writing to buffer: dst=70,560, w=70,h=70, src=576,864
13:28:48.469 [FXGL Background Thread 2 ] DEBUG TilesetLoader        - Writing to buffer: dst=910,560, w=70,h=70, src=576,864
13:28:48.469 [FXGL Background Thread 2 ] DEBUG TilesetLoader        - Writing to buffer: dst=980,560, w=70,h=70, src=576,864
13:28:48.469 [FXGL Background Thread 2 ] DEBUG TilesetLoader        - Writing to buffer: dst=0,630, w=70,h=70, src=576,864
13:28:48.470 [FXGL Background Thread 2 ] DEBUG TilesetLoader        - Writing to buffer: dst=70,630, w=70,h=70, src=576,864
13:28:48.471 [FXGL Background Thread 2 ] DEBUG TilesetLoader        - Writing to buffer: dst=140,630, w=70,h=70, src=648,0
13:28:48.471 [FXGL Background Thread 2 ] DEBUG TilesetLoader        - Writing to buffer: dst=210,630, w=70,h=70, src=576,576
13:28:48.472 [FXGL Background Thread 2 ] DEBUG TilesetLoader        - Writing to buffer: dst=490,630, w=70,h=70, src=576,720
13:28:48.472 [FXGL Background Thread 2 ] DEBUG TilesetLoader        - Writing to buffer: dst=560,630, w=70,h=70, src=576,576
13:28:48.472 [FXGL Background Thread 2 ] DEBUG TilesetLoader        - Writing to buffer: dst=840,630, w=70,h=70, src=576,720
13:28:48.473 [FXGL Background Thread 2 ] DEBUG TilesetLoader        - Writing to buffer: dst=910,630, w=70,h=70, src=576,864
13:28:48.473 [FXGL Background Thread 2 ] DEBUG TilesetLoader        - Writing to buffer: dst=980,630, w=70,h=70, src=576,864
13:28:48.474 [FXGL Background Thread 2 ] DEBUG TMXLevelLoader       - Creating object layer entities
13:28:48.571 [FXGL Background Thread 2 ] DEBUG FXGLAssetLoaderServi - Loading from file system: file:/C:/Users/jfran/OneDrive%20-%20Hogeschool%20Leiden/IPOSE-Maven/target/classes/assets/textures/star.png
13:28:48.591 [FXGL Background Thread 2 ] DEBUG GameWorld            - Clearing removable entities
13:28:48.593 [FXGL Background Thread 2 ] DEBUG GameWorld            - Setting level: com.almasb.fxgl.entity.level.Level@444ed9de
13:28:48.639 [FXGL Background Thread 2 ] DEBUG FXGLAssetLoaderServi - Loading from file system: file:/C:/Users/jfran/OneDrive%20-%20Hogeschool%20Leiden/IPOSE-Maven/target/classes/assets/textures/girl.png
13:28:48.690 [FXGL Background Thread 2 ] INFO  FXGLApplication      - Game initialization took: 0,605 sec
13:28:48.714 [JavaFX Application Thread] DEBUG Input                - Clearing active input actions
13:28:48.731 [JavaFX Application Thread] DEBUG GameApplicationServi - Removing overlay from FXGLLoadingScene and adding to GameScene
13:28:48.732 [JavaFX Application Thread] DEBUG PrimaryStageWindow   - FXGLLoadingScene -> GameScene
13:28:48.947 [FXGL Background Thread 3 ] DEBUG Engine               - Logging environment variables
13:28:48.951 [FXGL Background Thread 3 ] DEBUG Engine               - achievements: []
13:28:48.952 [FXGL Background Thread 3 ] DEBUG Engine               - actualHeight: 700.0
13:28:48.953 [FXGL Background Thread 3 ] DEBUG Engine               - actualHeightProperty: ReadOnlyDoubleProperty [value: 700.0]
13:28:48.953 [FXGL Background Thread 3 ] DEBUG Engine               - actualWidth: 1050.0
13:28:48.953 [FXGL Background Thread 3 ] DEBUG Engine               - actualWidthProperty: ReadOnlyDoubleProperty [value: 1050.0]
13:28:48.954 [FXGL Background Thread 3 ] DEBUG Engine               - appIcon: fxgl_icon.png
13:28:48.954 [FXGL Background Thread 3 ] DEBUG Engine               - applicationMode: DEVELOPER
13:28:48.955 [FXGL Background Thread 3 ] DEBUG Engine               - cSSList: [fxgl_dark.css]
13:28:48.957 [FXGL Background Thread 3 ] DEBUG Engine               - collisionDetectionStrategy: BRUTE_FORCE
13:28:48.957 [FXGL Background Thread 3 ] DEBUG Engine               - configClass: Optional.empty
13:28:48.958 [FXGL Background Thread 3 ] DEBUG Engine               - credits: []
13:28:48.958 [FXGL Background Thread 3 ] DEBUG Engine               - devBBoxColorProperty: ObjectProperty [value: 0xff0000ff]
13:28:48.959 [FXGL Background Thread 3 ] DEBUG Engine               - devEnableDebugCameraProperty: BooleanProperty [value: false]
13:28:48.959 [FXGL Background Thread 3 ] DEBUG Engine               - devSensorColorProperty: ObjectProperty [value: 0xffff00ff]
13:28:48.960 [FXGL Background Thread 3 ] DEBUG Engine               - devShowBBoxProperty: BooleanProperty [value: false]
13:28:48.960 [FXGL Background Thread 3 ] DEBUG Engine               - devShowPositionProperty: BooleanProperty [value: false]
13:28:48.961 [FXGL Background Thread 3 ] DEBUG Engine               - enabledMenuItems: []
13:28:48.963 [FXGL Background Thread 3 ] DEBUG Engine               - engineServices: [class com.almasb.fxgl.app.services.FXGLAssetLoaderService, class com.almasb.fxgl.app.FXGLApplication$GameApplicationService, class com.almasb.fxgl.app.services.FXGLDialogService, class com.almasb.fxgl.app.services.IOTaskExecutorService, class com.almasb.fxgl.event.EventBusService, class com.almasb.fxgl.io.FileSystemService, class com.almasb.fxgl.localization.LocalizationService, class com.almasb.fxgl.app.services.SystemBundleService, class com.almasb.fxgl.profile.SaveLoadService, class com.almasb.fxgl.ui.FXGLUIFactoryServiceProvider, class com.almasb.fxgl.ui.FXGLDialogFactoryServiceProvider, class com.almasb.fxgl.audio.AudioPlayer, class com.almasb.fxgl.notification.impl.NotificationServiceProvider, class com.almasb.fxgl.achievement.AchievementService, class com.almasb.fxgl.cutscene.CutsceneService, class com.almasb.fxgl.minigames.MiniGameService, class com.almasb.fxgl.net.NetService, class com.almasb.fxgl.app.services.UpdaterService, class com.almasb.fxgl.dev.DevService]
13:28:48.973 [FXGL Background Thread 3 ] DEBUG Engine               - fontGame: Abel-Regular.ttf
13:28:48.974 [FXGL Background Thread 3 ] DEBUG Engine               - fontMono: lucida_console.ttf
13:28:48.974 [FXGL Background Thread 3 ] DEBUG Engine               - fontText: Courier-Prime.ttf
13:28:48.974 [FXGL Background Thread 3 ] DEBUG Engine               - fontUI: VarelaRound-Regular.ttf
13:28:48.975 [FXGL Background Thread 3 ] DEBUG Engine               - fullScreen: BooleanProperty [value: false]
13:28:48.975 [FXGL Background Thread 3 ] DEBUG Engine               - gameDifficulty: MEDIUM
13:28:48.976 [FXGL Background Thread 3 ] DEBUG Engine               - gameDifficultyProperty: ObjectProperty [value: MEDIUM]
13:28:48.976 [FXGL Background Thread 3 ] DEBUG Engine               - globalMusicVolume: 0.5
13:28:48.976 [FXGL Background Thread 3 ] DEBUG Engine               - globalMusicVolumeProperty: DoubleProperty [value: 0.5]
13:28:48.977 [FXGL Background Thread 3 ] DEBUG Engine               - globalSoundVolume: 0.5
13:28:48.977 [FXGL Background Thread 3 ] DEBUG Engine               - globalSoundVolumeProperty: DoubleProperty [value: 0.5]
13:28:48.977 [FXGL Background Thread 3 ] DEBUG Engine               - height: 700
13:28:48.978 [FXGL Background Thread 3 ] DEBUG Engine               - isAndroid: false
13:28:48.978 [FXGL Background Thread 3 ] DEBUG Engine               - isBrowser: false
13:28:48.980 [FXGL Background Thread 3 ] DEBUG Engine               - isClickFeedbackEnabled: false
13:28:48.980 [FXGL Background Thread 3 ] DEBUG Engine               - isCloseConfirmation: false
13:28:48.985 [FXGL Background Thread 3 ] DEBUG Engine               - isDesktop: true
13:28:48.985 [FXGL Background Thread 3 ] DEBUG Engine               - isDeveloperMenuEnabled: false
13:28:48.986 [FXGL Background Thread 3 ] DEBUG Engine               - isEntityPreloadEnabled: true
13:28:48.986 [FXGL Background Thread 3 ] DEBUG Engine               - isExperimental3D: false
13:28:48.986 [FXGL Background Thread 3 ] DEBUG Engine               - isExperimentalNative: false
13:28:48.987 [FXGL Background Thread 3 ] DEBUG Engine               - isExperimentalTiledLargeMap: false
13:28:48.988 [FXGL Background Thread 3 ] DEBUG Engine               - isFileSystemWriteAllowed: true
13:28:48.989 [FXGL Background Thread 3 ] DEBUG Engine               - isFullScreenAllowed: false
13:28:48.990 [FXGL Background Thread 3 ] DEBUG Engine               - isFullScreenFromStart: false
13:28:48.990 [FXGL Background Thread 3 ] DEBUG Engine               - isGameMenuEnabled: true
13:28:48.991 [FXGL Background Thread 3 ] DEBUG Engine               - isIOS: false
13:28:48.991 [FXGL Background Thread 3 ] DEBUG Engine               - isIntroEnabled: false
13:28:48.992 [FXGL Background Thread 3 ] DEBUG Engine               - isLinux: false
13:28:48.992 [FXGL Background Thread 3 ] DEBUG Engine               - isMac: false
13:28:48.992 [FXGL Background Thread 3 ] DEBUG Engine               - isMainMenuEnabled: true
13:28:48.993 [FXGL Background Thread 3 ] DEBUG Engine               - isManualResizeEnabled: false
13:28:48.993 [FXGL Background Thread 3 ] DEBUG Engine               - isMobile: false
13:28:48.994 [FXGL Background Thread 3 ] DEBUG Engine               - isPreserveResizeRatio: false
13:28:48.994 [FXGL Background Thread 3 ] DEBUG Engine               - isProfilingEnabled: false
13:28:48.995 [FXGL Background Thread 3 ] DEBUG Engine               - isScaleAffectedOnResize: true
13:28:48.996 [FXGL Background Thread 3 ] DEBUG Engine               - isSingleStep: false
13:28:48.998 [FXGL Background Thread 3 ] DEBUG Engine               - isUserProfileEnabled: false
13:28:48.999 [FXGL Background Thread 3 ] DEBUG Engine               - isWindows: true
13:28:49.001 [FXGL Background Thread 3 ] DEBUG Engine               - language: ObjectProperty [value: ENGLISH]
13:28:49.001 [FXGL Background Thread 3 ] DEBUG Engine               - menuKey: ESCAPE
13:28:49.002 [FXGL Background Thread 3 ] DEBUG Engine               - notificationViewClass: class com.almasb.fxgl.notification.view.XboxNotificationView
13:28:49.002 [FXGL Background Thread 3 ] DEBUG Engine               - pixelsPerMeter: 50.0
13:28:49.002 [FXGL Background Thread 3 ] DEBUG Engine               - platform: WINDOWS
13:28:49.003 [FXGL Background Thread 3 ] DEBUG Engine               - prefHeightProperty: ReadOnlyDoubleProperty [value: 700.0]
13:28:49.005 [FXGL Background Thread 3 ] DEBUG Engine               - prefWidthProperty: ReadOnlyDoubleProperty [value: 1050.0]
13:28:49.005 [FXGL Background Thread 3 ] DEBUG Engine               - profileDir: profiles/
13:28:49.006 [FXGL Background Thread 3 ] DEBUG Engine               - profileName: StringProperty [value: DEFAULT]
13:28:49.006 [FXGL Background Thread 3 ] DEBUG Engine               - randomSeed: -1
13:28:49.006 [FXGL Background Thread 3 ] DEBUG Engine               - runtimeInfo: RuntimeInfo(platform=WINDOWS, version=11.14, build=01.03.2021 16.59)
13:28:49.007 [FXGL Background Thread 3 ] DEBUG Engine               - saveFileExt: sav
13:28:49.007 [FXGL Background Thread 3 ] DEBUG Engine               - scaledHeightProp$fxgl: DoubleProperty [bound, value: 700.0]
13:28:49.008 [FXGL Background Thread 3 ] DEBUG Engine               - scaledWidthProp$fxgl: DoubleProperty [bound, value: 1050.0]
13:28:49.008 [FXGL Background Thread 3 ] DEBUG Engine               - sceneFactory: com.almasb.fxgl.app.scene.SceneFactory@26a56292
13:28:49.008 [FXGL Background Thread 3 ] DEBUG Engine               - secondsIn24h: 60
13:28:49.008 [FXGL Background Thread 3 ] DEBUG Engine               - soundMenuBack: menu/back.wav
13:28:49.009 [FXGL Background Thread 3 ] DEBUG Engine               - soundMenuPress: menu/press.wav
13:28:49.009 [FXGL Background Thread 3 ] DEBUG Engine               - soundMenuSelect: menu/select.wav
13:28:49.009 [FXGL Background Thread 3 ] DEBUG Engine               - soundNotification: core/notification.wav
13:28:49.009 [FXGL Background Thread 3 ] DEBUG Engine               - stageStyle: DECORATED
13:28:49.010 [FXGL Background Thread 3 ] DEBUG Engine               - supportedLanguages: [ENGLISH, FRENCH, GERMAN, HUNGARIAN, RUSSIAN]
13:28:49.010 [FXGL Background Thread 3 ] DEBUG Engine               - ticksPerSecond: -1
13:28:49.011 [FXGL Background Thread 3 ] DEBUG Engine               - title: Demo game
13:28:49.011 [FXGL Background Thread 3 ] DEBUG Engine               - urlGithub: https://github.com/AlmasB/FXGL
13:28:49.011 [FXGL Background Thread 3 ] DEBUG Engine               - urlLeaderboard: http://fxgl-top.herokuapp.com/
13:28:49.012 [FXGL Background Thread 3 ] DEBUG Engine               - urlPOM: https://raw.githubusercontent.com/AlmasB/FXGL/release/README.md
13:28:49.016 [FXGL Background Thread 3 ] DEBUG Engine               - userAppClass: class Game
13:28:49.017 [FXGL Background Thread 3 ] DEBUG Engine               - version: 1.2
13:28:49.018 [FXGL Background Thread 3 ] DEBUG Engine               - versionCheckDays: 7
13:28:49.018 [FXGL Background Thread 3 ] DEBUG Engine               - width: 1050
13:28:49.018 [FXGL Background Thread 3 ] DEBUG Engine               - Logging services
13:28:49.018 [FXGL Background Thread 3 ] DEBUG Engine               - class com.almasb.fxgl.app.services.FXGLAssetLoaderService
13:28:49.019 [FXGL Background Thread 3 ] DEBUG Engine               - class com.almasb.fxgl.app.FXGLApplication$GameApplicationService
13:28:49.019 [FXGL Background Thread 3 ] DEBUG Engine               - class com.almasb.fxgl.app.services.FXGLDialogService
13:28:49.019 [FXGL Background Thread 3 ] DEBUG Engine               - class com.almasb.fxgl.app.services.IOTaskExecutorService
13:28:49.019 [FXGL Background Thread 3 ] DEBUG Engine               - class com.almasb.fxgl.event.EventBusService
13:28:49.019 [FXGL Background Thread 3 ] DEBUG Engine               - class com.almasb.fxgl.io.FileSystemService
13:28:49.020 [FXGL Background Thread 3 ] DEBUG Engine               - class com.almasb.fxgl.localization.LocalizationService
13:28:49.021 [FXGL Background Thread 3 ] DEBUG Engine               - class com.almasb.fxgl.app.services.SystemBundleService
13:28:49.021 [FXGL Background Thread 3 ] DEBUG Engine               - class com.almasb.fxgl.profile.SaveLoadService
13:28:49.021 [FXGL Background Thread 3 ] DEBUG Engine               - class com.almasb.fxgl.ui.FXGLUIFactoryServiceProvider
13:28:49.022 [FXGL Background Thread 3 ] DEBUG Engine               - class com.almasb.fxgl.ui.FXGLDialogFactoryServiceProvider
13:28:49.022 [FXGL Background Thread 3 ] DEBUG Engine               - class com.almasb.fxgl.audio.AudioPlayer
13:28:49.022 [FXGL Background Thread 3 ] DEBUG Engine               - class com.almasb.fxgl.notification.impl.NotificationServiceProvider
13:28:49.022 [FXGL Background Thread 3 ] DEBUG Engine               - class com.almasb.fxgl.achievement.AchievementService
13:28:49.023 [FXGL Background Thread 3 ] DEBUG Engine               - class com.almasb.fxgl.cutscene.CutsceneService
13:28:49.023 [FXGL Background Thread 3 ] DEBUG Engine               - class com.almasb.fxgl.minigames.MiniGameService
13:28:49.023 [FXGL Background Thread 3 ] DEBUG Engine               - class com.almasb.fxgl.net.NetService
13:28:49.023 [FXGL Background Thread 3 ] DEBUG Engine               - class com.almasb.fxgl.app.services.UpdaterService
13:28:49.024 [FXGL Background Thread 3 ] DEBUG Engine               - class com.almasb.fxgl.dev.DevService
13:28:51.961 [JavaFX Application Thread] DEBUG FXGLApplication      - Exiting FXGL
13:28:51.961 [JavaFX Application Thread] DEBUG LoopRunner           - Stopping loop
13:28:51.961 [JavaFX Application Thread] DEBUG SystemBundleService  - Saving FXGL system data
13:28:51.966 [JavaFX Application Thread] DEBUG FileSystemAccess     - Writing to: C:\Users\jfran\OneDrive - Hogeschool Leiden\IPOSE-Maven\system\fxgl.bundle
13:28:51.969 [JavaFX Application Thread] DEBUG Async                - Shutting down background threads
13:28:51.969 [JavaFX Application Thread] DEBUG PrimaryStageWindow   - Closing main window
13:28:52.000 [JavaFX Application Thread] DEBUG Logger               - Closing Logger
