15:42:17.639 [main                     ] DEBUG Logger               - Configured Logger
15:42:17.663 [main                     ] DEBUG GameApplication      - Logging settings
Title: A Way Out
Version: 1.2
Width: 1050
Height: 640
Fullscreen: false
Intro: false
Profiling: false
Single step:false
App Mode: DEVELOPER
Menu Key: ESCAPE
Stage Style: DECORATED
Scene Factory: class com.almasb.fxgl.app.scene.SceneFactory

15:42:18.145 [JavaFX Application Thread] DEBUG FXGLApplication      - Initializing FXGL
15:42:18.148 [JavaFX Application Thread] INFO  Engine               - FXGL-11.14 (01.03.2021 16.59) on WINDOWS (J:15.0.2 FX:15)
15:42:18.149 [JavaFX Application Thread] DEBUG Engine               - JRE Vendor Name: Amazon.com Inc.
15:42:18.150 [JavaFX Application Thread] DEBUG Engine               - Running on OS: Windows 10 version 10.0
15:42:18.150 [JavaFX Application Thread] DEBUG Engine               - Architecture: amd64
15:42:18.150 [JavaFX Application Thread] INFO  Engine               - Source code and latest versions at: https://github.com/AlmasB/FXGL
15:42:18.151 [JavaFX Application Thread] INFO  Engine               -              Join the FXGL chat at: https://gitter.im/AlmasB/FXGL
15:42:18.334 [JavaFX Application Thread] DEBUG PrimaryStageWindow   - Creating a JavaFX scene
15:42:18.400 [JavaFX Application Thread] DEBUG PrimaryStageWindow   - Target settings size: 1050.0 x 640.0
15:42:18.401 [JavaFX Application Thread] DEBUG PrimaryStageWindow   - Scaled scene size:    1050.0 x 640.0
15:42:18.401 [JavaFX Application Thread] DEBUG PrimaryStageWindow   - Scaled ratio: (1.0, 1.0)
15:42:18.403 [JavaFX Application Thread] DEBUG PrimaryStageWindow   - Set initial scene to FXGLStartupScene
15:42:18.418 [JavaFX Application Thread] DEBUG PrimaryStageWindow   - Opening main window
15:42:18.536 [JavaFX Application Thread] DEBUG PrimaryStageWindow   - Window border size: (14.6666259765625, 37.33331298828125)
15:42:18.536 [JavaFX Application Thread] DEBUG PrimaryStageWindow   - Scaled size: 1050.0 x 640.0
15:42:18.537 [JavaFX Application Thread] DEBUG PrimaryStageWindow   - Scaled ratio: (1.0, 1.0)
15:42:18.537 [JavaFX Application Thread] DEBUG PrimaryStageWindow   - Scene size: 1050.0 x 640.0
15:42:18.537 [JavaFX Application Thread] DEBUG PrimaryStageWindow   - Stage size: 1064.6666259765625 x 677.3333129882812
15:42:18.552 [FXGL Background Thread 1 ] DEBUG Engine               - Initializing environment variables
15:42:18.610 [FXGL Background Thread 1 ] DEBUG FXGLAssetLoaderServi - User app class for loading assets: class Game
15:42:18.610 [FXGL Background Thread 1 ] DEBUG GameApplicationServi - Applying CSS: fxgl_dark.css
15:42:18.613 [FXGL Background Thread 1 ] DEBUG FXGLAssetLoaderServi - Loading from file system: jar:file:/C:/Users/plane/.m2/repository/com/github/almasb/fxgl/11.14/fxgl-11.14.jar!/fxglassets/ui/css/fxgl_dark.css
15:42:18.676 [FXGL Background Thread 1 ] DEBUG GameApplicationServi - Initializing application scenes
15:42:18.745 [FXGL Background Thread 1 ] DEBUG GameWorld            - Game world initialized
15:42:18.819 [FXGL Background Thread 1 ] DEBUG PhysicsWorld         - Physics world initialized: appHeight=640, physics.ppm=50,0
15:42:18.820 [FXGL Background Thread 1 ] DEBUG PhysicsWorld         - Using strategy: BRUTE_FORCE
15:42:18.824 [FXGL Background Thread 1 ] DEBUG GameScene            - Game scene initialized: 1050x640
15:42:18.871 [FXGL Background Thread 1 ] DEBUG FXGLAssetLoaderServi - Loading from file system: jar:file:/C:/Users/plane/.m2/repository/com/github/almasb/fxgl/11.14/fxgl-11.14.jar!/fxglassets/textures/particles/trace_horizontal.png
15:42:18.931 [FXGL Background Thread 1 ] DEBUG FXGL.DefaultMenu     - createMenuBodyMainMenu()
15:42:18.953 [FXGL Background Thread 1 ] DEBUG FXGL.DefaultMenu     - createOptionsMenu()
15:42:18.961 [FXGL Background Thread 1 ] DEBUG FXGLAssetLoaderServi - Loading from file system: jar:file:/C:/Users/plane/.m2/repository/com/github/almasb/fxgl/11.14/fxgl-11.14.jar!/fxglassets/textures/particles/smoke.png
15:42:19.033 [FXGL Background Thread 1 ] DEBUG FXGL.DefaultMenu     - createMenuBodyGameMenu()
15:42:19.035 [FXGL Background Thread 1 ] DEBUG FXGL.DefaultMenu     - createOptionsMenu()
15:42:19.053 [FXGL Background Thread 1 ] DEBUG GameApplicationServi - Application scenes initialized
15:42:19.066 [FXGL Background Thread 1 ] DEBUG SystemBundleService  - Loading FXGL system data
15:42:19.073 [FXGL Background Thread 1 ] DEBUG FileSystemAccess     - Reading from: C:\Users\plane\IdeaProjects\IPOSE-Maven\system\fxgl.bundle
15:42:19.081 [FXGL Background Thread 1 ] DEBUG SystemBundleService  - Bundle FXGL: {}
15:42:19.081 [FXGL Background Thread 1 ] DEBUG UpdaterService       - Checking for updates
15:42:19.085 [FXGL Background Thread 4 ] DEBUG FXGLApplication      - Loading fonts
15:42:19.086 [FXGL Background Thread 1 ] DEBUG FXGLApplication      - Loading default localization
15:42:19.086 [FXGL Background Thread 4 ] DEBUG FXGLAssetLoaderServi - Loading from file system: jar:file:/C:/Users/plane/.m2/repository/com/github/almasb/fxgl/11.14/fxgl-11.14.jar!/fxglassets/ui/fonts/VarelaRound-Regular.ttf
15:42:19.087 [FXGL Background Thread 1 ] DEBUG FXGLAssetLoaderServi - Loading from file system: jar:file:/C:/Users/plane/.m2/repository/com/github/almasb/fxgl/11.14/fxgl-11.14.jar!/fxglassets/languages/english.lang
15:42:19.107 [FXGL Background Thread 1 ] INFO  FXGLApplication      - FXGL initialization took: 0,555 sec
15:42:19.119 [JavaFX Application Thread] DEBUG Input                - Registered new binding: Left - A
15:42:19.120 [JavaFX Application Thread] DEBUG Input                - Registered new binding: Right - D
15:42:19.121 [JavaFX Application Thread] DEBUG Input                - Registered new binding: Jump - W
15:42:19.121 [JavaFX Application Thread] DEBUG FXGLAssetLoaderServi - Loading from file system: jar:file:/C:/Users/plane/.m2/repository/com/github/almasb/fxgl/11.14/fxgl-11.14.jar!/fxglassets/textures/fxgl_icon.png
15:42:19.151 [JavaFX Application Thread] DEBUG FXGLAssetLoaderServi - Loading from file system: jar:file:/C:/Users/plane/.m2/repository/com/github/almasb/fxgl/11.14/fxgl-11.14.jar!/fxglassets/ui/cursors/fxgl_default.png
15:42:19.155 [JavaFX Application Thread] DEBUG Input                - Registered new binding: Screenshot - P
15:42:19.156 [JavaFX Application Thread] DEBUG Input                - Registered new binding: System info dump - CTRL+9
15:42:19.157 [JavaFX Application Thread] DEBUG Input                - Registered new binding: Restart - CTRL+R
15:42:19.158 [JavaFX Application Thread] DEBUG Input                - Registered new binding: Toggle Debug Camera - CTRL+C
15:42:19.163 [JavaFX Application Thread] DEBUG LoopRunner           - Starting loop
15:42:19.163 [JavaFX Application Thread] DEBUG LoopRunner           - Initializing JavaFX AnimationTimerLoop
15:42:19.168 [JavaFX Application Thread] DEBUG Input                - Clearing active input actions
15:42:19.178 [JavaFX Application Thread] DEBUG GameApplicationServi - Removing overlay from FXGLStartupScene and adding to FXGLMainMenuDummyScene
15:42:19.180 [JavaFX Application Thread] DEBUG PrimaryStageWindow   - FXGLStartupScene -> FXGLMainMenuDummyScene
15:42:19.180 [JavaFX Application Thread] DEBUG PrimaryStageWindow   - Push state: FXGLDefaultMenu
15:42:19.181 [FXGL Background Thread 4 ] DEBUG FXGLAssetLoaderServi - Loading from file system: jar:file:/C:/Users/plane/.m2/repository/com/github/almasb/fxgl/11.14/fxgl-11.14.jar!/fxglassets/ui/fonts/Abel-Regular.ttf
15:42:19.188 [JavaFX Application Thread] DEBUG Input                - Clearing active input actions
15:42:19.195 [FXGL Background Thread 4 ] DEBUG FXGLAssetLoaderServi - Loading from file system: jar:file:/C:/Users/plane/.m2/repository/com/github/almasb/fxgl/11.14/fxgl-11.14.jar!/fxglassets/ui/fonts/lucida_console.ttf
15:42:19.202 [JavaFX Application Thread] DEBUG GameApplicationServi - Removing overlay from FXGLMainMenuDummyScene and adding to FXGLDefaultMenu
15:42:19.203 [JavaFX Application Thread] DEBUG PrimaryStageWindow   - FXGLMainMenuDummyScene -> FXGLDefaultMenu
15:42:19.214 [FXGL Background Thread 4 ] DEBUG FXGLAssetLoaderServi - Loading from file system: jar:file:/C:/Users/plane/.m2/repository/com/github/almasb/fxgl/11.14/fxgl-11.14.jar!/fxglassets/ui/fonts/Courier-Prime.ttf
15:42:19.331 [JavaFX Application Thread] DEBUG FXGLApplication      - Registering font factories with UI factory
15:42:19.704 [FXGL Background Thread 2 ] INFO  UpdaterService       - Your current version:  11.14
15:42:19.704 [FXGL Background Thread 2 ] INFO  UpdaterService       - Latest stable version: 17.1
15:42:19.966 [JavaFX Application Thread] DEBUG Menu                 - fireNewGame()
15:42:19.966 [JavaFX Application Thread] DEBUG GameApplicationServi - Starting new game
15:42:19.973 [JavaFX Application Thread] DEBUG PrimaryStageWindow   - Pop state: FXGLDefaultMenu
15:42:19.973 [JavaFX Application Thread] DEBUG Input                - Clearing active input actions
15:42:19.975 [JavaFX Application Thread] DEBUG GameApplicationServi - Removing overlay from FXGLDefaultMenu and adding to FXGLMainMenuDummyScene
15:42:19.975 [JavaFX Application Thread] DEBUG PrimaryStageWindow   - FXGLMainMenuDummyScene <- FXGLDefaultMenu
15:42:19.976 [JavaFX Application Thread] DEBUG Input                - Clearing active input actions
15:42:19.990 [JavaFX Application Thread] DEBUG GameApplicationServi - Removing overlay from FXGLMainMenuDummyScene and adding to FXGLLoadingScene
15:42:19.991 [JavaFX Application Thread] DEBUG PrimaryStageWindow   - FXGLMainMenuDummyScene -> FXGLLoadingScene
15:42:19.991 [JavaFX Application Thread] DEBUG GameApplicationServi - Clearing previous game
15:42:19.992 [JavaFX Application Thread] DEBUG GameScene            - Clearing game scene
15:42:19.992 [JavaFX Application Thread] DEBUG GameWorld            - Clearing game world
15:42:19.993 [JavaFX Application Thread] DEBUG PhysicsWorld         - Clearing physics world
15:42:19.996 [FXGL Background Thread 2 ] DEBUG FXGLApplication      - Initializing game
15:42:20.055 [FXGL Background Thread 2 ] WARN  TMXLevelLoader       - TiledMap generated from 1.0.1. Supported version: 1.2.3. Some features may not be parsed fully.
15:42:20.075 [FXGL Background Thread 2 ] DEBUG TMXLevelLoader       - Parsed raw map: TiledMap(width=50, height=25, tilewidth=32, tileheight=32, orientation=orthogonal, layers=[Layer(width=50, height=25, name=Tilelaag 1, type=tilelayer, visible=false, x=0, y=0, data=[0, 0, 0, 0, 0, 0, 0, 0, 0, 0, 0, 0, 0, 0, 166, 166, 166, 0, 0, 0, 0, 0, 0, 0, 0, 0, 0, 0, 0, 0, 0, 0, 0, 0, 0, 0, 0, 0, 0, 0, 0, 0, 0, 0, 0, 0, 0, 0, 0, 0, 0, 0, 0, 0, 0, 0, 0, 0, 0, 0, 0, 0, 0, 0, 154, 155, 156, 0, 0, 0, 0, 0, 0, 0, 0, 0, 0, 0, 0, 0, 0, 0, 0, 0, 0, 0, 0, 0, 0, 0, 0, 0, 0, 0, 0, 0, 0, 0, 0, 0, 0, 0, 0, 0, 0, 0, 0, 0, 0, 0, 0, 0, 0, 0, 170, 171, 172, 0, 0, 0, 0, 0, 0, 0, 0, 0, 0, 0, 0, 0, 0, 0, 0, 0, 0, 0, 0, 0, 0, 0, 0, 0, 0, 0, 0, 0, 0, 0, 0, 0, 0, 0, 0, 0, 0, 0, 0, 0, 0, 0, 0, 0, 0, 0, 0, 0, 181, 0, 0, 0, 0, 0, 0, 0, 0, 0, 0, 0, 0, 0, 0, 0, 0, 0, 0, 0, 0, 0, 0, 0, 0, 0, 0, 0, 0, 0, 0, 0, 0, 0, 0, 0, 0, 0, 0, 0, 0, 0, 0, 0, 0, 0, 0, 0, 0, 0, 181, 0, 0, 0, 0, 0, 0, 0, 0, 0, 0, 0, 0, 0, 0, 0, 0, 0, 0, 0, 0, 0, 0, 0, 0, 0, 0, 0, 0, 0, 0, 0, 0, 0, 0, 0, 0, 0, 0, 0, 0, 0, 0, 0, 131, 0, 0, 56, 88, 150, 166, 0, 0, 0, 0, 0, 0, 0, 0, 0, 0, 0, 0, 0, 0, 0, 0, 0, 0, 0, 0, 0, 0, 0, 0, 0, 0, 0, 0, 0, 0, 0, 0, 0, 0, 0, 0, 0, 0, 0, 0, 0, 0, 0, 0, 0, 0, 0, 17, 126, 154, 0, 0, 0, 0, 0, 0, 0, 0, 0, 0, 8, 0, 0, 0, 0, 0, 0, 0, 0, 0, 0, 0, 0, 0, 0, 0, 0, 0, 0, 0, 0, 0, 0, 0, 0, 0, 0, 0, 0, 0, 0, 0, 0, 0, 0, 0, 0, 17, 185, 0, 0, 0, 0, 0, 0, 0, 0, 0, 0, 0, 24, 0, 0, 0, 0, 0, 0, 0, 0, 0, 0, 0, 0, 0, 0, 0, 0, 0, 0, 0, 0, 0, 0, 0, 0, 0, 0, 0, 0, 0, 0, 0, 0, 0, 0, 0, 0, 17, 19, 0, 0, 0, 0, 0, 0, 0, 0, 0, 0, 0, 0, 0, 0, 0, 0, 0, 0, 0, 0, 0, 0, 0, 0, 0, 0, 37, 38, 39, 40, 41, 42, 43, 44, 0, 0, 0, 0, 0, 0, 0, 0, 0, 0, 0, 0, 0, 0, 21, 22, 0, 0, 0, 0, 0, 0, 0, 0, 0, 0, 0, 0, 0, 0, 0, 403, 0, 0, 0, 0, 0, 0, 0, 0, 0, 150, 53, 54, 55, 56, 57, 58, 59, 60, 0, 0, 0, 0, 0, 0, 0, 0, 131, 0, 0, 0, 0, 0, 0, 0, 0, 0, 0, 0, 0, 0, 0, 0, 0, 0, 0, 0, 0, 0, 0, 435, 0, 0, 0, 0, 0, 0, 0, 0, 0, 0, 69, 70, 71, 72, 73, 74, 75, 76, 0, 0, 302, 0, 0, 0, 0, 0, 0, 0, 0, 0, 0, 0, 0, 0, 0, 0, 0, 0, 0, 0, 0, 0, 0, 0, 0, 0, 0, 0, 10, 11, 12, 0, 0, 0, 0, 0, 0, 0, 0, 0, 0, 86, 87, 88, 89, 90, 91, 92, 150, 0, 150, 150, 0, 0, 0, 0, 0, 0, 0, 0, 0, 0, 0, 0, 0, 0, 0, 0, 0, 0, 0, 0, 0, 0, 0, 0, 0, 0, 0, 0, 0, 0, 0, 0, 0, 0, 0, 0, 0, 378, 0, 102, 103, 104, 105, 106, 107, 108, 17, 0, 0, 19, 0, 0, 0, 0, 0, 0, 0, 0, 0, 0, 0, 0, 0, 0, 0, 0, 0, 0, 0, 0, 0, 0, 0, 0, 0, 0, 0, 0, 0, 0, 0, 0, 0, 0, 0, 0, 0, 57, 58, 0, 119, 120, 121, 122, 123, 124, 17, 166, 0, 19, 0, 0, 0, 0, 0, 0, 0, 0, 0, 0, 0, 0, 0, 0, 0, 0, 0, 0, 0, 0, 4, 5, 6, 0, 0, 0, 0, 0, 0, 0, 0, 0, 0, 0, 0, 0, 0, 73, 74, 134, 0, 136, 0, 0, 139, 140, 17, 0, 0, 19, 0, 0, 0, 0, 0, 0, 0, 0, 0, 0, 0, 0, 0, 0, 0, 0, 0, 0, 0, 0, 20, 21, 22, 0, 0, 0, 0, 0, 0, 0, 0, 0, 0, 0, 0, 57, 58, 22, 0, 150, 60, 152, 153, 0, 155, 156, 17, 0, 166, 201, 0, 0, 0, 0, 0, 0, 0, 0, 0, 0, 0, 0, 0, 0, 0, 0, 0, 0, 0, 0, 0, 0, 0, 0, 0, 0, 0, 0, 726, 727, 728, 729, 730, 0, 0, 73, 0, 0, 0, 0, 107, 168, 169, 170, 171, 172, 17, 0, 0, 217, 58, 58, 58, 58, 58, 195, 0, 0, 0, 0, 0, 0, 0, 0, 0, 0, 0, 0, 0, 0, 0, 0, 0, 0, 0, 0, 0, 0, 758, 759, 760, 761, 762, 0, 0, 73, 0, 0, 0, 0, 245, 248, 185, 186, 187, 188, 646, 0, 166, 19, 0, 0, 0, 0, 0, 0, 0, 0, 0, 0, 0, 0, 0, 0, 0, 0, 0, 0, 0, 0, 0, 0, 0, 0, 0, 0, 0, 0, 790, 791, 792, 793, 794, 87, 88, 166, 166, 184, 184, 0, 0, 0, 0, 202, 203, 204, 678, 166, 166, 19, 0, 0, 0, 0, 0, 0, 0, 0, 0, 0, 0, 0, 0, 0, 0, 0, 0, 0, 0, 0, 0, 0, 0, 0, 0, 0, 0, 0, 822, 823, 824, 825, 826, 181, 166, 166, 166, 166, 184, 0, 215, 216, 217, 218, 219, 269, 710, 166, 166, 19, 0, 0, 0, 378, 0, 0, 0, 0, 0, 0, 0, 0, 0, 0, 0, 0, 0, 0, 0, 0, 0, 0, 0, 0, 0, 0, 0, 0, 0, 855, 856, 857, 858, 181, 166, 166, 166, 166, 184, 230, 0, 0, 0, 0, 0, 301, 742, 166, 166, 94, 95, 61, 61, 61, 61, 61, 61, 61, 61, 61, 61, 61, 61, 61, 61, 61, 61, 0, 0, 0, 0, 0, 0, 0, 0, 0, 0, 0, 55, 61, 61, 61, 61, 166, 166, 166, 166, 166, 184, 61, 61, 61, 61, 61, 61, 64, 678, 166, 166, 166, 166, 166, 166, 166, 166, 166, 166, 166, 166, 166, 166, 166, 65, 66, 67, 166, 166, 0, 0, 0, 0, 0, 0, 0, 0, 0, 0, 0, 0, 103, 166, 166, 166, 166, 166, 166, 166, 166, 166, 166, 166, 166, 166, 166, 166, 81, 710, 166, 166, 166, 166, 166, 166, 166, 166, 166, 166, 166, 166, 166, 166, 166, 81, 82, 83, 166, 166, 0, 0, 0, 0, 0, 0, 0, 0, 0, 0, 0, 0, 103, 166, 166, 166, 166, 166, 166, 166, 166, 166, 166, 166, 166, 166, 166, 166, 81, 742, 34, 34, 34, 34, 34, 34, 34, 34, 34, 34, 34, 34, 34, 34, 34, 97, 98, 99, 34, 34, 0, 0, 0, 0, 0, 10, 11, 0, 0, 0, 0, 0, 103, 34, 34, 34, 34, 34, 34, 34, 34, 34, 34, 34, 34, 34, 34, 34, 249], objects=[], opacity=0.0, draworder=), Layer(width=0, height=0, name=Objectlaag 1, type=objectgroup, visible=false, x=0, y=0, data=[], objects=[com.almasb.fxgl.entity.level.tiled.TiledObject@280b721e, com.almasb.fxgl.entity.level.tiled.TiledObject@21fc6eea, com.almasb.fxgl.entity.level.tiled.TiledObject@52eaa92a, com.almasb.fxgl.entity.level.tiled.TiledObject@dc247d2, com.almasb.fxgl.entity.level.tiled.TiledObject@7eaa4ff6, com.almasb.fxgl.entity.level.tiled.TiledObject@3c63f5f7, com.almasb.fxgl.entity.level.tiled.TiledObject@3bc7a8a8, com.almasb.fxgl.entity.level.tiled.TiledObject@24a484d5, com.almasb.fxgl.entity.level.tiled.TiledObject@85dba48, com.almasb.fxgl.entity.level.tiled.TiledObject@2bb22af9, com.almasb.fxgl.entity.level.tiled.TiledObject@2d3655cf, com.almasb.fxgl.entity.level.tiled.TiledObject@2d34ee90, com.almasb.fxgl.entity.level.tiled.TiledObject@48de9e84, com.almasb.fxgl.entity.level.tiled.TiledObject@72019084, com.almasb.fxgl.entity.level.tiled.TiledObject@6d862b26, com.almasb.fxgl.entity.level.tiled.TiledObject@674c0868, com.almasb.fxgl.entity.level.tiled.TiledObject@5bda80bb, com.almasb.fxgl.entity.level.tiled.TiledObject@2521bef4, com.almasb.fxgl.entity.level.tiled.TiledObject@79a27e6d, com.almasb.fxgl.entity.level.tiled.TiledObject@7e2a3679, com.almasb.fxgl.entity.level.tiled.TiledObject@717aae5f, com.almasb.fxgl.entity.level.tiled.TiledObject@5984689a, com.almasb.fxgl.entity.level.tiled.TiledObject@33bf24d1, com.almasb.fxgl.entity.level.tiled.TiledObject@1c894521, com.almasb.fxgl.entity.level.tiled.TiledObject@382508b9, com.almasb.fxgl.entity.level.tiled.TiledObject@429f779f, com.almasb.fxgl.entity.level.tiled.TiledObject@8cc4ab1], opacity=0.0, draworder=)], tilesets=[Tileset(firstgid=1, image=../../Downloads/Pixel Art Platformer - Village Props v2.1.0/Texture/TX Tileset Ground.png, name=TX Tileset Ground, tilewidth=32, tileheight=32, imagewidth=512, imageheight=512, margin=0, spacing=0, columns=16, tilecount=256, transparentcolor=, tiles=[]), Tileset(firstgid=257, image=../../Downloads/Pixel Art Platformer - Village Props v2.1.0/Texture/TX Village Props.png, name=TX Village Props, tilewidth=32, tileheight=32, imagewidth=1024, imageheight=1024, margin=0, spacing=0, columns=32, tilecount=1024, transparentcolor=, tiles=[])], backgroundcolor=, renderorder=right-down, nextobjectid=47, version=1, tiledversion=1.0.1, type=map, infinite=false, hexsidelength=0, staggeraxis=, staggerindex=, properties={}, propertytypes={})
15:42:20.076 [FXGL Background Thread 2 ] DEBUG TMXLevelLoader       - Creating tile layer entities
15:42:20.078 [FXGL Background Thread 2 ] DEBUG TilesetLoader        - Loading view for layer Tilelaag 1
15:42:20.083 [FXGL Background Thread 2 ] DEBUG TilesetLoader        - Created buffer with size 1600.0x800.0
15:42:20.118 [FXGL Background Thread 2 ] DEBUG TilesetLoader        - Writing to buffer: dst=448,0, w=32,h=32, src=160,320
15:42:20.119 [FXGL Background Thread 2 ] DEBUG TilesetLoader        - Writing to buffer: dst=480,0, w=32,h=32, src=160,320
15:42:20.119 [FXGL Background Thread 2 ] DEBUG TilesetLoader        - Writing to buffer: dst=512,0, w=32,h=32, src=160,320
15:42:20.119 [FXGL Background Thread 2 ] DEBUG TilesetLoader        - Writing to buffer: dst=448,32, w=32,h=32, src=288,288
15:42:20.119 [FXGL Background Thread 2 ] DEBUG TilesetLoader        - Writing to buffer: dst=480,32, w=32,h=32, src=320,288
15:42:20.120 [FXGL Background Thread 2 ] DEBUG TilesetLoader        - Writing to buffer: dst=512,32, w=32,h=32, src=352,288
15:42:20.120 [FXGL Background Thread 2 ] DEBUG TilesetLoader        - Writing to buffer: dst=448,64, w=32,h=32, src=288,320
15:42:20.120 [FXGL Background Thread 2 ] DEBUG TilesetLoader        - Writing to buffer: dst=480,64, w=32,h=32, src=320,320
15:42:20.121 [FXGL Background Thread 2 ] DEBUG TilesetLoader        - Writing to buffer: dst=512,64, w=32,h=32, src=352,320
15:42:20.121 [FXGL Background Thread 2 ] DEBUG TilesetLoader        - Writing to buffer: dst=512,96, w=32,h=32, src=128,352
15:42:20.121 [FXGL Background Thread 2 ] DEBUG TilesetLoader        - Writing to buffer: dst=512,128, w=32,h=32, src=128,352
15:42:20.121 [FXGL Background Thread 2 ] DEBUG TilesetLoader        - Writing to buffer: dst=320,160, w=32,h=32, src=64,256
15:42:20.122 [FXGL Background Thread 2 ] DEBUG TilesetLoader        - Writing to buffer: dst=416,160, w=32,h=32, src=224,96
15:42:20.122 [FXGL Background Thread 2 ] DEBUG TilesetLoader        - Writing to buffer: dst=448,160, w=32,h=32, src=224,160
15:42:20.122 [FXGL Background Thread 2 ] DEBUG TilesetLoader        - Writing to buffer: dst=480,160, w=32,h=32, src=160,288
15:42:20.122 [FXGL Background Thread 2 ] DEBUG TilesetLoader        - Writing to buffer: dst=512,160, w=32,h=32, src=160,320
15:42:20.123 [FXGL Background Thread 2 ] DEBUG TilesetLoader        - Writing to buffer: dst=448,192, w=32,h=32, src=0,32
15:42:20.123 [FXGL Background Thread 2 ] DEBUG TilesetLoader        - Writing to buffer: dst=480,192, w=32,h=32, src=416,224
15:42:20.123 [FXGL Background Thread 2 ] DEBUG TilesetLoader        - Writing to buffer: dst=512,192, w=32,h=32, src=288,288
15:42:20.123 [FXGL Background Thread 2 ] DEBUG TilesetLoader        - Writing to buffer: dst=864,192, w=32,h=32, src=224,0
15:42:20.123 [FXGL Background Thread 2 ] DEBUG TilesetLoader        - Writing to buffer: dst=448,224, w=32,h=32, src=0,32
15:42:20.124 [FXGL Background Thread 2 ] DEBUG TilesetLoader        - Writing to buffer: dst=480,224, w=32,h=32, src=256,352
15:42:20.125 [FXGL Background Thread 2 ] DEBUG TilesetLoader        - Writing to buffer: dst=864,224, w=32,h=32, src=224,32
15:42:20.125 [FXGL Background Thread 2 ] DEBUG TilesetLoader        - Writing to buffer: dst=448,256, w=32,h=32, src=0,32
15:42:20.125 [FXGL Background Thread 2 ] DEBUG TilesetLoader        - Writing to buffer: dst=480,256, w=32,h=32, src=64,32
15:42:20.125 [FXGL Background Thread 2 ] DEBUG TilesetLoader        - Writing to buffer: dst=1344,256, w=32,h=32, src=128,64
15:42:20.126 [FXGL Background Thread 2 ] DEBUG TilesetLoader        - Writing to buffer: dst=1376,256, w=32,h=32, src=160,64
15:42:20.127 [FXGL Background Thread 2 ] DEBUG TilesetLoader        - Writing to buffer: dst=1408,256, w=32,h=32, src=192,64
15:42:20.127 [FXGL Background Thread 2 ] DEBUG TilesetLoader        - Writing to buffer: dst=1440,256, w=32,h=32, src=224,64
15:42:20.127 [FXGL Background Thread 2 ] DEBUG TilesetLoader        - Writing to buffer: dst=1472,256, w=32,h=32, src=256,64
15:42:20.128 [FXGL Background Thread 2 ] DEBUG TilesetLoader        - Writing to buffer: dst=1504,256, w=32,h=32, src=288,64
15:42:20.128 [FXGL Background Thread 2 ] DEBUG TilesetLoader        - Writing to buffer: dst=1536,256, w=32,h=32, src=320,64
15:42:20.128 [FXGL Background Thread 2 ] DEBUG TilesetLoader        - Writing to buffer: dst=1568,256, w=32,h=32, src=352,64
15:42:20.129 [FXGL Background Thread 2 ] DEBUG TilesetLoader        - Writing to buffer: dst=448,288, w=32,h=32, src=128,32
15:42:20.129 [FXGL Background Thread 2 ] DEBUG TilesetLoader        - Writing to buffer: dst=480,288, w=32,h=32, src=160,32
15:42:20.229 [FXGL Background Thread 2 ] DEBUG TilesetLoader        - Writing to buffer: dst=992,288, w=32,h=32, src=576,128
15:42:20.230 [FXGL Background Thread 2 ] DEBUG TilesetLoader        - Writing to buffer: dst=1312,288, w=32,h=32, src=160,288
15:42:20.231 [FXGL Background Thread 2 ] DEBUG TilesetLoader        - Writing to buffer: dst=1344,288, w=32,h=32, src=128,96
15:42:20.232 [FXGL Background Thread 2 ] DEBUG TilesetLoader        - Writing to buffer: dst=1376,288, w=32,h=32, src=160,96
15:42:20.232 [FXGL Background Thread 2 ] DEBUG TilesetLoader        - Writing to buffer: dst=1408,288, w=32,h=32, src=192,96
15:42:20.232 [FXGL Background Thread 2 ] DEBUG TilesetLoader        - Writing to buffer: dst=1440,288, w=32,h=32, src=224,96
15:42:20.233 [FXGL Background Thread 2 ] DEBUG TilesetLoader        - Writing to buffer: dst=1472,288, w=32,h=32, src=256,96
15:42:20.233 [FXGL Background Thread 2 ] DEBUG TilesetLoader        - Writing to buffer: dst=1504,288, w=32,h=32, src=288,96
15:42:20.233 [FXGL Background Thread 2 ] DEBUG TilesetLoader        - Writing to buffer: dst=1536,288, w=32,h=32, src=320,96
15:42:20.233 [FXGL Background Thread 2 ] DEBUG TilesetLoader        - Writing to buffer: dst=1568,288, w=32,h=32, src=352,96
15:42:20.234 [FXGL Background Thread 2 ] DEBUG TilesetLoader        - Writing to buffer: dst=256,320, w=32,h=32, src=64,256
15:42:20.234 [FXGL Background Thread 2 ] DEBUG TilesetLoader        - Writing to buffer: dst=992,320, w=32,h=32, src=576,160
15:42:20.234 [FXGL Background Thread 2 ] DEBUG TilesetLoader        - Writing to buffer: dst=1344,320, w=32,h=32, src=128,128
15:42:20.234 [FXGL Background Thread 2 ] DEBUG TilesetLoader        - Writing to buffer: dst=1376,320, w=32,h=32, src=160,128
15:42:20.235 [FXGL Background Thread 2 ] DEBUG TilesetLoader        - Writing to buffer: dst=1408,320, w=32,h=32, src=192,128
15:42:20.235 [FXGL Background Thread 2 ] DEBUG TilesetLoader        - Writing to buffer: dst=1440,320, w=32,h=32, src=224,128
15:42:20.235 [FXGL Background Thread 2 ] DEBUG TilesetLoader        - Writing to buffer: dst=1472,320, w=32,h=32, src=256,128
15:42:20.236 [FXGL Background Thread 2 ] DEBUG TilesetLoader        - Writing to buffer: dst=1504,320, w=32,h=32, src=288,128
15:42:20.236 [FXGL Background Thread 2 ] DEBUG TilesetLoader        - Writing to buffer: dst=1536,320, w=32,h=32, src=320,128
15:42:20.236 [FXGL Background Thread 2 ] DEBUG TilesetLoader        - Writing to buffer: dst=1568,320, w=32,h=32, src=352,128
15:42:20.236 [FXGL Background Thread 2 ] DEBUG TilesetLoader        - Writing to buffer: dst=64,352, w=32,h=32, src=416,32
15:42:20.236 [FXGL Background Thread 2 ] DEBUG TilesetLoader        - Writing to buffer: dst=960,352, w=32,h=32, src=288,0
15:42:20.237 [FXGL Background Thread 2 ] DEBUG TilesetLoader        - Writing to buffer: dst=992,352, w=32,h=32, src=320,0
15:42:20.237 [FXGL Background Thread 2 ] DEBUG TilesetLoader        - Writing to buffer: dst=1024,352, w=32,h=32, src=352,0
15:42:20.237 [FXGL Background Thread 2 ] DEBUG TilesetLoader        - Writing to buffer: dst=1376,352, w=32,h=32, src=160,160
15:42:20.237 [FXGL Background Thread 2 ] DEBUG TilesetLoader        - Writing to buffer: dst=1408,352, w=32,h=32, src=192,160
15:42:20.237 [FXGL Background Thread 2 ] DEBUG TilesetLoader        - Writing to buffer: dst=1440,352, w=32,h=32, src=224,160
15:42:20.238 [FXGL Background Thread 2 ] DEBUG TilesetLoader        - Writing to buffer: dst=1472,352, w=32,h=32, src=256,160
15:42:20.238 [FXGL Background Thread 2 ] DEBUG TilesetLoader        - Writing to buffer: dst=1504,352, w=32,h=32, src=288,160
15:42:20.238 [FXGL Background Thread 2 ] DEBUG TilesetLoader        - Writing to buffer: dst=1536,352, w=32,h=32, src=320,160
15:42:20.238 [FXGL Background Thread 2 ] DEBUG TilesetLoader        - Writing to buffer: dst=1568,352, w=32,h=32, src=352,160
15:42:20.238 [FXGL Background Thread 2 ] DEBUG TilesetLoader        - Writing to buffer: dst=0,384, w=32,h=32, src=160,288
15:42:20.239 [FXGL Background Thread 2 ] DEBUG TilesetLoader        - Writing to buffer: dst=64,384, w=32,h=32, src=160,288
15:42:20.239 [FXGL Background Thread 2 ] DEBUG TilesetLoader        - Writing to buffer: dst=96,384, w=32,h=32, src=160,288
15:42:20.239 [FXGL Background Thread 2 ] DEBUG TilesetLoader        - Writing to buffer: dst=1312,384, w=32,h=32, src=800,96
15:42:20.239 [FXGL Background Thread 2 ] DEBUG TilesetLoader        - Writing to buffer: dst=1376,384, w=32,h=32, src=160,192
15:42:20.240 [FXGL Background Thread 2 ] DEBUG TilesetLoader        - Writing to buffer: dst=1408,384, w=32,h=32, src=192,192
15:42:20.240 [FXGL Background Thread 2 ] DEBUG TilesetLoader        - Writing to buffer: dst=1440,384, w=32,h=32, src=224,192
15:42:20.240 [FXGL Background Thread 2 ] DEBUG TilesetLoader        - Writing to buffer: dst=1472,384, w=32,h=32, src=256,192
15:42:20.240 [FXGL Background Thread 2 ] DEBUG TilesetLoader        - Writing to buffer: dst=1504,384, w=32,h=32, src=288,192
15:42:20.240 [FXGL Background Thread 2 ] DEBUG TilesetLoader        - Writing to buffer: dst=1536,384, w=32,h=32, src=320,192
15:42:20.240 [FXGL Background Thread 2 ] DEBUG TilesetLoader        - Writing to buffer: dst=1568,384, w=32,h=32, src=352,192
15:42:20.241 [FXGL Background Thread 2 ] DEBUG TilesetLoader        - Writing to buffer: dst=0,416, w=32,h=32, src=0,32
15:42:20.241 [FXGL Background Thread 2 ] DEBUG TilesetLoader        - Writing to buffer: dst=96,416, w=32,h=32, src=64,32
15:42:20.241 [FXGL Background Thread 2 ] DEBUG TilesetLoader        - Writing to buffer: dst=1312,416, w=32,h=32, src=256,96
15:42:20.242 [FXGL Background Thread 2 ] DEBUG TilesetLoader        - Writing to buffer: dst=1344,416, w=32,h=32, src=288,96
15:42:20.242 [FXGL Background Thread 2 ] DEBUG TilesetLoader        - Writing to buffer: dst=1408,416, w=32,h=32, src=192,224
15:42:20.242 [FXGL Background Thread 2 ] DEBUG TilesetLoader        - Writing to buffer: dst=1440,416, w=32,h=32, src=224,224
15:42:20.243 [FXGL Background Thread 2 ] DEBUG TilesetLoader        - Writing to buffer: dst=1472,416, w=32,h=32, src=256,224
15:42:20.243 [FXGL Background Thread 2 ] DEBUG TilesetLoader        - Writing to buffer: dst=1504,416, w=32,h=32, src=288,224
15:42:20.243 [FXGL Background Thread 2 ] DEBUG TilesetLoader        - Writing to buffer: dst=1536,416, w=32,h=32, src=320,224
15:42:20.244 [FXGL Background Thread 2 ] DEBUG TilesetLoader        - Writing to buffer: dst=1568,416, w=32,h=32, src=352,224
15:42:20.245 [FXGL Background Thread 2 ] DEBUG TilesetLoader        - Writing to buffer: dst=0,448, w=32,h=32, src=0,32
15:42:20.245 [FXGL Background Thread 2 ] DEBUG TilesetLoader        - Writing to buffer: dst=32,448, w=32,h=32, src=160,320
15:42:20.245 [FXGL Background Thread 2 ] DEBUG TilesetLoader        - Writing to buffer: dst=96,448, w=32,h=32, src=64,32
15:42:20.245 [FXGL Background Thread 2 ] DEBUG TilesetLoader        - Writing to buffer: dst=768,448, w=32,h=32, src=96,0
15:42:20.246 [FXGL Background Thread 2 ] DEBUG TilesetLoader        - Writing to buffer: dst=800,448, w=32,h=32, src=128,0
15:42:20.246 [FXGL Background Thread 2 ] DEBUG TilesetLoader        - Writing to buffer: dst=832,448, w=32,h=32, src=160,0
15:42:20.247 [FXGL Background Thread 2 ] DEBUG TilesetLoader        - Writing to buffer: dst=1312,448, w=32,h=32, src=256,128
15:42:20.248 [FXGL Background Thread 2 ] DEBUG TilesetLoader        - Writing to buffer: dst=1344,448, w=32,h=32, src=288,128
15:42:20.248 [FXGL Background Thread 2 ] DEBUG TilesetLoader        - Writing to buffer: dst=1376,448, w=32,h=32, src=160,256
15:42:20.249 [FXGL Background Thread 2 ] DEBUG TilesetLoader        - Writing to buffer: dst=1440,448, w=32,h=32, src=224,256
15:42:20.249 [FXGL Background Thread 2 ] DEBUG TilesetLoader        - Writing to buffer: dst=1536,448, w=32,h=32, src=320,256
15:42:20.249 [FXGL Background Thread 2 ] DEBUG TilesetLoader        - Writing to buffer: dst=1568,448, w=32,h=32, src=352,256
15:42:20.250 [FXGL Background Thread 2 ] DEBUG TilesetLoader        - Writing to buffer: dst=0,480, w=32,h=32, src=0,32
15:42:20.250 [FXGL Background Thread 2 ] DEBUG TilesetLoader        - Writing to buffer: dst=96,480, w=32,h=32, src=64,32
15:42:20.250 [FXGL Background Thread 2 ] DEBUG TilesetLoader        - Writing to buffer: dst=768,480, w=32,h=32, src=96,32
15:42:20.250 [FXGL Background Thread 2 ] DEBUG TilesetLoader        - Writing to buffer: dst=800,480, w=32,h=32, src=128,32
15:42:20.250 [FXGL Background Thread 2 ] DEBUG TilesetLoader        - Writing to buffer: dst=832,480, w=32,h=32, src=160,32
15:42:20.250 [FXGL Background Thread 2 ] DEBUG TilesetLoader        - Writing to buffer: dst=1248,480, w=32,h=32, src=256,96
15:42:20.251 [FXGL Background Thread 2 ] DEBUG TilesetLoader        - Writing to buffer: dst=1280,480, w=32,h=32, src=288,96
15:42:20.251 [FXGL Background Thread 2 ] DEBUG TilesetLoader        - Writing to buffer: dst=1312,480, w=32,h=32, src=160,32
15:42:20.251 [FXGL Background Thread 2 ] DEBUG TilesetLoader        - Writing to buffer: dst=1376,480, w=32,h=32, src=160,288
15:42:20.251 [FXGL Background Thread 2 ] DEBUG TilesetLoader        - Writing to buffer: dst=1408,480, w=32,h=32, src=352,96
15:42:20.251 [FXGL Background Thread 2 ] DEBUG TilesetLoader        - Writing to buffer: dst=1440,480, w=32,h=32, src=224,288
15:42:20.251 [FXGL Background Thread 2 ] DEBUG TilesetLoader        - Writing to buffer: dst=1472,480, w=32,h=32, src=256,288
15:42:20.252 [FXGL Background Thread 2 ] DEBUG TilesetLoader        - Writing to buffer: dst=1536,480, w=32,h=32, src=320,288
15:42:20.252 [FXGL Background Thread 2 ] DEBUG TilesetLoader        - Writing to buffer: dst=1568,480, w=32,h=32, src=352,288
15:42:20.252 [FXGL Background Thread 2 ] DEBUG TilesetLoader        - Writing to buffer: dst=0,512, w=32,h=32, src=0,32
15:42:20.252 [FXGL Background Thread 2 ] DEBUG TilesetLoader        - Writing to buffer: dst=64,512, w=32,h=32, src=160,320
15:42:20.253 [FXGL Background Thread 2 ] DEBUG TilesetLoader        - Writing to buffer: dst=96,512, w=32,h=32, src=256,384
15:42:20.253 [FXGL Background Thread 2 ] DEBUG TilesetLoader        - Writing to buffer: dst=1024,512, w=32,h=32, src=672,448
15:42:20.253 [FXGL Background Thread 2 ] DEBUG TilesetLoader        - Writing to buffer: dst=1056,512, w=32,h=32, src=704,448
15:42:20.254 [FXGL Background Thread 2 ] DEBUG TilesetLoader        - Writing to buffer: dst=1088,512, w=32,h=32, src=736,448
15:42:20.254 [FXGL Background Thread 2 ] DEBUG TilesetLoader        - Writing to buffer: dst=1120,512, w=32,h=32, src=768,448
15:42:20.254 [FXGL Background Thread 2 ] DEBUG TilesetLoader        - Writing to buffer: dst=1152,512, w=32,h=32, src=800,448
15:42:20.254 [FXGL Background Thread 2 ] DEBUG TilesetLoader        - Writing to buffer: dst=1248,512, w=32,h=32, src=256,128
15:42:20.254 [FXGL Background Thread 2 ] DEBUG TilesetLoader        - Writing to buffer: dst=1408,512, w=32,h=32, src=320,192
15:42:20.255 [FXGL Background Thread 2 ] DEBUG TilesetLoader        - Writing to buffer: dst=1440,512, w=32,h=32, src=224,320
15:42:20.255 [FXGL Background Thread 2 ] DEBUG TilesetLoader        - Writing to buffer: dst=1472,512, w=32,h=32, src=256,320
15:42:20.255 [FXGL Background Thread 2 ] DEBUG TilesetLoader        - Writing to buffer: dst=1504,512, w=32,h=32, src=288,320
15:42:20.255 [FXGL Background Thread 2 ] DEBUG TilesetLoader        - Writing to buffer: dst=1536,512, w=32,h=32, src=320,320
15:42:20.255 [FXGL Background Thread 2 ] DEBUG TilesetLoader        - Writing to buffer: dst=1568,512, w=32,h=32, src=352,320
15:42:20.255 [FXGL Background Thread 2 ] DEBUG TilesetLoader        - Writing to buffer: dst=0,544, w=32,h=32, src=0,32
15:42:20.256 [FXGL Background Thread 2 ] DEBUG TilesetLoader        - Writing to buffer: dst=96,544, w=32,h=32, src=256,416
15:42:20.256 [FXGL Background Thread 2 ] DEBUG TilesetLoader        - Writing to buffer: dst=128,544, w=32,h=32, src=288,96
15:42:20.256 [FXGL Background Thread 2 ] DEBUG TilesetLoader        - Writing to buffer: dst=160,544, w=32,h=32, src=288,96
15:42:20.256 [FXGL Background Thread 2 ] DEBUG TilesetLoader        - Writing to buffer: dst=192,544, w=32,h=32, src=288,96
15:42:20.256 [FXGL Background Thread 2 ] DEBUG TilesetLoader        - Writing to buffer: dst=224,544, w=32,h=32, src=288,96
15:42:20.257 [FXGL Background Thread 2 ] DEBUG TilesetLoader        - Writing to buffer: dst=256,544, w=32,h=32, src=288,96
15:42:20.257 [FXGL Background Thread 2 ] DEBUG TilesetLoader        - Writing to buffer: dst=288,544, w=32,h=32, src=64,384
15:42:20.257 [FXGL Background Thread 2 ] DEBUG TilesetLoader        - Writing to buffer: dst=1024,544, w=32,h=32, src=672,480
15:42:20.257 [FXGL Background Thread 2 ] DEBUG TilesetLoader        - Writing to buffer: dst=1056,544, w=32,h=32, src=704,480
15:42:20.258 [FXGL Background Thread 2 ] DEBUG TilesetLoader        - Writing to buffer: dst=1088,544, w=32,h=32, src=736,480
15:42:20.258 [FXGL Background Thread 2 ] DEBUG TilesetLoader        - Writing to buffer: dst=1120,544, w=32,h=32, src=768,480
15:42:20.258 [FXGL Background Thread 2 ] DEBUG TilesetLoader        - Writing to buffer: dst=1152,544, w=32,h=32, src=800,480
15:42:20.258 [FXGL Background Thread 2 ] DEBUG TilesetLoader        - Writing to buffer: dst=1248,544, w=32,h=32, src=256,128
15:42:20.259 [FXGL Background Thread 2 ] DEBUG TilesetLoader        - Writing to buffer: dst=1408,544, w=32,h=32, src=128,480
15:42:20.259 [FXGL Background Thread 2 ] DEBUG TilesetLoader        - Writing to buffer: dst=1440,544, w=32,h=32, src=224,480
15:42:20.260 [FXGL Background Thread 2 ] DEBUG TilesetLoader        - Writing to buffer: dst=1472,544, w=32,h=32, src=256,352
15:42:20.261 [FXGL Background Thread 2 ] DEBUG TilesetLoader        - Writing to buffer: dst=1504,544, w=32,h=32, src=288,352
15:42:20.261 [FXGL Background Thread 2 ] DEBUG TilesetLoader        - Writing to buffer: dst=1536,544, w=32,h=32, src=320,352
15:42:20.262 [FXGL Background Thread 2 ] DEBUG TilesetLoader        - Writing to buffer: dst=1568,544, w=32,h=32, src=352,352
15:42:20.262 [FXGL Background Thread 2 ] DEBUG TilesetLoader        - Writing to buffer: dst=0,576, w=32,h=32, src=160,384
15:42:20.263 [FXGL Background Thread 2 ] DEBUG TilesetLoader        - Writing to buffer: dst=64,576, w=32,h=32, src=160,320
15:42:20.263 [FXGL Background Thread 2 ] DEBUG TilesetLoader        - Writing to buffer: dst=96,576, w=32,h=32, src=64,32
15:42:20.264 [FXGL Background Thread 2 ] DEBUG TilesetLoader        - Writing to buffer: dst=1024,576, w=32,h=32, src=672,512
15:42:20.266 [FXGL Background Thread 2 ] DEBUG TilesetLoader        - Writing to buffer: dst=1056,576, w=32,h=32, src=704,512
15:42:20.266 [FXGL Background Thread 2 ] DEBUG TilesetLoader        - Writing to buffer: dst=1088,576, w=32,h=32, src=736,512
15:42:20.266 [FXGL Background Thread 2 ] DEBUG TilesetLoader        - Writing to buffer: dst=1120,576, w=32,h=32, src=768,512
15:42:20.267 [FXGL Background Thread 2 ] DEBUG TilesetLoader        - Writing to buffer: dst=1152,576, w=32,h=32, src=800,512
15:42:20.267 [FXGL Background Thread 2 ] DEBUG TilesetLoader        - Writing to buffer: dst=1184,576, w=32,h=32, src=192,160
15:42:20.267 [FXGL Background Thread 2 ] DEBUG TilesetLoader        - Writing to buffer: dst=1216,576, w=32,h=32, src=224,160
15:42:20.267 [FXGL Background Thread 2 ] DEBUG TilesetLoader        - Writing to buffer: dst=1248,576, w=32,h=32, src=160,320
15:42:20.267 [FXGL Background Thread 2 ] DEBUG TilesetLoader        - Writing to buffer: dst=1280,576, w=32,h=32, src=160,320
15:42:20.268 [FXGL Background Thread 2 ] DEBUG TilesetLoader        - Writing to buffer: dst=1312,576, w=32,h=32, src=224,352
15:42:20.268 [FXGL Background Thread 2 ] DEBUG TilesetLoader        - Writing to buffer: dst=1344,576, w=32,h=32, src=224,352
15:42:20.268 [FXGL Background Thread 2 ] DEBUG TilesetLoader        - Writing to buffer: dst=1504,576, w=32,h=32, src=288,384
15:42:20.268 [FXGL Background Thread 2 ] DEBUG TilesetLoader        - Writing to buffer: dst=1536,576, w=32,h=32, src=320,384
15:42:20.268 [FXGL Background Thread 2 ] DEBUG TilesetLoader        - Writing to buffer: dst=1568,576, w=32,h=32, src=352,384
15:42:20.268 [FXGL Background Thread 2 ] DEBUG TilesetLoader        - Writing to buffer: dst=0,608, w=32,h=32, src=160,416
15:42:20.269 [FXGL Background Thread 2 ] DEBUG TilesetLoader        - Writing to buffer: dst=32,608, w=32,h=32, src=160,320
15:42:20.269 [FXGL Background Thread 2 ] DEBUG TilesetLoader        - Writing to buffer: dst=64,608, w=32,h=32, src=160,320
15:42:20.269 [FXGL Background Thread 2 ] DEBUG TilesetLoader        - Writing to buffer: dst=96,608, w=32,h=32, src=64,32
15:42:20.269 [FXGL Background Thread 2 ] DEBUG TilesetLoader        - Writing to buffer: dst=1024,608, w=32,h=32, src=672,544
15:42:20.269 [FXGL Background Thread 2 ] DEBUG TilesetLoader        - Writing to buffer: dst=1056,608, w=32,h=32, src=704,544
15:42:20.270 [FXGL Background Thread 2 ] DEBUG TilesetLoader        - Writing to buffer: dst=1088,608, w=32,h=32, src=736,544
15:42:20.270 [FXGL Background Thread 2 ] DEBUG TilesetLoader        - Writing to buffer: dst=1120,608, w=32,h=32, src=768,544
15:42:20.270 [FXGL Background Thread 2 ] DEBUG TilesetLoader        - Writing to buffer: dst=1152,608, w=32,h=32, src=800,544
15:42:20.270 [FXGL Background Thread 2 ] DEBUG TilesetLoader        - Writing to buffer: dst=1184,608, w=32,h=32, src=128,352
15:42:20.271 [FXGL Background Thread 2 ] DEBUG TilesetLoader        - Writing to buffer: dst=1216,608, w=32,h=32, src=160,320
15:42:20.271 [FXGL Background Thread 2 ] DEBUG TilesetLoader        - Writing to buffer: dst=1248,608, w=32,h=32, src=160,320
15:42:20.271 [FXGL Background Thread 2 ] DEBUG TilesetLoader        - Writing to buffer: dst=1280,608, w=32,h=32, src=160,320
15:42:20.271 [FXGL Background Thread 2 ] DEBUG TilesetLoader        - Writing to buffer: dst=1312,608, w=32,h=32, src=160,320
15:42:20.271 [FXGL Background Thread 2 ] DEBUG TilesetLoader        - Writing to buffer: dst=1344,608, w=32,h=32, src=224,352
15:42:20.271 [FXGL Background Thread 2 ] DEBUG TilesetLoader        - Writing to buffer: dst=1408,608, w=32,h=32, src=192,416
15:42:20.272 [FXGL Background Thread 2 ] DEBUG TilesetLoader        - Writing to buffer: dst=1440,608, w=32,h=32, src=224,416
15:42:20.272 [FXGL Background Thread 2 ] DEBUG TilesetLoader        - Writing to buffer: dst=1472,608, w=32,h=32, src=256,416
15:42:20.272 [FXGL Background Thread 2 ] DEBUG TilesetLoader        - Writing to buffer: dst=1504,608, w=32,h=32, src=288,416
15:42:20.272 [FXGL Background Thread 2 ] DEBUG TilesetLoader        - Writing to buffer: dst=1536,608, w=32,h=32, src=320,416
15:42:20.272 [FXGL Background Thread 2 ] DEBUG TilesetLoader        - Writing to buffer: dst=1568,608, w=32,h=32, src=384,0
15:42:20.272 [FXGL Background Thread 2 ] DEBUG TilesetLoader        - Writing to buffer: dst=0,640, w=32,h=32, src=160,448
15:42:20.272 [FXGL Background Thread 2 ] DEBUG TilesetLoader        - Writing to buffer: dst=32,640, w=32,h=32, src=160,320
15:42:20.272 [FXGL Background Thread 2 ] DEBUG TilesetLoader        - Writing to buffer: dst=64,640, w=32,h=32, src=160,320
15:42:20.273 [FXGL Background Thread 2 ] DEBUG TilesetLoader        - Writing to buffer: dst=96,640, w=32,h=32, src=64,32
15:42:20.273 [FXGL Background Thread 2 ] DEBUG TilesetLoader        - Writing to buffer: dst=224,640, w=32,h=32, src=800,96
15:42:20.273 [FXGL Background Thread 2 ] DEBUG TilesetLoader        - Writing to buffer: dst=1056,640, w=32,h=32, src=704,576
15:42:20.273 [FXGL Background Thread 2 ] DEBUG TilesetLoader        - Writing to buffer: dst=1088,640, w=32,h=32, src=736,576
15:42:20.273 [FXGL Background Thread 2 ] DEBUG TilesetLoader        - Writing to buffer: dst=1120,640, w=32,h=32, src=768,576
15:42:20.274 [FXGL Background Thread 2 ] DEBUG TilesetLoader        - Writing to buffer: dst=1152,640, w=32,h=32, src=800,576
15:42:20.274 [FXGL Background Thread 2 ] DEBUG TilesetLoader        - Writing to buffer: dst=1184,640, w=32,h=32, src=128,352
15:42:20.274 [FXGL Background Thread 2 ] DEBUG TilesetLoader        - Writing to buffer: dst=1216,640, w=32,h=32, src=160,320
15:42:20.274 [FXGL Background Thread 2 ] DEBUG TilesetLoader        - Writing to buffer: dst=1248,640, w=32,h=32, src=160,320
15:42:20.274 [FXGL Background Thread 2 ] DEBUG TilesetLoader        - Writing to buffer: dst=1280,640, w=32,h=32, src=160,320
15:42:20.275 [FXGL Background Thread 2 ] DEBUG TilesetLoader        - Writing to buffer: dst=1312,640, w=32,h=32, src=160,320
15:42:20.275 [FXGL Background Thread 2 ] DEBUG TilesetLoader        - Writing to buffer: dst=1344,640, w=32,h=32, src=224,352
15:42:20.275 [FXGL Background Thread 2 ] DEBUG TilesetLoader        - Writing to buffer: dst=1376,640, w=32,h=32, src=160,448
15:42:20.275 [FXGL Background Thread 2 ] DEBUG TilesetLoader        - Writing to buffer: dst=1568,640, w=32,h=32, src=384,32
15:42:20.275 [FXGL Background Thread 2 ] DEBUG TilesetLoader        - Writing to buffer: dst=0,672, w=32,h=32, src=160,480
15:42:20.275 [FXGL Background Thread 2 ] DEBUG TilesetLoader        - Writing to buffer: dst=32,672, w=32,h=32, src=160,320
15:42:20.275 [FXGL Background Thread 2 ] DEBUG TilesetLoader        - Writing to buffer: dst=64,672, w=32,h=32, src=160,320
15:42:20.276 [FXGL Background Thread 2 ] DEBUG TilesetLoader        - Writing to buffer: dst=96,672, w=32,h=32, src=416,160
15:42:20.276 [FXGL Background Thread 2 ] DEBUG TilesetLoader        - Writing to buffer: dst=128,672, w=32,h=32, src=448,160
15:42:20.276 [FXGL Background Thread 2 ] DEBUG TilesetLoader        - Writing to buffer: dst=160,672, w=32,h=32, src=384,96
15:42:20.277 [FXGL Background Thread 2 ] DEBUG TilesetLoader        - Writing to buffer: dst=192,672, w=32,h=32, src=384,96
15:42:20.278 [FXGL Background Thread 2 ] DEBUG TilesetLoader        - Writing to buffer: dst=224,672, w=32,h=32, src=384,96
15:42:20.278 [FXGL Background Thread 2 ] DEBUG TilesetLoader        - Writing to buffer: dst=256,672, w=32,h=32, src=384,96
15:42:20.278 [FXGL Background Thread 2 ] DEBUG TilesetLoader        - Writing to buffer: dst=288,672, w=32,h=32, src=384,96
15:42:20.278 [FXGL Background Thread 2 ] DEBUG TilesetLoader        - Writing to buffer: dst=320,672, w=32,h=32, src=384,96
15:42:20.279 [FXGL Background Thread 2 ] DEBUG TilesetLoader        - Writing to buffer: dst=352,672, w=32,h=32, src=384,96
15:42:20.279 [FXGL Background Thread 2 ] DEBUG TilesetLoader        - Writing to buffer: dst=384,672, w=32,h=32, src=384,96
15:42:20.279 [FXGL Background Thread 2 ] DEBUG TilesetLoader        - Writing to buffer: dst=416,672, w=32,h=32, src=384,96
15:42:20.280 [FXGL Background Thread 2 ] DEBUG TilesetLoader        - Writing to buffer: dst=448,672, w=32,h=32, src=384,96
15:42:20.281 [FXGL Background Thread 2 ] DEBUG TilesetLoader        - Writing to buffer: dst=480,672, w=32,h=32, src=384,96
15:42:20.281 [FXGL Background Thread 2 ] DEBUG TilesetLoader        - Writing to buffer: dst=512,672, w=32,h=32, src=384,96
15:42:20.282 [FXGL Background Thread 2 ] DEBUG TilesetLoader        - Writing to buffer: dst=544,672, w=32,h=32, src=384,96
15:42:20.282 [FXGL Background Thread 2 ] DEBUG TilesetLoader        - Writing to buffer: dst=576,672, w=32,h=32, src=384,96
15:42:20.282 [FXGL Background Thread 2 ] DEBUG TilesetLoader        - Writing to buffer: dst=608,672, w=32,h=32, src=384,96
15:42:20.282 [FXGL Background Thread 2 ] DEBUG TilesetLoader        - Writing to buffer: dst=640,672, w=32,h=32, src=384,96
15:42:20.283 [FXGL Background Thread 2 ] DEBUG TilesetLoader        - Writing to buffer: dst=1024,672, w=32,h=32, src=192,96
15:42:20.283 [FXGL Background Thread 2 ] DEBUG TilesetLoader        - Writing to buffer: dst=1056,672, w=32,h=32, src=384,96
15:42:20.283 [FXGL Background Thread 2 ] DEBUG TilesetLoader        - Writing to buffer: dst=1088,672, w=32,h=32, src=384,96
15:42:20.283 [FXGL Background Thread 2 ] DEBUG TilesetLoader        - Writing to buffer: dst=1120,672, w=32,h=32, src=384,96
15:42:20.283 [FXGL Background Thread 2 ] DEBUG TilesetLoader        - Writing to buffer: dst=1152,672, w=32,h=32, src=384,96
15:42:20.283 [FXGL Background Thread 2 ] DEBUG TilesetLoader        - Writing to buffer: dst=1184,672, w=32,h=32, src=160,320
15:42:20.283 [FXGL Background Thread 2 ] DEBUG TilesetLoader        - Writing to buffer: dst=1216,672, w=32,h=32, src=160,320
15:42:20.283 [FXGL Background Thread 2 ] DEBUG TilesetLoader        - Writing to buffer: dst=1248,672, w=32,h=32, src=160,320
15:42:20.284 [FXGL Background Thread 2 ] DEBUG TilesetLoader        - Writing to buffer: dst=1280,672, w=32,h=32, src=160,320
15:42:20.284 [FXGL Background Thread 2 ] DEBUG TilesetLoader        - Writing to buffer: dst=1312,672, w=32,h=32, src=160,320
15:42:20.284 [FXGL Background Thread 2 ] DEBUG TilesetLoader        - Writing to buffer: dst=1344,672, w=32,h=32, src=224,352
15:42:20.284 [FXGL Background Thread 2 ] DEBUG TilesetLoader        - Writing to buffer: dst=1376,672, w=32,h=32, src=384,96
15:42:20.284 [FXGL Background Thread 2 ] DEBUG TilesetLoader        - Writing to buffer: dst=1408,672, w=32,h=32, src=384,96
15:42:20.284 [FXGL Background Thread 2 ] DEBUG TilesetLoader        - Writing to buffer: dst=1440,672, w=32,h=32, src=384,96
15:42:20.285 [FXGL Background Thread 2 ] DEBUG TilesetLoader        - Writing to buffer: dst=1472,672, w=32,h=32, src=384,96
15:42:20.285 [FXGL Background Thread 2 ] DEBUG TilesetLoader        - Writing to buffer: dst=1504,672, w=32,h=32, src=384,96
15:42:20.285 [FXGL Background Thread 2 ] DEBUG TilesetLoader        - Writing to buffer: dst=1536,672, w=32,h=32, src=384,96
15:42:20.285 [FXGL Background Thread 2 ] DEBUG TilesetLoader        - Writing to buffer: dst=1568,672, w=32,h=32, src=480,96
15:42:20.286 [FXGL Background Thread 2 ] DEBUG TilesetLoader        - Writing to buffer: dst=0,704, w=32,h=32, src=160,416
15:42:20.286 [FXGL Background Thread 2 ] DEBUG TilesetLoader        - Writing to buffer: dst=32,704, w=32,h=32, src=160,320
15:42:20.286 [FXGL Background Thread 2 ] DEBUG TilesetLoader        - Writing to buffer: dst=64,704, w=32,h=32, src=160,320
15:42:20.286 [FXGL Background Thread 2 ] DEBUG TilesetLoader        - Writing to buffer: dst=96,704, w=32,h=32, src=160,320
15:42:20.286 [FXGL Background Thread 2 ] DEBUG TilesetLoader        - Writing to buffer: dst=128,704, w=32,h=32, src=160,320
15:42:20.286 [FXGL Background Thread 2 ] DEBUG TilesetLoader        - Writing to buffer: dst=160,704, w=32,h=32, src=160,320
15:42:20.287 [FXGL Background Thread 2 ] DEBUG TilesetLoader        - Writing to buffer: dst=192,704, w=32,h=32, src=160,320
15:42:20.287 [FXGL Background Thread 2 ] DEBUG TilesetLoader        - Writing to buffer: dst=224,704, w=32,h=32, src=160,320
15:42:20.287 [FXGL Background Thread 2 ] DEBUG TilesetLoader        - Writing to buffer: dst=256,704, w=32,h=32, src=160,320
15:42:20.287 [FXGL Background Thread 2 ] DEBUG TilesetLoader        - Writing to buffer: dst=288,704, w=32,h=32, src=160,320
15:42:20.287 [FXGL Background Thread 2 ] DEBUG TilesetLoader        - Writing to buffer: dst=320,704, w=32,h=32, src=160,320
15:42:20.287 [FXGL Background Thread 2 ] DEBUG TilesetLoader        - Writing to buffer: dst=352,704, w=32,h=32, src=160,320
15:42:20.287 [FXGL Background Thread 2 ] DEBUG TilesetLoader        - Writing to buffer: dst=384,704, w=32,h=32, src=160,320
15:42:20.288 [FXGL Background Thread 2 ] DEBUG TilesetLoader        - Writing to buffer: dst=416,704, w=32,h=32, src=160,320
15:42:20.288 [FXGL Background Thread 2 ] DEBUG TilesetLoader        - Writing to buffer: dst=448,704, w=32,h=32, src=160,320
15:42:20.288 [FXGL Background Thread 2 ] DEBUG TilesetLoader        - Writing to buffer: dst=480,704, w=32,h=32, src=160,320
15:42:20.288 [FXGL Background Thread 2 ] DEBUG TilesetLoader        - Writing to buffer: dst=512,704, w=32,h=32, src=0,128
15:42:20.288 [FXGL Background Thread 2 ] DEBUG TilesetLoader        - Writing to buffer: dst=544,704, w=32,h=32, src=32,128
15:42:20.288 [FXGL Background Thread 2 ] DEBUG TilesetLoader        - Writing to buffer: dst=576,704, w=32,h=32, src=64,128
15:42:20.289 [FXGL Background Thread 2 ] DEBUG TilesetLoader        - Writing to buffer: dst=608,704, w=32,h=32, src=160,320
15:42:20.289 [FXGL Background Thread 2 ] DEBUG TilesetLoader        - Writing to buffer: dst=640,704, w=32,h=32, src=160,320
15:42:20.289 [FXGL Background Thread 2 ] DEBUG TilesetLoader        - Writing to buffer: dst=1056,704, w=32,h=32, src=192,192
15:42:20.289 [FXGL Background Thread 2 ] DEBUG TilesetLoader        - Writing to buffer: dst=1088,704, w=32,h=32, src=160,320
15:42:20.289 [FXGL Background Thread 2 ] DEBUG TilesetLoader        - Writing to buffer: dst=1120,704, w=32,h=32, src=160,320
15:42:20.289 [FXGL Background Thread 2 ] DEBUG TilesetLoader        - Writing to buffer: dst=1152,704, w=32,h=32, src=160,320
15:42:20.289 [FXGL Background Thread 2 ] DEBUG TilesetLoader        - Writing to buffer: dst=1184,704, w=32,h=32, src=160,320
15:42:20.290 [FXGL Background Thread 2 ] DEBUG TilesetLoader        - Writing to buffer: dst=1216,704, w=32,h=32, src=160,320
15:42:20.290 [FXGL Background Thread 2 ] DEBUG TilesetLoader        - Writing to buffer: dst=1248,704, w=32,h=32, src=160,320
15:42:20.290 [FXGL Background Thread 2 ] DEBUG TilesetLoader        - Writing to buffer: dst=1280,704, w=32,h=32, src=160,320
15:42:20.290 [FXGL Background Thread 2 ] DEBUG TilesetLoader        - Writing to buffer: dst=1312,704, w=32,h=32, src=160,320
15:42:20.291 [FXGL Background Thread 2 ] DEBUG TilesetLoader        - Writing to buffer: dst=1344,704, w=32,h=32, src=160,320
15:42:20.291 [FXGL Background Thread 2 ] DEBUG TilesetLoader        - Writing to buffer: dst=1376,704, w=32,h=32, src=160,320
15:42:20.292 [FXGL Background Thread 2 ] DEBUG TilesetLoader        - Writing to buffer: dst=1408,704, w=32,h=32, src=160,320
15:42:20.292 [FXGL Background Thread 2 ] DEBUG TilesetLoader        - Writing to buffer: dst=1440,704, w=32,h=32, src=160,320
15:42:20.292 [FXGL Background Thread 2 ] DEBUG TilesetLoader        - Writing to buffer: dst=1472,704, w=32,h=32, src=160,320
15:42:20.292 [FXGL Background Thread 2 ] DEBUG TilesetLoader        - Writing to buffer: dst=1504,704, w=32,h=32, src=160,320
15:42:20.292 [FXGL Background Thread 2 ] DEBUG TilesetLoader        - Writing to buffer: dst=1536,704, w=32,h=32, src=160,320
15:42:20.292 [FXGL Background Thread 2 ] DEBUG TilesetLoader        - Writing to buffer: dst=1568,704, w=32,h=32, src=0,160
15:42:20.292 [FXGL Background Thread 2 ] DEBUG TilesetLoader        - Writing to buffer: dst=0,736, w=32,h=32, src=160,448
15:42:20.292 [FXGL Background Thread 2 ] DEBUG TilesetLoader        - Writing to buffer: dst=32,736, w=32,h=32, src=160,320
15:42:20.292 [FXGL Background Thread 2 ] DEBUG TilesetLoader        - Writing to buffer: dst=64,736, w=32,h=32, src=160,320
15:42:20.292 [FXGL Background Thread 2 ] DEBUG TilesetLoader        - Writing to buffer: dst=96,736, w=32,h=32, src=160,320
15:42:20.293 [FXGL Background Thread 2 ] DEBUG TilesetLoader        - Writing to buffer: dst=128,736, w=32,h=32, src=160,320
15:42:20.293 [FXGL Background Thread 2 ] DEBUG TilesetLoader        - Writing to buffer: dst=160,736, w=32,h=32, src=160,320
15:42:20.293 [FXGL Background Thread 2 ] DEBUG TilesetLoader        - Writing to buffer: dst=192,736, w=32,h=32, src=160,320
15:42:20.294 [FXGL Background Thread 2 ] DEBUG TilesetLoader        - Writing to buffer: dst=224,736, w=32,h=32, src=160,320
15:42:20.294 [FXGL Background Thread 2 ] DEBUG TilesetLoader        - Writing to buffer: dst=256,736, w=32,h=32, src=160,320
15:42:20.294 [FXGL Background Thread 2 ] DEBUG TilesetLoader        - Writing to buffer: dst=288,736, w=32,h=32, src=160,320
15:42:20.295 [FXGL Background Thread 2 ] DEBUG TilesetLoader        - Writing to buffer: dst=320,736, w=32,h=32, src=160,320
15:42:20.295 [FXGL Background Thread 2 ] DEBUG TilesetLoader        - Writing to buffer: dst=352,736, w=32,h=32, src=160,320
15:42:20.295 [FXGL Background Thread 2 ] DEBUG TilesetLoader        - Writing to buffer: dst=384,736, w=32,h=32, src=160,320
15:42:20.295 [FXGL Background Thread 2 ] DEBUG TilesetLoader        - Writing to buffer: dst=416,736, w=32,h=32, src=160,320
15:42:20.295 [FXGL Background Thread 2 ] DEBUG TilesetLoader        - Writing to buffer: dst=448,736, w=32,h=32, src=160,320
15:42:20.295 [FXGL Background Thread 2 ] DEBUG TilesetLoader        - Writing to buffer: dst=480,736, w=32,h=32, src=160,320
15:42:20.296 [FXGL Background Thread 2 ] DEBUG TilesetLoader        - Writing to buffer: dst=512,736, w=32,h=32, src=0,160
15:42:20.296 [FXGL Background Thread 2 ] DEBUG TilesetLoader        - Writing to buffer: dst=544,736, w=32,h=32, src=32,160
15:42:20.296 [FXGL Background Thread 2 ] DEBUG TilesetLoader        - Writing to buffer: dst=576,736, w=32,h=32, src=64,160
15:42:20.297 [FXGL Background Thread 2 ] DEBUG TilesetLoader        - Writing to buffer: dst=608,736, w=32,h=32, src=160,320
15:42:20.297 [FXGL Background Thread 2 ] DEBUG TilesetLoader        - Writing to buffer: dst=640,736, w=32,h=32, src=160,320
15:42:20.297 [FXGL Background Thread 2 ] DEBUG TilesetLoader        - Writing to buffer: dst=1056,736, w=32,h=32, src=192,192
15:42:20.297 [FXGL Background Thread 2 ] DEBUG TilesetLoader        - Writing to buffer: dst=1088,736, w=32,h=32, src=160,320
15:42:20.298 [FXGL Background Thread 2 ] DEBUG TilesetLoader        - Writing to buffer: dst=1120,736, w=32,h=32, src=160,320
15:42:20.298 [FXGL Background Thread 2 ] DEBUG TilesetLoader        - Writing to buffer: dst=1152,736, w=32,h=32, src=160,320
15:42:20.298 [FXGL Background Thread 2 ] DEBUG TilesetLoader        - Writing to buffer: dst=1184,736, w=32,h=32, src=160,320
15:42:20.298 [FXGL Background Thread 2 ] DEBUG TilesetLoader        - Writing to buffer: dst=1216,736, w=32,h=32, src=160,320
15:42:20.299 [FXGL Background Thread 2 ] DEBUG TilesetLoader        - Writing to buffer: dst=1248,736, w=32,h=32, src=160,320
15:42:20.299 [FXGL Background Thread 2 ] DEBUG TilesetLoader        - Writing to buffer: dst=1280,736, w=32,h=32, src=160,320
15:42:20.299 [FXGL Background Thread 2 ] DEBUG TilesetLoader        - Writing to buffer: dst=1312,736, w=32,h=32, src=160,320
15:42:20.299 [FXGL Background Thread 2 ] DEBUG TilesetLoader        - Writing to buffer: dst=1344,736, w=32,h=32, src=160,320
15:42:20.299 [FXGL Background Thread 2 ] DEBUG TilesetLoader        - Writing to buffer: dst=1376,736, w=32,h=32, src=160,320
15:42:20.299 [FXGL Background Thread 2 ] DEBUG TilesetLoader        - Writing to buffer: dst=1408,736, w=32,h=32, src=160,320
15:42:20.299 [FXGL Background Thread 2 ] DEBUG TilesetLoader        - Writing to buffer: dst=1440,736, w=32,h=32, src=160,320
15:42:20.300 [FXGL Background Thread 2 ] DEBUG TilesetLoader        - Writing to buffer: dst=1472,736, w=32,h=32, src=160,320
15:42:20.300 [FXGL Background Thread 2 ] DEBUG TilesetLoader        - Writing to buffer: dst=1504,736, w=32,h=32, src=160,320
15:42:20.300 [FXGL Background Thread 2 ] DEBUG TilesetLoader        - Writing to buffer: dst=1536,736, w=32,h=32, src=160,320
15:42:20.300 [FXGL Background Thread 2 ] DEBUG TilesetLoader        - Writing to buffer: dst=1568,736, w=32,h=32, src=0,160
15:42:20.300 [FXGL Background Thread 2 ] DEBUG TilesetLoader        - Writing to buffer: dst=0,768, w=32,h=32, src=160,480
15:42:20.300 [FXGL Background Thread 2 ] DEBUG TilesetLoader        - Writing to buffer: dst=32,768, w=32,h=32, src=32,64
15:42:20.300 [FXGL Background Thread 2 ] DEBUG TilesetLoader        - Writing to buffer: dst=64,768, w=32,h=32, src=32,64
15:42:20.300 [FXGL Background Thread 2 ] DEBUG TilesetLoader        - Writing to buffer: dst=96,768, w=32,h=32, src=32,64
15:42:20.300 [FXGL Background Thread 2 ] DEBUG TilesetLoader        - Writing to buffer: dst=128,768, w=32,h=32, src=32,64
15:42:20.301 [FXGL Background Thread 2 ] DEBUG TilesetLoader        - Writing to buffer: dst=160,768, w=32,h=32, src=32,64
15:42:20.301 [FXGL Background Thread 2 ] DEBUG TilesetLoader        - Writing to buffer: dst=192,768, w=32,h=32, src=32,64
15:42:20.301 [FXGL Background Thread 2 ] DEBUG TilesetLoader        - Writing to buffer: dst=224,768, w=32,h=32, src=32,64
15:42:20.301 [FXGL Background Thread 2 ] DEBUG TilesetLoader        - Writing to buffer: dst=256,768, w=32,h=32, src=32,64
15:42:20.301 [FXGL Background Thread 2 ] DEBUG TilesetLoader        - Writing to buffer: dst=288,768, w=32,h=32, src=32,64
15:42:20.301 [FXGL Background Thread 2 ] DEBUG TilesetLoader        - Writing to buffer: dst=320,768, w=32,h=32, src=32,64
15:42:20.301 [FXGL Background Thread 2 ] DEBUG TilesetLoader        - Writing to buffer: dst=352,768, w=32,h=32, src=32,64
15:42:20.301 [FXGL Background Thread 2 ] DEBUG TilesetLoader        - Writing to buffer: dst=384,768, w=32,h=32, src=32,64
15:42:20.302 [FXGL Background Thread 2 ] DEBUG TilesetLoader        - Writing to buffer: dst=416,768, w=32,h=32, src=32,64
15:42:20.302 [FXGL Background Thread 2 ] DEBUG TilesetLoader        - Writing to buffer: dst=448,768, w=32,h=32, src=32,64
15:42:20.302 [FXGL Background Thread 2 ] DEBUG TilesetLoader        - Writing to buffer: dst=480,768, w=32,h=32, src=32,64
15:42:20.302 [FXGL Background Thread 2 ] DEBUG TilesetLoader        - Writing to buffer: dst=512,768, w=32,h=32, src=0,192
15:42:20.302 [FXGL Background Thread 2 ] DEBUG TilesetLoader        - Writing to buffer: dst=544,768, w=32,h=32, src=32,192
15:42:20.302 [FXGL Background Thread 2 ] DEBUG TilesetLoader        - Writing to buffer: dst=576,768, w=32,h=32, src=64,192
15:42:20.302 [FXGL Background Thread 2 ] DEBUG TilesetLoader        - Writing to buffer: dst=608,768, w=32,h=32, src=32,64
15:42:20.302 [FXGL Background Thread 2 ] DEBUG TilesetLoader        - Writing to buffer: dst=640,768, w=32,h=32, src=32,64
15:42:20.303 [FXGL Background Thread 2 ] DEBUG TilesetLoader        - Writing to buffer: dst=832,768, w=32,h=32, src=288,0
15:42:20.303 [FXGL Background Thread 2 ] DEBUG TilesetLoader        - Writing to buffer: dst=864,768, w=32,h=32, src=320,0
15:42:20.303 [FXGL Background Thread 2 ] DEBUG TilesetLoader        - Writing to buffer: dst=1056,768, w=32,h=32, src=192,192
15:42:20.303 [FXGL Background Thread 2 ] DEBUG TilesetLoader        - Writing to buffer: dst=1088,768, w=32,h=32, src=32,64
15:42:20.303 [FXGL Background Thread 2 ] DEBUG TilesetLoader        - Writing to buffer: dst=1120,768, w=32,h=32, src=32,64
15:42:20.303 [FXGL Background Thread 2 ] DEBUG TilesetLoader        - Writing to buffer: dst=1152,768, w=32,h=32, src=32,64
15:42:20.303 [FXGL Background Thread 2 ] DEBUG TilesetLoader        - Writing to buffer: dst=1184,768, w=32,h=32, src=32,64
15:42:20.303 [FXGL Background Thread 2 ] DEBUG TilesetLoader        - Writing to buffer: dst=1216,768, w=32,h=32, src=32,64
15:42:20.303 [FXGL Background Thread 2 ] DEBUG TilesetLoader        - Writing to buffer: dst=1248,768, w=32,h=32, src=32,64
15:42:20.304 [FXGL Background Thread 2 ] DEBUG TilesetLoader        - Writing to buffer: dst=1280,768, w=32,h=32, src=32,64
15:42:20.304 [FXGL Background Thread 2 ] DEBUG TilesetLoader        - Writing to buffer: dst=1312,768, w=32,h=32, src=32,64
15:42:20.304 [FXGL Background Thread 2 ] DEBUG TilesetLoader        - Writing to buffer: dst=1344,768, w=32,h=32, src=32,64
15:42:20.304 [FXGL Background Thread 2 ] DEBUG TilesetLoader        - Writing to buffer: dst=1376,768, w=32,h=32, src=32,64
15:42:20.304 [FXGL Background Thread 2 ] DEBUG TilesetLoader        - Writing to buffer: dst=1408,768, w=32,h=32, src=32,64
15:42:20.304 [FXGL Background Thread 2 ] DEBUG TilesetLoader        - Writing to buffer: dst=1440,768, w=32,h=32, src=32,64
15:42:20.304 [FXGL Background Thread 2 ] DEBUG TilesetLoader        - Writing to buffer: dst=1472,768, w=32,h=32, src=32,64
15:42:20.305 [FXGL Background Thread 2 ] DEBUG TilesetLoader        - Writing to buffer: dst=1504,768, w=32,h=32, src=32,64
15:42:20.305 [FXGL Background Thread 2 ] DEBUG TilesetLoader        - Writing to buffer: dst=1536,768, w=32,h=32, src=32,64
15:42:20.305 [FXGL Background Thread 2 ] DEBUG TilesetLoader        - Writing to buffer: dst=1568,768, w=32,h=32, src=256,480
15:42:20.305 [FXGL Background Thread 2 ] DEBUG TMXLevelLoader       - Creating object layer entities
15:42:20.316 [FXGL Background Thread 2 ] DEBUG FXGLAssetLoaderServi - Loading from file system: file:/C:/Users/plane/IdeaProjects/IPOSE-Maven/target/classes/assets/textures/kraai.png
15:42:20.341 [FXGL Background Thread 2 ] WARN  TMXLevelLoader       - Parse error Error: java.lang.IllegalArgumentException: No EntityFactory has a method annotated @Spawns()
15:42:20.346 [JavaFX Application Thread] DEBUG LoopRunner           - Stopping loop
15:42:20.349 [JavaFX Application Thread] FATAL FXGLApplication      - Uncaught Exception:
java.lang.RuntimeException: Initialization failed
	at com.almasb.fxgl.app.FXGLApplication$InitAppTask.failed(FXGLApplication.kt:376)
	at javafx.concurrent.Task.setState(Task.java:710)
	at javafx.concurrent.Task$TaskCallable.lambda$call$2(Task.java:1455)
	at com.sun.javafx.application.PlatformImpl.lambda$runLater$10(PlatformImpl.java:428)
	at java.base/java.security.AccessController.doPrivileged(AccessController.java:391)
	at com.sun.javafx.application.PlatformImpl.lambda$runLater$11(PlatformImpl.java:427)
	at com.sun.glass.ui.InvokeLaterDispatcher$Future.run(InvokeLaterDispatcher.java:96)
	at com.sun.glass.ui.win.WinApplication._runLoop(Native Method)
	at com.sun.glass.ui.win.WinApplication.lambda$runLoop$3(WinApplication.java:174)
	at java.base/java.lang.Thread.run(Thread.java:832)
Caused by: com.almasb.fxgl.entity.level.LevelLoadingException: No EntityFactory has a method annotated @Spawns()
	at com.almasb.fxgl.entity.level.tiled.TMXLevelLoader.load(TMXLevelLoader.kt:71)
	at com.almasb.fxgl.app.services.FXGLAssetLoaderService.loadLevel(FXGLAssetLoaderService.kt:442)
	at com.almasb.fxgl.dsl.FXGL$Companion.setLevelFromMap(FXGL.kt:532)
	at com.almasb.fxgl.dsl.FXGL.setLevelFromMap(FXGL.kt)
	at Game.setLevel(Game.java:192)
	at Game.nextLevel(Game.java:170)
	at Game.initGame(Game.java:52)
	at com.almasb.fxgl.app.FXGLApplication$InitAppTask.initGame(FXGLApplication.kt:372)
	at com.almasb.fxgl.app.FXGLApplication$InitAppTask.call(FXGLApplication.kt:352)
	at com.almasb.fxgl.app.FXGLApplication$InitAppTask.call(FXGLApplication.kt:344)
	at javafx.concurrent.Task$TaskCallable.call(Task.java:1425)
	at java.base/java.util.concurrent.FutureTask.run(FutureTask.java:264)
	at java.base/java.util.concurrent.Executors$RunnableAdapter.call(Executors.java:515)
	at java.base/java.util.concurrent.FutureTask.run(FutureTask.java:264)
	at java.base/java.util.concurrent.ThreadPoolExecutor.runWorker(ThreadPoolExecutor.java:1130)
	at java.base/java.util.concurrent.ThreadPoolExecutor$Worker.run(ThreadPoolExecutor.java:630)
	... 1 more
Caused by: java.lang.IllegalArgumentException: No EntityFactory has a method annotated @Spawns()
	at com.almasb.fxgl.entity.GameWorld.create(GameWorld.kt:398)
	at com.almasb.fxgl.entity.level.tiled.TMXLevelLoader.createObjectLayerEntities(TMXLevelLoader.kt:135)
	at com.almasb.fxgl.entity.level.tiled.TMXLevelLoader.load(TMXLevelLoader.kt:53)
	... 16 more

15:42:20.350 [JavaFX Application Thread] FATAL FXGLApplication      - Application will now exit
15:42:20.371 [JavaFX Application Thread] DEBUG PrimaryStageWindow   - Push state: ErrorSubScene
15:42:20.371 [JavaFX Application Thread] DEBUG Input                - Clearing active input actions
15:42:20.373 [JavaFX Application Thread] DEBUG GameApplicationServi - Removing overlay from FXGLLoadingScene and adding to ErrorSubScene
15:42:20.374 [JavaFX Application Thread] DEBUG PrimaryStageWindow   - FXGLLoadingScene -> ErrorSubScene
15:42:22.086 [FXGL Background Thread 3 ] DEBUG Engine               - Logging environment variables
15:42:22.087 [FXGL Background Thread 3 ] DEBUG Engine               - achievements: []
15:42:22.087 [FXGL Background Thread 3 ] DEBUG Engine               - actualHeight: 640.0
15:42:22.088 [FXGL Background Thread 3 ] DEBUG Engine               - actualHeightProperty: ReadOnlyDoubleProperty [value: 640.0]
15:42:22.088 [FXGL Background Thread 3 ] DEBUG Engine               - actualWidth: 1050.0
15:42:22.088 [FXGL Background Thread 3 ] DEBUG Engine               - actualWidthProperty: ReadOnlyDoubleProperty [value: 1050.0]
15:42:22.088 [FXGL Background Thread 3 ] DEBUG Engine               - appIcon: fxgl_icon.png
15:42:22.088 [FXGL Background Thread 3 ] DEBUG Engine               - applicationMode: DEVELOPER
15:42:22.089 [FXGL Background Thread 3 ] DEBUG Engine               - cSSList: [fxgl_dark.css]
15:42:22.089 [FXGL Background Thread 3 ] DEBUG Engine               - collisionDetectionStrategy: BRUTE_FORCE
15:42:22.089 [FXGL Background Thread 3 ] DEBUG Engine               - configClass: Optional.empty
15:42:22.089 [FXGL Background Thread 3 ] DEBUG Engine               - credits: []
15:42:22.090 [FXGL Background Thread 3 ] DEBUG Engine               - devBBoxColorProperty: ObjectProperty [value: 0xff0000ff]
15:42:22.090 [FXGL Background Thread 3 ] DEBUG Engine               - devEnableDebugCameraProperty: BooleanProperty [value: false]
15:42:22.091 [FXGL Background Thread 3 ] DEBUG Engine               - devSensorColorProperty: ObjectProperty [value: 0xffff00ff]
15:42:22.091 [FXGL Background Thread 3 ] DEBUG Engine               - devShowBBoxProperty: BooleanProperty [value: false]
15:42:22.092 [FXGL Background Thread 3 ] DEBUG Engine               - devShowPositionProperty: BooleanProperty [value: false]
15:42:22.092 [FXGL Background Thread 3 ] DEBUG Engine               - enabledMenuItems: []
15:42:22.092 [FXGL Background Thread 3 ] DEBUG Engine               - engineServices: [class com.almasb.fxgl.app.services.FXGLAssetLoaderService, class com.almasb.fxgl.app.FXGLApplication$GameApplicationService, class com.almasb.fxgl.app.services.FXGLDialogService, class com.almasb.fxgl.app.services.IOTaskExecutorService, class com.almasb.fxgl.event.EventBusService, class com.almasb.fxgl.io.FileSystemService, class com.almasb.fxgl.localization.LocalizationService, class com.almasb.fxgl.app.services.SystemBundleService, class com.almasb.fxgl.profile.SaveLoadService, class com.almasb.fxgl.ui.FXGLUIFactoryServiceProvider, class com.almasb.fxgl.ui.FXGLDialogFactoryServiceProvider, class com.almasb.fxgl.audio.AudioPlayer, class com.almasb.fxgl.notification.impl.NotificationServiceProvider, class com.almasb.fxgl.achievement.AchievementService, class com.almasb.fxgl.cutscene.CutsceneService, class com.almasb.fxgl.minigames.MiniGameService, class com.almasb.fxgl.net.NetService, class com.almasb.fxgl.app.services.UpdaterService, class com.almasb.fxgl.dev.DevService]
15:42:22.093 [FXGL Background Thread 3 ] DEBUG Engine               - fontGame: Abel-Regular.ttf
15:42:22.093 [FXGL Background Thread 3 ] DEBUG Engine               - fontMono: lucida_console.ttf
15:42:22.093 [FXGL Background Thread 3 ] DEBUG Engine               - fontText: Courier-Prime.ttf
15:42:22.094 [FXGL Background Thread 3 ] DEBUG Engine               - fontUI: VarelaRound-Regular.ttf
15:42:22.094 [FXGL Background Thread 3 ] DEBUG Engine               - fullScreen: BooleanProperty [value: false]
15:42:22.094 [FXGL Background Thread 3 ] DEBUG Engine               - gameDifficulty: MEDIUM
15:42:22.094 [FXGL Background Thread 3 ] DEBUG Engine               - gameDifficultyProperty: ObjectProperty [value: MEDIUM]
15:42:22.095 [FXGL Background Thread 3 ] DEBUG Engine               - globalMusicVolume: 0.5
15:42:22.095 [FXGL Background Thread 3 ] DEBUG Engine               - globalMusicVolumeProperty: DoubleProperty [value: 0.5]
15:42:22.095 [FXGL Background Thread 3 ] DEBUG Engine               - globalSoundVolume: 0.5
15:42:22.096 [FXGL Background Thread 3 ] DEBUG Engine               - globalSoundVolumeProperty: DoubleProperty [value: 0.5]
15:42:22.096 [FXGL Background Thread 3 ] DEBUG Engine               - height: 640
15:42:22.096 [FXGL Background Thread 3 ] DEBUG Engine               - isAndroid: false
15:42:22.096 [FXGL Background Thread 3 ] DEBUG Engine               - isBrowser: false
15:42:22.096 [FXGL Background Thread 3 ] DEBUG Engine               - isClickFeedbackEnabled: false
15:42:22.097 [FXGL Background Thread 3 ] DEBUG Engine               - isCloseConfirmation: false
15:42:22.097 [FXGL Background Thread 3 ] DEBUG Engine               - isDesktop: true
15:42:22.097 [FXGL Background Thread 3 ] DEBUG Engine               - isDeveloperMenuEnabled: false
15:42:22.097 [FXGL Background Thread 3 ] DEBUG Engine               - isEntityPreloadEnabled: true
15:42:22.097 [FXGL Background Thread 3 ] DEBUG Engine               - isExperimental3D: false
15:42:22.097 [FXGL Background Thread 3 ] DEBUG Engine               - isExperimentalNative: false
15:42:22.097 [FXGL Background Thread 3 ] DEBUG Engine               - isExperimentalTiledLargeMap: false
15:42:22.098 [FXGL Background Thread 3 ] DEBUG Engine               - isFileSystemWriteAllowed: true
15:42:22.098 [FXGL Background Thread 3 ] DEBUG Engine               - isFullScreenAllowed: false
15:42:22.098 [FXGL Background Thread 3 ] DEBUG Engine               - isFullScreenFromStart: false
15:42:22.099 [FXGL Background Thread 3 ] DEBUG Engine               - isGameMenuEnabled: true
15:42:22.099 [FXGL Background Thread 3 ] DEBUG Engine               - isIOS: false
15:42:22.099 [FXGL Background Thread 3 ] DEBUG Engine               - isIntroEnabled: false
15:42:22.099 [FXGL Background Thread 3 ] DEBUG Engine               - isLinux: false
15:42:22.099 [FXGL Background Thread 3 ] DEBUG Engine               - isMac: false
15:42:22.099 [FXGL Background Thread 3 ] DEBUG Engine               - isMainMenuEnabled: true
15:42:22.099 [FXGL Background Thread 3 ] DEBUG Engine               - isManualResizeEnabled: false
15:42:22.099 [FXGL Background Thread 3 ] DEBUG Engine               - isMobile: false
15:42:22.099 [FXGL Background Thread 3 ] DEBUG Engine               - isPreserveResizeRatio: false
15:42:22.099 [FXGL Background Thread 3 ] DEBUG Engine               - isProfilingEnabled: false
15:42:22.099 [FXGL Background Thread 3 ] DEBUG Engine               - isScaleAffectedOnResize: true
15:42:22.099 [FXGL Background Thread 3 ] DEBUG Engine               - isSingleStep: false
15:42:22.100 [FXGL Background Thread 3 ] DEBUG Engine               - isUserProfileEnabled: false
15:42:22.100 [FXGL Background Thread 3 ] DEBUG Engine               - isWindows: true
15:42:22.100 [FXGL Background Thread 3 ] DEBUG Engine               - language: ObjectProperty [value: ENGLISH]
15:42:22.100 [FXGL Background Thread 3 ] DEBUG Engine               - menuKey: ESCAPE
15:42:22.100 [FXGL Background Thread 3 ] DEBUG Engine               - notificationViewClass: class com.almasb.fxgl.notification.view.XboxNotificationView
15:42:22.100 [FXGL Background Thread 3 ] DEBUG Engine               - pixelsPerMeter: 50.0
15:42:22.100 [FXGL Background Thread 3 ] DEBUG Engine               - platform: WINDOWS
15:42:22.100 [FXGL Background Thread 3 ] DEBUG Engine               - prefHeightProperty: ReadOnlyDoubleProperty [value: 640.0]
15:42:22.100 [FXGL Background Thread 3 ] DEBUG Engine               - prefWidthProperty: ReadOnlyDoubleProperty [value: 1050.0]
15:42:22.100 [FXGL Background Thread 3 ] DEBUG Engine               - profileDir: profiles/
15:42:22.100 [FXGL Background Thread 3 ] DEBUG Engine               - profileName: StringProperty [value: DEFAULT]
15:42:22.102 [FXGL Background Thread 3 ] DEBUG Engine               - randomSeed: -1
15:42:22.102 [FXGL Background Thread 3 ] DEBUG Engine               - runtimeInfo: RuntimeInfo(platform=WINDOWS, version=11.14, build=01.03.2021 16.59)
15:42:22.102 [FXGL Background Thread 3 ] DEBUG Engine               - saveFileExt: sav
15:42:22.102 [FXGL Background Thread 3 ] DEBUG Engine               - scaledHeightProp$fxgl: DoubleProperty [bound, value: 640.0]
15:42:22.102 [FXGL Background Thread 3 ] DEBUG Engine               - scaledWidthProp$fxgl: DoubleProperty [bound, value: 1050.0]
15:42:22.102 [FXGL Background Thread 3 ] DEBUG Engine               - sceneFactory: com.almasb.fxgl.app.scene.SceneFactory@2ae2d776
15:42:22.102 [FXGL Background Thread 3 ] DEBUG Engine               - secondsIn24h: 60
15:42:22.102 [FXGL Background Thread 3 ] DEBUG Engine               - soundMenuBack: menu/back.wav
15:42:22.103 [FXGL Background Thread 3 ] DEBUG Engine               - soundMenuPress: menu/press.wav
15:42:22.103 [FXGL Background Thread 3 ] DEBUG Engine               - soundMenuSelect: menu/select.wav
15:42:22.103 [FXGL Background Thread 3 ] DEBUG Engine               - soundNotification: core/notification.wav
15:42:22.103 [FXGL Background Thread 3 ] DEBUG Engine               - stageStyle: DECORATED
15:42:22.103 [FXGL Background Thread 3 ] DEBUG Engine               - supportedLanguages: [ENGLISH, FRENCH, GERMAN, HUNGARIAN, RUSSIAN]
15:42:22.103 [FXGL Background Thread 3 ] DEBUG Engine               - ticksPerSecond: -1
15:42:22.104 [FXGL Background Thread 3 ] DEBUG Engine               - title: A Way Out
15:42:22.104 [FXGL Background Thread 3 ] DEBUG Engine               - urlGithub: https://github.com/AlmasB/FXGL
15:42:22.104 [FXGL Background Thread 3 ] DEBUG Engine               - urlLeaderboard: http://fxgl-top.herokuapp.com/
15:42:22.104 [FXGL Background Thread 3 ] DEBUG Engine               - urlPOM: https://raw.githubusercontent.com/AlmasB/FXGL/release/README.md
15:42:22.104 [FXGL Background Thread 3 ] DEBUG Engine               - userAppClass: class Game
15:42:22.104 [FXGL Background Thread 3 ] DEBUG Engine               - version: 1.2
15:42:22.104 [FXGL Background Thread 3 ] DEBUG Engine               - versionCheckDays: 7
15:42:22.104 [FXGL Background Thread 3 ] DEBUG Engine               - width: 1050
15:42:22.104 [FXGL Background Thread 3 ] DEBUG Engine               - Logging services
15:42:22.105 [FXGL Background Thread 3 ] DEBUG Engine               - class com.almasb.fxgl.app.services.FXGLAssetLoaderService
15:42:22.105 [FXGL Background Thread 3 ] DEBUG Engine               - class com.almasb.fxgl.app.FXGLApplication$GameApplicationService
15:42:22.105 [FXGL Background Thread 3 ] DEBUG Engine               - class com.almasb.fxgl.app.services.FXGLDialogService
15:42:22.105 [FXGL Background Thread 3 ] DEBUG Engine               - class com.almasb.fxgl.app.services.IOTaskExecutorService
15:42:22.105 [FXGL Background Thread 3 ] DEBUG Engine               - class com.almasb.fxgl.event.EventBusService
15:42:22.105 [FXGL Background Thread 3 ] DEBUG Engine               - class com.almasb.fxgl.io.FileSystemService
15:42:22.105 [FXGL Background Thread 3 ] DEBUG Engine               - class com.almasb.fxgl.localization.LocalizationService
15:42:22.105 [FXGL Background Thread 3 ] DEBUG Engine               - class com.almasb.fxgl.app.services.SystemBundleService
15:42:22.106 [FXGL Background Thread 3 ] DEBUG Engine               - class com.almasb.fxgl.profile.SaveLoadService
15:42:22.106 [FXGL Background Thread 3 ] DEBUG Engine               - class com.almasb.fxgl.ui.FXGLUIFactoryServiceProvider
15:42:22.106 [FXGL Background Thread 3 ] DEBUG Engine               - class com.almasb.fxgl.ui.FXGLDialogFactoryServiceProvider
15:42:22.106 [FXGL Background Thread 3 ] DEBUG Engine               - class com.almasb.fxgl.audio.AudioPlayer
15:42:22.106 [FXGL Background Thread 3 ] DEBUG Engine               - class com.almasb.fxgl.notification.impl.NotificationServiceProvider
15:42:22.106 [FXGL Background Thread 3 ] DEBUG Engine               - class com.almasb.fxgl.achievement.AchievementService
15:42:22.106 [FXGL Background Thread 3 ] DEBUG Engine               - class com.almasb.fxgl.cutscene.CutsceneService
15:42:22.106 [FXGL Background Thread 3 ] DEBUG Engine               - class com.almasb.fxgl.minigames.MiniGameService
15:42:22.106 [FXGL Background Thread 3 ] DEBUG Engine               - class com.almasb.fxgl.net.NetService
15:42:22.106 [FXGL Background Thread 3 ] DEBUG Engine               - class com.almasb.fxgl.app.services.UpdaterService
15:42:22.106 [FXGL Background Thread 3 ] DEBUG Engine               - class com.almasb.fxgl.dev.DevService
15:42:23.339 [JavaFX Application Thread] DEBUG FXGLApplication      - Exiting FXGL
15:42:23.340 [JavaFX Application Thread] DEBUG Async                - Shutting down background threads
15:42:23.340 [JavaFX Application Thread] DEBUG PrimaryStageWindow   - Closing main window
15:42:23.361 [JavaFX Application Thread] DEBUG Logger               - Closing Logger
