09:26:10.449 [main                     ] DEBUG Logger               - Configured Logger
09:26:10.467 [main                     ] DEBUG GameApplication      - Logging settings
Title: Demo game
Version: 1.1
Width: 1050
Height: 700
Fullscreen: false
Intro: false
Profiling: false
Single step:false
App Mode: DEVELOPER
Menu Key: ESCAPE
Stage Style: DECORATED
Scene Factory: class com.almasb.fxgl.app.scene.SceneFactory

09:26:10.952 [JavaFX Application Thread] DEBUG FXGLApplication      - Initializing FXGL
09:26:10.954 [JavaFX Application Thread] INFO  Engine               - FXGL-11.14 (01.03.2021 16.59) on WINDOWS (J:15.0.2 FX:15)
09:26:10.955 [JavaFX Application Thread] DEBUG Engine               - JRE Vendor Name: Oracle Corporation
09:26:10.955 [JavaFX Application Thread] DEBUG Engine               - Running on OS: Windows 10 version 10.0
09:26:10.955 [JavaFX Application Thread] DEBUG Engine               - Architecture: amd64
09:26:10.955 [JavaFX Application Thread] INFO  Engine               - Source code and latest versions at: https://github.com/AlmasB/FXGL
09:26:10.955 [JavaFX Application Thread] INFO  Engine               -              Join the FXGL chat at: https://gitter.im/AlmasB/FXGL
09:26:11.088 [JavaFX Application Thread] DEBUG PrimaryStageWindow   - Creating a JavaFX scene
09:26:11.138 [JavaFX Application Thread] DEBUG PrimaryStageWindow   - Target settings size: 1050.0 x 700.0
09:26:11.138 [JavaFX Application Thread] DEBUG PrimaryStageWindow   - Scaled scene size:    1050.0 x 700.0
09:26:11.138 [JavaFX Application Thread] DEBUG PrimaryStageWindow   - Scaled ratio: (1.0, 1.0)
09:26:11.139 [JavaFX Application Thread] DEBUG PrimaryStageWindow   - Set initial scene to FXGLStartupScene
09:26:11.145 [JavaFX Application Thread] DEBUG PrimaryStageWindow   - Opening main window
09:26:11.250 [JavaFX Application Thread] DEBUG PrimaryStageWindow   - Window border size: (14.800048828125, 37.5999755859375)
09:26:11.250 [JavaFX Application Thread] DEBUG PrimaryStageWindow   - Scaled size: 1050.0 x 700.0
09:26:11.250 [JavaFX Application Thread] DEBUG PrimaryStageWindow   - Scaled ratio: (1.0, 1.0)
09:26:11.250 [JavaFX Application Thread] DEBUG PrimaryStageWindow   - Scene size: 1050.0 x 700.0
09:26:11.251 [JavaFX Application Thread] DEBUG PrimaryStageWindow   - Stage size: 1064.800048828125 x 737.5999755859375
09:26:11.260 [FXGL Background Thread 1 ] DEBUG Engine               - Initializing environment variables
09:26:11.306 [FXGL Background Thread 1 ] DEBUG FXGLAssetLoaderServi - User app class for loading assets: class Game
09:26:11.306 [FXGL Background Thread 1 ] DEBUG GameApplicationServi - Applying CSS: fxgl_dark.css
09:26:11.307 [FXGL Background Thread 1 ] DEBUG FXGLAssetLoaderServi - Loading from file system: jar:file:/C:/Users/fayli/.m2/repository/com/github/almasb/fxgl/11.14/fxgl-11.14.jar!/fxglassets/ui/css/fxgl_dark.css
09:26:11.350 [FXGL Background Thread 1 ] DEBUG GameApplicationServi - Initializing application scenes
09:26:11.387 [FXGL Background Thread 1 ] DEBUG GameWorld            - Game world initialized
09:26:11.447 [FXGL Background Thread 1 ] DEBUG PhysicsWorld         - Physics world initialized: appHeight=700, physics.ppm=50,0
09:26:11.448 [FXGL Background Thread 1 ] DEBUG PhysicsWorld         - Using strategy: BRUTE_FORCE
09:26:11.450 [FXGL Background Thread 1 ] DEBUG GameScene            - Game scene initialized: 1050x700
09:26:11.486 [FXGL Background Thread 1 ] DEBUG FXGLAssetLoaderServi - Loading from file system: jar:file:/C:/Users/fayli/.m2/repository/com/github/almasb/fxgl/11.14/fxgl-11.14.jar!/fxglassets/textures/particles/trace_horizontal.png
09:26:11.561 [FXGL Background Thread 1 ] DEBUG FXGL.DefaultMenu     - createMenuBodyGameMenu()
09:26:11.582 [FXGL Background Thread 1 ] DEBUG FXGL.DefaultMenu     - createOptionsMenu()
09:26:11.588 [FXGL Background Thread 1 ] DEBUG FXGLAssetLoaderServi - Loading from file system: jar:file:/C:/Users/fayli/.m2/repository/com/github/almasb/fxgl/11.14/fxgl-11.14.jar!/fxglassets/textures/particles/smoke.png
09:26:11.666 [FXGL Background Thread 1 ] DEBUG GameApplicationServi - Application scenes initialized
09:26:11.679 [FXGL Background Thread 1 ] DEBUG SystemBundleService  - Loading FXGL system data
09:26:11.685 [FXGL Background Thread 1 ] DEBUG FileSystemAccess     - Reading from: C:\Users\fayli\OneDrive - Hogeschool Leiden\Periode 3, Jaar 1\IOOA\Week 6\IPOSE-Maven\system\fxgl.bundle
09:26:11.692 [FXGL Background Thread 1 ] DEBUG SystemBundleService  - Bundle FXGL: {}
09:26:11.692 [FXGL Background Thread 1 ] DEBUG UpdaterService       - Checking for updates
09:26:11.696 [FXGL Background Thread 4 ] DEBUG FXGLApplication      - Loading fonts
09:26:11.697 [FXGL Background Thread 1 ] DEBUG FXGLApplication      - Loading default localization
09:26:11.697 [FXGL Background Thread 4 ] DEBUG FXGLAssetLoaderServi - Loading from file system: jar:file:/C:/Users/fayli/.m2/repository/com/github/almasb/fxgl/11.14/fxgl-11.14.jar!/fxglassets/ui/fonts/VarelaRound-Regular.ttf
09:26:11.697 [FXGL Background Thread 1 ] DEBUG FXGLAssetLoaderServi - Loading from file system: jar:file:/C:/Users/fayli/.m2/repository/com/github/almasb/fxgl/11.14/fxgl-11.14.jar!/fxglassets/languages/english.lang
09:26:11.724 [FXGL Background Thread 1 ] INFO  FXGLApplication      - FXGL initialization took: 0,464 sec
09:26:11.736 [JavaFX Application Thread] DEBUG Input                - Registered new binding: action0 - D
09:26:11.737 [JavaFX Application Thread] DEBUG Input                - Registered new binding: action1 - A
09:26:11.738 [JavaFX Application Thread] DEBUG Input                - Registered new binding: action2 - W
09:26:11.739 [JavaFX Application Thread] DEBUG Input                - Registered new binding: action3 - S
09:26:11.739 [JavaFX Application Thread] DEBUG FXGLAssetLoaderServi - Loading from file system: jar:file:/C:/Users/fayli/.m2/repository/com/github/almasb/fxgl/11.14/fxgl-11.14.jar!/fxglassets/textures/fxgl_icon.png
09:26:11.776 [FXGL Background Thread 4 ] DEBUG FXGLAssetLoaderServi - Loading from file system: jar:file:/C:/Users/fayli/.m2/repository/com/github/almasb/fxgl/11.14/fxgl-11.14.jar!/fxglassets/ui/fonts/Abel-Regular.ttf
09:26:11.777 [JavaFX Application Thread] DEBUG FXGLAssetLoaderServi - Loading from file system: jar:file:/C:/Users/fayli/.m2/repository/com/github/almasb/fxgl/11.14/fxgl-11.14.jar!/fxglassets/ui/cursors/fxgl_default.png
09:26:11.780 [JavaFX Application Thread] DEBUG Input                - Registered new binding: Screenshot - P
09:26:11.781 [JavaFX Application Thread] DEBUG Input                - Registered new binding: System info dump - CTRL+9
09:26:11.781 [FXGL Background Thread 4 ] DEBUG FXGLAssetLoaderServi - Loading from file system: jar:file:/C:/Users/fayli/.m2/repository/com/github/almasb/fxgl/11.14/fxgl-11.14.jar!/fxglassets/ui/fonts/lucida_console.ttf
09:26:11.781 [JavaFX Application Thread] DEBUG Input                - Registered new binding: Restart - CTRL+R
09:26:11.782 [JavaFX Application Thread] DEBUG Input                - Registered new binding: Toggle Debug Camera - CTRL+C
09:26:11.785 [JavaFX Application Thread] DEBUG LoopRunner           - Starting loop
09:26:11.785 [JavaFX Application Thread] DEBUG LoopRunner           - Initializing JavaFX AnimationTimerLoop
09:26:11.787 [JavaFX Application Thread] DEBUG GameApplicationServi - Starting new game
09:26:11.788 [FXGL Background Thread 4 ] DEBUG FXGLAssetLoaderServi - Loading from file system: jar:file:/C:/Users/fayli/.m2/repository/com/github/almasb/fxgl/11.14/fxgl-11.14.jar!/fxglassets/ui/fonts/Courier-Prime.ttf
09:26:11.788 [JavaFX Application Thread] DEBUG Input                - Clearing active input actions
09:26:11.803 [JavaFX Application Thread] DEBUG GameApplicationServi - Removing overlay from FXGLStartupScene and adding to FXGLLoadingScene
09:26:11.803 [JavaFX Application Thread] DEBUG PrimaryStageWindow   - FXGLStartupScene -> FXGLLoadingScene
09:26:11.804 [JavaFX Application Thread] DEBUG GameApplicationServi - Clearing previous game
09:26:11.804 [JavaFX Application Thread] DEBUG GameScene            - Clearing game scene
09:26:11.804 [JavaFX Application Thread] DEBUG GameWorld            - Clearing game world
09:26:11.805 [JavaFX Application Thread] DEBUG PhysicsWorld         - Clearing physics world
09:26:11.806 [JavaFX Application Thread] DEBUG FXGLApplication      - Registering font factories with UI factory
09:26:11.806 [FXGL Background Thread 4 ] DEBUG FXGLApplication      - Initializing game
09:26:11.814 [FXGL Background Thread 4 ] WARN  FXGLAssetLoaderServi - Asset "/assets/levels/castle.tmx" was not found!
09:26:11.848 [JavaFX Application Thread] DEBUG LoopRunner           - Stopping loop
09:26:11.850 [JavaFX Application Thread] FATAL FXGLApplication      - Uncaught Exception:
java.lang.RuntimeException: Initialization failed
	at com.almasb.fxgl.app.FXGLApplication$InitAppTask.failed(FXGLApplication.kt:376)
	at javafx.concurrent.Task.setState(Task.java:710)
	at javafx.concurrent.Task$TaskCallable.lambda$call$2(Task.java:1455)
	at com.sun.javafx.application.PlatformImpl.lambda$runLater$10(PlatformImpl.java:428)
	at java.base/java.security.AccessController.doPrivileged(AccessController.java:391)
	at com.sun.javafx.application.PlatformImpl.lambda$runLater$11(PlatformImpl.java:427)
	at com.sun.glass.ui.InvokeLaterDispatcher$Future.run(InvokeLaterDispatcher.java:96)
	at com.sun.glass.ui.win.WinApplication._runLoop(Native Method)
	at com.sun.glass.ui.win.WinApplication.lambda$runLoop$3(WinApplication.java:174)
	at java.base/java.lang.Thread.run(Thread.java:832)
Caused by: java.lang.IllegalArgumentException: Loading level failed. Asset not found: castle.tmx
	at com.almasb.fxgl.app.services.FXGLAssetLoaderService.loadLevel(FXGLAssetLoaderService.kt:439)
	at com.almasb.fxgl.dsl.FXGL$Companion.setLevelFromMap(FXGL.kt:532)
	at com.almasb.fxgl.dsl.FXGL.setLevelFromMap(FXGL.kt)
	at Game.setLevel(Game.java:86)
	at Game.initGame(Game.java:46)
	at com.almasb.fxgl.app.FXGLApplication$InitAppTask.initGame(FXGLApplication.kt:372)
	at com.almasb.fxgl.app.FXGLApplication$InitAppTask.call(FXGLApplication.kt:352)
	at com.almasb.fxgl.app.FXGLApplication$InitAppTask.call(FXGLApplication.kt:344)
	at javafx.concurrent.Task$TaskCallable.call(Task.java:1425)
	at java.base/java.util.concurrent.FutureTask.run(FutureTask.java:264)
	at java.base/java.util.concurrent.Executors$RunnableAdapter.call(Executors.java:515)
	at java.base/java.util.concurrent.FutureTask.run(FutureTask.java:264)
	at java.base/java.util.concurrent.ThreadPoolExecutor.runWorker(ThreadPoolExecutor.java:1130)
	at java.base/java.util.concurrent.ThreadPoolExecutor$Worker.run(ThreadPoolExecutor.java:630)
	... 1 more

09:26:11.851 [JavaFX Application Thread] FATAL FXGLApplication      - Application will now exit
09:26:11.868 [JavaFX Application Thread] DEBUG PrimaryStageWindow   - Push state: ErrorSubScene
09:26:11.869 [JavaFX Application Thread] DEBUG Input                - Clearing active input actions
09:26:11.876 [JavaFX Application Thread] DEBUG GameApplicationServi - Removing overlay from FXGLLoadingScene and adding to ErrorSubScene
09:26:11.877 [JavaFX Application Thread] DEBUG PrimaryStageWindow   - FXGLLoadingScene -> ErrorSubScene
09:26:12.370 [FXGL Background Thread 2 ] INFO  UpdaterService       - Your current version:  11.14
09:26:12.371 [FXGL Background Thread 2 ] INFO  UpdaterService       - Latest stable version: 17.1
09:26:14.697 [FXGL Background Thread 3 ] DEBUG Engine               - Logging environment variables
09:26:14.697 [FXGL Background Thread 3 ] DEBUG Engine               - achievements: []
09:26:14.698 [FXGL Background Thread 3 ] DEBUG Engine               - actualHeight: 700.0
09:26:14.698 [FXGL Background Thread 3 ] DEBUG Engine               - actualHeightProperty: ReadOnlyDoubleProperty [value: 700.0]
09:26:14.698 [FXGL Background Thread 3 ] DEBUG Engine               - actualWidth: 1050.0
09:26:14.699 [FXGL Background Thread 3 ] DEBUG Engine               - actualWidthProperty: ReadOnlyDoubleProperty [value: 1050.0]
09:26:14.699 [FXGL Background Thread 3 ] DEBUG Engine               - appIcon: fxgl_icon.png
09:26:14.699 [FXGL Background Thread 3 ] DEBUG Engine               - applicationMode: DEVELOPER
09:26:14.699 [FXGL Background Thread 3 ] DEBUG Engine               - cSSList: [fxgl_dark.css]
09:26:14.699 [FXGL Background Thread 3 ] DEBUG Engine               - collisionDetectionStrategy: BRUTE_FORCE
09:26:14.699 [FXGL Background Thread 3 ] DEBUG Engine               - configClass: Optional.empty
09:26:14.700 [FXGL Background Thread 3 ] DEBUG Engine               - credits: []
09:26:14.700 [FXGL Background Thread 3 ] DEBUG Engine               - devBBoxColorProperty: ObjectProperty [value: 0xff0000ff]
09:26:14.700 [FXGL Background Thread 3 ] DEBUG Engine               - devEnableDebugCameraProperty: BooleanProperty [value: false]
09:26:14.700 [FXGL Background Thread 3 ] DEBUG Engine               - devSensorColorProperty: ObjectProperty [value: 0xffff00ff]
09:26:14.701 [FXGL Background Thread 3 ] DEBUG Engine               - devShowBBoxProperty: BooleanProperty [value: false]
09:26:14.701 [FXGL Background Thread 3 ] DEBUG Engine               - devShowPositionProperty: BooleanProperty [value: false]
09:26:14.701 [FXGL Background Thread 3 ] DEBUG Engine               - enabledMenuItems: []
09:26:14.701 [FXGL Background Thread 3 ] DEBUG Engine               - engineServices: [class com.almasb.fxgl.app.services.FXGLAssetLoaderService, class com.almasb.fxgl.app.FXGLApplication$GameApplicationService, class com.almasb.fxgl.app.services.FXGLDialogService, class com.almasb.fxgl.app.services.IOTaskExecutorService, class com.almasb.fxgl.event.EventBusService, class com.almasb.fxgl.io.FileSystemService, class com.almasb.fxgl.localization.LocalizationService, class com.almasb.fxgl.app.services.SystemBundleService, class com.almasb.fxgl.profile.SaveLoadService, class com.almasb.fxgl.ui.FXGLUIFactoryServiceProvider, class com.almasb.fxgl.ui.FXGLDialogFactoryServiceProvider, class com.almasb.fxgl.audio.AudioPlayer, class com.almasb.fxgl.notification.impl.NotificationServiceProvider, class com.almasb.fxgl.achievement.AchievementService, class com.almasb.fxgl.cutscene.CutsceneService, class com.almasb.fxgl.minigames.MiniGameService, class com.almasb.fxgl.net.NetService, class com.almasb.fxgl.app.services.UpdaterService, class com.almasb.fxgl.dev.DevService]
09:26:14.701 [FXGL Background Thread 3 ] DEBUG Engine               - fontGame: Abel-Regular.ttf
09:26:14.702 [FXGL Background Thread 3 ] DEBUG Engine               - fontMono: lucida_console.ttf
09:26:14.702 [FXGL Background Thread 3 ] DEBUG Engine               - fontText: Courier-Prime.ttf
09:26:14.702 [FXGL Background Thread 3 ] DEBUG Engine               - fontUI: VarelaRound-Regular.ttf
09:26:14.702 [FXGL Background Thread 3 ] DEBUG Engine               - fullScreen: BooleanProperty [value: false]
09:26:14.703 [FXGL Background Thread 3 ] DEBUG Engine               - gameDifficulty: MEDIUM
09:26:14.703 [FXGL Background Thread 3 ] DEBUG Engine               - gameDifficultyProperty: ObjectProperty [value: MEDIUM]
09:26:14.703 [FXGL Background Thread 3 ] DEBUG Engine               - globalMusicVolume: 0.5
09:26:14.703 [FXGL Background Thread 3 ] DEBUG Engine               - globalMusicVolumeProperty: DoubleProperty [value: 0.5]
09:26:14.703 [FXGL Background Thread 3 ] DEBUG Engine               - globalSoundVolume: 0.5
09:26:14.703 [FXGL Background Thread 3 ] DEBUG Engine               - globalSoundVolumeProperty: DoubleProperty [value: 0.5]
09:26:14.704 [FXGL Background Thread 3 ] DEBUG Engine               - height: 700
09:26:14.704 [FXGL Background Thread 3 ] DEBUG Engine               - isAndroid: false
09:26:14.704 [FXGL Background Thread 3 ] DEBUG Engine               - isBrowser: false
09:26:14.705 [FXGL Background Thread 3 ] DEBUG Engine               - isClickFeedbackEnabled: false
09:26:14.705 [FXGL Background Thread 3 ] DEBUG Engine               - isCloseConfirmation: false
09:26:14.705 [FXGL Background Thread 3 ] DEBUG Engine               - isDesktop: true
09:26:14.705 [FXGL Background Thread 3 ] DEBUG Engine               - isDeveloperMenuEnabled: false
09:26:14.705 [FXGL Background Thread 3 ] DEBUG Engine               - isEntityPreloadEnabled: true
09:26:14.706 [FXGL Background Thread 3 ] DEBUG Engine               - isExperimental3D: false
09:26:14.706 [FXGL Background Thread 3 ] DEBUG Engine               - isExperimentalNative: false
09:26:14.706 [FXGL Background Thread 3 ] DEBUG Engine               - isExperimentalTiledLargeMap: false
09:26:14.706 [FXGL Background Thread 3 ] DEBUG Engine               - isFileSystemWriteAllowed: true
09:26:14.706 [FXGL Background Thread 3 ] DEBUG Engine               - isFullScreenAllowed: false
09:26:14.706 [FXGL Background Thread 3 ] DEBUG Engine               - isFullScreenFromStart: false
09:26:14.706 [FXGL Background Thread 3 ] DEBUG Engine               - isGameMenuEnabled: true
09:26:14.707 [FXGL Background Thread 3 ] DEBUG Engine               - isIOS: false
09:26:14.707 [FXGL Background Thread 3 ] DEBUG Engine               - isIntroEnabled: false
09:26:14.707 [FXGL Background Thread 3 ] DEBUG Engine               - isLinux: false
09:26:14.707 [FXGL Background Thread 3 ] DEBUG Engine               - isMac: false
09:26:14.707 [FXGL Background Thread 3 ] DEBUG Engine               - isMainMenuEnabled: false
09:26:14.708 [FXGL Background Thread 3 ] DEBUG Engine               - isManualResizeEnabled: false
09:26:14.708 [FXGL Background Thread 3 ] DEBUG Engine               - isMobile: false
09:26:14.708 [FXGL Background Thread 3 ] DEBUG Engine               - isPreserveResizeRatio: false
09:26:14.708 [FXGL Background Thread 3 ] DEBUG Engine               - isProfilingEnabled: false
09:26:14.708 [FXGL Background Thread 3 ] DEBUG Engine               - isScaleAffectedOnResize: true
09:26:14.709 [FXGL Background Thread 3 ] DEBUG Engine               - isSingleStep: false
09:26:14.709 [FXGL Background Thread 3 ] DEBUG Engine               - isUserProfileEnabled: false
09:26:14.709 [FXGL Background Thread 3 ] DEBUG Engine               - isWindows: true
09:26:14.709 [FXGL Background Thread 3 ] DEBUG Engine               - language: ObjectProperty [value: ENGLISH]
09:26:14.709 [FXGL Background Thread 3 ] DEBUG Engine               - menuKey: ESCAPE
09:26:14.709 [FXGL Background Thread 3 ] DEBUG Engine               - notificationViewClass: class com.almasb.fxgl.notification.view.XboxNotificationView
09:26:14.709 [FXGL Background Thread 3 ] DEBUG Engine               - pixelsPerMeter: 50.0
09:26:14.710 [FXGL Background Thread 3 ] DEBUG Engine               - platform: WINDOWS
09:26:14.710 [FXGL Background Thread 3 ] DEBUG Engine               - prefHeightProperty: ReadOnlyDoubleProperty [value: 700.0]
09:26:14.710 [FXGL Background Thread 3 ] DEBUG Engine               - prefWidthProperty: ReadOnlyDoubleProperty [value: 1050.0]
09:26:14.711 [FXGL Background Thread 3 ] DEBUG Engine               - profileDir: profiles/
09:26:14.711 [FXGL Background Thread 3 ] DEBUG Engine               - profileName: StringProperty [value: DEFAULT]
09:26:14.711 [FXGL Background Thread 3 ] DEBUG Engine               - randomSeed: -1
09:26:14.711 [FXGL Background Thread 3 ] DEBUG Engine               - runtimeInfo: RuntimeInfo(platform=WINDOWS, version=11.14, build=01.03.2021 16.59)
09:26:14.711 [FXGL Background Thread 3 ] DEBUG Engine               - saveFileExt: sav
09:26:14.712 [FXGL Background Thread 3 ] DEBUG Engine               - scaledHeightProp$fxgl: DoubleProperty [bound, value: 700.0]
09:26:14.712 [FXGL Background Thread 3 ] DEBUG Engine               - scaledWidthProp$fxgl: DoubleProperty [bound, value: 1050.0]
09:26:14.712 [FXGL Background Thread 3 ] DEBUG Engine               - sceneFactory: com.almasb.fxgl.app.scene.SceneFactory@4171a76
09:26:14.712 [FXGL Background Thread 3 ] DEBUG Engine               - secondsIn24h: 60
09:26:14.712 [FXGL Background Thread 3 ] DEBUG Engine               - soundMenuBack: menu/back.wav
09:26:14.713 [FXGL Background Thread 3 ] DEBUG Engine               - soundMenuPress: menu/press.wav
09:26:14.713 [FXGL Background Thread 3 ] DEBUG Engine               - soundMenuSelect: menu/select.wav
09:26:14.713 [FXGL Background Thread 3 ] DEBUG Engine               - soundNotification: core/notification.wav
09:26:14.713 [FXGL Background Thread 3 ] DEBUG Engine               - stageStyle: DECORATED
09:26:14.713 [FXGL Background Thread 3 ] DEBUG Engine               - supportedLanguages: [ENGLISH, FRENCH, GERMAN, HUNGARIAN, RUSSIAN]
09:26:14.714 [FXGL Background Thread 3 ] DEBUG Engine               - ticksPerSecond: -1
09:26:14.714 [FXGL Background Thread 3 ] DEBUG Engine               - title: Demo game
09:26:14.714 [FXGL Background Thread 3 ] DEBUG Engine               - urlGithub: https://github.com/AlmasB/FXGL
09:26:14.714 [FXGL Background Thread 3 ] DEBUG Engine               - urlLeaderboard: http://fxgl-top.herokuapp.com/
09:26:14.714 [FXGL Background Thread 3 ] DEBUG Engine               - urlPOM: https://raw.githubusercontent.com/AlmasB/FXGL/release/README.md
09:26:14.714 [FXGL Background Thread 3 ] DEBUG Engine               - userAppClass: class Game
09:26:14.714 [FXGL Background Thread 3 ] DEBUG Engine               - version: 1.1
09:26:14.714 [FXGL Background Thread 3 ] DEBUG Engine               - versionCheckDays: 7
09:26:14.715 [FXGL Background Thread 3 ] DEBUG Engine               - width: 1050
09:26:14.715 [FXGL Background Thread 3 ] DEBUG Engine               - Logging services
09:26:14.715 [FXGL Background Thread 3 ] DEBUG Engine               - class com.almasb.fxgl.app.services.FXGLAssetLoaderService
09:26:14.715 [FXGL Background Thread 3 ] DEBUG Engine               - class com.almasb.fxgl.app.FXGLApplication$GameApplicationService
09:26:14.715 [FXGL Background Thread 3 ] DEBUG Engine               - class com.almasb.fxgl.app.services.FXGLDialogService
09:26:14.715 [FXGL Background Thread 3 ] DEBUG Engine               - class com.almasb.fxgl.app.services.IOTaskExecutorService
09:26:14.715 [FXGL Background Thread 3 ] DEBUG Engine               - class com.almasb.fxgl.event.EventBusService
09:26:14.716 [FXGL Background Thread 3 ] DEBUG Engine               - class com.almasb.fxgl.io.FileSystemService
09:26:14.716 [FXGL Background Thread 3 ] DEBUG Engine               - class com.almasb.fxgl.localization.LocalizationService
09:26:14.716 [FXGL Background Thread 3 ] DEBUG Engine               - class com.almasb.fxgl.app.services.SystemBundleService
09:26:14.716 [FXGL Background Thread 3 ] DEBUG Engine               - class com.almasb.fxgl.profile.SaveLoadService
09:26:14.716 [FXGL Background Thread 3 ] DEBUG Engine               - class com.almasb.fxgl.ui.FXGLUIFactoryServiceProvider
09:26:14.716 [FXGL Background Thread 3 ] DEBUG Engine               - class com.almasb.fxgl.ui.FXGLDialogFactoryServiceProvider
09:26:14.716 [FXGL Background Thread 3 ] DEBUG Engine               - class com.almasb.fxgl.audio.AudioPlayer
09:26:14.716 [FXGL Background Thread 3 ] DEBUG Engine               - class com.almasb.fxgl.notification.impl.NotificationServiceProvider
09:26:14.716 [FXGL Background Thread 3 ] DEBUG Engine               - class com.almasb.fxgl.achievement.AchievementService
09:26:14.717 [FXGL Background Thread 3 ] DEBUG Engine               - class com.almasb.fxgl.cutscene.CutsceneService
09:26:14.717 [FXGL Background Thread 3 ] DEBUG Engine               - class com.almasb.fxgl.minigames.MiniGameService
09:26:14.717 [FXGL Background Thread 3 ] DEBUG Engine               - class com.almasb.fxgl.net.NetService
09:26:14.717 [FXGL Background Thread 3 ] DEBUG Engine               - class com.almasb.fxgl.app.services.UpdaterService
09:26:14.717 [FXGL Background Thread 3 ] DEBUG Engine               - class com.almasb.fxgl.dev.DevService
09:26:15.405 [JavaFX Application Thread] DEBUG FXGLApplication      - Exiting FXGL
09:26:15.405 [JavaFX Application Thread] DEBUG Async                - Shutting down background threads
09:26:15.405 [JavaFX Application Thread] DEBUG PrimaryStageWindow   - Closing main window
09:26:15.428 [JavaFX Application Thread] DEBUG Logger               - Closing Logger
