19:48:53.795 [main                     ] DEBUG Logger               - Configured Logger
19:48:53.801 [main                     ] DEBUG GameApplication      - Logging settings
Title: Demo game
Version: 1.0
Width: 800
Height: 800
Fullscreen: false
Intro: false
Profiling: false
Single step:false
App Mode: DEVELOPER
Menu Key: ESCAPE
Stage Style: DECORATED
Scene Factory: class com.almasb.fxgl.app.scene.SceneFactory

19:48:55.663 [JavaFX Application Thread] DEBUG FXGLApplication      - Initializing FXGL
19:48:55.670 [JavaFX Application Thread] INFO  Engine               - FXGL-11.14 (01.03.2021 16.59) on WINDOWS (J:18 FX:15)
19:48:55.672 [JavaFX Application Thread] DEBUG Engine               - JRE Vendor Name: Oracle Corporation
19:48:55.672 [JavaFX Application Thread] DEBUG Engine               - Running on OS: Windows 10 version 10.0
19:48:55.673 [JavaFX Application Thread] DEBUG Engine               - Architecture: amd64
19:48:55.673 [JavaFX Application Thread] INFO  Engine               - Source code and latest versions at: https://github.com/AlmasB/FXGL
19:48:55.674 [JavaFX Application Thread] INFO  Engine               -              Join the FXGL chat at: https://gitter.im/AlmasB/FXGL
19:48:56.094 [JavaFX Application Thread] DEBUG PrimaryStageWindow   - Creating a JavaFX scene
19:48:56.218 [JavaFX Application Thread] DEBUG PrimaryStageWindow   - Target settings size: 800.0 x 800.0
19:48:56.218 [JavaFX Application Thread] DEBUG PrimaryStageWindow   - Scaled scene size:    800.0 x 800.0
19:48:56.218 [JavaFX Application Thread] DEBUG PrimaryStageWindow   - Scaled ratio: (1.0, 1.0)
19:48:56.219 [JavaFX Application Thread] DEBUG PrimaryStageWindow   - Set initial scene to FXGLStartupScene
19:48:56.239 [JavaFX Application Thread] DEBUG PrimaryStageWindow   - Opening main window
19:48:56.450 [JavaFX Application Thread] DEBUG PrimaryStageWindow   - Window border size: (14.4000244140625, 37.5999755859375)
19:48:56.450 [JavaFX Application Thread] DEBUG PrimaryStageWindow   - Scaled size: 800.0 x 800.0
19:48:56.450 [JavaFX Application Thread] DEBUG PrimaryStageWindow   - Scaled ratio: (1.0, 1.0)
19:48:56.450 [JavaFX Application Thread] DEBUG PrimaryStageWindow   - Scene size: 800.0 x 800.0
19:48:56.450 [JavaFX Application Thread] DEBUG PrimaryStageWindow   - Stage size: 814.4000244140625 x 837.5999755859375
19:48:56.548 [FXGL Background Thread 1 ] DEBUG Engine               - Initializing environment variables
19:48:56.602 [FXGL Background Thread 1 ] DEBUG FXGLAssetLoaderServi - User app class for loading assets: class Game
19:48:56.603 [FXGL Background Thread 1 ] DEBUG GameApplicationServi - Applying CSS: fxgl_dark.css
19:48:56.604 [FXGL Background Thread 1 ] DEBUG FXGLAssetLoaderServi - Loading from file system: jar:file:/C:/Users/Eigenaar/.m2/repository/com/github/almasb/fxgl/11.14/fxgl-11.14.jar!/fxglassets/ui/css/fxgl_dark.css
19:48:56.675 [FXGL Background Thread 1 ] DEBUG GameApplicationServi - Initializing application scenes
19:48:56.769 [FXGL Background Thread 1 ] DEBUG GameWorld            - Game world initialized
19:48:56.851 [FXGL Background Thread 1 ] DEBUG PhysicsWorld         - Physics world initialized: appHeight=800, physics.ppm=50,0
19:48:56.851 [FXGL Background Thread 1 ] DEBUG PhysicsWorld         - Using strategy: BRUTE_FORCE
19:48:56.854 [FXGL Background Thread 1 ] DEBUG GameScene            - Game scene initialized: 800x800
19:48:56.904 [FXGL Background Thread 1 ] DEBUG FXGLAssetLoaderServi - Loading from file system: jar:file:/C:/Users/Eigenaar/.m2/repository/com/github/almasb/fxgl/11.14/fxgl-11.14.jar!/fxglassets/textures/particles/trace_horizontal.png
19:48:56.976 [FXGL Background Thread 1 ] DEBUG FXGL.DefaultMenu     - createMenuBodyGameMenu()
19:48:56.996 [FXGL Background Thread 1 ] DEBUG FXGL.DefaultMenu     - createOptionsMenu()
19:48:57.003 [FXGL Background Thread 1 ] DEBUG FXGLAssetLoaderServi - Loading from file system: jar:file:/C:/Users/Eigenaar/.m2/repository/com/github/almasb/fxgl/11.14/fxgl-11.14.jar!/fxglassets/textures/particles/smoke.png
19:48:57.080 [FXGL Background Thread 1 ] DEBUG GameApplicationServi - Application scenes initialized
19:48:57.112 [FXGL Background Thread 1 ] DEBUG SystemBundleService  - Loading FXGL system data
19:48:57.117 [FXGL Background Thread 1 ] DEBUG FileSystemAccess     - Reading from: C:\Users\Eigenaar\OneDrive - Hogeschool Leiden\IPOSE-Maven\system\fxgl.bundle
19:48:57.133 [FXGL Background Thread 1 ] DEBUG SystemBundleService  - Bundle FXGL: {}
19:48:57.133 [FXGL Background Thread 1 ] DEBUG UpdaterService       - Checking for updates
19:48:57.140 [FXGL Background Thread 1 ] DEBUG FXGLApplication      - Loading default localization
19:48:57.140 [FXGL Background Thread 1 ] DEBUG FXGLAssetLoaderServi - Loading from file system: jar:file:/C:/Users/Eigenaar/.m2/repository/com/github/almasb/fxgl/11.14/fxgl-11.14.jar!/fxglassets/languages/english.lang
19:48:57.169 [FXGL Background Thread 1 ] INFO  FXGLApplication      - FXGL initialization took: 0,620 sec
19:48:57.179 [JavaFX Application Thread] DEBUG Input                - Registered new binding: action0 - D
19:48:57.179 [JavaFX Application Thread] DEBUG Input                - Registered new binding: action1 - A
19:48:57.179 [JavaFX Application Thread] DEBUG Input                - Registered new binding: action2 - W
19:48:57.180 [JavaFX Application Thread] DEBUG Input                - Registered new binding: action3 - S
19:48:57.180 [JavaFX Application Thread] DEBUG FXGLAssetLoaderServi - Loading from file system: jar:file:/C:/Users/Eigenaar/.m2/repository/com/github/almasb/fxgl/11.14/fxgl-11.14.jar!/fxglassets/textures/fxgl_icon.png
19:48:57.245 [FXGL Background Thread 4 ] DEBUG FXGLApplication      - Loading fonts
19:48:57.247 [FXGL Background Thread 4 ] DEBUG FXGLAssetLoaderServi - Loading from file system: jar:file:/C:/Users/Eigenaar/.m2/repository/com/github/almasb/fxgl/11.14/fxgl-11.14.jar!/fxglassets/ui/fonts/VarelaRound-Regular.ttf
19:48:57.249 [JavaFX Application Thread] DEBUG FXGLAssetLoaderServi - Loading from file system: jar:file:/C:/Users/Eigenaar/.m2/repository/com/github/almasb/fxgl/11.14/fxgl-11.14.jar!/fxglassets/ui/cursors/fxgl_default.png
19:48:57.251 [JavaFX Application Thread] DEBUG Input                - Registered new binding: Screenshot - P
19:48:57.251 [JavaFX Application Thread] DEBUG Input                - Registered new binding: System info dump - CTRL+9
19:48:57.252 [JavaFX Application Thread] DEBUG Input                - Registered new binding: Restart - CTRL+R
19:48:57.253 [JavaFX Application Thread] DEBUG Input                - Registered new binding: Toggle Debug Camera - CTRL+C
19:48:57.294 [JavaFX Application Thread] DEBUG LoopRunner           - Starting loop
19:48:57.294 [JavaFX Application Thread] DEBUG LoopRunner           - Initializing JavaFX AnimationTimerLoop
19:48:57.296 [JavaFX Application Thread] DEBUG GameApplicationServi - Starting new game
19:48:57.297 [JavaFX Application Thread] DEBUG Input                - Clearing active input actions
19:48:57.312 [JavaFX Application Thread] DEBUG GameApplicationServi - Removing overlay from FXGLStartupScene and adding to FXGLLoadingScene
19:48:57.313 [JavaFX Application Thread] DEBUG PrimaryStageWindow   - FXGLStartupScene -> FXGLLoadingScene
19:48:57.313 [JavaFX Application Thread] DEBUG GameApplicationServi - Clearing previous game
19:48:57.313 [JavaFX Application Thread] DEBUG GameScene            - Clearing game scene
19:48:57.313 [JavaFX Application Thread] DEBUG GameWorld            - Clearing game world
19:48:57.313 [JavaFX Application Thread] DEBUG PhysicsWorld         - Clearing physics world
19:48:57.317 [FXGL Background Thread 1 ] DEBUG FXGLApplication      - Initializing game
19:48:57.323 [FXGL Background Thread 1 ] DEBUG FXGLAssetLoaderServi - Loading from file system: file:/C:/Users/Eigenaar/OneDrive%20-%20Hogeschool%20Leiden/IPOSE-Maven/target/classes/assets/textures/spaceinvaders.png
19:48:57.519 [FXGL Background Thread 1 ] INFO  FXGLApplication      - Game initialization took: 0,202 sec
19:48:57.649 [JavaFX Application Thread] DEBUG Input                - Clearing active input actions
19:48:57.660 [JavaFX Application Thread] DEBUG GameApplicationServi - Removing overlay from FXGLLoadingScene and adding to GameScene
19:48:57.660 [JavaFX Application Thread] DEBUG PrimaryStageWindow   - FXGLLoadingScene -> GameScene
19:48:57.913 [FXGL Background Thread 4 ] DEBUG FXGLAssetLoaderServi - Loading from file system: jar:file:/C:/Users/Eigenaar/.m2/repository/com/github/almasb/fxgl/11.14/fxgl-11.14.jar!/fxglassets/ui/fonts/Abel-Regular.ttf
19:48:57.923 [FXGL Background Thread 4 ] DEBUG FXGLAssetLoaderServi - Loading from file system: jar:file:/C:/Users/Eigenaar/.m2/repository/com/github/almasb/fxgl/11.14/fxgl-11.14.jar!/fxglassets/ui/fonts/lucida_console.ttf
19:48:57.937 [FXGL Background Thread 4 ] DEBUG FXGLAssetLoaderServi - Loading from file system: jar:file:/C:/Users/Eigenaar/.m2/repository/com/github/almasb/fxgl/11.14/fxgl-11.14.jar!/fxglassets/ui/fonts/Courier-Prime.ttf
19:48:57.948 [JavaFX Application Thread] DEBUG FXGLApplication      - Registering font factories with UI factory
19:48:58.084 [FXGL Background Thread 2 ] INFO  UpdaterService       - Your current version:  11.14
19:48:58.084 [FXGL Background Thread 2 ] INFO  UpdaterService       - Latest stable version: 17.1
19:49:00.153 [FXGL Background Thread 3 ] DEBUG Engine               - Logging environment variables
19:49:00.153 [FXGL Background Thread 3 ] DEBUG Engine               - achievements: []
19:49:00.154 [FXGL Background Thread 3 ] DEBUG Engine               - actualHeight: 800.0
19:49:00.154 [FXGL Background Thread 3 ] DEBUG Engine               - actualHeightProperty: ReadOnlyDoubleProperty [value: 800.0]
19:49:00.154 [FXGL Background Thread 3 ] DEBUG Engine               - actualWidth: 800.0
19:49:00.154 [FXGL Background Thread 3 ] DEBUG Engine               - actualWidthProperty: ReadOnlyDoubleProperty [value: 800.0]
19:49:00.154 [FXGL Background Thread 3 ] DEBUG Engine               - appIcon: fxgl_icon.png
19:49:00.154 [FXGL Background Thread 3 ] DEBUG Engine               - applicationMode: DEVELOPER
19:49:00.154 [FXGL Background Thread 3 ] DEBUG Engine               - cSSList: [fxgl_dark.css]
19:49:00.154 [FXGL Background Thread 3 ] DEBUG Engine               - collisionDetectionStrategy: BRUTE_FORCE
19:49:00.154 [FXGL Background Thread 3 ] DEBUG Engine               - configClass: Optional.empty
19:49:00.154 [FXGL Background Thread 3 ] DEBUG Engine               - credits: []
19:49:00.154 [FXGL Background Thread 3 ] DEBUG Engine               - devBBoxColorProperty: ObjectProperty [value: 0xff0000ff]
19:49:00.154 [FXGL Background Thread 3 ] DEBUG Engine               - devEnableDebugCameraProperty: BooleanProperty [value: false]
19:49:00.155 [FXGL Background Thread 3 ] DEBUG Engine               - devSensorColorProperty: ObjectProperty [value: 0xffff00ff]
19:49:00.155 [FXGL Background Thread 3 ] DEBUG Engine               - devShowBBoxProperty: BooleanProperty [value: false]
19:49:00.155 [FXGL Background Thread 3 ] DEBUG Engine               - devShowPositionProperty: BooleanProperty [value: false]
19:49:00.155 [FXGL Background Thread 3 ] DEBUG Engine               - enabledMenuItems: []
19:49:00.155 [FXGL Background Thread 3 ] DEBUG Engine               - engineServices: [class com.almasb.fxgl.app.services.FXGLAssetLoaderService, class com.almasb.fxgl.app.FXGLApplication$GameApplicationService, class com.almasb.fxgl.app.services.FXGLDialogService, class com.almasb.fxgl.app.services.IOTaskExecutorService, class com.almasb.fxgl.event.EventBusService, class com.almasb.fxgl.io.FileSystemService, class com.almasb.fxgl.localization.LocalizationService, class com.almasb.fxgl.app.services.SystemBundleService, class com.almasb.fxgl.profile.SaveLoadService, class com.almasb.fxgl.ui.FXGLUIFactoryServiceProvider, class com.almasb.fxgl.ui.FXGLDialogFactoryServiceProvider, class com.almasb.fxgl.audio.AudioPlayer, class com.almasb.fxgl.notification.impl.NotificationServiceProvider, class com.almasb.fxgl.achievement.AchievementService, class com.almasb.fxgl.cutscene.CutsceneService, class com.almasb.fxgl.minigames.MiniGameService, class com.almasb.fxgl.net.NetService, class com.almasb.fxgl.app.services.UpdaterService, class com.almasb.fxgl.dev.DevService]
19:49:00.155 [FXGL Background Thread 3 ] DEBUG Engine               - fontGame: Abel-Regular.ttf
19:49:00.155 [FXGL Background Thread 3 ] DEBUG Engine               - fontMono: lucida_console.ttf
19:49:00.155 [FXGL Background Thread 3 ] DEBUG Engine               - fontText: Courier-Prime.ttf
19:49:00.155 [FXGL Background Thread 3 ] DEBUG Engine               - fontUI: VarelaRound-Regular.ttf
19:49:00.155 [FXGL Background Thread 3 ] DEBUG Engine               - fullScreen: BooleanProperty [value: false]
19:49:00.155 [FXGL Background Thread 3 ] DEBUG Engine               - gameDifficulty: MEDIUM
19:49:00.155 [FXGL Background Thread 3 ] DEBUG Engine               - gameDifficultyProperty: ObjectProperty [value: MEDIUM]
19:49:00.155 [FXGL Background Thread 3 ] DEBUG Engine               - globalMusicVolume: 0.5
19:49:00.155 [FXGL Background Thread 3 ] DEBUG Engine               - globalMusicVolumeProperty: DoubleProperty [value: 0.5]
19:49:00.155 [FXGL Background Thread 3 ] DEBUG Engine               - globalSoundVolume: 0.5
19:49:00.155 [FXGL Background Thread 3 ] DEBUG Engine               - globalSoundVolumeProperty: DoubleProperty [value: 0.5]
19:49:00.155 [FXGL Background Thread 3 ] DEBUG Engine               - height: 800
19:49:00.155 [FXGL Background Thread 3 ] DEBUG Engine               - isAndroid: false
19:49:00.156 [FXGL Background Thread 3 ] DEBUG Engine               - isBrowser: false
19:49:00.156 [FXGL Background Thread 3 ] DEBUG Engine               - isClickFeedbackEnabled: false
19:49:00.156 [FXGL Background Thread 3 ] DEBUG Engine               - isCloseConfirmation: false
19:49:00.156 [FXGL Background Thread 3 ] DEBUG Engine               - isDesktop: true
19:49:00.156 [FXGL Background Thread 3 ] DEBUG Engine               - isDeveloperMenuEnabled: false
19:49:00.156 [FXGL Background Thread 3 ] DEBUG Engine               - isEntityPreloadEnabled: true
19:49:00.156 [FXGL Background Thread 3 ] DEBUG Engine               - isExperimental3D: false
19:49:00.156 [FXGL Background Thread 3 ] DEBUG Engine               - isExperimentalNative: false
19:49:00.156 [FXGL Background Thread 3 ] DEBUG Engine               - isExperimentalTiledLargeMap: false
19:49:00.156 [FXGL Background Thread 3 ] DEBUG Engine               - isFileSystemWriteAllowed: true
19:49:00.156 [FXGL Background Thread 3 ] DEBUG Engine               - isFullScreenAllowed: false
19:49:00.156 [FXGL Background Thread 3 ] DEBUG Engine               - isFullScreenFromStart: false
19:49:00.156 [FXGL Background Thread 3 ] DEBUG Engine               - isGameMenuEnabled: true
19:49:00.156 [FXGL Background Thread 3 ] DEBUG Engine               - isIOS: false
19:49:00.156 [FXGL Background Thread 3 ] DEBUG Engine               - isIntroEnabled: false
19:49:00.156 [FXGL Background Thread 3 ] DEBUG Engine               - isLinux: false
19:49:00.156 [FXGL Background Thread 3 ] DEBUG Engine               - isMac: false
19:49:00.156 [FXGL Background Thread 3 ] DEBUG Engine               - isMainMenuEnabled: false
19:49:00.157 [FXGL Background Thread 3 ] DEBUG Engine               - isManualResizeEnabled: false
19:49:00.157 [FXGL Background Thread 3 ] DEBUG Engine               - isMobile: false
19:49:00.157 [FXGL Background Thread 3 ] DEBUG Engine               - isPreserveResizeRatio: false
19:49:00.157 [FXGL Background Thread 3 ] DEBUG Engine               - isProfilingEnabled: false
19:49:00.157 [FXGL Background Thread 3 ] DEBUG Engine               - isScaleAffectedOnResize: true
19:49:00.157 [FXGL Background Thread 3 ] DEBUG Engine               - isSingleStep: false
19:49:00.157 [FXGL Background Thread 3 ] DEBUG Engine               - isUserProfileEnabled: false
19:49:00.157 [FXGL Background Thread 3 ] DEBUG Engine               - isWindows: true
19:49:00.157 [FXGL Background Thread 3 ] DEBUG Engine               - language: ObjectProperty [value: ENGLISH]
19:49:00.157 [FXGL Background Thread 3 ] DEBUG Engine               - menuKey: ESCAPE
19:49:00.157 [FXGL Background Thread 3 ] DEBUG Engine               - notificationViewClass: class com.almasb.fxgl.notification.view.XboxNotificationView
19:49:00.157 [FXGL Background Thread 3 ] DEBUG Engine               - pixelsPerMeter: 50.0
19:49:00.157 [FXGL Background Thread 3 ] DEBUG Engine               - platform: WINDOWS
19:49:00.157 [FXGL Background Thread 3 ] DEBUG Engine               - prefHeightProperty: ReadOnlyDoubleProperty [value: 800.0]
19:49:00.157 [FXGL Background Thread 3 ] DEBUG Engine               - prefWidthProperty: ReadOnlyDoubleProperty [value: 800.0]
19:49:00.157 [FXGL Background Thread 3 ] DEBUG Engine               - profileDir: profiles/
19:49:00.157 [FXGL Background Thread 3 ] DEBUG Engine               - profileName: StringProperty [value: DEFAULT]
19:49:00.157 [FXGL Background Thread 3 ] DEBUG Engine               - randomSeed: -1
19:49:00.157 [FXGL Background Thread 3 ] DEBUG Engine               - runtimeInfo: RuntimeInfo(platform=WINDOWS, version=11.14, build=01.03.2021 16.59)
19:49:00.158 [FXGL Background Thread 3 ] DEBUG Engine               - saveFileExt: sav
19:49:00.159 [FXGL Background Thread 3 ] DEBUG Engine               - scaledHeightProp$fxgl: DoubleProperty [bound, value: 800.0]
19:49:00.159 [FXGL Background Thread 3 ] DEBUG Engine               - scaledWidthProp$fxgl: DoubleProperty [bound, value: 800.0]
19:49:00.159 [FXGL Background Thread 3 ] DEBUG Engine               - sceneFactory: com.almasb.fxgl.app.scene.SceneFactory@2a60b056
19:49:00.159 [FXGL Background Thread 3 ] DEBUG Engine               - secondsIn24h: 60
19:49:00.160 [FXGL Background Thread 3 ] DEBUG Engine               - soundMenuBack: menu/back.wav
19:49:00.160 [FXGL Background Thread 3 ] DEBUG Engine               - soundMenuPress: menu/press.wav
19:49:00.160 [FXGL Background Thread 3 ] DEBUG Engine               - soundMenuSelect: menu/select.wav
19:49:00.160 [FXGL Background Thread 3 ] DEBUG Engine               - soundNotification: core/notification.wav
19:49:00.160 [FXGL Background Thread 3 ] DEBUG Engine               - stageStyle: DECORATED
19:49:00.160 [FXGL Background Thread 3 ] DEBUG Engine               - supportedLanguages: [ENGLISH, FRENCH, GERMAN, HUNGARIAN, RUSSIAN]
19:49:00.160 [FXGL Background Thread 3 ] DEBUG Engine               - ticksPerSecond: -1
19:49:00.160 [FXGL Background Thread 3 ] DEBUG Engine               - title: Demo game
19:49:00.160 [FXGL Background Thread 3 ] DEBUG Engine               - urlGithub: https://github.com/AlmasB/FXGL
19:49:00.160 [FXGL Background Thread 3 ] DEBUG Engine               - urlLeaderboard: http://fxgl-top.herokuapp.com/
19:49:00.161 [FXGL Background Thread 3 ] DEBUG Engine               - urlPOM: https://raw.githubusercontent.com/AlmasB/FXGL/release/README.md
19:49:00.161 [FXGL Background Thread 3 ] DEBUG Engine               - userAppClass: class Game
19:49:00.161 [FXGL Background Thread 3 ] DEBUG Engine               - version: 1.0
19:49:00.161 [FXGL Background Thread 3 ] DEBUG Engine               - versionCheckDays: 7
19:49:00.161 [FXGL Background Thread 3 ] DEBUG Engine               - width: 800
19:49:00.161 [FXGL Background Thread 3 ] DEBUG Engine               - Logging services
19:49:00.161 [FXGL Background Thread 3 ] DEBUG Engine               - class com.almasb.fxgl.app.services.FXGLAssetLoaderService
19:49:00.161 [FXGL Background Thread 3 ] DEBUG Engine               - class com.almasb.fxgl.app.FXGLApplication$GameApplicationService
19:49:00.161 [FXGL Background Thread 3 ] DEBUG Engine               - class com.almasb.fxgl.app.services.FXGLDialogService
19:49:00.161 [FXGL Background Thread 3 ] DEBUG Engine               - class com.almasb.fxgl.app.services.IOTaskExecutorService
19:49:00.161 [FXGL Background Thread 3 ] DEBUG Engine               - class com.almasb.fxgl.event.EventBusService
19:49:00.161 [FXGL Background Thread 3 ] DEBUG Engine               - class com.almasb.fxgl.io.FileSystemService
19:49:00.161 [FXGL Background Thread 3 ] DEBUG Engine               - class com.almasb.fxgl.localization.LocalizationService
19:49:00.161 [FXGL Background Thread 3 ] DEBUG Engine               - class com.almasb.fxgl.app.services.SystemBundleService
19:49:00.161 [FXGL Background Thread 3 ] DEBUG Engine               - class com.almasb.fxgl.profile.SaveLoadService
19:49:00.162 [FXGL Background Thread 3 ] DEBUG Engine               - class com.almasb.fxgl.ui.FXGLUIFactoryServiceProvider
19:49:00.162 [FXGL Background Thread 3 ] DEBUG Engine               - class com.almasb.fxgl.ui.FXGLDialogFactoryServiceProvider
19:49:00.162 [FXGL Background Thread 3 ] DEBUG Engine               - class com.almasb.fxgl.audio.AudioPlayer
19:49:00.162 [FXGL Background Thread 3 ] DEBUG Engine               - class com.almasb.fxgl.notification.impl.NotificationServiceProvider
19:49:00.162 [FXGL Background Thread 3 ] DEBUG Engine               - class com.almasb.fxgl.achievement.AchievementService
19:49:00.162 [FXGL Background Thread 3 ] DEBUG Engine               - class com.almasb.fxgl.cutscene.CutsceneService
19:49:00.162 [FXGL Background Thread 3 ] DEBUG Engine               - class com.almasb.fxgl.minigames.MiniGameService
19:49:00.162 [FXGL Background Thread 3 ] DEBUG Engine               - class com.almasb.fxgl.net.NetService
19:49:00.162 [FXGL Background Thread 3 ] DEBUG Engine               - class com.almasb.fxgl.app.services.UpdaterService
19:49:00.162 [FXGL Background Thread 3 ] DEBUG Engine               - class com.almasb.fxgl.dev.DevService
19:49:03.038 [JavaFX Application Thread] DEBUG FXGLApplication      - Exiting FXGL
19:49:03.038 [JavaFX Application Thread] DEBUG LoopRunner           - Stopping loop
19:49:03.038 [JavaFX Application Thread] DEBUG SystemBundleService  - Saving FXGL system data
19:49:03.040 [JavaFX Application Thread] DEBUG FileSystemAccess     - Writing to: C:\Users\Eigenaar\OneDrive - Hogeschool Leiden\IPOSE-Maven\system\fxgl.bundle
19:49:03.042 [JavaFX Application Thread] DEBUG Async                - Shutting down background threads
19:49:03.042 [JavaFX Application Thread] DEBUG PrimaryStageWindow   - Closing main window
19:49:03.064 [JavaFX Application Thread] DEBUG Logger               - Closing Logger
