09:36:26.855 [main                     ] DEBUG Logger               - Configured Logger
09:36:26.876 [main                     ] DEBUG GameApplication      - Logging settings
Title: A Way Out
Version: 1.2
Width: 1050
Height: 640
Fullscreen: false
Intro: false
Profiling: false
Single step:false
App Mode: DEVELOPER
Menu Key: ESCAPE
Stage Style: DECORATED
Scene Factory: class UISceneFactory

09:36:27.248 [JavaFX Application Thread] DEBUG FXGLApplication      - Initializing FXGL
09:36:27.250 [JavaFX Application Thread] INFO  Engine               - FXGL-11.14 (01.03.2021 16.59) on MAC (J:15.0.2 FX:15)
09:36:27.251 [JavaFX Application Thread] DEBUG Engine               - JRE Vendor Name: Amazon.com Inc.
09:36:27.251 [JavaFX Application Thread] DEBUG Engine               - Running on OS: Mac OS X version 12.3.1
09:36:27.251 [JavaFX Application Thread] DEBUG Engine               - Architecture: x86_64
09:36:27.251 [JavaFX Application Thread] INFO  Engine               - Source code and latest versions at: https://github.com/AlmasB/FXGL
09:36:27.251 [JavaFX Application Thread] INFO  Engine               -              Join the FXGL chat at: https://gitter.im/AlmasB/FXGL
09:36:27.378 [JavaFX Application Thread] DEBUG PrimaryStageWindow   - Creating a JavaFX scene
09:36:27.429 [JavaFX Application Thread] DEBUG PrimaryStageWindow   - Target settings size: 1050.0 x 640.0
09:36:27.430 [JavaFX Application Thread] DEBUG PrimaryStageWindow   - Scaled scene size:    1050.0 x 640.0
09:36:27.430 [JavaFX Application Thread] DEBUG PrimaryStageWindow   - Scaled ratio: (1.0, 1.0)
09:36:27.431 [JavaFX Application Thread] DEBUG PrimaryStageWindow   - Set initial scene to FXGLStartupScene
09:36:27.438 [JavaFX Application Thread] DEBUG PrimaryStageWindow   - Opening main window
09:36:27.517 [JavaFX Application Thread] DEBUG PrimaryStageWindow   - Window border size: (0.0, 28.0)
09:36:27.517 [JavaFX Application Thread] DEBUG PrimaryStageWindow   - Scaled size: 1050.0 x 640.0
09:36:27.518 [JavaFX Application Thread] DEBUG PrimaryStageWindow   - Scaled ratio: (1.0, 1.0)
09:36:27.518 [JavaFX Application Thread] DEBUG PrimaryStageWindow   - Scene size: 1050.0 x 640.0
09:36:27.518 [JavaFX Application Thread] DEBUG PrimaryStageWindow   - Stage size: 1050.0 x 668.0
09:36:27.525 [FXGL Background Thread 1 ] DEBUG Engine               - Initializing environment variables
09:36:27.555 [FXGL Background Thread 1 ] DEBUG FXGLAssetLoaderServi - User app class for loading assets: class Game
09:36:27.555 [FXGL Background Thread 1 ] DEBUG GameApplicationServi - Applying CSS: fxgl_dark.css
09:36:27.556 [FXGL Background Thread 1 ] DEBUG FXGLAssetLoaderServi - Loading from file system: jar:file:/Users/merdanusta/.m2/repository/com/github/almasb/fxgl/11.14/fxgl-11.14.jar!/fxglassets/ui/css/fxgl_dark.css
09:36:27.610 [FXGL Background Thread 1 ] DEBUG GameApplicationServi - Initializing application scenes
09:36:27.883 [FXGL Background Thread 1 ] DEBUG GameWorld            - Game world initialized
09:36:27.938 [FXGL Background Thread 1 ] DEBUG PhysicsWorld         - Physics world initialized: appHeight=640, physics.ppm=50.0
09:36:27.939 [FXGL Background Thread 1 ] DEBUG PhysicsWorld         - Using strategy: BRUTE_FORCE
09:36:27.942 [FXGL Background Thread 1 ] DEBUG GameScene            - Game scene initialized: 1050x640
09:36:28.090 [FXGL Background Thread 1 ] DEBUG FXGLAssetLoaderServi - Loading from file system: jar:file:/Users/merdanusta/.m2/repository/com/github/almasb/fxgl/11.14/fxgl-11.14.jar!/fxglassets/textures/particles/trace_horizontal.png
09:36:28.111 [FXGL Background Thread 1 ] DEBUG FXGL.DefaultMenu     - createMenuBodyGameMenu()
09:36:28.120 [FXGL Background Thread 1 ] DEBUG FXGL.DefaultMenu     - createOptionsMenu()
09:36:28.123 [FXGL Background Thread 1 ] DEBUG FXGLAssetLoaderServi - Loading from file system: jar:file:/Users/merdanusta/.m2/repository/com/github/almasb/fxgl/11.14/fxgl-11.14.jar!/fxglassets/textures/particles/smoke.png
09:36:28.173 [FXGL Background Thread 1 ] DEBUG GameApplicationServi - Application scenes initialized
09:36:28.182 [FXGL Background Thread 1 ] DEBUG SystemBundleService  - Loading FXGL system data
09:36:28.187 [FXGL Background Thread 1 ] DEBUG FileSystemAccess     - Reading from: /Users/merdanusta/IdeaProjects/IPOSE-Maven/system/fxgl.bundle
09:36:28.197 [FXGL Background Thread 1 ] DEBUG SystemBundleService  - Bundle FXGL: {}
09:36:28.198 [FXGL Background Thread 1 ] DEBUG UpdaterService       - Checking for updates
09:36:28.202 [FXGL Background Thread 4 ] DEBUG FXGLApplication      - Loading fonts
09:36:28.203 [FXGL Background Thread 1 ] DEBUG FXGLApplication      - Loading default localization
09:36:28.203 [FXGL Background Thread 4 ] DEBUG FXGLAssetLoaderServi - Loading from file system: jar:file:/Users/merdanusta/.m2/repository/com/github/almasb/fxgl/11.14/fxgl-11.14.jar!/fxglassets/ui/fonts/VarelaRound-Regular.ttf
09:36:28.204 [FXGL Background Thread 1 ] DEBUG FXGLAssetLoaderServi - Loading from file system: jar:file:/Users/merdanusta/.m2/repository/com/github/almasb/fxgl/11.14/fxgl-11.14.jar!/fxglassets/languages/english.lang
09:36:28.220 [FXGL Background Thread 4 ] DEBUG FXGLAssetLoaderServi - Loading from file system: jar:file:/Users/merdanusta/.m2/repository/com/github/almasb/fxgl/11.14/fxgl-11.14.jar!/fxglassets/ui/fonts/Abel-Regular.ttf
09:36:28.223 [FXGL Background Thread 4 ] DEBUG FXGLAssetLoaderServi - Loading from file system: jar:file:/Users/merdanusta/.m2/repository/com/github/almasb/fxgl/11.14/fxgl-11.14.jar!/fxglassets/ui/fonts/lucida_console.ttf
09:36:28.225 [FXGL Background Thread 1 ] INFO  FXGLApplication      - FXGL initialization took: 0.700 sec
09:36:28.230 [FXGL Background Thread 4 ] DEBUG FXGLAssetLoaderServi - Loading from file system: jar:file:/Users/merdanusta/.m2/repository/com/github/almasb/fxgl/11.14/fxgl-11.14.jar!/fxglassets/ui/fonts/Courier-Prime.ttf
09:36:28.236 [JavaFX Application Thread] DEBUG Input                - Registered new binding: left - A
09:36:28.236 [JavaFX Application Thread] DEBUG Input                - Registered new binding: right - D
09:36:28.236 [JavaFX Application Thread] DEBUG Input                - Registered new binding: jump - W
09:36:28.237 [JavaFX Application Thread] DEBUG FXGLAssetLoaderServi - Loading from file system: file:/Users/merdanusta/IdeaProjects/IPOSE-Maven/target/classes/assets/music/dungeon.wav
09:36:28.422 [JavaFX Application Thread] DEBUG AudioPlayer          - Playing music com.almasb.fxgl.audio.Music@18f788c
09:36:28.428 [JavaFX Application Thread] DEBUG FXGLAssetLoaderServi - Loading from file system: jar:file:/Users/merdanusta/.m2/repository/com/github/almasb/fxgl/11.14/fxgl-11.14.jar!/fxglassets/textures/fxgl_icon.png
09:36:28.446 [JavaFX Application Thread] DEBUG FXGLAssetLoaderServi - Loading from file system: jar:file:/Users/merdanusta/.m2/repository/com/github/almasb/fxgl/11.14/fxgl-11.14.jar!/fxglassets/ui/cursors/fxgl_default.png
09:36:28.448 [JavaFX Application Thread] DEBUG Input                - Registered new binding: Screenshot - P
09:36:28.448 [JavaFX Application Thread] DEBUG Input                - Registered new binding: System info dump - CTRL+9
09:36:28.449 [JavaFX Application Thread] DEBUG Input                - Registered new binding: Restart - CTRL+R
09:36:28.449 [JavaFX Application Thread] DEBUG Input                - Registered new binding: Toggle Debug Camera - CTRL+C
09:36:28.451 [JavaFX Application Thread] DEBUG LoopRunner           - Starting loop
09:36:28.451 [JavaFX Application Thread] DEBUG LoopRunner           - Initializing JavaFX AnimationTimerLoop
09:36:28.453 [JavaFX Application Thread] DEBUG Input                - Clearing active input actions
09:36:28.459 [JavaFX Application Thread] DEBUG GameApplicationServi - Removing overlay from FXGLStartupScene and adding to FXGLMainMenuDummyScene
09:36:28.459 [JavaFX Application Thread] DEBUG PrimaryStageWindow   - FXGLStartupScene -> FXGLMainMenuDummyScene
09:36:28.459 [JavaFX Application Thread] DEBUG PrimaryStageWindow   - Push state: StartMenu
09:36:28.459 [JavaFX Application Thread] DEBUG Input                - Clearing active input actions
09:36:28.467 [JavaFX Application Thread] DEBUG GameApplicationServi - Removing overlay from FXGLMainMenuDummyScene and adding to StartMenu
09:36:28.468 [JavaFX Application Thread] DEBUG PrimaryStageWindow   - FXGLMainMenuDummyScene -> StartMenu
09:36:28.494 [JavaFX Application Thread] DEBUG FXGLApplication      - Registering font factories with UI factory
09:36:28.631 [FXGL Background Thread 2 ] INFO  UpdaterService       - Your current version:  11.14
09:36:28.631 [FXGL Background Thread 2 ] INFO  UpdaterService       - Latest stable version: 17.1
09:36:29.556 [JavaFX Application Thread] DEBUG FXGLApplication      - Exiting FXGL
09:36:29.556 [JavaFX Application Thread] DEBUG LoopRunner           - Stopping loop
09:36:29.557 [JavaFX Application Thread] DEBUG SystemBundleService  - Saving FXGL system data
09:36:29.560 [JavaFX Application Thread] DEBUG FileSystemAccess     - Writing to: /Users/merdanusta/IdeaProjects/IPOSE-Maven/system/fxgl.bundle
09:36:29.562 [JavaFX Application Thread] DEBUG Async                - Shutting down background threads
09:36:29.563 [JavaFX Application Thread] DEBUG PrimaryStageWindow   - Closing main window
09:36:29.572 [JavaFX Application Thread] DEBUG Logger               - Closing Logger
