11:43:37.431 [main                     ] DEBUG Logger               - Configured Logger
11:43:37.443 [main                     ] DEBUG GameApplication      - Logging settings
Title: Demo game
Version: 1.2
Width: 1050
Height: 700
Fullscreen: false
Intro: false
Profiling: false
Single step:false
App Mode: DEVELOPER
Menu Key: ESCAPE
Stage Style: DECORATED
Scene Factory: class com.almasb.fxgl.app.scene.SceneFactory

11:43:37.845 [JavaFX Application Thread] DEBUG FXGLApplication      - Initializing FXGL
11:43:37.847 [JavaFX Application Thread] INFO  Engine               - FXGL-11.14 (01.03.2021 16.59) on MAC (J:15.0.2 FX:15)
11:43:37.847 [JavaFX Application Thread] DEBUG Engine               - JRE Vendor Name: Amazon.com Inc.
11:43:37.848 [JavaFX Application Thread] DEBUG Engine               - Running on OS: Mac OS X version 12.3
11:43:37.848 [JavaFX Application Thread] DEBUG Engine               - Architecture: x86_64
11:43:37.848 [JavaFX Application Thread] INFO  Engine               - Source code and latest versions at: https://github.com/AlmasB/FXGL
11:43:37.848 [JavaFX Application Thread] INFO  Engine               -              Join the FXGL chat at: https://gitter.im/AlmasB/FXGL
11:43:37.948 [JavaFX Application Thread] DEBUG PrimaryStageWindow   - Creating a JavaFX scene
11:43:37.988 [JavaFX Application Thread] DEBUG PrimaryStageWindow   - Target settings size: 1050.0 x 700.0
11:43:37.988 [JavaFX Application Thread] DEBUG PrimaryStageWindow   - Scaled scene size:    1050.0 x 700.0
11:43:37.988 [JavaFX Application Thread] DEBUG PrimaryStageWindow   - Scaled ratio: (1.0, 1.0)
11:43:37.989 [JavaFX Application Thread] DEBUG PrimaryStageWindow   - Set initial scene to FXGLStartupScene
11:43:37.994 [JavaFX Application Thread] DEBUG PrimaryStageWindow   - Opening main window
11:43:38.078 [JavaFX Application Thread] DEBUG PrimaryStageWindow   - Window border size: (0.0, 28.0)
11:43:38.079 [JavaFX Application Thread] DEBUG PrimaryStageWindow   - Scaled size: 1050.0 x 700.0
11:43:38.079 [JavaFX Application Thread] DEBUG PrimaryStageWindow   - Scaled ratio: (1.0, 1.0)
11:43:38.079 [JavaFX Application Thread] DEBUG PrimaryStageWindow   - Scene size: 1050.0 x 700.0
11:43:38.080 [JavaFX Application Thread] DEBUG PrimaryStageWindow   - Stage size: 1050.0 x 728.0
11:43:38.088 [FXGL Background Thread 1 ] DEBUG Engine               - Initializing environment variables
11:43:38.123 [FXGL Background Thread 1 ] DEBUG FXGLAssetLoaderServi - User app class for loading assets: class Game
11:43:38.123 [FXGL Background Thread 1 ] DEBUG GameApplicationServi - Applying CSS: fxgl_dark.css
11:43:38.125 [FXGL Background Thread 1 ] DEBUG FXGLAssetLoaderServi - Loading from file system: jar:file:/Users/merdanusta/.m2/repository/com/github/almasb/fxgl/11.14/fxgl-11.14.jar!/fxglassets/ui/css/fxgl_dark.css
11:43:38.177 [FXGL Background Thread 1 ] DEBUG GameApplicationServi - Initializing application scenes
11:43:38.377 [FXGL Background Thread 1 ] DEBUG GameWorld            - Game world initialized
11:43:38.411 [FXGL Background Thread 1 ] DEBUG PhysicsWorld         - Physics world initialized: appHeight=700, physics.ppm=50.0
11:43:38.411 [FXGL Background Thread 1 ] DEBUG PhysicsWorld         - Using strategy: BRUTE_FORCE
11:43:38.413 [FXGL Background Thread 1 ] DEBUG GameScene            - Game scene initialized: 1050x700
11:43:38.438 [FXGL Background Thread 1 ] DEBUG FXGLAssetLoaderServi - Loading from file system: jar:file:/Users/merdanusta/.m2/repository/com/github/almasb/fxgl/11.14/fxgl-11.14.jar!/fxglassets/textures/particles/trace_horizontal.png
11:43:38.477 [FXGL Background Thread 1 ] DEBUG FXGL.DefaultMenu     - createMenuBodyGameMenu()
11:43:38.493 [FXGL Background Thread 1 ] DEBUG FXGL.DefaultMenu     - createOptionsMenu()
11:43:38.498 [FXGL Background Thread 1 ] DEBUG FXGLAssetLoaderServi - Loading from file system: jar:file:/Users/merdanusta/.m2/repository/com/github/almasb/fxgl/11.14/fxgl-11.14.jar!/fxglassets/textures/particles/smoke.png
11:43:38.540 [FXGL Background Thread 1 ] DEBUG GameApplicationServi - Application scenes initialized
11:43:38.550 [FXGL Background Thread 1 ] DEBUG SystemBundleService  - Loading FXGL system data
11:43:38.553 [FXGL Background Thread 1 ] DEBUG FileSystemAccess     - Reading from: /Users/merdanusta/IdeaProjects/IPOSE-Maven/system/fxgl.bundle
11:43:38.558 [FXGL Background Thread 1 ] DEBUG SystemBundleService  - Bundle FXGL: {}
11:43:38.559 [FXGL Background Thread 1 ] DEBUG UpdaterService       - Checking for updates
11:43:38.561 [FXGL Background Thread 4 ] DEBUG FXGLApplication      - Loading fonts
11:43:38.562 [FXGL Background Thread 1 ] DEBUG FXGLApplication      - Loading default localization
11:43:38.562 [FXGL Background Thread 4 ] DEBUG FXGLAssetLoaderServi - Loading from file system: jar:file:/Users/merdanusta/.m2/repository/com/github/almasb/fxgl/11.14/fxgl-11.14.jar!/fxglassets/ui/fonts/VarelaRound-Regular.ttf
11:43:38.563 [FXGL Background Thread 1 ] DEBUG FXGLAssetLoaderServi - Loading from file system: jar:file:/Users/merdanusta/.m2/repository/com/github/almasb/fxgl/11.14/fxgl-11.14.jar!/fxglassets/languages/english.lang
11:43:38.574 [FXGL Background Thread 1 ] INFO  FXGLApplication      - FXGL initialization took: 0.486 sec
11:43:38.575 [FXGL Background Thread 4 ] DEBUG FXGLAssetLoaderServi - Loading from file system: jar:file:/Users/merdanusta/.m2/repository/com/github/almasb/fxgl/11.14/fxgl-11.14.jar!/fxglassets/ui/fonts/Abel-Regular.ttf
11:43:38.577 [FXGL Background Thread 4 ] DEBUG FXGLAssetLoaderServi - Loading from file system: jar:file:/Users/merdanusta/.m2/repository/com/github/almasb/fxgl/11.14/fxgl-11.14.jar!/fxglassets/ui/fonts/lucida_console.ttf
11:43:38.580 [FXGL Background Thread 4 ] DEBUG FXGLAssetLoaderServi - Loading from file system: jar:file:/Users/merdanusta/.m2/repository/com/github/almasb/fxgl/11.14/fxgl-11.14.jar!/fxglassets/ui/fonts/Courier-Prime.ttf
11:43:38.581 [JavaFX Application Thread] DEBUG Input                - Registered new binding: Left - A
11:43:38.581 [JavaFX Application Thread] DEBUG Input                - Registered new binding: Right - D
11:43:38.582 [JavaFX Application Thread] DEBUG Input                - Registered new binding: Jump - W
11:43:38.582 [JavaFX Application Thread] DEBUG FXGLAssetLoaderServi - Loading from file system: jar:file:/Users/merdanusta/.m2/repository/com/github/almasb/fxgl/11.14/fxgl-11.14.jar!/fxglassets/textures/fxgl_icon.png
11:43:38.609 [JavaFX Application Thread] DEBUG FXGLAssetLoaderServi - Loading from file system: jar:file:/Users/merdanusta/.m2/repository/com/github/almasb/fxgl/11.14/fxgl-11.14.jar!/fxglassets/ui/cursors/fxgl_default.png
11:43:38.611 [JavaFX Application Thread] DEBUG Input                - Registered new binding: Screenshot - P
11:43:38.611 [JavaFX Application Thread] DEBUG Input                - Registered new binding: System info dump - CTRL+9
11:43:38.611 [JavaFX Application Thread] DEBUG Input                - Registered new binding: Restart - CTRL+R
11:43:38.612 [JavaFX Application Thread] DEBUG Input                - Registered new binding: Toggle Debug Camera - CTRL+C
11:43:38.613 [JavaFX Application Thread] DEBUG LoopRunner           - Starting loop
11:43:38.613 [JavaFX Application Thread] DEBUG LoopRunner           - Initializing JavaFX AnimationTimerLoop
11:43:38.614 [JavaFX Application Thread] DEBUG GameApplicationServi - Starting new game
11:43:38.615 [JavaFX Application Thread] DEBUG Input                - Clearing active input actions
11:43:38.622 [JavaFX Application Thread] DEBUG GameApplicationServi - Removing overlay from FXGLStartupScene and adding to FXGLLoadingScene
11:43:38.622 [JavaFX Application Thread] DEBUG PrimaryStageWindow   - FXGLStartupScene -> FXGLLoadingScene
11:43:38.623 [JavaFX Application Thread] DEBUG GameApplicationServi - Clearing previous game
11:43:38.623 [JavaFX Application Thread] DEBUG GameScene            - Clearing game scene
11:43:38.623 [JavaFX Application Thread] DEBUG GameWorld            - Clearing game world
11:43:38.623 [JavaFX Application Thread] DEBUG PhysicsWorld         - Clearing physics world
11:43:38.624 [FXGL Background Thread 4 ] DEBUG FXGLApplication      - Initializing game
11:43:38.644 [FXGL Background Thread 4 ] WARN  TMXLevelLoader       - TiledMap generated from 1.0.1. Supported version: 1.2.3. Some features may not be parsed fully.
11:43:38.650 [FXGL Background Thread 4 ] DEBUG TMXLevelLoader       - Parsed raw map: TiledMap(width=15, height=10, tilewidth=70, tileheight=70, orientation=orthogonal, layers=[Layer(width=15, height=10, name=Tile Layer 1, type=tilelayer, visible=false, x=0, y=0, data=[153, 0, 0, 0, 0, 0, 0, 0, 0, 0, 0, 0, 0, 0, 0, 153, 2, 0, 0, 69, 57, 45, 0, 0, 0, 0, 0, 0, 0, 0, 153, 10, 0, 0, 0, 0, 0, 0, 0, 0, 0, 0, 0, 0, 0, 153, 153, 0, 0, 0, 0, 0, 0, 15, 3, 3, 27, 0, 0, 0, 153, 153, 0, 0, 0, 0, 0, 0, 0, 0, 0, 0, 0, 0, 0, 153, 153, 0, 0, 0, 0, 0, 0, 0, 0, 0, 0, 0, 0, 116, 153, 153, 0, 0, 0, 0, 0, 0, 15, 3, 3, 27, 0, 116, 153, 153, 153, 0, 0, 69, 81, 57, 0, 0, 0, 0, 0, 0, 153, 153, 153, 153, 0, 0, 0, 0, 0, 0, 0, 0, 0, 0, 0, 153, 153, 153, 153, 10, 105, 0, 0, 0, 129, 105, 0, 0, 0, 129, 153, 153], objects=[], opacity=0.0, draworder=), Layer(width=0, height=0, name=Object Layer 1, type=objectgroup, visible=false, x=0, y=0, data=[], objects=[com.almasb.fxgl.entity.level.tiled.TiledObject@66151fb0, com.almasb.fxgl.entity.level.tiled.TiledObject@4aa5a515, com.almasb.fxgl.entity.level.tiled.TiledObject@2baeb628, com.almasb.fxgl.entity.level.tiled.TiledObject@43b2a5a0, com.almasb.fxgl.entity.level.tiled.TiledObject@d94daf9, com.almasb.fxgl.entity.level.tiled.TiledObject@6afe4b53, com.almasb.fxgl.entity.level.tiled.TiledObject@343fafd2, com.almasb.fxgl.entity.level.tiled.TiledObject@62768350, com.almasb.fxgl.entity.level.tiled.TiledObject@491edef5, com.almasb.fxgl.entity.level.tiled.TiledObject@5122a056, com.almasb.fxgl.entity.level.tiled.TiledObject@182ac49f, com.almasb.fxgl.entity.level.tiled.TiledObject@4e90b8c9, com.almasb.fxgl.entity.level.tiled.TiledObject@71c62e98, com.almasb.fxgl.entity.level.tiled.TiledObject@352200e6, com.almasb.fxgl.entity.level.tiled.TiledObject@7be234e1, com.almasb.fxgl.entity.level.tiled.TiledObject@307f8da4, com.almasb.fxgl.entity.level.tiled.TiledObject@700dd7dd, com.almasb.fxgl.entity.level.tiled.TiledObject@550ddc0a, com.almasb.fxgl.entity.level.tiled.TiledObject@3fa2bf76], opacity=0.0, draworder=)], tilesets=[Tileset(firstgid=1, image=tiles_spritesheet.png, name=tiles_spritesheet, tilewidth=70, tileheight=70, imagewidth=914, imageheight=936, margin=0, spacing=2, columns=12, tilecount=156, transparentcolor=, tiles=[])], backgroundcolor=, renderorder=right-down, nextobjectid=20, version=1, tiledversion=1.0.1, type=map, infinite=false, hexsidelength=0, staggeraxis=, staggerindex=, properties={}, propertytypes={})
11:43:38.651 [FXGL Background Thread 4 ] DEBUG TMXLevelLoader       - Creating tile layer entities
11:43:38.652 [JavaFX Application Thread] DEBUG FXGLApplication      - Registering font factories with UI factory
11:43:38.652 [FXGL Background Thread 4 ] DEBUG TilesetLoader        - Loading view for layer Tile Layer 1
11:43:38.654 [FXGL Background Thread 4 ] DEBUG TilesetLoader        - Created buffer with size 1050.0x700.0
11:43:38.696 [FXGL Background Thread 4 ] DEBUG TilesetLoader        - Writing to buffer: dst=0,0, w=70,h=70, src=576,864
11:43:38.697 [FXGL Background Thread 4 ] DEBUG TilesetLoader        - Writing to buffer: dst=0,70, w=70,h=70, src=576,864
11:43:38.697 [FXGL Background Thread 4 ] DEBUG TilesetLoader        - Writing to buffer: dst=70,70, w=70,h=70, src=72,0
11:43:38.698 [FXGL Background Thread 4 ] DEBUG TilesetLoader        - Writing to buffer: dst=280,70, w=70,h=70, src=576,360
11:43:38.698 [FXGL Background Thread 4 ] DEBUG TilesetLoader        - Writing to buffer: dst=350,70, w=70,h=70, src=576,288
11:43:38.698 [FXGL Background Thread 4 ] DEBUG TilesetLoader        - Writing to buffer: dst=420,70, w=70,h=70, src=576,216
11:43:38.698 [FXGL Background Thread 4 ] DEBUG TilesetLoader        - Writing to buffer: dst=0,140, w=70,h=70, src=576,864
11:43:38.698 [FXGL Background Thread 4 ] DEBUG TilesetLoader        - Writing to buffer: dst=70,140, w=70,h=70, src=648,0
11:43:38.699 [FXGL Background Thread 4 ] DEBUG TilesetLoader        - Writing to buffer: dst=0,210, w=70,h=70, src=576,864
11:43:38.699 [FXGL Background Thread 4 ] DEBUG TilesetLoader        - Writing to buffer: dst=70,210, w=70,h=70, src=576,864
11:43:38.699 [FXGL Background Thread 4 ] DEBUG TilesetLoader        - Writing to buffer: dst=560,210, w=70,h=70, src=144,72
11:43:38.699 [FXGL Background Thread 4 ] DEBUG TilesetLoader        - Writing to buffer: dst=630,210, w=70,h=70, src=144,0
11:43:38.700 [FXGL Background Thread 4 ] DEBUG TilesetLoader        - Writing to buffer: dst=700,210, w=70,h=70, src=144,0
11:43:38.700 [FXGL Background Thread 4 ] DEBUG TilesetLoader        - Writing to buffer: dst=770,210, w=70,h=70, src=144,144
11:43:38.700 [FXGL Background Thread 4 ] DEBUG TilesetLoader        - Writing to buffer: dst=0,280, w=70,h=70, src=576,864
11:43:38.700 [FXGL Background Thread 4 ] DEBUG TilesetLoader        - Writing to buffer: dst=70,280, w=70,h=70, src=576,864
11:43:38.700 [FXGL Background Thread 4 ] DEBUG TilesetLoader        - Writing to buffer: dst=0,350, w=70,h=70, src=576,864
11:43:38.700 [FXGL Background Thread 4 ] DEBUG TilesetLoader        - Writing to buffer: dst=70,350, w=70,h=70, src=576,864
11:43:38.701 [FXGL Background Thread 4 ] DEBUG TilesetLoader        - Writing to buffer: dst=980,350, w=70,h=70, src=504,648
11:43:38.701 [FXGL Background Thread 4 ] DEBUG TilesetLoader        - Writing to buffer: dst=0,420, w=70,h=70, src=576,864
11:43:38.701 [FXGL Background Thread 4 ] DEBUG TilesetLoader        - Writing to buffer: dst=70,420, w=70,h=70, src=576,864
11:43:38.701 [FXGL Background Thread 4 ] DEBUG TilesetLoader        - Writing to buffer: dst=560,420, w=70,h=70, src=144,72
11:43:38.702 [FXGL Background Thread 4 ] DEBUG TilesetLoader        - Writing to buffer: dst=630,420, w=70,h=70, src=144,0
11:43:38.702 [FXGL Background Thread 4 ] DEBUG TilesetLoader        - Writing to buffer: dst=700,420, w=70,h=70, src=144,0
11:43:38.702 [FXGL Background Thread 4 ] DEBUG TilesetLoader        - Writing to buffer: dst=770,420, w=70,h=70, src=144,144
11:43:38.702 [FXGL Background Thread 4 ] DEBUG TilesetLoader        - Writing to buffer: dst=910,420, w=70,h=70, src=504,648
11:43:38.702 [FXGL Background Thread 4 ] DEBUG TilesetLoader        - Writing to buffer: dst=980,420, w=70,h=70, src=576,864
11:43:38.703 [FXGL Background Thread 4 ] DEBUG TilesetLoader        - Writing to buffer: dst=0,490, w=70,h=70, src=576,864
11:43:38.703 [FXGL Background Thread 4 ] DEBUG TilesetLoader        - Writing to buffer: dst=70,490, w=70,h=70, src=576,864
11:43:38.703 [FXGL Background Thread 4 ] DEBUG TilesetLoader        - Writing to buffer: dst=280,490, w=70,h=70, src=576,360
11:43:38.703 [FXGL Background Thread 4 ] DEBUG TilesetLoader        - Writing to buffer: dst=350,490, w=70,h=70, src=576,432
11:43:38.704 [FXGL Background Thread 4 ] DEBUG TilesetLoader        - Writing to buffer: dst=420,490, w=70,h=70, src=576,288
11:43:38.704 [FXGL Background Thread 4 ] DEBUG TilesetLoader        - Writing to buffer: dst=910,490, w=70,h=70, src=576,864
11:43:38.704 [FXGL Background Thread 4 ] DEBUG TilesetLoader        - Writing to buffer: dst=980,490, w=70,h=70, src=576,864
11:43:38.704 [FXGL Background Thread 4 ] DEBUG TilesetLoader        - Writing to buffer: dst=0,560, w=70,h=70, src=576,864
11:43:38.704 [FXGL Background Thread 4 ] DEBUG TilesetLoader        - Writing to buffer: dst=70,560, w=70,h=70, src=576,864
11:43:38.705 [FXGL Background Thread 4 ] DEBUG TilesetLoader        - Writing to buffer: dst=910,560, w=70,h=70, src=576,864
11:43:38.705 [FXGL Background Thread 4 ] DEBUG TilesetLoader        - Writing to buffer: dst=980,560, w=70,h=70, src=576,864
11:43:38.706 [FXGL Background Thread 4 ] DEBUG TilesetLoader        - Writing to buffer: dst=0,630, w=70,h=70, src=576,864
11:43:38.706 [FXGL Background Thread 4 ] DEBUG TilesetLoader        - Writing to buffer: dst=70,630, w=70,h=70, src=576,864
11:43:38.706 [FXGL Background Thread 4 ] DEBUG TilesetLoader        - Writing to buffer: dst=140,630, w=70,h=70, src=648,0
11:43:38.706 [FXGL Background Thread 4 ] DEBUG TilesetLoader        - Writing to buffer: dst=210,630, w=70,h=70, src=576,576
11:43:38.707 [FXGL Background Thread 4 ] DEBUG TilesetLoader        - Writing to buffer: dst=490,630, w=70,h=70, src=576,720
11:43:38.707 [FXGL Background Thread 4 ] DEBUG TilesetLoader        - Writing to buffer: dst=560,630, w=70,h=70, src=576,576
11:43:38.707 [FXGL Background Thread 4 ] DEBUG TilesetLoader        - Writing to buffer: dst=840,630, w=70,h=70, src=576,720
11:43:38.707 [FXGL Background Thread 4 ] DEBUG TilesetLoader        - Writing to buffer: dst=910,630, w=70,h=70, src=576,864
11:43:38.707 [FXGL Background Thread 4 ] DEBUG TilesetLoader        - Writing to buffer: dst=980,630, w=70,h=70, src=576,864
11:43:38.708 [FXGL Background Thread 4 ] DEBUG TMXLevelLoader       - Creating object layer entities
11:43:38.722 [FXGL Background Thread 4 ] DEBUG FXGLAssetLoaderServi - Loading from file system: file:/Users/merdanusta/IdeaProjects/IPOSE-Maven/target/classes/assets/textures/star.png
11:43:38.734 [FXGL Background Thread 4 ] DEBUG GameWorld            - Clearing removable entities
11:43:38.734 [FXGL Background Thread 4 ] DEBUG GameWorld            - Setting level: com.almasb.fxgl.entity.level.Level@74c9fdfa
11:43:38.741 [FXGL Background Thread 4 ] DEBUG FXGLAssetLoaderServi - Loading from file system: file:/Users/merdanusta/IdeaProjects/IPOSE-Maven/target/classes/assets/textures/madotsuki.png
11:43:38.750 [FXGL Background Thread 4 ] INFO  FXGLApplication      - Game initialization took: 0.126 sec
11:43:38.769 [JavaFX Application Thread] DEBUG Input                - Clearing active input actions
11:43:38.784 [JavaFX Application Thread] DEBUG GameApplicationServi - Removing overlay from FXGLLoadingScene and adding to GameScene
11:43:38.784 [JavaFX Application Thread] DEBUG PrimaryStageWindow   - FXGLLoadingScene -> GameScene
11:43:38.887 [FXGL Background Thread 2 ] INFO  UpdaterService       - Your current version:  11.14
11:43:38.887 [FXGL Background Thread 2 ] INFO  UpdaterService       - Latest stable version: 17.1
11:43:41.564 [FXGL Background Thread 3 ] DEBUG Engine               - Logging environment variables
11:43:41.565 [FXGL Background Thread 3 ] DEBUG Engine               - achievements: []
11:43:41.565 [FXGL Background Thread 3 ] DEBUG Engine               - actualHeight: 700.0
11:43:41.565 [FXGL Background Thread 3 ] DEBUG Engine               - actualHeightProperty: ReadOnlyDoubleProperty [value: 700.0]
11:43:41.566 [FXGL Background Thread 3 ] DEBUG Engine               - actualWidth: 1050.0
11:43:41.566 [FXGL Background Thread 3 ] DEBUG Engine               - actualWidthProperty: ReadOnlyDoubleProperty [value: 1050.0]
11:43:41.566 [FXGL Background Thread 3 ] DEBUG Engine               - appIcon: fxgl_icon.png
11:43:41.566 [FXGL Background Thread 3 ] DEBUG Engine               - applicationMode: DEVELOPER
11:43:41.566 [FXGL Background Thread 3 ] DEBUG Engine               - cSSList: [fxgl_dark.css]
11:43:41.567 [FXGL Background Thread 3 ] DEBUG Engine               - collisionDetectionStrategy: BRUTE_FORCE
11:43:41.567 [FXGL Background Thread 3 ] DEBUG Engine               - configClass: Optional.empty
11:43:41.567 [FXGL Background Thread 3 ] DEBUG Engine               - credits: []
11:43:41.567 [FXGL Background Thread 3 ] DEBUG Engine               - devBBoxColorProperty: ObjectProperty [value: 0xff0000ff]
11:43:41.568 [FXGL Background Thread 3 ] DEBUG Engine               - devEnableDebugCameraProperty: BooleanProperty [value: false]
11:43:41.568 [FXGL Background Thread 3 ] DEBUG Engine               - devSensorColorProperty: ObjectProperty [value: 0xffff00ff]
11:43:41.568 [FXGL Background Thread 3 ] DEBUG Engine               - devShowBBoxProperty: BooleanProperty [value: false]
11:43:41.568 [FXGL Background Thread 3 ] DEBUG Engine               - devShowPositionProperty: BooleanProperty [value: false]
11:43:41.569 [FXGL Background Thread 3 ] DEBUG Engine               - enabledMenuItems: []
11:43:41.569 [FXGL Background Thread 3 ] DEBUG Engine               - engineServices: [class com.almasb.fxgl.app.services.FXGLAssetLoaderService, class com.almasb.fxgl.app.FXGLApplication$GameApplicationService, class com.almasb.fxgl.app.services.FXGLDialogService, class com.almasb.fxgl.app.services.IOTaskExecutorService, class com.almasb.fxgl.event.EventBusService, class com.almasb.fxgl.io.FileSystemService, class com.almasb.fxgl.localization.LocalizationService, class com.almasb.fxgl.app.services.SystemBundleService, class com.almasb.fxgl.profile.SaveLoadService, class com.almasb.fxgl.ui.FXGLUIFactoryServiceProvider, class com.almasb.fxgl.ui.FXGLDialogFactoryServiceProvider, class com.almasb.fxgl.audio.AudioPlayer, class com.almasb.fxgl.notification.impl.NotificationServiceProvider, class com.almasb.fxgl.achievement.AchievementService, class com.almasb.fxgl.cutscene.CutsceneService, class com.almasb.fxgl.minigames.MiniGameService, class com.almasb.fxgl.net.NetService, class com.almasb.fxgl.app.services.UpdaterService, class com.almasb.fxgl.dev.DevService]
11:43:41.569 [FXGL Background Thread 3 ] DEBUG Engine               - fontGame: Abel-Regular.ttf
11:43:41.569 [FXGL Background Thread 3 ] DEBUG Engine               - fontMono: lucida_console.ttf
11:43:41.569 [FXGL Background Thread 3 ] DEBUG Engine               - fontText: Courier-Prime.ttf
11:43:41.570 [FXGL Background Thread 3 ] DEBUG Engine               - fontUI: VarelaRound-Regular.ttf
11:43:41.570 [FXGL Background Thread 3 ] DEBUG Engine               - fullScreen: BooleanProperty [value: false]
11:43:41.570 [FXGL Background Thread 3 ] DEBUG Engine               - gameDifficulty: MEDIUM
11:43:41.570 [FXGL Background Thread 3 ] DEBUG Engine               - gameDifficultyProperty: ObjectProperty [value: MEDIUM]
11:43:41.570 [FXGL Background Thread 3 ] DEBUG Engine               - globalMusicVolume: 0.5
11:43:41.570 [FXGL Background Thread 3 ] DEBUG Engine               - globalMusicVolumeProperty: DoubleProperty [value: 0.5]
11:43:41.571 [FXGL Background Thread 3 ] DEBUG Engine               - globalSoundVolume: 0.5
11:43:41.571 [FXGL Background Thread 3 ] DEBUG Engine               - globalSoundVolumeProperty: DoubleProperty [value: 0.5]
11:43:41.571 [FXGL Background Thread 3 ] DEBUG Engine               - height: 700
11:43:41.572 [FXGL Background Thread 3 ] DEBUG Engine               - isAndroid: false
11:43:41.572 [FXGL Background Thread 3 ] DEBUG Engine               - isBrowser: false
11:43:41.572 [FXGL Background Thread 3 ] DEBUG Engine               - isClickFeedbackEnabled: false
11:43:41.573 [FXGL Background Thread 3 ] DEBUG Engine               - isCloseConfirmation: false
11:43:41.573 [FXGL Background Thread 3 ] DEBUG Engine               - isDesktop: true
11:43:41.574 [FXGL Background Thread 3 ] DEBUG Engine               - isDeveloperMenuEnabled: false
11:43:41.574 [FXGL Background Thread 3 ] DEBUG Engine               - isEntityPreloadEnabled: true
11:43:41.575 [FXGL Background Thread 3 ] DEBUG Engine               - isExperimental3D: false
11:43:41.576 [FXGL Background Thread 3 ] DEBUG Engine               - isExperimentalNative: false
11:43:41.576 [FXGL Background Thread 3 ] DEBUG Engine               - isExperimentalTiledLargeMap: false
11:43:41.576 [FXGL Background Thread 3 ] DEBUG Engine               - isFileSystemWriteAllowed: true
11:43:41.577 [FXGL Background Thread 3 ] DEBUG Engine               - isFullScreenAllowed: false
11:43:41.577 [FXGL Background Thread 3 ] DEBUG Engine               - isFullScreenFromStart: false
11:43:41.577 [FXGL Background Thread 3 ] DEBUG Engine               - isGameMenuEnabled: true
11:43:41.577 [FXGL Background Thread 3 ] DEBUG Engine               - isIOS: false
11:43:41.577 [FXGL Background Thread 3 ] DEBUG Engine               - isIntroEnabled: false
11:43:41.577 [FXGL Background Thread 3 ] DEBUG Engine               - isLinux: false
11:43:41.577 [FXGL Background Thread 3 ] DEBUG Engine               - isMac: true
11:43:41.577 [FXGL Background Thread 3 ] DEBUG Engine               - isMainMenuEnabled: false
11:43:41.578 [FXGL Background Thread 3 ] DEBUG Engine               - isManualResizeEnabled: false
11:43:41.578 [FXGL Background Thread 3 ] DEBUG Engine               - isMobile: false
11:43:41.578 [FXGL Background Thread 3 ] DEBUG Engine               - isPreserveResizeRatio: false
11:43:41.578 [FXGL Background Thread 3 ] DEBUG Engine               - isProfilingEnabled: false
11:43:41.578 [FXGL Background Thread 3 ] DEBUG Engine               - isScaleAffectedOnResize: true
11:43:41.578 [FXGL Background Thread 3 ] DEBUG Engine               - isSingleStep: false
11:43:41.578 [FXGL Background Thread 3 ] DEBUG Engine               - isUserProfileEnabled: false
11:43:41.579 [FXGL Background Thread 3 ] DEBUG Engine               - isWindows: false
11:43:41.579 [FXGL Background Thread 3 ] DEBUG Engine               - language: ObjectProperty [value: ENGLISH]
11:43:41.579 [FXGL Background Thread 3 ] DEBUG Engine               - menuKey: ESCAPE
11:43:41.579 [FXGL Background Thread 3 ] DEBUG Engine               - notificationViewClass: class com.almasb.fxgl.notification.view.XboxNotificationView
11:43:41.579 [FXGL Background Thread 3 ] DEBUG Engine               - pixelsPerMeter: 50.0
11:43:41.580 [FXGL Background Thread 3 ] DEBUG Engine               - platform: MAC
11:43:41.580 [FXGL Background Thread 3 ] DEBUG Engine               - prefHeightProperty: ReadOnlyDoubleProperty [value: 700.0]
11:43:41.580 [FXGL Background Thread 3 ] DEBUG Engine               - prefWidthProperty: ReadOnlyDoubleProperty [value: 1050.0]
11:43:41.580 [FXGL Background Thread 3 ] DEBUG Engine               - profileDir: profiles/
11:43:41.580 [FXGL Background Thread 3 ] DEBUG Engine               - profileName: StringProperty [value: DEFAULT]
11:43:41.580 [FXGL Background Thread 3 ] DEBUG Engine               - randomSeed: -1
11:43:41.580 [FXGL Background Thread 3 ] DEBUG Engine               - runtimeInfo: RuntimeInfo(platform=MAC, version=11.14, build=01.03.2021 16.59)
11:43:41.581 [FXGL Background Thread 3 ] DEBUG Engine               - saveFileExt: sav
11:43:41.581 [FXGL Background Thread 3 ] DEBUG Engine               - scaledHeightProp$fxgl: DoubleProperty [bound, value: 700.0]
11:43:41.581 [FXGL Background Thread 3 ] DEBUG Engine               - scaledWidthProp$fxgl: DoubleProperty [bound, value: 1050.0]
11:43:41.581 [FXGL Background Thread 3 ] DEBUG Engine               - sceneFactory: com.almasb.fxgl.app.scene.SceneFactory@6e7adf24
11:43:41.582 [FXGL Background Thread 3 ] DEBUG Engine               - secondsIn24h: 60
11:43:41.582 [FXGL Background Thread 3 ] DEBUG Engine               - soundMenuBack: menu/back.wav
11:43:41.582 [FXGL Background Thread 3 ] DEBUG Engine               - soundMenuPress: menu/press.wav
11:43:41.582 [FXGL Background Thread 3 ] DEBUG Engine               - soundMenuSelect: menu/select.wav
11:43:41.582 [FXGL Background Thread 3 ] DEBUG Engine               - soundNotification: core/notification.wav
11:43:41.582 [FXGL Background Thread 3 ] DEBUG Engine               - stageStyle: DECORATED
11:43:41.582 [FXGL Background Thread 3 ] DEBUG Engine               - supportedLanguages: [ENGLISH, FRENCH, GERMAN, HUNGARIAN, RUSSIAN]
11:43:41.582 [FXGL Background Thread 3 ] DEBUG Engine               - ticksPerSecond: -1
11:43:41.583 [FXGL Background Thread 3 ] DEBUG Engine               - title: Demo game
11:43:41.583 [FXGL Background Thread 3 ] DEBUG Engine               - urlGithub: https://github.com/AlmasB/FXGL
11:43:41.583 [FXGL Background Thread 3 ] DEBUG Engine               - urlLeaderboard: http://fxgl-top.herokuapp.com/
11:43:41.583 [FXGL Background Thread 3 ] DEBUG Engine               - urlPOM: https://raw.githubusercontent.com/AlmasB/FXGL/release/README.md
11:43:41.583 [FXGL Background Thread 3 ] DEBUG Engine               - userAppClass: class Game
11:43:41.583 [FXGL Background Thread 3 ] DEBUG Engine               - version: 1.2
11:43:41.583 [FXGL Background Thread 3 ] DEBUG Engine               - versionCheckDays: 7
11:43:41.583 [FXGL Background Thread 3 ] DEBUG Engine               - width: 1050
11:43:41.584 [FXGL Background Thread 3 ] DEBUG Engine               - Logging services
11:43:41.584 [FXGL Background Thread 3 ] DEBUG Engine               - class com.almasb.fxgl.app.services.FXGLAssetLoaderService
11:43:41.584 [FXGL Background Thread 3 ] DEBUG Engine               - class com.almasb.fxgl.app.FXGLApplication$GameApplicationService
11:43:41.584 [FXGL Background Thread 3 ] DEBUG Engine               - class com.almasb.fxgl.app.services.FXGLDialogService
11:43:41.584 [FXGL Background Thread 3 ] DEBUG Engine               - class com.almasb.fxgl.app.services.IOTaskExecutorService
11:43:41.584 [FXGL Background Thread 3 ] DEBUG Engine               - class com.almasb.fxgl.event.EventBusService
11:43:41.584 [FXGL Background Thread 3 ] DEBUG Engine               - class com.almasb.fxgl.io.FileSystemService
11:43:41.584 [FXGL Background Thread 3 ] DEBUG Engine               - class com.almasb.fxgl.localization.LocalizationService
11:43:41.584 [FXGL Background Thread 3 ] DEBUG Engine               - class com.almasb.fxgl.app.services.SystemBundleService
11:43:41.585 [FXGL Background Thread 3 ] DEBUG Engine               - class com.almasb.fxgl.profile.SaveLoadService
11:43:41.585 [FXGL Background Thread 3 ] DEBUG Engine               - class com.almasb.fxgl.ui.FXGLUIFactoryServiceProvider
11:43:41.585 [FXGL Background Thread 3 ] DEBUG Engine               - class com.almasb.fxgl.ui.FXGLDialogFactoryServiceProvider
11:43:41.585 [FXGL Background Thread 3 ] DEBUG Engine               - class com.almasb.fxgl.audio.AudioPlayer
11:43:41.585 [FXGL Background Thread 3 ] DEBUG Engine               - class com.almasb.fxgl.notification.impl.NotificationServiceProvider
11:43:41.585 [FXGL Background Thread 3 ] DEBUG Engine               - class com.almasb.fxgl.achievement.AchievementService
11:43:41.585 [FXGL Background Thread 3 ] DEBUG Engine               - class com.almasb.fxgl.cutscene.CutsceneService
11:43:41.585 [FXGL Background Thread 3 ] DEBUG Engine               - class com.almasb.fxgl.minigames.MiniGameService
11:43:41.586 [FXGL Background Thread 3 ] DEBUG Engine               - class com.almasb.fxgl.net.NetService
11:43:41.586 [FXGL Background Thread 3 ] DEBUG Engine               - class com.almasb.fxgl.app.services.UpdaterService
11:43:41.586 [FXGL Background Thread 3 ] DEBUG Engine               - class com.almasb.fxgl.dev.DevService
11:43:45.501 [JavaFX Application Thread] DEBUG FXGLApplication      - Exiting FXGL
11:43:45.502 [JavaFX Application Thread] DEBUG LoopRunner           - Stopping loop
11:43:45.502 [JavaFX Application Thread] DEBUG SystemBundleService  - Saving FXGL system data
11:43:45.505 [JavaFX Application Thread] DEBUG FileSystemAccess     - Writing to: /Users/merdanusta/IdeaProjects/IPOSE-Maven/system/fxgl.bundle
11:43:45.508 [JavaFX Application Thread] DEBUG Async                - Shutting down background threads
11:43:45.509 [JavaFX Application Thread] DEBUG PrimaryStageWindow   - Closing main window
11:43:45.518 [JavaFX Application Thread] DEBUG Logger               - Closing Logger
