10:21:06.189 [main                     ] DEBUG Logger               - Configured Logger
10:21:06.267 [main                     ] DEBUG GameApplication      - Logging settings
Title: Demo game
Version: 1.1
Width: 1050
Height: 700
Fullscreen: false
Intro: false
Profiling: false
Single step:false
App Mode: DEVELOPER
Menu Key: ESCAPE
Stage Style: DECORATED
Scene Factory: class com.almasb.fxgl.app.scene.SceneFactory

10:21:08.411 [JavaFX Application Thread] DEBUG FXGLApplication      - Initializing FXGL
10:21:08.425 [JavaFX Application Thread] INFO  Engine               - FXGL-11.14 (01.03.2021 16.59) on WINDOWS (J:15.0.2 FX:15)
10:21:08.428 [JavaFX Application Thread] DEBUG Engine               - JRE Vendor Name: Amazon.com Inc.
10:21:08.428 [JavaFX Application Thread] DEBUG Engine               - Running on OS: Windows 10 version 10.0
10:21:08.429 [JavaFX Application Thread] DEBUG Engine               - Architecture: amd64
10:21:08.431 [JavaFX Application Thread] INFO  Engine               - Source code and latest versions at: https://github.com/AlmasB/FXGL
10:21:08.432 [JavaFX Application Thread] INFO  Engine               -              Join the FXGL chat at: https://gitter.im/AlmasB/FXGL
10:21:09.012 [JavaFX Application Thread] DEBUG PrimaryStageWindow   - Creating a JavaFX scene
10:21:09.284 [JavaFX Application Thread] DEBUG PrimaryStageWindow   - Target settings size: 1050.0 x 700.0
10:21:09.285 [JavaFX Application Thread] DEBUG PrimaryStageWindow   - Scaled scene size:    1050.0 x 700.0
10:21:09.286 [JavaFX Application Thread] DEBUG PrimaryStageWindow   - Scaled ratio: (1.0, 1.0)
10:21:09.291 [JavaFX Application Thread] DEBUG PrimaryStageWindow   - Set initial scene to FXGLStartupScene
10:21:09.321 [JavaFX Application Thread] DEBUG PrimaryStageWindow   - Opening main window
10:21:09.601 [JavaFX Application Thread] DEBUG PrimaryStageWindow   - Window border size: (14.800048828125, 37.5999755859375)
10:21:09.601 [JavaFX Application Thread] DEBUG PrimaryStageWindow   - Scaled size: 1050.0 x 700.0
10:21:09.602 [JavaFX Application Thread] DEBUG PrimaryStageWindow   - Scaled ratio: (1.0, 1.0)
10:21:09.603 [JavaFX Application Thread] DEBUG PrimaryStageWindow   - Scene size: 1050.0 x 700.0
10:21:09.604 [JavaFX Application Thread] DEBUG PrimaryStageWindow   - Stage size: 1064.800048828125 x 737.5999755859375
10:21:09.779 [FXGL Background Thread 1 ] DEBUG Engine               - Initializing environment variables
10:21:09.908 [FXGL Background Thread 1 ] DEBUG FXGLAssetLoaderServi - User app class for loading assets: class Game
10:21:09.909 [FXGL Background Thread 1 ] DEBUG GameApplicationServi - Applying CSS: fxgl_dark.css
10:21:09.911 [FXGL Background Thread 1 ] DEBUG FXGLAssetLoaderServi - Loading from file system: jar:file:/C:/Users/jfran/.m2/repository/com/github/almasb/fxgl/11.14/fxgl-11.14.jar!/fxglassets/ui/css/fxgl_dark.css
10:21:10.037 [FXGL Background Thread 1 ] DEBUG GameApplicationServi - Initializing application scenes
10:21:10.234 [FXGL Background Thread 1 ] DEBUG GameWorld            - Game world initialized
10:21:10.439 [FXGL Background Thread 1 ] DEBUG PhysicsWorld         - Physics world initialized: appHeight=700, physics.ppm=50,0
10:21:10.440 [FXGL Background Thread 1 ] DEBUG PhysicsWorld         - Using strategy: BRUTE_FORCE
10:21:10.450 [FXGL Background Thread 1 ] DEBUG GameScene            - Game scene initialized: 1050x700
10:21:10.541 [FXGL Background Thread 1 ] DEBUG FXGLAssetLoaderServi - Loading from file system: jar:file:/C:/Users/jfran/.m2/repository/com/github/almasb/fxgl/11.14/fxgl-11.14.jar!/fxglassets/textures/particles/trace_horizontal.png
10:21:10.670 [FXGL Background Thread 1 ] DEBUG FXGL.DefaultMenu     - createMenuBodyGameMenu()
10:21:10.710 [FXGL Background Thread 1 ] DEBUG FXGL.DefaultMenu     - createOptionsMenu()
10:21:10.727 [FXGL Background Thread 1 ] DEBUG FXGLAssetLoaderServi - Loading from file system: jar:file:/C:/Users/jfran/.m2/repository/com/github/almasb/fxgl/11.14/fxgl-11.14.jar!/fxglassets/textures/particles/smoke.png
10:21:10.888 [FXGL Background Thread 1 ] DEBUG GameApplicationServi - Application scenes initialized
10:21:10.922 [FXGL Background Thread 1 ] DEBUG SystemBundleService  - Loading FXGL system data
10:21:10.934 [FXGL Background Thread 1 ] DEBUG FileSystemAccess     - Reading from: C:\Users\jfran\OneDrive - Hogeschool Leiden\IPOSE-Maven\system\fxgl.bundle
10:21:10.949 [FXGL Background Thread 1 ] DEBUG SystemBundleService  - Bundle FXGL: {}
10:21:10.950 [FXGL Background Thread 1 ] DEBUG UpdaterService       - Checking for updates
10:21:10.966 [FXGL Background Thread 1 ] DEBUG FXGLApplication      - Loading default localization
10:21:10.968 [FXGL Background Thread 1 ] DEBUG FXGLAssetLoaderServi - Loading from file system: jar:file:/C:/Users/jfran/.m2/repository/com/github/almasb/fxgl/11.14/fxgl-11.14.jar!/fxglassets/languages/english.lang
10:21:11.024 [FXGL Background Thread 1 ] INFO  FXGLApplication      - FXGL initialization took: 1,245 sec
10:21:11.029 [FXGL Background Thread 4 ] DEBUG FXGLApplication      - Loading fonts
10:21:11.031 [FXGL Background Thread 4 ] DEBUG FXGLAssetLoaderServi - Loading from file system: jar:file:/C:/Users/jfran/.m2/repository/com/github/almasb/fxgl/11.14/fxgl-11.14.jar!/fxglassets/ui/fonts/VarelaRound-Regular.ttf
10:21:11.051 [JavaFX Application Thread] DEBUG Input                - Registered new binding: action0 - D
10:21:11.052 [JavaFX Application Thread] DEBUG Input                - Registered new binding: action1 - A
10:21:11.054 [JavaFX Application Thread] DEBUG Input                - Registered new binding: action2 - W
10:21:11.055 [JavaFX Application Thread] DEBUG Input                - Registered new binding: action3 - S
10:21:11.056 [JavaFX Application Thread] DEBUG FXGLAssetLoaderServi - Loading from file system: jar:file:/C:/Users/jfran/.m2/repository/com/github/almasb/fxgl/11.14/fxgl-11.14.jar!/fxglassets/textures/fxgl_icon.png
10:21:11.116 [JavaFX Application Thread] DEBUG FXGLAssetLoaderServi - Loading from file system: jar:file:/C:/Users/jfran/.m2/repository/com/github/almasb/fxgl/11.14/fxgl-11.14.jar!/fxglassets/ui/cursors/fxgl_default.png
10:21:11.123 [JavaFX Application Thread] DEBUG Input                - Registered new binding: Screenshot - P
10:21:11.125 [JavaFX Application Thread] DEBUG Input                - Registered new binding: System info dump - CTRL+9
10:21:11.127 [JavaFX Application Thread] DEBUG Input                - Registered new binding: Restart - CTRL+R
10:21:11.134 [JavaFX Application Thread] DEBUG Input                - Registered new binding: Toggle Debug Camera - CTRL+C
10:21:11.142 [JavaFX Application Thread] DEBUG LoopRunner           - Starting loop
10:21:11.142 [JavaFX Application Thread] DEBUG LoopRunner           - Initializing JavaFX AnimationTimerLoop
10:21:11.148 [JavaFX Application Thread] DEBUG GameApplicationServi - Starting new game
10:21:11.149 [JavaFX Application Thread] DEBUG Input                - Clearing active input actions
10:21:11.182 [JavaFX Application Thread] DEBUG GameApplicationServi - Removing overlay from FXGLStartupScene and adding to FXGLLoadingScene
10:21:11.185 [JavaFX Application Thread] DEBUG PrimaryStageWindow   - FXGLStartupScene -> FXGLLoadingScene
10:21:11.186 [JavaFX Application Thread] DEBUG GameApplicationServi - Clearing previous game
10:21:11.192 [JavaFX Application Thread] DEBUG GameScene            - Clearing game scene
10:21:11.192 [JavaFX Application Thread] DEBUG GameWorld            - Clearing game world
10:21:11.193 [JavaFX Application Thread] DEBUG PhysicsWorld         - Clearing physics world
10:21:11.197 [FXGL Background Thread 1 ] DEBUG FXGLApplication      - Initializing game
10:21:11.647 [FXGL Background Thread 1 ] WARN  TMXLevelLoader       - TiledMap generated from 1.0.1. Supported version: 1.2.3. Some features may not be parsed fully.
10:21:11.677 [FXGL Background Thread 1 ] DEBUG TMXLevelLoader       - Parsed raw map: TiledMap(width=15, height=10, tilewidth=70, tileheight=70, orientation=orthogonal, layers=[Layer(width=15, height=10, name=Tile Layer 1, type=tilelayer, visible=false, x=0, y=0, data=[153, 0, 0, 0, 0, 0, 0, 0, 0, 0, 0, 0, 0, 0, 0, 153, 2, 0, 0, 69, 57, 45, 0, 0, 0, 0, 0, 0, 0, 0, 153, 10, 0, 0, 0, 0, 0, 0, 0, 0, 0, 0, 0, 0, 0, 153, 153, 0, 0, 0, 0, 0, 0, 15, 3, 3, 27, 0, 0, 0, 153, 153, 0, 0, 0, 0, 0, 0, 0, 0, 0, 0, 0, 0, 0, 153, 153, 0, 0, 0, 0, 0, 0, 0, 0, 0, 0, 0, 0, 116, 153, 153, 0, 0, 0, 0, 0, 0, 15, 3, 3, 27, 0, 116, 153, 153, 153, 0, 0, 69, 81, 57, 0, 0, 0, 0, 0, 0, 153, 153, 153, 153, 0, 0, 0, 0, 0, 0, 0, 0, 0, 0, 0, 153, 153, 153, 153, 10, 105, 0, 0, 0, 129, 105, 0, 0, 0, 129, 153, 153], objects=[], opacity=0.0, draworder=), Layer(width=0, height=0, name=Object Layer 1, type=objectgroup, visible=false, x=0, y=0, data=[], objects=[com.almasb.fxgl.entity.level.tiled.TiledObject@41e5fcda, com.almasb.fxgl.entity.level.tiled.TiledObject@6482a5ef, com.almasb.fxgl.entity.level.tiled.TiledObject@1c8cc69c, com.almasb.fxgl.entity.level.tiled.TiledObject@4beede3a, com.almasb.fxgl.entity.level.tiled.TiledObject@2503f8b1, com.almasb.fxgl.entity.level.tiled.TiledObject@545f9c23, com.almasb.fxgl.entity.level.tiled.TiledObject@2e1d0812, com.almasb.fxgl.entity.level.tiled.TiledObject@133f0ce5, com.almasb.fxgl.entity.level.tiled.TiledObject@2943a843, com.almasb.fxgl.entity.level.tiled.TiledObject@15597cc, com.almasb.fxgl.entity.level.tiled.TiledObject@474e426c, com.almasb.fxgl.entity.level.tiled.TiledObject@2c7d2644, com.almasb.fxgl.entity.level.tiled.TiledObject@18488238, com.almasb.fxgl.entity.level.tiled.TiledObject@358e8d0a, com.almasb.fxgl.entity.level.tiled.TiledObject@66e4f5, com.almasb.fxgl.entity.level.tiled.TiledObject@456cadbb, com.almasb.fxgl.entity.level.tiled.TiledObject@19e9be6c, com.almasb.fxgl.entity.level.tiled.TiledObject@58ce9686, com.almasb.fxgl.entity.level.tiled.TiledObject@6fb89026], opacity=0.0, draworder=)], tilesets=[Tileset(firstgid=1, image=../../../../../../../Downloads/tiles_spritesheet.png, name=tiles_spritesheet, tilewidth=70, tileheight=70, imagewidth=914, imageheight=936, margin=0, spacing=2, columns=12, tilecount=156, transparentcolor=, tiles=[])], backgroundcolor=, renderorder=right-down, nextobjectid=20, version=1, tiledversion=1.0.1, type=map, infinite=false, hexsidelength=0, staggeraxis=, staggerindex=, properties={}, propertytypes={})
10:21:11.679 [FXGL Background Thread 1 ] DEBUG TMXLevelLoader       - Creating tile layer entities
10:21:11.682 [FXGL Background Thread 1 ] DEBUG TilesetLoader        - Loading view for layer Tile Layer 1
10:21:11.685 [FXGL Background Thread 1 ] DEBUG TilesetLoader        - Created buffer with size 1050.0x700.0
10:21:11.688 [FXGL Background Thread 1 ] WARN  TilesetLoader        - tiles_spritesheet.png cannot be loaded using mapURL=file:/C:/Users/jfran/OneDrive%20-%20Hogeschool%20Leiden/IPOSE-Maven/target/classes/assets/levels/gametest2.tmx Error: java.io.FileNotFoundException: C:\Users\jfran\OneDrive - Hogeschool Leiden\IPOSE-Maven\target\classes\assets\levels\tiles_spritesheet.png (The system cannot find the file specified)
10:21:11.977 [FXGL Background Thread 1 ] DEBUG TilesetLoader        - Writing to buffer: dst=0,0, w=70,h=70, src=576,864
10:21:11.978 [FXGL Background Thread 1 ] DEBUG TilesetLoader        - Writing to buffer: dst=0,70, w=70,h=70, src=576,864
10:21:11.978 [FXGL Background Thread 1 ] DEBUG TilesetLoader        - Writing to buffer: dst=70,70, w=70,h=70, src=72,0
10:21:11.979 [FXGL Background Thread 1 ] DEBUG TilesetLoader        - Writing to buffer: dst=280,70, w=70,h=70, src=576,360
10:21:11.979 [FXGL Background Thread 1 ] DEBUG TilesetLoader        - Writing to buffer: dst=350,70, w=70,h=70, src=576,288
10:21:11.980 [FXGL Background Thread 1 ] DEBUG TilesetLoader        - Writing to buffer: dst=420,70, w=70,h=70, src=576,216
10:21:11.981 [FXGL Background Thread 1 ] DEBUG TilesetLoader        - Writing to buffer: dst=0,140, w=70,h=70, src=576,864
10:21:11.981 [FXGL Background Thread 1 ] DEBUG TilesetLoader        - Writing to buffer: dst=70,140, w=70,h=70, src=648,0
10:21:11.982 [FXGL Background Thread 1 ] DEBUG TilesetLoader        - Writing to buffer: dst=0,210, w=70,h=70, src=576,864
10:21:11.982 [FXGL Background Thread 1 ] DEBUG TilesetLoader        - Writing to buffer: dst=70,210, w=70,h=70, src=576,864
10:21:11.983 [FXGL Background Thread 1 ] DEBUG TilesetLoader        - Writing to buffer: dst=560,210, w=70,h=70, src=144,72
10:21:11.983 [FXGL Background Thread 1 ] DEBUG TilesetLoader        - Writing to buffer: dst=630,210, w=70,h=70, src=144,0
10:21:11.984 [FXGL Background Thread 1 ] DEBUG TilesetLoader        - Writing to buffer: dst=700,210, w=70,h=70, src=144,0
10:21:11.984 [FXGL Background Thread 1 ] DEBUG TilesetLoader        - Writing to buffer: dst=770,210, w=70,h=70, src=144,144
10:21:11.986 [FXGL Background Thread 1 ] DEBUG TilesetLoader        - Writing to buffer: dst=0,280, w=70,h=70, src=576,864
10:21:12.012 [FXGL Background Thread 1 ] DEBUG TilesetLoader        - Writing to buffer: dst=70,280, w=70,h=70, src=576,864
10:21:12.012 [FXGL Background Thread 1 ] DEBUG TilesetLoader        - Writing to buffer: dst=0,350, w=70,h=70, src=576,864
10:21:12.013 [FXGL Background Thread 1 ] DEBUG TilesetLoader        - Writing to buffer: dst=70,350, w=70,h=70, src=576,864
10:21:12.013 [FXGL Background Thread 1 ] DEBUG TilesetLoader        - Writing to buffer: dst=980,350, w=70,h=70, src=504,648
10:21:12.014 [FXGL Background Thread 1 ] DEBUG TilesetLoader        - Writing to buffer: dst=0,420, w=70,h=70, src=576,864
10:21:12.016 [FXGL Background Thread 1 ] DEBUG TilesetLoader        - Writing to buffer: dst=70,420, w=70,h=70, src=576,864
10:21:12.017 [FXGL Background Thread 1 ] DEBUG TilesetLoader        - Writing to buffer: dst=560,420, w=70,h=70, src=144,72
10:21:12.017 [FXGL Background Thread 1 ] DEBUG TilesetLoader        - Writing to buffer: dst=630,420, w=70,h=70, src=144,0
10:21:12.018 [FXGL Background Thread 1 ] DEBUG TilesetLoader        - Writing to buffer: dst=700,420, w=70,h=70, src=144,0
10:21:12.018 [FXGL Background Thread 1 ] DEBUG TilesetLoader        - Writing to buffer: dst=770,420, w=70,h=70, src=144,144
10:21:12.019 [FXGL Background Thread 1 ] DEBUG TilesetLoader        - Writing to buffer: dst=910,420, w=70,h=70, src=504,648
10:21:12.019 [FXGL Background Thread 1 ] DEBUG TilesetLoader        - Writing to buffer: dst=980,420, w=70,h=70, src=576,864
10:21:12.020 [FXGL Background Thread 1 ] DEBUG TilesetLoader        - Writing to buffer: dst=0,490, w=70,h=70, src=576,864
10:21:12.023 [FXGL Background Thread 1 ] DEBUG TilesetLoader        - Writing to buffer: dst=70,490, w=70,h=70, src=576,864
10:21:12.024 [FXGL Background Thread 1 ] DEBUG TilesetLoader        - Writing to buffer: dst=280,490, w=70,h=70, src=576,360
10:21:12.025 [FXGL Background Thread 1 ] DEBUG TilesetLoader        - Writing to buffer: dst=350,490, w=70,h=70, src=576,432
10:21:12.025 [FXGL Background Thread 1 ] DEBUG TilesetLoader        - Writing to buffer: dst=420,490, w=70,h=70, src=576,288
10:21:12.026 [FXGL Background Thread 1 ] DEBUG TilesetLoader        - Writing to buffer: dst=910,490, w=70,h=70, src=576,864
10:21:12.026 [FXGL Background Thread 1 ] DEBUG TilesetLoader        - Writing to buffer: dst=980,490, w=70,h=70, src=576,864
10:21:12.027 [FXGL Background Thread 1 ] DEBUG TilesetLoader        - Writing to buffer: dst=0,560, w=70,h=70, src=576,864
10:21:12.027 [FXGL Background Thread 1 ] DEBUG TilesetLoader        - Writing to buffer: dst=70,560, w=70,h=70, src=576,864
10:21:12.032 [FXGL Background Thread 1 ] DEBUG TilesetLoader        - Writing to buffer: dst=910,560, w=70,h=70, src=576,864
10:21:12.033 [FXGL Background Thread 1 ] DEBUG TilesetLoader        - Writing to buffer: dst=980,560, w=70,h=70, src=576,864
10:21:12.034 [FXGL Background Thread 1 ] DEBUG TilesetLoader        - Writing to buffer: dst=0,630, w=70,h=70, src=576,864
10:21:12.034 [FXGL Background Thread 1 ] DEBUG TilesetLoader        - Writing to buffer: dst=70,630, w=70,h=70, src=576,864
10:21:12.034 [FXGL Background Thread 1 ] DEBUG TilesetLoader        - Writing to buffer: dst=140,630, w=70,h=70, src=648,0
10:21:12.035 [FXGL Background Thread 1 ] DEBUG TilesetLoader        - Writing to buffer: dst=210,630, w=70,h=70, src=576,576
10:21:12.036 [FXGL Background Thread 1 ] DEBUG TilesetLoader        - Writing to buffer: dst=490,630, w=70,h=70, src=576,720
10:21:12.037 [FXGL Background Thread 1 ] DEBUG TilesetLoader        - Writing to buffer: dst=560,630, w=70,h=70, src=576,576
10:21:12.039 [FXGL Background Thread 1 ] DEBUG TilesetLoader        - Writing to buffer: dst=840,630, w=70,h=70, src=576,720
10:21:12.041 [FXGL Background Thread 1 ] DEBUG TilesetLoader        - Writing to buffer: dst=910,630, w=70,h=70, src=576,864
10:21:12.041 [FXGL Background Thread 1 ] DEBUG TilesetLoader        - Writing to buffer: dst=980,630, w=70,h=70, src=576,864
10:21:12.042 [FXGL Background Thread 1 ] DEBUG TMXLevelLoader       - Creating object layer entities
10:21:12.144 [FXGL Background Thread 1 ] DEBUG GameWorld            - Clearing removable entities
10:21:12.146 [FXGL Background Thread 1 ] DEBUG GameWorld            - Setting level: com.almasb.fxgl.entity.level.Level@6f63d59c
10:21:12.174 [FXGL Background Thread 1 ] DEBUG FXGLAssetLoaderServi - Loading from file system: file:/C:/Users/jfran/OneDrive%20-%20Hogeschool%20Leiden/IPOSE-Maven/target/classes/assets/textures/madotsuki.png
10:21:12.182 [FXGL Background Thread 1 ] INFO  FXGLApplication      - Game initialization took: 0,985 sec
10:21:12.184 [JavaFX Application Thread] DEBUG Input                - Clearing active input actions
10:21:12.217 [JavaFX Application Thread] DEBUG GameApplicationServi - Removing overlay from FXGLLoadingScene and adding to GameScene
10:21:12.218 [JavaFX Application Thread] DEBUG PrimaryStageWindow   - FXGLLoadingScene -> GameScene
10:21:12.404 [FXGL Background Thread 4 ] DEBUG FXGLAssetLoaderServi - Loading from file system: jar:file:/C:/Users/jfran/.m2/repository/com/github/almasb/fxgl/11.14/fxgl-11.14.jar!/fxglassets/ui/fonts/Abel-Regular.ttf
10:21:12.488 [FXGL Background Thread 4 ] DEBUG FXGLAssetLoaderServi - Loading from file system: jar:file:/C:/Users/jfran/.m2/repository/com/github/almasb/fxgl/11.14/fxgl-11.14.jar!/fxglassets/ui/fonts/lucida_console.ttf
10:21:12.517 [FXGL Background Thread 4 ] DEBUG FXGLAssetLoaderServi - Loading from file system: jar:file:/C:/Users/jfran/.m2/repository/com/github/almasb/fxgl/11.14/fxgl-11.14.jar!/fxglassets/ui/fonts/Courier-Prime.ttf
10:21:12.544 [JavaFX Application Thread] DEBUG FXGLApplication      - Registering font factories with UI factory
10:21:13.958 [FXGL Background Thread 3 ] DEBUG Engine               - Logging environment variables
10:21:13.959 [FXGL Background Thread 3 ] DEBUG Engine               - achievements: []
10:21:13.959 [FXGL Background Thread 3 ] DEBUG Engine               - actualHeight: 700.0
10:21:13.959 [FXGL Background Thread 3 ] DEBUG Engine               - actualHeightProperty: ReadOnlyDoubleProperty [value: 700.0]
10:21:13.960 [FXGL Background Thread 3 ] DEBUG Engine               - actualWidth: 1050.0
10:21:13.960 [FXGL Background Thread 3 ] DEBUG Engine               - actualWidthProperty: ReadOnlyDoubleProperty [value: 1050.0]
10:21:13.960 [FXGL Background Thread 3 ] DEBUG Engine               - appIcon: fxgl_icon.png
10:21:13.961 [FXGL Background Thread 3 ] DEBUG Engine               - applicationMode: DEVELOPER
10:21:13.961 [FXGL Background Thread 3 ] DEBUG Engine               - cSSList: [fxgl_dark.css]
10:21:13.961 [FXGL Background Thread 3 ] DEBUG Engine               - collisionDetectionStrategy: BRUTE_FORCE
10:21:13.961 [FXGL Background Thread 3 ] DEBUG Engine               - configClass: Optional.empty
10:21:13.961 [FXGL Background Thread 3 ] DEBUG Engine               - credits: []
10:21:13.962 [FXGL Background Thread 3 ] DEBUG Engine               - devBBoxColorProperty: ObjectProperty [value: 0xff0000ff]
10:21:13.962 [FXGL Background Thread 3 ] DEBUG Engine               - devEnableDebugCameraProperty: BooleanProperty [value: false]
10:21:13.963 [FXGL Background Thread 3 ] DEBUG Engine               - devSensorColorProperty: ObjectProperty [value: 0xffff00ff]
10:21:13.964 [FXGL Background Thread 3 ] DEBUG Engine               - devShowBBoxProperty: BooleanProperty [value: false]
10:21:13.964 [FXGL Background Thread 3 ] DEBUG Engine               - devShowPositionProperty: BooleanProperty [value: false]
10:21:13.964 [FXGL Background Thread 3 ] DEBUG Engine               - enabledMenuItems: []
10:21:13.965 [FXGL Background Thread 3 ] DEBUG Engine               - engineServices: [class com.almasb.fxgl.app.services.FXGLAssetLoaderService, class com.almasb.fxgl.app.FXGLApplication$GameApplicationService, class com.almasb.fxgl.app.services.FXGLDialogService, class com.almasb.fxgl.app.services.IOTaskExecutorService, class com.almasb.fxgl.event.EventBusService, class com.almasb.fxgl.io.FileSystemService, class com.almasb.fxgl.localization.LocalizationService, class com.almasb.fxgl.app.services.SystemBundleService, class com.almasb.fxgl.profile.SaveLoadService, class com.almasb.fxgl.ui.FXGLUIFactoryServiceProvider, class com.almasb.fxgl.ui.FXGLDialogFactoryServiceProvider, class com.almasb.fxgl.audio.AudioPlayer, class com.almasb.fxgl.notification.impl.NotificationServiceProvider, class com.almasb.fxgl.achievement.AchievementService, class com.almasb.fxgl.cutscene.CutsceneService, class com.almasb.fxgl.minigames.MiniGameService, class com.almasb.fxgl.net.NetService, class com.almasb.fxgl.app.services.UpdaterService, class com.almasb.fxgl.dev.DevService]
10:21:13.965 [FXGL Background Thread 3 ] DEBUG Engine               - fontGame: Abel-Regular.ttf
10:21:13.966 [FXGL Background Thread 3 ] DEBUG Engine               - fontMono: lucida_console.ttf
10:21:13.966 [FXGL Background Thread 3 ] DEBUG Engine               - fontText: Courier-Prime.ttf
10:21:13.966 [FXGL Background Thread 3 ] DEBUG Engine               - fontUI: VarelaRound-Regular.ttf
10:21:13.966 [FXGL Background Thread 3 ] DEBUG Engine               - fullScreen: BooleanProperty [value: false]
10:21:13.967 [FXGL Background Thread 3 ] DEBUG Engine               - gameDifficulty: MEDIUM
10:21:13.967 [FXGL Background Thread 3 ] DEBUG Engine               - gameDifficultyProperty: ObjectProperty [value: MEDIUM]
10:21:13.967 [FXGL Background Thread 3 ] DEBUG Engine               - globalMusicVolume: 0.5
10:21:13.968 [FXGL Background Thread 3 ] DEBUG Engine               - globalMusicVolumeProperty: DoubleProperty [value: 0.5]
10:21:13.968 [FXGL Background Thread 3 ] DEBUG Engine               - globalSoundVolume: 0.5
10:21:13.969 [FXGL Background Thread 3 ] DEBUG Engine               - globalSoundVolumeProperty: DoubleProperty [value: 0.5]
10:21:13.969 [FXGL Background Thread 3 ] DEBUG Engine               - height: 700
10:21:13.970 [FXGL Background Thread 3 ] DEBUG Engine               - isAndroid: false
10:21:13.970 [FXGL Background Thread 3 ] DEBUG Engine               - isBrowser: false
10:21:13.970 [FXGL Background Thread 3 ] DEBUG Engine               - isClickFeedbackEnabled: false
10:21:13.971 [FXGL Background Thread 3 ] DEBUG Engine               - isCloseConfirmation: false
10:21:13.971 [FXGL Background Thread 3 ] DEBUG Engine               - isDesktop: true
10:21:13.972 [FXGL Background Thread 3 ] DEBUG Engine               - isDeveloperMenuEnabled: false
10:21:13.972 [FXGL Background Thread 3 ] DEBUG Engine               - isEntityPreloadEnabled: true
10:21:13.972 [FXGL Background Thread 3 ] DEBUG Engine               - isExperimental3D: false
10:21:13.973 [FXGL Background Thread 3 ] DEBUG Engine               - isExperimentalNative: false
10:21:13.973 [FXGL Background Thread 3 ] DEBUG Engine               - isExperimentalTiledLargeMap: false
10:21:13.973 [FXGL Background Thread 3 ] DEBUG Engine               - isFileSystemWriteAllowed: true
10:21:13.974 [FXGL Background Thread 3 ] DEBUG Engine               - isFullScreenAllowed: false
10:21:13.974 [FXGL Background Thread 3 ] DEBUG Engine               - isFullScreenFromStart: false
10:21:13.975 [FXGL Background Thread 3 ] DEBUG Engine               - isGameMenuEnabled: true
10:21:13.975 [FXGL Background Thread 3 ] DEBUG Engine               - isIOS: false
10:21:13.976 [FXGL Background Thread 3 ] DEBUG Engine               - isIntroEnabled: false
10:21:13.976 [FXGL Background Thread 3 ] DEBUG Engine               - isLinux: false
10:21:13.976 [FXGL Background Thread 3 ] DEBUG Engine               - isMac: false
10:21:13.977 [FXGL Background Thread 3 ] DEBUG Engine               - isMainMenuEnabled: false
10:21:13.977 [FXGL Background Thread 3 ] DEBUG Engine               - isManualResizeEnabled: false
10:21:13.977 [FXGL Background Thread 3 ] DEBUG Engine               - isMobile: false
10:21:13.978 [FXGL Background Thread 3 ] DEBUG Engine               - isPreserveResizeRatio: false
10:21:13.978 [FXGL Background Thread 3 ] DEBUG Engine               - isProfilingEnabled: false
10:21:13.978 [FXGL Background Thread 3 ] DEBUG Engine               - isScaleAffectedOnResize: true
10:21:13.979 [FXGL Background Thread 3 ] DEBUG Engine               - isSingleStep: false
10:21:13.979 [FXGL Background Thread 3 ] DEBUG Engine               - isUserProfileEnabled: false
10:21:13.979 [FXGL Background Thread 3 ] DEBUG Engine               - isWindows: true
10:21:13.979 [FXGL Background Thread 3 ] DEBUG Engine               - language: ObjectProperty [value: ENGLISH]
10:21:13.979 [FXGL Background Thread 3 ] DEBUG Engine               - menuKey: ESCAPE
10:21:13.979 [FXGL Background Thread 3 ] DEBUG Engine               - notificationViewClass: class com.almasb.fxgl.notification.view.XboxNotificationView
10:21:13.980 [FXGL Background Thread 3 ] DEBUG Engine               - pixelsPerMeter: 50.0
10:21:13.980 [FXGL Background Thread 3 ] DEBUG Engine               - platform: WINDOWS
10:21:13.980 [FXGL Background Thread 3 ] DEBUG Engine               - prefHeightProperty: ReadOnlyDoubleProperty [value: 700.0]
10:21:13.980 [FXGL Background Thread 3 ] DEBUG Engine               - prefWidthProperty: ReadOnlyDoubleProperty [value: 1050.0]
10:21:13.982 [FXGL Background Thread 3 ] DEBUG Engine               - profileDir: profiles/
10:21:13.982 [FXGL Background Thread 3 ] DEBUG Engine               - profileName: StringProperty [value: DEFAULT]
10:21:13.982 [FXGL Background Thread 3 ] DEBUG Engine               - randomSeed: -1
10:21:13.982 [FXGL Background Thread 3 ] DEBUG Engine               - runtimeInfo: RuntimeInfo(platform=WINDOWS, version=11.14, build=01.03.2021 16.59)
10:21:13.983 [FXGL Background Thread 3 ] DEBUG Engine               - saveFileExt: sav
10:21:13.983 [FXGL Background Thread 3 ] DEBUG Engine               - scaledHeightProp$fxgl: DoubleProperty [bound, value: 700.0]
10:21:13.983 [FXGL Background Thread 3 ] DEBUG Engine               - scaledWidthProp$fxgl: DoubleProperty [bound, value: 1050.0]
10:21:13.984 [FXGL Background Thread 3 ] DEBUG Engine               - sceneFactory: com.almasb.fxgl.app.scene.SceneFactory@7bd72d1e
10:21:13.984 [FXGL Background Thread 3 ] DEBUG Engine               - secondsIn24h: 60
10:21:13.984 [FXGL Background Thread 3 ] DEBUG Engine               - soundMenuBack: menu/back.wav
10:21:13.984 [FXGL Background Thread 3 ] DEBUG Engine               - soundMenuPress: menu/press.wav
10:21:13.984 [FXGL Background Thread 3 ] DEBUG Engine               - soundMenuSelect: menu/select.wav
10:21:13.984 [FXGL Background Thread 3 ] DEBUG Engine               - soundNotification: core/notification.wav
10:21:13.985 [FXGL Background Thread 3 ] DEBUG Engine               - stageStyle: DECORATED
10:21:13.985 [FXGL Background Thread 3 ] DEBUG Engine               - supportedLanguages: [ENGLISH, FRENCH, GERMAN, HUNGARIAN, RUSSIAN]
10:21:13.985 [FXGL Background Thread 3 ] DEBUG Engine               - ticksPerSecond: -1
10:21:13.985 [FXGL Background Thread 3 ] DEBUG Engine               - title: Demo game
10:21:13.985 [FXGL Background Thread 3 ] DEBUG Engine               - urlGithub: https://github.com/AlmasB/FXGL
10:21:13.986 [FXGL Background Thread 3 ] DEBUG Engine               - urlLeaderboard: http://fxgl-top.herokuapp.com/
10:21:13.986 [FXGL Background Thread 3 ] DEBUG Engine               - urlPOM: https://raw.githubusercontent.com/AlmasB/FXGL/release/README.md
10:21:13.986 [FXGL Background Thread 3 ] DEBUG Engine               - userAppClass: class Game
10:21:13.987 [FXGL Background Thread 3 ] DEBUG Engine               - version: 1.1
10:21:13.987 [FXGL Background Thread 3 ] DEBUG Engine               - versionCheckDays: 7
10:21:13.987 [FXGL Background Thread 3 ] DEBUG Engine               - width: 1050
10:21:13.988 [FXGL Background Thread 3 ] DEBUG Engine               - Logging services
10:21:13.988 [FXGL Background Thread 3 ] DEBUG Engine               - class com.almasb.fxgl.app.services.FXGLAssetLoaderService
10:21:13.988 [FXGL Background Thread 3 ] DEBUG Engine               - class com.almasb.fxgl.app.FXGLApplication$GameApplicationService
10:21:13.988 [FXGL Background Thread 3 ] DEBUG Engine               - class com.almasb.fxgl.app.services.FXGLDialogService
10:21:13.989 [FXGL Background Thread 3 ] DEBUG Engine               - class com.almasb.fxgl.app.services.IOTaskExecutorService
10:21:13.989 [FXGL Background Thread 3 ] DEBUG Engine               - class com.almasb.fxgl.event.EventBusService
10:21:13.989 [FXGL Background Thread 3 ] DEBUG Engine               - class com.almasb.fxgl.io.FileSystemService
10:21:13.990 [FXGL Background Thread 3 ] DEBUG Engine               - class com.almasb.fxgl.localization.LocalizationService
10:21:13.990 [FXGL Background Thread 3 ] DEBUG Engine               - class com.almasb.fxgl.app.services.SystemBundleService
10:21:13.990 [FXGL Background Thread 3 ] DEBUG Engine               - class com.almasb.fxgl.profile.SaveLoadService
10:21:13.990 [FXGL Background Thread 3 ] DEBUG Engine               - class com.almasb.fxgl.ui.FXGLUIFactoryServiceProvider
10:21:13.990 [FXGL Background Thread 3 ] DEBUG Engine               - class com.almasb.fxgl.ui.FXGLDialogFactoryServiceProvider
10:21:13.991 [FXGL Background Thread 3 ] DEBUG Engine               - class com.almasb.fxgl.audio.AudioPlayer
10:21:13.991 [FXGL Background Thread 3 ] DEBUG Engine               - class com.almasb.fxgl.notification.impl.NotificationServiceProvider
10:21:13.991 [FXGL Background Thread 3 ] DEBUG Engine               - class com.almasb.fxgl.achievement.AchievementService
10:21:13.991 [FXGL Background Thread 3 ] DEBUG Engine               - class com.almasb.fxgl.cutscene.CutsceneService
10:21:13.992 [FXGL Background Thread 3 ] DEBUG Engine               - class com.almasb.fxgl.minigames.MiniGameService
10:21:13.992 [FXGL Background Thread 3 ] DEBUG Engine               - class com.almasb.fxgl.net.NetService
10:21:13.992 [FXGL Background Thread 3 ] DEBUG Engine               - class com.almasb.fxgl.app.services.UpdaterService
10:21:13.993 [FXGL Background Thread 3 ] DEBUG Engine               - class com.almasb.fxgl.dev.DevService
10:21:14.114 [JavaFX Application Thread] DEBUG FXGLApplication      - Exiting FXGL
10:21:14.115 [JavaFX Application Thread] DEBUG LoopRunner           - Stopping loop
10:21:14.115 [JavaFX Application Thread] DEBUG SystemBundleService  - Saving FXGL system data
10:21:14.119 [JavaFX Application Thread] DEBUG FileSystemAccess     - Writing to: C:\Users\jfran\OneDrive - Hogeschool Leiden\IPOSE-Maven\system\fxgl.bundle
10:21:14.123 [JavaFX Application Thread] DEBUG Async                - Shutting down background threads
10:21:14.123 [JavaFX Application Thread] DEBUG PrimaryStageWindow   - Closing main window
10:21:14.159 [JavaFX Application Thread] DEBUG Logger               - Closing Logger
