14:25:01.805 [main                     ] DEBUG Logger               - Configured Logger
14:25:01.841 [main                     ] DEBUG GameApplication      - Logging settings
Title: Demo game
Version: 1.2
Width: 1050
Height: 700
Fullscreen: false
Intro: false
Profiling: false
Single step:false
App Mode: DEVELOPER
Menu Key: ESCAPE
Stage Style: DECORATED
Scene Factory: class com.almasb.fxgl.app.scene.SceneFactory

14:25:03.168 [JavaFX Application Thread] DEBUG FXGLApplication      - Initializing FXGL
14:25:03.175 [JavaFX Application Thread] INFO  Engine               - FXGL-11.14 (01.03.2021 16.59) on WINDOWS (J:15.0.2 FX:15)
14:25:03.178 [JavaFX Application Thread] DEBUG Engine               - JRE Vendor Name: Amazon.com Inc.
14:25:03.179 [JavaFX Application Thread] DEBUG Engine               - Running on OS: Windows 10 version 10.0
14:25:03.180 [JavaFX Application Thread] DEBUG Engine               - Architecture: amd64
14:25:03.180 [JavaFX Application Thread] INFO  Engine               - Source code and latest versions at: https://github.com/AlmasB/FXGL
14:25:03.182 [JavaFX Application Thread] INFO  Engine               -              Join the FXGL chat at: https://gitter.im/AlmasB/FXGL
14:25:03.677 [JavaFX Application Thread] DEBUG PrimaryStageWindow   - Creating a JavaFX scene
14:25:03.878 [JavaFX Application Thread] DEBUG PrimaryStageWindow   - Target settings size: 1050.0 x 700.0
14:25:03.878 [JavaFX Application Thread] DEBUG PrimaryStageWindow   - Scaled scene size:    1050.0 x 700.0
14:25:03.879 [JavaFX Application Thread] DEBUG PrimaryStageWindow   - Scaled ratio: (1.0, 1.0)
14:25:03.882 [JavaFX Application Thread] DEBUG PrimaryStageWindow   - Set initial scene to FXGLStartupScene
14:25:03.907 [JavaFX Application Thread] DEBUG PrimaryStageWindow   - Opening main window
14:25:04.237 [JavaFX Application Thread] DEBUG PrimaryStageWindow   - Window border size: (14.800048828125, 37.5999755859375)
14:25:04.238 [JavaFX Application Thread] DEBUG PrimaryStageWindow   - Scaled size: 1050.0 x 700.0
14:25:04.238 [JavaFX Application Thread] DEBUG PrimaryStageWindow   - Scaled ratio: (1.0, 1.0)
14:25:04.239 [JavaFX Application Thread] DEBUG PrimaryStageWindow   - Scene size: 1050.0 x 700.0
14:25:04.242 [JavaFX Application Thread] DEBUG PrimaryStageWindow   - Stage size: 1064.800048828125 x 737.5999755859375
14:25:04.331 [FXGL Background Thread 1 ] DEBUG Engine               - Initializing environment variables
14:25:04.504 [FXGL Background Thread 1 ] DEBUG FXGLAssetLoaderServi - User app class for loading assets: class Game
14:25:04.505 [FXGL Background Thread 1 ] DEBUG GameApplicationServi - Applying CSS: fxgl_dark.css
14:25:04.512 [FXGL Background Thread 1 ] DEBUG FXGLAssetLoaderServi - Loading from file system: jar:file:/C:/Users/jfran/.m2/repository/com/github/almasb/fxgl/11.14/fxgl-11.14.jar!/fxglassets/ui/css/fxgl_dark.css
14:25:04.662 [FXGL Background Thread 1 ] DEBUG GameApplicationServi - Initializing application scenes
14:25:04.775 [FXGL Background Thread 1 ] DEBUG GameWorld            - Game world initialized
14:25:04.964 [FXGL Background Thread 1 ] DEBUG PhysicsWorld         - Physics world initialized: appHeight=700, physics.ppm=50,0
14:25:04.965 [FXGL Background Thread 1 ] DEBUG PhysicsWorld         - Using strategy: BRUTE_FORCE
14:25:04.972 [FXGL Background Thread 1 ] DEBUG GameScene            - Game scene initialized: 1050x700
14:25:05.076 [FXGL Background Thread 1 ] DEBUG FXGLAssetLoaderServi - Loading from file system: jar:file:/C:/Users/jfran/.m2/repository/com/github/almasb/fxgl/11.14/fxgl-11.14.jar!/fxglassets/textures/particles/trace_horizontal.png
14:25:05.256 [FXGL Background Thread 1 ] DEBUG FXGL.DefaultMenu     - createMenuBodyMainMenu()
14:25:05.305 [FXGL Background Thread 1 ] DEBUG FXGL.DefaultMenu     - createOptionsMenu()
14:25:05.323 [FXGL Background Thread 1 ] DEBUG FXGLAssetLoaderServi - Loading from file system: jar:file:/C:/Users/jfran/.m2/repository/com/github/almasb/fxgl/11.14/fxgl-11.14.jar!/fxglassets/textures/particles/smoke.png
14:25:05.521 [FXGL Background Thread 1 ] DEBUG FXGL.DefaultMenu     - createMenuBodyGameMenu()
14:25:05.525 [FXGL Background Thread 1 ] DEBUG FXGL.DefaultMenu     - createOptionsMenu()
14:25:05.594 [FXGL Background Thread 1 ] DEBUG GameApplicationServi - Application scenes initialized
14:25:05.625 [FXGL Background Thread 1 ] DEBUG SystemBundleService  - Loading FXGL system data
14:25:05.636 [FXGL Background Thread 1 ] DEBUG FileSystemAccess     - Reading from: C:\Users\jfran\OneDrive - Hogeschool Leiden\IPOSE-Maven\system\fxgl.bundle
14:25:05.651 [FXGL Background Thread 1 ] DEBUG SystemBundleService  - Bundle FXGL: {}
14:25:05.652 [FXGL Background Thread 1 ] DEBUG UpdaterService       - Checking for updates
14:25:05.663 [FXGL Background Thread 4 ] DEBUG FXGLApplication      - Loading fonts
14:25:05.664 [FXGL Background Thread 1 ] DEBUG FXGLApplication      - Loading default localization
14:25:05.666 [FXGL Background Thread 1 ] DEBUG FXGLAssetLoaderServi - Loading from file system: jar:file:/C:/Users/jfran/.m2/repository/com/github/almasb/fxgl/11.14/fxgl-11.14.jar!/fxglassets/languages/english.lang
14:25:05.665 [FXGL Background Thread 4 ] DEBUG FXGLAssetLoaderServi - Loading from file system: jar:file:/C:/Users/jfran/.m2/repository/com/github/almasb/fxgl/11.14/fxgl-11.14.jar!/fxglassets/ui/fonts/VarelaRound-Regular.ttf
14:25:05.749 [FXGL Background Thread 1 ] INFO  FXGLApplication      - FXGL initialization took: 1,417 sec
14:25:05.774 [JavaFX Application Thread] DEBUG Input                - Registered new binding: Left - A
14:25:05.775 [JavaFX Application Thread] DEBUG Input                - Registered new binding: Right - D
14:25:05.775 [JavaFX Application Thread] DEBUG Input                - Registered new binding: Jump - W
14:25:05.777 [JavaFX Application Thread] DEBUG FXGLAssetLoaderServi - Loading from file system: jar:file:/C:/Users/jfran/.m2/repository/com/github/almasb/fxgl/11.14/fxgl-11.14.jar!/fxglassets/textures/fxgl_icon.png
14:25:05.829 [JavaFX Application Thread] DEBUG FXGLAssetLoaderServi - Loading from file system: jar:file:/C:/Users/jfran/.m2/repository/com/github/almasb/fxgl/11.14/fxgl-11.14.jar!/fxglassets/ui/cursors/fxgl_default.png
14:25:05.833 [JavaFX Application Thread] DEBUG Input                - Registered new binding: Screenshot - P
14:25:05.835 [JavaFX Application Thread] DEBUG Input                - Registered new binding: System info dump - CTRL+9
14:25:05.836 [JavaFX Application Thread] DEBUG Input                - Registered new binding: Restart - CTRL+R
14:25:05.842 [JavaFX Application Thread] DEBUG Input                - Registered new binding: Toggle Debug Camera - CTRL+C
14:25:05.848 [JavaFX Application Thread] DEBUG LoopRunner           - Starting loop
14:25:05.849 [JavaFX Application Thread] DEBUG LoopRunner           - Initializing JavaFX AnimationTimerLoop
14:25:05.859 [JavaFX Application Thread] DEBUG Input                - Clearing active input actions
14:25:05.875 [JavaFX Application Thread] DEBUG GameApplicationServi - Removing overlay from FXGLStartupScene and adding to FXGLMainMenuDummyScene
14:25:05.876 [JavaFX Application Thread] DEBUG PrimaryStageWindow   - FXGLStartupScene -> FXGLMainMenuDummyScene
14:25:05.876 [JavaFX Application Thread] DEBUG PrimaryStageWindow   - Push state: FXGLDefaultMenu
14:25:05.889 [JavaFX Application Thread] DEBUG Input                - Clearing active input actions
14:25:05.915 [JavaFX Application Thread] DEBUG GameApplicationServi - Removing overlay from FXGLMainMenuDummyScene and adding to FXGLDefaultMenu
14:25:05.928 [JavaFX Application Thread] DEBUG PrimaryStageWindow   - FXGLMainMenuDummyScene -> FXGLDefaultMenu
14:25:06.380 [FXGL Background Thread 4 ] DEBUG FXGLAssetLoaderServi - Loading from file system: jar:file:/C:/Users/jfran/.m2/repository/com/github/almasb/fxgl/11.14/fxgl-11.14.jar!/fxglassets/ui/fonts/Abel-Regular.ttf
14:25:06.426 [FXGL Background Thread 4 ] DEBUG FXGLAssetLoaderServi - Loading from file system: jar:file:/C:/Users/jfran/.m2/repository/com/github/almasb/fxgl/11.14/fxgl-11.14.jar!/fxglassets/ui/fonts/lucida_console.ttf
14:25:06.461 [FXGL Background Thread 4 ] DEBUG FXGLAssetLoaderServi - Loading from file system: jar:file:/C:/Users/jfran/.m2/repository/com/github/almasb/fxgl/11.14/fxgl-11.14.jar!/fxglassets/ui/fonts/Courier-Prime.ttf
14:25:06.611 [JavaFX Application Thread] DEBUG FXGLApplication      - Registering font factories with UI factory
14:25:07.156 [FXGL Background Thread 2 ] INFO  UpdaterService       - Your current version:  11.14
14:25:07.156 [FXGL Background Thread 2 ] INFO  UpdaterService       - Latest stable version: 17.1
14:25:07.561 [JavaFX Application Thread] DEBUG Menu                 - fireNewGame()
14:25:07.562 [JavaFX Application Thread] DEBUG GameApplicationServi - Starting new game
14:25:07.567 [JavaFX Application Thread] DEBUG PrimaryStageWindow   - Pop state: FXGLDefaultMenu
14:25:07.568 [JavaFX Application Thread] DEBUG Input                - Clearing active input actions
14:25:07.571 [JavaFX Application Thread] DEBUG GameApplicationServi - Removing overlay from FXGLDefaultMenu and adding to FXGLMainMenuDummyScene
14:25:07.572 [JavaFX Application Thread] DEBUG PrimaryStageWindow   - FXGLMainMenuDummyScene <- FXGLDefaultMenu
14:25:07.588 [JavaFX Application Thread] DEBUG Input                - Clearing active input actions
14:25:07.623 [JavaFX Application Thread] DEBUG GameApplicationServi - Removing overlay from FXGLMainMenuDummyScene and adding to FXGLLoadingScene
14:25:07.624 [JavaFX Application Thread] DEBUG PrimaryStageWindow   - FXGLMainMenuDummyScene -> FXGLLoadingScene
14:25:07.625 [JavaFX Application Thread] DEBUG GameApplicationServi - Clearing previous game
14:25:07.626 [JavaFX Application Thread] DEBUG GameScene            - Clearing game scene
14:25:07.626 [JavaFX Application Thread] DEBUG GameWorld            - Clearing game world
14:25:07.626 [JavaFX Application Thread] DEBUG PhysicsWorld         - Clearing physics world
14:25:07.630 [FXGL Background Thread 2 ] DEBUG FXGLApplication      - Initializing game
14:25:07.748 [FXGL Background Thread 2 ] WARN  TMXLevelLoader       - TiledMap generated from 1.0.1. Supported version: 1.2.3. Some features may not be parsed fully.
14:25:07.810 [FXGL Background Thread 2 ] DEBUG TMXLevelLoader       - Parsed raw map: TiledMap(width=15, height=10, tilewidth=70, tileheight=70, orientation=orthogonal, layers=[Layer(width=15, height=10, name=Tile Layer 1, type=tilelayer, visible=false, x=0, y=0, data=[153, 0, 0, 0, 0, 0, 0, 0, 0, 0, 0, 0, 0, 0, 0, 153, 2, 0, 0, 69, 57, 45, 0, 0, 0, 0, 0, 0, 0, 0, 153, 10, 0, 0, 0, 0, 0, 0, 0, 0, 0, 0, 0, 0, 0, 153, 153, 0, 0, 0, 0, 0, 0, 15, 3, 3, 27, 0, 0, 0, 153, 153, 0, 0, 0, 0, 0, 0, 0, 0, 0, 0, 0, 0, 0, 153, 153, 0, 0, 0, 0, 0, 0, 0, 0, 0, 0, 0, 0, 116, 153, 153, 0, 0, 0, 0, 0, 0, 15, 3, 3, 27, 0, 116, 153, 153, 153, 0, 0, 69, 81, 57, 0, 0, 0, 0, 0, 0, 153, 153, 153, 153, 0, 0, 0, 0, 0, 0, 0, 0, 0, 0, 0, 153, 153, 153, 153, 10, 105, 0, 0, 0, 129, 105, 0, 0, 0, 129, 153, 153], objects=[], opacity=0.0, draworder=), Layer(width=0, height=0, name=Object Layer 1, type=objectgroup, visible=false, x=0, y=0, data=[], objects=[com.almasb.fxgl.entity.level.tiled.TiledObject@492c277f, com.almasb.fxgl.entity.level.tiled.TiledObject@64c21205, com.almasb.fxgl.entity.level.tiled.TiledObject@18424a3f, com.almasb.fxgl.entity.level.tiled.TiledObject@7b3e06e0, com.almasb.fxgl.entity.level.tiled.TiledObject@5301c127, com.almasb.fxgl.entity.level.tiled.TiledObject@2727a378, com.almasb.fxgl.entity.level.tiled.TiledObject@2dbe0611, com.almasb.fxgl.entity.level.tiled.TiledObject@263c1c40, com.almasb.fxgl.entity.level.tiled.TiledObject@7b69e959, com.almasb.fxgl.entity.level.tiled.TiledObject@614fb92f, com.almasb.fxgl.entity.level.tiled.TiledObject@3c9cb599, com.almasb.fxgl.entity.level.tiled.TiledObject@7a847056, com.almasb.fxgl.entity.level.tiled.TiledObject@4e936d7e, com.almasb.fxgl.entity.level.tiled.TiledObject@52093342, com.almasb.fxgl.entity.level.tiled.TiledObject@be064e7, com.almasb.fxgl.entity.level.tiled.TiledObject@523fa30d, com.almasb.fxgl.entity.level.tiled.TiledObject@792dca9, com.almasb.fxgl.entity.level.tiled.TiledObject@1c9a7c3a, com.almasb.fxgl.entity.level.tiled.TiledObject@1455e412], opacity=0.0, draworder=)], tilesets=[Tileset(firstgid=1, image=tiles_spritesheet.png, name=tiles_spritesheet, tilewidth=70, tileheight=70, imagewidth=914, imageheight=936, margin=0, spacing=2, columns=12, tilecount=156, transparentcolor=, tiles=[])], backgroundcolor=, renderorder=right-down, nextobjectid=20, version=1, tiledversion=1.0.1, type=map, infinite=false, hexsidelength=0, staggeraxis=, staggerindex=, properties={}, propertytypes={})
14:25:07.813 [FXGL Background Thread 2 ] DEBUG TMXLevelLoader       - Creating tile layer entities
14:25:07.815 [FXGL Background Thread 2 ] DEBUG TilesetLoader        - Loading view for layer Tile Layer 1
14:25:07.819 [FXGL Background Thread 2 ] DEBUG TilesetLoader        - Created buffer with size 1050.0x700.0
14:25:07.993 [FXGL Background Thread 2 ] DEBUG TilesetLoader        - Writing to buffer: dst=0,0, w=70,h=70, src=576,864
14:25:07.994 [FXGL Background Thread 2 ] DEBUG TilesetLoader        - Writing to buffer: dst=0,70, w=70,h=70, src=576,864
14:25:07.995 [FXGL Background Thread 2 ] DEBUG TilesetLoader        - Writing to buffer: dst=70,70, w=70,h=70, src=72,0
14:25:07.995 [FXGL Background Thread 2 ] DEBUG TilesetLoader        - Writing to buffer: dst=280,70, w=70,h=70, src=576,360
14:25:07.995 [FXGL Background Thread 2 ] DEBUG TilesetLoader        - Writing to buffer: dst=350,70, w=70,h=70, src=576,288
14:25:07.996 [FXGL Background Thread 2 ] DEBUG TilesetLoader        - Writing to buffer: dst=420,70, w=70,h=70, src=576,216
14:25:07.996 [FXGL Background Thread 2 ] DEBUG TilesetLoader        - Writing to buffer: dst=0,140, w=70,h=70, src=576,864
14:25:07.997 [FXGL Background Thread 2 ] DEBUG TilesetLoader        - Writing to buffer: dst=70,140, w=70,h=70, src=648,0
14:25:07.998 [FXGL Background Thread 2 ] DEBUG TilesetLoader        - Writing to buffer: dst=0,210, w=70,h=70, src=576,864
14:25:07.998 [FXGL Background Thread 2 ] DEBUG TilesetLoader        - Writing to buffer: dst=70,210, w=70,h=70, src=576,864
14:25:07.999 [FXGL Background Thread 2 ] DEBUG TilesetLoader        - Writing to buffer: dst=560,210, w=70,h=70, src=144,72
14:25:07.999 [FXGL Background Thread 2 ] DEBUG TilesetLoader        - Writing to buffer: dst=630,210, w=70,h=70, src=144,0
14:25:08.000 [FXGL Background Thread 2 ] DEBUG TilesetLoader        - Writing to buffer: dst=700,210, w=70,h=70, src=144,0
14:25:08.001 [FXGL Background Thread 2 ] DEBUG TilesetLoader        - Writing to buffer: dst=770,210, w=70,h=70, src=144,144
14:25:08.002 [FXGL Background Thread 2 ] DEBUG TilesetLoader        - Writing to buffer: dst=0,280, w=70,h=70, src=576,864
14:25:08.002 [FXGL Background Thread 2 ] DEBUG TilesetLoader        - Writing to buffer: dst=70,280, w=70,h=70, src=576,864
14:25:08.003 [FXGL Background Thread 2 ] DEBUG TilesetLoader        - Writing to buffer: dst=0,350, w=70,h=70, src=576,864
14:25:08.004 [FXGL Background Thread 2 ] DEBUG TilesetLoader        - Writing to buffer: dst=70,350, w=70,h=70, src=576,864
14:25:08.006 [FXGL Background Thread 2 ] DEBUG TilesetLoader        - Writing to buffer: dst=980,350, w=70,h=70, src=504,648
14:25:08.008 [FXGL Background Thread 2 ] DEBUG TilesetLoader        - Writing to buffer: dst=0,420, w=70,h=70, src=576,864
14:25:08.009 [FXGL Background Thread 2 ] DEBUG TilesetLoader        - Writing to buffer: dst=70,420, w=70,h=70, src=576,864
14:25:08.009 [FXGL Background Thread 2 ] DEBUG TilesetLoader        - Writing to buffer: dst=560,420, w=70,h=70, src=144,72
14:25:08.010 [FXGL Background Thread 2 ] DEBUG TilesetLoader        - Writing to buffer: dst=630,420, w=70,h=70, src=144,0
14:25:08.010 [FXGL Background Thread 2 ] DEBUG TilesetLoader        - Writing to buffer: dst=700,420, w=70,h=70, src=144,0
14:25:08.011 [FXGL Background Thread 2 ] DEBUG TilesetLoader        - Writing to buffer: dst=770,420, w=70,h=70, src=144,144
14:25:08.011 [FXGL Background Thread 2 ] DEBUG TilesetLoader        - Writing to buffer: dst=910,420, w=70,h=70, src=504,648
14:25:08.012 [FXGL Background Thread 2 ] DEBUG TilesetLoader        - Writing to buffer: dst=980,420, w=70,h=70, src=576,864
14:25:08.012 [FXGL Background Thread 2 ] DEBUG TilesetLoader        - Writing to buffer: dst=0,490, w=70,h=70, src=576,864
14:25:08.013 [FXGL Background Thread 2 ] DEBUG TilesetLoader        - Writing to buffer: dst=70,490, w=70,h=70, src=576,864
14:25:08.013 [FXGL Background Thread 2 ] DEBUG TilesetLoader        - Writing to buffer: dst=280,490, w=70,h=70, src=576,360
14:25:08.014 [FXGL Background Thread 2 ] DEBUG TilesetLoader        - Writing to buffer: dst=350,490, w=70,h=70, src=576,432
14:25:08.014 [FXGL Background Thread 2 ] DEBUG TilesetLoader        - Writing to buffer: dst=420,490, w=70,h=70, src=576,288
14:25:08.015 [FXGL Background Thread 2 ] DEBUG TilesetLoader        - Writing to buffer: dst=910,490, w=70,h=70, src=576,864
14:25:08.015 [FXGL Background Thread 2 ] DEBUG TilesetLoader        - Writing to buffer: dst=980,490, w=70,h=70, src=576,864
14:25:08.016 [FXGL Background Thread 2 ] DEBUG TilesetLoader        - Writing to buffer: dst=0,560, w=70,h=70, src=576,864
14:25:08.016 [FXGL Background Thread 2 ] DEBUG TilesetLoader        - Writing to buffer: dst=70,560, w=70,h=70, src=576,864
14:25:08.017 [FXGL Background Thread 2 ] DEBUG TilesetLoader        - Writing to buffer: dst=910,560, w=70,h=70, src=576,864
14:25:08.017 [FXGL Background Thread 2 ] DEBUG TilesetLoader        - Writing to buffer: dst=980,560, w=70,h=70, src=576,864
14:25:08.018 [FXGL Background Thread 2 ] DEBUG TilesetLoader        - Writing to buffer: dst=0,630, w=70,h=70, src=576,864
14:25:08.018 [FXGL Background Thread 2 ] DEBUG TilesetLoader        - Writing to buffer: dst=70,630, w=70,h=70, src=576,864
14:25:08.019 [FXGL Background Thread 2 ] DEBUG TilesetLoader        - Writing to buffer: dst=140,630, w=70,h=70, src=648,0
14:25:08.019 [FXGL Background Thread 2 ] DEBUG TilesetLoader        - Writing to buffer: dst=210,630, w=70,h=70, src=576,576
14:25:08.020 [FXGL Background Thread 2 ] DEBUG TilesetLoader        - Writing to buffer: dst=490,630, w=70,h=70, src=576,720
14:25:08.020 [FXGL Background Thread 2 ] DEBUG TilesetLoader        - Writing to buffer: dst=560,630, w=70,h=70, src=576,576
14:25:08.022 [FXGL Background Thread 2 ] DEBUG TilesetLoader        - Writing to buffer: dst=840,630, w=70,h=70, src=576,720
14:25:08.025 [FXGL Background Thread 2 ] DEBUG TilesetLoader        - Writing to buffer: dst=910,630, w=70,h=70, src=576,864
14:25:08.026 [FXGL Background Thread 2 ] DEBUG TilesetLoader        - Writing to buffer: dst=980,630, w=70,h=70, src=576,864
14:25:08.027 [FXGL Background Thread 2 ] DEBUG TMXLevelLoader       - Creating object layer entities
14:25:08.115 [FXGL Background Thread 2 ] DEBUG FXGLAssetLoaderServi - Loading from file system: file:/C:/Users/jfran/OneDrive%20-%20Hogeschool%20Leiden/IPOSE-Maven/target/classes/assets/textures/star.png
14:25:08.135 [FXGL Background Thread 2 ] DEBUG GameWorld            - Clearing removable entities
14:25:08.137 [FXGL Background Thread 2 ] DEBUG GameWorld            - Setting level: com.almasb.fxgl.entity.level.Level@4a84a2e2
14:25:08.180 [FXGL Background Thread 2 ] DEBUG FXGLAssetLoaderServi - Loading from file system: file:/C:/Users/jfran/OneDrive%20-%20Hogeschool%20Leiden/IPOSE-Maven/target/classes/assets/textures/girl.png
14:25:08.233 [FXGL Background Thread 2 ] INFO  FXGLApplication      - Game initialization took: 0,603 sec
14:25:08.234 [JavaFX Application Thread] DEBUG Input                - Clearing active input actions
14:25:08.257 [JavaFX Application Thread] DEBUG GameApplicationServi - Removing overlay from FXGLLoadingScene and adding to GameScene
14:25:08.258 [JavaFX Application Thread] DEBUG PrimaryStageWindow   - FXGLLoadingScene -> GameScene
14:25:08.661 [FXGL Background Thread 3 ] DEBUG Engine               - Logging environment variables
14:25:08.662 [FXGL Background Thread 3 ] DEBUG Engine               - achievements: []
14:25:08.663 [FXGL Background Thread 3 ] DEBUG Engine               - actualHeight: 700.0
14:25:08.663 [FXGL Background Thread 3 ] DEBUG Engine               - actualHeightProperty: ReadOnlyDoubleProperty [value: 700.0]
14:25:08.663 [FXGL Background Thread 3 ] DEBUG Engine               - actualWidth: 1050.0
14:25:08.664 [FXGL Background Thread 3 ] DEBUG Engine               - actualWidthProperty: ReadOnlyDoubleProperty [value: 1050.0]
14:25:08.664 [FXGL Background Thread 3 ] DEBUG Engine               - appIcon: fxgl_icon.png
14:25:08.665 [FXGL Background Thread 3 ] DEBUG Engine               - applicationMode: DEVELOPER
14:25:08.665 [FXGL Background Thread 3 ] DEBUG Engine               - cSSList: [fxgl_dark.css]
14:25:08.665 [FXGL Background Thread 3 ] DEBUG Engine               - collisionDetectionStrategy: BRUTE_FORCE
14:25:08.666 [FXGL Background Thread 3 ] DEBUG Engine               - configClass: Optional.empty
14:25:08.666 [FXGL Background Thread 3 ] DEBUG Engine               - credits: []
14:25:08.667 [FXGL Background Thread 3 ] DEBUG Engine               - devBBoxColorProperty: ObjectProperty [value: 0xff0000ff]
14:25:08.667 [FXGL Background Thread 3 ] DEBUG Engine               - devEnableDebugCameraProperty: BooleanProperty [value: false]
14:25:08.672 [FXGL Background Thread 3 ] DEBUG Engine               - devSensorColorProperty: ObjectProperty [value: 0xffff00ff]
14:25:08.672 [FXGL Background Thread 3 ] DEBUG Engine               - devShowBBoxProperty: BooleanProperty [value: false]
14:25:08.673 [FXGL Background Thread 3 ] DEBUG Engine               - devShowPositionProperty: BooleanProperty [value: false]
14:25:08.673 [FXGL Background Thread 3 ] DEBUG Engine               - enabledMenuItems: []
14:25:08.674 [FXGL Background Thread 3 ] DEBUG Engine               - engineServices: [class com.almasb.fxgl.app.services.FXGLAssetLoaderService, class com.almasb.fxgl.app.FXGLApplication$GameApplicationService, class com.almasb.fxgl.app.services.FXGLDialogService, class com.almasb.fxgl.app.services.IOTaskExecutorService, class com.almasb.fxgl.event.EventBusService, class com.almasb.fxgl.io.FileSystemService, class com.almasb.fxgl.localization.LocalizationService, class com.almasb.fxgl.app.services.SystemBundleService, class com.almasb.fxgl.profile.SaveLoadService, class com.almasb.fxgl.ui.FXGLUIFactoryServiceProvider, class com.almasb.fxgl.ui.FXGLDialogFactoryServiceProvider, class com.almasb.fxgl.audio.AudioPlayer, class com.almasb.fxgl.notification.impl.NotificationServiceProvider, class com.almasb.fxgl.achievement.AchievementService, class com.almasb.fxgl.cutscene.CutsceneService, class com.almasb.fxgl.minigames.MiniGameService, class com.almasb.fxgl.net.NetService, class com.almasb.fxgl.app.services.UpdaterService, class com.almasb.fxgl.dev.DevService]
14:25:08.676 [FXGL Background Thread 3 ] DEBUG Engine               - fontGame: Abel-Regular.ttf
14:25:08.676 [FXGL Background Thread 3 ] DEBUG Engine               - fontMono: lucida_console.ttf
14:25:08.677 [FXGL Background Thread 3 ] DEBUG Engine               - fontText: Courier-Prime.ttf
14:25:08.677 [FXGL Background Thread 3 ] DEBUG Engine               - fontUI: VarelaRound-Regular.ttf
14:25:08.677 [FXGL Background Thread 3 ] DEBUG Engine               - fullScreen: BooleanProperty [value: false]
14:25:08.678 [FXGL Background Thread 3 ] DEBUG Engine               - gameDifficulty: MEDIUM
14:25:08.678 [FXGL Background Thread 3 ] DEBUG Engine               - gameDifficultyProperty: ObjectProperty [value: MEDIUM]
14:25:08.678 [FXGL Background Thread 3 ] DEBUG Engine               - globalMusicVolume: 0.5
14:25:08.679 [FXGL Background Thread 3 ] DEBUG Engine               - globalMusicVolumeProperty: DoubleProperty [value: 0.5]
14:25:08.683 [FXGL Background Thread 3 ] DEBUG Engine               - globalSoundVolume: 0.5
14:25:08.683 [FXGL Background Thread 3 ] DEBUG Engine               - globalSoundVolumeProperty: DoubleProperty [value: 0.5]
14:25:08.683 [FXGL Background Thread 3 ] DEBUG Engine               - height: 700
14:25:08.683 [FXGL Background Thread 3 ] DEBUG Engine               - isAndroid: false
14:25:08.684 [FXGL Background Thread 3 ] DEBUG Engine               - isBrowser: false
14:25:08.684 [FXGL Background Thread 3 ] DEBUG Engine               - isClickFeedbackEnabled: false
14:25:08.684 [FXGL Background Thread 3 ] DEBUG Engine               - isCloseConfirmation: false
14:25:08.685 [FXGL Background Thread 3 ] DEBUG Engine               - isDesktop: true
14:25:08.686 [FXGL Background Thread 3 ] DEBUG Engine               - isDeveloperMenuEnabled: false
14:25:08.686 [FXGL Background Thread 3 ] DEBUG Engine               - isEntityPreloadEnabled: true
14:25:08.687 [FXGL Background Thread 3 ] DEBUG Engine               - isExperimental3D: false
14:25:08.691 [FXGL Background Thread 3 ] DEBUG Engine               - isExperimentalNative: false
14:25:08.692 [FXGL Background Thread 3 ] DEBUG Engine               - isExperimentalTiledLargeMap: false
14:25:08.692 [FXGL Background Thread 3 ] DEBUG Engine               - isFileSystemWriteAllowed: true
14:25:08.692 [FXGL Background Thread 3 ] DEBUG Engine               - isFullScreenAllowed: false
14:25:08.693 [FXGL Background Thread 3 ] DEBUG Engine               - isFullScreenFromStart: false
14:25:08.695 [FXGL Background Thread 3 ] DEBUG Engine               - isGameMenuEnabled: true
14:25:08.695 [FXGL Background Thread 3 ] DEBUG Engine               - isIOS: false
14:25:08.696 [FXGL Background Thread 3 ] DEBUG Engine               - isIntroEnabled: false
14:25:08.696 [FXGL Background Thread 3 ] DEBUG Engine               - isLinux: false
14:25:08.696 [FXGL Background Thread 3 ] DEBUG Engine               - isMac: false
14:25:08.697 [FXGL Background Thread 3 ] DEBUG Engine               - isMainMenuEnabled: true
14:25:08.697 [FXGL Background Thread 3 ] DEBUG Engine               - isManualResizeEnabled: false
14:25:08.697 [FXGL Background Thread 3 ] DEBUG Engine               - isMobile: false
14:25:08.697 [FXGL Background Thread 3 ] DEBUG Engine               - isPreserveResizeRatio: false
14:25:08.698 [FXGL Background Thread 3 ] DEBUG Engine               - isProfilingEnabled: false
14:25:08.698 [FXGL Background Thread 3 ] DEBUG Engine               - isScaleAffectedOnResize: true
14:25:08.698 [FXGL Background Thread 3 ] DEBUG Engine               - isSingleStep: false
14:25:08.699 [FXGL Background Thread 3 ] DEBUG Engine               - isUserProfileEnabled: false
14:25:08.699 [FXGL Background Thread 3 ] DEBUG Engine               - isWindows: true
14:25:08.699 [FXGL Background Thread 3 ] DEBUG Engine               - language: ObjectProperty [value: ENGLISH]
14:25:08.700 [FXGL Background Thread 3 ] DEBUG Engine               - menuKey: ESCAPE
14:25:08.701 [FXGL Background Thread 3 ] DEBUG Engine               - notificationViewClass: class com.almasb.fxgl.notification.view.XboxNotificationView
14:25:08.702 [FXGL Background Thread 3 ] DEBUG Engine               - pixelsPerMeter: 50.0
14:25:08.702 [FXGL Background Thread 3 ] DEBUG Engine               - platform: WINDOWS
14:25:08.702 [FXGL Background Thread 3 ] DEBUG Engine               - prefHeightProperty: ReadOnlyDoubleProperty [value: 700.0]
14:25:08.703 [FXGL Background Thread 3 ] DEBUG Engine               - prefWidthProperty: ReadOnlyDoubleProperty [value: 1050.0]
14:25:08.704 [FXGL Background Thread 3 ] DEBUG Engine               - profileDir: profiles/
14:25:08.706 [FXGL Background Thread 3 ] DEBUG Engine               - profileName: StringProperty [value: DEFAULT]
14:25:08.707 [FXGL Background Thread 3 ] DEBUG Engine               - randomSeed: -1
14:25:08.709 [FXGL Background Thread 3 ] DEBUG Engine               - runtimeInfo: RuntimeInfo(platform=WINDOWS, version=11.14, build=01.03.2021 16.59)
14:25:08.709 [FXGL Background Thread 3 ] DEBUG Engine               - saveFileExt: sav
14:25:08.709 [FXGL Background Thread 3 ] DEBUG Engine               - scaledHeightProp$fxgl: DoubleProperty [bound, value: 700.0]
14:25:08.710 [FXGL Background Thread 3 ] DEBUG Engine               - scaledWidthProp$fxgl: DoubleProperty [bound, value: 1050.0]
14:25:08.710 [FXGL Background Thread 3 ] DEBUG Engine               - sceneFactory: com.almasb.fxgl.app.scene.SceneFactory@361bba7e
14:25:08.711 [FXGL Background Thread 3 ] DEBUG Engine               - secondsIn24h: 60
14:25:08.711 [FXGL Background Thread 3 ] DEBUG Engine               - soundMenuBack: menu/back.wav
14:25:08.732 [FXGL Background Thread 3 ] DEBUG Engine               - soundMenuPress: menu/press.wav
14:25:08.733 [FXGL Background Thread 3 ] DEBUG Engine               - soundMenuSelect: menu/select.wav
14:25:08.733 [FXGL Background Thread 3 ] DEBUG Engine               - soundNotification: core/notification.wav
14:25:08.734 [FXGL Background Thread 3 ] DEBUG Engine               - stageStyle: DECORATED
14:25:08.734 [FXGL Background Thread 3 ] DEBUG Engine               - supportedLanguages: [ENGLISH, FRENCH, GERMAN, HUNGARIAN, RUSSIAN]
14:25:08.734 [FXGL Background Thread 3 ] DEBUG Engine               - ticksPerSecond: -1
14:25:08.735 [FXGL Background Thread 3 ] DEBUG Engine               - title: Demo game
14:25:08.735 [FXGL Background Thread 3 ] DEBUG Engine               - urlGithub: https://github.com/AlmasB/FXGL
14:25:08.735 [FXGL Background Thread 3 ] DEBUG Engine               - urlLeaderboard: http://fxgl-top.herokuapp.com/
14:25:08.735 [FXGL Background Thread 3 ] DEBUG Engine               - urlPOM: https://raw.githubusercontent.com/AlmasB/FXGL/release/README.md
14:25:08.736 [FXGL Background Thread 3 ] DEBUG Engine               - userAppClass: class Game
14:25:08.736 [FXGL Background Thread 3 ] DEBUG Engine               - version: 1.2
14:25:08.737 [FXGL Background Thread 3 ] DEBUG Engine               - versionCheckDays: 7
14:25:08.738 [FXGL Background Thread 3 ] DEBUG Engine               - width: 1050
14:25:08.740 [FXGL Background Thread 3 ] DEBUG Engine               - Logging services
14:25:08.741 [FXGL Background Thread 3 ] DEBUG Engine               - class com.almasb.fxgl.app.services.FXGLAssetLoaderService
14:25:08.741 [FXGL Background Thread 3 ] DEBUG Engine               - class com.almasb.fxgl.app.FXGLApplication$GameApplicationService
14:25:08.742 [FXGL Background Thread 3 ] DEBUG Engine               - class com.almasb.fxgl.app.services.FXGLDialogService
14:25:08.742 [FXGL Background Thread 3 ] DEBUG Engine               - class com.almasb.fxgl.app.services.IOTaskExecutorService
14:25:08.742 [FXGL Background Thread 3 ] DEBUG Engine               - class com.almasb.fxgl.event.EventBusService
14:25:08.742 [FXGL Background Thread 3 ] DEBUG Engine               - class com.almasb.fxgl.io.FileSystemService
14:25:08.743 [FXGL Background Thread 3 ] DEBUG Engine               - class com.almasb.fxgl.localization.LocalizationService
14:25:08.743 [FXGL Background Thread 3 ] DEBUG Engine               - class com.almasb.fxgl.app.services.SystemBundleService
14:25:08.743 [FXGL Background Thread 3 ] DEBUG Engine               - class com.almasb.fxgl.profile.SaveLoadService
14:25:08.743 [FXGL Background Thread 3 ] DEBUG Engine               - class com.almasb.fxgl.ui.FXGLUIFactoryServiceProvider
14:25:08.744 [FXGL Background Thread 3 ] DEBUG Engine               - class com.almasb.fxgl.ui.FXGLDialogFactoryServiceProvider
14:25:08.744 [FXGL Background Thread 3 ] DEBUG Engine               - class com.almasb.fxgl.audio.AudioPlayer
14:25:08.744 [FXGL Background Thread 3 ] DEBUG Engine               - class com.almasb.fxgl.notification.impl.NotificationServiceProvider
14:25:08.744 [FXGL Background Thread 3 ] DEBUG Engine               - class com.almasb.fxgl.achievement.AchievementService
14:25:08.745 [FXGL Background Thread 3 ] DEBUG Engine               - class com.almasb.fxgl.cutscene.CutsceneService
14:25:08.745 [FXGL Background Thread 3 ] DEBUG Engine               - class com.almasb.fxgl.minigames.MiniGameService
14:25:08.745 [FXGL Background Thread 3 ] DEBUG Engine               - class com.almasb.fxgl.net.NetService
14:25:08.746 [FXGL Background Thread 3 ] DEBUG Engine               - class com.almasb.fxgl.app.services.UpdaterService
14:25:08.746 [FXGL Background Thread 3 ] DEBUG Engine               - class com.almasb.fxgl.dev.DevService
14:25:16.960 [JavaFX Application Thread] DEBUG FXGLApplication      - Exiting FXGL
14:25:16.961 [JavaFX Application Thread] DEBUG LoopRunner           - Stopping loop
14:25:16.961 [JavaFX Application Thread] DEBUG SystemBundleService  - Saving FXGL system data
14:25:16.966 [JavaFX Application Thread] DEBUG FileSystemAccess     - Writing to: C:\Users\jfran\OneDrive - Hogeschool Leiden\IPOSE-Maven\system\fxgl.bundle
14:25:16.970 [JavaFX Application Thread] DEBUG Async                - Shutting down background threads
14:25:16.971 [JavaFX Application Thread] DEBUG PrimaryStageWindow   - Closing main window
14:25:17.011 [JavaFX Application Thread] DEBUG Logger               - Closing Logger
