09:48:17.679 [main                     ] DEBUG Logger               - Configured Logger
09:48:17.694 [main                     ] DEBUG GameApplication      - Logging settings
Title: Demo game
Version: 1.1
Width: 1050
Height: 700
Fullscreen: false
Intro: false
Profiling: false
Single step:false
App Mode: DEVELOPER
Menu Key: ESCAPE
Stage Style: DECORATED
Scene Factory: class com.almasb.fxgl.app.scene.SceneFactory

09:48:18.008 [JavaFX Application Thread] DEBUG FXGLApplication      - Initializing FXGL
09:48:18.010 [JavaFX Application Thread] INFO  Engine               - FXGL-11.14 (01.03.2021 16.59) on WINDOWS (J:15.0.2 FX:15)
09:48:18.011 [JavaFX Application Thread] DEBUG Engine               - JRE Vendor Name: Oracle Corporation
09:48:18.011 [JavaFX Application Thread] DEBUG Engine               - Running on OS: Windows 10 version 10.0
09:48:18.011 [JavaFX Application Thread] DEBUG Engine               - Architecture: amd64
09:48:18.012 [JavaFX Application Thread] INFO  Engine               - Source code and latest versions at: https://github.com/AlmasB/FXGL
09:48:18.012 [JavaFX Application Thread] INFO  Engine               -              Join the FXGL chat at: https://gitter.im/AlmasB/FXGL
09:48:18.097 [JavaFX Application Thread] DEBUG PrimaryStageWindow   - Creating a JavaFX scene
09:48:18.137 [JavaFX Application Thread] DEBUG PrimaryStageWindow   - Target settings size: 1050.0 x 700.0
09:48:18.137 [JavaFX Application Thread] DEBUG PrimaryStageWindow   - Scaled scene size:    1050.0 x 700.0
09:48:18.138 [JavaFX Application Thread] DEBUG PrimaryStageWindow   - Scaled ratio: (1.0, 1.0)
09:48:18.139 [JavaFX Application Thread] DEBUG PrimaryStageWindow   - Set initial scene to FXGLStartupScene
09:48:18.144 [JavaFX Application Thread] DEBUG PrimaryStageWindow   - Opening main window
09:48:18.218 [JavaFX Application Thread] DEBUG PrimaryStageWindow   - Window border size: (14.800048828125, 37.5999755859375)
09:48:18.218 [JavaFX Application Thread] DEBUG PrimaryStageWindow   - Scaled size: 1050.0 x 700.0
09:48:18.218 [JavaFX Application Thread] DEBUG PrimaryStageWindow   - Scaled ratio: (1.0, 1.0)
09:48:18.219 [JavaFX Application Thread] DEBUG PrimaryStageWindow   - Scene size: 1050.0 x 700.0
09:48:18.219 [JavaFX Application Thread] DEBUG PrimaryStageWindow   - Stage size: 1064.800048828125 x 737.5999755859375
09:48:18.229 [FXGL Background Thread 1 ] DEBUG Engine               - Initializing environment variables
09:48:18.280 [FXGL Background Thread 1 ] DEBUG FXGLAssetLoaderServi - User app class for loading assets: class Game
09:48:18.281 [FXGL Background Thread 1 ] DEBUG GameApplicationServi - Applying CSS: fxgl_dark.css
09:48:18.283 [FXGL Background Thread 1 ] DEBUG FXGLAssetLoaderServi - Loading from file system: jar:file:/C:/Users/fayli/.m2/repository/com/github/almasb/fxgl/11.14/fxgl-11.14.jar!/fxglassets/ui/css/fxgl_dark.css
09:48:18.345 [FXGL Background Thread 1 ] DEBUG GameApplicationServi - Initializing application scenes
09:48:18.386 [FXGL Background Thread 1 ] DEBUG GameWorld            - Game world initialized
09:48:18.446 [FXGL Background Thread 1 ] DEBUG PhysicsWorld         - Physics world initialized: appHeight=700, physics.ppm=50,0
09:48:18.447 [FXGL Background Thread 1 ] DEBUG PhysicsWorld         - Using strategy: BRUTE_FORCE
09:48:18.450 [FXGL Background Thread 1 ] DEBUG GameScene            - Game scene initialized: 1050x700
09:48:18.485 [FXGL Background Thread 1 ] DEBUG FXGLAssetLoaderServi - Loading from file system: jar:file:/C:/Users/fayli/.m2/repository/com/github/almasb/fxgl/11.14/fxgl-11.14.jar!/fxglassets/textures/particles/trace_horizontal.png
09:48:18.528 [FXGL Background Thread 1 ] DEBUG FXGL.DefaultMenu     - createMenuBodyGameMenu()
09:48:18.541 [FXGL Background Thread 1 ] DEBUG FXGL.DefaultMenu     - createOptionsMenu()
09:48:18.545 [FXGL Background Thread 1 ] DEBUG FXGLAssetLoaderServi - Loading from file system: jar:file:/C:/Users/fayli/.m2/repository/com/github/almasb/fxgl/11.14/fxgl-11.14.jar!/fxglassets/textures/particles/smoke.png
09:48:18.593 [FXGL Background Thread 1 ] DEBUG GameApplicationServi - Application scenes initialized
09:48:18.601 [FXGL Background Thread 1 ] DEBUG SystemBundleService  - Loading FXGL system data
09:48:18.604 [FXGL Background Thread 1 ] DEBUG FileSystemAccess     - Reading from: C:\Users\fayli\OneDrive - Hogeschool Leiden\Periode 3, Jaar 1\IOOA\Week 6\IPOSE-Maven\system\fxgl.bundle
09:48:18.609 [FXGL Background Thread 1 ] DEBUG SystemBundleService  - Bundle FXGL: {}
09:48:18.609 [FXGL Background Thread 1 ] DEBUG UpdaterService       - Checking for updates
09:48:18.612 [FXGL Background Thread 4 ] DEBUG FXGLApplication      - Loading fonts
09:48:18.613 [FXGL Background Thread 1 ] DEBUG FXGLApplication      - Loading default localization
09:48:18.613 [FXGL Background Thread 4 ] DEBUG FXGLAssetLoaderServi - Loading from file system: jar:file:/C:/Users/fayli/.m2/repository/com/github/almasb/fxgl/11.14/fxgl-11.14.jar!/fxglassets/ui/fonts/VarelaRound-Regular.ttf
09:48:18.613 [FXGL Background Thread 1 ] DEBUG FXGLAssetLoaderServi - Loading from file system: jar:file:/C:/Users/fayli/.m2/repository/com/github/almasb/fxgl/11.14/fxgl-11.14.jar!/fxglassets/languages/english.lang
09:48:18.631 [FXGL Background Thread 1 ] INFO  FXGLApplication      - FXGL initialization took: 0,401 sec
09:48:18.642 [JavaFX Application Thread] DEBUG Input                - Registered new binding: Left - A
09:48:18.642 [JavaFX Application Thread] DEBUG FXGLAssetLoaderServi - Loading from file system: jar:file:/C:/Users/fayli/.m2/repository/com/github/almasb/fxgl/11.14/fxgl-11.14.jar!/fxglassets/textures/fxgl_icon.png
09:48:18.663 [FXGL Background Thread 4 ] DEBUG FXGLAssetLoaderServi - Loading from file system: jar:file:/C:/Users/fayli/.m2/repository/com/github/almasb/fxgl/11.14/fxgl-11.14.jar!/fxglassets/ui/fonts/Abel-Regular.ttf
09:48:18.666 [FXGL Background Thread 4 ] DEBUG FXGLAssetLoaderServi - Loading from file system: jar:file:/C:/Users/fayli/.m2/repository/com/github/almasb/fxgl/11.14/fxgl-11.14.jar!/fxglassets/ui/fonts/lucida_console.ttf
09:48:18.670 [FXGL Background Thread 4 ] DEBUG FXGLAssetLoaderServi - Loading from file system: jar:file:/C:/Users/fayli/.m2/repository/com/github/almasb/fxgl/11.14/fxgl-11.14.jar!/fxglassets/ui/fonts/Courier-Prime.ttf
09:48:18.674 [JavaFX Application Thread] DEBUG FXGLAssetLoaderServi - Loading from file system: jar:file:/C:/Users/fayli/.m2/repository/com/github/almasb/fxgl/11.14/fxgl-11.14.jar!/fxglassets/ui/cursors/fxgl_default.png
09:48:18.676 [JavaFX Application Thread] DEBUG Input                - Registered new binding: Screenshot - P
09:48:18.677 [JavaFX Application Thread] DEBUG Input                - Registered new binding: System info dump - CTRL+9
09:48:18.677 [JavaFX Application Thread] DEBUG Input                - Registered new binding: Restart - CTRL+R
09:48:18.678 [JavaFX Application Thread] DEBUG Input                - Registered new binding: Toggle Debug Camera - CTRL+C
09:48:18.679 [JavaFX Application Thread] DEBUG LoopRunner           - Starting loop
09:48:18.679 [JavaFX Application Thread] DEBUG LoopRunner           - Initializing JavaFX AnimationTimerLoop
09:48:18.681 [JavaFX Application Thread] DEBUG GameApplicationServi - Starting new game
09:48:18.681 [JavaFX Application Thread] DEBUG Input                - Clearing active input actions
09:48:18.690 [JavaFX Application Thread] DEBUG GameApplicationServi - Removing overlay from FXGLStartupScene and adding to FXGLLoadingScene
09:48:18.690 [JavaFX Application Thread] DEBUG PrimaryStageWindow   - FXGLStartupScene -> FXGLLoadingScene
09:48:18.690 [JavaFX Application Thread] DEBUG GameApplicationServi - Clearing previous game
09:48:18.690 [JavaFX Application Thread] DEBUG GameScene            - Clearing game scene
09:48:18.691 [JavaFX Application Thread] DEBUG GameWorld            - Clearing game world
09:48:18.691 [JavaFX Application Thread] DEBUG PhysicsWorld         - Clearing physics world
09:48:18.692 [FXGL Background Thread 4 ] DEBUG FXGLApplication      - Initializing game
09:48:18.693 [JavaFX Application Thread] DEBUG FXGLApplication      - Registering font factories with UI factory
09:48:18.719 [FXGL Background Thread 4 ] WARN  TMXLevelLoader       - TiledMap generated from 1.8.4. Supported version: 1.2.3. Some features may not be parsed fully.
09:48:18.724 [FXGL Background Thread 4 ] DEBUG TMXLevelLoader       - Parsed raw map: TiledMap(width=15, height=10, tilewidth=15, tileheight=15, orientation=orthogonal, layers=[Layer(width=15, height=10, name=Tile Layer 1, type=tilelayer, visible=false, x=0, y=0, data=[59, 61, 123, 123, 123, 123, 123, 123, 123, 59, 61, 123, 123, 123, 185, 75, 77, 1, 1, 1, 0, 0, 1, 0, 75, 93, 1, 1, 1, 1, 75, 77, 1, 1, 1, 0, 0, 1, 0, 91, 93, 1, 1, 1, 1, 75, 77, 1, 1, 1, 0, 33, 34, 35, 91, 93, 7, 7, 7, 7, 75, 77, 1, 1, 1, 0, 49, 50, 51, 91, 93, 0, 0, 0, 1, 75, 77, 1, 1, 1, 0, 0, 0, 0, 91, 93, 0, 0, 0, 1, 75, 77, 7, 7, 7, 0, 0, 0, 0, 91, 93, 0, 20, 0, 1, 75, 77, 1, 1, 18, 0, 0, 0, 18, 91, 93, 0, 21, 0, 1, 107, 109, 1, 1, 19, 1, 1, 1, 19, 107, 109, 1, 22, 1, 1, 190, 190, 190, 190, 190, 190, 190, 190, 190, 190, 190, 190, 190, 190, 190], objects=[], opacity=0.0, draworder=), Layer(width=0, height=0, name=Object Layer 1, type=objectgroup, visible=false, x=0, y=0, data=[], objects=[com.almasb.fxgl.entity.level.tiled.TiledObject@54bc8e17, com.almasb.fxgl.entity.level.tiled.TiledObject@53b3ba0d, com.almasb.fxgl.entity.level.tiled.TiledObject@2e1b427d, com.almasb.fxgl.entity.level.tiled.TiledObject@20cf8cb9, com.almasb.fxgl.entity.level.tiled.TiledObject@10b36281, com.almasb.fxgl.entity.level.tiled.TiledObject@5e9ed148, com.almasb.fxgl.entity.level.tiled.TiledObject@2ae2784c, com.almasb.fxgl.entity.level.tiled.TiledObject@769493ed, com.almasb.fxgl.entity.level.tiled.TiledObject@7db840d4, com.almasb.fxgl.entity.level.tiled.TiledObject@5504caba], opacity=0.0, draworder=)], tilesets=[Tileset(firstgid=1, image=castle-tileset.png, name=castle-tileset, tilewidth=15, tileheight=15, imagewidth=256, imageheight=272, margin=0, spacing=1, columns=16, tilecount=272, transparentcolor=, tiles=[])], backgroundcolor=, renderorder=right-down, nextobjectid=22, version=1, tiledversion=1.8.4, type=map, infinite=false, hexsidelength=0, staggeraxis=, staggerindex=, properties={}, propertytypes={})
09:48:18.725 [FXGL Background Thread 4 ] DEBUG TMXLevelLoader       - Creating tile layer entities
09:48:18.726 [FXGL Background Thread 4 ] DEBUG TilesetLoader        - Loading view for layer Tile Layer 1
09:48:18.726 [FXGL Background Thread 4 ] DEBUG TilesetLoader        - Created buffer with size 225.0x150.0
09:48:18.727 [FXGL Background Thread 4 ] WARN  TilesetLoader        - castle-tileset.png cannot be loaded using mapURL=file:/C:/Users/fayli/OneDrive%20-%20Hogeschool%20Leiden/Periode%203,%20Jaar%201/IOOA/Week%206/IPOSE-Maven/target/classes/assets/levels/castle.tmx Error: java.io.FileNotFoundException: C:\Users\fayli\OneDrive - Hogeschool Leiden\Periode 3, Jaar 1\IOOA\Week 6\IPOSE-Maven\target\classes\assets\levels\castle-tileset.png (Het systeem kan het opgegeven bestand niet vinden)
09:48:18.828 [FXGL Background Thread 4 ] DEBUG TilesetLoader        - Writing to buffer: dst=0,0, w=15,h=15, src=160,48
09:48:18.829 [FXGL Background Thread 4 ] DEBUG TilesetLoader        - Writing to buffer: dst=15,0, w=15,h=15, src=192,48
09:48:18.829 [FXGL Background Thread 4 ] DEBUG TilesetLoader        - Writing to buffer: dst=30,0, w=15,h=15, src=160,112
09:48:18.829 [FXGL Background Thread 4 ] DEBUG TilesetLoader        - Writing to buffer: dst=45,0, w=15,h=15, src=160,112
09:48:18.829 [FXGL Background Thread 4 ] DEBUG TilesetLoader        - Writing to buffer: dst=60,0, w=15,h=15, src=160,112
09:48:18.830 [FXGL Background Thread 4 ] DEBUG TilesetLoader        - Writing to buffer: dst=75,0, w=15,h=15, src=160,112
09:48:18.830 [FXGL Background Thread 4 ] DEBUG TilesetLoader        - Writing to buffer: dst=90,0, w=15,h=15, src=160,112
09:48:18.830 [FXGL Background Thread 4 ] DEBUG TilesetLoader        - Writing to buffer: dst=105,0, w=15,h=15, src=160,112
09:48:18.830 [FXGL Background Thread 4 ] DEBUG TilesetLoader        - Writing to buffer: dst=120,0, w=15,h=15, src=160,112
09:48:18.831 [FXGL Background Thread 4 ] DEBUG TilesetLoader        - Writing to buffer: dst=135,0, w=15,h=15, src=160,48
09:48:18.831 [FXGL Background Thread 4 ] DEBUG TilesetLoader        - Writing to buffer: dst=150,0, w=15,h=15, src=192,48
09:48:18.831 [FXGL Background Thread 4 ] DEBUG TilesetLoader        - Writing to buffer: dst=165,0, w=15,h=15, src=160,112
09:48:18.831 [FXGL Background Thread 4 ] DEBUG TilesetLoader        - Writing to buffer: dst=180,0, w=15,h=15, src=160,112
09:48:18.832 [FXGL Background Thread 4 ] DEBUG TilesetLoader        - Writing to buffer: dst=195,0, w=15,h=15, src=160,112
09:48:18.832 [FXGL Background Thread 4 ] DEBUG TilesetLoader        - Writing to buffer: dst=210,0, w=15,h=15, src=128,176
09:48:18.832 [FXGL Background Thread 4 ] DEBUG TilesetLoader        - Writing to buffer: dst=0,15, w=15,h=15, src=160,64
09:48:18.832 [FXGL Background Thread 4 ] DEBUG TilesetLoader        - Writing to buffer: dst=15,15, w=15,h=15, src=192,64
09:48:18.833 [FXGL Background Thread 4 ] DEBUG TilesetLoader        - Writing to buffer: dst=30,15, w=15,h=15, src=0,0
09:48:18.833 [FXGL Background Thread 4 ] DEBUG TilesetLoader        - Writing to buffer: dst=45,15, w=15,h=15, src=0,0
09:48:18.833 [FXGL Background Thread 4 ] DEBUG TilesetLoader        - Writing to buffer: dst=60,15, w=15,h=15, src=0,0
09:48:18.833 [FXGL Background Thread 4 ] DEBUG TilesetLoader        - Writing to buffer: dst=105,15, w=15,h=15, src=0,0
09:48:18.833 [FXGL Background Thread 4 ] DEBUG TilesetLoader        - Writing to buffer: dst=135,15, w=15,h=15, src=160,64
09:48:18.834 [FXGL Background Thread 4 ] DEBUG TilesetLoader        - Writing to buffer: dst=150,15, w=15,h=15, src=192,80
09:48:18.834 [FXGL Background Thread 4 ] DEBUG TilesetLoader        - Writing to buffer: dst=165,15, w=15,h=15, src=0,0
09:48:18.834 [FXGL Background Thread 4 ] DEBUG TilesetLoader        - Writing to buffer: dst=180,15, w=15,h=15, src=0,0
09:48:18.834 [FXGL Background Thread 4 ] DEBUG TilesetLoader        - Writing to buffer: dst=195,15, w=15,h=15, src=0,0
09:48:18.834 [FXGL Background Thread 4 ] DEBUG TilesetLoader        - Writing to buffer: dst=210,15, w=15,h=15, src=0,0
09:48:18.835 [FXGL Background Thread 4 ] DEBUG TilesetLoader        - Writing to buffer: dst=0,30, w=15,h=15, src=160,64
09:48:18.835 [FXGL Background Thread 4 ] DEBUG TilesetLoader        - Writing to buffer: dst=15,30, w=15,h=15, src=192,64
09:48:18.835 [FXGL Background Thread 4 ] DEBUG TilesetLoader        - Writing to buffer: dst=30,30, w=15,h=15, src=0,0
09:48:18.835 [FXGL Background Thread 4 ] DEBUG TilesetLoader        - Writing to buffer: dst=45,30, w=15,h=15, src=0,0
09:48:18.836 [FXGL Background Thread 4 ] DEBUG TilesetLoader        - Writing to buffer: dst=60,30, w=15,h=15, src=0,0
09:48:18.836 [FXGL Background Thread 4 ] DEBUG TilesetLoader        - Writing to buffer: dst=105,30, w=15,h=15, src=0,0
09:48:18.836 [FXGL Background Thread 4 ] DEBUG TilesetLoader        - Writing to buffer: dst=135,30, w=15,h=15, src=160,80
09:48:18.836 [FXGL Background Thread 4 ] DEBUG TilesetLoader        - Writing to buffer: dst=150,30, w=15,h=15, src=192,80
09:48:18.836 [FXGL Background Thread 4 ] DEBUG TilesetLoader        - Writing to buffer: dst=165,30, w=15,h=15, src=0,0
09:48:18.836 [FXGL Background Thread 4 ] DEBUG TilesetLoader        - Writing to buffer: dst=180,30, w=15,h=15, src=0,0
09:48:18.837 [FXGL Background Thread 4 ] DEBUG TilesetLoader        - Writing to buffer: dst=195,30, w=15,h=15, src=0,0
09:48:18.837 [FXGL Background Thread 4 ] DEBUG TilesetLoader        - Writing to buffer: dst=210,30, w=15,h=15, src=0,0
09:48:18.837 [FXGL Background Thread 4 ] DEBUG TilesetLoader        - Writing to buffer: dst=0,45, w=15,h=15, src=160,64
09:48:18.837 [FXGL Background Thread 4 ] DEBUG TilesetLoader        - Writing to buffer: dst=15,45, w=15,h=15, src=192,64
09:48:18.837 [FXGL Background Thread 4 ] DEBUG TilesetLoader        - Writing to buffer: dst=30,45, w=15,h=15, src=0,0
09:48:18.837 [FXGL Background Thread 4 ] DEBUG TilesetLoader        - Writing to buffer: dst=45,45, w=15,h=15, src=0,0
09:48:18.837 [FXGL Background Thread 4 ] DEBUG TilesetLoader        - Writing to buffer: dst=60,45, w=15,h=15, src=0,0
09:48:18.838 [FXGL Background Thread 4 ] DEBUG TilesetLoader        - Writing to buffer: dst=90,45, w=15,h=15, src=0,32
09:48:18.838 [FXGL Background Thread 4 ] DEBUG TilesetLoader        - Writing to buffer: dst=105,45, w=15,h=15, src=16,32
09:48:18.838 [FXGL Background Thread 4 ] DEBUG TilesetLoader        - Writing to buffer: dst=120,45, w=15,h=15, src=32,32
09:48:18.838 [FXGL Background Thread 4 ] DEBUG TilesetLoader        - Writing to buffer: dst=135,45, w=15,h=15, src=160,80
09:48:18.839 [FXGL Background Thread 4 ] DEBUG TilesetLoader        - Writing to buffer: dst=150,45, w=15,h=15, src=192,80
09:48:18.839 [FXGL Background Thread 4 ] DEBUG TilesetLoader        - Writing to buffer: dst=165,45, w=15,h=15, src=96,0
09:48:18.839 [FXGL Background Thread 4 ] DEBUG TilesetLoader        - Writing to buffer: dst=180,45, w=15,h=15, src=96,0
09:48:18.839 [FXGL Background Thread 4 ] DEBUG TilesetLoader        - Writing to buffer: dst=195,45, w=15,h=15, src=96,0
09:48:18.839 [FXGL Background Thread 4 ] DEBUG TilesetLoader        - Writing to buffer: dst=210,45, w=15,h=15, src=96,0
09:48:18.839 [FXGL Background Thread 4 ] DEBUG TilesetLoader        - Writing to buffer: dst=0,60, w=15,h=15, src=160,64
09:48:18.839 [FXGL Background Thread 4 ] DEBUG TilesetLoader        - Writing to buffer: dst=15,60, w=15,h=15, src=192,64
09:48:18.840 [FXGL Background Thread 4 ] DEBUG TilesetLoader        - Writing to buffer: dst=30,60, w=15,h=15, src=0,0
09:48:18.840 [FXGL Background Thread 4 ] DEBUG TilesetLoader        - Writing to buffer: dst=45,60, w=15,h=15, src=0,0
09:48:18.840 [FXGL Background Thread 4 ] DEBUG TilesetLoader        - Writing to buffer: dst=60,60, w=15,h=15, src=0,0
09:48:18.840 [FXGL Background Thread 4 ] DEBUG TilesetLoader        - Writing to buffer: dst=90,60, w=15,h=15, src=0,48
09:48:18.840 [FXGL Background Thread 4 ] DEBUG TilesetLoader        - Writing to buffer: dst=105,60, w=15,h=15, src=16,48
09:48:18.841 [FXGL Background Thread 4 ] DEBUG TilesetLoader        - Writing to buffer: dst=120,60, w=15,h=15, src=32,48
09:48:18.841 [FXGL Background Thread 4 ] DEBUG TilesetLoader        - Writing to buffer: dst=135,60, w=15,h=15, src=160,80
09:48:18.841 [FXGL Background Thread 4 ] DEBUG TilesetLoader        - Writing to buffer: dst=150,60, w=15,h=15, src=192,80
09:48:18.841 [FXGL Background Thread 4 ] DEBUG TilesetLoader        - Writing to buffer: dst=210,60, w=15,h=15, src=0,0
09:48:18.841 [FXGL Background Thread 4 ] DEBUG TilesetLoader        - Writing to buffer: dst=0,75, w=15,h=15, src=160,64
09:48:18.841 [FXGL Background Thread 4 ] DEBUG TilesetLoader        - Writing to buffer: dst=15,75, w=15,h=15, src=192,64
09:48:18.842 [FXGL Background Thread 4 ] DEBUG TilesetLoader        - Writing to buffer: dst=30,75, w=15,h=15, src=0,0
09:48:18.842 [FXGL Background Thread 4 ] DEBUG TilesetLoader        - Writing to buffer: dst=45,75, w=15,h=15, src=0,0
09:48:18.842 [FXGL Background Thread 4 ] DEBUG TilesetLoader        - Writing to buffer: dst=60,75, w=15,h=15, src=0,0
09:48:18.842 [FXGL Background Thread 4 ] DEBUG TilesetLoader        - Writing to buffer: dst=135,75, w=15,h=15, src=160,80
09:48:18.842 [FXGL Background Thread 4 ] DEBUG TilesetLoader        - Writing to buffer: dst=150,75, w=15,h=15, src=192,80
09:48:18.843 [FXGL Background Thread 4 ] DEBUG TilesetLoader        - Writing to buffer: dst=210,75, w=15,h=15, src=0,0
09:48:18.843 [FXGL Background Thread 4 ] DEBUG TilesetLoader        - Writing to buffer: dst=0,90, w=15,h=15, src=160,64
09:48:18.843 [FXGL Background Thread 4 ] DEBUG TilesetLoader        - Writing to buffer: dst=15,90, w=15,h=15, src=192,64
09:48:18.843 [FXGL Background Thread 4 ] DEBUG TilesetLoader        - Writing to buffer: dst=30,90, w=15,h=15, src=96,0
09:48:18.843 [FXGL Background Thread 4 ] DEBUG TilesetLoader        - Writing to buffer: dst=45,90, w=15,h=15, src=96,0
09:48:18.844 [FXGL Background Thread 4 ] DEBUG TilesetLoader        - Writing to buffer: dst=60,90, w=15,h=15, src=96,0
09:48:18.844 [FXGL Background Thread 4 ] DEBUG TilesetLoader        - Writing to buffer: dst=135,90, w=15,h=15, src=160,80
09:48:18.844 [FXGL Background Thread 4 ] DEBUG TilesetLoader        - Writing to buffer: dst=150,90, w=15,h=15, src=192,80
09:48:18.844 [FXGL Background Thread 4 ] DEBUG TilesetLoader        - Writing to buffer: dst=180,90, w=15,h=15, src=48,16
09:48:18.845 [FXGL Background Thread 4 ] DEBUG TilesetLoader        - Writing to buffer: dst=210,90, w=15,h=15, src=0,0
09:48:18.845 [FXGL Background Thread 4 ] DEBUG TilesetLoader        - Writing to buffer: dst=0,105, w=15,h=15, src=160,64
09:48:18.845 [FXGL Background Thread 4 ] DEBUG TilesetLoader        - Writing to buffer: dst=15,105, w=15,h=15, src=192,64
09:48:18.846 [FXGL Background Thread 4 ] DEBUG TilesetLoader        - Writing to buffer: dst=30,105, w=15,h=15, src=0,0
09:48:18.846 [FXGL Background Thread 4 ] DEBUG TilesetLoader        - Writing to buffer: dst=45,105, w=15,h=15, src=0,0
09:48:18.846 [FXGL Background Thread 4 ] DEBUG TilesetLoader        - Writing to buffer: dst=60,105, w=15,h=15, src=16,16
09:48:18.847 [FXGL Background Thread 4 ] DEBUG TilesetLoader        - Writing to buffer: dst=120,105, w=15,h=15, src=16,16
09:48:18.847 [FXGL Background Thread 4 ] DEBUG TilesetLoader        - Writing to buffer: dst=135,105, w=15,h=15, src=160,80
09:48:18.847 [FXGL Background Thread 4 ] DEBUG TilesetLoader        - Writing to buffer: dst=150,105, w=15,h=15, src=192,80
09:48:18.847 [FXGL Background Thread 4 ] DEBUG TilesetLoader        - Writing to buffer: dst=180,105, w=15,h=15, src=64,16
09:48:18.847 [FXGL Background Thread 4 ] DEBUG TilesetLoader        - Writing to buffer: dst=210,105, w=15,h=15, src=0,0
09:48:18.848 [FXGL Background Thread 4 ] DEBUG TilesetLoader        - Writing to buffer: dst=0,120, w=15,h=15, src=160,96
09:48:18.848 [FXGL Background Thread 4 ] DEBUG TilesetLoader        - Writing to buffer: dst=15,120, w=15,h=15, src=192,96
09:48:18.848 [FXGL Background Thread 4 ] DEBUG TilesetLoader        - Writing to buffer: dst=30,120, w=15,h=15, src=0,0
09:48:18.848 [FXGL Background Thread 4 ] DEBUG TilesetLoader        - Writing to buffer: dst=45,120, w=15,h=15, src=0,0
09:48:18.848 [FXGL Background Thread 4 ] DEBUG TilesetLoader        - Writing to buffer: dst=60,120, w=15,h=15, src=32,16
09:48:18.849 [FXGL Background Thread 4 ] DEBUG TilesetLoader        - Writing to buffer: dst=75,120, w=15,h=15, src=0,0
09:48:18.849 [FXGL Background Thread 4 ] DEBUG TilesetLoader        - Writing to buffer: dst=90,120, w=15,h=15, src=0,0
09:48:18.849 [FXGL Background Thread 4 ] DEBUG TilesetLoader        - Writing to buffer: dst=105,120, w=15,h=15, src=0,0
09:48:18.849 [FXGL Background Thread 4 ] DEBUG TilesetLoader        - Writing to buffer: dst=120,120, w=15,h=15, src=32,16
09:48:18.849 [FXGL Background Thread 4 ] DEBUG TilesetLoader        - Writing to buffer: dst=135,120, w=15,h=15, src=160,96
09:48:18.849 [FXGL Background Thread 4 ] DEBUG TilesetLoader        - Writing to buffer: dst=150,120, w=15,h=15, src=192,96
09:48:18.849 [FXGL Background Thread 4 ] DEBUG TilesetLoader        - Writing to buffer: dst=165,120, w=15,h=15, src=0,0
09:48:18.850 [FXGL Background Thread 4 ] DEBUG TilesetLoader        - Writing to buffer: dst=180,120, w=15,h=15, src=80,16
09:48:18.850 [FXGL Background Thread 4 ] DEBUG TilesetLoader        - Writing to buffer: dst=195,120, w=15,h=15, src=0,0
09:48:18.850 [FXGL Background Thread 4 ] DEBUG TilesetLoader        - Writing to buffer: dst=210,120, w=15,h=15, src=0,0
09:48:18.850 [FXGL Background Thread 4 ] DEBUG TilesetLoader        - Writing to buffer: dst=0,135, w=15,h=15, src=208,176
09:48:18.850 [FXGL Background Thread 4 ] DEBUG TilesetLoader        - Writing to buffer: dst=15,135, w=15,h=15, src=208,176
09:48:18.851 [FXGL Background Thread 4 ] DEBUG TilesetLoader        - Writing to buffer: dst=30,135, w=15,h=15, src=208,176
09:48:18.851 [FXGL Background Thread 4 ] DEBUG TilesetLoader        - Writing to buffer: dst=45,135, w=15,h=15, src=208,176
09:48:18.851 [FXGL Background Thread 4 ] DEBUG TilesetLoader        - Writing to buffer: dst=60,135, w=15,h=15, src=208,176
09:48:18.851 [FXGL Background Thread 4 ] DEBUG TilesetLoader        - Writing to buffer: dst=75,135, w=15,h=15, src=208,176
09:48:18.851 [FXGL Background Thread 4 ] DEBUG TilesetLoader        - Writing to buffer: dst=90,135, w=15,h=15, src=208,176
09:48:18.851 [FXGL Background Thread 4 ] DEBUG TilesetLoader        - Writing to buffer: dst=105,135, w=15,h=15, src=208,176
09:48:18.852 [FXGL Background Thread 4 ] DEBUG TilesetLoader        - Writing to buffer: dst=120,135, w=15,h=15, src=208,176
09:48:18.852 [FXGL Background Thread 4 ] DEBUG TilesetLoader        - Writing to buffer: dst=135,135, w=15,h=15, src=208,176
09:48:18.852 [FXGL Background Thread 4 ] DEBUG TilesetLoader        - Writing to buffer: dst=150,135, w=15,h=15, src=208,176
09:48:18.852 [FXGL Background Thread 4 ] DEBUG TilesetLoader        - Writing to buffer: dst=165,135, w=15,h=15, src=208,176
09:48:18.852 [FXGL Background Thread 4 ] DEBUG TilesetLoader        - Writing to buffer: dst=180,135, w=15,h=15, src=208,176
09:48:18.852 [FXGL Background Thread 4 ] DEBUG TilesetLoader        - Writing to buffer: dst=195,135, w=15,h=15, src=208,176
09:48:18.852 [FXGL Background Thread 4 ] DEBUG TilesetLoader        - Writing to buffer: dst=210,135, w=15,h=15, src=208,176
09:48:18.853 [FXGL Background Thread 4 ] DEBUG TMXLevelLoader       - Creating object layer entities
09:48:18.873 [FXGL Background Thread 4 ] DEBUG GameWorld            - Clearing removable entities
09:48:18.873 [FXGL Background Thread 4 ] DEBUG GameWorld            - Setting level: com.almasb.fxgl.entity.level.Level@4bd9fda7
09:48:18.876 [FXGL Background Thread 4 ] DEBUG FXGLAssetLoaderServi - Loading from file system: file:/C:/Users/fayli/OneDrive%20-%20Hogeschool%20Leiden/Periode%203,%20Jaar%201/IOOA/Week%206/IPOSE-Maven/target/classes/assets/textures/madotsuki.png
09:48:18.879 [FXGL Background Thread 4 ] INFO  FXGLApplication      - Game initialization took: 0,187 sec
09:48:18.883 [JavaFX Application Thread] DEBUG Input                - Clearing active input actions
09:48:18.893 [JavaFX Application Thread] DEBUG GameApplicationServi - Removing overlay from FXGLLoadingScene and adding to GameScene
09:48:18.893 [JavaFX Application Thread] DEBUG PrimaryStageWindow   - FXGLLoadingScene -> GameScene
09:48:18.949 [FXGL Background Thread 2 ] INFO  UpdaterService       - Your current version:  11.14
09:48:18.950 [FXGL Background Thread 2 ] INFO  UpdaterService       - Latest stable version: 17.1
09:48:19.982 [JavaFX Application Thread] DEBUG LoopRunner           - Stopping loop
09:48:19.983 [JavaFX Application Thread] FATAL FXGLApplication      - Uncaught Exception:
java.lang.IllegalArgumentException: Component PlayerComponent not found!
	at com.almasb.fxgl.entity.Entity.getComponent(Entity.java:339)
	at Game$1.onAction(Game.java:63)
	at com.almasb.fxgl.input.UserAction.action$fxgl_input(UserAction.kt:38)
	at com.almasb.fxgl.input.Input.update(Input.kt:271)
	at com.almasb.fxgl.scene.Scene.update(Scene.kt:102)
	at com.almasb.fxgl.app.MainWindow$update$1.invoke(MainWindow.kt:101)
	at com.almasb.fxgl.app.MainWindow$update$1.invoke(MainWindow.kt:41)
	at com.almasb.fxgl.core.fsm.StateMachine.runOnActiveStates(StateMachine.kt:69)
	at com.almasb.fxgl.app.MainWindow.update(MainWindow.kt:101)
	at com.almasb.fxgl.app.FXGLApplication$GameApplicationService.onUpdate(FXGLApplication.kt:457)
	at com.almasb.fxgl.app.Engine.loop(Engine.kt:133)
	at com.almasb.fxgl.app.Engine.access$loop(Engine.kt:24)
	at com.almasb.fxgl.app.Engine$loop$1.invoke(Engine.kt:28)
	at com.almasb.fxgl.app.Engine$loop$1.invoke(Engine.kt:24)
	at com.almasb.fxgl.app.LoopRunner.frame(LoopRunner.kt:103)
	at com.almasb.fxgl.app.LoopRunner.access$frame(LoopRunner.kt:23)
	at com.almasb.fxgl.app.LoopRunner$impl$2$1.onTick(LoopRunner.kt:57)
	at com.almasb.fxgl.app.AnimationTimerLoop$timer$1.handle(LoopRunner.kt:133)
	at javafx.animation.AnimationTimer$AnimationTimerReceiver.lambda$handle$0(AnimationTimer.java:57)
	at java.base/java.security.AccessController.doPrivileged(AccessController.java:391)
	at javafx.animation.AnimationTimer$AnimationTimerReceiver.handle(AnimationTimer.java:56)
	at com.sun.scenario.animation.AbstractMasterTimer.timePulseImpl(AbstractMasterTimer.java:357)
	at com.sun.scenario.animation.AbstractMasterTimer$MainLoop.run(AbstractMasterTimer.java:267)
	at com.sun.javafx.tk.quantum.QuantumToolkit.pulse(QuantumToolkit.java:559)
	at com.sun.javafx.tk.quantum.QuantumToolkit.pulse(QuantumToolkit.java:543)
	at com.sun.javafx.tk.quantum.QuantumToolkit.pulseFromQueue(QuantumToolkit.java:536)
	at com.sun.javafx.tk.quantum.QuantumToolkit.lambda$runToolkit$11(QuantumToolkit.java:342)
	at com.sun.glass.ui.InvokeLaterDispatcher$Future.run(InvokeLaterDispatcher.java:96)
	at com.sun.glass.ui.win.WinApplication._runLoop(Native Method)
	at com.sun.glass.ui.win.WinApplication.lambda$runLoop$3(WinApplication.java:174)
	at java.base/java.lang.Thread.run(Thread.java:832)

09:48:19.983 [JavaFX Application Thread] FATAL FXGLApplication      - Application will now exit
09:48:19.992 [JavaFX Application Thread] DEBUG PrimaryStageWindow   - Push state: ErrorSubScene
09:48:19.993 [JavaFX Application Thread] DEBUG Input                - Clearing active input actions
09:48:21.612 [FXGL Background Thread 3 ] DEBUG Engine               - Logging environment variables
09:48:21.612 [FXGL Background Thread 3 ] DEBUG Engine               - achievements: []
09:48:21.612 [FXGL Background Thread 3 ] DEBUG Engine               - actualHeight: 700.0
09:48:21.613 [FXGL Background Thread 3 ] DEBUG Engine               - actualHeightProperty: ReadOnlyDoubleProperty [value: 700.0]
09:48:21.613 [FXGL Background Thread 3 ] DEBUG Engine               - actualWidth: 1050.0
09:48:21.613 [FXGL Background Thread 3 ] DEBUG Engine               - actualWidthProperty: ReadOnlyDoubleProperty [value: 1050.0]
09:48:21.613 [FXGL Background Thread 3 ] DEBUG Engine               - appIcon: fxgl_icon.png
09:48:21.613 [FXGL Background Thread 3 ] DEBUG Engine               - applicationMode: DEVELOPER
09:48:21.613 [FXGL Background Thread 3 ] DEBUG Engine               - cSSList: [fxgl_dark.css]
09:48:21.613 [FXGL Background Thread 3 ] DEBUG Engine               - collisionDetectionStrategy: BRUTE_FORCE
09:48:21.613 [FXGL Background Thread 3 ] DEBUG Engine               - configClass: Optional.empty
09:48:21.613 [FXGL Background Thread 3 ] DEBUG Engine               - credits: []
09:48:21.613 [FXGL Background Thread 3 ] DEBUG Engine               - devBBoxColorProperty: ObjectProperty [value: 0xff0000ff]
09:48:21.614 [FXGL Background Thread 3 ] DEBUG Engine               - devEnableDebugCameraProperty: BooleanProperty [value: false]
09:48:21.614 [FXGL Background Thread 3 ] DEBUG Engine               - devSensorColorProperty: ObjectProperty [value: 0xffff00ff]
09:48:21.614 [FXGL Background Thread 3 ] DEBUG Engine               - devShowBBoxProperty: BooleanProperty [value: false]
09:48:21.614 [FXGL Background Thread 3 ] DEBUG Engine               - devShowPositionProperty: BooleanProperty [value: false]
09:48:21.614 [FXGL Background Thread 3 ] DEBUG Engine               - enabledMenuItems: []
09:48:21.614 [FXGL Background Thread 3 ] DEBUG Engine               - engineServices: [class com.almasb.fxgl.app.services.FXGLAssetLoaderService, class com.almasb.fxgl.app.FXGLApplication$GameApplicationService, class com.almasb.fxgl.app.services.FXGLDialogService, class com.almasb.fxgl.app.services.IOTaskExecutorService, class com.almasb.fxgl.event.EventBusService, class com.almasb.fxgl.io.FileSystemService, class com.almasb.fxgl.localization.LocalizationService, class com.almasb.fxgl.app.services.SystemBundleService, class com.almasb.fxgl.profile.SaveLoadService, class com.almasb.fxgl.ui.FXGLUIFactoryServiceProvider, class com.almasb.fxgl.ui.FXGLDialogFactoryServiceProvider, class com.almasb.fxgl.audio.AudioPlayer, class com.almasb.fxgl.notification.impl.NotificationServiceProvider, class com.almasb.fxgl.achievement.AchievementService, class com.almasb.fxgl.cutscene.CutsceneService, class com.almasb.fxgl.minigames.MiniGameService, class com.almasb.fxgl.net.NetService, class com.almasb.fxgl.app.services.UpdaterService, class com.almasb.fxgl.dev.DevService]
09:48:21.614 [FXGL Background Thread 3 ] DEBUG Engine               - fontGame: Abel-Regular.ttf
09:48:21.614 [FXGL Background Thread 3 ] DEBUG Engine               - fontMono: lucida_console.ttf
09:48:21.615 [FXGL Background Thread 3 ] DEBUG Engine               - fontText: Courier-Prime.ttf
09:48:21.615 [FXGL Background Thread 3 ] DEBUG Engine               - fontUI: VarelaRound-Regular.ttf
09:48:21.615 [FXGL Background Thread 3 ] DEBUG Engine               - fullScreen: BooleanProperty [value: false]
09:48:21.615 [FXGL Background Thread 3 ] DEBUG Engine               - gameDifficulty: MEDIUM
09:48:21.615 [FXGL Background Thread 3 ] DEBUG Engine               - gameDifficultyProperty: ObjectProperty [value: MEDIUM]
09:48:21.615 [FXGL Background Thread 3 ] DEBUG Engine               - globalMusicVolume: 0.5
09:48:21.615 [FXGL Background Thread 3 ] DEBUG Engine               - globalMusicVolumeProperty: DoubleProperty [value: 0.5]
09:48:21.615 [FXGL Background Thread 3 ] DEBUG Engine               - globalSoundVolume: 0.5
09:48:21.615 [FXGL Background Thread 3 ] DEBUG Engine               - globalSoundVolumeProperty: DoubleProperty [value: 0.5]
09:48:21.616 [FXGL Background Thread 3 ] DEBUG Engine               - height: 700
09:48:21.616 [FXGL Background Thread 3 ] DEBUG Engine               - isAndroid: false
09:48:21.616 [FXGL Background Thread 3 ] DEBUG Engine               - isBrowser: false
09:48:21.616 [FXGL Background Thread 3 ] DEBUG Engine               - isClickFeedbackEnabled: false
09:48:21.616 [FXGL Background Thread 3 ] DEBUG Engine               - isCloseConfirmation: false
09:48:21.616 [FXGL Background Thread 3 ] DEBUG Engine               - isDesktop: true
09:48:21.616 [FXGL Background Thread 3 ] DEBUG Engine               - isDeveloperMenuEnabled: false
09:48:21.616 [FXGL Background Thread 3 ] DEBUG Engine               - isEntityPreloadEnabled: true
09:48:21.616 [FXGL Background Thread 3 ] DEBUG Engine               - isExperimental3D: false
09:48:21.616 [FXGL Background Thread 3 ] DEBUG Engine               - isExperimentalNative: false
09:48:21.616 [FXGL Background Thread 3 ] DEBUG Engine               - isExperimentalTiledLargeMap: false
09:48:21.617 [FXGL Background Thread 3 ] DEBUG Engine               - isFileSystemWriteAllowed: true
09:48:21.617 [FXGL Background Thread 3 ] DEBUG Engine               - isFullScreenAllowed: false
09:48:21.617 [FXGL Background Thread 3 ] DEBUG Engine               - isFullScreenFromStart: false
09:48:21.617 [FXGL Background Thread 3 ] DEBUG Engine               - isGameMenuEnabled: true
09:48:21.617 [FXGL Background Thread 3 ] DEBUG Engine               - isIOS: false
09:48:21.617 [FXGL Background Thread 3 ] DEBUG Engine               - isIntroEnabled: false
09:48:21.617 [FXGL Background Thread 3 ] DEBUG Engine               - isLinux: false
09:48:21.617 [FXGL Background Thread 3 ] DEBUG Engine               - isMac: false
09:48:21.617 [FXGL Background Thread 3 ] DEBUG Engine               - isMainMenuEnabled: false
09:48:21.618 [FXGL Background Thread 3 ] DEBUG Engine               - isManualResizeEnabled: false
09:48:21.618 [FXGL Background Thread 3 ] DEBUG Engine               - isMobile: false
09:48:21.618 [FXGL Background Thread 3 ] DEBUG Engine               - isPreserveResizeRatio: false
09:48:21.618 [FXGL Background Thread 3 ] DEBUG Engine               - isProfilingEnabled: false
09:48:21.618 [FXGL Background Thread 3 ] DEBUG Engine               - isScaleAffectedOnResize: true
09:48:21.618 [FXGL Background Thread 3 ] DEBUG Engine               - isSingleStep: false
09:48:21.618 [FXGL Background Thread 3 ] DEBUG Engine               - isUserProfileEnabled: false
09:48:21.618 [FXGL Background Thread 3 ] DEBUG Engine               - isWindows: true
09:48:21.618 [FXGL Background Thread 3 ] DEBUG Engine               - language: ObjectProperty [value: ENGLISH]
09:48:21.618 [FXGL Background Thread 3 ] DEBUG Engine               - menuKey: ESCAPE
09:48:21.618 [FXGL Background Thread 3 ] DEBUG Engine               - notificationViewClass: class com.almasb.fxgl.notification.view.XboxNotificationView
09:48:21.618 [FXGL Background Thread 3 ] DEBUG Engine               - pixelsPerMeter: 50.0
09:48:21.619 [FXGL Background Thread 3 ] DEBUG Engine               - platform: WINDOWS
09:48:21.619 [FXGL Background Thread 3 ] DEBUG Engine               - prefHeightProperty: ReadOnlyDoubleProperty [value: 700.0]
09:48:21.619 [FXGL Background Thread 3 ] DEBUG Engine               - prefWidthProperty: ReadOnlyDoubleProperty [value: 1050.0]
09:48:21.619 [FXGL Background Thread 3 ] DEBUG Engine               - profileDir: profiles/
09:48:21.619 [FXGL Background Thread 3 ] DEBUG Engine               - profileName: StringProperty [value: DEFAULT]
09:48:21.619 [FXGL Background Thread 3 ] DEBUG Engine               - randomSeed: -1
09:48:21.619 [FXGL Background Thread 3 ] DEBUG Engine               - runtimeInfo: RuntimeInfo(platform=WINDOWS, version=11.14, build=01.03.2021 16.59)
09:48:21.619 [FXGL Background Thread 3 ] DEBUG Engine               - saveFileExt: sav
09:48:21.619 [FXGL Background Thread 3 ] DEBUG Engine               - scaledHeightProp$fxgl: DoubleProperty [bound, value: 700.0]
09:48:21.620 [FXGL Background Thread 3 ] DEBUG Engine               - scaledWidthProp$fxgl: DoubleProperty [bound, value: 1050.0]
09:48:21.620 [FXGL Background Thread 3 ] DEBUG Engine               - sceneFactory: com.almasb.fxgl.app.scene.SceneFactory@276b0693
09:48:21.620 [FXGL Background Thread 3 ] DEBUG Engine               - secondsIn24h: 60
09:48:21.620 [FXGL Background Thread 3 ] DEBUG Engine               - soundMenuBack: menu/back.wav
09:48:21.620 [FXGL Background Thread 3 ] DEBUG Engine               - soundMenuPress: menu/press.wav
09:48:21.620 [FXGL Background Thread 3 ] DEBUG Engine               - soundMenuSelect: menu/select.wav
09:48:21.620 [FXGL Background Thread 3 ] DEBUG Engine               - soundNotification: core/notification.wav
09:48:21.620 [FXGL Background Thread 3 ] DEBUG Engine               - stageStyle: DECORATED
09:48:21.620 [FXGL Background Thread 3 ] DEBUG Engine               - supportedLanguages: [ENGLISH, FRENCH, GERMAN, HUNGARIAN, RUSSIAN]
09:48:21.621 [FXGL Background Thread 3 ] DEBUG Engine               - ticksPerSecond: -1
09:48:21.621 [FXGL Background Thread 3 ] DEBUG Engine               - title: Demo game
09:48:21.621 [FXGL Background Thread 3 ] DEBUG Engine               - urlGithub: https://github.com/AlmasB/FXGL
09:48:21.621 [FXGL Background Thread 3 ] DEBUG Engine               - urlLeaderboard: http://fxgl-top.herokuapp.com/
09:48:21.621 [FXGL Background Thread 3 ] DEBUG Engine               - urlPOM: https://raw.githubusercontent.com/AlmasB/FXGL/release/README.md
09:48:21.621 [FXGL Background Thread 3 ] DEBUG Engine               - userAppClass: class Game
09:48:21.621 [FXGL Background Thread 3 ] DEBUG Engine               - version: 1.1
09:48:21.621 [FXGL Background Thread 3 ] DEBUG Engine               - versionCheckDays: 7
09:48:21.621 [FXGL Background Thread 3 ] DEBUG Engine               - width: 1050
09:48:21.621 [FXGL Background Thread 3 ] DEBUG Engine               - Logging services
09:48:21.621 [FXGL Background Thread 3 ] DEBUG Engine               - class com.almasb.fxgl.app.services.FXGLAssetLoaderService
09:48:21.621 [FXGL Background Thread 3 ] DEBUG Engine               - class com.almasb.fxgl.app.FXGLApplication$GameApplicationService
09:48:21.621 [FXGL Background Thread 3 ] DEBUG Engine               - class com.almasb.fxgl.app.services.FXGLDialogService
09:48:21.622 [FXGL Background Thread 3 ] DEBUG Engine               - class com.almasb.fxgl.app.services.IOTaskExecutorService
09:48:21.622 [FXGL Background Thread 3 ] DEBUG Engine               - class com.almasb.fxgl.event.EventBusService
09:48:21.622 [FXGL Background Thread 3 ] DEBUG Engine               - class com.almasb.fxgl.io.FileSystemService
09:48:21.622 [FXGL Background Thread 3 ] DEBUG Engine               - class com.almasb.fxgl.localization.LocalizationService
09:48:21.622 [FXGL Background Thread 3 ] DEBUG Engine               - class com.almasb.fxgl.app.services.SystemBundleService
09:48:21.622 [FXGL Background Thread 3 ] DEBUG Engine               - class com.almasb.fxgl.profile.SaveLoadService
09:48:21.622 [FXGL Background Thread 3 ] DEBUG Engine               - class com.almasb.fxgl.ui.FXGLUIFactoryServiceProvider
09:48:21.622 [FXGL Background Thread 3 ] DEBUG Engine               - class com.almasb.fxgl.ui.FXGLDialogFactoryServiceProvider
09:48:21.622 [FXGL Background Thread 3 ] DEBUG Engine               - class com.almasb.fxgl.audio.AudioPlayer
09:48:21.622 [FXGL Background Thread 3 ] DEBUG Engine               - class com.almasb.fxgl.notification.impl.NotificationServiceProvider
09:48:21.622 [FXGL Background Thread 3 ] DEBUG Engine               - class com.almasb.fxgl.achievement.AchievementService
09:48:21.623 [FXGL Background Thread 3 ] DEBUG Engine               - class com.almasb.fxgl.cutscene.CutsceneService
09:48:21.623 [FXGL Background Thread 3 ] DEBUG Engine               - class com.almasb.fxgl.minigames.MiniGameService
09:48:21.623 [FXGL Background Thread 3 ] DEBUG Engine               - class com.almasb.fxgl.net.NetService
09:48:21.623 [FXGL Background Thread 3 ] DEBUG Engine               - class com.almasb.fxgl.app.services.UpdaterService
09:48:21.623 [FXGL Background Thread 3 ] DEBUG Engine               - class com.almasb.fxgl.dev.DevService
09:48:42.221 [JavaFX Application Thread] DEBUG FXGLApplication      - Exiting FXGL
09:48:42.221 [JavaFX Application Thread] DEBUG Async                - Shutting down background threads
09:48:42.222 [JavaFX Application Thread] DEBUG PrimaryStageWindow   - Closing main window
09:48:42.239 [JavaFX Application Thread] DEBUG Logger               - Closing Logger
