14:14:10.308 [main                     ] DEBUG Logger               - Configured Logger
14:14:10.353 [main                     ] DEBUG GameApplication      - Logging settings
Title: Demo game
Version: 1.2
Width: 1050
Height: 700
Fullscreen: false
Intro: false
Profiling: false
Single step:false
App Mode: DEVELOPER
Menu Key: ESCAPE
Stage Style: DECORATED
Scene Factory: class com.almasb.fxgl.app.scene.SceneFactory

14:14:11.638 [JavaFX Application Thread] DEBUG FXGLApplication      - Initializing FXGL
14:14:11.644 [JavaFX Application Thread] INFO  Engine               - FXGL-11.14 (01.03.2021 16.59) on WINDOWS (J:15.0.2 FX:15)
14:14:11.645 [JavaFX Application Thread] DEBUG Engine               - JRE Vendor Name: Amazon.com Inc.
14:14:11.646 [JavaFX Application Thread] DEBUG Engine               - Running on OS: Windows 10 version 10.0
14:14:11.647 [JavaFX Application Thread] DEBUG Engine               - Architecture: amd64
14:14:11.647 [JavaFX Application Thread] INFO  Engine               - Source code and latest versions at: https://github.com/AlmasB/FXGL
14:14:11.648 [JavaFX Application Thread] INFO  Engine               -              Join the FXGL chat at: https://gitter.im/AlmasB/FXGL
14:14:12.133 [JavaFX Application Thread] DEBUG PrimaryStageWindow   - Creating a JavaFX scene
14:14:12.366 [JavaFX Application Thread] DEBUG PrimaryStageWindow   - Target settings size: 1050.0 x 700.0
14:14:12.367 [JavaFX Application Thread] DEBUG PrimaryStageWindow   - Scaled scene size:    1050.0 x 700.0
14:14:12.368 [JavaFX Application Thread] DEBUG PrimaryStageWindow   - Scaled ratio: (1.0, 1.0)
14:14:12.371 [JavaFX Application Thread] DEBUG PrimaryStageWindow   - Set initial scene to FXGLStartupScene
14:14:12.399 [JavaFX Application Thread] DEBUG PrimaryStageWindow   - Opening main window
14:14:12.662 [JavaFX Application Thread] DEBUG PrimaryStageWindow   - Window border size: (14.800048828125, 37.5999755859375)
14:14:12.663 [JavaFX Application Thread] DEBUG PrimaryStageWindow   - Scaled size: 1050.0 x 700.0
14:14:12.664 [JavaFX Application Thread] DEBUG PrimaryStageWindow   - Scaled ratio: (1.0, 1.0)
14:14:12.667 [JavaFX Application Thread] DEBUG PrimaryStageWindow   - Scene size: 1050.0 x 700.0
14:14:12.667 [JavaFX Application Thread] DEBUG PrimaryStageWindow   - Stage size: 1064.800048828125 x 737.5999755859375
14:14:12.726 [FXGL Background Thread 1 ] DEBUG Engine               - Initializing environment variables
14:14:12.880 [FXGL Background Thread 1 ] DEBUG FXGLAssetLoaderServi - User app class for loading assets: class Game
14:14:12.881 [FXGL Background Thread 1 ] DEBUG GameApplicationServi - Applying CSS: fxgl_dark.css
14:14:12.888 [FXGL Background Thread 1 ] DEBUG FXGLAssetLoaderServi - Loading from file system: jar:file:/C:/Users/jfran/.m2/repository/com/github/almasb/fxgl/11.14/fxgl-11.14.jar!/fxglassets/ui/css/fxgl_dark.css
14:14:13.035 [FXGL Background Thread 1 ] DEBUG GameApplicationServi - Initializing application scenes
14:14:13.209 [FXGL Background Thread 1 ] DEBUG GameWorld            - Game world initialized
14:14:13.389 [FXGL Background Thread 1 ] DEBUG PhysicsWorld         - Physics world initialized: appHeight=700, physics.ppm=50,0
14:14:13.390 [FXGL Background Thread 1 ] DEBUG PhysicsWorld         - Using strategy: BRUTE_FORCE
14:14:13.395 [FXGL Background Thread 1 ] DEBUG GameScene            - Game scene initialized: 1050x700
14:14:13.474 [FXGL Background Thread 1 ] DEBUG FXGLAssetLoaderServi - Loading from file system: jar:file:/C:/Users/jfran/.m2/repository/com/github/almasb/fxgl/11.14/fxgl-11.14.jar!/fxglassets/textures/particles/trace_horizontal.png
14:14:13.597 [FXGL Background Thread 1 ] DEBUG FXGL.DefaultMenu     - createMenuBodyMainMenu()
14:14:13.636 [FXGL Background Thread 1 ] DEBUG FXGL.DefaultMenu     - createOptionsMenu()
14:14:13.652 [FXGL Background Thread 1 ] DEBUG FXGLAssetLoaderServi - Loading from file system: jar:file:/C:/Users/jfran/.m2/repository/com/github/almasb/fxgl/11.14/fxgl-11.14.jar!/fxglassets/textures/particles/smoke.png
14:14:13.821 [FXGL Background Thread 1 ] DEBUG FXGL.DefaultMenu     - createMenuBodyGameMenu()
14:14:13.824 [FXGL Background Thread 1 ] DEBUG FXGL.DefaultMenu     - createOptionsMenu()
14:14:13.877 [FXGL Background Thread 1 ] DEBUG GameApplicationServi - Application scenes initialized
14:14:13.912 [FXGL Background Thread 1 ] DEBUG SystemBundleService  - Loading FXGL system data
14:14:13.921 [FXGL Background Thread 1 ] DEBUG FileSystemAccess     - Reading from: C:\Users\jfran\OneDrive - Hogeschool Leiden\IPOSE-Maven\system\fxgl.bundle
14:14:13.935 [FXGL Background Thread 1 ] DEBUG SystemBundleService  - Bundle FXGL: {}
14:14:13.936 [FXGL Background Thread 1 ] DEBUG UpdaterService       - Checking for updates
14:14:13.946 [FXGL Background Thread 4 ] DEBUG FXGLApplication      - Loading fonts
14:14:13.948 [FXGL Background Thread 1 ] DEBUG FXGLApplication      - Loading default localization
14:14:13.949 [FXGL Background Thread 1 ] DEBUG FXGLAssetLoaderServi - Loading from file system: jar:file:/C:/Users/jfran/.m2/repository/com/github/almasb/fxgl/11.14/fxgl-11.14.jar!/fxglassets/languages/english.lang
14:14:13.949 [FXGL Background Thread 4 ] DEBUG FXGLAssetLoaderServi - Loading from file system: jar:file:/C:/Users/jfran/.m2/repository/com/github/almasb/fxgl/11.14/fxgl-11.14.jar!/fxglassets/ui/fonts/VarelaRound-Regular.ttf
14:14:14.052 [FXGL Background Thread 1 ] INFO  FXGLApplication      - FXGL initialization took: 1,325 sec
14:14:14.077 [JavaFX Application Thread] DEBUG Input                - Registered new binding: Left - A
14:14:14.078 [JavaFX Application Thread] DEBUG Input                - Registered new binding: Right - D
14:14:14.079 [JavaFX Application Thread] DEBUG Input                - Registered new binding: Jump - W
14:14:14.080 [JavaFX Application Thread] DEBUG FXGLAssetLoaderServi - Loading from file system: jar:file:/C:/Users/jfran/.m2/repository/com/github/almasb/fxgl/11.14/fxgl-11.14.jar!/fxglassets/textures/fxgl_icon.png
14:14:14.129 [JavaFX Application Thread] DEBUG FXGLAssetLoaderServi - Loading from file system: jar:file:/C:/Users/jfran/.m2/repository/com/github/almasb/fxgl/11.14/fxgl-11.14.jar!/fxglassets/ui/cursors/fxgl_default.png
14:14:14.136 [JavaFX Application Thread] DEBUG Input                - Registered new binding: Screenshot - P
14:14:14.138 [JavaFX Application Thread] DEBUG Input                - Registered new binding: System info dump - CTRL+9
14:14:14.139 [JavaFX Application Thread] DEBUG Input                - Registered new binding: Restart - CTRL+R
14:14:14.141 [JavaFX Application Thread] DEBUG Input                - Registered new binding: Toggle Debug Camera - CTRL+C
14:14:14.161 [JavaFX Application Thread] DEBUG LoopRunner           - Starting loop
14:14:14.162 [JavaFX Application Thread] DEBUG LoopRunner           - Initializing JavaFX AnimationTimerLoop
14:14:14.169 [JavaFX Application Thread] DEBUG Input                - Clearing active input actions
14:14:14.190 [JavaFX Application Thread] DEBUG GameApplicationServi - Removing overlay from FXGLStartupScene and adding to FXGLMainMenuDummyScene
14:14:14.191 [JavaFX Application Thread] DEBUG PrimaryStageWindow   - FXGLStartupScene -> FXGLMainMenuDummyScene
14:14:14.191 [JavaFX Application Thread] DEBUG PrimaryStageWindow   - Push state: FXGLDefaultMenu
14:14:14.203 [JavaFX Application Thread] DEBUG Input                - Clearing active input actions
14:14:14.229 [JavaFX Application Thread] DEBUG GameApplicationServi - Removing overlay from FXGLMainMenuDummyScene and adding to FXGLDefaultMenu
14:14:14.230 [JavaFX Application Thread] DEBUG PrimaryStageWindow   - FXGLMainMenuDummyScene -> FXGLDefaultMenu
14:14:14.665 [FXGL Background Thread 4 ] DEBUG FXGLAssetLoaderServi - Loading from file system: jar:file:/C:/Users/jfran/.m2/repository/com/github/almasb/fxgl/11.14/fxgl-11.14.jar!/fxglassets/ui/fonts/Abel-Regular.ttf
14:14:14.690 [FXGL Background Thread 4 ] DEBUG FXGLAssetLoaderServi - Loading from file system: jar:file:/C:/Users/jfran/.m2/repository/com/github/almasb/fxgl/11.14/fxgl-11.14.jar!/fxglassets/ui/fonts/lucida_console.ttf
14:14:14.719 [FXGL Background Thread 4 ] DEBUG FXGLAssetLoaderServi - Loading from file system: jar:file:/C:/Users/jfran/.m2/repository/com/github/almasb/fxgl/11.14/fxgl-11.14.jar!/fxglassets/ui/fonts/Courier-Prime.ttf
14:14:14.750 [JavaFX Application Thread] DEBUG FXGLApplication      - Registering font factories with UI factory
14:14:15.407 [FXGL Background Thread 2 ] INFO  UpdaterService       - Your current version:  11.14
14:14:15.407 [FXGL Background Thread 2 ] INFO  UpdaterService       - Latest stable version: 17.1
14:14:16.942 [FXGL Background Thread 3 ] DEBUG Engine               - Logging environment variables
14:14:16.943 [FXGL Background Thread 3 ] DEBUG Engine               - achievements: []
14:14:16.944 [FXGL Background Thread 3 ] DEBUG Engine               - actualHeight: 700.0
14:14:16.945 [FXGL Background Thread 3 ] DEBUG Engine               - actualHeightProperty: ReadOnlyDoubleProperty [value: 700.0]
14:14:16.945 [FXGL Background Thread 3 ] DEBUG Engine               - actualWidth: 1050.0
14:14:16.948 [FXGL Background Thread 3 ] DEBUG Engine               - actualWidthProperty: ReadOnlyDoubleProperty [value: 1050.0]
14:14:16.948 [FXGL Background Thread 3 ] DEBUG Engine               - appIcon: fxgl_icon.png
14:14:16.949 [FXGL Background Thread 3 ] DEBUG Engine               - applicationMode: DEVELOPER
14:14:16.949 [FXGL Background Thread 3 ] DEBUG Engine               - cSSList: [fxgl_dark.css]
14:14:16.950 [FXGL Background Thread 3 ] DEBUG Engine               - collisionDetectionStrategy: BRUTE_FORCE
14:14:16.950 [FXGL Background Thread 3 ] DEBUG Engine               - configClass: Optional.empty
14:14:16.951 [FXGL Background Thread 3 ] DEBUG Engine               - credits: []
14:14:16.952 [FXGL Background Thread 3 ] DEBUG Engine               - devBBoxColorProperty: ObjectProperty [value: 0xff0000ff]
14:14:16.952 [FXGL Background Thread 3 ] DEBUG Engine               - devEnableDebugCameraProperty: BooleanProperty [value: false]
14:14:16.953 [FXGL Background Thread 3 ] DEBUG Engine               - devSensorColorProperty: ObjectProperty [value: 0xffff00ff]
14:14:16.953 [FXGL Background Thread 3 ] DEBUG Engine               - devShowBBoxProperty: BooleanProperty [value: false]
14:14:16.954 [FXGL Background Thread 3 ] DEBUG Engine               - devShowPositionProperty: BooleanProperty [value: false]
14:14:16.954 [FXGL Background Thread 3 ] DEBUG Engine               - enabledMenuItems: []
14:14:16.955 [FXGL Background Thread 3 ] DEBUG Engine               - engineServices: [class com.almasb.fxgl.app.services.FXGLAssetLoaderService, class com.almasb.fxgl.app.FXGLApplication$GameApplicationService, class com.almasb.fxgl.app.services.FXGLDialogService, class com.almasb.fxgl.app.services.IOTaskExecutorService, class com.almasb.fxgl.event.EventBusService, class com.almasb.fxgl.io.FileSystemService, class com.almasb.fxgl.localization.LocalizationService, class com.almasb.fxgl.app.services.SystemBundleService, class com.almasb.fxgl.profile.SaveLoadService, class com.almasb.fxgl.ui.FXGLUIFactoryServiceProvider, class com.almasb.fxgl.ui.FXGLDialogFactoryServiceProvider, class com.almasb.fxgl.audio.AudioPlayer, class com.almasb.fxgl.notification.impl.NotificationServiceProvider, class com.almasb.fxgl.achievement.AchievementService, class com.almasb.fxgl.cutscene.CutsceneService, class com.almasb.fxgl.minigames.MiniGameService, class com.almasb.fxgl.net.NetService, class com.almasb.fxgl.app.services.UpdaterService, class com.almasb.fxgl.dev.DevService]
14:14:16.955 [FXGL Background Thread 3 ] DEBUG Engine               - fontGame: Abel-Regular.ttf
14:14:16.955 [FXGL Background Thread 3 ] DEBUG Engine               - fontMono: lucida_console.ttf
14:14:16.956 [FXGL Background Thread 3 ] DEBUG Engine               - fontText: Courier-Prime.ttf
14:14:16.956 [FXGL Background Thread 3 ] DEBUG Engine               - fontUI: VarelaRound-Regular.ttf
14:14:16.957 [FXGL Background Thread 3 ] DEBUG Engine               - fullScreen: BooleanProperty [value: false]
14:14:16.957 [FXGL Background Thread 3 ] DEBUG Engine               - gameDifficulty: MEDIUM
14:14:16.957 [FXGL Background Thread 3 ] DEBUG Engine               - gameDifficultyProperty: ObjectProperty [value: MEDIUM]
14:14:16.958 [FXGL Background Thread 3 ] DEBUG Engine               - globalMusicVolume: 0.5
14:14:16.958 [FXGL Background Thread 3 ] DEBUG Engine               - globalMusicVolumeProperty: DoubleProperty [value: 0.5]
14:14:16.959 [FXGL Background Thread 3 ] DEBUG Engine               - globalSoundVolume: 0.5
14:14:16.959 [FXGL Background Thread 3 ] DEBUG Engine               - globalSoundVolumeProperty: DoubleProperty [value: 0.5]
14:14:16.960 [FXGL Background Thread 3 ] DEBUG Engine               - height: 700
14:14:16.960 [FXGL Background Thread 3 ] DEBUG Engine               - isAndroid: false
14:14:16.960 [FXGL Background Thread 3 ] DEBUG Engine               - isBrowser: false
14:14:16.961 [FXGL Background Thread 3 ] DEBUG Engine               - isClickFeedbackEnabled: false
14:14:16.961 [FXGL Background Thread 3 ] DEBUG Engine               - isCloseConfirmation: false
14:14:16.961 [FXGL Background Thread 3 ] DEBUG Engine               - isDesktop: true
14:14:16.962 [FXGL Background Thread 3 ] DEBUG Engine               - isDeveloperMenuEnabled: false
14:14:16.962 [FXGL Background Thread 3 ] DEBUG Engine               - isEntityPreloadEnabled: true
14:14:16.963 [FXGL Background Thread 3 ] DEBUG Engine               - isExperimental3D: false
14:14:16.963 [FXGL Background Thread 3 ] DEBUG Engine               - isExperimentalNative: false
14:14:16.963 [FXGL Background Thread 3 ] DEBUG Engine               - isExperimentalTiledLargeMap: false
14:14:16.964 [FXGL Background Thread 3 ] DEBUG Engine               - isFileSystemWriteAllowed: true
14:14:16.965 [FXGL Background Thread 3 ] DEBUG Engine               - isFullScreenAllowed: false
14:14:16.965 [FXGL Background Thread 3 ] DEBUG Engine               - isFullScreenFromStart: false
14:14:16.966 [FXGL Background Thread 3 ] DEBUG Engine               - isGameMenuEnabled: true
14:14:16.966 [FXGL Background Thread 3 ] DEBUG Engine               - isIOS: false
14:14:16.966 [FXGL Background Thread 3 ] DEBUG Engine               - isIntroEnabled: false
14:14:16.967 [FXGL Background Thread 3 ] DEBUG Engine               - isLinux: false
14:14:16.967 [FXGL Background Thread 3 ] DEBUG Engine               - isMac: false
14:14:16.968 [FXGL Background Thread 3 ] DEBUG Engine               - isMainMenuEnabled: true
14:14:16.968 [FXGL Background Thread 3 ] DEBUG Engine               - isManualResizeEnabled: false
14:14:16.968 [FXGL Background Thread 3 ] DEBUG Engine               - isMobile: false
14:14:16.969 [FXGL Background Thread 3 ] DEBUG Engine               - isPreserveResizeRatio: false
14:14:16.969 [FXGL Background Thread 3 ] DEBUG Engine               - isProfilingEnabled: false
14:14:16.969 [FXGL Background Thread 3 ] DEBUG Engine               - isScaleAffectedOnResize: true
14:14:16.970 [FXGL Background Thread 3 ] DEBUG Engine               - isSingleStep: false
14:14:16.970 [FXGL Background Thread 3 ] DEBUG Engine               - isUserProfileEnabled: false
14:14:16.971 [FXGL Background Thread 3 ] DEBUG Engine               - isWindows: true
14:14:16.978 [FXGL Background Thread 3 ] DEBUG Engine               - language: ObjectProperty [value: ENGLISH]
14:14:16.981 [FXGL Background Thread 3 ] DEBUG Engine               - menuKey: ESCAPE
14:14:16.985 [FXGL Background Thread 3 ] DEBUG Engine               - notificationViewClass: class com.almasb.fxgl.notification.view.XboxNotificationView
14:14:16.985 [FXGL Background Thread 3 ] DEBUG Engine               - pixelsPerMeter: 50.0
14:14:16.986 [FXGL Background Thread 3 ] DEBUG Engine               - platform: WINDOWS
14:14:16.986 [FXGL Background Thread 3 ] DEBUG Engine               - prefHeightProperty: ReadOnlyDoubleProperty [value: 700.0]
14:14:16.986 [FXGL Background Thread 3 ] DEBUG Engine               - prefWidthProperty: ReadOnlyDoubleProperty [value: 1050.0]
14:14:16.987 [FXGL Background Thread 3 ] DEBUG Engine               - profileDir: profiles/
14:14:16.988 [FXGL Background Thread 3 ] DEBUG Engine               - profileName: StringProperty [value: DEFAULT]
14:14:16.988 [FXGL Background Thread 3 ] DEBUG Engine               - randomSeed: -1
14:14:16.989 [FXGL Background Thread 3 ] DEBUG Engine               - runtimeInfo: RuntimeInfo(platform=WINDOWS, version=11.14, build=01.03.2021 16.59)
14:14:16.989 [FXGL Background Thread 3 ] DEBUG Engine               - saveFileExt: sav
14:14:16.990 [FXGL Background Thread 3 ] DEBUG Engine               - scaledHeightProp$fxgl: DoubleProperty [bound, value: 700.0]
14:14:16.991 [FXGL Background Thread 3 ] DEBUG Engine               - scaledWidthProp$fxgl: DoubleProperty [bound, value: 1050.0]
14:14:16.992 [FXGL Background Thread 3 ] DEBUG Engine               - sceneFactory: com.almasb.fxgl.app.scene.SceneFactory@2a41f116
14:14:16.993 [FXGL Background Thread 3 ] DEBUG Engine               - secondsIn24h: 60
14:14:16.994 [FXGL Background Thread 3 ] DEBUG Engine               - soundMenuBack: menu/back.wav
14:14:16.994 [FXGL Background Thread 3 ] DEBUG Engine               - soundMenuPress: menu/press.wav
14:14:16.995 [FXGL Background Thread 3 ] DEBUG Engine               - soundMenuSelect: menu/select.wav
14:14:16.995 [FXGL Background Thread 3 ] DEBUG Engine               - soundNotification: core/notification.wav
14:14:16.995 [FXGL Background Thread 3 ] DEBUG Engine               - stageStyle: DECORATED
14:14:16.998 [FXGL Background Thread 3 ] DEBUG Engine               - supportedLanguages: [ENGLISH, FRENCH, GERMAN, HUNGARIAN, RUSSIAN]
14:14:16.999 [FXGL Background Thread 3 ] DEBUG Engine               - ticksPerSecond: -1
14:14:16.999 [FXGL Background Thread 3 ] DEBUG Engine               - title: Demo game
14:14:17.000 [FXGL Background Thread 3 ] DEBUG Engine               - urlGithub: https://github.com/AlmasB/FXGL
14:14:17.000 [FXGL Background Thread 3 ] DEBUG Engine               - urlLeaderboard: http://fxgl-top.herokuapp.com/
14:14:17.001 [FXGL Background Thread 3 ] DEBUG Engine               - urlPOM: https://raw.githubusercontent.com/AlmasB/FXGL/release/README.md
14:14:17.001 [FXGL Background Thread 3 ] DEBUG Engine               - userAppClass: class Game
14:14:17.002 [FXGL Background Thread 3 ] DEBUG Engine               - version: 1.2
14:14:17.002 [FXGL Background Thread 3 ] DEBUG Engine               - versionCheckDays: 7
14:14:17.003 [FXGL Background Thread 3 ] DEBUG Engine               - width: 1050
14:14:17.003 [FXGL Background Thread 3 ] DEBUG Engine               - Logging services
14:14:17.005 [FXGL Background Thread 3 ] DEBUG Engine               - class com.almasb.fxgl.app.services.FXGLAssetLoaderService
14:14:17.006 [FXGL Background Thread 3 ] DEBUG Engine               - class com.almasb.fxgl.app.FXGLApplication$GameApplicationService
14:14:17.007 [FXGL Background Thread 3 ] DEBUG Engine               - class com.almasb.fxgl.app.services.FXGLDialogService
14:14:17.007 [FXGL Background Thread 3 ] DEBUG Engine               - class com.almasb.fxgl.app.services.IOTaskExecutorService
14:14:17.007 [FXGL Background Thread 3 ] DEBUG Engine               - class com.almasb.fxgl.event.EventBusService
14:14:17.008 [FXGL Background Thread 3 ] DEBUG Engine               - class com.almasb.fxgl.io.FileSystemService
14:14:17.008 [FXGL Background Thread 3 ] DEBUG Engine               - class com.almasb.fxgl.localization.LocalizationService
14:14:17.011 [FXGL Background Thread 3 ] DEBUG Engine               - class com.almasb.fxgl.app.services.SystemBundleService
14:14:17.012 [FXGL Background Thread 3 ] DEBUG Engine               - class com.almasb.fxgl.profile.SaveLoadService
14:14:17.012 [FXGL Background Thread 3 ] DEBUG Engine               - class com.almasb.fxgl.ui.FXGLUIFactoryServiceProvider
14:14:17.013 [FXGL Background Thread 3 ] DEBUG Engine               - class com.almasb.fxgl.ui.FXGLDialogFactoryServiceProvider
14:14:17.014 [FXGL Background Thread 3 ] DEBUG Engine               - class com.almasb.fxgl.audio.AudioPlayer
14:14:17.020 [FXGL Background Thread 3 ] DEBUG Engine               - class com.almasb.fxgl.notification.impl.NotificationServiceProvider
14:14:17.020 [FXGL Background Thread 3 ] DEBUG Engine               - class com.almasb.fxgl.achievement.AchievementService
14:14:17.020 [FXGL Background Thread 3 ] DEBUG Engine               - class com.almasb.fxgl.cutscene.CutsceneService
14:14:17.021 [FXGL Background Thread 3 ] DEBUG Engine               - class com.almasb.fxgl.minigames.MiniGameService
14:14:17.021 [FXGL Background Thread 3 ] DEBUG Engine               - class com.almasb.fxgl.net.NetService
14:14:17.021 [FXGL Background Thread 3 ] DEBUG Engine               - class com.almasb.fxgl.app.services.UpdaterService
14:14:17.022 [FXGL Background Thread 3 ] DEBUG Engine               - class com.almasb.fxgl.dev.DevService
14:14:25.299 [JavaFX Application Thread] DEBUG Menu                 - fireNewGame()
14:14:25.300 [JavaFX Application Thread] DEBUG GameApplicationServi - Starting new game
14:14:25.306 [JavaFX Application Thread] DEBUG PrimaryStageWindow   - Pop state: FXGLDefaultMenu
14:14:25.307 [JavaFX Application Thread] DEBUG Input                - Clearing active input actions
14:14:25.309 [JavaFX Application Thread] DEBUG GameApplicationServi - Removing overlay from FXGLDefaultMenu and adding to FXGLMainMenuDummyScene
14:14:25.310 [JavaFX Application Thread] DEBUG PrimaryStageWindow   - FXGLMainMenuDummyScene <- FXGLDefaultMenu
14:14:25.312 [JavaFX Application Thread] DEBUG Input                - Clearing active input actions
14:14:25.344 [JavaFX Application Thread] DEBUG GameApplicationServi - Removing overlay from FXGLMainMenuDummyScene and adding to FXGLLoadingScene
14:14:25.345 [JavaFX Application Thread] DEBUG PrimaryStageWindow   - FXGLMainMenuDummyScene -> FXGLLoadingScene
14:14:25.345 [JavaFX Application Thread] DEBUG GameApplicationServi - Clearing previous game
14:14:25.346 [JavaFX Application Thread] DEBUG GameScene            - Clearing game scene
14:14:25.346 [JavaFX Application Thread] DEBUG GameWorld            - Clearing game world
14:14:25.347 [JavaFX Application Thread] DEBUG PhysicsWorld         - Clearing physics world
14:14:25.350 [FXGL Background Thread 2 ] DEBUG FXGLApplication      - Initializing game
14:14:25.439 [FXGL Background Thread 2 ] WARN  TMXLevelLoader       - TiledMap generated from 1.0.1. Supported version: 1.2.3. Some features may not be parsed fully.
14:14:25.465 [FXGL Background Thread 2 ] DEBUG TMXLevelLoader       - Parsed raw map: TiledMap(width=15, height=10, tilewidth=70, tileheight=70, orientation=orthogonal, layers=[Layer(width=15, height=10, name=Tile Layer 1, type=tilelayer, visible=false, x=0, y=0, data=[153, 0, 0, 0, 0, 0, 0, 0, 0, 0, 0, 0, 0, 0, 0, 153, 2, 0, 0, 69, 57, 45, 0, 0, 0, 0, 0, 0, 0, 0, 153, 10, 0, 0, 0, 0, 0, 0, 0, 0, 0, 0, 0, 0, 0, 153, 153, 0, 0, 0, 0, 0, 0, 15, 3, 3, 27, 0, 0, 0, 153, 153, 0, 0, 0, 0, 0, 0, 0, 0, 0, 0, 0, 0, 0, 153, 153, 0, 0, 0, 0, 0, 0, 0, 0, 0, 0, 0, 0, 116, 153, 153, 0, 0, 0, 0, 0, 0, 15, 3, 3, 27, 0, 116, 153, 153, 153, 0, 0, 69, 81, 57, 0, 0, 0, 0, 0, 0, 153, 153, 153, 153, 0, 0, 0, 0, 0, 0, 0, 0, 0, 0, 0, 153, 153, 153, 153, 10, 105, 0, 0, 0, 129, 105, 0, 0, 0, 129, 153, 153], objects=[], opacity=0.0, draworder=), Layer(width=0, height=0, name=Object Layer 1, type=objectgroup, visible=false, x=0, y=0, data=[], objects=[com.almasb.fxgl.entity.level.tiled.TiledObject@6726899a, com.almasb.fxgl.entity.level.tiled.TiledObject@84612da, com.almasb.fxgl.entity.level.tiled.TiledObject@37334264, com.almasb.fxgl.entity.level.tiled.TiledObject@7d6bef85, com.almasb.fxgl.entity.level.tiled.TiledObject@2ed2d3eb, com.almasb.fxgl.entity.level.tiled.TiledObject@163ad429, com.almasb.fxgl.entity.level.tiled.TiledObject@3bb784e8, com.almasb.fxgl.entity.level.tiled.TiledObject@198253dc, com.almasb.fxgl.entity.level.tiled.TiledObject@21f7968c, com.almasb.fxgl.entity.level.tiled.TiledObject@612c9507, com.almasb.fxgl.entity.level.tiled.TiledObject@663bcd0e, com.almasb.fxgl.entity.level.tiled.TiledObject@6d2c7ea6, com.almasb.fxgl.entity.level.tiled.TiledObject@70f2d679, com.almasb.fxgl.entity.level.tiled.TiledObject@7573f1cd, com.almasb.fxgl.entity.level.tiled.TiledObject@4d1811d0, com.almasb.fxgl.entity.level.tiled.TiledObject@434f8f9b, com.almasb.fxgl.entity.level.tiled.TiledObject@25e8c895, com.almasb.fxgl.entity.level.tiled.TiledObject@4fffa87c, com.almasb.fxgl.entity.level.tiled.TiledObject@42e4b6c2], opacity=0.0, draworder=)], tilesets=[Tileset(firstgid=1, image=tiles_spritesheet.png, name=tiles_spritesheet, tilewidth=70, tileheight=70, imagewidth=914, imageheight=936, margin=0, spacing=2, columns=12, tilecount=156, transparentcolor=, tiles=[])], backgroundcolor=, renderorder=right-down, nextobjectid=20, version=1, tiledversion=1.0.1, type=map, infinite=false, hexsidelength=0, staggeraxis=, staggerindex=, properties={}, propertytypes={})
14:14:25.468 [FXGL Background Thread 2 ] DEBUG TMXLevelLoader       - Creating tile layer entities
14:14:25.484 [FXGL Background Thread 2 ] DEBUG TilesetLoader        - Loading view for layer Tile Layer 1
14:14:25.488 [FXGL Background Thread 2 ] DEBUG TilesetLoader        - Created buffer with size 1050.0x700.0
14:14:25.654 [FXGL Background Thread 2 ] DEBUG TilesetLoader        - Writing to buffer: dst=0,0, w=70,h=70, src=576,864
14:14:25.655 [FXGL Background Thread 2 ] DEBUG TilesetLoader        - Writing to buffer: dst=0,70, w=70,h=70, src=576,864
14:14:25.655 [FXGL Background Thread 2 ] DEBUG TilesetLoader        - Writing to buffer: dst=70,70, w=70,h=70, src=72,0
14:14:25.656 [FXGL Background Thread 2 ] DEBUG TilesetLoader        - Writing to buffer: dst=280,70, w=70,h=70, src=576,360
14:14:25.657 [FXGL Background Thread 2 ] DEBUG TilesetLoader        - Writing to buffer: dst=350,70, w=70,h=70, src=576,288
14:14:25.657 [FXGL Background Thread 2 ] DEBUG TilesetLoader        - Writing to buffer: dst=420,70, w=70,h=70, src=576,216
14:14:25.657 [FXGL Background Thread 2 ] DEBUG TilesetLoader        - Writing to buffer: dst=0,140, w=70,h=70, src=576,864
14:14:25.658 [FXGL Background Thread 2 ] DEBUG TilesetLoader        - Writing to buffer: dst=70,140, w=70,h=70, src=648,0
14:14:25.658 [FXGL Background Thread 2 ] DEBUG TilesetLoader        - Writing to buffer: dst=0,210, w=70,h=70, src=576,864
14:14:25.658 [FXGL Background Thread 2 ] DEBUG TilesetLoader        - Writing to buffer: dst=70,210, w=70,h=70, src=576,864
14:14:25.659 [FXGL Background Thread 2 ] DEBUG TilesetLoader        - Writing to buffer: dst=560,210, w=70,h=70, src=144,72
14:14:25.659 [FXGL Background Thread 2 ] DEBUG TilesetLoader        - Writing to buffer: dst=630,210, w=70,h=70, src=144,0
14:14:25.659 [FXGL Background Thread 2 ] DEBUG TilesetLoader        - Writing to buffer: dst=700,210, w=70,h=70, src=144,0
14:14:25.660 [FXGL Background Thread 2 ] DEBUG TilesetLoader        - Writing to buffer: dst=770,210, w=70,h=70, src=144,144
14:14:25.660 [FXGL Background Thread 2 ] DEBUG TilesetLoader        - Writing to buffer: dst=0,280, w=70,h=70, src=576,864
14:14:25.663 [FXGL Background Thread 2 ] DEBUG TilesetLoader        - Writing to buffer: dst=70,280, w=70,h=70, src=576,864
14:14:25.663 [FXGL Background Thread 2 ] DEBUG TilesetLoader        - Writing to buffer: dst=0,350, w=70,h=70, src=576,864
14:14:25.664 [FXGL Background Thread 2 ] DEBUG TilesetLoader        - Writing to buffer: dst=70,350, w=70,h=70, src=576,864
14:14:25.670 [FXGL Background Thread 2 ] DEBUG TilesetLoader        - Writing to buffer: dst=980,350, w=70,h=70, src=504,648
14:14:25.670 [FXGL Background Thread 2 ] DEBUG TilesetLoader        - Writing to buffer: dst=0,420, w=70,h=70, src=576,864
14:14:25.671 [FXGL Background Thread 2 ] DEBUG TilesetLoader        - Writing to buffer: dst=70,420, w=70,h=70, src=576,864
14:14:25.671 [FXGL Background Thread 2 ] DEBUG TilesetLoader        - Writing to buffer: dst=560,420, w=70,h=70, src=144,72
14:14:25.672 [FXGL Background Thread 2 ] DEBUG TilesetLoader        - Writing to buffer: dst=630,420, w=70,h=70, src=144,0
14:14:25.672 [FXGL Background Thread 2 ] DEBUG TilesetLoader        - Writing to buffer: dst=700,420, w=70,h=70, src=144,0
14:14:25.672 [FXGL Background Thread 2 ] DEBUG TilesetLoader        - Writing to buffer: dst=770,420, w=70,h=70, src=144,144
14:14:25.673 [FXGL Background Thread 2 ] DEBUG TilesetLoader        - Writing to buffer: dst=910,420, w=70,h=70, src=504,648
14:14:25.673 [FXGL Background Thread 2 ] DEBUG TilesetLoader        - Writing to buffer: dst=980,420, w=70,h=70, src=576,864
14:14:25.673 [FXGL Background Thread 2 ] DEBUG TilesetLoader        - Writing to buffer: dst=0,490, w=70,h=70, src=576,864
14:14:25.674 [FXGL Background Thread 2 ] DEBUG TilesetLoader        - Writing to buffer: dst=70,490, w=70,h=70, src=576,864
14:14:25.674 [FXGL Background Thread 2 ] DEBUG TilesetLoader        - Writing to buffer: dst=280,490, w=70,h=70, src=576,360
14:14:25.674 [FXGL Background Thread 2 ] DEBUG TilesetLoader        - Writing to buffer: dst=350,490, w=70,h=70, src=576,432
14:14:25.675 [FXGL Background Thread 2 ] DEBUG TilesetLoader        - Writing to buffer: dst=420,490, w=70,h=70, src=576,288
14:14:25.675 [FXGL Background Thread 2 ] DEBUG TilesetLoader        - Writing to buffer: dst=910,490, w=70,h=70, src=576,864
14:14:25.675 [FXGL Background Thread 2 ] DEBUG TilesetLoader        - Writing to buffer: dst=980,490, w=70,h=70, src=576,864
14:14:25.676 [FXGL Background Thread 2 ] DEBUG TilesetLoader        - Writing to buffer: dst=0,560, w=70,h=70, src=576,864
14:14:25.676 [FXGL Background Thread 2 ] DEBUG TilesetLoader        - Writing to buffer: dst=70,560, w=70,h=70, src=576,864
14:14:25.676 [FXGL Background Thread 2 ] DEBUG TilesetLoader        - Writing to buffer: dst=910,560, w=70,h=70, src=576,864
14:14:25.677 [FXGL Background Thread 2 ] DEBUG TilesetLoader        - Writing to buffer: dst=980,560, w=70,h=70, src=576,864
14:14:25.678 [FXGL Background Thread 2 ] DEBUG TilesetLoader        - Writing to buffer: dst=0,630, w=70,h=70, src=576,864
14:14:25.679 [FXGL Background Thread 2 ] DEBUG TilesetLoader        - Writing to buffer: dst=70,630, w=70,h=70, src=576,864
14:14:25.680 [FXGL Background Thread 2 ] DEBUG TilesetLoader        - Writing to buffer: dst=140,630, w=70,h=70, src=648,0
14:14:25.682 [FXGL Background Thread 2 ] DEBUG TilesetLoader        - Writing to buffer: dst=210,630, w=70,h=70, src=576,576
14:14:25.683 [FXGL Background Thread 2 ] DEBUG TilesetLoader        - Writing to buffer: dst=490,630, w=70,h=70, src=576,720
14:14:25.683 [FXGL Background Thread 2 ] DEBUG TilesetLoader        - Writing to buffer: dst=560,630, w=70,h=70, src=576,576
14:14:25.683 [FXGL Background Thread 2 ] DEBUG TilesetLoader        - Writing to buffer: dst=840,630, w=70,h=70, src=576,720
14:14:25.684 [FXGL Background Thread 2 ] DEBUG TilesetLoader        - Writing to buffer: dst=910,630, w=70,h=70, src=576,864
14:14:25.684 [FXGL Background Thread 2 ] DEBUG TilesetLoader        - Writing to buffer: dst=980,630, w=70,h=70, src=576,864
14:14:25.685 [FXGL Background Thread 2 ] DEBUG TMXLevelLoader       - Creating object layer entities
14:14:25.776 [FXGL Background Thread 2 ] DEBUG FXGLAssetLoaderServi - Loading from file system: file:/C:/Users/jfran/OneDrive%20-%20Hogeschool%20Leiden/IPOSE-Maven/target/classes/assets/textures/star.png
14:14:25.804 [FXGL Background Thread 2 ] DEBUG GameWorld            - Clearing removable entities
14:14:25.806 [FXGL Background Thread 2 ] DEBUG GameWorld            - Setting level: com.almasb.fxgl.entity.level.Level@1ffe2423
14:14:25.846 [FXGL Background Thread 2 ] DEBUG FXGLAssetLoaderServi - Loading from file system: file:/C:/Users/jfran/OneDrive%20-%20Hogeschool%20Leiden/IPOSE-Maven/target/classes/assets/textures/girl.png
14:14:25.902 [FXGL Background Thread 2 ] INFO  FXGLApplication      - Game initialization took: 0,526 sec
14:14:25.903 [JavaFX Application Thread] DEBUG Input                - Clearing active input actions
14:14:25.920 [JavaFX Application Thread] DEBUG GameApplicationServi - Removing overlay from FXGLLoadingScene and adding to GameScene
14:14:25.921 [JavaFX Application Thread] DEBUG PrimaryStageWindow   - FXGLLoadingScene -> GameScene
14:14:39.138 [JavaFX Application Thread] DEBUG FXGLApplication      - Exiting FXGL
14:14:39.138 [JavaFX Application Thread] DEBUG LoopRunner           - Stopping loop
14:14:39.138 [JavaFX Application Thread] DEBUG SystemBundleService  - Saving FXGL system data
14:14:39.143 [JavaFX Application Thread] DEBUG FileSystemAccess     - Writing to: C:\Users\jfran\OneDrive - Hogeschool Leiden\IPOSE-Maven\system\fxgl.bundle
14:14:39.146 [JavaFX Application Thread] DEBUG Async                - Shutting down background threads
14:14:39.147 [JavaFX Application Thread] DEBUG PrimaryStageWindow   - Closing main window
14:14:39.186 [JavaFX Application Thread] DEBUG Logger               - Closing Logger
