13:47:32.781 [main                     ] DEBUG Logger               - Configured Logger
13:47:32.794 [main                     ] DEBUG GameApplication      - Logging settings
Title: A Way Out
Version: 1.2
Width: 1050
Height: 640
Fullscreen: false
Intro: false
Profiling: false
Single step:false
App Mode: DEVELOPER
Menu Key: ESCAPE
Stage Style: DECORATED
Scene Factory: class com.almasb.fxgl.app.scene.SceneFactory

13:47:33.122 [JavaFX Application Thread] DEBUG FXGLApplication      - Initializing FXGL
13:47:33.124 [JavaFX Application Thread] INFO  Engine               - FXGL-11.14 (01.03.2021 16.59) on MAC (J:15.0.2 FX:15)
13:47:33.124 [JavaFX Application Thread] DEBUG Engine               - JRE Vendor Name: Amazon.com Inc.
13:47:33.124 [JavaFX Application Thread] DEBUG Engine               - Running on OS: Mac OS X version 12.3
13:47:33.124 [JavaFX Application Thread] DEBUG Engine               - Architecture: x86_64
13:47:33.124 [JavaFX Application Thread] INFO  Engine               - Source code and latest versions at: https://github.com/AlmasB/FXGL
13:47:33.125 [JavaFX Application Thread] INFO  Engine               -              Join the FXGL chat at: https://gitter.im/AlmasB/FXGL
13:47:33.212 [JavaFX Application Thread] DEBUG PrimaryStageWindow   - Creating a JavaFX scene
13:47:33.248 [JavaFX Application Thread] DEBUG PrimaryStageWindow   - Target settings size: 1050.0 x 640.0
13:47:33.248 [JavaFX Application Thread] DEBUG PrimaryStageWindow   - Scaled scene size:    1050.0 x 640.0
13:47:33.249 [JavaFX Application Thread] DEBUG PrimaryStageWindow   - Scaled ratio: (1.0, 1.0)
13:47:33.249 [JavaFX Application Thread] DEBUG PrimaryStageWindow   - Set initial scene to FXGLStartupScene
13:47:33.254 [JavaFX Application Thread] DEBUG PrimaryStageWindow   - Opening main window
13:47:33.313 [JavaFX Application Thread] DEBUG PrimaryStageWindow   - Window border size: (0.0, 28.0)
13:47:33.313 [JavaFX Application Thread] DEBUG PrimaryStageWindow   - Scaled size: 1050.0 x 640.0
13:47:33.313 [JavaFX Application Thread] DEBUG PrimaryStageWindow   - Scaled ratio: (1.0, 1.0)
13:47:33.313 [JavaFX Application Thread] DEBUG PrimaryStageWindow   - Scene size: 1050.0 x 640.0
13:47:33.313 [JavaFX Application Thread] DEBUG PrimaryStageWindow   - Stage size: 1050.0 x 668.0
13:47:33.318 [FXGL Background Thread 1 ] DEBUG Engine               - Initializing environment variables
13:47:33.343 [FXGL Background Thread 1 ] DEBUG FXGLAssetLoaderServi - User app class for loading assets: class Game
13:47:33.344 [FXGL Background Thread 1 ] DEBUG GameApplicationServi - Applying CSS: fxgl_dark.css
13:47:33.345 [FXGL Background Thread 1 ] DEBUG FXGLAssetLoaderServi - Loading from file system: jar:file:/Users/merdanusta/.m2/repository/com/github/almasb/fxgl/11.14/fxgl-11.14.jar!/fxglassets/ui/css/fxgl_dark.css
13:47:33.395 [FXGL Background Thread 1 ] DEBUG GameApplicationServi - Initializing application scenes
13:47:33.605 [FXGL Background Thread 1 ] DEBUG GameWorld            - Game world initialized
13:47:33.639 [FXGL Background Thread 1 ] DEBUG PhysicsWorld         - Physics world initialized: appHeight=640, physics.ppm=50.0
13:47:33.639 [FXGL Background Thread 1 ] DEBUG PhysicsWorld         - Using strategy: BRUTE_FORCE
13:47:33.642 [FXGL Background Thread 1 ] DEBUG GameScene            - Game scene initialized: 1050x640
13:47:33.673 [FXGL Background Thread 1 ] DEBUG FXGLAssetLoaderServi - Loading from file system: jar:file:/Users/merdanusta/.m2/repository/com/github/almasb/fxgl/11.14/fxgl-11.14.jar!/fxglassets/textures/particles/trace_horizontal.png
13:47:33.717 [FXGL Background Thread 1 ] DEBUG FXGL.DefaultMenu     - createMenuBodyMainMenu()
13:47:33.737 [FXGL Background Thread 1 ] DEBUG FXGL.DefaultMenu     - createOptionsMenu()
13:47:33.741 [FXGL Background Thread 1 ] DEBUG FXGLAssetLoaderServi - Loading from file system: jar:file:/Users/merdanusta/.m2/repository/com/github/almasb/fxgl/11.14/fxgl-11.14.jar!/fxglassets/textures/particles/smoke.png
13:47:33.785 [FXGL Background Thread 1 ] DEBUG FXGL.DefaultMenu     - createMenuBodyGameMenu()
13:47:33.787 [FXGL Background Thread 1 ] DEBUG FXGL.DefaultMenu     - createOptionsMenu()
13:47:33.805 [FXGL Background Thread 1 ] DEBUG GameApplicationServi - Application scenes initialized
13:47:33.813 [FXGL Background Thread 1 ] DEBUG SystemBundleService  - Loading FXGL system data
13:47:33.816 [FXGL Background Thread 1 ] DEBUG FileSystemAccess     - Reading from: /Users/merdanusta/IdeaProjects/IPOSE-Maven/system/fxgl.bundle
13:47:33.821 [FXGL Background Thread 1 ] DEBUG SystemBundleService  - Bundle FXGL: {}
13:47:33.821 [FXGL Background Thread 1 ] DEBUG UpdaterService       - Checking for updates
13:47:33.824 [FXGL Background Thread 4 ] DEBUG FXGLApplication      - Loading fonts
13:47:33.824 [FXGL Background Thread 1 ] DEBUG FXGLApplication      - Loading default localization
13:47:33.824 [FXGL Background Thread 4 ] DEBUG FXGLAssetLoaderServi - Loading from file system: jar:file:/Users/merdanusta/.m2/repository/com/github/almasb/fxgl/11.14/fxgl-11.14.jar!/fxglassets/ui/fonts/VarelaRound-Regular.ttf
13:47:33.825 [FXGL Background Thread 1 ] DEBUG FXGLAssetLoaderServi - Loading from file system: jar:file:/Users/merdanusta/.m2/repository/com/github/almasb/fxgl/11.14/fxgl-11.14.jar!/fxglassets/languages/english.lang
13:47:33.837 [FXGL Background Thread 1 ] INFO  FXGLApplication      - FXGL initialization took: 0.519 sec
13:47:33.837 [FXGL Background Thread 4 ] DEBUG FXGLAssetLoaderServi - Loading from file system: jar:file:/Users/merdanusta/.m2/repository/com/github/almasb/fxgl/11.14/fxgl-11.14.jar!/fxglassets/ui/fonts/Abel-Regular.ttf
13:47:33.840 [FXGL Background Thread 4 ] DEBUG FXGLAssetLoaderServi - Loading from file system: jar:file:/Users/merdanusta/.m2/repository/com/github/almasb/fxgl/11.14/fxgl-11.14.jar!/fxglassets/ui/fonts/lucida_console.ttf
13:47:33.846 [JavaFX Application Thread] DEBUG Input                - Registered new binding: Left - A
13:47:33.846 [JavaFX Application Thread] DEBUG Input                - Registered new binding: Right - D
13:47:33.846 [JavaFX Application Thread] DEBUG Input                - Registered new binding: Jump - W
13:47:33.847 [JavaFX Application Thread] DEBUG FXGLAssetLoaderServi - Loading from file system: jar:file:/Users/merdanusta/.m2/repository/com/github/almasb/fxgl/11.14/fxgl-11.14.jar!/fxglassets/textures/fxgl_icon.png
13:47:33.847 [FXGL Background Thread 4 ] DEBUG FXGLAssetLoaderServi - Loading from file system: jar:file:/Users/merdanusta/.m2/repository/com/github/almasb/fxgl/11.14/fxgl-11.14.jar!/fxglassets/ui/fonts/Courier-Prime.ttf
13:47:33.864 [JavaFX Application Thread] DEBUG FXGLAssetLoaderServi - Loading from file system: jar:file:/Users/merdanusta/.m2/repository/com/github/almasb/fxgl/11.14/fxgl-11.14.jar!/fxglassets/ui/cursors/fxgl_default.png
13:47:33.865 [JavaFX Application Thread] DEBUG Input                - Registered new binding: Screenshot - P
13:47:33.865 [JavaFX Application Thread] DEBUG Input                - Registered new binding: System info dump - CTRL+9
13:47:33.866 [JavaFX Application Thread] DEBUG Input                - Registered new binding: Restart - CTRL+R
13:47:33.866 [JavaFX Application Thread] DEBUG Input                - Registered new binding: Toggle Debug Camera - CTRL+C
13:47:33.867 [JavaFX Application Thread] DEBUG LoopRunner           - Starting loop
13:47:33.867 [JavaFX Application Thread] DEBUG LoopRunner           - Initializing JavaFX AnimationTimerLoop
13:47:33.870 [JavaFX Application Thread] DEBUG Input                - Clearing active input actions
13:47:33.875 [JavaFX Application Thread] DEBUG GameApplicationServi - Removing overlay from FXGLStartupScene and adding to FXGLMainMenuDummyScene
13:47:33.875 [JavaFX Application Thread] DEBUG PrimaryStageWindow   - FXGLStartupScene -> FXGLMainMenuDummyScene
13:47:33.875 [JavaFX Application Thread] DEBUG PrimaryStageWindow   - Push state: FXGLDefaultMenu
13:47:33.878 [JavaFX Application Thread] DEBUG Input                - Clearing active input actions
13:47:33.885 [JavaFX Application Thread] DEBUG GameApplicationServi - Removing overlay from FXGLMainMenuDummyScene and adding to FXGLDefaultMenu
13:47:33.885 [JavaFX Application Thread] DEBUG PrimaryStageWindow   - FXGLMainMenuDummyScene -> FXGLDefaultMenu
13:47:33.912 [JavaFX Application Thread] DEBUG FXGLApplication      - Registering font factories with UI factory
13:47:34.114 [FXGL Background Thread 2 ] INFO  UpdaterService       - Your current version:  11.14
13:47:34.114 [FXGL Background Thread 2 ] INFO  UpdaterService       - Latest stable version: 17.1
13:47:35.196 [JavaFX Application Thread] DEBUG FXGLApplication      - Exiting FXGL
13:47:35.196 [JavaFX Application Thread] DEBUG LoopRunner           - Stopping loop
13:47:35.197 [JavaFX Application Thread] DEBUG SystemBundleService  - Saving FXGL system data
13:47:35.202 [JavaFX Application Thread] DEBUG FileSystemAccess     - Writing to: /Users/merdanusta/IdeaProjects/IPOSE-Maven/system/fxgl.bundle
13:47:35.203 [JavaFX Application Thread] DEBUG Async                - Shutting down background threads
13:47:35.204 [JavaFX Application Thread] DEBUG PrimaryStageWindow   - Closing main window
13:47:35.210 [JavaFX Application Thread] DEBUG Logger               - Closing Logger
