15:00:00.276 [main                     ] DEBUG Logger               - Configured Logger
15:00:00.350 [main                     ] DEBUG GameApplication      - Logging settings
Title: Demo game
Version: 1.2
Width: 1050
Height: 700
Fullscreen: false
Intro: false
Profiling: false
Single step:false
App Mode: DEVELOPER
Menu Key: ESCAPE
Stage Style: DECORATED
Scene Factory: class com.almasb.fxgl.app.scene.SceneFactory

15:00:01.827 [JavaFX Application Thread] DEBUG FXGLApplication      - Initializing FXGL
15:00:01.833 [JavaFX Application Thread] INFO  Engine               - FXGL-11.14 (01.03.2021 16.59) on WINDOWS (J:15.0.2 FX:15)
15:00:01.834 [JavaFX Application Thread] DEBUG Engine               - JRE Vendor Name: Amazon.com Inc.
15:00:01.834 [JavaFX Application Thread] DEBUG Engine               - Running on OS: Windows 10 version 10.0
15:00:01.835 [JavaFX Application Thread] DEBUG Engine               - Architecture: amd64
15:00:01.836 [JavaFX Application Thread] INFO  Engine               - Source code and latest versions at: https://github.com/AlmasB/FXGL
15:00:01.836 [JavaFX Application Thread] INFO  Engine               -              Join the FXGL chat at: https://gitter.im/AlmasB/FXGL
15:00:02.288 [JavaFX Application Thread] DEBUG PrimaryStageWindow   - Creating a JavaFX scene
15:00:02.497 [JavaFX Application Thread] DEBUG PrimaryStageWindow   - Target settings size: 1050.0 x 700.0
15:00:02.498 [JavaFX Application Thread] DEBUG PrimaryStageWindow   - Scaled scene size:    1050.0 x 700.0
15:00:02.500 [JavaFX Application Thread] DEBUG PrimaryStageWindow   - Scaled ratio: (1.0, 1.0)
15:00:02.503 [JavaFX Application Thread] DEBUG PrimaryStageWindow   - Set initial scene to FXGLStartupScene
15:00:02.538 [JavaFX Application Thread] DEBUG PrimaryStageWindow   - Opening main window
15:00:02.860 [JavaFX Application Thread] DEBUG PrimaryStageWindow   - Window border size: (14.800048828125, 37.5999755859375)
15:00:02.861 [JavaFX Application Thread] DEBUG PrimaryStageWindow   - Scaled size: 1050.0 x 700.0
15:00:02.862 [JavaFX Application Thread] DEBUG PrimaryStageWindow   - Scaled ratio: (1.0, 1.0)
15:00:02.862 [JavaFX Application Thread] DEBUG PrimaryStageWindow   - Scene size: 1050.0 x 700.0
15:00:02.863 [JavaFX Application Thread] DEBUG PrimaryStageWindow   - Stage size: 1064.800048828125 x 737.5999755859375
15:00:02.944 [FXGL Background Thread 1 ] DEBUG Engine               - Initializing environment variables
15:00:03.095 [FXGL Background Thread 1 ] DEBUG FXGLAssetLoaderServi - User app class for loading assets: class Game
15:00:03.096 [FXGL Background Thread 1 ] DEBUG GameApplicationServi - Applying CSS: fxgl_dark.css
15:00:03.099 [FXGL Background Thread 1 ] DEBUG FXGLAssetLoaderServi - Loading from file system: jar:file:/C:/Users/jfran/.m2/repository/com/github/almasb/fxgl/11.14/fxgl-11.14.jar!/fxglassets/ui/css/fxgl_dark.css
15:00:03.252 [FXGL Background Thread 1 ] DEBUG GameApplicationServi - Initializing application scenes
15:00:03.566 [FXGL Background Thread 1 ] DEBUG GameWorld            - Game world initialized
15:00:03.760 [FXGL Background Thread 1 ] DEBUG PhysicsWorld         - Physics world initialized: appHeight=700, physics.ppm=50,0
15:00:03.761 [FXGL Background Thread 1 ] DEBUG PhysicsWorld         - Using strategy: BRUTE_FORCE
15:00:03.768 [FXGL Background Thread 1 ] DEBUG GameScene            - Game scene initialized: 1050x700
15:00:03.872 [FXGL Background Thread 1 ] DEBUG FXGLAssetLoaderServi - Loading from file system: jar:file:/C:/Users/jfran/.m2/repository/com/github/almasb/fxgl/11.14/fxgl-11.14.jar!/fxglassets/textures/particles/trace_horizontal.png
15:00:04.047 [FXGL Background Thread 1 ] DEBUG FXGL.DefaultMenu     - createMenuBodyMainMenu()
15:00:04.107 [FXGL Background Thread 1 ] DEBUG FXGL.DefaultMenu     - createOptionsMenu()
15:00:04.127 [FXGL Background Thread 1 ] DEBUG FXGLAssetLoaderServi - Loading from file system: jar:file:/C:/Users/jfran/.m2/repository/com/github/almasb/fxgl/11.14/fxgl-11.14.jar!/fxglassets/textures/particles/smoke.png
15:00:04.331 [FXGL Background Thread 1 ] DEBUG FXGL.DefaultMenu     - createMenuBodyGameMenu()
15:00:04.338 [FXGL Background Thread 1 ] DEBUG FXGL.DefaultMenu     - createOptionsMenu()
15:00:04.393 [FXGL Background Thread 1 ] DEBUG GameApplicationServi - Application scenes initialized
15:00:04.427 [FXGL Background Thread 1 ] DEBUG SystemBundleService  - Loading FXGL system data
15:00:04.438 [FXGL Background Thread 1 ] DEBUG FileSystemAccess     - Reading from: C:\Users\jfran\OneDrive - Hogeschool Leiden\IPOSE-Maven\system\fxgl.bundle
15:00:04.453 [FXGL Background Thread 1 ] DEBUG SystemBundleService  - Bundle FXGL: {}
15:00:04.454 [FXGL Background Thread 1 ] DEBUG UpdaterService       - Checking for updates
15:00:04.467 [FXGL Background Thread 1 ] DEBUG FXGLApplication      - Loading default localization
15:00:04.469 [FXGL Background Thread 1 ] DEBUG FXGLAssetLoaderServi - Loading from file system: jar:file:/C:/Users/jfran/.m2/repository/com/github/almasb/fxgl/11.14/fxgl-11.14.jar!/fxglassets/languages/english.lang
15:00:04.494 [FXGL Background Thread 4 ] DEBUG FXGLApplication      - Loading fonts
15:00:04.504 [FXGL Background Thread 4 ] DEBUG FXGLAssetLoaderServi - Loading from file system: jar:file:/C:/Users/jfran/.m2/repository/com/github/almasb/fxgl/11.14/fxgl-11.14.jar!/fxglassets/ui/fonts/VarelaRound-Regular.ttf
15:00:04.520 [FXGL Background Thread 1 ] INFO  FXGLApplication      - FXGL initialization took: 1,575 sec
15:00:04.542 [JavaFX Application Thread] DEBUG Input                - Registered new binding: Left - A
15:00:04.543 [JavaFX Application Thread] DEBUG Input                - Registered new binding: Right - D
15:00:04.544 [JavaFX Application Thread] DEBUG Input                - Registered new binding: Jump - W
15:00:04.545 [JavaFX Application Thread] DEBUG FXGLAssetLoaderServi - Loading from file system: jar:file:/C:/Users/jfran/.m2/repository/com/github/almasb/fxgl/11.14/fxgl-11.14.jar!/fxglassets/textures/fxgl_icon.png
15:00:04.623 [JavaFX Application Thread] DEBUG FXGLAssetLoaderServi - Loading from file system: jar:file:/C:/Users/jfran/.m2/repository/com/github/almasb/fxgl/11.14/fxgl-11.14.jar!/fxglassets/ui/cursors/fxgl_default.png
15:00:04.627 [JavaFX Application Thread] DEBUG Input                - Registered new binding: Screenshot - P
15:00:04.629 [JavaFX Application Thread] DEBUG Input                - Registered new binding: System info dump - CTRL+9
15:00:04.633 [JavaFX Application Thread] DEBUG Input                - Registered new binding: Restart - CTRL+R
15:00:04.636 [JavaFX Application Thread] DEBUG Input                - Registered new binding: Toggle Debug Camera - CTRL+C
15:00:04.648 [JavaFX Application Thread] DEBUG LoopRunner           - Starting loop
15:00:04.649 [JavaFX Application Thread] DEBUG LoopRunner           - Initializing JavaFX AnimationTimerLoop
15:00:04.664 [JavaFX Application Thread] DEBUG Input                - Clearing active input actions
15:00:04.703 [JavaFX Application Thread] DEBUG GameApplicationServi - Removing overlay from FXGLStartupScene and adding to FXGLMainMenuDummyScene
15:00:04.705 [JavaFX Application Thread] DEBUG PrimaryStageWindow   - FXGLStartupScene -> FXGLMainMenuDummyScene
15:00:04.705 [JavaFX Application Thread] DEBUG PrimaryStageWindow   - Push state: FXGLDefaultMenu
15:00:04.723 [JavaFX Application Thread] DEBUG Input                - Clearing active input actions
15:00:04.798 [JavaFX Application Thread] DEBUG GameApplicationServi - Removing overlay from FXGLMainMenuDummyScene and adding to FXGLDefaultMenu
15:00:04.800 [JavaFX Application Thread] DEBUG PrimaryStageWindow   - FXGLMainMenuDummyScene -> FXGLDefaultMenu
15:00:05.320 [FXGL Background Thread 4 ] DEBUG FXGLAssetLoaderServi - Loading from file system: jar:file:/C:/Users/jfran/.m2/repository/com/github/almasb/fxgl/11.14/fxgl-11.14.jar!/fxglassets/ui/fonts/Abel-Regular.ttf
15:00:05.344 [FXGL Background Thread 4 ] DEBUG FXGLAssetLoaderServi - Loading from file system: jar:file:/C:/Users/jfran/.m2/repository/com/github/almasb/fxgl/11.14/fxgl-11.14.jar!/fxglassets/ui/fonts/lucida_console.ttf
15:00:05.378 [FXGL Background Thread 4 ] DEBUG FXGLAssetLoaderServi - Loading from file system: jar:file:/C:/Users/jfran/.m2/repository/com/github/almasb/fxgl/11.14/fxgl-11.14.jar!/fxglassets/ui/fonts/Courier-Prime.ttf
15:00:05.418 [JavaFX Application Thread] DEBUG FXGLApplication      - Registering font factories with UI factory
15:00:06.139 [JavaFX Application Thread] DEBUG Menu                 - fireNewGame()
15:00:06.140 [JavaFX Application Thread] DEBUG GameApplicationServi - Starting new game
15:00:06.178 [JavaFX Application Thread] DEBUG PrimaryStageWindow   - Pop state: FXGLDefaultMenu
15:00:06.178 [JavaFX Application Thread] DEBUG Input                - Clearing active input actions
15:00:06.181 [JavaFX Application Thread] DEBUG GameApplicationServi - Removing overlay from FXGLDefaultMenu and adding to FXGLMainMenuDummyScene
15:00:06.182 [JavaFX Application Thread] DEBUG PrimaryStageWindow   - FXGLMainMenuDummyScene <- FXGLDefaultMenu
15:00:06.187 [FXGL Background Thread 2 ] INFO  UpdaterService       - Your current version:  11.14
15:00:06.188 [FXGL Background Thread 2 ] INFO  UpdaterService       - Latest stable version: 17.1
15:00:06.183 [JavaFX Application Thread] DEBUG Input                - Clearing active input actions
15:00:06.215 [JavaFX Application Thread] DEBUG GameApplicationServi - Removing overlay from FXGLMainMenuDummyScene and adding to FXGLLoadingScene
15:00:06.216 [JavaFX Application Thread] DEBUG PrimaryStageWindow   - FXGLMainMenuDummyScene -> FXGLLoadingScene
15:00:06.216 [JavaFX Application Thread] DEBUG GameApplicationServi - Clearing previous game
15:00:06.217 [JavaFX Application Thread] DEBUG GameScene            - Clearing game scene
15:00:06.217 [JavaFX Application Thread] DEBUG GameWorld            - Clearing game world
15:00:06.218 [JavaFX Application Thread] DEBUG PhysicsWorld         - Clearing physics world
15:00:06.221 [FXGL Background Thread 2 ] DEBUG FXGLApplication      - Initializing game
15:00:06.367 [FXGL Background Thread 2 ] WARN  TMXLevelLoader       - TiledMap generated from 1.0.1. Supported version: 1.2.3. Some features may not be parsed fully.
15:00:06.394 [FXGL Background Thread 2 ] DEBUG TMXLevelLoader       - Parsed raw map: TiledMap(width=15, height=10, tilewidth=70, tileheight=70, orientation=orthogonal, layers=[Layer(width=15, height=10, name=Tile Layer 1, type=tilelayer, visible=false, x=0, y=0, data=[153, 0, 0, 0, 0, 0, 0, 0, 0, 0, 0, 0, 0, 0, 0, 153, 2, 0, 0, 69, 57, 45, 0, 0, 0, 0, 0, 0, 0, 0, 153, 10, 0, 0, 0, 0, 0, 0, 0, 0, 0, 0, 0, 0, 0, 153, 153, 0, 0, 0, 0, 0, 0, 15, 3, 3, 27, 0, 0, 0, 153, 153, 0, 0, 0, 0, 0, 0, 0, 0, 0, 0, 0, 0, 0, 153, 153, 0, 0, 0, 0, 0, 0, 0, 0, 0, 0, 0, 0, 116, 153, 153, 0, 0, 0, 0, 0, 0, 15, 3, 3, 27, 0, 116, 153, 153, 153, 0, 0, 69, 81, 57, 0, 0, 0, 0, 0, 0, 153, 153, 153, 153, 0, 0, 0, 0, 0, 0, 0, 0, 0, 0, 0, 153, 153, 153, 153, 10, 105, 0, 0, 0, 129, 105, 0, 0, 0, 129, 153, 153], objects=[], opacity=0.0, draworder=), Layer(width=0, height=0, name=Object Layer 1, type=objectgroup, visible=false, x=0, y=0, data=[], objects=[com.almasb.fxgl.entity.level.tiled.TiledObject@6eb94c94, com.almasb.fxgl.entity.level.tiled.TiledObject@22e15824, com.almasb.fxgl.entity.level.tiled.TiledObject@58224fd1, com.almasb.fxgl.entity.level.tiled.TiledObject@51c4c293, com.almasb.fxgl.entity.level.tiled.TiledObject@753de9d3, com.almasb.fxgl.entity.level.tiled.TiledObject@5d35af28, com.almasb.fxgl.entity.level.tiled.TiledObject@17232f98, com.almasb.fxgl.entity.level.tiled.TiledObject@6004b7b5, com.almasb.fxgl.entity.level.tiled.TiledObject@7a6db917, com.almasb.fxgl.entity.level.tiled.TiledObject@a51159d, com.almasb.fxgl.entity.level.tiled.TiledObject@480a4a0, com.almasb.fxgl.entity.level.tiled.TiledObject@417c129a, com.almasb.fxgl.entity.level.tiled.TiledObject@56ceaea3, com.almasb.fxgl.entity.level.tiled.TiledObject@54b1b41a, com.almasb.fxgl.entity.level.tiled.TiledObject@5595bf88, com.almasb.fxgl.entity.level.tiled.TiledObject@745c8f62, com.almasb.fxgl.entity.level.tiled.TiledObject@57449cfc, com.almasb.fxgl.entity.level.tiled.TiledObject@e8ce36a, com.almasb.fxgl.entity.level.tiled.TiledObject@769d64cc], opacity=0.0, draworder=)], tilesets=[Tileset(firstgid=1, image=tiles_spritesheet.png, name=tiles_spritesheet, tilewidth=70, tileheight=70, imagewidth=914, imageheight=936, margin=0, spacing=2, columns=12, tilecount=156, transparentcolor=, tiles=[])], backgroundcolor=, renderorder=right-down, nextobjectid=20, version=1, tiledversion=1.0.1, type=map, infinite=false, hexsidelength=0, staggeraxis=, staggerindex=, properties={}, propertytypes={})
15:00:06.397 [FXGL Background Thread 2 ] DEBUG TMXLevelLoader       - Creating tile layer entities
15:00:06.402 [FXGL Background Thread 2 ] DEBUG TilesetLoader        - Loading view for layer Tile Layer 1
15:00:06.407 [FXGL Background Thread 2 ] DEBUG TilesetLoader        - Created buffer with size 1050.0x700.0
15:00:06.620 [FXGL Background Thread 2 ] DEBUG TilesetLoader        - Writing to buffer: dst=0,0, w=70,h=70, src=576,864
15:00:06.621 [FXGL Background Thread 2 ] DEBUG TilesetLoader        - Writing to buffer: dst=0,70, w=70,h=70, src=576,864
15:00:06.621 [FXGL Background Thread 2 ] DEBUG TilesetLoader        - Writing to buffer: dst=70,70, w=70,h=70, src=72,0
15:00:06.622 [FXGL Background Thread 2 ] DEBUG TilesetLoader        - Writing to buffer: dst=280,70, w=70,h=70, src=576,360
15:00:06.622 [FXGL Background Thread 2 ] DEBUG TilesetLoader        - Writing to buffer: dst=350,70, w=70,h=70, src=576,288
15:00:06.622 [FXGL Background Thread 2 ] DEBUG TilesetLoader        - Writing to buffer: dst=420,70, w=70,h=70, src=576,216
15:00:06.623 [FXGL Background Thread 2 ] DEBUG TilesetLoader        - Writing to buffer: dst=0,140, w=70,h=70, src=576,864
15:00:06.623 [FXGL Background Thread 2 ] DEBUG TilesetLoader        - Writing to buffer: dst=70,140, w=70,h=70, src=648,0
15:00:06.624 [FXGL Background Thread 2 ] DEBUG TilesetLoader        - Writing to buffer: dst=0,210, w=70,h=70, src=576,864
15:00:06.624 [FXGL Background Thread 2 ] DEBUG TilesetLoader        - Writing to buffer: dst=70,210, w=70,h=70, src=576,864
15:00:06.626 [FXGL Background Thread 2 ] DEBUG TilesetLoader        - Writing to buffer: dst=560,210, w=70,h=70, src=144,72
15:00:06.626 [FXGL Background Thread 2 ] DEBUG TilesetLoader        - Writing to buffer: dst=630,210, w=70,h=70, src=144,0
15:00:06.627 [FXGL Background Thread 2 ] DEBUG TilesetLoader        - Writing to buffer: dst=700,210, w=70,h=70, src=144,0
15:00:06.627 [FXGL Background Thread 2 ] DEBUG TilesetLoader        - Writing to buffer: dst=770,210, w=70,h=70, src=144,144
15:00:06.628 [FXGL Background Thread 2 ] DEBUG TilesetLoader        - Writing to buffer: dst=0,280, w=70,h=70, src=576,864
15:00:06.630 [FXGL Background Thread 2 ] DEBUG TilesetLoader        - Writing to buffer: dst=70,280, w=70,h=70, src=576,864
15:00:06.631 [FXGL Background Thread 2 ] DEBUG TilesetLoader        - Writing to buffer: dst=0,350, w=70,h=70, src=576,864
15:00:06.631 [FXGL Background Thread 2 ] DEBUG TilesetLoader        - Writing to buffer: dst=70,350, w=70,h=70, src=576,864
15:00:06.632 [FXGL Background Thread 2 ] DEBUG TilesetLoader        - Writing to buffer: dst=980,350, w=70,h=70, src=504,648
15:00:06.632 [FXGL Background Thread 2 ] DEBUG TilesetLoader        - Writing to buffer: dst=0,420, w=70,h=70, src=576,864
15:00:06.633 [FXGL Background Thread 2 ] DEBUG TilesetLoader        - Writing to buffer: dst=70,420, w=70,h=70, src=576,864
15:00:06.633 [FXGL Background Thread 2 ] DEBUG TilesetLoader        - Writing to buffer: dst=560,420, w=70,h=70, src=144,72
15:00:06.634 [FXGL Background Thread 2 ] DEBUG TilesetLoader        - Writing to buffer: dst=630,420, w=70,h=70, src=144,0
15:00:06.634 [FXGL Background Thread 2 ] DEBUG TilesetLoader        - Writing to buffer: dst=700,420, w=70,h=70, src=144,0
15:00:06.635 [FXGL Background Thread 2 ] DEBUG TilesetLoader        - Writing to buffer: dst=770,420, w=70,h=70, src=144,144
15:00:06.635 [FXGL Background Thread 2 ] DEBUG TilesetLoader        - Writing to buffer: dst=910,420, w=70,h=70, src=504,648
15:00:06.651 [FXGL Background Thread 2 ] DEBUG TilesetLoader        - Writing to buffer: dst=980,420, w=70,h=70, src=576,864
15:00:06.651 [FXGL Background Thread 2 ] DEBUG TilesetLoader        - Writing to buffer: dst=0,490, w=70,h=70, src=576,864
15:00:06.652 [FXGL Background Thread 2 ] DEBUG TilesetLoader        - Writing to buffer: dst=70,490, w=70,h=70, src=576,864
15:00:06.652 [FXGL Background Thread 2 ] DEBUG TilesetLoader        - Writing to buffer: dst=280,490, w=70,h=70, src=576,360
15:00:06.653 [FXGL Background Thread 2 ] DEBUG TilesetLoader        - Writing to buffer: dst=350,490, w=70,h=70, src=576,432
15:00:06.653 [FXGL Background Thread 2 ] DEBUG TilesetLoader        - Writing to buffer: dst=420,490, w=70,h=70, src=576,288
15:00:06.654 [FXGL Background Thread 2 ] DEBUG TilesetLoader        - Writing to buffer: dst=910,490, w=70,h=70, src=576,864
15:00:06.654 [FXGL Background Thread 2 ] DEBUG TilesetLoader        - Writing to buffer: dst=980,490, w=70,h=70, src=576,864
15:00:06.654 [FXGL Background Thread 2 ] DEBUG TilesetLoader        - Writing to buffer: dst=0,560, w=70,h=70, src=576,864
15:00:06.655 [FXGL Background Thread 2 ] DEBUG TilesetLoader        - Writing to buffer: dst=70,560, w=70,h=70, src=576,864
15:00:06.655 [FXGL Background Thread 2 ] DEBUG TilesetLoader        - Writing to buffer: dst=910,560, w=70,h=70, src=576,864
15:00:06.656 [FXGL Background Thread 2 ] DEBUG TilesetLoader        - Writing to buffer: dst=980,560, w=70,h=70, src=576,864
15:00:06.657 [FXGL Background Thread 2 ] DEBUG TilesetLoader        - Writing to buffer: dst=0,630, w=70,h=70, src=576,864
15:00:06.657 [FXGL Background Thread 2 ] DEBUG TilesetLoader        - Writing to buffer: dst=70,630, w=70,h=70, src=576,864
15:00:06.658 [FXGL Background Thread 2 ] DEBUG TilesetLoader        - Writing to buffer: dst=140,630, w=70,h=70, src=648,0
15:00:06.658 [FXGL Background Thread 2 ] DEBUG TilesetLoader        - Writing to buffer: dst=210,630, w=70,h=70, src=576,576
15:00:06.659 [FXGL Background Thread 2 ] DEBUG TilesetLoader        - Writing to buffer: dst=490,630, w=70,h=70, src=576,720
15:00:06.659 [FXGL Background Thread 2 ] DEBUG TilesetLoader        - Writing to buffer: dst=560,630, w=70,h=70, src=576,576
15:00:06.660 [FXGL Background Thread 2 ] DEBUG TilesetLoader        - Writing to buffer: dst=840,630, w=70,h=70, src=576,720
15:00:06.660 [FXGL Background Thread 2 ] DEBUG TilesetLoader        - Writing to buffer: dst=910,630, w=70,h=70, src=576,864
15:00:06.661 [FXGL Background Thread 2 ] DEBUG TilesetLoader        - Writing to buffer: dst=980,630, w=70,h=70, src=576,864
15:00:06.664 [FXGL Background Thread 2 ] DEBUG TMXLevelLoader       - Creating object layer entities
15:00:06.771 [FXGL Background Thread 2 ] DEBUG FXGLAssetLoaderServi - Loading from file system: file:/C:/Users/jfran/OneDrive%20-%20Hogeschool%20Leiden/IPOSE-Maven/target/classes/assets/textures/star.png
15:00:06.808 [FXGL Background Thread 2 ] DEBUG GameWorld            - Clearing removable entities
15:00:06.809 [FXGL Background Thread 2 ] DEBUG GameWorld            - Setting level: com.almasb.fxgl.entity.level.Level@79df9cde
15:00:06.853 [FXGL Background Thread 2 ] DEBUG FXGLAssetLoaderServi - Loading from file system: file:/C:/Users/jfran/OneDrive%20-%20Hogeschool%20Leiden/IPOSE-Maven/target/classes/assets/textures/girl.png
15:00:06.883 [FXGL Background Thread 2 ] INFO  FXGLApplication      - Game initialization took: 0,662 sec
15:00:06.885 [JavaFX Application Thread] DEBUG Input                - Clearing active input actions
15:00:06.905 [JavaFX Application Thread] DEBUG GameApplicationServi - Removing overlay from FXGLLoadingScene and adding to GameScene
15:00:06.906 [JavaFX Application Thread] DEBUG PrimaryStageWindow   - FXGLLoadingScene -> GameScene
15:00:07.462 [FXGL Background Thread 3 ] DEBUG Engine               - Logging environment variables
15:00:07.466 [FXGL Background Thread 3 ] DEBUG Engine               - achievements: []
15:00:07.468 [FXGL Background Thread 3 ] DEBUG Engine               - actualHeight: 700.0
15:00:07.468 [FXGL Background Thread 3 ] DEBUG Engine               - actualHeightProperty: ReadOnlyDoubleProperty [value: 700.0]
15:00:07.469 [FXGL Background Thread 3 ] DEBUG Engine               - actualWidth: 1050.0
15:00:07.469 [FXGL Background Thread 3 ] DEBUG Engine               - actualWidthProperty: ReadOnlyDoubleProperty [value: 1050.0]
15:00:07.470 [FXGL Background Thread 3 ] DEBUG Engine               - appIcon: fxgl_icon.png
15:00:07.470 [FXGL Background Thread 3 ] DEBUG Engine               - applicationMode: DEVELOPER
15:00:07.470 [FXGL Background Thread 3 ] DEBUG Engine               - cSSList: [fxgl_dark.css]
15:00:07.471 [FXGL Background Thread 3 ] DEBUG Engine               - collisionDetectionStrategy: BRUTE_FORCE
15:00:07.471 [FXGL Background Thread 3 ] DEBUG Engine               - configClass: Optional.empty
15:00:07.472 [FXGL Background Thread 3 ] DEBUG Engine               - credits: []
15:00:07.473 [FXGL Background Thread 3 ] DEBUG Engine               - devBBoxColorProperty: ObjectProperty [value: 0xff0000ff]
15:00:07.473 [FXGL Background Thread 3 ] DEBUG Engine               - devEnableDebugCameraProperty: BooleanProperty [value: false]
15:00:07.474 [FXGL Background Thread 3 ] DEBUG Engine               - devSensorColorProperty: ObjectProperty [value: 0xffff00ff]
15:00:07.475 [FXGL Background Thread 3 ] DEBUG Engine               - devShowBBoxProperty: BooleanProperty [value: false]
15:00:07.475 [FXGL Background Thread 3 ] DEBUG Engine               - devShowPositionProperty: BooleanProperty [value: false]
15:00:07.476 [FXGL Background Thread 3 ] DEBUG Engine               - enabledMenuItems: []
15:00:07.476 [FXGL Background Thread 3 ] DEBUG Engine               - engineServices: [class com.almasb.fxgl.app.services.FXGLAssetLoaderService, class com.almasb.fxgl.app.FXGLApplication$GameApplicationService, class com.almasb.fxgl.app.services.FXGLDialogService, class com.almasb.fxgl.app.services.IOTaskExecutorService, class com.almasb.fxgl.event.EventBusService, class com.almasb.fxgl.io.FileSystemService, class com.almasb.fxgl.localization.LocalizationService, class com.almasb.fxgl.app.services.SystemBundleService, class com.almasb.fxgl.profile.SaveLoadService, class com.almasb.fxgl.ui.FXGLUIFactoryServiceProvider, class com.almasb.fxgl.ui.FXGLDialogFactoryServiceProvider, class com.almasb.fxgl.audio.AudioPlayer, class com.almasb.fxgl.notification.impl.NotificationServiceProvider, class com.almasb.fxgl.achievement.AchievementService, class com.almasb.fxgl.cutscene.CutsceneService, class com.almasb.fxgl.minigames.MiniGameService, class com.almasb.fxgl.net.NetService, class com.almasb.fxgl.app.services.UpdaterService, class com.almasb.fxgl.dev.DevService]
15:00:07.477 [FXGL Background Thread 3 ] DEBUG Engine               - fontGame: Abel-Regular.ttf
15:00:07.477 [FXGL Background Thread 3 ] DEBUG Engine               - fontMono: lucida_console.ttf
15:00:07.477 [FXGL Background Thread 3 ] DEBUG Engine               - fontText: Courier-Prime.ttf
15:00:07.478 [FXGL Background Thread 3 ] DEBUG Engine               - fontUI: VarelaRound-Regular.ttf
15:00:07.478 [FXGL Background Thread 3 ] DEBUG Engine               - fullScreen: BooleanProperty [value: false]
15:00:07.479 [FXGL Background Thread 3 ] DEBUG Engine               - gameDifficulty: MEDIUM
15:00:07.479 [FXGL Background Thread 3 ] DEBUG Engine               - gameDifficultyProperty: ObjectProperty [value: MEDIUM]
15:00:07.481 [FXGL Background Thread 3 ] DEBUG Engine               - globalMusicVolume: 0.5
15:00:07.484 [FXGL Background Thread 3 ] DEBUG Engine               - globalMusicVolumeProperty: DoubleProperty [value: 0.5]
15:00:07.485 [FXGL Background Thread 3 ] DEBUG Engine               - globalSoundVolume: 0.5
15:00:07.489 [FXGL Background Thread 3 ] DEBUG Engine               - globalSoundVolumeProperty: DoubleProperty [value: 0.5]
15:00:07.489 [FXGL Background Thread 3 ] DEBUG Engine               - height: 700
15:00:07.490 [FXGL Background Thread 3 ] DEBUG Engine               - isAndroid: false
15:00:07.490 [FXGL Background Thread 3 ] DEBUG Engine               - isBrowser: false
15:00:07.490 [FXGL Background Thread 3 ] DEBUG Engine               - isClickFeedbackEnabled: false
15:00:07.491 [FXGL Background Thread 3 ] DEBUG Engine               - isCloseConfirmation: false
15:00:07.491 [FXGL Background Thread 3 ] DEBUG Engine               - isDesktop: true
15:00:07.492 [FXGL Background Thread 3 ] DEBUG Engine               - isDeveloperMenuEnabled: false
15:00:07.492 [FXGL Background Thread 3 ] DEBUG Engine               - isEntityPreloadEnabled: true
15:00:07.492 [FXGL Background Thread 3 ] DEBUG Engine               - isExperimental3D: false
15:00:07.493 [FXGL Background Thread 3 ] DEBUG Engine               - isExperimentalNative: false
15:00:07.493 [FXGL Background Thread 3 ] DEBUG Engine               - isExperimentalTiledLargeMap: false
15:00:07.493 [FXGL Background Thread 3 ] DEBUG Engine               - isFileSystemWriteAllowed: true
15:00:07.494 [FXGL Background Thread 3 ] DEBUG Engine               - isFullScreenAllowed: false
15:00:07.494 [FXGL Background Thread 3 ] DEBUG Engine               - isFullScreenFromStart: false
15:00:07.502 [FXGL Background Thread 3 ] DEBUG Engine               - isGameMenuEnabled: true
15:00:07.503 [FXGL Background Thread 3 ] DEBUG Engine               - isIOS: false
15:00:07.503 [FXGL Background Thread 3 ] DEBUG Engine               - isIntroEnabled: false
15:00:07.504 [FXGL Background Thread 3 ] DEBUG Engine               - isLinux: false
15:00:07.504 [FXGL Background Thread 3 ] DEBUG Engine               - isMac: false
15:00:07.504 [FXGL Background Thread 3 ] DEBUG Engine               - isMainMenuEnabled: true
15:00:07.505 [FXGL Background Thread 3 ] DEBUG Engine               - isManualResizeEnabled: false
15:00:07.505 [FXGL Background Thread 3 ] DEBUG Engine               - isMobile: false
15:00:07.505 [FXGL Background Thread 3 ] DEBUG Engine               - isPreserveResizeRatio: false
15:00:07.506 [FXGL Background Thread 3 ] DEBUG Engine               - isProfilingEnabled: false
15:00:07.506 [FXGL Background Thread 3 ] DEBUG Engine               - isScaleAffectedOnResize: true
15:00:07.506 [FXGL Background Thread 3 ] DEBUG Engine               - isSingleStep: false
15:00:07.506 [FXGL Background Thread 3 ] DEBUG Engine               - isUserProfileEnabled: false
15:00:07.507 [FXGL Background Thread 3 ] DEBUG Engine               - isWindows: true
15:00:07.507 [FXGL Background Thread 3 ] DEBUG Engine               - language: ObjectProperty [value: ENGLISH]
15:00:07.508 [FXGL Background Thread 3 ] DEBUG Engine               - menuKey: ESCAPE
15:00:07.508 [FXGL Background Thread 3 ] DEBUG Engine               - notificationViewClass: class com.almasb.fxgl.notification.view.XboxNotificationView
15:00:07.508 [FXGL Background Thread 3 ] DEBUG Engine               - pixelsPerMeter: 50.0
15:00:07.509 [FXGL Background Thread 3 ] DEBUG Engine               - platform: WINDOWS
15:00:07.509 [FXGL Background Thread 3 ] DEBUG Engine               - prefHeightProperty: ReadOnlyDoubleProperty [value: 700.0]
15:00:07.510 [FXGL Background Thread 3 ] DEBUG Engine               - prefWidthProperty: ReadOnlyDoubleProperty [value: 1050.0]
15:00:07.510 [FXGL Background Thread 3 ] DEBUG Engine               - profileDir: profiles/
15:00:07.510 [FXGL Background Thread 3 ] DEBUG Engine               - profileName: StringProperty [value: DEFAULT]
15:00:07.511 [FXGL Background Thread 3 ] DEBUG Engine               - randomSeed: -1
15:00:07.511 [FXGL Background Thread 3 ] DEBUG Engine               - runtimeInfo: RuntimeInfo(platform=WINDOWS, version=11.14, build=01.03.2021 16.59)
15:00:07.511 [FXGL Background Thread 3 ] DEBUG Engine               - saveFileExt: sav
15:00:07.514 [FXGL Background Thread 3 ] DEBUG Engine               - scaledHeightProp$fxgl: DoubleProperty [bound, value: 700.0]
15:00:07.516 [FXGL Background Thread 3 ] DEBUG Engine               - scaledWidthProp$fxgl: DoubleProperty [bound, value: 1050.0]
15:00:07.518 [FXGL Background Thread 3 ] DEBUG Engine               - sceneFactory: com.almasb.fxgl.app.scene.SceneFactory@6a1b4786
15:00:07.518 [FXGL Background Thread 3 ] DEBUG Engine               - secondsIn24h: 60
15:00:07.519 [FXGL Background Thread 3 ] DEBUG Engine               - soundMenuBack: menu/back.wav
15:00:07.519 [FXGL Background Thread 3 ] DEBUG Engine               - soundMenuPress: menu/press.wav
15:00:07.520 [FXGL Background Thread 3 ] DEBUG Engine               - soundMenuSelect: menu/select.wav
15:00:07.520 [FXGL Background Thread 3 ] DEBUG Engine               - soundNotification: core/notification.wav
15:00:07.520 [FXGL Background Thread 3 ] DEBUG Engine               - stageStyle: DECORATED
15:00:07.520 [FXGL Background Thread 3 ] DEBUG Engine               - supportedLanguages: [ENGLISH, FRENCH, GERMAN, HUNGARIAN, RUSSIAN]
15:00:07.521 [FXGL Background Thread 3 ] DEBUG Engine               - ticksPerSecond: -1
15:00:07.521 [FXGL Background Thread 3 ] DEBUG Engine               - title: Demo game
15:00:07.521 [FXGL Background Thread 3 ] DEBUG Engine               - urlGithub: https://github.com/AlmasB/FXGL
15:00:07.521 [FXGL Background Thread 3 ] DEBUG Engine               - urlLeaderboard: http://fxgl-top.herokuapp.com/
15:00:07.522 [FXGL Background Thread 3 ] DEBUG Engine               - urlPOM: https://raw.githubusercontent.com/AlmasB/FXGL/release/README.md
15:00:07.522 [FXGL Background Thread 3 ] DEBUG Engine               - userAppClass: class Game
15:00:07.522 [FXGL Background Thread 3 ] DEBUG Engine               - version: 1.2
15:00:07.522 [FXGL Background Thread 3 ] DEBUG Engine               - versionCheckDays: 7
15:00:07.523 [FXGL Background Thread 3 ] DEBUG Engine               - width: 1050
15:00:07.523 [FXGL Background Thread 3 ] DEBUG Engine               - Logging services
15:00:07.523 [FXGL Background Thread 3 ] DEBUG Engine               - class com.almasb.fxgl.app.services.FXGLAssetLoaderService
15:00:07.535 [FXGL Background Thread 3 ] DEBUG Engine               - class com.almasb.fxgl.app.FXGLApplication$GameApplicationService
15:00:07.536 [FXGL Background Thread 3 ] DEBUG Engine               - class com.almasb.fxgl.app.services.FXGLDialogService
15:00:07.536 [FXGL Background Thread 3 ] DEBUG Engine               - class com.almasb.fxgl.app.services.IOTaskExecutorService
15:00:07.537 [FXGL Background Thread 3 ] DEBUG Engine               - class com.almasb.fxgl.event.EventBusService
15:00:07.537 [FXGL Background Thread 3 ] DEBUG Engine               - class com.almasb.fxgl.io.FileSystemService
15:00:07.538 [FXGL Background Thread 3 ] DEBUG Engine               - class com.almasb.fxgl.localization.LocalizationService
15:00:07.538 [FXGL Background Thread 3 ] DEBUG Engine               - class com.almasb.fxgl.app.services.SystemBundleService
15:00:07.538 [FXGL Background Thread 3 ] DEBUG Engine               - class com.almasb.fxgl.profile.SaveLoadService
15:00:07.538 [FXGL Background Thread 3 ] DEBUG Engine               - class com.almasb.fxgl.ui.FXGLUIFactoryServiceProvider
15:00:07.539 [FXGL Background Thread 3 ] DEBUG Engine               - class com.almasb.fxgl.ui.FXGLDialogFactoryServiceProvider
15:00:07.539 [FXGL Background Thread 3 ] DEBUG Engine               - class com.almasb.fxgl.audio.AudioPlayer
15:00:07.539 [FXGL Background Thread 3 ] DEBUG Engine               - class com.almasb.fxgl.notification.impl.NotificationServiceProvider
15:00:07.540 [FXGL Background Thread 3 ] DEBUG Engine               - class com.almasb.fxgl.achievement.AchievementService
15:00:07.540 [FXGL Background Thread 3 ] DEBUG Engine               - class com.almasb.fxgl.cutscene.CutsceneService
15:00:07.540 [FXGL Background Thread 3 ] DEBUG Engine               - class com.almasb.fxgl.minigames.MiniGameService
15:00:07.541 [FXGL Background Thread 3 ] DEBUG Engine               - class com.almasb.fxgl.net.NetService
15:00:07.541 [FXGL Background Thread 3 ] DEBUG Engine               - class com.almasb.fxgl.app.services.UpdaterService
15:00:07.541 [FXGL Background Thread 3 ] DEBUG Engine               - class com.almasb.fxgl.dev.DevService
15:00:13.155 [JavaFX Application Thread] DEBUG FXGLApplication      - Exiting FXGL
15:00:13.156 [JavaFX Application Thread] DEBUG LoopRunner           - Stopping loop
15:00:13.156 [JavaFX Application Thread] DEBUG SystemBundleService  - Saving FXGL system data
15:00:13.161 [JavaFX Application Thread] DEBUG FileSystemAccess     - Writing to: C:\Users\jfran\OneDrive - Hogeschool Leiden\IPOSE-Maven\system\fxgl.bundle
15:00:13.165 [JavaFX Application Thread] DEBUG Async                - Shutting down background threads
15:00:13.166 [JavaFX Application Thread] DEBUG PrimaryStageWindow   - Closing main window
15:00:13.203 [JavaFX Application Thread] DEBUG Logger               - Closing Logger
