14:38:15.072 [main                     ] DEBUG Logger               - Configured Logger
14:38:15.088 [main                     ] DEBUG GameApplication      - Logging settings
Title: A Way Out
Version: 1.2
Width: 1050
Height: 640
Fullscreen: false
Intro: false
Profiling: false
Single step:false
App Mode: DEVELOPER
Menu Key: ESCAPE
Stage Style: DECORATED
Scene Factory: class com.almasb.fxgl.app.scene.SceneFactory

14:38:15.488 [JavaFX Application Thread] DEBUG FXGLApplication      - Initializing FXGL
14:38:15.490 [JavaFX Application Thread] INFO  Engine               - FXGL-11.14 (01.03.2021 16.59) on WINDOWS (J:15.0.2 FX:15)
14:38:15.491 [JavaFX Application Thread] DEBUG Engine               - JRE Vendor Name: Amazon.com Inc.
14:38:15.491 [JavaFX Application Thread] DEBUG Engine               - Running on OS: Windows 10 version 10.0
14:38:15.491 [JavaFX Application Thread] DEBUG Engine               - Architecture: amd64
14:38:15.492 [JavaFX Application Thread] INFO  Engine               - Source code and latest versions at: https://github.com/AlmasB/FXGL
14:38:15.492 [JavaFX Application Thread] INFO  Engine               -              Join the FXGL chat at: https://gitter.im/AlmasB/FXGL
14:38:15.617 [JavaFX Application Thread] DEBUG PrimaryStageWindow   - Creating a JavaFX scene
14:38:15.681 [JavaFX Application Thread] DEBUG PrimaryStageWindow   - Target settings size: 1050.0 x 640.0
14:38:15.682 [JavaFX Application Thread] DEBUG PrimaryStageWindow   - Scaled scene size:    1050.0 x 640.0
14:38:15.682 [JavaFX Application Thread] DEBUG PrimaryStageWindow   - Scaled ratio: (1.0, 1.0)
14:38:15.684 [JavaFX Application Thread] DEBUG PrimaryStageWindow   - Set initial scene to FXGLStartupScene
14:38:15.691 [JavaFX Application Thread] DEBUG PrimaryStageWindow   - Opening main window
14:38:15.789 [JavaFX Application Thread] DEBUG PrimaryStageWindow   - Window border size: (14.6666259765625, 37.33331298828125)
14:38:15.789 [JavaFX Application Thread] DEBUG PrimaryStageWindow   - Scaled size: 1050.0 x 640.0
14:38:15.790 [JavaFX Application Thread] DEBUG PrimaryStageWindow   - Scaled ratio: (1.0, 1.0)
14:38:15.790 [JavaFX Application Thread] DEBUG PrimaryStageWindow   - Scene size: 1050.0 x 640.0
14:38:15.790 [JavaFX Application Thread] DEBUG PrimaryStageWindow   - Stage size: 1064.6666259765625 x 677.3333129882812
14:38:15.802 [FXGL Background Thread 1 ] DEBUG Engine               - Initializing environment variables
14:38:15.856 [FXGL Background Thread 1 ] DEBUG FXGLAssetLoaderServi - User app class for loading assets: class Game
14:38:15.857 [FXGL Background Thread 1 ] DEBUG GameApplicationServi - Applying CSS: fxgl_dark.css
14:38:15.859 [FXGL Background Thread 1 ] DEBUG FXGLAssetLoaderServi - Loading from file system: jar:file:/C:/Users/plane/.m2/repository/com/github/almasb/fxgl/11.14/fxgl-11.14.jar!/fxglassets/ui/css/fxgl_dark.css
14:38:15.931 [FXGL Background Thread 1 ] DEBUG GameApplicationServi - Initializing application scenes
14:38:16.005 [FXGL Background Thread 1 ] DEBUG GameWorld            - Game world initialized
14:38:16.079 [FXGL Background Thread 1 ] DEBUG PhysicsWorld         - Physics world initialized: appHeight=640, physics.ppm=50,0
14:38:16.079 [FXGL Background Thread 1 ] DEBUG PhysicsWorld         - Using strategy: BRUTE_FORCE
14:38:16.082 [FXGL Background Thread 1 ] DEBUG GameScene            - Game scene initialized: 1050x640
14:38:16.127 [FXGL Background Thread 1 ] DEBUG FXGLAssetLoaderServi - Loading from file system: jar:file:/C:/Users/plane/.m2/repository/com/github/almasb/fxgl/11.14/fxgl-11.14.jar!/fxglassets/textures/particles/trace_horizontal.png
14:38:16.182 [FXGL Background Thread 1 ] DEBUG FXGL.DefaultMenu     - createMenuBodyMainMenu()
14:38:16.195 [FXGL Background Thread 1 ] DEBUG FXGL.DefaultMenu     - createOptionsMenu()
14:38:16.200 [FXGL Background Thread 1 ] DEBUG FXGLAssetLoaderServi - Loading from file system: jar:file:/C:/Users/plane/.m2/repository/com/github/almasb/fxgl/11.14/fxgl-11.14.jar!/fxglassets/textures/particles/smoke.png
14:38:16.263 [FXGL Background Thread 1 ] DEBUG FXGL.DefaultMenu     - createMenuBodyGameMenu()
14:38:16.264 [FXGL Background Thread 1 ] DEBUG FXGL.DefaultMenu     - createOptionsMenu()
14:38:16.277 [FXGL Background Thread 1 ] DEBUG GameApplicationServi - Application scenes initialized
14:38:16.285 [FXGL Background Thread 1 ] DEBUG SystemBundleService  - Loading FXGL system data
14:38:16.289 [FXGL Background Thread 1 ] DEBUG FileSystemAccess     - Reading from: C:\Users\plane\IdeaProjects\IPOSE-Maven\system\fxgl.bundle
14:38:16.294 [FXGL Background Thread 1 ] DEBUG SystemBundleService  - Bundle FXGL: {}
14:38:16.295 [FXGL Background Thread 1 ] DEBUG UpdaterService       - Checking for updates
14:38:16.299 [FXGL Background Thread 4 ] DEBUG FXGLApplication      - Loading fonts
14:38:16.299 [FXGL Background Thread 4 ] DEBUG FXGLAssetLoaderServi - Loading from file system: jar:file:/C:/Users/plane/.m2/repository/com/github/almasb/fxgl/11.14/fxgl-11.14.jar!/fxglassets/ui/fonts/VarelaRound-Regular.ttf
14:38:16.299 [FXGL Background Thread 1 ] DEBUG FXGLApplication      - Loading default localization
14:38:16.300 [FXGL Background Thread 1 ] DEBUG FXGLAssetLoaderServi - Loading from file system: jar:file:/C:/Users/plane/.m2/repository/com/github/almasb/fxgl/11.14/fxgl-11.14.jar!/fxglassets/languages/english.lang
14:38:16.320 [FXGL Background Thread 1 ] INFO  FXGLApplication      - FXGL initialization took: 0,518 sec
14:38:16.333 [JavaFX Application Thread] DEBUG Input                - Registered new binding: Left - A
14:38:16.333 [JavaFX Application Thread] DEBUG Input                - Registered new binding: Right - D
14:38:16.334 [JavaFX Application Thread] DEBUG Input                - Registered new binding: Jump - W
14:38:16.335 [JavaFX Application Thread] DEBUG FXGLAssetLoaderServi - Loading from file system: jar:file:/C:/Users/plane/.m2/repository/com/github/almasb/fxgl/11.14/fxgl-11.14.jar!/fxglassets/textures/fxgl_icon.png
14:38:16.369 [JavaFX Application Thread] DEBUG FXGLAssetLoaderServi - Loading from file system: jar:file:/C:/Users/plane/.m2/repository/com/github/almasb/fxgl/11.14/fxgl-11.14.jar!/fxglassets/ui/cursors/fxgl_default.png
14:38:16.373 [JavaFX Application Thread] DEBUG Input                - Registered new binding: Screenshot - P
14:38:16.375 [JavaFX Application Thread] DEBUG Input                - Registered new binding: System info dump - CTRL+9
14:38:16.376 [JavaFX Application Thread] DEBUG Input                - Registered new binding: Restart - CTRL+R
14:38:16.377 [JavaFX Application Thread] DEBUG Input                - Registered new binding: Toggle Debug Camera - CTRL+C
14:38:16.380 [JavaFX Application Thread] DEBUG LoopRunner           - Starting loop
14:38:16.381 [JavaFX Application Thread] DEBUG LoopRunner           - Initializing JavaFX AnimationTimerLoop
14:38:16.384 [JavaFX Application Thread] DEBUG Input                - Clearing active input actions
14:38:16.389 [FXGL Background Thread 4 ] DEBUG FXGLAssetLoaderServi - Loading from file system: jar:file:/C:/Users/plane/.m2/repository/com/github/almasb/fxgl/11.14/fxgl-11.14.jar!/fxglassets/ui/fonts/Abel-Regular.ttf
14:38:16.397 [JavaFX Application Thread] DEBUG GameApplicationServi - Removing overlay from FXGLStartupScene and adding to FXGLMainMenuDummyScene
14:38:16.397 [JavaFX Application Thread] DEBUG PrimaryStageWindow   - FXGLStartupScene -> FXGLMainMenuDummyScene
14:38:16.398 [JavaFX Application Thread] DEBUG PrimaryStageWindow   - Push state: FXGLDefaultMenu
14:38:16.402 [FXGL Background Thread 4 ] DEBUG FXGLAssetLoaderServi - Loading from file system: jar:file:/C:/Users/plane/.m2/repository/com/github/almasb/fxgl/11.14/fxgl-11.14.jar!/fxglassets/ui/fonts/lucida_console.ttf
14:38:16.405 [JavaFX Application Thread] DEBUG Input                - Clearing active input actions
14:38:16.418 [JavaFX Application Thread] DEBUG GameApplicationServi - Removing overlay from FXGLMainMenuDummyScene and adding to FXGLDefaultMenu
14:38:16.419 [JavaFX Application Thread] DEBUG PrimaryStageWindow   - FXGLMainMenuDummyScene -> FXGLDefaultMenu
14:38:16.422 [FXGL Background Thread 4 ] DEBUG FXGLAssetLoaderServi - Loading from file system: jar:file:/C:/Users/plane/.m2/repository/com/github/almasb/fxgl/11.14/fxgl-11.14.jar!/fxglassets/ui/fonts/Courier-Prime.ttf
14:38:16.533 [JavaFX Application Thread] DEBUG FXGLApplication      - Registering font factories with UI factory
14:38:16.721 [FXGL Background Thread 2 ] INFO  UpdaterService       - Your current version:  11.14
14:38:16.723 [FXGL Background Thread 2 ] INFO  UpdaterService       - Latest stable version: 17.1
14:38:17.694 [JavaFX Application Thread] DEBUG Menu                 - fireNewGame()
14:38:17.695 [JavaFX Application Thread] DEBUG GameApplicationServi - Starting new game
14:38:17.700 [JavaFX Application Thread] DEBUG PrimaryStageWindow   - Pop state: FXGLDefaultMenu
14:38:17.700 [JavaFX Application Thread] DEBUG Input                - Clearing active input actions
14:38:17.701 [JavaFX Application Thread] DEBUG GameApplicationServi - Removing overlay from FXGLDefaultMenu and adding to FXGLMainMenuDummyScene
14:38:17.702 [JavaFX Application Thread] DEBUG PrimaryStageWindow   - FXGLMainMenuDummyScene <- FXGLDefaultMenu
14:38:17.702 [JavaFX Application Thread] DEBUG Input                - Clearing active input actions
14:38:17.710 [JavaFX Application Thread] DEBUG GameApplicationServi - Removing overlay from FXGLMainMenuDummyScene and adding to FXGLLoadingScene
14:38:17.711 [JavaFX Application Thread] DEBUG PrimaryStageWindow   - FXGLMainMenuDummyScene -> FXGLLoadingScene
14:38:17.711 [JavaFX Application Thread] DEBUG GameApplicationServi - Clearing previous game
14:38:17.711 [JavaFX Application Thread] DEBUG GameScene            - Clearing game scene
14:38:17.712 [JavaFX Application Thread] DEBUG GameWorld            - Clearing game world
14:38:17.712 [JavaFX Application Thread] DEBUG PhysicsWorld         - Clearing physics world
14:38:17.714 [FXGL Background Thread 2 ] DEBUG FXGLApplication      - Initializing game
14:38:17.743 [FXGL Background Thread 2 ] DEBUG PrimaryStageWindow   - Push state: DialogSubScene
14:38:17.743 [FXGL Background Thread 2 ] DEBUG Input                - Clearing active input actions
14:38:17.744 [JavaFX Application Thread] DEBUG LoopRunner           - Stopping loop
14:38:17.747 [JavaFX Application Thread] FATAL FXGLApplication      - Uncaught Exception:
java.lang.RuntimeException: Initialization failed
	at com.almasb.fxgl.app.FXGLApplication$InitAppTask.failed(FXGLApplication.kt:376)
	at javafx.concurrent.Task.setState(Task.java:710)
	at javafx.concurrent.Task$TaskCallable.lambda$call$2(Task.java:1455)
	at com.sun.javafx.application.PlatformImpl.lambda$runLater$10(PlatformImpl.java:428)
	at java.base/java.security.AccessController.doPrivileged(AccessController.java:391)
	at com.sun.javafx.application.PlatformImpl.lambda$runLater$11(PlatformImpl.java:427)
	at com.sun.glass.ui.InvokeLaterDispatcher$Future.run(InvokeLaterDispatcher.java:96)
	at com.sun.glass.ui.win.WinApplication._runLoop(Native Method)
	at com.sun.glass.ui.win.WinApplication.lambda$runLoop$3(WinApplication.java:174)
	at java.base/java.lang.Thread.run(Thread.java:832)
Caused by: java.lang.IllegalStateException: Not on FX application thread; currentThread = FXGL Background Thread 2
	at com.sun.javafx.tk.Toolkit.checkFxUserThread(Toolkit.java:292)
	at com.sun.javafx.tk.quantum.QuantumToolkit.checkFxUserThread(QuantumToolkit.java:446)
	at javafx.scene.Parent$3.onProposedChange(Parent.java:474)
	at com.sun.javafx.collections.VetoableListDecorator.add(VetoableListDecorator.java:206)
	at com.almasb.fxgl.app.MainWindow.pushState(MainWindow.kt:151)
	at com.almasb.fxgl.app.FXGLApplication$GameApplicationService.pushSubScene(FXGLApplication.kt:722)
	at com.almasb.fxgl.app.services.FXGLDialogService.show(FXGLDialogService.kt:99)
	at com.almasb.fxgl.app.services.FXGLDialogService.show(FXGLDialogService.kt:94)
	at com.almasb.fxgl.app.services.FXGLDialogService.showInputBox(FXGLDialogService.kt:147)
	at com.almasb.fxgl.app.services.FXGLDialogService.showInputBox(FXGLDialogService.kt:138)
	at Game.createScoreboard(Game.java:182)
	at Game.nextLevel(Game.java:167)
	at Game.initGame(Game.java:52)
	at com.almasb.fxgl.app.FXGLApplication$InitAppTask.initGame(FXGLApplication.kt:372)
	at com.almasb.fxgl.app.FXGLApplication$InitAppTask.call(FXGLApplication.kt:352)
	at com.almasb.fxgl.app.FXGLApplication$InitAppTask.call(FXGLApplication.kt:344)
	at javafx.concurrent.Task$TaskCallable.call(Task.java:1425)
	at java.base/java.util.concurrent.FutureTask.run(FutureTask.java:264)
	at java.base/java.util.concurrent.Executors$RunnableAdapter.call(Executors.java:515)
	at java.base/java.util.concurrent.FutureTask.run(FutureTask.java:264)
	at java.base/java.util.concurrent.ThreadPoolExecutor.runWorker(ThreadPoolExecutor.java:1130)
	at java.base/java.util.concurrent.ThreadPoolExecutor$Worker.run(ThreadPoolExecutor.java:630)
	... 1 more

14:38:17.748 [JavaFX Application Thread] FATAL FXGLApplication      - Application will now exit
14:38:17.760 [JavaFX Application Thread] DEBUG PrimaryStageWindow   - Push state: ErrorSubScene
14:38:17.760 [JavaFX Application Thread] DEBUG Input                - Clearing active input actions
14:38:17.764 [JavaFX Application Thread] DEBUG GameApplicationServi - Removing overlay from FXGLLoadingScene and adding to ErrorSubScene
14:38:17.764 [JavaFX Application Thread] DEBUG PrimaryStageWindow   - DialogSubScene -> ErrorSubScene
14:38:19.298 [FXGL Background Thread 3 ] DEBUG Engine               - Logging environment variables
14:38:19.298 [FXGL Background Thread 3 ] DEBUG Engine               - achievements: []
14:38:19.299 [FXGL Background Thread 3 ] DEBUG Engine               - actualHeight: 640.0
14:38:19.299 [FXGL Background Thread 3 ] DEBUG Engine               - actualHeightProperty: ReadOnlyDoubleProperty [value: 640.0]
14:38:19.299 [FXGL Background Thread 3 ] DEBUG Engine               - actualWidth: 1050.0
14:38:19.299 [FXGL Background Thread 3 ] DEBUG Engine               - actualWidthProperty: ReadOnlyDoubleProperty [value: 1050.0]
14:38:19.300 [FXGL Background Thread 3 ] DEBUG Engine               - appIcon: fxgl_icon.png
14:38:19.300 [FXGL Background Thread 3 ] DEBUG Engine               - applicationMode: DEVELOPER
14:38:19.300 [FXGL Background Thread 3 ] DEBUG Engine               - cSSList: [fxgl_dark.css]
14:38:19.300 [FXGL Background Thread 3 ] DEBUG Engine               - collisionDetectionStrategy: BRUTE_FORCE
14:38:19.301 [FXGL Background Thread 3 ] DEBUG Engine               - configClass: Optional.empty
14:38:19.301 [FXGL Background Thread 3 ] DEBUG Engine               - credits: []
14:38:19.301 [FXGL Background Thread 3 ] DEBUG Engine               - devBBoxColorProperty: ObjectProperty [value: 0xff0000ff]
14:38:19.302 [FXGL Background Thread 3 ] DEBUG Engine               - devEnableDebugCameraProperty: BooleanProperty [value: false]
14:38:19.302 [FXGL Background Thread 3 ] DEBUG Engine               - devSensorColorProperty: ObjectProperty [value: 0xffff00ff]
14:38:19.302 [FXGL Background Thread 3 ] DEBUG Engine               - devShowBBoxProperty: BooleanProperty [value: false]
14:38:19.302 [FXGL Background Thread 3 ] DEBUG Engine               - devShowPositionProperty: BooleanProperty [value: false]
14:38:19.302 [FXGL Background Thread 3 ] DEBUG Engine               - enabledMenuItems: []
14:38:19.302 [FXGL Background Thread 3 ] DEBUG Engine               - engineServices: [class com.almasb.fxgl.app.services.FXGLAssetLoaderService, class com.almasb.fxgl.app.FXGLApplication$GameApplicationService, class com.almasb.fxgl.app.services.FXGLDialogService, class com.almasb.fxgl.app.services.IOTaskExecutorService, class com.almasb.fxgl.event.EventBusService, class com.almasb.fxgl.io.FileSystemService, class com.almasb.fxgl.localization.LocalizationService, class com.almasb.fxgl.app.services.SystemBundleService, class com.almasb.fxgl.profile.SaveLoadService, class com.almasb.fxgl.ui.FXGLUIFactoryServiceProvider, class com.almasb.fxgl.ui.FXGLDialogFactoryServiceProvider, class com.almasb.fxgl.audio.AudioPlayer, class com.almasb.fxgl.notification.impl.NotificationServiceProvider, class com.almasb.fxgl.achievement.AchievementService, class com.almasb.fxgl.cutscene.CutsceneService, class com.almasb.fxgl.minigames.MiniGameService, class com.almasb.fxgl.net.NetService, class com.almasb.fxgl.app.services.UpdaterService, class com.almasb.fxgl.dev.DevService]
14:38:19.303 [FXGL Background Thread 3 ] DEBUG Engine               - fontGame: Abel-Regular.ttf
14:38:19.303 [FXGL Background Thread 3 ] DEBUG Engine               - fontMono: lucida_console.ttf
14:38:19.303 [FXGL Background Thread 3 ] DEBUG Engine               - fontText: Courier-Prime.ttf
14:38:19.303 [FXGL Background Thread 3 ] DEBUG Engine               - fontUI: VarelaRound-Regular.ttf
14:38:19.304 [FXGL Background Thread 3 ] DEBUG Engine               - fullScreen: BooleanProperty [value: false]
14:38:19.304 [FXGL Background Thread 3 ] DEBUG Engine               - gameDifficulty: MEDIUM
14:38:19.304 [FXGL Background Thread 3 ] DEBUG Engine               - gameDifficultyProperty: ObjectProperty [value: MEDIUM]
14:38:19.305 [FXGL Background Thread 3 ] DEBUG Engine               - globalMusicVolume: 0.5
14:38:19.305 [FXGL Background Thread 3 ] DEBUG Engine               - globalMusicVolumeProperty: DoubleProperty [value: 0.5]
14:38:19.305 [FXGL Background Thread 3 ] DEBUG Engine               - globalSoundVolume: 0.5
14:38:19.305 [FXGL Background Thread 3 ] DEBUG Engine               - globalSoundVolumeProperty: DoubleProperty [value: 0.5]
14:38:19.306 [FXGL Background Thread 3 ] DEBUG Engine               - height: 640
14:38:19.306 [FXGL Background Thread 3 ] DEBUG Engine               - isAndroid: false
14:38:19.306 [FXGL Background Thread 3 ] DEBUG Engine               - isBrowser: false
14:38:19.306 [FXGL Background Thread 3 ] DEBUG Engine               - isClickFeedbackEnabled: false
14:38:19.307 [FXGL Background Thread 3 ] DEBUG Engine               - isCloseConfirmation: false
14:38:19.307 [FXGL Background Thread 3 ] DEBUG Engine               - isDesktop: true
14:38:19.307 [FXGL Background Thread 3 ] DEBUG Engine               - isDeveloperMenuEnabled: false
14:38:19.307 [FXGL Background Thread 3 ] DEBUG Engine               - isEntityPreloadEnabled: true
14:38:19.307 [FXGL Background Thread 3 ] DEBUG Engine               - isExperimental3D: false
14:38:19.308 [FXGL Background Thread 3 ] DEBUG Engine               - isExperimentalNative: false
14:38:19.308 [FXGL Background Thread 3 ] DEBUG Engine               - isExperimentalTiledLargeMap: false
14:38:19.308 [FXGL Background Thread 3 ] DEBUG Engine               - isFileSystemWriteAllowed: true
14:38:19.309 [FXGL Background Thread 3 ] DEBUG Engine               - isFullScreenAllowed: false
14:38:19.309 [FXGL Background Thread 3 ] DEBUG Engine               - isFullScreenFromStart: false
14:38:19.309 [FXGL Background Thread 3 ] DEBUG Engine               - isGameMenuEnabled: true
14:38:19.309 [FXGL Background Thread 3 ] DEBUG Engine               - isIOS: false
14:38:19.310 [FXGL Background Thread 3 ] DEBUG Engine               - isIntroEnabled: false
14:38:19.310 [FXGL Background Thread 3 ] DEBUG Engine               - isLinux: false
14:38:19.310 [FXGL Background Thread 3 ] DEBUG Engine               - isMac: false
14:38:19.310 [FXGL Background Thread 3 ] DEBUG Engine               - isMainMenuEnabled: true
14:38:19.310 [FXGL Background Thread 3 ] DEBUG Engine               - isManualResizeEnabled: false
14:38:19.310 [FXGL Background Thread 3 ] DEBUG Engine               - isMobile: false
14:38:19.310 [FXGL Background Thread 3 ] DEBUG Engine               - isPreserveResizeRatio: false
14:38:19.310 [FXGL Background Thread 3 ] DEBUG Engine               - isProfilingEnabled: false
14:38:19.311 [FXGL Background Thread 3 ] DEBUG Engine               - isScaleAffectedOnResize: true
14:38:19.311 [FXGL Background Thread 3 ] DEBUG Engine               - isSingleStep: false
14:38:19.311 [FXGL Background Thread 3 ] DEBUG Engine               - isUserProfileEnabled: false
14:38:19.311 [FXGL Background Thread 3 ] DEBUG Engine               - isWindows: true
14:38:19.311 [FXGL Background Thread 3 ] DEBUG Engine               - language: ObjectProperty [value: ENGLISH]
14:38:19.312 [FXGL Background Thread 3 ] DEBUG Engine               - menuKey: ESCAPE
14:38:19.312 [FXGL Background Thread 3 ] DEBUG Engine               - notificationViewClass: class com.almasb.fxgl.notification.view.XboxNotificationView
14:38:19.312 [FXGL Background Thread 3 ] DEBUG Engine               - pixelsPerMeter: 50.0
14:38:19.312 [FXGL Background Thread 3 ] DEBUG Engine               - platform: WINDOWS
14:38:19.312 [FXGL Background Thread 3 ] DEBUG Engine               - prefHeightProperty: ReadOnlyDoubleProperty [value: 640.0]
14:38:19.313 [FXGL Background Thread 3 ] DEBUG Engine               - prefWidthProperty: ReadOnlyDoubleProperty [value: 1050.0]
14:38:19.313 [FXGL Background Thread 3 ] DEBUG Engine               - profileDir: profiles/
14:38:19.313 [FXGL Background Thread 3 ] DEBUG Engine               - profileName: StringProperty [value: DEFAULT]
14:38:19.313 [FXGL Background Thread 3 ] DEBUG Engine               - randomSeed: -1
14:38:19.313 [FXGL Background Thread 3 ] DEBUG Engine               - runtimeInfo: RuntimeInfo(platform=WINDOWS, version=11.14, build=01.03.2021 16.59)
14:38:19.313 [FXGL Background Thread 3 ] DEBUG Engine               - saveFileExt: sav
14:38:19.314 [FXGL Background Thread 3 ] DEBUG Engine               - scaledHeightProp$fxgl: DoubleProperty [bound, value: 640.0]
14:38:19.314 [FXGL Background Thread 3 ] DEBUG Engine               - scaledWidthProp$fxgl: DoubleProperty [bound, value: 1050.0]
14:38:19.314 [FXGL Background Thread 3 ] DEBUG Engine               - sceneFactory: com.almasb.fxgl.app.scene.SceneFactory@3ce556d1
14:38:19.315 [FXGL Background Thread 3 ] DEBUG Engine               - secondsIn24h: 60
14:38:19.315 [FXGL Background Thread 3 ] DEBUG Engine               - soundMenuBack: menu/back.wav
14:38:19.315 [FXGL Background Thread 3 ] DEBUG Engine               - soundMenuPress: menu/press.wav
14:38:19.315 [FXGL Background Thread 3 ] DEBUG Engine               - soundMenuSelect: menu/select.wav
14:38:19.315 [FXGL Background Thread 3 ] DEBUG Engine               - soundNotification: core/notification.wav
14:38:19.315 [FXGL Background Thread 3 ] DEBUG Engine               - stageStyle: DECORATED
14:38:19.315 [FXGL Background Thread 3 ] DEBUG Engine               - supportedLanguages: [ENGLISH, FRENCH, GERMAN, HUNGARIAN, RUSSIAN]
14:38:19.315 [FXGL Background Thread 3 ] DEBUG Engine               - ticksPerSecond: -1
14:38:19.316 [FXGL Background Thread 3 ] DEBUG Engine               - title: A Way Out
14:38:19.316 [FXGL Background Thread 3 ] DEBUG Engine               - urlGithub: https://github.com/AlmasB/FXGL
14:38:19.316 [FXGL Background Thread 3 ] DEBUG Engine               - urlLeaderboard: http://fxgl-top.herokuapp.com/
14:38:19.316 [FXGL Background Thread 3 ] DEBUG Engine               - urlPOM: https://raw.githubusercontent.com/AlmasB/FXGL/release/README.md
14:38:19.316 [FXGL Background Thread 3 ] DEBUG Engine               - userAppClass: class Game
14:38:19.317 [FXGL Background Thread 3 ] DEBUG Engine               - version: 1.2
14:38:19.317 [FXGL Background Thread 3 ] DEBUG Engine               - versionCheckDays: 7
14:38:19.317 [FXGL Background Thread 3 ] DEBUG Engine               - width: 1050
14:38:19.317 [FXGL Background Thread 3 ] DEBUG Engine               - Logging services
14:38:19.317 [FXGL Background Thread 3 ] DEBUG Engine               - class com.almasb.fxgl.app.services.FXGLAssetLoaderService
14:38:19.317 [FXGL Background Thread 3 ] DEBUG Engine               - class com.almasb.fxgl.app.FXGLApplication$GameApplicationService
14:38:19.317 [FXGL Background Thread 3 ] DEBUG Engine               - class com.almasb.fxgl.app.services.FXGLDialogService
14:38:19.317 [FXGL Background Thread 3 ] DEBUG Engine               - class com.almasb.fxgl.app.services.IOTaskExecutorService
14:38:19.317 [FXGL Background Thread 3 ] DEBUG Engine               - class com.almasb.fxgl.event.EventBusService
14:38:19.318 [FXGL Background Thread 3 ] DEBUG Engine               - class com.almasb.fxgl.io.FileSystemService
14:38:19.318 [FXGL Background Thread 3 ] DEBUG Engine               - class com.almasb.fxgl.localization.LocalizationService
14:38:19.318 [FXGL Background Thread 3 ] DEBUG Engine               - class com.almasb.fxgl.app.services.SystemBundleService
14:38:19.318 [FXGL Background Thread 3 ] DEBUG Engine               - class com.almasb.fxgl.profile.SaveLoadService
14:38:19.318 [FXGL Background Thread 3 ] DEBUG Engine               - class com.almasb.fxgl.ui.FXGLUIFactoryServiceProvider
14:38:19.318 [FXGL Background Thread 3 ] DEBUG Engine               - class com.almasb.fxgl.ui.FXGLDialogFactoryServiceProvider
14:38:19.319 [FXGL Background Thread 3 ] DEBUG Engine               - class com.almasb.fxgl.audio.AudioPlayer
14:38:19.319 [FXGL Background Thread 3 ] DEBUG Engine               - class com.almasb.fxgl.notification.impl.NotificationServiceProvider
14:38:19.319 [FXGL Background Thread 3 ] DEBUG Engine               - class com.almasb.fxgl.achievement.AchievementService
14:38:19.319 [FXGL Background Thread 3 ] DEBUG Engine               - class com.almasb.fxgl.cutscene.CutsceneService
14:38:19.319 [FXGL Background Thread 3 ] DEBUG Engine               - class com.almasb.fxgl.minigames.MiniGameService
14:38:19.319 [FXGL Background Thread 3 ] DEBUG Engine               - class com.almasb.fxgl.net.NetService
14:38:19.320 [FXGL Background Thread 3 ] DEBUG Engine               - class com.almasb.fxgl.app.services.UpdaterService
14:38:19.320 [FXGL Background Thread 3 ] DEBUG Engine               - class com.almasb.fxgl.dev.DevService
14:38:21.336 [JavaFX Application Thread] DEBUG FXGLApplication      - Exiting FXGL
14:38:21.337 [JavaFX Application Thread] DEBUG Async                - Shutting down background threads
14:38:21.337 [JavaFX Application Thread] DEBUG PrimaryStageWindow   - Closing main window
14:38:21.360 [JavaFX Application Thread] DEBUG Logger               - Closing Logger
