19:49:57.260 [main                     ] DEBUG Logger               - Configured Logger
19:49:57.266 [main                     ] DEBUG GameApplication      - Logging settings
Title: Demo game
Version: 1.0
Width: 800
Height: 800
Fullscreen: false
Intro: false
Profiling: false
Single step:false
App Mode: DEVELOPER
Menu Key: ESCAPE
Stage Style: DECORATED
Scene Factory: class com.almasb.fxgl.app.scene.SceneFactory

19:49:58.542 [JavaFX Application Thread] DEBUG FXGLApplication      - Initializing FXGL
19:49:58.545 [JavaFX Application Thread] INFO  Engine               - FXGL-11.14 (01.03.2021 16.59) on WINDOWS (J:18 FX:15)
19:49:58.545 [JavaFX Application Thread] DEBUG Engine               - JRE Vendor Name: Oracle Corporation
19:49:58.545 [JavaFX Application Thread] DEBUG Engine               - Running on OS: Windows 10 version 10.0
19:49:58.545 [JavaFX Application Thread] DEBUG Engine               - Architecture: amd64
19:49:58.545 [JavaFX Application Thread] INFO  Engine               - Source code and latest versions at: https://github.com/AlmasB/FXGL
19:49:58.545 [JavaFX Application Thread] INFO  Engine               -              Join the FXGL chat at: https://gitter.im/AlmasB/FXGL
19:49:58.825 [JavaFX Application Thread] DEBUG PrimaryStageWindow   - Creating a JavaFX scene
19:49:58.939 [JavaFX Application Thread] DEBUG PrimaryStageWindow   - Target settings size: 800.0 x 800.0
19:49:58.939 [JavaFX Application Thread] DEBUG PrimaryStageWindow   - Scaled scene size:    800.0 x 800.0
19:49:58.939 [JavaFX Application Thread] DEBUG PrimaryStageWindow   - Scaled ratio: (1.0, 1.0)
19:49:58.941 [JavaFX Application Thread] DEBUG PrimaryStageWindow   - Set initial scene to FXGLStartupScene
19:49:58.952 [JavaFX Application Thread] DEBUG PrimaryStageWindow   - Opening main window
19:49:59.160 [JavaFX Application Thread] DEBUG PrimaryStageWindow   - Window border size: (14.4000244140625, 37.5999755859375)
19:49:59.161 [JavaFX Application Thread] DEBUG PrimaryStageWindow   - Scaled size: 800.0 x 800.0
19:49:59.161 [JavaFX Application Thread] DEBUG PrimaryStageWindow   - Scaled ratio: (1.0, 1.0)
19:49:59.161 [JavaFX Application Thread] DEBUG PrimaryStageWindow   - Scene size: 800.0 x 800.0
19:49:59.161 [JavaFX Application Thread] DEBUG PrimaryStageWindow   - Stage size: 814.4000244140625 x 837.5999755859375
19:49:59.263 [FXGL Background Thread 1 ] DEBUG Engine               - Initializing environment variables
19:49:59.321 [FXGL Background Thread 1 ] DEBUG FXGLAssetLoaderServi - User app class for loading assets: class Game
19:49:59.321 [FXGL Background Thread 1 ] DEBUG GameApplicationServi - Applying CSS: fxgl_dark.css
19:49:59.322 [FXGL Background Thread 1 ] DEBUG FXGLAssetLoaderServi - Loading from file system: jar:file:/C:/Users/Eigenaar/.m2/repository/com/github/almasb/fxgl/11.14/fxgl-11.14.jar!/fxglassets/ui/css/fxgl_dark.css
19:49:59.382 [FXGL Background Thread 1 ] DEBUG GameApplicationServi - Initializing application scenes
19:49:59.469 [FXGL Background Thread 1 ] DEBUG GameWorld            - Game world initialized
19:49:59.536 [FXGL Background Thread 1 ] DEBUG PhysicsWorld         - Physics world initialized: appHeight=800, physics.ppm=50,0
19:49:59.537 [FXGL Background Thread 1 ] DEBUG PhysicsWorld         - Using strategy: BRUTE_FORCE
19:49:59.544 [FXGL Background Thread 1 ] DEBUG GameScene            - Game scene initialized: 800x800
19:49:59.595 [FXGL Background Thread 1 ] DEBUG FXGLAssetLoaderServi - Loading from file system: jar:file:/C:/Users/Eigenaar/.m2/repository/com/github/almasb/fxgl/11.14/fxgl-11.14.jar!/fxglassets/textures/particles/trace_horizontal.png
19:49:59.647 [FXGL Background Thread 1 ] DEBUG FXGL.DefaultMenu     - createMenuBodyGameMenu()
19:49:59.681 [FXGL Background Thread 1 ] DEBUG FXGL.DefaultMenu     - createOptionsMenu()
19:49:59.688 [FXGL Background Thread 1 ] DEBUG FXGLAssetLoaderServi - Loading from file system: jar:file:/C:/Users/Eigenaar/.m2/repository/com/github/almasb/fxgl/11.14/fxgl-11.14.jar!/fxglassets/textures/particles/smoke.png
19:49:59.764 [FXGL Background Thread 1 ] DEBUG GameApplicationServi - Application scenes initialized
19:49:59.780 [FXGL Background Thread 1 ] DEBUG SystemBundleService  - Loading FXGL system data
19:49:59.784 [FXGL Background Thread 1 ] DEBUG FileSystemAccess     - Reading from: C:\Users\Eigenaar\OneDrive - Hogeschool Leiden\IPOSE-Maven\system\fxgl.bundle
19:49:59.819 [FXGL Background Thread 1 ] DEBUG SystemBundleService  - Bundle FXGL: {}
19:49:59.819 [FXGL Background Thread 1 ] DEBUG UpdaterService       - Checking for updates
19:49:59.826 [FXGL Background Thread 1 ] DEBUG FXGLApplication      - Loading default localization
19:49:59.827 [FXGL Background Thread 1 ] DEBUG FXGLAssetLoaderServi - Loading from file system: jar:file:/C:/Users/Eigenaar/.m2/repository/com/github/almasb/fxgl/11.14/fxgl-11.14.jar!/fxglassets/languages/english.lang
19:49:59.846 [FXGL Background Thread 1 ] INFO  FXGLApplication      - FXGL initialization took: 0,583 sec
19:49:59.856 [JavaFX Application Thread] DEBUG Input                - Registered new binding: action0 - D
19:49:59.857 [JavaFX Application Thread] DEBUG Input                - Registered new binding: action1 - A
19:49:59.857 [JavaFX Application Thread] DEBUG Input                - Registered new binding: action2 - W
19:49:59.857 [JavaFX Application Thread] DEBUG Input                - Registered new binding: action3 - S
19:49:59.858 [JavaFX Application Thread] DEBUG FXGLAssetLoaderServi - Loading from file system: jar:file:/C:/Users/Eigenaar/.m2/repository/com/github/almasb/fxgl/11.14/fxgl-11.14.jar!/fxglassets/textures/fxgl_icon.png
19:49:59.902 [FXGL Background Thread 4 ] DEBUG FXGLApplication      - Loading fonts
19:49:59.902 [FXGL Background Thread 4 ] DEBUG FXGLAssetLoaderServi - Loading from file system: jar:file:/C:/Users/Eigenaar/.m2/repository/com/github/almasb/fxgl/11.14/fxgl-11.14.jar!/fxglassets/ui/fonts/VarelaRound-Regular.ttf
19:49:59.939 [JavaFX Application Thread] DEBUG FXGLAssetLoaderServi - Loading from file system: jar:file:/C:/Users/Eigenaar/.m2/repository/com/github/almasb/fxgl/11.14/fxgl-11.14.jar!/fxglassets/ui/cursors/fxgl_default.png
19:49:59.942 [JavaFX Application Thread] DEBUG Input                - Registered new binding: Screenshot - P
19:49:59.943 [JavaFX Application Thread] DEBUG Input                - Registered new binding: System info dump - CTRL+9
19:49:59.946 [JavaFX Application Thread] DEBUG Input                - Registered new binding: Restart - CTRL+R
19:49:59.947 [JavaFX Application Thread] DEBUG Input                - Registered new binding: Toggle Debug Camera - CTRL+C
19:49:59.955 [JavaFX Application Thread] DEBUG LoopRunner           - Starting loop
19:49:59.955 [JavaFX Application Thread] DEBUG LoopRunner           - Initializing JavaFX AnimationTimerLoop
19:49:59.958 [JavaFX Application Thread] DEBUG GameApplicationServi - Starting new game
19:49:59.958 [JavaFX Application Thread] DEBUG Input                - Clearing active input actions
19:49:59.979 [JavaFX Application Thread] DEBUG GameApplicationServi - Removing overlay from FXGLStartupScene and adding to FXGLLoadingScene
19:49:59.979 [JavaFX Application Thread] DEBUG PrimaryStageWindow   - FXGLStartupScene -> FXGLLoadingScene
19:49:59.979 [JavaFX Application Thread] DEBUG GameApplicationServi - Clearing previous game
19:49:59.979 [JavaFX Application Thread] DEBUG GameScene            - Clearing game scene
19:49:59.980 [JavaFX Application Thread] DEBUG GameWorld            - Clearing game world
19:49:59.980 [JavaFX Application Thread] DEBUG PhysicsWorld         - Clearing physics world
19:49:59.982 [FXGL Background Thread 1 ] DEBUG FXGLApplication      - Initializing game
19:49:59.986 [FXGL Background Thread 1 ] DEBUG FXGLAssetLoaderServi - Loading from file system: file:/C:/Users/Eigenaar/OneDrive%20-%20Hogeschool%20Leiden/IPOSE-Maven/target/classes/assets/textures/madotsuki.png
19:49:59.987 [FXGL Background Thread 1 ] WARN  FXGLAssetLoaderServi - Failed to load file:/C:/Users/Eigenaar/OneDrive%20-%20Hogeschool%20Leiden/IPOSE-Maven/target/classes/assets/textures/madotsuki.png Error: com.sun.javafx.iio.ImageStorageException: No loader for image data
19:50:00.193 [FXGL Background Thread 1 ] INFO  FXGLApplication      - Game initialization took: 0,210 sec
19:50:00.193 [JavaFX Application Thread] DEBUG Input                - Clearing active input actions
19:50:00.238 [JavaFX Application Thread] DEBUG GameApplicationServi - Removing overlay from FXGLLoadingScene and adding to GameScene
19:50:00.238 [JavaFX Application Thread] DEBUG PrimaryStageWindow   - FXGLLoadingScene -> GameScene
19:50:00.457 [FXGL Background Thread 4 ] DEBUG FXGLAssetLoaderServi - Loading from file system: jar:file:/C:/Users/Eigenaar/.m2/repository/com/github/almasb/fxgl/11.14/fxgl-11.14.jar!/fxglassets/ui/fonts/Abel-Regular.ttf
19:50:00.466 [FXGL Background Thread 4 ] DEBUG FXGLAssetLoaderServi - Loading from file system: jar:file:/C:/Users/Eigenaar/.m2/repository/com/github/almasb/fxgl/11.14/fxgl-11.14.jar!/fxglassets/ui/fonts/lucida_console.ttf
19:50:00.480 [FXGL Background Thread 4 ] DEBUG FXGLAssetLoaderServi - Loading from file system: jar:file:/C:/Users/Eigenaar/.m2/repository/com/github/almasb/fxgl/11.14/fxgl-11.14.jar!/fxglassets/ui/fonts/Courier-Prime.ttf
19:50:00.490 [JavaFX Application Thread] DEBUG FXGLApplication      - Registering font factories with UI factory
19:50:00.674 [FXGL Background Thread 2 ] INFO  UpdaterService       - Your current version:  11.14
19:50:00.674 [FXGL Background Thread 2 ] INFO  UpdaterService       - Latest stable version: 17.1
19:50:01.675 [JavaFX Application Thread] DEBUG FXGLApplication      - Exiting FXGL
19:50:01.675 [JavaFX Application Thread] DEBUG LoopRunner           - Stopping loop
19:50:01.675 [JavaFX Application Thread] DEBUG SystemBundleService  - Saving FXGL system data
19:50:01.677 [JavaFX Application Thread] DEBUG FileSystemAccess     - Writing to: C:\Users\Eigenaar\OneDrive - Hogeschool Leiden\IPOSE-Maven\system\fxgl.bundle
19:50:01.679 [JavaFX Application Thread] DEBUG Async                - Shutting down background threads
19:50:01.680 [JavaFX Application Thread] DEBUG PrimaryStageWindow   - Closing main window
19:50:01.745 [JavaFX Application Thread] DEBUG Logger               - Closing Logger
