11:55:34.923 [main                     ] DEBUG Logger               - Configured Logger
11:55:34.934 [main                     ] DEBUG GameApplication      - Logging settings
Title: Demo game
Version: 1.0
Width: 800
Height: 800
Fullscreen: false
Intro: false
Profiling: false
Single step:false
App Mode: DEVELOPER
Menu Key: ESCAPE
Stage Style: DECORATED
Scene Factory: class com.almasb.fxgl.app.scene.SceneFactory

11:55:35.241 [JavaFX Application Thread] DEBUG FXGLApplication      - Initializing FXGL
11:55:35.242 [JavaFX Application Thread] INFO  Engine               - FXGL-11.14 (01.03.2021 16.59) on WINDOWS (J:15.0.2 FX:15)
11:55:35.243 [JavaFX Application Thread] DEBUG Engine               - JRE Vendor Name: Oracle Corporation
11:55:35.243 [JavaFX Application Thread] DEBUG Engine               - Running on OS: Windows 10 version 10.0
11:55:35.243 [JavaFX Application Thread] DEBUG Engine               - Architecture: amd64
11:55:35.243 [JavaFX Application Thread] INFO  Engine               - Source code and latest versions at: https://github.com/AlmasB/FXGL
11:55:35.243 [JavaFX Application Thread] INFO  Engine               -              Join the FXGL chat at: https://gitter.im/AlmasB/FXGL
11:55:35.329 [JavaFX Application Thread] DEBUG PrimaryStageWindow   - Creating a JavaFX scene
11:55:35.373 [JavaFX Application Thread] DEBUG PrimaryStageWindow   - Target settings size: 800.0 x 800.0
11:55:35.374 [JavaFX Application Thread] DEBUG PrimaryStageWindow   - Scaled scene size:    800.0 x 800.0
11:55:35.374 [JavaFX Application Thread] DEBUG PrimaryStageWindow   - Scaled ratio: (1.0, 1.0)
11:55:35.375 [JavaFX Application Thread] DEBUG PrimaryStageWindow   - Set initial scene to FXGLStartupScene
11:55:35.381 [JavaFX Application Thread] DEBUG PrimaryStageWindow   - Opening main window
11:55:35.446 [JavaFX Application Thread] DEBUG PrimaryStageWindow   - Window border size: (14.4000244140625, 37.5999755859375)
11:55:35.446 [JavaFX Application Thread] DEBUG PrimaryStageWindow   - Scaled size: 800.0 x 800.0
11:55:35.446 [JavaFX Application Thread] DEBUG PrimaryStageWindow   - Scaled ratio: (1.0, 1.0)
11:55:35.446 [JavaFX Application Thread] DEBUG PrimaryStageWindow   - Scene size: 800.0 x 800.0
11:55:35.447 [JavaFX Application Thread] DEBUG PrimaryStageWindow   - Stage size: 814.4000244140625 x 837.5999755859375
11:55:35.453 [FXGL Background Thread 1 ] DEBUG Engine               - Initializing environment variables
11:55:35.483 [FXGL Background Thread 1 ] DEBUG FXGLAssetLoaderServi - User app class for loading assets: class Game
11:55:35.484 [FXGL Background Thread 1 ] DEBUG GameApplicationServi - Applying CSS: fxgl_dark.css
11:55:35.485 [FXGL Background Thread 1 ] DEBUG FXGLAssetLoaderServi - Loading from file system: jar:file:/C:/Users/fayli/.m2/repository/com/github/almasb/fxgl/11.14/fxgl-11.14.jar!/fxglassets/ui/css/fxgl_dark.css
11:55:35.521 [FXGL Background Thread 1 ] DEBUG GameApplicationServi - Initializing application scenes
11:55:35.547 [FXGL Background Thread 1 ] DEBUG GameWorld            - Game world initialized
11:55:35.590 [FXGL Background Thread 1 ] DEBUG PhysicsWorld         - Physics world initialized: appHeight=800, physics.ppm=50,0
11:55:35.590 [FXGL Background Thread 1 ] DEBUG PhysicsWorld         - Using strategy: BRUTE_FORCE
11:55:35.592 [FXGL Background Thread 1 ] DEBUG GameScene            - Game scene initialized: 800x800
11:55:35.627 [FXGL Background Thread 1 ] DEBUG FXGLAssetLoaderServi - Loading from file system: jar:file:/C:/Users/fayli/.m2/repository/com/github/almasb/fxgl/11.14/fxgl-11.14.jar!/fxglassets/textures/particles/trace_horizontal.png
11:55:35.668 [FXGL Background Thread 1 ] DEBUG FXGL.DefaultMenu     - createMenuBodyGameMenu()
11:55:35.680 [FXGL Background Thread 1 ] DEBUG FXGL.DefaultMenu     - createOptionsMenu()
11:55:35.683 [FXGL Background Thread 1 ] DEBUG FXGLAssetLoaderServi - Loading from file system: jar:file:/C:/Users/fayli/.m2/repository/com/github/almasb/fxgl/11.14/fxgl-11.14.jar!/fxglassets/textures/particles/smoke.png
11:55:35.723 [FXGL Background Thread 1 ] DEBUG GameApplicationServi - Application scenes initialized
11:55:35.731 [FXGL Background Thread 1 ] DEBUG SystemBundleService  - Loading FXGL system data
11:55:35.734 [FXGL Background Thread 1 ] DEBUG FileSystemAccess     - Reading from: C:\Users\fayli\OneDrive - Hogeschool Leiden\Periode 3, Jaar 1\IOOA\Week 6\IPOSE-Maven\system\fxgl.bundle
11:55:35.739 [FXGL Background Thread 1 ] DEBUG SystemBundleService  - Bundle FXGL: {}
11:55:35.739 [FXGL Background Thread 1 ] DEBUG UpdaterService       - Checking for updates
11:55:35.743 [FXGL Background Thread 4 ] DEBUG FXGLApplication      - Loading fonts
11:55:35.744 [FXGL Background Thread 1 ] DEBUG FXGLApplication      - Loading default localization
11:55:35.744 [FXGL Background Thread 4 ] DEBUG FXGLAssetLoaderServi - Loading from file system: jar:file:/C:/Users/fayli/.m2/repository/com/github/almasb/fxgl/11.14/fxgl-11.14.jar!/fxglassets/ui/fonts/VarelaRound-Regular.ttf
11:55:35.744 [FXGL Background Thread 1 ] DEBUG FXGLAssetLoaderServi - Loading from file system: jar:file:/C:/Users/fayli/.m2/repository/com/github/almasb/fxgl/11.14/fxgl-11.14.jar!/fxglassets/languages/english.lang
11:55:35.762 [FXGL Background Thread 1 ] INFO  FXGLApplication      - FXGL initialization took: 0,308 sec
11:55:35.776 [JavaFX Application Thread] DEBUG Input                - Registered new binding: action0 - D
11:55:35.777 [JavaFX Application Thread] DEBUG Input                - Registered new binding: action1 - A
11:55:35.777 [JavaFX Application Thread] DEBUG Input                - Registered new binding: action2 - W
11:55:35.778 [JavaFX Application Thread] DEBUG Input                - Registered new binding: action3 - S
11:55:35.779 [JavaFX Application Thread] DEBUG FXGLAssetLoaderServi - Loading from file system: jar:file:/C:/Users/fayli/.m2/repository/com/github/almasb/fxgl/11.14/fxgl-11.14.jar!/fxglassets/textures/fxgl_icon.png
11:55:35.795 [JavaFX Application Thread] DEBUG FXGLAssetLoaderServi - Loading from file system: jar:file:/C:/Users/fayli/.m2/repository/com/github/almasb/fxgl/11.14/fxgl-11.14.jar!/fxglassets/ui/cursors/fxgl_default.png
11:55:35.797 [JavaFX Application Thread] DEBUG Input                - Registered new binding: Screenshot - P
11:55:35.798 [JavaFX Application Thread] DEBUG Input                - Registered new binding: System info dump - CTRL+9
11:55:35.798 [JavaFX Application Thread] DEBUG Input                - Registered new binding: Restart - CTRL+R
11:55:35.799 [JavaFX Application Thread] DEBUG Input                - Registered new binding: Toggle Debug Camera - CTRL+C
11:55:35.801 [JavaFX Application Thread] DEBUG LoopRunner           - Starting loop
11:55:35.801 [JavaFX Application Thread] DEBUG LoopRunner           - Initializing JavaFX AnimationTimerLoop
11:55:35.803 [JavaFX Application Thread] DEBUG GameApplicationServi - Starting new game
11:55:35.804 [JavaFX Application Thread] DEBUG Input                - Clearing active input actions
11:55:35.805 [FXGL Background Thread 4 ] DEBUG FXGLAssetLoaderServi - Loading from file system: jar:file:/C:/Users/fayli/.m2/repository/com/github/almasb/fxgl/11.14/fxgl-11.14.jar!/fxglassets/ui/fonts/Abel-Regular.ttf
11:55:35.809 [FXGL Background Thread 4 ] DEBUG FXGLAssetLoaderServi - Loading from file system: jar:file:/C:/Users/fayli/.m2/repository/com/github/almasb/fxgl/11.14/fxgl-11.14.jar!/fxglassets/ui/fonts/lucida_console.ttf
11:55:35.814 [FXGL Background Thread 4 ] DEBUG FXGLAssetLoaderServi - Loading from file system: jar:file:/C:/Users/fayli/.m2/repository/com/github/almasb/fxgl/11.14/fxgl-11.14.jar!/fxglassets/ui/fonts/Courier-Prime.ttf
11:55:35.815 [JavaFX Application Thread] DEBUG GameApplicationServi - Removing overlay from FXGLStartupScene and adding to FXGLLoadingScene
11:55:35.816 [JavaFX Application Thread] DEBUG PrimaryStageWindow   - FXGLStartupScene -> FXGLLoadingScene
11:55:35.816 [JavaFX Application Thread] DEBUG GameApplicationServi - Clearing previous game
11:55:35.816 [JavaFX Application Thread] DEBUG GameScene            - Clearing game scene
11:55:35.816 [JavaFX Application Thread] DEBUG GameWorld            - Clearing game world
11:55:35.816 [JavaFX Application Thread] DEBUG PhysicsWorld         - Clearing physics world
11:55:35.817 [FXGL Background Thread 1 ] DEBUG FXGLApplication      - Initializing game
11:55:35.819 [FXGL Background Thread 1 ] DEBUG FXGLAssetLoaderServi - Loading from file system: file:/C:/Users/fayli/OneDrive%20-%20Hogeschool%20Leiden/Periode%203,%20Jaar%201/IOOA/Week%206/IPOSE-Maven/target/classes/assets/textures/madotsuki.png
11:55:35.834 [FXGL Background Thread 1 ] INFO  FXGLApplication      - Game initialization took: 0,016 sec
11:55:35.847 [JavaFX Application Thread] DEBUG FXGLApplication      - Registering font factories with UI factory
11:55:35.848 [JavaFX Application Thread] DEBUG Input                - Clearing active input actions
11:55:35.862 [JavaFX Application Thread] DEBUG GameApplicationServi - Removing overlay from FXGLLoadingScene and adding to GameScene
11:55:35.862 [JavaFX Application Thread] DEBUG PrimaryStageWindow   - FXGLLoadingScene -> GameScene
11:55:36.050 [FXGL Background Thread 2 ] INFO  UpdaterService       - Your current version:  11.14
11:55:36.050 [FXGL Background Thread 2 ] INFO  UpdaterService       - Latest stable version: 17.1
11:55:37.318 [JavaFX Application Thread] DEBUG FXGLApplication      - Exiting FXGL
11:55:37.318 [JavaFX Application Thread] DEBUG LoopRunner           - Stopping loop
11:55:37.318 [JavaFX Application Thread] DEBUG SystemBundleService  - Saving FXGL system data
11:55:37.320 [JavaFX Application Thread] DEBUG FileSystemAccess     - Writing to: C:\Users\fayli\OneDrive - Hogeschool Leiden\Periode 3, Jaar 1\IOOA\Week 6\IPOSE-Maven\system\fxgl.bundle
11:55:37.321 [JavaFX Application Thread] DEBUG Async                - Shutting down background threads
11:55:37.322 [JavaFX Application Thread] DEBUG PrimaryStageWindow   - Closing main window
11:55:37.331 [JavaFX Application Thread] DEBUG Logger               - Closing Logger
