10:03:44.567 [main                     ] DEBUG Logger               - Configured Logger
10:03:44.567 [main                     ] DEBUG GameApplication      - Logging settings
Title: Demo game
Version: 1.1
Width: 1050
Height: 700
Fullscreen: false
Intro: false
Profiling: false
Single step:false
App Mode: DEVELOPER
Menu Key: ESCAPE
Stage Style: DECORATED
Scene Factory: class com.almasb.fxgl.app.scene.SceneFactory

10:03:44.895 [JavaFX Application Thread] DEBUG FXGLApplication      - Initializing FXGL
10:03:44.897 [JavaFX Application Thread] INFO  Engine               - FXGL-11.14 (01.03.2021 16.59) on WINDOWS (J:15.0.2 FX:15)
10:03:44.897 [JavaFX Application Thread] DEBUG Engine               - JRE Vendor Name: Oracle Corporation
10:03:44.897 [JavaFX Application Thread] DEBUG Engine               - Running on OS: Windows 10 version 10.0
10:03:44.897 [JavaFX Application Thread] DEBUG Engine               - Architecture: amd64
10:03:44.898 [JavaFX Application Thread] INFO  Engine               - Source code and latest versions at: https://github.com/AlmasB/FXGL
10:03:44.898 [JavaFX Application Thread] INFO  Engine               -              Join the FXGL chat at: https://gitter.im/AlmasB/FXGL
10:03:44.996 [JavaFX Application Thread] DEBUG PrimaryStageWindow   - Creating a JavaFX scene
10:03:45.037 [JavaFX Application Thread] DEBUG PrimaryStageWindow   - Target settings size: 1050.0 x 700.0
10:03:45.037 [JavaFX Application Thread] DEBUG PrimaryStageWindow   - Scaled scene size:    1050.0 x 700.0
10:03:45.037 [JavaFX Application Thread] DEBUG PrimaryStageWindow   - Scaled ratio: (1.0, 1.0)
10:03:45.038 [JavaFX Application Thread] DEBUG PrimaryStageWindow   - Set initial scene to FXGLStartupScene
10:03:45.044 [JavaFX Application Thread] DEBUG PrimaryStageWindow   - Opening main window
10:03:45.114 [JavaFX Application Thread] DEBUG PrimaryStageWindow   - Window border size: (14.800048828125, 37.5999755859375)
10:03:45.114 [JavaFX Application Thread] DEBUG PrimaryStageWindow   - Scaled size: 1050.0 x 700.0
10:03:45.114 [JavaFX Application Thread] DEBUG PrimaryStageWindow   - Scaled ratio: (1.0, 1.0)
10:03:45.114 [JavaFX Application Thread] DEBUG PrimaryStageWindow   - Scene size: 1050.0 x 700.0
10:03:45.114 [JavaFX Application Thread] DEBUG PrimaryStageWindow   - Stage size: 1064.800048828125 x 737.5999755859375
10:03:45.122 [FXGL Background Thread 1 ] DEBUG Engine               - Initializing environment variables
10:03:45.153 [FXGL Background Thread 1 ] DEBUG FXGLAssetLoaderServi - User app class for loading assets: class Game
10:03:45.153 [FXGL Background Thread 1 ] DEBUG GameApplicationServi - Applying CSS: fxgl_dark.css
10:03:45.154 [FXGL Background Thread 1 ] DEBUG FXGLAssetLoaderServi - Loading from file system: jar:file:/C:/Users/fayli/.m2/repository/com/github/almasb/fxgl/11.14/fxgl-11.14.jar!/fxglassets/ui/css/fxgl_dark.css
10:03:45.201 [FXGL Background Thread 1 ] DEBUG GameApplicationServi - Initializing application scenes
10:03:45.231 [FXGL Background Thread 1 ] DEBUG GameWorld            - Game world initialized
10:03:45.279 [FXGL Background Thread 1 ] DEBUG PhysicsWorld         - Physics world initialized: appHeight=700, physics.ppm=50,0
10:03:45.279 [FXGL Background Thread 1 ] DEBUG PhysicsWorld         - Using strategy: BRUTE_FORCE
10:03:45.281 [FXGL Background Thread 1 ] DEBUG GameScene            - Game scene initialized: 1050x700
10:03:45.309 [FXGL Background Thread 1 ] DEBUG FXGLAssetLoaderServi - Loading from file system: jar:file:/C:/Users/fayli/.m2/repository/com/github/almasb/fxgl/11.14/fxgl-11.14.jar!/fxglassets/textures/particles/trace_horizontal.png
10:03:45.349 [FXGL Background Thread 1 ] DEBUG FXGL.DefaultMenu     - createMenuBodyGameMenu()
10:03:45.361 [FXGL Background Thread 1 ] DEBUG FXGL.DefaultMenu     - createOptionsMenu()
10:03:45.366 [FXGL Background Thread 1 ] DEBUG FXGLAssetLoaderServi - Loading from file system: jar:file:/C:/Users/fayli/.m2/repository/com/github/almasb/fxgl/11.14/fxgl-11.14.jar!/fxglassets/textures/particles/smoke.png
10:03:45.412 [FXGL Background Thread 1 ] DEBUG GameApplicationServi - Application scenes initialized
10:03:45.421 [FXGL Background Thread 1 ] DEBUG SystemBundleService  - Loading FXGL system data
10:03:45.424 [FXGL Background Thread 1 ] DEBUG FileSystemAccess     - Reading from: C:\Users\fayli\OneDrive - Hogeschool Leiden\Periode 3, Jaar 1\IOOA\Week 6\IPOSE-Maven\system\fxgl.bundle
10:03:45.428 [FXGL Background Thread 1 ] DEBUG SystemBundleService  - Bundle FXGL: {}
10:03:45.428 [FXGL Background Thread 1 ] DEBUG UpdaterService       - Checking for updates
10:03:45.431 [FXGL Background Thread 4 ] DEBUG FXGLApplication      - Loading fonts
10:03:45.432 [FXGL Background Thread 1 ] DEBUG FXGLApplication      - Loading default localization
10:03:45.432 [FXGL Background Thread 4 ] DEBUG FXGLAssetLoaderServi - Loading from file system: jar:file:/C:/Users/fayli/.m2/repository/com/github/almasb/fxgl/11.14/fxgl-11.14.jar!/fxglassets/ui/fonts/VarelaRound-Regular.ttf
10:03:45.432 [FXGL Background Thread 1 ] DEBUG FXGLAssetLoaderServi - Loading from file system: jar:file:/C:/Users/fayli/.m2/repository/com/github/almasb/fxgl/11.14/fxgl-11.14.jar!/fxglassets/languages/english.lang
10:03:45.451 [FXGL Background Thread 1 ] INFO  FXGLApplication      - FXGL initialization took: 0,330 sec
10:03:45.460 [JavaFX Application Thread] DEBUG Input                - Registered new binding: Left - A
10:03:45.461 [JavaFX Application Thread] DEBUG Input                - Registered new binding: Right - D
10:03:45.461 [JavaFX Application Thread] DEBUG Input                - Registered new binding: Jump - W
10:03:45.462 [JavaFX Application Thread] DEBUG FXGLAssetLoaderServi - Loading from file system: jar:file:/C:/Users/fayli/.m2/repository/com/github/almasb/fxgl/11.14/fxgl-11.14.jar!/fxglassets/textures/fxgl_icon.png
10:03:45.486 [JavaFX Application Thread] DEBUG FXGLAssetLoaderServi - Loading from file system: jar:file:/C:/Users/fayli/.m2/repository/com/github/almasb/fxgl/11.14/fxgl-11.14.jar!/fxglassets/ui/cursors/fxgl_default.png
10:03:45.488 [JavaFX Application Thread] DEBUG Input                - Registered new binding: Screenshot - P
10:03:45.488 [JavaFX Application Thread] DEBUG Input                - Registered new binding: System info dump - CTRL+9
10:03:45.489 [FXGL Background Thread 4 ] DEBUG FXGLAssetLoaderServi - Loading from file system: jar:file:/C:/Users/fayli/.m2/repository/com/github/almasb/fxgl/11.14/fxgl-11.14.jar!/fxglassets/ui/fonts/Abel-Regular.ttf
10:03:45.489 [JavaFX Application Thread] DEBUG Input                - Registered new binding: Restart - CTRL+R
10:03:45.489 [JavaFX Application Thread] DEBUG Input                - Registered new binding: Toggle Debug Camera - CTRL+C
10:03:45.492 [JavaFX Application Thread] DEBUG LoopRunner           - Starting loop
10:03:45.492 [FXGL Background Thread 4 ] DEBUG FXGLAssetLoaderServi - Loading from file system: jar:file:/C:/Users/fayli/.m2/repository/com/github/almasb/fxgl/11.14/fxgl-11.14.jar!/fxglassets/ui/fonts/lucida_console.ttf
10:03:45.492 [JavaFX Application Thread] DEBUG LoopRunner           - Initializing JavaFX AnimationTimerLoop
10:03:45.493 [JavaFX Application Thread] DEBUG GameApplicationServi - Starting new game
10:03:45.494 [JavaFX Application Thread] DEBUG Input                - Clearing active input actions
10:03:45.497 [FXGL Background Thread 4 ] DEBUG FXGLAssetLoaderServi - Loading from file system: jar:file:/C:/Users/fayli/.m2/repository/com/github/almasb/fxgl/11.14/fxgl-11.14.jar!/fxglassets/ui/fonts/Courier-Prime.ttf
10:03:45.506 [JavaFX Application Thread] DEBUG GameApplicationServi - Removing overlay from FXGLStartupScene and adding to FXGLLoadingScene
10:03:45.506 [JavaFX Application Thread] DEBUG PrimaryStageWindow   - FXGLStartupScene -> FXGLLoadingScene
10:03:45.506 [JavaFX Application Thread] DEBUG GameApplicationServi - Clearing previous game
10:03:45.506 [JavaFX Application Thread] DEBUG GameScene            - Clearing game scene
10:03:45.507 [JavaFX Application Thread] DEBUG GameWorld            - Clearing game world
10:03:45.507 [JavaFX Application Thread] DEBUG PhysicsWorld         - Clearing physics world
10:03:45.508 [JavaFX Application Thread] DEBUG FXGLApplication      - Registering font factories with UI factory
10:03:45.508 [FXGL Background Thread 4 ] DEBUG FXGLApplication      - Initializing game
10:03:45.538 [FXGL Background Thread 4 ] WARN  TMXLevelLoader       - TiledMap generated from 1.8.4. Supported version: 1.2.3. Some features may not be parsed fully.
10:03:45.543 [FXGL Background Thread 4 ] DEBUG TMXLevelLoader       - Parsed raw map: TiledMap(width=15, height=10, tilewidth=15, tileheight=15, orientation=orthogonal, layers=[Layer(width=15, height=10, name=Tile Layer 1, type=tilelayer, visible=false, x=0, y=0, data=[59, 61, 123, 123, 123, 123, 123, 123, 123, 59, 61, 123, 123, 123, 185, 75, 77, 1, 1, 1, 0, 0, 1, 0, 75, 93, 1, 1, 1, 1, 75, 77, 1, 1, 1, 0, 0, 1, 0, 91, 93, 1, 1, 1, 1, 75, 77, 1, 1, 1, 0, 33, 34, 35, 91, 93, 7, 7, 7, 7, 75, 77, 1, 1, 1, 0, 49, 50, 51, 91, 93, 0, 0, 0, 1, 75, 77, 1, 1, 1, 0, 0, 0, 0, 91, 93, 0, 0, 0, 1, 75, 77, 7, 7, 7, 0, 0, 0, 0, 91, 93, 0, 20, 0, 1, 75, 77, 1, 1, 18, 0, 0, 0, 18, 91, 93, 0, 21, 0, 1, 107, 109, 1, 1, 19, 1, 1, 1, 19, 107, 109, 1, 22, 1, 1, 190, 190, 190, 190, 190, 190, 190, 190, 190, 190, 190, 190, 190, 190, 190], objects=[], opacity=0.0, draworder=), Layer(width=0, height=0, name=Object Layer 1, type=objectgroup, visible=false, x=0, y=0, data=[], objects=[com.almasb.fxgl.entity.level.tiled.TiledObject@2d82bcf, com.almasb.fxgl.entity.level.tiled.TiledObject@65e7bc86, com.almasb.fxgl.entity.level.tiled.TiledObject@10e645cb, com.almasb.fxgl.entity.level.tiled.TiledObject@653e2e45, com.almasb.fxgl.entity.level.tiled.TiledObject@26fbe77e, com.almasb.fxgl.entity.level.tiled.TiledObject@7ea07cab, com.almasb.fxgl.entity.level.tiled.TiledObject@5ccab6a9, com.almasb.fxgl.entity.level.tiled.TiledObject@4892f773, com.almasb.fxgl.entity.level.tiled.TiledObject@312b2908, com.almasb.fxgl.entity.level.tiled.TiledObject@4c934ea2], opacity=0.0, draworder=)], tilesets=[Tileset(firstgid=1, image=castle-tileset.png, name=castle-tileset, tilewidth=15, tileheight=15, imagewidth=256, imageheight=272, margin=0, spacing=1, columns=16, tilecount=272, transparentcolor=, tiles=[])], backgroundcolor=, renderorder=right-down, nextobjectid=22, version=1, tiledversion=1.8.4, type=map, infinite=false, hexsidelength=0, staggeraxis=, staggerindex=, properties={}, propertytypes={})
10:03:45.544 [FXGL Background Thread 4 ] DEBUG TMXLevelLoader       - Creating tile layer entities
10:03:45.545 [FXGL Background Thread 4 ] DEBUG TilesetLoader        - Loading view for layer Tile Layer 1
10:03:45.545 [FXGL Background Thread 4 ] DEBUG TilesetLoader        - Created buffer with size 225.0x150.0
10:03:45.546 [FXGL Background Thread 4 ] WARN  TilesetLoader        - castle-tileset.png cannot be loaded using mapURL=file:/C:/Users/fayli/OneDrive%20-%20Hogeschool%20Leiden/Periode%203,%20Jaar%201/IOOA/Week%206/IPOSE-Maven/target/classes/assets/levels/castle.tmx Error: java.io.FileNotFoundException: C:\Users\fayli\OneDrive - Hogeschool Leiden\Periode 3, Jaar 1\IOOA\Week 6\IPOSE-Maven\target\classes\assets\levels\castle-tileset.png (Het systeem kan het opgegeven bestand niet vinden)
10:03:45.639 [FXGL Background Thread 4 ] DEBUG TilesetLoader        - Writing to buffer: dst=0,0, w=15,h=15, src=160,48
10:03:45.639 [FXGL Background Thread 4 ] DEBUG TilesetLoader        - Writing to buffer: dst=15,0, w=15,h=15, src=192,48
10:03:45.639 [FXGL Background Thread 4 ] DEBUG TilesetLoader        - Writing to buffer: dst=30,0, w=15,h=15, src=160,112
10:03:45.640 [FXGL Background Thread 4 ] DEBUG TilesetLoader        - Writing to buffer: dst=45,0, w=15,h=15, src=160,112
10:03:45.640 [FXGL Background Thread 4 ] DEBUG TilesetLoader        - Writing to buffer: dst=60,0, w=15,h=15, src=160,112
10:03:45.640 [FXGL Background Thread 4 ] DEBUG TilesetLoader        - Writing to buffer: dst=75,0, w=15,h=15, src=160,112
10:03:45.640 [FXGL Background Thread 4 ] DEBUG TilesetLoader        - Writing to buffer: dst=90,0, w=15,h=15, src=160,112
10:03:45.640 [FXGL Background Thread 4 ] DEBUG TilesetLoader        - Writing to buffer: dst=105,0, w=15,h=15, src=160,112
10:03:45.641 [FXGL Background Thread 4 ] DEBUG TilesetLoader        - Writing to buffer: dst=120,0, w=15,h=15, src=160,112
10:03:45.641 [FXGL Background Thread 4 ] DEBUG TilesetLoader        - Writing to buffer: dst=135,0, w=15,h=15, src=160,48
10:03:45.641 [FXGL Background Thread 4 ] DEBUG TilesetLoader        - Writing to buffer: dst=150,0, w=15,h=15, src=192,48
10:03:45.641 [FXGL Background Thread 4 ] DEBUG TilesetLoader        - Writing to buffer: dst=165,0, w=15,h=15, src=160,112
10:03:45.642 [FXGL Background Thread 4 ] DEBUG TilesetLoader        - Writing to buffer: dst=180,0, w=15,h=15, src=160,112
10:03:45.642 [FXGL Background Thread 4 ] DEBUG TilesetLoader        - Writing to buffer: dst=195,0, w=15,h=15, src=160,112
10:03:45.642 [FXGL Background Thread 4 ] DEBUG TilesetLoader        - Writing to buffer: dst=210,0, w=15,h=15, src=128,176
10:03:45.642 [FXGL Background Thread 4 ] DEBUG TilesetLoader        - Writing to buffer: dst=0,15, w=15,h=15, src=160,64
10:03:45.642 [FXGL Background Thread 4 ] DEBUG TilesetLoader        - Writing to buffer: dst=15,15, w=15,h=15, src=192,64
10:03:45.643 [FXGL Background Thread 4 ] DEBUG TilesetLoader        - Writing to buffer: dst=30,15, w=15,h=15, src=0,0
10:03:45.643 [FXGL Background Thread 4 ] DEBUG TilesetLoader        - Writing to buffer: dst=45,15, w=15,h=15, src=0,0
10:03:45.643 [FXGL Background Thread 4 ] DEBUG TilesetLoader        - Writing to buffer: dst=60,15, w=15,h=15, src=0,0
10:03:45.643 [FXGL Background Thread 4 ] DEBUG TilesetLoader        - Writing to buffer: dst=105,15, w=15,h=15, src=0,0
10:03:45.643 [FXGL Background Thread 4 ] DEBUG TilesetLoader        - Writing to buffer: dst=135,15, w=15,h=15, src=160,64
10:03:45.644 [FXGL Background Thread 4 ] DEBUG TilesetLoader        - Writing to buffer: dst=150,15, w=15,h=15, src=192,80
10:03:45.644 [FXGL Background Thread 4 ] DEBUG TilesetLoader        - Writing to buffer: dst=165,15, w=15,h=15, src=0,0
10:03:45.644 [FXGL Background Thread 4 ] DEBUG TilesetLoader        - Writing to buffer: dst=180,15, w=15,h=15, src=0,0
10:03:45.644 [FXGL Background Thread 4 ] DEBUG TilesetLoader        - Writing to buffer: dst=195,15, w=15,h=15, src=0,0
10:03:45.644 [FXGL Background Thread 4 ] DEBUG TilesetLoader        - Writing to buffer: dst=210,15, w=15,h=15, src=0,0
10:03:45.645 [FXGL Background Thread 4 ] DEBUG TilesetLoader        - Writing to buffer: dst=0,30, w=15,h=15, src=160,64
10:03:45.645 [FXGL Background Thread 4 ] DEBUG TilesetLoader        - Writing to buffer: dst=15,30, w=15,h=15, src=192,64
10:03:45.645 [FXGL Background Thread 4 ] DEBUG TilesetLoader        - Writing to buffer: dst=30,30, w=15,h=15, src=0,0
10:03:45.645 [FXGL Background Thread 4 ] DEBUG TilesetLoader        - Writing to buffer: dst=45,30, w=15,h=15, src=0,0
10:03:45.646 [FXGL Background Thread 4 ] DEBUG TilesetLoader        - Writing to buffer: dst=60,30, w=15,h=15, src=0,0
10:03:45.646 [FXGL Background Thread 4 ] DEBUG TilesetLoader        - Writing to buffer: dst=105,30, w=15,h=15, src=0,0
10:03:45.646 [FXGL Background Thread 4 ] DEBUG TilesetLoader        - Writing to buffer: dst=135,30, w=15,h=15, src=160,80
10:03:45.646 [FXGL Background Thread 4 ] DEBUG TilesetLoader        - Writing to buffer: dst=150,30, w=15,h=15, src=192,80
10:03:45.646 [FXGL Background Thread 4 ] DEBUG TilesetLoader        - Writing to buffer: dst=165,30, w=15,h=15, src=0,0
10:03:45.647 [FXGL Background Thread 4 ] DEBUG TilesetLoader        - Writing to buffer: dst=180,30, w=15,h=15, src=0,0
10:03:45.647 [FXGL Background Thread 4 ] DEBUG TilesetLoader        - Writing to buffer: dst=195,30, w=15,h=15, src=0,0
10:03:45.647 [FXGL Background Thread 4 ] DEBUG TilesetLoader        - Writing to buffer: dst=210,30, w=15,h=15, src=0,0
10:03:45.647 [FXGL Background Thread 4 ] DEBUG TilesetLoader        - Writing to buffer: dst=0,45, w=15,h=15, src=160,64
10:03:45.647 [FXGL Background Thread 4 ] DEBUG TilesetLoader        - Writing to buffer: dst=15,45, w=15,h=15, src=192,64
10:03:45.647 [FXGL Background Thread 4 ] DEBUG TilesetLoader        - Writing to buffer: dst=30,45, w=15,h=15, src=0,0
10:03:45.647 [FXGL Background Thread 4 ] DEBUG TilesetLoader        - Writing to buffer: dst=45,45, w=15,h=15, src=0,0
10:03:45.648 [FXGL Background Thread 4 ] DEBUG TilesetLoader        - Writing to buffer: dst=60,45, w=15,h=15, src=0,0
10:03:45.648 [FXGL Background Thread 4 ] DEBUG TilesetLoader        - Writing to buffer: dst=90,45, w=15,h=15, src=0,32
10:03:45.648 [FXGL Background Thread 4 ] DEBUG TilesetLoader        - Writing to buffer: dst=105,45, w=15,h=15, src=16,32
10:03:45.648 [FXGL Background Thread 4 ] DEBUG TilesetLoader        - Writing to buffer: dst=120,45, w=15,h=15, src=32,32
10:03:45.648 [FXGL Background Thread 4 ] DEBUG TilesetLoader        - Writing to buffer: dst=135,45, w=15,h=15, src=160,80
10:03:45.648 [FXGL Background Thread 4 ] DEBUG TilesetLoader        - Writing to buffer: dst=150,45, w=15,h=15, src=192,80
10:03:45.648 [FXGL Background Thread 4 ] DEBUG TilesetLoader        - Writing to buffer: dst=165,45, w=15,h=15, src=96,0
10:03:45.649 [FXGL Background Thread 4 ] DEBUG TilesetLoader        - Writing to buffer: dst=180,45, w=15,h=15, src=96,0
10:03:45.649 [FXGL Background Thread 4 ] DEBUG TilesetLoader        - Writing to buffer: dst=195,45, w=15,h=15, src=96,0
10:03:45.649 [FXGL Background Thread 4 ] DEBUG TilesetLoader        - Writing to buffer: dst=210,45, w=15,h=15, src=96,0
10:03:45.649 [FXGL Background Thread 4 ] DEBUG TilesetLoader        - Writing to buffer: dst=0,60, w=15,h=15, src=160,64
10:03:45.649 [FXGL Background Thread 4 ] DEBUG TilesetLoader        - Writing to buffer: dst=15,60, w=15,h=15, src=192,64
10:03:45.649 [FXGL Background Thread 4 ] DEBUG TilesetLoader        - Writing to buffer: dst=30,60, w=15,h=15, src=0,0
10:03:45.649 [FXGL Background Thread 4 ] DEBUG TilesetLoader        - Writing to buffer: dst=45,60, w=15,h=15, src=0,0
10:03:45.649 [FXGL Background Thread 4 ] DEBUG TilesetLoader        - Writing to buffer: dst=60,60, w=15,h=15, src=0,0
10:03:45.650 [FXGL Background Thread 4 ] DEBUG TilesetLoader        - Writing to buffer: dst=90,60, w=15,h=15, src=0,48
10:03:45.650 [FXGL Background Thread 4 ] DEBUG TilesetLoader        - Writing to buffer: dst=105,60, w=15,h=15, src=16,48
10:03:45.650 [FXGL Background Thread 4 ] DEBUG TilesetLoader        - Writing to buffer: dst=120,60, w=15,h=15, src=32,48
10:03:45.650 [FXGL Background Thread 4 ] DEBUG TilesetLoader        - Writing to buffer: dst=135,60, w=15,h=15, src=160,80
10:03:45.650 [FXGL Background Thread 4 ] DEBUG TilesetLoader        - Writing to buffer: dst=150,60, w=15,h=15, src=192,80
10:03:45.651 [FXGL Background Thread 4 ] DEBUG TilesetLoader        - Writing to buffer: dst=210,60, w=15,h=15, src=0,0
10:03:45.651 [FXGL Background Thread 4 ] DEBUG TilesetLoader        - Writing to buffer: dst=0,75, w=15,h=15, src=160,64
10:03:45.651 [FXGL Background Thread 4 ] DEBUG TilesetLoader        - Writing to buffer: dst=15,75, w=15,h=15, src=192,64
10:03:45.651 [FXGL Background Thread 4 ] DEBUG TilesetLoader        - Writing to buffer: dst=30,75, w=15,h=15, src=0,0
10:03:45.651 [FXGL Background Thread 4 ] DEBUG TilesetLoader        - Writing to buffer: dst=45,75, w=15,h=15, src=0,0
10:03:45.652 [FXGL Background Thread 4 ] DEBUG TilesetLoader        - Writing to buffer: dst=60,75, w=15,h=15, src=0,0
10:03:45.652 [FXGL Background Thread 4 ] DEBUG TilesetLoader        - Writing to buffer: dst=135,75, w=15,h=15, src=160,80
10:03:45.652 [FXGL Background Thread 4 ] DEBUG TilesetLoader        - Writing to buffer: dst=150,75, w=15,h=15, src=192,80
10:03:45.652 [FXGL Background Thread 4 ] DEBUG TilesetLoader        - Writing to buffer: dst=210,75, w=15,h=15, src=0,0
10:03:45.652 [FXGL Background Thread 4 ] DEBUG TilesetLoader        - Writing to buffer: dst=0,90, w=15,h=15, src=160,64
10:03:45.652 [FXGL Background Thread 4 ] DEBUG TilesetLoader        - Writing to buffer: dst=15,90, w=15,h=15, src=192,64
10:03:45.653 [FXGL Background Thread 4 ] DEBUG TilesetLoader        - Writing to buffer: dst=30,90, w=15,h=15, src=96,0
10:03:45.653 [FXGL Background Thread 4 ] DEBUG TilesetLoader        - Writing to buffer: dst=45,90, w=15,h=15, src=96,0
10:03:45.653 [FXGL Background Thread 4 ] DEBUG TilesetLoader        - Writing to buffer: dst=60,90, w=15,h=15, src=96,0
10:03:45.653 [FXGL Background Thread 4 ] DEBUG TilesetLoader        - Writing to buffer: dst=135,90, w=15,h=15, src=160,80
10:03:45.653 [FXGL Background Thread 4 ] DEBUG TilesetLoader        - Writing to buffer: dst=150,90, w=15,h=15, src=192,80
10:03:45.653 [FXGL Background Thread 4 ] DEBUG TilesetLoader        - Writing to buffer: dst=180,90, w=15,h=15, src=48,16
10:03:45.654 [FXGL Background Thread 4 ] DEBUG TilesetLoader        - Writing to buffer: dst=210,90, w=15,h=15, src=0,0
10:03:45.654 [FXGL Background Thread 4 ] DEBUG TilesetLoader        - Writing to buffer: dst=0,105, w=15,h=15, src=160,64
10:03:45.654 [FXGL Background Thread 4 ] DEBUG TilesetLoader        - Writing to buffer: dst=15,105, w=15,h=15, src=192,64
10:03:45.654 [FXGL Background Thread 4 ] DEBUG TilesetLoader        - Writing to buffer: dst=30,105, w=15,h=15, src=0,0
10:03:45.654 [FXGL Background Thread 4 ] DEBUG TilesetLoader        - Writing to buffer: dst=45,105, w=15,h=15, src=0,0
10:03:45.654 [FXGL Background Thread 4 ] DEBUG TilesetLoader        - Writing to buffer: dst=60,105, w=15,h=15, src=16,16
10:03:45.655 [FXGL Background Thread 4 ] DEBUG TilesetLoader        - Writing to buffer: dst=120,105, w=15,h=15, src=16,16
10:03:45.655 [FXGL Background Thread 4 ] DEBUG TilesetLoader        - Writing to buffer: dst=135,105, w=15,h=15, src=160,80
10:03:45.655 [FXGL Background Thread 4 ] DEBUG TilesetLoader        - Writing to buffer: dst=150,105, w=15,h=15, src=192,80
10:03:45.655 [FXGL Background Thread 4 ] DEBUG TilesetLoader        - Writing to buffer: dst=180,105, w=15,h=15, src=64,16
10:03:45.655 [FXGL Background Thread 4 ] DEBUG TilesetLoader        - Writing to buffer: dst=210,105, w=15,h=15, src=0,0
10:03:45.656 [FXGL Background Thread 4 ] DEBUG TilesetLoader        - Writing to buffer: dst=0,120, w=15,h=15, src=160,96
10:03:45.656 [FXGL Background Thread 4 ] DEBUG TilesetLoader        - Writing to buffer: dst=15,120, w=15,h=15, src=192,96
10:03:45.656 [FXGL Background Thread 4 ] DEBUG TilesetLoader        - Writing to buffer: dst=30,120, w=15,h=15, src=0,0
10:03:45.656 [FXGL Background Thread 4 ] DEBUG TilesetLoader        - Writing to buffer: dst=45,120, w=15,h=15, src=0,0
10:03:45.656 [FXGL Background Thread 4 ] DEBUG TilesetLoader        - Writing to buffer: dst=60,120, w=15,h=15, src=32,16
10:03:45.657 [FXGL Background Thread 4 ] DEBUG TilesetLoader        - Writing to buffer: dst=75,120, w=15,h=15, src=0,0
10:03:45.657 [FXGL Background Thread 4 ] DEBUG TilesetLoader        - Writing to buffer: dst=90,120, w=15,h=15, src=0,0
10:03:45.657 [FXGL Background Thread 4 ] DEBUG TilesetLoader        - Writing to buffer: dst=105,120, w=15,h=15, src=0,0
10:03:45.657 [FXGL Background Thread 4 ] DEBUG TilesetLoader        - Writing to buffer: dst=120,120, w=15,h=15, src=32,16
10:03:45.657 [FXGL Background Thread 4 ] DEBUG TilesetLoader        - Writing to buffer: dst=135,120, w=15,h=15, src=160,96
10:03:45.657 [FXGL Background Thread 4 ] DEBUG TilesetLoader        - Writing to buffer: dst=150,120, w=15,h=15, src=192,96
10:03:45.658 [FXGL Background Thread 4 ] DEBUG TilesetLoader        - Writing to buffer: dst=165,120, w=15,h=15, src=0,0
10:03:45.658 [FXGL Background Thread 4 ] DEBUG TilesetLoader        - Writing to buffer: dst=180,120, w=15,h=15, src=80,16
10:03:45.658 [FXGL Background Thread 4 ] DEBUG TilesetLoader        - Writing to buffer: dst=195,120, w=15,h=15, src=0,0
10:03:45.658 [FXGL Background Thread 4 ] DEBUG TilesetLoader        - Writing to buffer: dst=210,120, w=15,h=15, src=0,0
10:03:45.658 [FXGL Background Thread 4 ] DEBUG TilesetLoader        - Writing to buffer: dst=0,135, w=15,h=15, src=208,176
10:03:45.658 [FXGL Background Thread 4 ] DEBUG TilesetLoader        - Writing to buffer: dst=15,135, w=15,h=15, src=208,176
10:03:45.659 [FXGL Background Thread 4 ] DEBUG TilesetLoader        - Writing to buffer: dst=30,135, w=15,h=15, src=208,176
10:03:45.659 [FXGL Background Thread 4 ] DEBUG TilesetLoader        - Writing to buffer: dst=45,135, w=15,h=15, src=208,176
10:03:45.659 [FXGL Background Thread 4 ] DEBUG TilesetLoader        - Writing to buffer: dst=60,135, w=15,h=15, src=208,176
10:03:45.659 [FXGL Background Thread 4 ] DEBUG TilesetLoader        - Writing to buffer: dst=75,135, w=15,h=15, src=208,176
10:03:45.659 [FXGL Background Thread 4 ] DEBUG TilesetLoader        - Writing to buffer: dst=90,135, w=15,h=15, src=208,176
10:03:45.659 [FXGL Background Thread 4 ] DEBUG TilesetLoader        - Writing to buffer: dst=105,135, w=15,h=15, src=208,176
10:03:45.659 [FXGL Background Thread 4 ] DEBUG TilesetLoader        - Writing to buffer: dst=120,135, w=15,h=15, src=208,176
10:03:45.660 [FXGL Background Thread 4 ] DEBUG TilesetLoader        - Writing to buffer: dst=135,135, w=15,h=15, src=208,176
10:03:45.660 [FXGL Background Thread 4 ] DEBUG TilesetLoader        - Writing to buffer: dst=150,135, w=15,h=15, src=208,176
10:03:45.660 [FXGL Background Thread 4 ] DEBUG TilesetLoader        - Writing to buffer: dst=165,135, w=15,h=15, src=208,176
10:03:45.660 [FXGL Background Thread 4 ] DEBUG TilesetLoader        - Writing to buffer: dst=180,135, w=15,h=15, src=208,176
10:03:45.660 [FXGL Background Thread 4 ] DEBUG TilesetLoader        - Writing to buffer: dst=195,135, w=15,h=15, src=208,176
10:03:45.660 [FXGL Background Thread 4 ] DEBUG TilesetLoader        - Writing to buffer: dst=210,135, w=15,h=15, src=208,176
10:03:45.661 [FXGL Background Thread 4 ] DEBUG TMXLevelLoader       - Creating object layer entities
10:03:45.680 [FXGL Background Thread 4 ] DEBUG GameWorld            - Clearing removable entities
10:03:45.681 [FXGL Background Thread 4 ] DEBUG GameWorld            - Setting level: com.almasb.fxgl.entity.level.Level@7266593a
10:03:45.690 [FXGL Background Thread 4 ] DEBUG FXGLAssetLoaderServi - Loading from file system: file:/C:/Users/fayli/OneDrive%20-%20Hogeschool%20Leiden/Periode%203,%20Jaar%201/IOOA/Week%206/IPOSE-Maven/target/classes/assets/textures/madotsuki.png
10:03:45.699 [FXGL Background Thread 4 ] INFO  FXGLApplication      - Game initialization took: 0,191 sec
10:03:45.699 [JavaFX Application Thread] DEBUG Input                - Clearing active input actions
10:03:45.709 [JavaFX Application Thread] DEBUG GameApplicationServi - Removing overlay from FXGLLoadingScene and adding to GameScene
10:03:45.710 [JavaFX Application Thread] DEBUG PrimaryStageWindow   - FXGLLoadingScene -> GameScene
10:03:45.759 [FXGL Background Thread 2 ] INFO  UpdaterService       - Your current version:  11.14
10:03:45.759 [FXGL Background Thread 2 ] INFO  UpdaterService       - Latest stable version: 17.1
10:03:48.431 [FXGL Background Thread 3 ] DEBUG Engine               - Logging environment variables
10:03:48.432 [FXGL Background Thread 3 ] DEBUG Engine               - achievements: []
10:03:48.432 [FXGL Background Thread 3 ] DEBUG Engine               - actualHeight: 700.0
10:03:48.433 [FXGL Background Thread 3 ] DEBUG Engine               - actualHeightProperty: ReadOnlyDoubleProperty [value: 700.0]
10:03:48.433 [FXGL Background Thread 3 ] DEBUG Engine               - actualWidth: 1050.0
10:03:48.433 [FXGL Background Thread 3 ] DEBUG Engine               - actualWidthProperty: ReadOnlyDoubleProperty [value: 1050.0]
10:03:48.434 [FXGL Background Thread 3 ] DEBUG Engine               - appIcon: fxgl_icon.png
10:03:48.435 [FXGL Background Thread 3 ] DEBUG Engine               - applicationMode: DEVELOPER
10:03:48.435 [FXGL Background Thread 3 ] DEBUG Engine               - cSSList: [fxgl_dark.css]
10:03:48.435 [FXGL Background Thread 3 ] DEBUG Engine               - collisionDetectionStrategy: BRUTE_FORCE
10:03:48.436 [FXGL Background Thread 3 ] DEBUG Engine               - configClass: Optional.empty
10:03:48.436 [FXGL Background Thread 3 ] DEBUG Engine               - credits: []
10:03:48.437 [FXGL Background Thread 3 ] DEBUG Engine               - devBBoxColorProperty: ObjectProperty [value: 0xff0000ff]
10:03:48.437 [FXGL Background Thread 3 ] DEBUG Engine               - devEnableDebugCameraProperty: BooleanProperty [value: false]
10:03:48.438 [FXGL Background Thread 3 ] DEBUG Engine               - devSensorColorProperty: ObjectProperty [value: 0xffff00ff]
10:03:48.438 [FXGL Background Thread 3 ] DEBUG Engine               - devShowBBoxProperty: BooleanProperty [value: false]
10:03:48.439 [FXGL Background Thread 3 ] DEBUG Engine               - devShowPositionProperty: BooleanProperty [value: false]
10:03:48.439 [FXGL Background Thread 3 ] DEBUG Engine               - enabledMenuItems: []
10:03:48.439 [FXGL Background Thread 3 ] DEBUG Engine               - engineServices: [class com.almasb.fxgl.app.services.FXGLAssetLoaderService, class com.almasb.fxgl.app.FXGLApplication$GameApplicationService, class com.almasb.fxgl.app.services.FXGLDialogService, class com.almasb.fxgl.app.services.IOTaskExecutorService, class com.almasb.fxgl.event.EventBusService, class com.almasb.fxgl.io.FileSystemService, class com.almasb.fxgl.localization.LocalizationService, class com.almasb.fxgl.app.services.SystemBundleService, class com.almasb.fxgl.profile.SaveLoadService, class com.almasb.fxgl.ui.FXGLUIFactoryServiceProvider, class com.almasb.fxgl.ui.FXGLDialogFactoryServiceProvider, class com.almasb.fxgl.audio.AudioPlayer, class com.almasb.fxgl.notification.impl.NotificationServiceProvider, class com.almasb.fxgl.achievement.AchievementService, class com.almasb.fxgl.cutscene.CutsceneService, class com.almasb.fxgl.minigames.MiniGameService, class com.almasb.fxgl.net.NetService, class com.almasb.fxgl.app.services.UpdaterService, class com.almasb.fxgl.dev.DevService]
10:03:48.440 [FXGL Background Thread 3 ] DEBUG Engine               - fontGame: Abel-Regular.ttf
10:03:48.440 [FXGL Background Thread 3 ] DEBUG Engine               - fontMono: lucida_console.ttf
10:03:48.440 [FXGL Background Thread 3 ] DEBUG Engine               - fontText: Courier-Prime.ttf
10:03:48.440 [FXGL Background Thread 3 ] DEBUG Engine               - fontUI: VarelaRound-Regular.ttf
10:03:48.440 [FXGL Background Thread 3 ] DEBUG Engine               - fullScreen: BooleanProperty [value: false]
10:03:48.440 [FXGL Background Thread 3 ] DEBUG Engine               - gameDifficulty: MEDIUM
10:03:48.440 [FXGL Background Thread 3 ] DEBUG Engine               - gameDifficultyProperty: ObjectProperty [value: MEDIUM]
10:03:48.440 [FXGL Background Thread 3 ] DEBUG Engine               - globalMusicVolume: 0.5
10:03:48.440 [FXGL Background Thread 3 ] DEBUG Engine               - globalMusicVolumeProperty: DoubleProperty [value: 0.5]
10:03:48.440 [FXGL Background Thread 3 ] DEBUG Engine               - globalSoundVolume: 0.5
10:03:48.441 [FXGL Background Thread 3 ] DEBUG Engine               - globalSoundVolumeProperty: DoubleProperty [value: 0.5]
10:03:48.441 [FXGL Background Thread 3 ] DEBUG Engine               - height: 700
10:03:48.441 [FXGL Background Thread 3 ] DEBUG Engine               - isAndroid: false
10:03:48.441 [FXGL Background Thread 3 ] DEBUG Engine               - isBrowser: false
10:03:48.441 [FXGL Background Thread 3 ] DEBUG Engine               - isClickFeedbackEnabled: false
10:03:48.441 [FXGL Background Thread 3 ] DEBUG Engine               - isCloseConfirmation: false
10:03:48.441 [FXGL Background Thread 3 ] DEBUG Engine               - isDesktop: true
10:03:48.441 [FXGL Background Thread 3 ] DEBUG Engine               - isDeveloperMenuEnabled: false
10:03:48.442 [FXGL Background Thread 3 ] DEBUG Engine               - isEntityPreloadEnabled: true
10:03:48.442 [FXGL Background Thread 3 ] DEBUG Engine               - isExperimental3D: false
10:03:48.442 [FXGL Background Thread 3 ] DEBUG Engine               - isExperimentalNative: false
10:03:48.442 [FXGL Background Thread 3 ] DEBUG Engine               - isExperimentalTiledLargeMap: false
10:03:48.442 [FXGL Background Thread 3 ] DEBUG Engine               - isFileSystemWriteAllowed: true
10:03:48.442 [FXGL Background Thread 3 ] DEBUG Engine               - isFullScreenAllowed: false
10:03:48.442 [FXGL Background Thread 3 ] DEBUG Engine               - isFullScreenFromStart: false
10:03:48.442 [FXGL Background Thread 3 ] DEBUG Engine               - isGameMenuEnabled: true
10:03:48.442 [FXGL Background Thread 3 ] DEBUG Engine               - isIOS: false
10:03:48.442 [FXGL Background Thread 3 ] DEBUG Engine               - isIntroEnabled: false
10:03:48.442 [FXGL Background Thread 3 ] DEBUG Engine               - isLinux: false
10:03:48.442 [FXGL Background Thread 3 ] DEBUG Engine               - isMac: false
10:03:48.442 [FXGL Background Thread 3 ] DEBUG Engine               - isMainMenuEnabled: false
10:03:48.443 [FXGL Background Thread 3 ] DEBUG Engine               - isManualResizeEnabled: false
10:03:48.443 [FXGL Background Thread 3 ] DEBUG Engine               - isMobile: false
10:03:48.443 [FXGL Background Thread 3 ] DEBUG Engine               - isPreserveResizeRatio: false
10:03:48.443 [FXGL Background Thread 3 ] DEBUG Engine               - isProfilingEnabled: false
10:03:48.443 [FXGL Background Thread 3 ] DEBUG Engine               - isScaleAffectedOnResize: true
10:03:48.443 [FXGL Background Thread 3 ] DEBUG Engine               - isSingleStep: false
10:03:48.443 [FXGL Background Thread 3 ] DEBUG Engine               - isUserProfileEnabled: false
10:03:48.443 [FXGL Background Thread 3 ] DEBUG Engine               - isWindows: true
10:03:48.443 [FXGL Background Thread 3 ] DEBUG Engine               - language: ObjectProperty [value: ENGLISH]
10:03:48.444 [FXGL Background Thread 3 ] DEBUG Engine               - menuKey: ESCAPE
10:03:48.444 [FXGL Background Thread 3 ] DEBUG Engine               - notificationViewClass: class com.almasb.fxgl.notification.view.XboxNotificationView
10:03:48.444 [FXGL Background Thread 3 ] DEBUG Engine               - pixelsPerMeter: 50.0
10:03:48.444 [FXGL Background Thread 3 ] DEBUG Engine               - platform: WINDOWS
10:03:48.444 [FXGL Background Thread 3 ] DEBUG Engine               - prefHeightProperty: ReadOnlyDoubleProperty [value: 700.0]
10:03:48.444 [FXGL Background Thread 3 ] DEBUG Engine               - prefWidthProperty: ReadOnlyDoubleProperty [value: 1050.0]
10:03:48.444 [FXGL Background Thread 3 ] DEBUG Engine               - profileDir: profiles/
10:03:48.444 [FXGL Background Thread 3 ] DEBUG Engine               - profileName: StringProperty [value: DEFAULT]
10:03:48.444 [FXGL Background Thread 3 ] DEBUG Engine               - randomSeed: -1
10:03:48.444 [FXGL Background Thread 3 ] DEBUG Engine               - runtimeInfo: RuntimeInfo(platform=WINDOWS, version=11.14, build=01.03.2021 16.59)
10:03:48.445 [FXGL Background Thread 3 ] DEBUG Engine               - saveFileExt: sav
10:03:48.445 [FXGL Background Thread 3 ] DEBUG Engine               - scaledHeightProp$fxgl: DoubleProperty [bound, value: 700.0]
10:03:48.445 [FXGL Background Thread 3 ] DEBUG Engine               - scaledWidthProp$fxgl: DoubleProperty [bound, value: 1050.0]
10:03:48.445 [FXGL Background Thread 3 ] DEBUG Engine               - sceneFactory: com.almasb.fxgl.app.scene.SceneFactory@29ffae4
10:03:48.445 [FXGL Background Thread 3 ] DEBUG Engine               - secondsIn24h: 60
10:03:48.445 [FXGL Background Thread 3 ] DEBUG Engine               - soundMenuBack: menu/back.wav
10:03:48.445 [FXGL Background Thread 3 ] DEBUG Engine               - soundMenuPress: menu/press.wav
10:03:48.445 [FXGL Background Thread 3 ] DEBUG Engine               - soundMenuSelect: menu/select.wav
10:03:48.445 [FXGL Background Thread 3 ] DEBUG Engine               - soundNotification: core/notification.wav
10:03:48.445 [FXGL Background Thread 3 ] DEBUG Engine               - stageStyle: DECORATED
10:03:48.445 [FXGL Background Thread 3 ] DEBUG Engine               - supportedLanguages: [ENGLISH, FRENCH, GERMAN, HUNGARIAN, RUSSIAN]
10:03:48.445 [FXGL Background Thread 3 ] DEBUG Engine               - ticksPerSecond: -1
10:03:48.445 [FXGL Background Thread 3 ] DEBUG Engine               - title: Demo game
10:03:48.446 [FXGL Background Thread 3 ] DEBUG Engine               - urlGithub: https://github.com/AlmasB/FXGL
10:03:48.446 [FXGL Background Thread 3 ] DEBUG Engine               - urlLeaderboard: http://fxgl-top.herokuapp.com/
10:03:48.446 [FXGL Background Thread 3 ] DEBUG Engine               - urlPOM: https://raw.githubusercontent.com/AlmasB/FXGL/release/README.md
10:03:48.446 [FXGL Background Thread 3 ] DEBUG Engine               - userAppClass: class Game
10:03:48.446 [FXGL Background Thread 3 ] DEBUG Engine               - version: 1.1
10:03:48.446 [FXGL Background Thread 3 ] DEBUG Engine               - versionCheckDays: 7
10:03:48.446 [FXGL Background Thread 3 ] DEBUG Engine               - width: 1050
10:03:48.446 [FXGL Background Thread 3 ] DEBUG Engine               - Logging services
10:03:48.446 [FXGL Background Thread 3 ] DEBUG Engine               - class com.almasb.fxgl.app.services.FXGLAssetLoaderService
10:03:48.446 [FXGL Background Thread 3 ] DEBUG Engine               - class com.almasb.fxgl.app.FXGLApplication$GameApplicationService
10:03:48.446 [FXGL Background Thread 3 ] DEBUG Engine               - class com.almasb.fxgl.app.services.FXGLDialogService
10:03:48.447 [FXGL Background Thread 3 ] DEBUG Engine               - class com.almasb.fxgl.app.services.IOTaskExecutorService
10:03:48.447 [FXGL Background Thread 3 ] DEBUG Engine               - class com.almasb.fxgl.event.EventBusService
10:03:48.447 [FXGL Background Thread 3 ] DEBUG Engine               - class com.almasb.fxgl.io.FileSystemService
10:03:48.447 [FXGL Background Thread 3 ] DEBUG Engine               - class com.almasb.fxgl.localization.LocalizationService
10:03:48.447 [FXGL Background Thread 3 ] DEBUG Engine               - class com.almasb.fxgl.app.services.SystemBundleService
10:03:48.447 [FXGL Background Thread 3 ] DEBUG Engine               - class com.almasb.fxgl.profile.SaveLoadService
10:03:48.447 [FXGL Background Thread 3 ] DEBUG Engine               - class com.almasb.fxgl.ui.FXGLUIFactoryServiceProvider
10:03:48.447 [FXGL Background Thread 3 ] DEBUG Engine               - class com.almasb.fxgl.ui.FXGLDialogFactoryServiceProvider
10:03:48.447 [FXGL Background Thread 3 ] DEBUG Engine               - class com.almasb.fxgl.audio.AudioPlayer
10:03:48.447 [FXGL Background Thread 3 ] DEBUG Engine               - class com.almasb.fxgl.notification.impl.NotificationServiceProvider
10:03:48.448 [FXGL Background Thread 3 ] DEBUG Engine               - class com.almasb.fxgl.achievement.AchievementService
10:03:48.448 [FXGL Background Thread 3 ] DEBUG Engine               - class com.almasb.fxgl.cutscene.CutsceneService
10:03:48.448 [FXGL Background Thread 3 ] DEBUG Engine               - class com.almasb.fxgl.minigames.MiniGameService
10:03:48.448 [FXGL Background Thread 3 ] DEBUG Engine               - class com.almasb.fxgl.net.NetService
10:03:48.448 [FXGL Background Thread 3 ] DEBUG Engine               - class com.almasb.fxgl.app.services.UpdaterService
10:03:48.448 [FXGL Background Thread 3 ] DEBUG Engine               - class com.almasb.fxgl.dev.DevService
10:03:51.937 [JavaFX Application Thread] DEBUG FXGLApplication      - Exiting FXGL
10:03:51.937 [JavaFX Application Thread] DEBUG LoopRunner           - Stopping loop
10:03:51.937 [JavaFX Application Thread] DEBUG SystemBundleService  - Saving FXGL system data
10:03:51.941 [JavaFX Application Thread] DEBUG FileSystemAccess     - Writing to: C:\Users\fayli\OneDrive - Hogeschool Leiden\Periode 3, Jaar 1\IOOA\Week 6\IPOSE-Maven\system\fxgl.bundle
10:03:51.943 [JavaFX Application Thread] DEBUG Async                - Shutting down background threads
10:03:51.943 [JavaFX Application Thread] DEBUG PrimaryStageWindow   - Closing main window
10:03:51.952 [JavaFX Application Thread] DEBUG Logger               - Closing Logger
