09:30:29.738 [main                     ] DEBUG Logger               - Configured Logger
09:30:29.754 [main                     ] DEBUG GameApplication      - Logging settings
Title: Demo game
Version: 1.2
Width: 1050
Height: 700
Fullscreen: false
Intro: false
Profiling: false
Single step:false
App Mode: DEVELOPER
Menu Key: ESCAPE
Stage Style: DECORATED
Scene Factory: class com.almasb.fxgl.app.scene.SceneFactory

09:30:30.114 [JavaFX Application Thread] DEBUG FXGLApplication      - Initializing FXGL
09:30:30.117 [JavaFX Application Thread] INFO  Engine               - FXGL-11.14 (01.03.2021 16.59) on MAC (J:15.0.2 FX:15)
09:30:30.117 [JavaFX Application Thread] DEBUG Engine               - JRE Vendor Name: Amazon.com Inc.
09:30:30.117 [JavaFX Application Thread] DEBUG Engine               - Running on OS: Mac OS X version 12.3
09:30:30.117 [JavaFX Application Thread] DEBUG Engine               - Architecture: x86_64
09:30:30.118 [JavaFX Application Thread] INFO  Engine               - Source code and latest versions at: https://github.com/AlmasB/FXGL
09:30:30.118 [JavaFX Application Thread] INFO  Engine               -              Join the FXGL chat at: https://gitter.im/AlmasB/FXGL
09:30:30.268 [JavaFX Application Thread] DEBUG PrimaryStageWindow   - Creating a JavaFX scene
09:30:30.333 [JavaFX Application Thread] DEBUG PrimaryStageWindow   - Target settings size: 1050.0 x 700.0
09:30:30.333 [JavaFX Application Thread] DEBUG PrimaryStageWindow   - Scaled scene size:    1050.0 x 700.0
09:30:30.334 [JavaFX Application Thread] DEBUG PrimaryStageWindow   - Scaled ratio: (1.0, 1.0)
09:30:30.335 [JavaFX Application Thread] DEBUG PrimaryStageWindow   - Set initial scene to FXGLStartupScene
09:30:30.344 [JavaFX Application Thread] DEBUG PrimaryStageWindow   - Opening main window
09:30:30.435 [JavaFX Application Thread] DEBUG PrimaryStageWindow   - Window border size: (0.0, 28.0)
09:30:30.435 [JavaFX Application Thread] DEBUG PrimaryStageWindow   - Scaled size: 1050.0 x 700.0
09:30:30.436 [JavaFX Application Thread] DEBUG PrimaryStageWindow   - Scaled ratio: (1.0, 1.0)
09:30:30.436 [JavaFX Application Thread] DEBUG PrimaryStageWindow   - Scene size: 1050.0 x 700.0
09:30:30.436 [JavaFX Application Thread] DEBUG PrimaryStageWindow   - Stage size: 1050.0 x 728.0
09:30:30.443 [FXGL Background Thread 1 ] DEBUG Engine               - Initializing environment variables
09:30:30.472 [FXGL Background Thread 1 ] DEBUG FXGLAssetLoaderServi - User app class for loading assets: class Game
09:30:30.472 [FXGL Background Thread 1 ] DEBUG GameApplicationServi - Applying CSS: fxgl_dark.css
09:30:30.473 [FXGL Background Thread 1 ] DEBUG FXGLAssetLoaderServi - Loading from file system: jar:file:/Users/merdanusta/.m2/repository/com/github/almasb/fxgl/11.14/fxgl-11.14.jar!/fxglassets/ui/css/fxgl_dark.css
09:30:30.518 [FXGL Background Thread 1 ] DEBUG GameApplicationServi - Initializing application scenes
09:30:30.790 [FXGL Background Thread 1 ] DEBUG GameWorld            - Game world initialized
09:30:30.843 [FXGL Background Thread 1 ] DEBUG PhysicsWorld         - Physics world initialized: appHeight=700, physics.ppm=50.0
09:30:30.844 [FXGL Background Thread 1 ] DEBUG PhysicsWorld         - Using strategy: BRUTE_FORCE
09:30:30.845 [FXGL Background Thread 1 ] DEBUG GameScene            - Game scene initialized: 1050x700
09:30:30.887 [FXGL Background Thread 1 ] DEBUG FXGLAssetLoaderServi - Loading from file system: jar:file:/Users/merdanusta/.m2/repository/com/github/almasb/fxgl/11.14/fxgl-11.14.jar!/fxglassets/textures/particles/trace_horizontal.png
09:30:30.930 [FXGL Background Thread 1 ] DEBUG FXGL.DefaultMenu     - createMenuBodyMainMenu()
09:30:30.952 [FXGL Background Thread 1 ] DEBUG FXGL.DefaultMenu     - createOptionsMenu()
09:30:30.957 [FXGL Background Thread 1 ] DEBUG FXGLAssetLoaderServi - Loading from file system: jar:file:/Users/merdanusta/.m2/repository/com/github/almasb/fxgl/11.14/fxgl-11.14.jar!/fxglassets/textures/particles/smoke.png
09:30:31.003 [FXGL Background Thread 1 ] DEBUG FXGL.DefaultMenu     - createMenuBodyGameMenu()
09:30:31.004 [FXGL Background Thread 1 ] DEBUG FXGL.DefaultMenu     - createOptionsMenu()
09:30:31.023 [FXGL Background Thread 1 ] DEBUG GameApplicationServi - Application scenes initialized
09:30:31.032 [FXGL Background Thread 1 ] DEBUG SystemBundleService  - Loading FXGL system data
09:30:31.037 [FXGL Background Thread 1 ] DEBUG FileSystemAccess     - Reading from: /Users/merdanusta/IdeaProjects/IPOSE-Maven/system/fxgl.bundle
09:30:31.044 [FXGL Background Thread 1 ] DEBUG SystemBundleService  - Bundle FXGL: {}
09:30:31.044 [FXGL Background Thread 1 ] DEBUG UpdaterService       - Checking for updates
09:30:31.047 [FXGL Background Thread 4 ] DEBUG FXGLApplication      - Loading fonts
09:30:31.048 [FXGL Background Thread 1 ] DEBUG FXGLApplication      - Loading default localization
09:30:31.048 [FXGL Background Thread 4 ] DEBUG FXGLAssetLoaderServi - Loading from file system: jar:file:/Users/merdanusta/.m2/repository/com/github/almasb/fxgl/11.14/fxgl-11.14.jar!/fxglassets/ui/fonts/VarelaRound-Regular.ttf
09:30:31.048 [FXGL Background Thread 1 ] DEBUG FXGLAssetLoaderServi - Loading from file system: jar:file:/Users/merdanusta/.m2/repository/com/github/almasb/fxgl/11.14/fxgl-11.14.jar!/fxglassets/languages/english.lang
09:30:31.060 [FXGL Background Thread 4 ] DEBUG FXGLAssetLoaderServi - Loading from file system: jar:file:/Users/merdanusta/.m2/repository/com/github/almasb/fxgl/11.14/fxgl-11.14.jar!/fxglassets/ui/fonts/Abel-Regular.ttf
09:30:31.062 [FXGL Background Thread 4 ] DEBUG FXGLAssetLoaderServi - Loading from file system: jar:file:/Users/merdanusta/.m2/repository/com/github/almasb/fxgl/11.14/fxgl-11.14.jar!/fxglassets/ui/fonts/lucida_console.ttf
09:30:31.064 [FXGL Background Thread 1 ] INFO  FXGLApplication      - FXGL initialization took: 0.621 sec
09:30:31.066 [FXGL Background Thread 4 ] DEBUG FXGLAssetLoaderServi - Loading from file system: jar:file:/Users/merdanusta/.m2/repository/com/github/almasb/fxgl/11.14/fxgl-11.14.jar!/fxglassets/ui/fonts/Courier-Prime.ttf
09:30:31.072 [JavaFX Application Thread] DEBUG Input                - Registered new binding: Left - A
09:30:31.072 [JavaFX Application Thread] DEBUG Input                - Registered new binding: Right - D
09:30:31.073 [JavaFX Application Thread] DEBUG Input                - Registered new binding: Jump - W
09:30:31.074 [JavaFX Application Thread] DEBUG FXGLAssetLoaderServi - Loading from file system: jar:file:/Users/merdanusta/.m2/repository/com/github/almasb/fxgl/11.14/fxgl-11.14.jar!/fxglassets/textures/fxgl_icon.png
09:30:31.091 [JavaFX Application Thread] DEBUG FXGLAssetLoaderServi - Loading from file system: jar:file:/Users/merdanusta/.m2/repository/com/github/almasb/fxgl/11.14/fxgl-11.14.jar!/fxglassets/ui/cursors/fxgl_default.png
09:30:31.093 [JavaFX Application Thread] DEBUG Input                - Registered new binding: Screenshot - P
09:30:31.093 [JavaFX Application Thread] DEBUG Input                - Registered new binding: System info dump - CTRL+9
09:30:31.094 [JavaFX Application Thread] DEBUG Input                - Registered new binding: Restart - CTRL+R
09:30:31.094 [JavaFX Application Thread] DEBUG Input                - Registered new binding: Toggle Debug Camera - CTRL+C
09:30:31.095 [JavaFX Application Thread] DEBUG LoopRunner           - Starting loop
09:30:31.095 [JavaFX Application Thread] DEBUG LoopRunner           - Initializing JavaFX AnimationTimerLoop
09:30:31.097 [JavaFX Application Thread] DEBUG Input                - Clearing active input actions
09:30:31.101 [JavaFX Application Thread] DEBUG GameApplicationServi - Removing overlay from FXGLStartupScene and adding to FXGLMainMenuDummyScene
09:30:31.102 [JavaFX Application Thread] DEBUG PrimaryStageWindow   - FXGLStartupScene -> FXGLMainMenuDummyScene
09:30:31.102 [JavaFX Application Thread] DEBUG PrimaryStageWindow   - Push state: FXGLDefaultMenu
09:30:31.105 [JavaFX Application Thread] DEBUG Input                - Clearing active input actions
09:30:31.114 [JavaFX Application Thread] DEBUG GameApplicationServi - Removing overlay from FXGLMainMenuDummyScene and adding to FXGLDefaultMenu
09:30:31.114 [JavaFX Application Thread] DEBUG PrimaryStageWindow   - FXGLMainMenuDummyScene -> FXGLDefaultMenu
09:30:31.146 [JavaFX Application Thread] DEBUG FXGLApplication      - Registering font factories with UI factory
09:30:31.630 [FXGL Background Thread 2 ] INFO  UpdaterService       - Your current version:  11.14
09:30:31.630 [FXGL Background Thread 2 ] INFO  UpdaterService       - Latest stable version: 17.1
09:30:34.047 [FXGL Background Thread 3 ] DEBUG Engine               - Logging environment variables
09:30:34.048 [FXGL Background Thread 3 ] DEBUG Engine               - achievements: []
09:30:34.049 [FXGL Background Thread 3 ] DEBUG Engine               - actualHeight: 700.0
09:30:34.049 [FXGL Background Thread 3 ] DEBUG Engine               - actualHeightProperty: ReadOnlyDoubleProperty [value: 700.0]
09:30:34.049 [FXGL Background Thread 3 ] DEBUG Engine               - actualWidth: 1050.0
09:30:34.050 [FXGL Background Thread 3 ] DEBUG Engine               - actualWidthProperty: ReadOnlyDoubleProperty [value: 1050.0]
09:30:34.050 [FXGL Background Thread 3 ] DEBUG Engine               - appIcon: fxgl_icon.png
09:30:34.050 [FXGL Background Thread 3 ] DEBUG Engine               - applicationMode: DEVELOPER
09:30:34.050 [FXGL Background Thread 3 ] DEBUG Engine               - cSSList: [fxgl_dark.css]
09:30:34.051 [FXGL Background Thread 3 ] DEBUG Engine               - collisionDetectionStrategy: BRUTE_FORCE
09:30:34.051 [FXGL Background Thread 3 ] DEBUG Engine               - configClass: Optional.empty
09:30:34.051 [FXGL Background Thread 3 ] DEBUG Engine               - credits: []
09:30:34.052 [FXGL Background Thread 3 ] DEBUG Engine               - devBBoxColorProperty: ObjectProperty [value: 0xff0000ff]
09:30:34.052 [FXGL Background Thread 3 ] DEBUG Engine               - devEnableDebugCameraProperty: BooleanProperty [value: false]
09:30:34.053 [FXGL Background Thread 3 ] DEBUG Engine               - devSensorColorProperty: ObjectProperty [value: 0xffff00ff]
09:30:34.053 [FXGL Background Thread 3 ] DEBUG Engine               - devShowBBoxProperty: BooleanProperty [value: false]
09:30:34.053 [FXGL Background Thread 3 ] DEBUG Engine               - devShowPositionProperty: BooleanProperty [value: false]
09:30:34.053 [FXGL Background Thread 3 ] DEBUG Engine               - enabledMenuItems: []
09:30:34.053 [FXGL Background Thread 3 ] DEBUG Engine               - engineServices: [class com.almasb.fxgl.app.services.FXGLAssetLoaderService, class com.almasb.fxgl.app.FXGLApplication$GameApplicationService, class com.almasb.fxgl.app.services.FXGLDialogService, class com.almasb.fxgl.app.services.IOTaskExecutorService, class com.almasb.fxgl.event.EventBusService, class com.almasb.fxgl.io.FileSystemService, class com.almasb.fxgl.localization.LocalizationService, class com.almasb.fxgl.app.services.SystemBundleService, class com.almasb.fxgl.profile.SaveLoadService, class com.almasb.fxgl.ui.FXGLUIFactoryServiceProvider, class com.almasb.fxgl.ui.FXGLDialogFactoryServiceProvider, class com.almasb.fxgl.audio.AudioPlayer, class com.almasb.fxgl.notification.impl.NotificationServiceProvider, class com.almasb.fxgl.achievement.AchievementService, class com.almasb.fxgl.cutscene.CutsceneService, class com.almasb.fxgl.minigames.MiniGameService, class com.almasb.fxgl.net.NetService, class com.almasb.fxgl.app.services.UpdaterService, class com.almasb.fxgl.dev.DevService]
09:30:34.054 [FXGL Background Thread 3 ] DEBUG Engine               - fontGame: Abel-Regular.ttf
09:30:34.054 [FXGL Background Thread 3 ] DEBUG Engine               - fontMono: lucida_console.ttf
09:30:34.054 [FXGL Background Thread 3 ] DEBUG Engine               - fontText: Courier-Prime.ttf
09:30:34.054 [FXGL Background Thread 3 ] DEBUG Engine               - fontUI: VarelaRound-Regular.ttf
09:30:34.055 [FXGL Background Thread 3 ] DEBUG Engine               - fullScreen: BooleanProperty [value: false]
09:30:34.056 [FXGL Background Thread 3 ] DEBUG Engine               - gameDifficulty: MEDIUM
09:30:34.056 [FXGL Background Thread 3 ] DEBUG Engine               - gameDifficultyProperty: ObjectProperty [value: MEDIUM]
09:30:34.057 [FXGL Background Thread 3 ] DEBUG Engine               - globalMusicVolume: 0.5
09:30:34.059 [FXGL Background Thread 3 ] DEBUG Engine               - globalMusicVolumeProperty: DoubleProperty [value: 0.5]
09:30:34.060 [FXGL Background Thread 3 ] DEBUG Engine               - globalSoundVolume: 0.5
09:30:34.060 [FXGL Background Thread 3 ] DEBUG Engine               - globalSoundVolumeProperty: DoubleProperty [value: 0.5]
09:30:34.061 [FXGL Background Thread 3 ] DEBUG Engine               - height: 700
09:30:34.061 [FXGL Background Thread 3 ] DEBUG Engine               - isAndroid: false
09:30:34.062 [FXGL Background Thread 3 ] DEBUG Engine               - isBrowser: false
09:30:34.062 [FXGL Background Thread 3 ] DEBUG Engine               - isClickFeedbackEnabled: false
09:30:34.062 [FXGL Background Thread 3 ] DEBUG Engine               - isCloseConfirmation: false
09:30:34.062 [FXGL Background Thread 3 ] DEBUG Engine               - isDesktop: true
09:30:34.063 [FXGL Background Thread 3 ] DEBUG Engine               - isDeveloperMenuEnabled: false
09:30:34.063 [FXGL Background Thread 3 ] DEBUG Engine               - isEntityPreloadEnabled: true
09:30:34.063 [FXGL Background Thread 3 ] DEBUG Engine               - isExperimental3D: false
09:30:34.063 [FXGL Background Thread 3 ] DEBUG Engine               - isExperimentalNative: false
09:30:34.063 [FXGL Background Thread 3 ] DEBUG Engine               - isExperimentalTiledLargeMap: false
09:30:34.063 [FXGL Background Thread 3 ] DEBUG Engine               - isFileSystemWriteAllowed: true
09:30:34.063 [FXGL Background Thread 3 ] DEBUG Engine               - isFullScreenAllowed: false
09:30:34.064 [FXGL Background Thread 3 ] DEBUG Engine               - isFullScreenFromStart: false
09:30:34.065 [FXGL Background Thread 3 ] DEBUG Engine               - isGameMenuEnabled: true
09:30:34.066 [FXGL Background Thread 3 ] DEBUG Engine               - isIOS: false
09:30:34.067 [FXGL Background Thread 3 ] DEBUG Engine               - isIntroEnabled: false
09:30:34.068 [FXGL Background Thread 3 ] DEBUG Engine               - isLinux: false
09:30:34.069 [FXGL Background Thread 3 ] DEBUG Engine               - isMac: true
09:30:34.069 [FXGL Background Thread 3 ] DEBUG Engine               - isMainMenuEnabled: true
09:30:34.070 [FXGL Background Thread 3 ] DEBUG Engine               - isManualResizeEnabled: false
09:30:34.070 [FXGL Background Thread 3 ] DEBUG Engine               - isMobile: false
09:30:34.070 [FXGL Background Thread 3 ] DEBUG Engine               - isPreserveResizeRatio: false
09:30:34.070 [FXGL Background Thread 3 ] DEBUG Engine               - isProfilingEnabled: false
09:30:34.071 [FXGL Background Thread 3 ] DEBUG Engine               - isScaleAffectedOnResize: true
09:30:34.071 [FXGL Background Thread 3 ] DEBUG Engine               - isSingleStep: false
09:30:34.072 [FXGL Background Thread 3 ] DEBUG Engine               - isUserProfileEnabled: false
09:30:34.072 [FXGL Background Thread 3 ] DEBUG Engine               - isWindows: false
09:30:34.073 [FXGL Background Thread 3 ] DEBUG Engine               - language: ObjectProperty [value: ENGLISH]
09:30:34.073 [FXGL Background Thread 3 ] DEBUG Engine               - menuKey: ESCAPE
09:30:34.074 [FXGL Background Thread 3 ] DEBUG Engine               - notificationViewClass: class com.almasb.fxgl.notification.view.XboxNotificationView
09:30:34.074 [FXGL Background Thread 3 ] DEBUG Engine               - pixelsPerMeter: 50.0
09:30:34.074 [FXGL Background Thread 3 ] DEBUG Engine               - platform: MAC
09:30:34.074 [FXGL Background Thread 3 ] DEBUG Engine               - prefHeightProperty: ReadOnlyDoubleProperty [value: 700.0]
09:30:34.074 [FXGL Background Thread 3 ] DEBUG Engine               - prefWidthProperty: ReadOnlyDoubleProperty [value: 1050.0]
09:30:34.075 [FXGL Background Thread 3 ] DEBUG Engine               - profileDir: profiles/
09:30:34.075 [FXGL Background Thread 3 ] DEBUG Engine               - profileName: StringProperty [value: DEFAULT]
09:30:34.075 [FXGL Background Thread 3 ] DEBUG Engine               - randomSeed: -1
09:30:34.075 [FXGL Background Thread 3 ] DEBUG Engine               - runtimeInfo: RuntimeInfo(platform=MAC, version=11.14, build=01.03.2021 16.59)
09:30:34.076 [FXGL Background Thread 3 ] DEBUG Engine               - saveFileExt: sav
09:30:34.076 [FXGL Background Thread 3 ] DEBUG Engine               - scaledHeightProp$fxgl: DoubleProperty [bound, value: 700.0]
09:30:34.076 [FXGL Background Thread 3 ] DEBUG Engine               - scaledWidthProp$fxgl: DoubleProperty [bound, value: 1050.0]
09:30:34.076 [FXGL Background Thread 3 ] DEBUG Engine               - sceneFactory: com.almasb.fxgl.app.scene.SceneFactory@1725c8f8
09:30:34.076 [FXGL Background Thread 3 ] DEBUG Engine               - secondsIn24h: 60
09:30:34.077 [FXGL Background Thread 3 ] DEBUG Engine               - soundMenuBack: menu/back.wav
09:30:34.077 [FXGL Background Thread 3 ] DEBUG Engine               - soundMenuPress: menu/press.wav
09:30:34.077 [FXGL Background Thread 3 ] DEBUG Engine               - soundMenuSelect: menu/select.wav
09:30:34.078 [FXGL Background Thread 3 ] DEBUG Engine               - soundNotification: core/notification.wav
09:30:34.078 [FXGL Background Thread 3 ] DEBUG Engine               - stageStyle: DECORATED
09:30:34.078 [FXGL Background Thread 3 ] DEBUG Engine               - supportedLanguages: [ENGLISH, FRENCH, GERMAN, HUNGARIAN, RUSSIAN]
09:30:34.078 [FXGL Background Thread 3 ] DEBUG Engine               - ticksPerSecond: -1
09:30:34.079 [FXGL Background Thread 3 ] DEBUG Engine               - title: Demo game
09:30:34.079 [FXGL Background Thread 3 ] DEBUG Engine               - urlGithub: https://github.com/AlmasB/FXGL
09:30:34.079 [FXGL Background Thread 3 ] DEBUG Engine               - urlLeaderboard: http://fxgl-top.herokuapp.com/
09:30:34.079 [FXGL Background Thread 3 ] DEBUG Engine               - urlPOM: https://raw.githubusercontent.com/AlmasB/FXGL/release/README.md
09:30:34.079 [FXGL Background Thread 3 ] DEBUG Engine               - userAppClass: class Game
09:30:34.080 [FXGL Background Thread 3 ] DEBUG Engine               - version: 1.2
09:30:34.080 [FXGL Background Thread 3 ] DEBUG Engine               - versionCheckDays: 7
09:30:34.080 [FXGL Background Thread 3 ] DEBUG Engine               - width: 1050
09:30:34.080 [FXGL Background Thread 3 ] DEBUG Engine               - Logging services
09:30:34.081 [FXGL Background Thread 3 ] DEBUG Engine               - class com.almasb.fxgl.app.services.FXGLAssetLoaderService
09:30:34.081 [FXGL Background Thread 3 ] DEBUG Engine               - class com.almasb.fxgl.app.FXGLApplication$GameApplicationService
09:30:34.081 [FXGL Background Thread 3 ] DEBUG Engine               - class com.almasb.fxgl.app.services.FXGLDialogService
09:30:34.081 [FXGL Background Thread 3 ] DEBUG Engine               - class com.almasb.fxgl.app.services.IOTaskExecutorService
09:30:34.081 [FXGL Background Thread 3 ] DEBUG Engine               - class com.almasb.fxgl.event.EventBusService
09:30:34.081 [FXGL Background Thread 3 ] DEBUG Engine               - class com.almasb.fxgl.io.FileSystemService
09:30:34.082 [FXGL Background Thread 3 ] DEBUG Engine               - class com.almasb.fxgl.localization.LocalizationService
09:30:34.082 [FXGL Background Thread 3 ] DEBUG Engine               - class com.almasb.fxgl.app.services.SystemBundleService
09:30:34.083 [FXGL Background Thread 3 ] DEBUG Engine               - class com.almasb.fxgl.profile.SaveLoadService
09:30:34.083 [FXGL Background Thread 3 ] DEBUG Engine               - class com.almasb.fxgl.ui.FXGLUIFactoryServiceProvider
09:30:34.083 [FXGL Background Thread 3 ] DEBUG Engine               - class com.almasb.fxgl.ui.FXGLDialogFactoryServiceProvider
09:30:34.083 [FXGL Background Thread 3 ] DEBUG Engine               - class com.almasb.fxgl.audio.AudioPlayer
09:30:34.083 [FXGL Background Thread 3 ] DEBUG Engine               - class com.almasb.fxgl.notification.impl.NotificationServiceProvider
09:30:34.084 [FXGL Background Thread 3 ] DEBUG Engine               - class com.almasb.fxgl.achievement.AchievementService
09:30:34.084 [FXGL Background Thread 3 ] DEBUG Engine               - class com.almasb.fxgl.cutscene.CutsceneService
09:30:34.084 [FXGL Background Thread 3 ] DEBUG Engine               - class com.almasb.fxgl.minigames.MiniGameService
09:30:34.084 [FXGL Background Thread 3 ] DEBUG Engine               - class com.almasb.fxgl.net.NetService
09:30:34.084 [FXGL Background Thread 3 ] DEBUG Engine               - class com.almasb.fxgl.app.services.UpdaterService
09:30:34.085 [FXGL Background Thread 3 ] DEBUG Engine               - class com.almasb.fxgl.dev.DevService
09:30:40.652 [JavaFX Application Thread] DEBUG Menu                 - fireNewGame()
09:30:40.653 [JavaFX Application Thread] DEBUG GameApplicationServi - Starting new game
09:30:40.655 [JavaFX Application Thread] DEBUG PrimaryStageWindow   - Pop state: FXGLDefaultMenu
09:30:40.655 [JavaFX Application Thread] DEBUG Input                - Clearing active input actions
09:30:40.658 [JavaFX Application Thread] DEBUG GameApplicationServi - Removing overlay from FXGLDefaultMenu and adding to FXGLMainMenuDummyScene
09:30:40.659 [JavaFX Application Thread] DEBUG PrimaryStageWindow   - FXGLMainMenuDummyScene <- FXGLDefaultMenu
09:30:40.659 [JavaFX Application Thread] DEBUG Input                - Clearing active input actions
09:30:40.667 [JavaFX Application Thread] DEBUG GameApplicationServi - Removing overlay from FXGLMainMenuDummyScene and adding to FXGLLoadingScene
09:30:40.668 [JavaFX Application Thread] DEBUG PrimaryStageWindow   - FXGLMainMenuDummyScene -> FXGLLoadingScene
09:30:40.668 [JavaFX Application Thread] DEBUG GameApplicationServi - Clearing previous game
09:30:40.668 [JavaFX Application Thread] DEBUG GameScene            - Clearing game scene
09:30:40.668 [JavaFX Application Thread] DEBUG GameWorld            - Clearing game world
09:30:40.668 [JavaFX Application Thread] DEBUG PhysicsWorld         - Clearing physics world
09:30:40.670 [FXGL Background Thread 2 ] DEBUG FXGLApplication      - Initializing game
09:30:40.722 [FXGL Background Thread 2 ] WARN  TMXLevelLoader       - TiledMap generated from 1.0.1. Supported version: 1.2.3. Some features may not be parsed fully.
09:30:40.737 [FXGL Background Thread 2 ] DEBUG TMXLevelLoader       - Parsed raw map: TiledMap(width=15, height=10, tilewidth=70, tileheight=70, orientation=orthogonal, layers=[Layer(width=15, height=10, name=Tile Layer 1, type=tilelayer, visible=false, x=0, y=0, data=[153, 0, 0, 0, 0, 0, 0, 0, 0, 0, 0, 0, 0, 0, 0, 153, 2, 0, 0, 69, 57, 45, 0, 0, 0, 0, 0, 0, 0, 0, 153, 10, 0, 0, 0, 0, 0, 0, 0, 0, 0, 0, 0, 0, 0, 153, 153, 0, 0, 0, 0, 0, 0, 15, 3, 3, 27, 0, 0, 0, 153, 153, 0, 0, 0, 0, 0, 0, 0, 0, 0, 0, 0, 0, 0, 153, 153, 0, 0, 0, 0, 0, 0, 0, 0, 0, 0, 0, 0, 116, 153, 153, 0, 0, 0, 0, 0, 0, 15, 3, 3, 27, 0, 116, 153, 153, 153, 0, 0, 69, 81, 57, 0, 0, 0, 0, 0, 0, 153, 153, 153, 153, 0, 0, 0, 0, 0, 0, 0, 0, 0, 0, 0, 153, 153, 153, 153, 10, 105, 0, 0, 0, 129, 105, 0, 0, 0, 129, 153, 153], objects=[], opacity=0.0, draworder=), Layer(width=0, height=0, name=Object Layer 1, type=objectgroup, visible=false, x=0, y=0, data=[], objects=[com.almasb.fxgl.entity.level.tiled.TiledObject@9b4fb69, com.almasb.fxgl.entity.level.tiled.TiledObject@e73ab13, com.almasb.fxgl.entity.level.tiled.TiledObject@516bd07d, com.almasb.fxgl.entity.level.tiled.TiledObject@ae6dd9c, com.almasb.fxgl.entity.level.tiled.TiledObject@24a7101a, com.almasb.fxgl.entity.level.tiled.TiledObject@371f1cae, com.almasb.fxgl.entity.level.tiled.TiledObject@3878ca08, com.almasb.fxgl.entity.level.tiled.TiledObject@4ceeaa6, com.almasb.fxgl.entity.level.tiled.TiledObject@18750de5, com.almasb.fxgl.entity.level.tiled.TiledObject@57408829, com.almasb.fxgl.entity.level.tiled.TiledObject@29162043, com.almasb.fxgl.entity.level.tiled.TiledObject@5afe641d, com.almasb.fxgl.entity.level.tiled.TiledObject@6ad45082, com.almasb.fxgl.entity.level.tiled.TiledObject@39869c31, com.almasb.fxgl.entity.level.tiled.TiledObject@210ab77a, com.almasb.fxgl.entity.level.tiled.TiledObject@87df1ca, com.almasb.fxgl.entity.level.tiled.TiledObject@40e5e007, com.almasb.fxgl.entity.level.tiled.TiledObject@4d8f8b3e, com.almasb.fxgl.entity.level.tiled.TiledObject@39ca4492], opacity=0.0, draworder=)], tilesets=[Tileset(firstgid=1, image=tiles_spritesheet.png, name=tiles_spritesheet, tilewidth=70, tileheight=70, imagewidth=914, imageheight=936, margin=0, spacing=2, columns=12, tilecount=156, transparentcolor=, tiles=[])], backgroundcolor=, renderorder=right-down, nextobjectid=20, version=1, tiledversion=1.0.1, type=map, infinite=false, hexsidelength=0, staggeraxis=, staggerindex=, properties={}, propertytypes={})
09:30:40.738 [FXGL Background Thread 2 ] DEBUG TMXLevelLoader       - Creating tile layer entities
09:30:40.740 [FXGL Background Thread 2 ] DEBUG TilesetLoader        - Loading view for layer Tile Layer 1
09:30:40.741 [FXGL Background Thread 2 ] DEBUG TilesetLoader        - Created buffer with size 1050.0x700.0
09:30:40.790 [FXGL Background Thread 2 ] DEBUG TilesetLoader        - Writing to buffer: dst=0,0, w=70,h=70, src=576,864
09:30:40.790 [FXGL Background Thread 2 ] DEBUG TilesetLoader        - Writing to buffer: dst=0,70, w=70,h=70, src=576,864
09:30:40.791 [FXGL Background Thread 2 ] DEBUG TilesetLoader        - Writing to buffer: dst=70,70, w=70,h=70, src=72,0
09:30:40.791 [FXGL Background Thread 2 ] DEBUG TilesetLoader        - Writing to buffer: dst=280,70, w=70,h=70, src=576,360
09:30:40.791 [FXGL Background Thread 2 ] DEBUG TilesetLoader        - Writing to buffer: dst=350,70, w=70,h=70, src=576,288
09:30:40.791 [FXGL Background Thread 2 ] DEBUG TilesetLoader        - Writing to buffer: dst=420,70, w=70,h=70, src=576,216
09:30:40.791 [FXGL Background Thread 2 ] DEBUG TilesetLoader        - Writing to buffer: dst=0,140, w=70,h=70, src=576,864
09:30:40.791 [FXGL Background Thread 2 ] DEBUG TilesetLoader        - Writing to buffer: dst=70,140, w=70,h=70, src=648,0
09:30:40.791 [FXGL Background Thread 2 ] DEBUG TilesetLoader        - Writing to buffer: dst=0,210, w=70,h=70, src=576,864
09:30:40.791 [FXGL Background Thread 2 ] DEBUG TilesetLoader        - Writing to buffer: dst=70,210, w=70,h=70, src=576,864
09:30:40.791 [FXGL Background Thread 2 ] DEBUG TilesetLoader        - Writing to buffer: dst=560,210, w=70,h=70, src=144,72
09:30:40.792 [FXGL Background Thread 2 ] DEBUG TilesetLoader        - Writing to buffer: dst=630,210, w=70,h=70, src=144,0
09:30:40.792 [FXGL Background Thread 2 ] DEBUG TilesetLoader        - Writing to buffer: dst=700,210, w=70,h=70, src=144,0
09:30:40.792 [FXGL Background Thread 2 ] DEBUG TilesetLoader        - Writing to buffer: dst=770,210, w=70,h=70, src=144,144
09:30:40.792 [FXGL Background Thread 2 ] DEBUG TilesetLoader        - Writing to buffer: dst=0,280, w=70,h=70, src=576,864
09:30:40.792 [FXGL Background Thread 2 ] DEBUG TilesetLoader        - Writing to buffer: dst=70,280, w=70,h=70, src=576,864
09:30:40.793 [FXGL Background Thread 2 ] DEBUG TilesetLoader        - Writing to buffer: dst=0,350, w=70,h=70, src=576,864
09:30:40.793 [FXGL Background Thread 2 ] DEBUG TilesetLoader        - Writing to buffer: dst=70,350, w=70,h=70, src=576,864
09:30:40.793 [FXGL Background Thread 2 ] DEBUG TilesetLoader        - Writing to buffer: dst=980,350, w=70,h=70, src=504,648
09:30:40.793 [FXGL Background Thread 2 ] DEBUG TilesetLoader        - Writing to buffer: dst=0,420, w=70,h=70, src=576,864
09:30:40.793 [FXGL Background Thread 2 ] DEBUG TilesetLoader        - Writing to buffer: dst=70,420, w=70,h=70, src=576,864
09:30:40.794 [FXGL Background Thread 2 ] DEBUG TilesetLoader        - Writing to buffer: dst=560,420, w=70,h=70, src=144,72
09:30:40.794 [FXGL Background Thread 2 ] DEBUG TilesetLoader        - Writing to buffer: dst=630,420, w=70,h=70, src=144,0
09:30:40.794 [FXGL Background Thread 2 ] DEBUG TilesetLoader        - Writing to buffer: dst=700,420, w=70,h=70, src=144,0
09:30:40.794 [FXGL Background Thread 2 ] DEBUG TilesetLoader        - Writing to buffer: dst=770,420, w=70,h=70, src=144,144
09:30:40.794 [FXGL Background Thread 2 ] DEBUG TilesetLoader        - Writing to buffer: dst=910,420, w=70,h=70, src=504,648
09:30:40.794 [FXGL Background Thread 2 ] DEBUG TilesetLoader        - Writing to buffer: dst=980,420, w=70,h=70, src=576,864
09:30:40.795 [FXGL Background Thread 2 ] DEBUG TilesetLoader        - Writing to buffer: dst=0,490, w=70,h=70, src=576,864
09:30:40.795 [FXGL Background Thread 2 ] DEBUG TilesetLoader        - Writing to buffer: dst=70,490, w=70,h=70, src=576,864
09:30:40.796 [FXGL Background Thread 2 ] DEBUG TilesetLoader        - Writing to buffer: dst=280,490, w=70,h=70, src=576,360
09:30:40.796 [FXGL Background Thread 2 ] DEBUG TilesetLoader        - Writing to buffer: dst=350,490, w=70,h=70, src=576,432
09:30:40.796 [FXGL Background Thread 2 ] DEBUG TilesetLoader        - Writing to buffer: dst=420,490, w=70,h=70, src=576,288
09:30:40.796 [FXGL Background Thread 2 ] DEBUG TilesetLoader        - Writing to buffer: dst=910,490, w=70,h=70, src=576,864
09:30:40.796 [FXGL Background Thread 2 ] DEBUG TilesetLoader        - Writing to buffer: dst=980,490, w=70,h=70, src=576,864
09:30:40.797 [FXGL Background Thread 2 ] DEBUG TilesetLoader        - Writing to buffer: dst=0,560, w=70,h=70, src=576,864
09:30:40.797 [FXGL Background Thread 2 ] DEBUG TilesetLoader        - Writing to buffer: dst=70,560, w=70,h=70, src=576,864
09:30:40.797 [FXGL Background Thread 2 ] DEBUG TilesetLoader        - Writing to buffer: dst=910,560, w=70,h=70, src=576,864
09:30:40.797 [FXGL Background Thread 2 ] DEBUG TilesetLoader        - Writing to buffer: dst=980,560, w=70,h=70, src=576,864
09:30:40.797 [FXGL Background Thread 2 ] DEBUG TilesetLoader        - Writing to buffer: dst=0,630, w=70,h=70, src=576,864
09:30:40.797 [FXGL Background Thread 2 ] DEBUG TilesetLoader        - Writing to buffer: dst=70,630, w=70,h=70, src=576,864
09:30:40.797 [FXGL Background Thread 2 ] DEBUG TilesetLoader        - Writing to buffer: dst=140,630, w=70,h=70, src=648,0
09:30:40.797 [FXGL Background Thread 2 ] DEBUG TilesetLoader        - Writing to buffer: dst=210,630, w=70,h=70, src=576,576
09:30:40.797 [FXGL Background Thread 2 ] DEBUG TilesetLoader        - Writing to buffer: dst=490,630, w=70,h=70, src=576,720
09:30:40.797 [FXGL Background Thread 2 ] DEBUG TilesetLoader        - Writing to buffer: dst=560,630, w=70,h=70, src=576,576
09:30:40.798 [FXGL Background Thread 2 ] DEBUG TilesetLoader        - Writing to buffer: dst=840,630, w=70,h=70, src=576,720
09:30:40.798 [FXGL Background Thread 2 ] DEBUG TilesetLoader        - Writing to buffer: dst=910,630, w=70,h=70, src=576,864
09:30:40.798 [FXGL Background Thread 2 ] DEBUG TilesetLoader        - Writing to buffer: dst=980,630, w=70,h=70, src=576,864
09:30:40.798 [FXGL Background Thread 2 ] DEBUG TMXLevelLoader       - Creating object layer entities
09:30:40.814 [FXGL Background Thread 2 ] DEBUG FXGLAssetLoaderServi - Loading from file system: file:/Users/merdanusta/IdeaProjects/IPOSE-Maven/target/classes/assets/textures/star.png
09:30:40.818 [FXGL Background Thread 2 ] DEBUG GameWorld            - Clearing removable entities
09:30:40.818 [FXGL Background Thread 2 ] DEBUG GameWorld            - Setting level: com.almasb.fxgl.entity.level.Level@1dcb899b
09:30:40.829 [FXGL Background Thread 2 ] DEBUG FXGLAssetLoaderServi - Loading from file system: file:/Users/merdanusta/IdeaProjects/IPOSE-Maven/target/classes/assets/textures/girl.png
09:30:40.837 [FXGL Background Thread 2 ] INFO  FXGLApplication      - Game initialization took: 0.167 sec
09:30:40.838 [JavaFX Application Thread] DEBUG Input                - Clearing active input actions
09:30:40.842 [JavaFX Application Thread] DEBUG GameApplicationServi - Removing overlay from FXGLLoadingScene and adding to GameScene
09:30:40.842 [JavaFX Application Thread] DEBUG PrimaryStageWindow   - FXGLLoadingScene -> GameScene
09:31:12.419 [JavaFX Application Thread] DEBUG FXGLApplication      - Exiting FXGL
09:31:12.419 [JavaFX Application Thread] DEBUG LoopRunner           - Stopping loop
09:31:12.419 [JavaFX Application Thread] DEBUG SystemBundleService  - Saving FXGL system data
09:31:12.424 [JavaFX Application Thread] DEBUG FileSystemAccess     - Writing to: /Users/merdanusta/IdeaProjects/IPOSE-Maven/system/fxgl.bundle
09:31:12.426 [JavaFX Application Thread] DEBUG Async                - Shutting down background threads
09:31:12.427 [JavaFX Application Thread] DEBUG PrimaryStageWindow   - Closing main window
09:31:12.436 [JavaFX Application Thread] DEBUG Logger               - Closing Logger
