00:55:35.220 [main                     ] DEBUG Logger               - Configured Logger
00:55:35.238 [main                     ] DEBUG GameApplication      - Logging settings
Title: Demo game
Version: 1.0
Width: 225
Height: 150
Fullscreen: false
Intro: false
Profiling: false
Single step:false
App Mode: DEVELOPER
Menu Key: ESCAPE
Stage Style: DECORATED
Scene Factory: class com.almasb.fxgl.app.scene.SceneFactory

00:55:35.875 [JavaFX Application Thread] DEBUG FXGLApplication      - Initializing FXGL
00:55:35.877 [JavaFX Application Thread] INFO  Engine               - FXGL-11.14 (01.03.2021 16.59) on WINDOWS (J:15.0.2 FX:15)
00:55:35.877 [JavaFX Application Thread] DEBUG Engine               - JRE Vendor Name: Amazon.com Inc.
00:55:35.878 [JavaFX Application Thread] DEBUG Engine               - Running on OS: Windows 10 version 10.0
00:55:35.878 [JavaFX Application Thread] DEBUG Engine               - Architecture: amd64
00:55:35.878 [JavaFX Application Thread] INFO  Engine               - Source code and latest versions at: https://github.com/AlmasB/FXGL
00:55:35.878 [JavaFX Application Thread] INFO  Engine               -              Join the FXGL chat at: https://gitter.im/AlmasB/FXGL
00:55:36.057 [JavaFX Application Thread] DEBUG PrimaryStageWindow   - Creating a JavaFX scene
00:55:36.128 [JavaFX Application Thread] DEBUG PrimaryStageWindow   - Target settings size: 225.0 x 150.0
00:55:36.129 [JavaFX Application Thread] DEBUG PrimaryStageWindow   - Scaled scene size:    225.0 x 150.0
00:55:36.130 [JavaFX Application Thread] DEBUG PrimaryStageWindow   - Scaled ratio: (1.0, 1.0)
00:55:36.131 [JavaFX Application Thread] DEBUG PrimaryStageWindow   - Set initial scene to FXGLStartupScene
00:55:36.139 [JavaFX Application Thread] DEBUG PrimaryStageWindow   - Opening main window
00:55:36.275 [JavaFX Application Thread] DEBUG PrimaryStageWindow   - Window border size: (15.0, 38.0)
00:55:36.275 [JavaFX Application Thread] DEBUG PrimaryStageWindow   - Scaled size: 225.0 x 150.0
00:55:36.275 [JavaFX Application Thread] DEBUG PrimaryStageWindow   - Scaled ratio: (1.0, 1.0)
00:55:36.275 [JavaFX Application Thread] DEBUG PrimaryStageWindow   - Scene size: 225.0 x 150.0
00:55:36.275 [JavaFX Application Thread] DEBUG PrimaryStageWindow   - Stage size: 240.0 x 188.0
00:55:36.324 [FXGL Background Thread 1 ] DEBUG Engine               - Initializing environment variables
00:55:36.356 [FXGL Background Thread 1 ] DEBUG FXGLAssetLoaderServi - User app class for loading assets: class Game
00:55:36.356 [FXGL Background Thread 1 ] DEBUG GameApplicationServi - Applying CSS: fxgl_dark.css
00:55:36.357 [FXGL Background Thread 1 ] DEBUG FXGLAssetLoaderServi - Loading from file system: jar:file:/C:/Users/Eigenaar/.m2/repository/com/github/almasb/fxgl/11.14/fxgl-11.14.jar!/fxglassets/ui/css/fxgl_dark.css
00:55:36.402 [FXGL Background Thread 1 ] DEBUG GameApplicationServi - Initializing application scenes
00:55:36.473 [FXGL Background Thread 1 ] DEBUG GameWorld            - Game world initialized
00:55:36.534 [FXGL Background Thread 1 ] DEBUG PhysicsWorld         - Physics world initialized: appHeight=150, physics.ppm=50,0
00:55:36.534 [FXGL Background Thread 1 ] DEBUG PhysicsWorld         - Using strategy: BRUTE_FORCE
00:55:36.537 [FXGL Background Thread 1 ] DEBUG GameScene            - Game scene initialized: 225x150
00:55:36.551 [FXGL Background Thread 1 ] WARN  FXGL.DefaultMenu     - FXGLDefaultMenu is not designed for resolutions < 800x600
00:55:36.594 [FXGL Background Thread 1 ] DEBUG FXGLAssetLoaderServi - Loading from file system: jar:file:/C:/Users/Eigenaar/.m2/repository/com/github/almasb/fxgl/11.14/fxgl-11.14.jar!/fxglassets/textures/particles/trace_horizontal.png
00:55:36.646 [FXGL Background Thread 1 ] DEBUG FXGL.DefaultMenu     - createMenuBodyGameMenu()
00:55:36.667 [FXGL Background Thread 1 ] DEBUG FXGL.DefaultMenu     - createOptionsMenu()
00:55:36.676 [FXGL Background Thread 1 ] DEBUG FXGLAssetLoaderServi - Loading from file system: jar:file:/C:/Users/Eigenaar/.m2/repository/com/github/almasb/fxgl/11.14/fxgl-11.14.jar!/fxglassets/textures/particles/smoke.png
00:55:36.742 [FXGL Background Thread 1 ] DEBUG GameApplicationServi - Application scenes initialized
00:55:36.755 [FXGL Background Thread 1 ] DEBUG SystemBundleService  - Loading FXGL system data
00:55:36.759 [FXGL Background Thread 1 ] DEBUG FileSystemAccess     - Reading from: C:\Users\Eigenaar\OneDrive - Hogeschool Leiden\IPOSE-Maven\system\fxgl.bundle
00:55:36.766 [FXGL Background Thread 1 ] DEBUG SystemBundleService  - Bundle FXGL: {}
00:55:36.767 [FXGL Background Thread 1 ] DEBUG UpdaterService       - Checking for updates
00:55:36.829 [FXGL Background Thread 4 ] DEBUG FXGLApplication      - Loading fonts
00:55:36.831 [FXGL Background Thread 4 ] DEBUG FXGLAssetLoaderServi - Loading from file system: jar:file:/C:/Users/Eigenaar/.m2/repository/com/github/almasb/fxgl/11.14/fxgl-11.14.jar!/fxglassets/ui/fonts/VarelaRound-Regular.ttf
00:55:36.772 [FXGL Background Thread 1 ] DEBUG FXGLApplication      - Loading default localization
00:55:36.832 [FXGL Background Thread 1 ] DEBUG FXGLAssetLoaderServi - Loading from file system: jar:file:/C:/Users/Eigenaar/.m2/repository/com/github/almasb/fxgl/11.14/fxgl-11.14.jar!/fxglassets/languages/english.lang
00:55:36.856 [FXGL Background Thread 1 ] INFO  FXGLApplication      - FXGL initialization took: 0,531 sec
00:55:36.866 [JavaFX Application Thread] DEBUG Input                - Registered new binding: action0 - D
00:55:36.866 [JavaFX Application Thread] DEBUG Input                - Registered new binding: action1 - A
00:55:36.866 [JavaFX Application Thread] DEBUG Input                - Registered new binding: action2 - W
00:55:36.867 [JavaFX Application Thread] DEBUG Input                - Registered new binding: action3 - S
00:55:36.868 [JavaFX Application Thread] DEBUG FXGLAssetLoaderServi - Loading from file system: jar:file:/C:/Users/Eigenaar/.m2/repository/com/github/almasb/fxgl/11.14/fxgl-11.14.jar!/fxglassets/textures/fxgl_icon.png
00:55:36.887 [JavaFX Application Thread] DEBUG FXGLAssetLoaderServi - Loading from file system: jar:file:/C:/Users/Eigenaar/.m2/repository/com/github/almasb/fxgl/11.14/fxgl-11.14.jar!/fxglassets/ui/cursors/fxgl_default.png
00:55:36.889 [JavaFX Application Thread] DEBUG Input                - Registered new binding: Screenshot - P
00:55:36.890 [JavaFX Application Thread] DEBUG Input                - Registered new binding: System info dump - CTRL+9
00:55:36.890 [JavaFX Application Thread] DEBUG Input                - Registered new binding: Restart - CTRL+R
00:55:36.891 [JavaFX Application Thread] DEBUG Input                - Registered new binding: Toggle Debug Camera - CTRL+C
00:55:36.893 [JavaFX Application Thread] DEBUG LoopRunner           - Starting loop
00:55:36.894 [JavaFX Application Thread] DEBUG LoopRunner           - Initializing JavaFX AnimationTimerLoop
00:55:36.904 [JavaFX Application Thread] DEBUG GameApplicationServi - Starting new game
00:55:36.905 [JavaFX Application Thread] DEBUG Input                - Clearing active input actions
00:55:36.943 [JavaFX Application Thread] DEBUG GameApplicationServi - Removing overlay from FXGLStartupScene and adding to FXGLLoadingScene
00:55:36.944 [JavaFX Application Thread] DEBUG PrimaryStageWindow   - FXGLStartupScene -> FXGLLoadingScene
00:55:36.944 [JavaFX Application Thread] DEBUG GameApplicationServi - Clearing previous game
00:55:36.944 [JavaFX Application Thread] DEBUG GameScene            - Clearing game scene
00:55:36.947 [JavaFX Application Thread] DEBUG GameWorld            - Clearing game world
00:55:36.947 [JavaFX Application Thread] DEBUG PhysicsWorld         - Clearing physics world
00:55:36.948 [FXGL Background Thread 1 ] DEBUG FXGLApplication      - Initializing game
00:55:37.089 [FXGL Background Thread 1 ] WARN  TMXLevelLoader       - TiledMap generated from 1.8.4. Supported version: 1.2.3. Some features may not be parsed fully.
00:55:37.096 [FXGL Background Thread 1 ] DEBUG TMXLevelLoader       - Parsed raw map: TiledMap(width=15, height=10, tilewidth=15, tileheight=15, orientation=orthogonal, layers=[Layer(width=15, height=10, name=Tile Layer 1, type=tilelayer, visible=false, x=0, y=0, data=[59, 61, 123, 123, 123, 123, 123, 123, 123, 59, 61, 123, 123, 123, 185, 75, 77, 1, 1, 1, 0, 0, 1, 0, 75, 93, 1, 1, 1, 1, 75, 77, 1, 1, 1, 0, 0, 1, 0, 91, 93, 1, 1, 1, 1, 75, 77, 1, 1, 1, 0, 33, 34, 35, 91, 93, 7, 7, 7, 7, 75, 77, 1, 1, 1, 0, 49, 50, 51, 91, 93, 0, 0, 0, 1, 75, 77, 1, 1, 1, 0, 0, 0, 0, 91, 93, 0, 0, 0, 1, 75, 77, 7, 7, 7, 0, 0, 0, 0, 91, 93, 0, 20, 0, 1, 75, 77, 1, 1, 18, 0, 0, 0, 18, 91, 93, 0, 21, 0, 1, 107, 109, 1, 1, 19, 1, 1, 1, 19, 107, 109, 1, 22, 1, 1, 190, 190, 190, 190, 190, 190, 190, 190, 190, 190, 190, 190, 190, 190, 190], objects=[], opacity=0.0, draworder=), Layer(width=0, height=0, name=Object Layer 1, type=objectgroup, visible=false, x=0, y=0, data=[], objects=[com.almasb.fxgl.entity.level.tiled.TiledObject@5a2aa6fe, com.almasb.fxgl.entity.level.tiled.TiledObject@1c6ae7a8, com.almasb.fxgl.entity.level.tiled.TiledObject@3250101d, com.almasb.fxgl.entity.level.tiled.TiledObject@1117238, com.almasb.fxgl.entity.level.tiled.TiledObject@e8339b2, com.almasb.fxgl.entity.level.tiled.TiledObject@451fd86d, com.almasb.fxgl.entity.level.tiled.TiledObject@77fdf82b, com.almasb.fxgl.entity.level.tiled.TiledObject@7df7c45e, com.almasb.fxgl.entity.level.tiled.TiledObject@6a2e3cfb, com.almasb.fxgl.entity.level.tiled.TiledObject@51495d63], opacity=0.0, draworder=)], tilesets=[Tileset(firstgid=1, image=castle-tileset.png, name=castle-tileset, tilewidth=15, tileheight=15, imagewidth=256, imageheight=272, margin=0, spacing=1, columns=16, tilecount=272, transparentcolor=, tiles=[])], backgroundcolor=, renderorder=right-down, nextobjectid=22, version=1, tiledversion=1.8.4, type=map, infinite=false, hexsidelength=0, staggeraxis=, staggerindex=, properties={}, propertytypes={})
00:55:37.097 [FXGL Background Thread 1 ] DEBUG TMXLevelLoader       - Creating tile layer entities
00:55:37.100 [FXGL Background Thread 1 ] DEBUG TilesetLoader        - Loading view for layer Tile Layer 1
00:55:37.100 [FXGL Background Thread 1 ] DEBUG TilesetLoader        - Created buffer with size 225.0x150.0
00:55:37.101 [FXGL Background Thread 1 ] WARN  TilesetLoader        - castle-tileset.png cannot be loaded using mapURL=file:/C:/Users/Eigenaar/OneDrive%20-%20Hogeschool%20Leiden/IPOSE-Maven/target/classes/assets/levels/castle.tmx Error: java.io.FileNotFoundException: C:\Users\Eigenaar\OneDrive - Hogeschool Leiden\IPOSE-Maven\target\classes\assets\levels\castle-tileset.png (The system cannot find the file specified)
00:55:37.142 [FXGL Background Thread 1 ] DEBUG TilesetLoader        - Writing to buffer: dst=0,0, w=15,h=15, src=160,48
00:55:37.142 [FXGL Background Thread 1 ] DEBUG TilesetLoader        - Writing to buffer: dst=15,0, w=15,h=15, src=192,48
00:55:37.142 [FXGL Background Thread 1 ] DEBUG TilesetLoader        - Writing to buffer: dst=30,0, w=15,h=15, src=160,112
00:55:37.143 [FXGL Background Thread 1 ] DEBUG TilesetLoader        - Writing to buffer: dst=45,0, w=15,h=15, src=160,112
00:55:37.143 [FXGL Background Thread 1 ] DEBUG TilesetLoader        - Writing to buffer: dst=60,0, w=15,h=15, src=160,112
00:55:37.143 [FXGL Background Thread 1 ] DEBUG TilesetLoader        - Writing to buffer: dst=75,0, w=15,h=15, src=160,112
00:55:37.143 [FXGL Background Thread 1 ] DEBUG TilesetLoader        - Writing to buffer: dst=90,0, w=15,h=15, src=160,112
00:55:37.143 [FXGL Background Thread 1 ] DEBUG TilesetLoader        - Writing to buffer: dst=105,0, w=15,h=15, src=160,112
00:55:37.144 [FXGL Background Thread 1 ] DEBUG TilesetLoader        - Writing to buffer: dst=120,0, w=15,h=15, src=160,112
00:55:37.144 [FXGL Background Thread 1 ] DEBUG TilesetLoader        - Writing to buffer: dst=135,0, w=15,h=15, src=160,48
00:55:37.144 [FXGL Background Thread 1 ] DEBUG TilesetLoader        - Writing to buffer: dst=150,0, w=15,h=15, src=192,48
00:55:37.144 [FXGL Background Thread 1 ] DEBUG TilesetLoader        - Writing to buffer: dst=165,0, w=15,h=15, src=160,112
00:55:37.144 [FXGL Background Thread 1 ] DEBUG TilesetLoader        - Writing to buffer: dst=180,0, w=15,h=15, src=160,112
00:55:37.144 [FXGL Background Thread 1 ] DEBUG TilesetLoader        - Writing to buffer: dst=195,0, w=15,h=15, src=160,112
00:55:37.145 [FXGL Background Thread 1 ] DEBUG TilesetLoader        - Writing to buffer: dst=210,0, w=15,h=15, src=128,176
00:55:37.145 [FXGL Background Thread 1 ] DEBUG TilesetLoader        - Writing to buffer: dst=0,15, w=15,h=15, src=160,64
00:55:37.146 [FXGL Background Thread 1 ] DEBUG TilesetLoader        - Writing to buffer: dst=15,15, w=15,h=15, src=192,64
00:55:37.146 [FXGL Background Thread 1 ] DEBUG TilesetLoader        - Writing to buffer: dst=30,15, w=15,h=15, src=0,0
00:55:37.146 [FXGL Background Thread 1 ] DEBUG TilesetLoader        - Writing to buffer: dst=45,15, w=15,h=15, src=0,0
00:55:37.147 [FXGL Background Thread 1 ] DEBUG TilesetLoader        - Writing to buffer: dst=60,15, w=15,h=15, src=0,0
00:55:37.147 [FXGL Background Thread 1 ] DEBUG TilesetLoader        - Writing to buffer: dst=105,15, w=15,h=15, src=0,0
00:55:37.148 [FXGL Background Thread 1 ] DEBUG TilesetLoader        - Writing to buffer: dst=135,15, w=15,h=15, src=160,64
00:55:37.149 [FXGL Background Thread 1 ] DEBUG TilesetLoader        - Writing to buffer: dst=150,15, w=15,h=15, src=192,80
00:55:37.150 [FXGL Background Thread 1 ] DEBUG TilesetLoader        - Writing to buffer: dst=165,15, w=15,h=15, src=0,0
00:55:37.150 [FXGL Background Thread 1 ] DEBUG TilesetLoader        - Writing to buffer: dst=180,15, w=15,h=15, src=0,0
00:55:37.150 [FXGL Background Thread 1 ] DEBUG TilesetLoader        - Writing to buffer: dst=195,15, w=15,h=15, src=0,0
00:55:37.150 [FXGL Background Thread 1 ] DEBUG TilesetLoader        - Writing to buffer: dst=210,15, w=15,h=15, src=0,0
00:55:37.151 [FXGL Background Thread 1 ] DEBUG TilesetLoader        - Writing to buffer: dst=0,30, w=15,h=15, src=160,64
00:55:37.151 [FXGL Background Thread 1 ] DEBUG TilesetLoader        - Writing to buffer: dst=15,30, w=15,h=15, src=192,64
00:55:37.151 [FXGL Background Thread 1 ] DEBUG TilesetLoader        - Writing to buffer: dst=30,30, w=15,h=15, src=0,0
00:55:37.151 [FXGL Background Thread 1 ] DEBUG TilesetLoader        - Writing to buffer: dst=45,30, w=15,h=15, src=0,0
00:55:37.151 [FXGL Background Thread 1 ] DEBUG TilesetLoader        - Writing to buffer: dst=60,30, w=15,h=15, src=0,0
00:55:37.152 [FXGL Background Thread 1 ] DEBUG TilesetLoader        - Writing to buffer: dst=105,30, w=15,h=15, src=0,0
00:55:37.152 [FXGL Background Thread 1 ] DEBUG TilesetLoader        - Writing to buffer: dst=135,30, w=15,h=15, src=160,80
00:55:37.152 [FXGL Background Thread 1 ] DEBUG TilesetLoader        - Writing to buffer: dst=150,30, w=15,h=15, src=192,80
00:55:37.152 [FXGL Background Thread 1 ] DEBUG TilesetLoader        - Writing to buffer: dst=165,30, w=15,h=15, src=0,0
00:55:37.152 [FXGL Background Thread 1 ] DEBUG TilesetLoader        - Writing to buffer: dst=180,30, w=15,h=15, src=0,0
00:55:37.153 [FXGL Background Thread 1 ] DEBUG TilesetLoader        - Writing to buffer: dst=195,30, w=15,h=15, src=0,0
00:55:37.153 [FXGL Background Thread 1 ] DEBUG TilesetLoader        - Writing to buffer: dst=210,30, w=15,h=15, src=0,0
00:55:37.154 [FXGL Background Thread 1 ] DEBUG TilesetLoader        - Writing to buffer: dst=0,45, w=15,h=15, src=160,64
00:55:37.154 [FXGL Background Thread 1 ] DEBUG TilesetLoader        - Writing to buffer: dst=15,45, w=15,h=15, src=192,64
00:55:37.154 [FXGL Background Thread 1 ] DEBUG TilesetLoader        - Writing to buffer: dst=30,45, w=15,h=15, src=0,0
00:55:37.154 [FXGL Background Thread 1 ] DEBUG TilesetLoader        - Writing to buffer: dst=45,45, w=15,h=15, src=0,0
00:55:37.154 [FXGL Background Thread 1 ] DEBUG TilesetLoader        - Writing to buffer: dst=60,45, w=15,h=15, src=0,0
00:55:37.154 [FXGL Background Thread 1 ] DEBUG TilesetLoader        - Writing to buffer: dst=90,45, w=15,h=15, src=0,32
00:55:37.154 [FXGL Background Thread 1 ] DEBUG TilesetLoader        - Writing to buffer: dst=105,45, w=15,h=15, src=16,32
00:55:37.155 [FXGL Background Thread 1 ] DEBUG TilesetLoader        - Writing to buffer: dst=120,45, w=15,h=15, src=32,32
00:55:37.155 [FXGL Background Thread 1 ] DEBUG TilesetLoader        - Writing to buffer: dst=135,45, w=15,h=15, src=160,80
00:55:37.155 [FXGL Background Thread 1 ] DEBUG TilesetLoader        - Writing to buffer: dst=150,45, w=15,h=15, src=192,80
00:55:37.155 [FXGL Background Thread 1 ] DEBUG TilesetLoader        - Writing to buffer: dst=165,45, w=15,h=15, src=96,0
00:55:37.155 [FXGL Background Thread 1 ] DEBUG TilesetLoader        - Writing to buffer: dst=180,45, w=15,h=15, src=96,0
00:55:37.155 [FXGL Background Thread 1 ] DEBUG TilesetLoader        - Writing to buffer: dst=195,45, w=15,h=15, src=96,0
00:55:37.155 [FXGL Background Thread 1 ] DEBUG TilesetLoader        - Writing to buffer: dst=210,45, w=15,h=15, src=96,0
00:55:37.156 [FXGL Background Thread 1 ] DEBUG TilesetLoader        - Writing to buffer: dst=0,60, w=15,h=15, src=160,64
00:55:37.156 [FXGL Background Thread 1 ] DEBUG TilesetLoader        - Writing to buffer: dst=15,60, w=15,h=15, src=192,64
00:55:37.156 [FXGL Background Thread 1 ] DEBUG TilesetLoader        - Writing to buffer: dst=30,60, w=15,h=15, src=0,0
00:55:37.156 [FXGL Background Thread 1 ] DEBUG TilesetLoader        - Writing to buffer: dst=45,60, w=15,h=15, src=0,0
00:55:37.156 [FXGL Background Thread 1 ] DEBUG TilesetLoader        - Writing to buffer: dst=60,60, w=15,h=15, src=0,0
00:55:37.156 [FXGL Background Thread 1 ] DEBUG TilesetLoader        - Writing to buffer: dst=90,60, w=15,h=15, src=0,48
00:55:37.157 [FXGL Background Thread 1 ] DEBUG TilesetLoader        - Writing to buffer: dst=105,60, w=15,h=15, src=16,48
00:55:37.157 [FXGL Background Thread 1 ] DEBUG TilesetLoader        - Writing to buffer: dst=120,60, w=15,h=15, src=32,48
00:55:37.157 [FXGL Background Thread 1 ] DEBUG TilesetLoader        - Writing to buffer: dst=135,60, w=15,h=15, src=160,80
00:55:37.157 [FXGL Background Thread 1 ] DEBUG TilesetLoader        - Writing to buffer: dst=150,60, w=15,h=15, src=192,80
00:55:37.157 [FXGL Background Thread 1 ] DEBUG TilesetLoader        - Writing to buffer: dst=210,60, w=15,h=15, src=0,0
00:55:37.157 [FXGL Background Thread 1 ] DEBUG TilesetLoader        - Writing to buffer: dst=0,75, w=15,h=15, src=160,64
00:55:37.157 [FXGL Background Thread 1 ] DEBUG TilesetLoader        - Writing to buffer: dst=15,75, w=15,h=15, src=192,64
00:55:37.157 [FXGL Background Thread 1 ] DEBUG TilesetLoader        - Writing to buffer: dst=30,75, w=15,h=15, src=0,0
00:55:37.158 [FXGL Background Thread 1 ] DEBUG TilesetLoader        - Writing to buffer: dst=45,75, w=15,h=15, src=0,0
00:55:37.158 [FXGL Background Thread 1 ] DEBUG TilesetLoader        - Writing to buffer: dst=60,75, w=15,h=15, src=0,0
00:55:37.158 [FXGL Background Thread 1 ] DEBUG TilesetLoader        - Writing to buffer: dst=135,75, w=15,h=15, src=160,80
00:55:37.158 [FXGL Background Thread 1 ] DEBUG TilesetLoader        - Writing to buffer: dst=150,75, w=15,h=15, src=192,80
00:55:37.158 [FXGL Background Thread 1 ] DEBUG TilesetLoader        - Writing to buffer: dst=210,75, w=15,h=15, src=0,0
00:55:37.158 [FXGL Background Thread 1 ] DEBUG TilesetLoader        - Writing to buffer: dst=0,90, w=15,h=15, src=160,64
00:55:37.158 [FXGL Background Thread 1 ] DEBUG TilesetLoader        - Writing to buffer: dst=15,90, w=15,h=15, src=192,64
00:55:37.159 [FXGL Background Thread 1 ] DEBUG TilesetLoader        - Writing to buffer: dst=30,90, w=15,h=15, src=96,0
00:55:37.159 [FXGL Background Thread 1 ] DEBUG TilesetLoader        - Writing to buffer: dst=45,90, w=15,h=15, src=96,0
00:55:37.159 [FXGL Background Thread 1 ] DEBUG TilesetLoader        - Writing to buffer: dst=60,90, w=15,h=15, src=96,0
00:55:37.159 [FXGL Background Thread 1 ] DEBUG TilesetLoader        - Writing to buffer: dst=135,90, w=15,h=15, src=160,80
00:55:37.159 [FXGL Background Thread 1 ] DEBUG TilesetLoader        - Writing to buffer: dst=150,90, w=15,h=15, src=192,80
00:55:37.159 [FXGL Background Thread 1 ] DEBUG TilesetLoader        - Writing to buffer: dst=180,90, w=15,h=15, src=48,16
00:55:37.159 [FXGL Background Thread 1 ] DEBUG TilesetLoader        - Writing to buffer: dst=210,90, w=15,h=15, src=0,0
00:55:37.159 [FXGL Background Thread 1 ] DEBUG TilesetLoader        - Writing to buffer: dst=0,105, w=15,h=15, src=160,64
00:55:37.159 [FXGL Background Thread 1 ] DEBUG TilesetLoader        - Writing to buffer: dst=15,105, w=15,h=15, src=192,64
00:55:37.160 [FXGL Background Thread 1 ] DEBUG TilesetLoader        - Writing to buffer: dst=30,105, w=15,h=15, src=0,0
00:55:37.160 [FXGL Background Thread 1 ] DEBUG TilesetLoader        - Writing to buffer: dst=45,105, w=15,h=15, src=0,0
00:55:37.160 [FXGL Background Thread 1 ] DEBUG TilesetLoader        - Writing to buffer: dst=60,105, w=15,h=15, src=16,16
00:55:37.160 [FXGL Background Thread 1 ] DEBUG TilesetLoader        - Writing to buffer: dst=120,105, w=15,h=15, src=16,16
00:55:37.160 [FXGL Background Thread 1 ] DEBUG TilesetLoader        - Writing to buffer: dst=135,105, w=15,h=15, src=160,80
00:55:37.160 [FXGL Background Thread 1 ] DEBUG TilesetLoader        - Writing to buffer: dst=150,105, w=15,h=15, src=192,80
00:55:37.161 [FXGL Background Thread 1 ] DEBUG TilesetLoader        - Writing to buffer: dst=180,105, w=15,h=15, src=64,16
00:55:37.161 [FXGL Background Thread 1 ] DEBUG TilesetLoader        - Writing to buffer: dst=210,105, w=15,h=15, src=0,0
00:55:37.161 [FXGL Background Thread 1 ] DEBUG TilesetLoader        - Writing to buffer: dst=0,120, w=15,h=15, src=160,96
00:55:37.161 [FXGL Background Thread 1 ] DEBUG TilesetLoader        - Writing to buffer: dst=15,120, w=15,h=15, src=192,96
00:55:37.161 [FXGL Background Thread 1 ] DEBUG TilesetLoader        - Writing to buffer: dst=30,120, w=15,h=15, src=0,0
00:55:37.161 [FXGL Background Thread 1 ] DEBUG TilesetLoader        - Writing to buffer: dst=45,120, w=15,h=15, src=0,0
00:55:37.161 [FXGL Background Thread 1 ] DEBUG TilesetLoader        - Writing to buffer: dst=60,120, w=15,h=15, src=32,16
00:55:37.162 [FXGL Background Thread 1 ] DEBUG TilesetLoader        - Writing to buffer: dst=75,120, w=15,h=15, src=0,0
00:55:37.162 [FXGL Background Thread 1 ] DEBUG TilesetLoader        - Writing to buffer: dst=90,120, w=15,h=15, src=0,0
00:55:37.163 [FXGL Background Thread 1 ] DEBUG TilesetLoader        - Writing to buffer: dst=105,120, w=15,h=15, src=0,0
00:55:37.163 [FXGL Background Thread 1 ] DEBUG TilesetLoader        - Writing to buffer: dst=120,120, w=15,h=15, src=32,16
00:55:37.163 [FXGL Background Thread 1 ] DEBUG TilesetLoader        - Writing to buffer: dst=135,120, w=15,h=15, src=160,96
00:55:37.164 [FXGL Background Thread 1 ] DEBUG TilesetLoader        - Writing to buffer: dst=150,120, w=15,h=15, src=192,96
00:55:37.164 [FXGL Background Thread 1 ] DEBUG TilesetLoader        - Writing to buffer: dst=165,120, w=15,h=15, src=0,0
00:55:37.164 [FXGL Background Thread 1 ] DEBUG TilesetLoader        - Writing to buffer: dst=180,120, w=15,h=15, src=80,16
00:55:37.164 [FXGL Background Thread 1 ] DEBUG TilesetLoader        - Writing to buffer: dst=195,120, w=15,h=15, src=0,0
00:55:37.165 [FXGL Background Thread 1 ] DEBUG TilesetLoader        - Writing to buffer: dst=210,120, w=15,h=15, src=0,0
00:55:37.165 [FXGL Background Thread 1 ] DEBUG TilesetLoader        - Writing to buffer: dst=0,135, w=15,h=15, src=208,176
00:55:37.165 [FXGL Background Thread 1 ] DEBUG TilesetLoader        - Writing to buffer: dst=15,135, w=15,h=15, src=208,176
00:55:37.165 [FXGL Background Thread 1 ] DEBUG TilesetLoader        - Writing to buffer: dst=30,135, w=15,h=15, src=208,176
00:55:37.165 [FXGL Background Thread 1 ] DEBUG TilesetLoader        - Writing to buffer: dst=45,135, w=15,h=15, src=208,176
00:55:37.165 [FXGL Background Thread 1 ] DEBUG TilesetLoader        - Writing to buffer: dst=60,135, w=15,h=15, src=208,176
00:55:37.165 [FXGL Background Thread 1 ] DEBUG TilesetLoader        - Writing to buffer: dst=75,135, w=15,h=15, src=208,176
00:55:37.166 [FXGL Background Thread 1 ] DEBUG TilesetLoader        - Writing to buffer: dst=90,135, w=15,h=15, src=208,176
00:55:37.166 [FXGL Background Thread 1 ] DEBUG TilesetLoader        - Writing to buffer: dst=105,135, w=15,h=15, src=208,176
00:55:37.166 [FXGL Background Thread 1 ] DEBUG TilesetLoader        - Writing to buffer: dst=120,135, w=15,h=15, src=208,176
00:55:37.166 [FXGL Background Thread 1 ] DEBUG TilesetLoader        - Writing to buffer: dst=135,135, w=15,h=15, src=208,176
00:55:37.166 [FXGL Background Thread 1 ] DEBUG TilesetLoader        - Writing to buffer: dst=150,135, w=15,h=15, src=208,176
00:55:37.166 [FXGL Background Thread 1 ] DEBUG TilesetLoader        - Writing to buffer: dst=165,135, w=15,h=15, src=208,176
00:55:37.167 [FXGL Background Thread 1 ] DEBUG TilesetLoader        - Writing to buffer: dst=180,135, w=15,h=15, src=208,176
00:55:37.167 [FXGL Background Thread 1 ] DEBUG TilesetLoader        - Writing to buffer: dst=195,135, w=15,h=15, src=208,176
00:55:37.167 [FXGL Background Thread 1 ] DEBUG TilesetLoader        - Writing to buffer: dst=210,135, w=15,h=15, src=208,176
00:55:37.167 [FXGL Background Thread 1 ] DEBUG TMXLevelLoader       - Creating object layer entities
00:55:37.186 [FXGL Background Thread 1 ] DEBUG GameWorld            - Clearing removable entities
00:55:37.186 [FXGL Background Thread 1 ] DEBUG GameWorld            - Setting level: com.almasb.fxgl.entity.level.Level@6c197f79
00:55:37.191 [FXGL Background Thread 1 ] DEBUG FXGLAssetLoaderServi - Loading from file system: file:/C:/Users/Eigenaar/OneDrive%20-%20Hogeschool%20Leiden/IPOSE-Maven/target/classes/assets/textures/madotsuki.png
00:55:37.193 [FXGL Background Thread 1 ] INFO  FXGLApplication      - Game initialization took: 0,245 sec
00:55:37.198 [JavaFX Application Thread] DEBUG Input                - Clearing active input actions
00:55:37.204 [JavaFX Application Thread] DEBUG GameApplicationServi - Removing overlay from FXGLLoadingScene and adding to GameScene
00:55:37.205 [JavaFX Application Thread] DEBUG PrimaryStageWindow   - FXGLLoadingScene -> GameScene
00:55:37.277 [FXGL Background Thread 4 ] DEBUG FXGLAssetLoaderServi - Loading from file system: jar:file:/C:/Users/Eigenaar/.m2/repository/com/github/almasb/fxgl/11.14/fxgl-11.14.jar!/fxglassets/ui/fonts/Abel-Regular.ttf
00:55:37.286 [FXGL Background Thread 4 ] DEBUG FXGLAssetLoaderServi - Loading from file system: jar:file:/C:/Users/Eigenaar/.m2/repository/com/github/almasb/fxgl/11.14/fxgl-11.14.jar!/fxglassets/ui/fonts/lucida_console.ttf
00:55:37.299 [FXGL Background Thread 4 ] DEBUG FXGLAssetLoaderServi - Loading from file system: jar:file:/C:/Users/Eigenaar/.m2/repository/com/github/almasb/fxgl/11.14/fxgl-11.14.jar!/fxglassets/ui/fonts/Courier-Prime.ttf
00:55:37.308 [JavaFX Application Thread] DEBUG FXGLApplication      - Registering font factories with UI factory
00:55:37.528 [FXGL Background Thread 2 ] INFO  UpdaterService       - Your current version:  11.14
00:55:37.528 [FXGL Background Thread 2 ] INFO  UpdaterService       - Latest stable version: 17.1
00:55:39.771 [FXGL Background Thread 3 ] DEBUG Engine               - Logging environment variables
00:55:39.771 [FXGL Background Thread 3 ] DEBUG Engine               - achievements: []
00:55:39.771 [FXGL Background Thread 3 ] DEBUG Engine               - actualHeight: 150.0
00:55:39.771 [FXGL Background Thread 3 ] DEBUG Engine               - actualHeightProperty: ReadOnlyDoubleProperty [value: 150.0]
00:55:39.771 [FXGL Background Thread 3 ] DEBUG Engine               - actualWidth: 225.0
00:55:39.772 [FXGL Background Thread 3 ] DEBUG Engine               - actualWidthProperty: ReadOnlyDoubleProperty [value: 225.0]
00:55:39.772 [FXGL Background Thread 3 ] DEBUG Engine               - appIcon: fxgl_icon.png
00:55:39.772 [FXGL Background Thread 3 ] DEBUG Engine               - applicationMode: DEVELOPER
00:55:39.772 [FXGL Background Thread 3 ] DEBUG Engine               - cSSList: [fxgl_dark.css]
00:55:39.772 [FXGL Background Thread 3 ] DEBUG Engine               - collisionDetectionStrategy: BRUTE_FORCE
00:55:39.772 [FXGL Background Thread 3 ] DEBUG Engine               - configClass: Optional.empty
00:55:39.772 [FXGL Background Thread 3 ] DEBUG Engine               - credits: []
00:55:39.773 [FXGL Background Thread 3 ] DEBUG Engine               - devBBoxColorProperty: ObjectProperty [value: 0xff0000ff]
00:55:39.773 [FXGL Background Thread 3 ] DEBUG Engine               - devEnableDebugCameraProperty: BooleanProperty [value: false]
00:55:39.773 [FXGL Background Thread 3 ] DEBUG Engine               - devSensorColorProperty: ObjectProperty [value: 0xffff00ff]
00:55:39.773 [FXGL Background Thread 3 ] DEBUG Engine               - devShowBBoxProperty: BooleanProperty [value: false]
00:55:39.773 [FXGL Background Thread 3 ] DEBUG Engine               - devShowPositionProperty: BooleanProperty [value: false]
00:55:39.773 [FXGL Background Thread 3 ] DEBUG Engine               - enabledMenuItems: []
00:55:39.773 [FXGL Background Thread 3 ] DEBUG Engine               - engineServices: [class com.almasb.fxgl.app.services.FXGLAssetLoaderService, class com.almasb.fxgl.app.FXGLApplication$GameApplicationService, class com.almasb.fxgl.app.services.FXGLDialogService, class com.almasb.fxgl.app.services.IOTaskExecutorService, class com.almasb.fxgl.event.EventBusService, class com.almasb.fxgl.io.FileSystemService, class com.almasb.fxgl.localization.LocalizationService, class com.almasb.fxgl.app.services.SystemBundleService, class com.almasb.fxgl.profile.SaveLoadService, class com.almasb.fxgl.ui.FXGLUIFactoryServiceProvider, class com.almasb.fxgl.ui.FXGLDialogFactoryServiceProvider, class com.almasb.fxgl.audio.AudioPlayer, class com.almasb.fxgl.notification.impl.NotificationServiceProvider, class com.almasb.fxgl.achievement.AchievementService, class com.almasb.fxgl.cutscene.CutsceneService, class com.almasb.fxgl.minigames.MiniGameService, class com.almasb.fxgl.net.NetService, class com.almasb.fxgl.app.services.UpdaterService, class com.almasb.fxgl.dev.DevService]
00:55:39.773 [FXGL Background Thread 3 ] DEBUG Engine               - fontGame: Abel-Regular.ttf
00:55:39.774 [FXGL Background Thread 3 ] DEBUG Engine               - fontMono: lucida_console.ttf
00:55:39.774 [FXGL Background Thread 3 ] DEBUG Engine               - fontText: Courier-Prime.ttf
00:55:39.774 [FXGL Background Thread 3 ] DEBUG Engine               - fontUI: VarelaRound-Regular.ttf
00:55:39.774 [FXGL Background Thread 3 ] DEBUG Engine               - fullScreen: BooleanProperty [value: false]
00:55:39.774 [FXGL Background Thread 3 ] DEBUG Engine               - gameDifficulty: MEDIUM
00:55:39.774 [FXGL Background Thread 3 ] DEBUG Engine               - gameDifficultyProperty: ObjectProperty [value: MEDIUM]
00:55:39.774 [FXGL Background Thread 3 ] DEBUG Engine               - globalMusicVolume: 0.5
00:55:39.774 [FXGL Background Thread 3 ] DEBUG Engine               - globalMusicVolumeProperty: DoubleProperty [value: 0.5]
00:55:39.774 [FXGL Background Thread 3 ] DEBUG Engine               - globalSoundVolume: 0.5
00:55:39.774 [FXGL Background Thread 3 ] DEBUG Engine               - globalSoundVolumeProperty: DoubleProperty [value: 0.5]
00:55:39.775 [FXGL Background Thread 3 ] DEBUG Engine               - height: 150
00:55:39.775 [FXGL Background Thread 3 ] DEBUG Engine               - isAndroid: false
00:55:39.775 [FXGL Background Thread 3 ] DEBUG Engine               - isBrowser: false
00:55:39.775 [FXGL Background Thread 3 ] DEBUG Engine               - isClickFeedbackEnabled: false
00:55:39.775 [FXGL Background Thread 3 ] DEBUG Engine               - isCloseConfirmation: false
00:55:39.775 [FXGL Background Thread 3 ] DEBUG Engine               - isDesktop: true
00:55:39.775 [FXGL Background Thread 3 ] DEBUG Engine               - isDeveloperMenuEnabled: false
00:55:39.775 [FXGL Background Thread 3 ] DEBUG Engine               - isEntityPreloadEnabled: true
00:55:39.775 [FXGL Background Thread 3 ] DEBUG Engine               - isExperimental3D: false
00:55:39.775 [FXGL Background Thread 3 ] DEBUG Engine               - isExperimentalNative: false
00:55:39.776 [FXGL Background Thread 3 ] DEBUG Engine               - isExperimentalTiledLargeMap: false
00:55:39.776 [FXGL Background Thread 3 ] DEBUG Engine               - isFileSystemWriteAllowed: true
00:55:39.776 [FXGL Background Thread 3 ] DEBUG Engine               - isFullScreenAllowed: false
00:55:39.776 [FXGL Background Thread 3 ] DEBUG Engine               - isFullScreenFromStart: false
00:55:39.776 [FXGL Background Thread 3 ] DEBUG Engine               - isGameMenuEnabled: true
00:55:39.776 [FXGL Background Thread 3 ] DEBUG Engine               - isIOS: false
00:55:39.776 [FXGL Background Thread 3 ] DEBUG Engine               - isIntroEnabled: false
00:55:39.776 [FXGL Background Thread 3 ] DEBUG Engine               - isLinux: false
00:55:39.776 [FXGL Background Thread 3 ] DEBUG Engine               - isMac: false
00:55:39.776 [FXGL Background Thread 3 ] DEBUG Engine               - isMainMenuEnabled: false
00:55:39.777 [FXGL Background Thread 3 ] DEBUG Engine               - isManualResizeEnabled: false
00:55:39.777 [FXGL Background Thread 3 ] DEBUG Engine               - isMobile: false
00:55:39.777 [FXGL Background Thread 3 ] DEBUG Engine               - isPreserveResizeRatio: false
00:55:39.777 [FXGL Background Thread 3 ] DEBUG Engine               - isProfilingEnabled: false
00:55:39.777 [FXGL Background Thread 3 ] DEBUG Engine               - isScaleAffectedOnResize: true
00:55:39.777 [FXGL Background Thread 3 ] DEBUG Engine               - isSingleStep: false
00:55:39.777 [FXGL Background Thread 3 ] DEBUG Engine               - isUserProfileEnabled: false
00:55:39.777 [FXGL Background Thread 3 ] DEBUG Engine               - isWindows: true
00:55:39.777 [FXGL Background Thread 3 ] DEBUG Engine               - language: ObjectProperty [value: ENGLISH]
00:55:39.777 [FXGL Background Thread 3 ] DEBUG Engine               - menuKey: ESCAPE
00:55:39.778 [FXGL Background Thread 3 ] DEBUG Engine               - notificationViewClass: class com.almasb.fxgl.notification.view.XboxNotificationView
00:55:39.778 [FXGL Background Thread 3 ] DEBUG Engine               - pixelsPerMeter: 50.0
00:55:39.778 [FXGL Background Thread 3 ] DEBUG Engine               - platform: WINDOWS
00:55:39.778 [FXGL Background Thread 3 ] DEBUG Engine               - prefHeightProperty: ReadOnlyDoubleProperty [value: 150.0]
00:55:39.778 [FXGL Background Thread 3 ] DEBUG Engine               - prefWidthProperty: ReadOnlyDoubleProperty [value: 225.0]
00:55:39.778 [FXGL Background Thread 3 ] DEBUG Engine               - profileDir: profiles/
00:55:39.778 [FXGL Background Thread 3 ] DEBUG Engine               - profileName: StringProperty [value: DEFAULT]
00:55:39.778 [FXGL Background Thread 3 ] DEBUG Engine               - randomSeed: -1
00:55:39.778 [FXGL Background Thread 3 ] DEBUG Engine               - runtimeInfo: RuntimeInfo(platform=WINDOWS, version=11.14, build=01.03.2021 16.59)
00:55:39.779 [FXGL Background Thread 3 ] DEBUG Engine               - saveFileExt: sav
00:55:39.779 [FXGL Background Thread 3 ] DEBUG Engine               - scaledHeightProp$fxgl: DoubleProperty [bound, value: 150.0]
00:55:39.779 [FXGL Background Thread 3 ] DEBUG Engine               - scaledWidthProp$fxgl: DoubleProperty [bound, value: 225.0]
00:55:39.779 [FXGL Background Thread 3 ] DEBUG Engine               - sceneFactory: com.almasb.fxgl.app.scene.SceneFactory@38605ca8
00:55:39.779 [FXGL Background Thread 3 ] DEBUG Engine               - secondsIn24h: 60
00:55:39.779 [FXGL Background Thread 3 ] DEBUG Engine               - soundMenuBack: menu/back.wav
00:55:39.779 [FXGL Background Thread 3 ] DEBUG Engine               - soundMenuPress: menu/press.wav
00:55:39.779 [FXGL Background Thread 3 ] DEBUG Engine               - soundMenuSelect: menu/select.wav
00:55:39.779 [FXGL Background Thread 3 ] DEBUG Engine               - soundNotification: core/notification.wav
00:55:39.780 [FXGL Background Thread 3 ] DEBUG Engine               - stageStyle: DECORATED
00:55:39.780 [FXGL Background Thread 3 ] DEBUG Engine               - supportedLanguages: [ENGLISH, FRENCH, GERMAN, HUNGARIAN, RUSSIAN]
00:55:39.780 [FXGL Background Thread 3 ] DEBUG Engine               - ticksPerSecond: -1
00:55:39.780 [FXGL Background Thread 3 ] DEBUG Engine               - title: Demo game
00:55:39.780 [FXGL Background Thread 3 ] DEBUG Engine               - urlGithub: https://github.com/AlmasB/FXGL
00:55:39.780 [FXGL Background Thread 3 ] DEBUG Engine               - urlLeaderboard: http://fxgl-top.herokuapp.com/
00:55:39.780 [FXGL Background Thread 3 ] DEBUG Engine               - urlPOM: https://raw.githubusercontent.com/AlmasB/FXGL/release/README.md
00:55:39.780 [FXGL Background Thread 3 ] DEBUG Engine               - userAppClass: class Game
00:55:39.780 [FXGL Background Thread 3 ] DEBUG Engine               - version: 1.0
00:55:39.780 [FXGL Background Thread 3 ] DEBUG Engine               - versionCheckDays: 7
00:55:39.780 [FXGL Background Thread 3 ] DEBUG Engine               - width: 225
00:55:39.781 [FXGL Background Thread 3 ] DEBUG Engine               - Logging services
00:55:39.781 [FXGL Background Thread 3 ] DEBUG Engine               - class com.almasb.fxgl.app.services.FXGLAssetLoaderService
00:55:39.781 [FXGL Background Thread 3 ] DEBUG Engine               - class com.almasb.fxgl.app.FXGLApplication$GameApplicationService
00:55:39.781 [FXGL Background Thread 3 ] DEBUG Engine               - class com.almasb.fxgl.app.services.FXGLDialogService
00:55:39.781 [FXGL Background Thread 3 ] DEBUG Engine               - class com.almasb.fxgl.app.services.IOTaskExecutorService
00:55:39.781 [FXGL Background Thread 3 ] DEBUG Engine               - class com.almasb.fxgl.event.EventBusService
00:55:39.781 [FXGL Background Thread 3 ] DEBUG Engine               - class com.almasb.fxgl.io.FileSystemService
00:55:39.782 [FXGL Background Thread 3 ] DEBUG Engine               - class com.almasb.fxgl.localization.LocalizationService
00:55:39.782 [FXGL Background Thread 3 ] DEBUG Engine               - class com.almasb.fxgl.app.services.SystemBundleService
00:55:39.782 [FXGL Background Thread 3 ] DEBUG Engine               - class com.almasb.fxgl.profile.SaveLoadService
00:55:39.782 [FXGL Background Thread 3 ] DEBUG Engine               - class com.almasb.fxgl.ui.FXGLUIFactoryServiceProvider
00:55:39.782 [FXGL Background Thread 3 ] DEBUG Engine               - class com.almasb.fxgl.ui.FXGLDialogFactoryServiceProvider
00:55:39.782 [FXGL Background Thread 3 ] DEBUG Engine               - class com.almasb.fxgl.audio.AudioPlayer
00:55:39.782 [FXGL Background Thread 3 ] DEBUG Engine               - class com.almasb.fxgl.notification.impl.NotificationServiceProvider
00:55:39.782 [FXGL Background Thread 3 ] DEBUG Engine               - class com.almasb.fxgl.achievement.AchievementService
00:55:39.783 [FXGL Background Thread 3 ] DEBUG Engine               - class com.almasb.fxgl.cutscene.CutsceneService
00:55:39.783 [FXGL Background Thread 3 ] DEBUG Engine               - class com.almasb.fxgl.minigames.MiniGameService
00:55:39.783 [FXGL Background Thread 3 ] DEBUG Engine               - class com.almasb.fxgl.net.NetService
00:55:39.783 [FXGL Background Thread 3 ] DEBUG Engine               - class com.almasb.fxgl.app.services.UpdaterService
00:55:39.783 [FXGL Background Thread 3 ] DEBUG Engine               - class com.almasb.fxgl.dev.DevService
00:56:03.312 [JavaFX Application Thread] DEBUG FXGLApplication      - Exiting FXGL
00:56:03.312 [JavaFX Application Thread] DEBUG LoopRunner           - Stopping loop
00:56:03.312 [JavaFX Application Thread] DEBUG SystemBundleService  - Saving FXGL system data
00:56:03.314 [JavaFX Application Thread] DEBUG FileSystemAccess     - Writing to: C:\Users\Eigenaar\OneDrive - Hogeschool Leiden\IPOSE-Maven\system\fxgl.bundle
00:56:03.315 [JavaFX Application Thread] DEBUG Async                - Shutting down background threads
00:56:03.315 [JavaFX Application Thread] DEBUG PrimaryStageWindow   - Closing main window
00:56:03.327 [JavaFX Application Thread] DEBUG Logger               - Closing Logger
