09:59:50.027 [main                     ] DEBUG Logger               - Configured Logger
09:59:50.103 [main                     ] DEBUG GameApplication      - Logging settings
Title: A Way Out
Version: 1.2
Width: 1050
Height: 640
Fullscreen: false
Intro: false
Profiling: false
Single step:false
App Mode: DEVELOPER
Menu Key: ESCAPE
Stage Style: DECORATED
Scene Factory: class UISceneFactory

09:59:52.499 [JavaFX Application Thread] DEBUG FXGLApplication      - Initializing FXGL
09:59:52.509 [JavaFX Application Thread] INFO  Engine               - FXGL-11.14 (01.03.2021 16.59) on WINDOWS (J:15.0.2 FX:15)
09:59:52.511 [JavaFX Application Thread] DEBUG Engine               - JRE Vendor Name: Amazon.com Inc.
09:59:52.512 [JavaFX Application Thread] DEBUG Engine               - Running on OS: Windows 10 version 10.0
09:59:52.513 [JavaFX Application Thread] DEBUG Engine               - Architecture: amd64
09:59:52.514 [JavaFX Application Thread] INFO  Engine               - Source code and latest versions at: https://github.com/AlmasB/FXGL
09:59:52.519 [JavaFX Application Thread] INFO  Engine               -              Join the FXGL chat at: https://gitter.im/AlmasB/FXGL
09:59:53.039 [JavaFX Application Thread] DEBUG PrimaryStageWindow   - Creating a JavaFX scene
09:59:53.248 [JavaFX Application Thread] DEBUG PrimaryStageWindow   - Target settings size: 1050.0 x 640.0
09:59:53.249 [JavaFX Application Thread] DEBUG PrimaryStageWindow   - Scaled scene size:    1050.0 x 640.0
09:59:53.249 [JavaFX Application Thread] DEBUG PrimaryStageWindow   - Scaled ratio: (1.0, 1.0)
09:59:53.252 [JavaFX Application Thread] DEBUG PrimaryStageWindow   - Set initial scene to FXGLStartupScene
09:59:53.277 [JavaFX Application Thread] DEBUG PrimaryStageWindow   - Opening main window
09:59:53.697 [JavaFX Application Thread] DEBUG PrimaryStageWindow   - Window border size: (14.800048828125, 37.5999755859375)
09:59:53.699 [JavaFX Application Thread] DEBUG PrimaryStageWindow   - Scaled size: 1050.0 x 640.0
09:59:53.700 [JavaFX Application Thread] DEBUG PrimaryStageWindow   - Scaled ratio: (1.0, 1.0)
09:59:53.700 [JavaFX Application Thread] DEBUG PrimaryStageWindow   - Scene size: 1050.0 x 640.0
09:59:53.701 [JavaFX Application Thread] DEBUG PrimaryStageWindow   - Stage size: 1064.800048828125 x 677.5999755859375
09:59:53.802 [FXGL Background Thread 1 ] DEBUG Engine               - Initializing environment variables
09:59:54.020 [FXGL Background Thread 1 ] DEBUG FXGLAssetLoaderServi - User app class for loading assets: class Game
09:59:54.020 [FXGL Background Thread 1 ] DEBUG GameApplicationServi - Applying CSS: fxgl_dark.css
09:59:54.022 [FXGL Background Thread 1 ] DEBUG FXGLAssetLoaderServi - Loading from file system: jar:file:/C:/Users/jfran/.m2/repository/com/github/almasb/fxgl/11.14/fxgl-11.14.jar!/fxglassets/ui/css/fxgl_dark.css
09:59:54.170 [FXGL Background Thread 1 ] DEBUG GameApplicationServi - Initializing application scenes
09:59:54.382 [FXGL Background Thread 1 ] DEBUG GameWorld            - Game world initialized
09:59:54.565 [FXGL Background Thread 1 ] DEBUG PhysicsWorld         - Physics world initialized: appHeight=640, physics.ppm=50,0
09:59:54.566 [FXGL Background Thread 1 ] DEBUG PhysicsWorld         - Using strategy: BRUTE_FORCE
09:59:54.574 [FXGL Background Thread 1 ] DEBUG GameScene            - Game scene initialized: 1050x640
09:59:54.576 [FXGL Background Thread 1 ] WARN  FXGLAssetLoaderServi - Asset "/assets/music/mainmenu.wav" was not found!
09:59:54.578 [FXGL Background Thread 1 ] WARN  FXGLAssetLoaderServi - Failed to load MUSIC
09:59:55.052 [FXGL Background Thread 1 ] DEBUG FXGLAssetLoaderServi - Loading from file system: jar:file:/C:/Users/jfran/.m2/repository/com/github/almasb/fxgl/11.14/fxgl-11.14.jar!/fxglassets/textures/particles/trace_horizontal.png
09:59:55.143 [FXGL Background Thread 1 ] DEBUG FXGL.DefaultMenu     - createMenuBodyGameMenu()
09:59:55.175 [FXGL Background Thread 1 ] DEBUG FXGL.DefaultMenu     - createOptionsMenu()
09:59:55.193 [FXGL Background Thread 1 ] DEBUG FXGLAssetLoaderServi - Loading from file system: jar:file:/C:/Users/jfran/.m2/repository/com/github/almasb/fxgl/11.14/fxgl-11.14.jar!/fxglassets/textures/particles/smoke.png
09:59:55.433 [FXGL Background Thread 1 ] DEBUG GameApplicationServi - Application scenes initialized
09:59:55.566 [FXGL Background Thread 1 ] DEBUG SystemBundleService  - Loading FXGL system data
09:59:55.580 [FXGL Background Thread 1 ] DEBUG FileSystemAccess     - Reading from: C:\Users\jfran\OneDrive - Hogeschool Leiden\IPOSE-Maven\system\fxgl.bundle
09:59:55.601 [FXGL Background Thread 1 ] DEBUG SystemBundleService  - Bundle FXGL: {}
09:59:55.602 [FXGL Background Thread 1 ] DEBUG UpdaterService       - Checking for updates
09:59:55.622 [FXGL Background Thread 1 ] DEBUG FXGLApplication      - Loading default localization
09:59:55.625 [FXGL Background Thread 1 ] DEBUG FXGLAssetLoaderServi - Loading from file system: jar:file:/C:/Users/jfran/.m2/repository/com/github/almasb/fxgl/11.14/fxgl-11.14.jar!/fxglassets/languages/english.lang
09:59:55.716 [FXGL Background Thread 1 ] INFO  FXGLApplication      - FXGL initialization took: 1,914 sec
09:59:55.749 [JavaFX Application Thread] DEBUG Input                - Registered new binding: left - A
09:59:55.757 [FXGL Background Thread 4 ] DEBUG FXGLApplication      - Loading fonts
09:59:55.750 [JavaFX Application Thread] DEBUG Input                - Registered new binding: right - D
09:59:55.759 [JavaFX Application Thread] DEBUG Input                - Registered new binding: jump - W
09:59:55.759 [FXGL Background Thread 4 ] DEBUG FXGLAssetLoaderServi - Loading from file system: jar:file:/C:/Users/jfran/.m2/repository/com/github/almasb/fxgl/11.14/fxgl-11.14.jar!/fxglassets/ui/fonts/VarelaRound-Regular.ttf
09:59:55.761 [JavaFX Application Thread] DEBUG FXGLAssetLoaderServi - Loading from file system: file:/C:/Users/jfran/OneDrive%20-%20Hogeschool%20Leiden/IPOSE-Maven/target/classes/assets/music/maintheme.wav
09:59:56.436 [JavaFX Application Thread] DEBUG AudioPlayer          - Playing music com.almasb.fxgl.audio.Music@401e076e
09:59:56.438 [JavaFX Application Thread] DEBUG FXGLAssetLoaderServi - Loading from file system: jar:file:/C:/Users/jfran/.m2/repository/com/github/almasb/fxgl/11.14/fxgl-11.14.jar!/fxglassets/textures/fxgl_icon.png
09:59:56.489 [FXGL Background Thread 4 ] DEBUG FXGLAssetLoaderServi - Loading from file system: jar:file:/C:/Users/jfran/.m2/repository/com/github/almasb/fxgl/11.14/fxgl-11.14.jar!/fxglassets/ui/fonts/Abel-Regular.ttf
09:59:56.498 [JavaFX Application Thread] DEBUG FXGLAssetLoaderServi - Loading from file system: jar:file:/C:/Users/jfran/.m2/repository/com/github/almasb/fxgl/11.14/fxgl-11.14.jar!/fxglassets/ui/cursors/fxgl_default.png
09:59:56.504 [JavaFX Application Thread] DEBUG Input                - Registered new binding: Screenshot - P
09:59:56.506 [JavaFX Application Thread] DEBUG Input                - Registered new binding: System info dump - CTRL+9
09:59:56.507 [JavaFX Application Thread] DEBUG Input                - Registered new binding: Restart - CTRL+R
09:59:56.516 [JavaFX Application Thread] DEBUG Input                - Registered new binding: Toggle Debug Camera - CTRL+C
09:59:56.523 [JavaFX Application Thread] DEBUG LoopRunner           - Starting loop
09:59:56.524 [JavaFX Application Thread] DEBUG LoopRunner           - Initializing JavaFX AnimationTimerLoop
09:59:56.531 [FXGL Background Thread 4 ] DEBUG FXGLAssetLoaderServi - Loading from file system: jar:file:/C:/Users/jfran/.m2/repository/com/github/almasb/fxgl/11.14/fxgl-11.14.jar!/fxglassets/ui/fonts/lucida_console.ttf
09:59:56.532 [JavaFX Application Thread] DEBUG Input                - Clearing active input actions
09:59:56.550 [JavaFX Application Thread] DEBUG GameApplicationServi - Removing overlay from FXGLStartupScene and adding to FXGLMainMenuDummyScene
09:59:56.551 [JavaFX Application Thread] DEBUG PrimaryStageWindow   - FXGLStartupScene -> FXGLMainMenuDummyScene
09:59:56.552 [JavaFX Application Thread] DEBUG PrimaryStageWindow   - Push state: StartMenu
09:59:56.566 [FXGL Background Thread 4 ] DEBUG FXGLAssetLoaderServi - Loading from file system: jar:file:/C:/Users/jfran/.m2/repository/com/github/almasb/fxgl/11.14/fxgl-11.14.jar!/fxglassets/ui/fonts/Courier-Prime.ttf
09:59:56.553 [JavaFX Application Thread] DEBUG Input                - Clearing active input actions
09:59:56.615 [JavaFX Application Thread] DEBUG GameApplicationServi - Removing overlay from FXGLMainMenuDummyScene and adding to StartMenu
09:59:56.616 [JavaFX Application Thread] DEBUG PrimaryStageWindow   - FXGLMainMenuDummyScene -> StartMenu
09:59:56.806 [JavaFX Application Thread] DEBUG FXGLApplication      - Registering font factories with UI factory
09:59:56.819 [JavaFX Application Thread] DEBUG FXGLApplication      - Exiting FXGL
09:59:56.820 [JavaFX Application Thread] DEBUG LoopRunner           - Stopping loop
09:59:56.820 [JavaFX Application Thread] DEBUG SystemBundleService  - Saving FXGL system data
09:59:56.828 [JavaFX Application Thread] DEBUG FileSystemAccess     - Writing to: C:\Users\jfran\OneDrive - Hogeschool Leiden\IPOSE-Maven\system\fxgl.bundle
09:59:56.836 [JavaFX Application Thread] DEBUG Async                - Shutting down background threads
09:59:56.855 [JavaFX Application Thread] DEBUG PrimaryStageWindow   - Closing main window
09:59:56.917 [JavaFX Application Thread] DEBUG Logger               - Closing Logger
