19:34:23.851 [main                     ] DEBUG Logger               - Configured Logger
19:34:23.856 [main                     ] DEBUG GameApplication      - Logging settings
Title: Demo game
Version: 1.0
Width: 800
Height: 800
Fullscreen: false
Intro: false
Profiling: false
Single step:false
App Mode: DEVELOPER
Menu Key: ESCAPE
Stage Style: DECORATED
Scene Factory: class com.almasb.fxgl.app.scene.SceneFactory

19:34:25.063 [JavaFX Application Thread] DEBUG FXGLApplication      - Initializing FXGL
19:34:25.065 [JavaFX Application Thread] INFO  Engine               - FXGL-11.14 (01.03.2021 16.59) on WINDOWS (J:18 FX:15)
19:34:25.066 [JavaFX Application Thread] DEBUG Engine               - JRE Vendor Name: Oracle Corporation
19:34:25.066 [JavaFX Application Thread] DEBUG Engine               - Running on OS: Windows 10 version 10.0
19:34:25.066 [JavaFX Application Thread] DEBUG Engine               - Architecture: amd64
19:34:25.066 [JavaFX Application Thread] INFO  Engine               - Source code and latest versions at: https://github.com/AlmasB/FXGL
19:34:25.066 [JavaFX Application Thread] INFO  Engine               -              Join the FXGL chat at: https://gitter.im/AlmasB/FXGL
19:34:25.373 [JavaFX Application Thread] DEBUG PrimaryStageWindow   - Creating a JavaFX scene
19:34:25.465 [JavaFX Application Thread] DEBUG PrimaryStageWindow   - Target settings size: 800.0 x 800.0
19:34:25.465 [JavaFX Application Thread] DEBUG PrimaryStageWindow   - Scaled scene size:    800.0 x 800.0
19:34:25.465 [JavaFX Application Thread] DEBUG PrimaryStageWindow   - Scaled ratio: (1.0, 1.0)
19:34:25.467 [JavaFX Application Thread] DEBUG PrimaryStageWindow   - Set initial scene to FXGLStartupScene
19:34:25.477 [JavaFX Application Thread] DEBUG PrimaryStageWindow   - Opening main window
19:34:25.632 [JavaFX Application Thread] DEBUG PrimaryStageWindow   - Window border size: (14.4000244140625, 37.5999755859375)
19:34:25.632 [JavaFX Application Thread] DEBUG PrimaryStageWindow   - Scaled size: 800.0 x 800.0
19:34:25.632 [JavaFX Application Thread] DEBUG PrimaryStageWindow   - Scaled ratio: (1.0, 1.0)
19:34:25.633 [JavaFX Application Thread] DEBUG PrimaryStageWindow   - Scene size: 800.0 x 800.0
19:34:25.633 [JavaFX Application Thread] DEBUG PrimaryStageWindow   - Stage size: 814.4000244140625 x 837.5999755859375
19:34:25.692 [FXGL Background Thread 1 ] DEBUG Engine               - Initializing environment variables
19:34:25.752 [FXGL Background Thread 1 ] DEBUG FXGLAssetLoaderServi - User app class for loading assets: class Game
19:34:25.752 [FXGL Background Thread 1 ] DEBUG GameApplicationServi - Applying CSS: fxgl_dark.css
19:34:25.753 [FXGL Background Thread 1 ] DEBUG FXGLAssetLoaderServi - Loading from file system: jar:file:/C:/Users/Eigenaar/.m2/repository/com/github/almasb/fxgl/11.14/fxgl-11.14.jar!/fxglassets/ui/css/fxgl_dark.css
19:34:25.827 [FXGL Background Thread 1 ] DEBUG GameApplicationServi - Initializing application scenes
19:34:25.915 [FXGL Background Thread 1 ] DEBUG GameWorld            - Game world initialized
19:34:25.995 [FXGL Background Thread 1 ] DEBUG PhysicsWorld         - Physics world initialized: appHeight=800, physics.ppm=50,0
19:34:25.995 [FXGL Background Thread 1 ] DEBUG PhysicsWorld         - Using strategy: BRUTE_FORCE
19:34:25.997 [FXGL Background Thread 1 ] DEBUG GameScene            - Game scene initialized: 800x800
19:34:26.044 [FXGL Background Thread 1 ] DEBUG FXGLAssetLoaderServi - Loading from file system: jar:file:/C:/Users/Eigenaar/.m2/repository/com/github/almasb/fxgl/11.14/fxgl-11.14.jar!/fxglassets/textures/particles/trace_horizontal.png
19:34:26.102 [FXGL Background Thread 1 ] DEBUG FXGL.DefaultMenu     - createMenuBodyGameMenu()
19:34:26.123 [FXGL Background Thread 1 ] DEBUG FXGL.DefaultMenu     - createOptionsMenu()
19:34:26.132 [FXGL Background Thread 1 ] DEBUG FXGLAssetLoaderServi - Loading from file system: jar:file:/C:/Users/Eigenaar/.m2/repository/com/github/almasb/fxgl/11.14/fxgl-11.14.jar!/fxglassets/textures/particles/smoke.png
19:34:26.202 [FXGL Background Thread 1 ] DEBUG GameApplicationServi - Application scenes initialized
19:34:26.238 [FXGL Background Thread 1 ] DEBUG SystemBundleService  - Loading FXGL system data
19:34:26.242 [FXGL Background Thread 1 ] DEBUG FileSystemAccess     - Reading from: C:\Users\Eigenaar\OneDrive - Hogeschool Leiden\IPOSE-Maven\system\fxgl.bundle
19:34:26.254 [FXGL Background Thread 1 ] DEBUG SystemBundleService  - Bundle FXGL: {}
19:34:26.254 [FXGL Background Thread 1 ] DEBUG UpdaterService       - Checking for updates
19:34:26.261 [FXGL Background Thread 1 ] DEBUG FXGLApplication      - Loading default localization
19:34:26.262 [FXGL Background Thread 1 ] DEBUG FXGLAssetLoaderServi - Loading from file system: jar:file:/C:/Users/Eigenaar/.m2/repository/com/github/almasb/fxgl/11.14/fxgl-11.14.jar!/fxglassets/languages/english.lang
19:34:26.283 [FXGL Background Thread 1 ] INFO  FXGLApplication      - FXGL initialization took: 0,590 sec
19:34:26.294 [JavaFX Application Thread] DEBUG Input                - Registered new binding: action0 - D
19:34:26.295 [JavaFX Application Thread] DEBUG Input                - Registered new binding: action1 - A
19:34:26.295 [JavaFX Application Thread] DEBUG Input                - Registered new binding: action2 - W
19:34:26.296 [JavaFX Application Thread] DEBUG Input                - Registered new binding: action3 - S
19:34:26.296 [JavaFX Application Thread] DEBUG FXGLAssetLoaderServi - Loading from file system: jar:file:/C:/Users/Eigenaar/.m2/repository/com/github/almasb/fxgl/11.14/fxgl-11.14.jar!/fxglassets/textures/fxgl_icon.png
19:34:26.413 [FXGL Background Thread 4 ] DEBUG FXGLApplication      - Loading fonts
19:34:26.415 [FXGL Background Thread 4 ] DEBUG FXGLAssetLoaderServi - Loading from file system: jar:file:/C:/Users/Eigenaar/.m2/repository/com/github/almasb/fxgl/11.14/fxgl-11.14.jar!/fxglassets/ui/fonts/VarelaRound-Regular.ttf
19:34:26.420 [JavaFX Application Thread] DEBUG FXGLAssetLoaderServi - Loading from file system: jar:file:/C:/Users/Eigenaar/.m2/repository/com/github/almasb/fxgl/11.14/fxgl-11.14.jar!/fxglassets/ui/cursors/fxgl_default.png
19:34:26.423 [JavaFX Application Thread] DEBUG Input                - Registered new binding: Screenshot - P
19:34:26.425 [JavaFX Application Thread] DEBUG Input                - Registered new binding: System info dump - CTRL+9
19:34:26.425 [JavaFX Application Thread] DEBUG Input                - Registered new binding: Restart - CTRL+R
19:34:26.427 [JavaFX Application Thread] DEBUG Input                - Registered new binding: Toggle Debug Camera - CTRL+C
19:34:26.431 [JavaFX Application Thread] DEBUG LoopRunner           - Starting loop
19:34:26.431 [JavaFX Application Thread] DEBUG LoopRunner           - Initializing JavaFX AnimationTimerLoop
19:34:26.433 [JavaFX Application Thread] DEBUG GameApplicationServi - Starting new game
19:34:26.433 [JavaFX Application Thread] DEBUG Input                - Clearing active input actions
19:34:26.449 [JavaFX Application Thread] DEBUG GameApplicationServi - Removing overlay from FXGLStartupScene and adding to FXGLLoadingScene
19:34:26.449 [JavaFX Application Thread] DEBUG PrimaryStageWindow   - FXGLStartupScene -> FXGLLoadingScene
19:34:26.449 [JavaFX Application Thread] DEBUG GameApplicationServi - Clearing previous game
19:34:26.449 [JavaFX Application Thread] DEBUG GameScene            - Clearing game scene
19:34:26.449 [JavaFX Application Thread] DEBUG GameWorld            - Clearing game world
19:34:26.449 [JavaFX Application Thread] DEBUG PhysicsWorld         - Clearing physics world
19:34:26.451 [FXGL Background Thread 1 ] DEBUG FXGLApplication      - Initializing game
19:34:26.456 [FXGL Background Thread 1 ] DEBUG FXGLAssetLoaderServi - Loading from file system: file:/C:/Users/Eigenaar/OneDrive%20-%20Hogeschool%20Leiden/IPOSE-Maven/target/classes/assets/textures/madotsuki.png
19:34:26.491 [FXGL Background Thread 1 ] WARN  FXGLAssetLoaderServi - Failed to load file:/C:/Users/Eigenaar/OneDrive%20-%20Hogeschool%20Leiden/IPOSE-Maven/target/classes/assets/textures/madotsuki.png Error: com.sun.javafx.iio.ImageStorageException: No loader for image data
19:34:26.744 [FXGL Background Thread 1 ] INFO  FXGLApplication      - Game initialization took: 0,292 sec
19:34:26.745 [JavaFX Application Thread] DEBUG Input                - Clearing active input actions
19:34:26.759 [JavaFX Application Thread] DEBUG GameApplicationServi - Removing overlay from FXGLLoadingScene and adding to GameScene
19:34:26.759 [JavaFX Application Thread] DEBUG PrimaryStageWindow   - FXGLLoadingScene -> GameScene
19:34:27.229 [FXGL Background Thread 4 ] DEBUG FXGLAssetLoaderServi - Loading from file system: jar:file:/C:/Users/Eigenaar/.m2/repository/com/github/almasb/fxgl/11.14/fxgl-11.14.jar!/fxglassets/ui/fonts/Abel-Regular.ttf
19:34:27.242 [FXGL Background Thread 4 ] DEBUG FXGLAssetLoaderServi - Loading from file system: jar:file:/C:/Users/Eigenaar/.m2/repository/com/github/almasb/fxgl/11.14/fxgl-11.14.jar!/fxglassets/ui/fonts/lucida_console.ttf
19:34:27.268 [FXGL Background Thread 4 ] DEBUG FXGLAssetLoaderServi - Loading from file system: jar:file:/C:/Users/Eigenaar/.m2/repository/com/github/almasb/fxgl/11.14/fxgl-11.14.jar!/fxglassets/ui/fonts/Courier-Prime.ttf
19:34:27.280 [JavaFX Application Thread] DEBUG FXGLApplication      - Registering font factories with UI factory
19:34:27.503 [FXGL Background Thread 2 ] INFO  UpdaterService       - Your current version:  11.14
19:34:27.503 [FXGL Background Thread 2 ] INFO  UpdaterService       - Latest stable version: 17.1
19:34:28.689 [JavaFX Application Thread] DEBUG FXGLApplication      - Exiting FXGL
19:34:28.689 [JavaFX Application Thread] DEBUG LoopRunner           - Stopping loop
19:34:28.689 [JavaFX Application Thread] DEBUG SystemBundleService  - Saving FXGL system data
19:34:28.691 [JavaFX Application Thread] DEBUG FileSystemAccess     - Writing to: C:\Users\Eigenaar\OneDrive - Hogeschool Leiden\IPOSE-Maven\system\fxgl.bundle
19:34:28.693 [JavaFX Application Thread] DEBUG Async                - Shutting down background threads
19:34:28.694 [JavaFX Application Thread] DEBUG PrimaryStageWindow   - Closing main window
19:34:28.730 [JavaFX Application Thread] DEBUG Logger               - Closing Logger
