05:32:01.980 [main                     ] DEBUG Logger               - Configured Logger
05:32:02.006 [main                     ] DEBUG GameApplication      - Logging settings
Title: Demo game
Version: 1.1
Width: 1050
Height: 700
Fullscreen: false
Intro: false
Profiling: false
Single step:false
App Mode: DEVELOPER
Menu Key: ESCAPE
Stage Style: DECORATED
Scene Factory: class com.almasb.fxgl.app.scene.SceneFactory

05:32:02.718 [JavaFX Application Thread] DEBUG FXGLApplication      - Initializing FXGL
05:32:02.722 [JavaFX Application Thread] INFO  Engine               - FXGL-11.14 (01.03.2021 16.59) on MAC (J:15.0.2 FX:15)
05:32:02.723 [JavaFX Application Thread] DEBUG Engine               - JRE Vendor Name: Amazon.com Inc.
05:32:02.723 [JavaFX Application Thread] DEBUG Engine               - Running on OS: Mac OS X version 12.3
05:32:02.723 [JavaFX Application Thread] DEBUG Engine               - Architecture: x86_64
05:32:02.724 [JavaFX Application Thread] INFO  Engine               - Source code and latest versions at: https://github.com/AlmasB/FXGL
05:32:02.724 [JavaFX Application Thread] INFO  Engine               -              Join the FXGL chat at: https://gitter.im/AlmasB/FXGL
05:32:02.901 [JavaFX Application Thread] DEBUG PrimaryStageWindow   - Creating a JavaFX scene
05:32:02.955 [JavaFX Application Thread] DEBUG PrimaryStageWindow   - Target settings size: 1050.0 x 700.0
05:32:02.955 [JavaFX Application Thread] DEBUG PrimaryStageWindow   - Scaled scene size:    1050.0 x 700.0
05:32:02.955 [JavaFX Application Thread] DEBUG PrimaryStageWindow   - Scaled ratio: (1.0, 1.0)
05:32:02.956 [JavaFX Application Thread] DEBUG PrimaryStageWindow   - Set initial scene to FXGLStartupScene
05:32:02.962 [JavaFX Application Thread] DEBUG PrimaryStageWindow   - Opening main window
05:32:03.041 [JavaFX Application Thread] DEBUG PrimaryStageWindow   - Window border size: (0.0, 28.0)
05:32:03.041 [JavaFX Application Thread] DEBUG PrimaryStageWindow   - Scaled size: 1050.0 x 700.0
05:32:03.041 [JavaFX Application Thread] DEBUG PrimaryStageWindow   - Scaled ratio: (1.0, 1.0)
05:32:03.042 [JavaFX Application Thread] DEBUG PrimaryStageWindow   - Scene size: 1050.0 x 700.0
05:32:03.042 [JavaFX Application Thread] DEBUG PrimaryStageWindow   - Stage size: 1050.0 x 728.0
05:32:03.050 [FXGL Background Thread 1 ] DEBUG Engine               - Initializing environment variables
05:32:03.086 [FXGL Background Thread 1 ] DEBUG FXGLAssetLoaderServi - User app class for loading assets: class Game
05:32:03.086 [FXGL Background Thread 1 ] DEBUG GameApplicationServi - Applying CSS: fxgl_dark.css
05:32:03.087 [FXGL Background Thread 1 ] DEBUG FXGLAssetLoaderServi - Loading from file system: jar:file:/Users/merdanusta/.m2/repository/com/github/almasb/fxgl/11.14/fxgl-11.14.jar!/fxglassets/ui/css/fxgl_dark.css
05:32:03.134 [FXGL Background Thread 1 ] DEBUG GameApplicationServi - Initializing application scenes
05:32:03.655 [FXGL Background Thread 1 ] DEBUG GameWorld            - Game world initialized
05:32:03.739 [FXGL Background Thread 1 ] DEBUG PhysicsWorld         - Physics world initialized: appHeight=700, physics.ppm=50.0
05:32:03.739 [FXGL Background Thread 1 ] DEBUG PhysicsWorld         - Using strategy: BRUTE_FORCE
05:32:03.742 [FXGL Background Thread 1 ] DEBUG GameScene            - Game scene initialized: 1050x700
05:32:03.834 [FXGL Background Thread 1 ] DEBUG FXGLAssetLoaderServi - Loading from file system: jar:file:/Users/merdanusta/.m2/repository/com/github/almasb/fxgl/11.14/fxgl-11.14.jar!/fxglassets/textures/particles/trace_horizontal.png
05:32:03.971 [FXGL Background Thread 1 ] DEBUG FXGL.DefaultMenu     - createMenuBodyGameMenu()
05:32:04.024 [FXGL Background Thread 1 ] DEBUG FXGL.DefaultMenu     - createOptionsMenu()
05:32:04.037 [FXGL Background Thread 1 ] DEBUG FXGLAssetLoaderServi - Loading from file system: jar:file:/Users/merdanusta/.m2/repository/com/github/almasb/fxgl/11.14/fxgl-11.14.jar!/fxglassets/textures/particles/smoke.png
05:32:04.216 [FXGL Background Thread 1 ] DEBUG GameApplicationServi - Application scenes initialized
05:32:04.269 [FXGL Background Thread 1 ] DEBUG SystemBundleService  - Loading FXGL system data
05:32:04.279 [FXGL Background Thread 1 ] DEBUG FileSystemAccess     - Reading from: /Users/merdanusta/IdeaProjects/IPOSE-Maven/system/fxgl.bundle
05:32:04.297 [FXGL Background Thread 1 ] DEBUG SystemBundleService  - Bundle FXGL: {}
05:32:04.297 [FXGL Background Thread 1 ] DEBUG UpdaterService       - Checking for updates
05:32:04.328 [FXGL Background Thread 4 ] DEBUG FXGLApplication      - Loading fonts
05:32:04.331 [FXGL Background Thread 1 ] DEBUG FXGLApplication      - Loading default localization
05:32:04.332 [FXGL Background Thread 4 ] DEBUG FXGLAssetLoaderServi - Loading from file system: jar:file:/Users/merdanusta/.m2/repository/com/github/almasb/fxgl/11.14/fxgl-11.14.jar!/fxglassets/ui/fonts/VarelaRound-Regular.ttf
05:32:04.338 [FXGL Background Thread 1 ] DEBUG FXGLAssetLoaderServi - Loading from file system: jar:file:/Users/merdanusta/.m2/repository/com/github/almasb/fxgl/11.14/fxgl-11.14.jar!/fxglassets/languages/english.lang
05:32:04.392 [FXGL Background Thread 4 ] DEBUG FXGLAssetLoaderServi - Loading from file system: jar:file:/Users/merdanusta/.m2/repository/com/github/almasb/fxgl/11.14/fxgl-11.14.jar!/fxglassets/ui/fonts/Abel-Regular.ttf
05:32:04.398 [FXGL Background Thread 4 ] DEBUG FXGLAssetLoaderServi - Loading from file system: jar:file:/Users/merdanusta/.m2/repository/com/github/almasb/fxgl/11.14/fxgl-11.14.jar!/fxglassets/ui/fonts/lucida_console.ttf
05:32:04.401 [FXGL Background Thread 1 ] INFO  FXGLApplication      - FXGL initialization took: 1.351 sec
05:32:04.407 [FXGL Background Thread 4 ] DEBUG FXGLAssetLoaderServi - Loading from file system: jar:file:/Users/merdanusta/.m2/repository/com/github/almasb/fxgl/11.14/fxgl-11.14.jar!/fxglassets/ui/fonts/Courier-Prime.ttf
05:32:04.417 [JavaFX Application Thread] DEBUG Input                - Registered new binding: action0 - D
05:32:04.418 [JavaFX Application Thread] DEBUG Input                - Registered new binding: action1 - A
05:32:04.418 [JavaFX Application Thread] DEBUG Input                - Registered new binding: action2 - W
05:32:04.419 [JavaFX Application Thread] DEBUG Input                - Registered new binding: action3 - S
05:32:04.420 [JavaFX Application Thread] DEBUG FXGLAssetLoaderServi - Loading from file system: jar:file:/Users/merdanusta/.m2/repository/com/github/almasb/fxgl/11.14/fxgl-11.14.jar!/fxglassets/textures/fxgl_icon.png
05:32:04.453 [JavaFX Application Thread] DEBUG FXGLAssetLoaderServi - Loading from file system: jar:file:/Users/merdanusta/.m2/repository/com/github/almasb/fxgl/11.14/fxgl-11.14.jar!/fxglassets/ui/cursors/fxgl_default.png
05:32:04.457 [JavaFX Application Thread] DEBUG Input                - Registered new binding: Screenshot - P
05:32:04.459 [JavaFX Application Thread] DEBUG Input                - Registered new binding: System info dump - CTRL+9
05:32:04.459 [JavaFX Application Thread] DEBUG Input                - Registered new binding: Restart - CTRL+R
05:32:04.461 [JavaFX Application Thread] DEBUG Input                - Registered new binding: Toggle Debug Camera - CTRL+C
05:32:04.463 [JavaFX Application Thread] DEBUG LoopRunner           - Starting loop
05:32:04.463 [JavaFX Application Thread] DEBUG LoopRunner           - Initializing JavaFX AnimationTimerLoop
05:32:04.465 [JavaFX Application Thread] DEBUG GameApplicationServi - Starting new game
05:32:04.465 [JavaFX Application Thread] DEBUG Input                - Clearing active input actions
05:32:04.477 [JavaFX Application Thread] DEBUG GameApplicationServi - Removing overlay from FXGLStartupScene and adding to FXGLLoadingScene
05:32:04.477 [JavaFX Application Thread] DEBUG PrimaryStageWindow   - FXGLStartupScene -> FXGLLoadingScene
05:32:04.477 [JavaFX Application Thread] DEBUG GameApplicationServi - Clearing previous game
05:32:04.477 [JavaFX Application Thread] DEBUG GameScene            - Clearing game scene
05:32:04.478 [JavaFX Application Thread] DEBUG GameWorld            - Clearing game world
05:32:04.478 [JavaFX Application Thread] DEBUG PhysicsWorld         - Clearing physics world
05:32:04.479 [FXGL Background Thread 4 ] DEBUG FXGLApplication      - Initializing game
05:32:04.487 [FXGL Background Thread 4 ] WARN  FXGLAssetLoaderServi - Asset "/assets/levels/castle.tmx" was not found!
05:32:04.669 [JavaFX Application Thread] DEBUG FXGLApplication      - Registering font factories with UI factory
05:32:04.716 [JavaFX Application Thread] DEBUG LoopRunner           - Stopping loop
05:32:04.717 [JavaFX Application Thread] FATAL FXGLApplication      - Uncaught Exception:
java.lang.RuntimeException: Initialization failed
	at com.almasb.fxgl.app.FXGLApplication$InitAppTask.failed(FXGLApplication.kt:376)
	at javafx.concurrent.Task.setState(Task.java:710)
	at javafx.concurrent.Task$TaskCallable.lambda$call$2(Task.java:1455)
	at com.sun.javafx.application.PlatformImpl.lambda$runLater$10(PlatformImpl.java:428)
	at java.base/java.security.AccessController.doPrivileged(AccessController.java:391)
	at com.sun.javafx.application.PlatformImpl.lambda$runLater$11(PlatformImpl.java:427)
	at com.sun.glass.ui.InvokeLaterDispatcher$Future.run(InvokeLaterDispatcher.java:96)
Caused by: java.lang.IllegalArgumentException: Loading level failed. Asset not found: castle.tmx
	at com.almasb.fxgl.app.services.FXGLAssetLoaderService.loadLevel(FXGLAssetLoaderService.kt:439)
	at com.almasb.fxgl.dsl.FXGL$Companion.setLevelFromMap(FXGL.kt:532)
	at com.almasb.fxgl.dsl.FXGL.setLevelFromMap(FXGL.kt)
	at Game.setLevel(Game.java:86)
	at Game.initGame(Game.java:46)
	at com.almasb.fxgl.app.FXGLApplication$InitAppTask.initGame(FXGLApplication.kt:372)
	at com.almasb.fxgl.app.FXGLApplication$InitAppTask.call(FXGLApplication.kt:352)
	at com.almasb.fxgl.app.FXGLApplication$InitAppTask.call(FXGLApplication.kt:344)
	at javafx.concurrent.Task$TaskCallable.call(Task.java:1425)
	at java.base/java.util.concurrent.FutureTask.run(FutureTask.java:264)
	at java.base/java.util.concurrent.Executors$RunnableAdapter.call(Executors.java:515)
	at java.base/java.util.concurrent.FutureTask.run(FutureTask.java:264)
	at java.base/java.util.concurrent.ThreadPoolExecutor.runWorker(ThreadPoolExecutor.java:1130)
	at java.base/java.util.concurrent.ThreadPoolExecutor$Worker.run(ThreadPoolExecutor.java:630)
	at java.base/java.lang.Thread.run(Thread.java:832)

05:32:04.717 [JavaFX Application Thread] FATAL FXGLApplication      - Application will now exit
05:32:04.739 [JavaFX Application Thread] DEBUG PrimaryStageWindow   - Push state: ErrorSubScene
05:32:04.740 [JavaFX Application Thread] DEBUG Input                - Clearing active input actions
05:32:04.748 [JavaFX Application Thread] DEBUG GameApplicationServi - Removing overlay from FXGLLoadingScene and adding to ErrorSubScene
05:32:04.749 [JavaFX Application Thread] DEBUG PrimaryStageWindow   - FXGLLoadingScene -> ErrorSubScene
05:32:04.986 [FXGL Background Thread 2 ] INFO  UpdaterService       - Your current version:  11.14
05:32:05.004 [FXGL Background Thread 2 ] INFO  UpdaterService       - Latest stable version: 17.1
05:32:07.328 [FXGL Background Thread 3 ] DEBUG Engine               - Logging environment variables
05:32:07.329 [FXGL Background Thread 3 ] DEBUG Engine               - achievements: []
05:32:07.329 [FXGL Background Thread 3 ] DEBUG Engine               - actualHeight: 700.0
05:32:07.329 [FXGL Background Thread 3 ] DEBUG Engine               - actualHeightProperty: ReadOnlyDoubleProperty [value: 700.0]
05:32:07.330 [FXGL Background Thread 3 ] DEBUG Engine               - actualWidth: 1050.0
05:32:07.330 [FXGL Background Thread 3 ] DEBUG Engine               - actualWidthProperty: ReadOnlyDoubleProperty [value: 1050.0]
05:32:07.330 [FXGL Background Thread 3 ] DEBUG Engine               - appIcon: fxgl_icon.png
05:32:07.331 [FXGL Background Thread 3 ] DEBUG Engine               - applicationMode: DEVELOPER
05:32:07.331 [FXGL Background Thread 3 ] DEBUG Engine               - cSSList: [fxgl_dark.css]
05:32:07.331 [FXGL Background Thread 3 ] DEBUG Engine               - collisionDetectionStrategy: BRUTE_FORCE
05:32:07.332 [FXGL Background Thread 3 ] DEBUG Engine               - configClass: Optional.empty
05:32:07.332 [FXGL Background Thread 3 ] DEBUG Engine               - credits: []
05:32:07.332 [FXGL Background Thread 3 ] DEBUG Engine               - devBBoxColorProperty: ObjectProperty [value: 0xff0000ff]
05:32:07.333 [FXGL Background Thread 3 ] DEBUG Engine               - devEnableDebugCameraProperty: BooleanProperty [value: false]
05:32:07.333 [FXGL Background Thread 3 ] DEBUG Engine               - devSensorColorProperty: ObjectProperty [value: 0xffff00ff]
05:32:07.334 [FXGL Background Thread 3 ] DEBUG Engine               - devShowBBoxProperty: BooleanProperty [value: false]
05:32:07.334 [FXGL Background Thread 3 ] DEBUG Engine               - devShowPositionProperty: BooleanProperty [value: false]
05:32:07.334 [FXGL Background Thread 3 ] DEBUG Engine               - enabledMenuItems: []
05:32:07.334 [FXGL Background Thread 3 ] DEBUG Engine               - engineServices: [class com.almasb.fxgl.app.services.FXGLAssetLoaderService, class com.almasb.fxgl.app.FXGLApplication$GameApplicationService, class com.almasb.fxgl.app.services.FXGLDialogService, class com.almasb.fxgl.app.services.IOTaskExecutorService, class com.almasb.fxgl.event.EventBusService, class com.almasb.fxgl.io.FileSystemService, class com.almasb.fxgl.localization.LocalizationService, class com.almasb.fxgl.app.services.SystemBundleService, class com.almasb.fxgl.profile.SaveLoadService, class com.almasb.fxgl.ui.FXGLUIFactoryServiceProvider, class com.almasb.fxgl.ui.FXGLDialogFactoryServiceProvider, class com.almasb.fxgl.audio.AudioPlayer, class com.almasb.fxgl.notification.impl.NotificationServiceProvider, class com.almasb.fxgl.achievement.AchievementService, class com.almasb.fxgl.cutscene.CutsceneService, class com.almasb.fxgl.minigames.MiniGameService, class com.almasb.fxgl.net.NetService, class com.almasb.fxgl.app.services.UpdaterService, class com.almasb.fxgl.dev.DevService]
05:32:07.335 [FXGL Background Thread 3 ] DEBUG Engine               - fontGame: Abel-Regular.ttf
05:32:07.335 [FXGL Background Thread 3 ] DEBUG Engine               - fontMono: lucida_console.ttf
05:32:07.335 [FXGL Background Thread 3 ] DEBUG Engine               - fontText: Courier-Prime.ttf
05:32:07.335 [FXGL Background Thread 3 ] DEBUG Engine               - fontUI: VarelaRound-Regular.ttf
05:32:07.335 [FXGL Background Thread 3 ] DEBUG Engine               - fullScreen: BooleanProperty [value: false]
05:32:07.336 [FXGL Background Thread 3 ] DEBUG Engine               - gameDifficulty: MEDIUM
05:32:07.336 [FXGL Background Thread 3 ] DEBUG Engine               - gameDifficultyProperty: ObjectProperty [value: MEDIUM]
05:32:07.336 [FXGL Background Thread 3 ] DEBUG Engine               - globalMusicVolume: 0.5
05:32:07.336 [FXGL Background Thread 3 ] DEBUG Engine               - globalMusicVolumeProperty: DoubleProperty [value: 0.5]
05:32:07.336 [FXGL Background Thread 3 ] DEBUG Engine               - globalSoundVolume: 0.5
05:32:07.337 [FXGL Background Thread 3 ] DEBUG Engine               - globalSoundVolumeProperty: DoubleProperty [value: 0.5]
05:32:07.337 [FXGL Background Thread 3 ] DEBUG Engine               - height: 700
05:32:07.337 [FXGL Background Thread 3 ] DEBUG Engine               - isAndroid: false
05:32:07.338 [FXGL Background Thread 3 ] DEBUG Engine               - isBrowser: false
05:32:07.338 [FXGL Background Thread 3 ] DEBUG Engine               - isClickFeedbackEnabled: false
05:32:07.338 [FXGL Background Thread 3 ] DEBUG Engine               - isCloseConfirmation: false
05:32:07.338 [FXGL Background Thread 3 ] DEBUG Engine               - isDesktop: true
05:32:07.338 [FXGL Background Thread 3 ] DEBUG Engine               - isDeveloperMenuEnabled: false
05:32:07.339 [FXGL Background Thread 3 ] DEBUG Engine               - isEntityPreloadEnabled: true
05:32:07.339 [FXGL Background Thread 3 ] DEBUG Engine               - isExperimental3D: false
05:32:07.339 [FXGL Background Thread 3 ] DEBUG Engine               - isExperimentalNative: false
05:32:07.339 [FXGL Background Thread 3 ] DEBUG Engine               - isExperimentalTiledLargeMap: false
05:32:07.339 [FXGL Background Thread 3 ] DEBUG Engine               - isFileSystemWriteAllowed: true
05:32:07.339 [FXGL Background Thread 3 ] DEBUG Engine               - isFullScreenAllowed: false
05:32:07.340 [FXGL Background Thread 3 ] DEBUG Engine               - isFullScreenFromStart: false
05:32:07.340 [FXGL Background Thread 3 ] DEBUG Engine               - isGameMenuEnabled: true
05:32:07.340 [FXGL Background Thread 3 ] DEBUG Engine               - isIOS: false
05:32:07.341 [FXGL Background Thread 3 ] DEBUG Engine               - isIntroEnabled: false
05:32:07.341 [FXGL Background Thread 3 ] DEBUG Engine               - isLinux: false
05:32:07.342 [FXGL Background Thread 3 ] DEBUG Engine               - isMac: true
05:32:07.343 [FXGL Background Thread 3 ] DEBUG Engine               - isMainMenuEnabled: false
05:32:07.343 [FXGL Background Thread 3 ] DEBUG Engine               - isManualResizeEnabled: false
05:32:07.343 [FXGL Background Thread 3 ] DEBUG Engine               - isMobile: false
05:32:07.343 [FXGL Background Thread 3 ] DEBUG Engine               - isPreserveResizeRatio: false
05:32:07.343 [FXGL Background Thread 3 ] DEBUG Engine               - isProfilingEnabled: false
05:32:07.343 [FXGL Background Thread 3 ] DEBUG Engine               - isScaleAffectedOnResize: true
05:32:07.344 [FXGL Background Thread 3 ] DEBUG Engine               - isSingleStep: false
05:32:07.344 [FXGL Background Thread 3 ] DEBUG Engine               - isUserProfileEnabled: false
05:32:07.344 [FXGL Background Thread 3 ] DEBUG Engine               - isWindows: false
05:32:07.344 [FXGL Background Thread 3 ] DEBUG Engine               - language: ObjectProperty [value: ENGLISH]
05:32:07.344 [FXGL Background Thread 3 ] DEBUG Engine               - menuKey: ESCAPE
05:32:07.344 [FXGL Background Thread 3 ] DEBUG Engine               - notificationViewClass: class com.almasb.fxgl.notification.view.XboxNotificationView
05:32:07.345 [FXGL Background Thread 3 ] DEBUG Engine               - pixelsPerMeter: 50.0
05:32:07.345 [FXGL Background Thread 3 ] DEBUG Engine               - platform: MAC
05:32:07.345 [FXGL Background Thread 3 ] DEBUG Engine               - prefHeightProperty: ReadOnlyDoubleProperty [value: 700.0]
05:32:07.345 [FXGL Background Thread 3 ] DEBUG Engine               - prefWidthProperty: ReadOnlyDoubleProperty [value: 1050.0]
05:32:07.345 [FXGL Background Thread 3 ] DEBUG Engine               - profileDir: profiles/
05:32:07.345 [FXGL Background Thread 3 ] DEBUG Engine               - profileName: StringProperty [value: DEFAULT]
05:32:07.346 [FXGL Background Thread 3 ] DEBUG Engine               - randomSeed: -1
05:32:07.346 [FXGL Background Thread 3 ] DEBUG Engine               - runtimeInfo: RuntimeInfo(platform=MAC, version=11.14, build=01.03.2021 16.59)
05:32:07.346 [FXGL Background Thread 3 ] DEBUG Engine               - saveFileExt: sav
05:32:07.346 [FXGL Background Thread 3 ] DEBUG Engine               - scaledHeightProp$fxgl: DoubleProperty [bound, value: 700.0]
05:32:07.346 [FXGL Background Thread 3 ] DEBUG Engine               - scaledWidthProp$fxgl: DoubleProperty [bound, value: 1050.0]
05:32:07.346 [FXGL Background Thread 3 ] DEBUG Engine               - sceneFactory: com.almasb.fxgl.app.scene.SceneFactory@7a7742e1
05:32:07.347 [FXGL Background Thread 3 ] DEBUG Engine               - secondsIn24h: 60
05:32:07.347 [FXGL Background Thread 3 ] DEBUG Engine               - soundMenuBack: menu/back.wav
05:32:07.347 [FXGL Background Thread 3 ] DEBUG Engine               - soundMenuPress: menu/press.wav
05:32:07.347 [FXGL Background Thread 3 ] DEBUG Engine               - soundMenuSelect: menu/select.wav
05:32:07.347 [FXGL Background Thread 3 ] DEBUG Engine               - soundNotification: core/notification.wav
05:32:07.348 [FXGL Background Thread 3 ] DEBUG Engine               - stageStyle: DECORATED
05:32:07.348 [FXGL Background Thread 3 ] DEBUG Engine               - supportedLanguages: [ENGLISH, FRENCH, GERMAN, HUNGARIAN, RUSSIAN]
05:32:07.348 [FXGL Background Thread 3 ] DEBUG Engine               - ticksPerSecond: -1
05:32:07.348 [FXGL Background Thread 3 ] DEBUG Engine               - title: Demo game
05:32:07.348 [FXGL Background Thread 3 ] DEBUG Engine               - urlGithub: https://github.com/AlmasB/FXGL
05:32:07.348 [FXGL Background Thread 3 ] DEBUG Engine               - urlLeaderboard: http://fxgl-top.herokuapp.com/
05:32:07.348 [FXGL Background Thread 3 ] DEBUG Engine               - urlPOM: https://raw.githubusercontent.com/AlmasB/FXGL/release/README.md
05:32:07.348 [FXGL Background Thread 3 ] DEBUG Engine               - userAppClass: class Game
05:32:07.349 [FXGL Background Thread 3 ] DEBUG Engine               - version: 1.1
05:32:07.349 [FXGL Background Thread 3 ] DEBUG Engine               - versionCheckDays: 7
05:32:07.349 [FXGL Background Thread 3 ] DEBUG Engine               - width: 1050
05:32:07.349 [FXGL Background Thread 3 ] DEBUG Engine               - Logging services
05:32:07.349 [FXGL Background Thread 3 ] DEBUG Engine               - class com.almasb.fxgl.app.services.FXGLAssetLoaderService
05:32:07.349 [FXGL Background Thread 3 ] DEBUG Engine               - class com.almasb.fxgl.app.FXGLApplication$GameApplicationService
05:32:07.349 [FXGL Background Thread 3 ] DEBUG Engine               - class com.almasb.fxgl.app.services.FXGLDialogService
05:32:07.350 [FXGL Background Thread 3 ] DEBUG Engine               - class com.almasb.fxgl.app.services.IOTaskExecutorService
05:32:07.350 [FXGL Background Thread 3 ] DEBUG Engine               - class com.almasb.fxgl.event.EventBusService
05:32:07.350 [FXGL Background Thread 3 ] DEBUG Engine               - class com.almasb.fxgl.io.FileSystemService
05:32:07.350 [FXGL Background Thread 3 ] DEBUG Engine               - class com.almasb.fxgl.localization.LocalizationService
05:32:07.350 [FXGL Background Thread 3 ] DEBUG Engine               - class com.almasb.fxgl.app.services.SystemBundleService
05:32:07.350 [FXGL Background Thread 3 ] DEBUG Engine               - class com.almasb.fxgl.profile.SaveLoadService
05:32:07.350 [FXGL Background Thread 3 ] DEBUG Engine               - class com.almasb.fxgl.ui.FXGLUIFactoryServiceProvider
05:32:07.350 [FXGL Background Thread 3 ] DEBUG Engine               - class com.almasb.fxgl.ui.FXGLDialogFactoryServiceProvider
05:32:07.351 [FXGL Background Thread 3 ] DEBUG Engine               - class com.almasb.fxgl.audio.AudioPlayer
05:32:07.351 [FXGL Background Thread 3 ] DEBUG Engine               - class com.almasb.fxgl.notification.impl.NotificationServiceProvider
05:32:07.351 [FXGL Background Thread 3 ] DEBUG Engine               - class com.almasb.fxgl.achievement.AchievementService
05:32:07.351 [FXGL Background Thread 3 ] DEBUG Engine               - class com.almasb.fxgl.cutscene.CutsceneService
05:32:07.351 [FXGL Background Thread 3 ] DEBUG Engine               - class com.almasb.fxgl.minigames.MiniGameService
05:32:07.351 [FXGL Background Thread 3 ] DEBUG Engine               - class com.almasb.fxgl.net.NetService
05:32:07.351 [FXGL Background Thread 3 ] DEBUG Engine               - class com.almasb.fxgl.app.services.UpdaterService
05:32:07.351 [FXGL Background Thread 3 ] DEBUG Engine               - class com.almasb.fxgl.dev.DevService
05:32:23.448 [JavaFX Application Thread] DEBUG FXGLApplication      - Exiting FXGL
05:32:23.448 [JavaFX Application Thread] DEBUG Async                - Shutting down background threads
05:32:23.449 [JavaFX Application Thread] DEBUG PrimaryStageWindow   - Closing main window
05:32:23.458 [JavaFX Application Thread] DEBUG Logger               - Closing Logger
