21:25:26.839 [main                     ] DEBUG Logger               - Configured Logger
21:25:26.875 [main                     ] DEBUG GameApplication      - Logging settings
Title: A Way Out
Version: 1.2
Width: 1050
Height: 640
Fullscreen: false
Intro: false
Profiling: false
Single step:false
App Mode: DEVELOPER
Menu Key: ESCAPE
Stage Style: DECORATED
Scene Factory: class UISceneFactory

21:25:28.182 [JavaFX Application Thread] DEBUG FXGLApplication      - Initializing FXGL
21:25:28.188 [JavaFX Application Thread] INFO  Engine               - FXGL-11.14 (01.03.2021 16.59) on WINDOWS (J:15.0.2 FX:15)
21:25:28.189 [JavaFX Application Thread] DEBUG Engine               - JRE Vendor Name: Amazon.com Inc.
21:25:28.190 [JavaFX Application Thread] DEBUG Engine               - Running on OS: Windows 10 version 10.0
21:25:28.191 [JavaFX Application Thread] DEBUG Engine               - Architecture: amd64
21:25:28.192 [JavaFX Application Thread] INFO  Engine               - Source code and latest versions at: https://github.com/AlmasB/FXGL
21:25:28.193 [JavaFX Application Thread] INFO  Engine               -              Join the FXGL chat at: https://gitter.im/AlmasB/FXGL
21:25:28.687 [JavaFX Application Thread] DEBUG PrimaryStageWindow   - Creating a JavaFX scene
21:25:28.858 [JavaFX Application Thread] DEBUG PrimaryStageWindow   - Target settings size: 1050.0 x 640.0
21:25:28.859 [JavaFX Application Thread] DEBUG PrimaryStageWindow   - Scaled scene size:    1050.0 x 640.0
21:25:28.859 [JavaFX Application Thread] DEBUG PrimaryStageWindow   - Scaled ratio: (1.0, 1.0)
21:25:28.862 [JavaFX Application Thread] DEBUG PrimaryStageWindow   - Set initial scene to FXGLStartupScene
21:25:28.888 [JavaFX Application Thread] DEBUG PrimaryStageWindow   - Opening main window
21:25:29.191 [JavaFX Application Thread] DEBUG PrimaryStageWindow   - Window border size: (14.800048828125, 37.5999755859375)
21:25:29.191 [JavaFX Application Thread] DEBUG PrimaryStageWindow   - Scaled size: 1050.0 x 640.0
21:25:29.192 [JavaFX Application Thread] DEBUG PrimaryStageWindow   - Scaled ratio: (1.0, 1.0)
21:25:29.192 [JavaFX Application Thread] DEBUG PrimaryStageWindow   - Scene size: 1050.0 x 640.0
21:25:29.195 [JavaFX Application Thread] DEBUG PrimaryStageWindow   - Stage size: 1064.800048828125 x 677.5999755859375
21:25:29.353 [FXGL Background Thread 1 ] DEBUG Engine               - Initializing environment variables
21:25:29.496 [FXGL Background Thread 1 ] DEBUG FXGLAssetLoaderServi - User app class for loading assets: class Game
21:25:29.496 [FXGL Background Thread 1 ] DEBUG GameApplicationServi - Applying CSS: fxgl_dark.css
21:25:29.499 [FXGL Background Thread 1 ] DEBUG FXGLAssetLoaderServi - Loading from file system: jar:file:/C:/Users/jfran/.m2/repository/com/github/almasb/fxgl/11.14/fxgl-11.14.jar!/fxglassets/ui/css/fxgl_dark.css
21:25:29.632 [FXGL Background Thread 1 ] DEBUG GameApplicationServi - Initializing application scenes
21:25:29.906 [FXGL Background Thread 1 ] DEBUG GameWorld            - Game world initialized
21:25:30.092 [FXGL Background Thread 1 ] DEBUG PhysicsWorld         - Physics world initialized: appHeight=640, physics.ppm=50,0
21:25:30.093 [FXGL Background Thread 1 ] DEBUG PhysicsWorld         - Using strategy: BRUTE_FORCE
21:25:30.100 [FXGL Background Thread 1 ] DEBUG GameScene            - Game scene initialized: 1050x640
21:25:30.425 [FXGL Background Thread 1 ] DEBUG FXGLAssetLoaderServi - Loading from file system: jar:file:/C:/Users/jfran/.m2/repository/com/github/almasb/fxgl/11.14/fxgl-11.14.jar!/fxglassets/textures/particles/trace_horizontal.png
21:25:30.507 [FXGL Background Thread 1 ] DEBUG FXGL.DefaultMenu     - createMenuBodyGameMenu()
21:25:30.536 [FXGL Background Thread 1 ] DEBUG FXGL.DefaultMenu     - createOptionsMenu()
21:25:30.551 [FXGL Background Thread 1 ] DEBUG FXGLAssetLoaderServi - Loading from file system: jar:file:/C:/Users/jfran/.m2/repository/com/github/almasb/fxgl/11.14/fxgl-11.14.jar!/fxglassets/textures/particles/smoke.png
21:25:30.692 [FXGL Background Thread 1 ] DEBUG GameApplicationServi - Application scenes initialized
21:25:30.722 [FXGL Background Thread 1 ] DEBUG SystemBundleService  - Loading FXGL system data
21:25:30.732 [FXGL Background Thread 1 ] DEBUG FileSystemAccess     - Reading from: C:\Users\jfran\OneDrive - Hogeschool Leiden\IPOSE-Maven\system\fxgl.bundle
21:25:30.747 [FXGL Background Thread 1 ] DEBUG SystemBundleService  - Bundle FXGL: {}
21:25:30.748 [FXGL Background Thread 1 ] DEBUG UpdaterService       - Checking for updates
21:25:30.763 [FXGL Background Thread 1 ] DEBUG FXGLApplication      - Loading default localization
21:25:30.765 [FXGL Background Thread 1 ] DEBUG FXGLAssetLoaderServi - Loading from file system: jar:file:/C:/Users/jfran/.m2/repository/com/github/almasb/fxgl/11.14/fxgl-11.14.jar!/fxglassets/languages/english.lang
21:25:30.779 [FXGL Background Thread 4 ] DEBUG FXGLApplication      - Loading fonts
21:25:30.785 [FXGL Background Thread 4 ] DEBUG FXGLAssetLoaderServi - Loading from file system: jar:file:/C:/Users/jfran/.m2/repository/com/github/almasb/fxgl/11.14/fxgl-11.14.jar!/fxglassets/ui/fonts/VarelaRound-Regular.ttf
21:25:30.853 [FXGL Background Thread 1 ] INFO  FXGLApplication      - FXGL initialization took: 1,499 sec
21:25:30.877 [JavaFX Application Thread] DEBUG Input                - Registered new binding: left - A
21:25:30.878 [JavaFX Application Thread] DEBUG Input                - Registered new binding: right - D
21:25:30.879 [JavaFX Application Thread] DEBUG Input                - Registered new binding: jump - W
21:25:30.880 [JavaFX Application Thread] DEBUG FXGLAssetLoaderServi - Loading from file system: file:/C:/Users/jfran/OneDrive%20-%20Hogeschool%20Leiden/IPOSE-Maven/target/classes/assets/music/dungeon.wav
21:25:31.184 [FXGL Background Thread 4 ] DEBUG FXGLAssetLoaderServi - Loading from file system: jar:file:/C:/Users/jfran/.m2/repository/com/github/almasb/fxgl/11.14/fxgl-11.14.jar!/fxglassets/ui/fonts/Abel-Regular.ttf
21:25:31.204 [FXGL Background Thread 4 ] DEBUG FXGLAssetLoaderServi - Loading from file system: jar:file:/C:/Users/jfran/.m2/repository/com/github/almasb/fxgl/11.14/fxgl-11.14.jar!/fxglassets/ui/fonts/lucida_console.ttf
21:25:31.237 [FXGL Background Thread 4 ] DEBUG FXGLAssetLoaderServi - Loading from file system: jar:file:/C:/Users/jfran/.m2/repository/com/github/almasb/fxgl/11.14/fxgl-11.14.jar!/fxglassets/ui/fonts/Courier-Prime.ttf
21:25:31.620 [JavaFX Application Thread] DEBUG AudioPlayer          - Playing music com.almasb.fxgl.audio.Music@18a39e35
21:25:31.622 [JavaFX Application Thread] DEBUG FXGLAssetLoaderServi - Loading from file system: jar:file:/C:/Users/jfran/.m2/repository/com/github/almasb/fxgl/11.14/fxgl-11.14.jar!/fxglassets/textures/fxgl_icon.png
21:25:31.654 [JavaFX Application Thread] DEBUG FXGLAssetLoaderServi - Loading from file system: jar:file:/C:/Users/jfran/.m2/repository/com/github/almasb/fxgl/11.14/fxgl-11.14.jar!/fxglassets/ui/cursors/fxgl_default.png
21:25:31.659 [JavaFX Application Thread] DEBUG Input                - Registered new binding: Screenshot - P
21:25:31.661 [JavaFX Application Thread] DEBUG Input                - Registered new binding: System info dump - CTRL+9
21:25:31.662 [JavaFX Application Thread] DEBUG Input                - Registered new binding: Restart - CTRL+R
21:25:31.664 [JavaFX Application Thread] DEBUG Input                - Registered new binding: Toggle Debug Camera - CTRL+C
21:25:31.670 [JavaFX Application Thread] DEBUG LoopRunner           - Starting loop
21:25:31.671 [JavaFX Application Thread] DEBUG LoopRunner           - Initializing JavaFX AnimationTimerLoop
21:25:31.678 [JavaFX Application Thread] DEBUG Input                - Clearing active input actions
21:25:31.695 [JavaFX Application Thread] DEBUG GameApplicationServi - Removing overlay from FXGLStartupScene and adding to FXGLMainMenuDummyScene
21:25:31.696 [JavaFX Application Thread] DEBUG PrimaryStageWindow   - FXGLStartupScene -> FXGLMainMenuDummyScene
21:25:31.697 [JavaFX Application Thread] DEBUG PrimaryStageWindow   - Push state: StartMenu
21:25:31.697 [JavaFX Application Thread] DEBUG Input                - Clearing active input actions
21:25:31.758 [JavaFX Application Thread] DEBUG GameApplicationServi - Removing overlay from FXGLMainMenuDummyScene and adding to StartMenu
21:25:31.759 [JavaFX Application Thread] DEBUG PrimaryStageWindow   - FXGLMainMenuDummyScene -> StartMenu
21:25:31.761 [JavaFX Application Thread] DEBUG FXGLApplication      - Registering font factories with UI factory
21:25:32.006 [FXGL Background Thread 2 ] INFO  UpdaterService       - Your current version:  11.14
21:25:32.007 [FXGL Background Thread 2 ] INFO  UpdaterService       - Latest stable version: 17.1
21:25:33.757 [FXGL Background Thread 3 ] DEBUG Engine               - Logging environment variables
21:25:33.760 [FXGL Background Thread 3 ] DEBUG Engine               - achievements: []
21:25:33.761 [FXGL Background Thread 3 ] DEBUG Engine               - actualHeight: 640.0
21:25:33.761 [FXGL Background Thread 3 ] DEBUG Engine               - actualHeightProperty: ReadOnlyDoubleProperty [value: 640.0]
21:25:33.762 [FXGL Background Thread 3 ] DEBUG Engine               - actualWidth: 1050.0
21:25:33.763 [FXGL Background Thread 3 ] DEBUG Engine               - actualWidthProperty: ReadOnlyDoubleProperty [value: 1050.0]
21:25:33.764 [FXGL Background Thread 3 ] DEBUG Engine               - appIcon: fxgl_icon.png
21:25:33.765 [FXGL Background Thread 3 ] DEBUG Engine               - applicationMode: DEVELOPER
21:25:33.765 [FXGL Background Thread 3 ] DEBUG Engine               - cSSList: [fxgl_dark.css]
21:25:33.766 [FXGL Background Thread 3 ] DEBUG Engine               - collisionDetectionStrategy: BRUTE_FORCE
21:25:33.767 [FXGL Background Thread 3 ] DEBUG Engine               - configClass: Optional.empty
21:25:33.767 [FXGL Background Thread 3 ] DEBUG Engine               - credits: []
21:25:33.769 [FXGL Background Thread 3 ] DEBUG Engine               - devBBoxColorProperty: ObjectProperty [value: 0xff0000ff]
21:25:33.769 [FXGL Background Thread 3 ] DEBUG Engine               - devEnableDebugCameraProperty: BooleanProperty [value: false]
21:25:33.771 [FXGL Background Thread 3 ] DEBUG Engine               - devSensorColorProperty: ObjectProperty [value: 0xffff00ff]
21:25:33.771 [FXGL Background Thread 3 ] DEBUG Engine               - devShowBBoxProperty: BooleanProperty [value: false]
21:25:33.772 [FXGL Background Thread 3 ] DEBUG Engine               - devShowPositionProperty: BooleanProperty [value: false]
21:25:33.773 [FXGL Background Thread 3 ] DEBUG Engine               - enabledMenuItems: []
21:25:33.774 [FXGL Background Thread 3 ] DEBUG Engine               - engineServices: [class com.almasb.fxgl.app.services.FXGLAssetLoaderService, class com.almasb.fxgl.app.FXGLApplication$GameApplicationService, class com.almasb.fxgl.app.services.FXGLDialogService, class com.almasb.fxgl.app.services.IOTaskExecutorService, class com.almasb.fxgl.event.EventBusService, class com.almasb.fxgl.io.FileSystemService, class com.almasb.fxgl.localization.LocalizationService, class com.almasb.fxgl.app.services.SystemBundleService, class com.almasb.fxgl.profile.SaveLoadService, class com.almasb.fxgl.ui.FXGLUIFactoryServiceProvider, class com.almasb.fxgl.ui.FXGLDialogFactoryServiceProvider, class com.almasb.fxgl.audio.AudioPlayer, class com.almasb.fxgl.notification.impl.NotificationServiceProvider, class com.almasb.fxgl.achievement.AchievementService, class com.almasb.fxgl.cutscene.CutsceneService, class com.almasb.fxgl.minigames.MiniGameService, class com.almasb.fxgl.net.NetService, class com.almasb.fxgl.app.services.UpdaterService, class com.almasb.fxgl.dev.DevService]
21:25:33.775 [FXGL Background Thread 3 ] DEBUG Engine               - fontGame: Abel-Regular.ttf
21:25:33.775 [FXGL Background Thread 3 ] DEBUG Engine               - fontMono: lucida_console.ttf
21:25:33.776 [FXGL Background Thread 3 ] DEBUG Engine               - fontText: Courier-Prime.ttf
21:25:33.776 [FXGL Background Thread 3 ] DEBUG Engine               - fontUI: VarelaRound-Regular.ttf
21:25:33.777 [FXGL Background Thread 3 ] DEBUG Engine               - fullScreen: BooleanProperty [value: false]
21:25:33.777 [FXGL Background Thread 3 ] DEBUG Engine               - gameDifficulty: MEDIUM
21:25:33.778 [FXGL Background Thread 3 ] DEBUG Engine               - gameDifficultyProperty: ObjectProperty [value: MEDIUM]
21:25:33.779 [FXGL Background Thread 3 ] DEBUG Engine               - globalMusicVolume: 0.5
21:25:33.780 [FXGL Background Thread 3 ] DEBUG Engine               - globalMusicVolumeProperty: DoubleProperty [value: 0.5]
21:25:33.781 [FXGL Background Thread 3 ] DEBUG Engine               - globalSoundVolume: 0.5
21:25:33.781 [FXGL Background Thread 3 ] DEBUG Engine               - globalSoundVolumeProperty: DoubleProperty [value: 0.5]
21:25:33.782 [FXGL Background Thread 3 ] DEBUG Engine               - height: 640
21:25:33.782 [FXGL Background Thread 3 ] DEBUG Engine               - isAndroid: false
21:25:33.783 [FXGL Background Thread 3 ] DEBUG Engine               - isBrowser: false
21:25:33.783 [FXGL Background Thread 3 ] DEBUG Engine               - isClickFeedbackEnabled: false
21:25:33.784 [FXGL Background Thread 3 ] DEBUG Engine               - isCloseConfirmation: false
21:25:33.784 [FXGL Background Thread 3 ] DEBUG Engine               - isDesktop: true
21:25:33.784 [FXGL Background Thread 3 ] DEBUG Engine               - isDeveloperMenuEnabled: false
21:25:33.785 [FXGL Background Thread 3 ] DEBUG Engine               - isEntityPreloadEnabled: true
21:25:33.785 [FXGL Background Thread 3 ] DEBUG Engine               - isExperimental3D: false
21:25:33.785 [FXGL Background Thread 3 ] DEBUG Engine               - isExperimentalNative: false
21:25:33.786 [FXGL Background Thread 3 ] DEBUG Engine               - isExperimentalTiledLargeMap: false
21:25:33.786 [FXGL Background Thread 3 ] DEBUG Engine               - isFileSystemWriteAllowed: true
21:25:33.786 [FXGL Background Thread 3 ] DEBUG Engine               - isFullScreenAllowed: false
21:25:33.786 [FXGL Background Thread 3 ] DEBUG Engine               - isFullScreenFromStart: false
21:25:33.787 [FXGL Background Thread 3 ] DEBUG Engine               - isGameMenuEnabled: true
21:25:33.787 [FXGL Background Thread 3 ] DEBUG Engine               - isIOS: false
21:25:33.788 [FXGL Background Thread 3 ] DEBUG Engine               - isIntroEnabled: false
21:25:33.788 [FXGL Background Thread 3 ] DEBUG Engine               - isLinux: false
21:25:33.789 [FXGL Background Thread 3 ] DEBUG Engine               - isMac: false
21:25:33.789 [FXGL Background Thread 3 ] DEBUG Engine               - isMainMenuEnabled: true
21:25:33.790 [FXGL Background Thread 3 ] DEBUG Engine               - isManualResizeEnabled: false
21:25:33.791 [FXGL Background Thread 3 ] DEBUG Engine               - isMobile: false
21:25:33.791 [FXGL Background Thread 3 ] DEBUG Engine               - isPreserveResizeRatio: false
21:25:33.792 [FXGL Background Thread 3 ] DEBUG Engine               - isProfilingEnabled: false
21:25:33.793 [FXGL Background Thread 3 ] DEBUG Engine               - isScaleAffectedOnResize: true
21:25:33.793 [FXGL Background Thread 3 ] DEBUG Engine               - isSingleStep: false
21:25:33.794 [FXGL Background Thread 3 ] DEBUG Engine               - isUserProfileEnabled: false
21:25:33.794 [FXGL Background Thread 3 ] DEBUG Engine               - isWindows: true
21:25:33.795 [FXGL Background Thread 3 ] DEBUG Engine               - language: ObjectProperty [value: ENGLISH]
21:25:33.795 [FXGL Background Thread 3 ] DEBUG Engine               - menuKey: ESCAPE
21:25:33.796 [FXGL Background Thread 3 ] DEBUG Engine               - notificationViewClass: class com.almasb.fxgl.notification.view.XboxNotificationView
21:25:33.797 [FXGL Background Thread 3 ] DEBUG Engine               - pixelsPerMeter: 50.0
21:25:33.797 [FXGL Background Thread 3 ] DEBUG Engine               - platform: WINDOWS
21:25:33.797 [FXGL Background Thread 3 ] DEBUG Engine               - prefHeightProperty: ReadOnlyDoubleProperty [value: 640.0]
21:25:33.798 [FXGL Background Thread 3 ] DEBUG Engine               - prefWidthProperty: ReadOnlyDoubleProperty [value: 1050.0]
21:25:33.798 [FXGL Background Thread 3 ] DEBUG Engine               - profileDir: profiles/
21:25:33.799 [FXGL Background Thread 3 ] DEBUG Engine               - profileName: StringProperty [value: DEFAULT]
21:25:33.799 [FXGL Background Thread 3 ] DEBUG Engine               - randomSeed: -1
21:25:33.799 [FXGL Background Thread 3 ] DEBUG Engine               - runtimeInfo: RuntimeInfo(platform=WINDOWS, version=11.14, build=01.03.2021 16.59)
21:25:33.800 [FXGL Background Thread 3 ] DEBUG Engine               - saveFileExt: sav
21:25:33.800 [FXGL Background Thread 3 ] DEBUG Engine               - scaledHeightProp$fxgl: DoubleProperty [bound, value: 640.0]
21:25:33.801 [FXGL Background Thread 3 ] DEBUG Engine               - scaledWidthProp$fxgl: DoubleProperty [bound, value: 1050.0]
21:25:33.801 [FXGL Background Thread 3 ] DEBUG Engine               - sceneFactory: UISceneFactory@2a41f116
21:25:33.802 [FXGL Background Thread 3 ] DEBUG Engine               - secondsIn24h: 60
21:25:33.802 [FXGL Background Thread 3 ] DEBUG Engine               - soundMenuBack: menu/back.wav
21:25:33.802 [FXGL Background Thread 3 ] DEBUG Engine               - soundMenuPress: menu/press.wav
21:25:33.803 [FXGL Background Thread 3 ] DEBUG Engine               - soundMenuSelect: menu/select.wav
21:25:33.803 [FXGL Background Thread 3 ] DEBUG Engine               - soundNotification: core/notification.wav
21:25:33.804 [FXGL Background Thread 3 ] DEBUG Engine               - stageStyle: DECORATED
21:25:33.804 [FXGL Background Thread 3 ] DEBUG Engine               - supportedLanguages: [ENGLISH, FRENCH, GERMAN, HUNGARIAN, RUSSIAN]
21:25:33.804 [FXGL Background Thread 3 ] DEBUG Engine               - ticksPerSecond: -1
21:25:33.804 [FXGL Background Thread 3 ] DEBUG Engine               - title: A Way Out
21:25:33.805 [FXGL Background Thread 3 ] DEBUG Engine               - urlGithub: https://github.com/AlmasB/FXGL
21:25:33.805 [FXGL Background Thread 3 ] DEBUG Engine               - urlLeaderboard: http://fxgl-top.herokuapp.com/
21:25:33.805 [FXGL Background Thread 3 ] DEBUG Engine               - urlPOM: https://raw.githubusercontent.com/AlmasB/FXGL/release/README.md
21:25:33.806 [FXGL Background Thread 3 ] DEBUG Engine               - userAppClass: class Game
21:25:33.806 [FXGL Background Thread 3 ] DEBUG Engine               - version: 1.2
21:25:33.806 [FXGL Background Thread 3 ] DEBUG Engine               - versionCheckDays: 7
21:25:33.807 [FXGL Background Thread 3 ] DEBUG Engine               - width: 1050
21:25:33.807 [FXGL Background Thread 3 ] DEBUG Engine               - Logging services
21:25:33.808 [FXGL Background Thread 3 ] DEBUG Engine               - class com.almasb.fxgl.app.services.FXGLAssetLoaderService
21:25:33.808 [FXGL Background Thread 3 ] DEBUG Engine               - class com.almasb.fxgl.app.FXGLApplication$GameApplicationService
21:25:33.809 [FXGL Background Thread 3 ] DEBUG Engine               - class com.almasb.fxgl.app.services.FXGLDialogService
21:25:33.809 [FXGL Background Thread 3 ] DEBUG Engine               - class com.almasb.fxgl.app.services.IOTaskExecutorService
21:25:33.809 [FXGL Background Thread 3 ] DEBUG Engine               - class com.almasb.fxgl.event.EventBusService
21:25:33.810 [FXGL Background Thread 3 ] DEBUG Engine               - class com.almasb.fxgl.io.FileSystemService
21:25:33.810 [FXGL Background Thread 3 ] DEBUG Engine               - class com.almasb.fxgl.localization.LocalizationService
21:25:33.811 [FXGL Background Thread 3 ] DEBUG Engine               - class com.almasb.fxgl.app.services.SystemBundleService
21:25:33.811 [FXGL Background Thread 3 ] DEBUG Engine               - class com.almasb.fxgl.profile.SaveLoadService
21:25:33.811 [FXGL Background Thread 3 ] DEBUG Engine               - class com.almasb.fxgl.ui.FXGLUIFactoryServiceProvider
21:25:33.812 [FXGL Background Thread 3 ] DEBUG Engine               - class com.almasb.fxgl.ui.FXGLDialogFactoryServiceProvider
21:25:33.812 [FXGL Background Thread 3 ] DEBUG Engine               - class com.almasb.fxgl.audio.AudioPlayer
21:25:33.813 [FXGL Background Thread 3 ] DEBUG Engine               - class com.almasb.fxgl.notification.impl.NotificationServiceProvider
21:25:33.813 [FXGL Background Thread 3 ] DEBUG Engine               - class com.almasb.fxgl.achievement.AchievementService
21:25:33.813 [FXGL Background Thread 3 ] DEBUG Engine               - class com.almasb.fxgl.cutscene.CutsceneService
21:25:33.813 [FXGL Background Thread 3 ] DEBUG Engine               - class com.almasb.fxgl.minigames.MiniGameService
21:25:33.814 [FXGL Background Thread 3 ] DEBUG Engine               - class com.almasb.fxgl.net.NetService
21:25:33.814 [FXGL Background Thread 3 ] DEBUG Engine               - class com.almasb.fxgl.app.services.UpdaterService
21:25:33.814 [FXGL Background Thread 3 ] DEBUG Engine               - class com.almasb.fxgl.dev.DevService
21:25:34.387 [JavaFX Application Thread] DEBUG Menu                 - fireNewGame()
21:25:34.388 [JavaFX Application Thread] DEBUG GameApplicationServi - Starting new game
21:25:34.388 [JavaFX Application Thread] DEBUG PrimaryStageWindow   - Pop state: StartMenu
21:25:34.389 [JavaFX Application Thread] DEBUG Input                - Clearing active input actions
21:25:34.391 [JavaFX Application Thread] DEBUG GameApplicationServi - Removing overlay from StartMenu and adding to FXGLMainMenuDummyScene
21:25:34.392 [JavaFX Application Thread] DEBUG PrimaryStageWindow   - FXGLMainMenuDummyScene <- StartMenu
21:25:34.393 [JavaFX Application Thread] DEBUG Input                - Clearing active input actions
21:25:34.419 [JavaFX Application Thread] DEBUG GameApplicationServi - Removing overlay from FXGLMainMenuDummyScene and adding to FXGLLoadingScene
21:25:34.420 [JavaFX Application Thread] DEBUG PrimaryStageWindow   - FXGLMainMenuDummyScene -> FXGLLoadingScene
21:25:34.436 [JavaFX Application Thread] DEBUG GameApplicationServi - Clearing previous game
21:25:34.437 [JavaFX Application Thread] DEBUG GameScene            - Clearing game scene
21:25:34.437 [JavaFX Application Thread] DEBUG GameWorld            - Clearing game world
21:25:34.437 [JavaFX Application Thread] DEBUG PhysicsWorld         - Clearing physics world
21:25:34.442 [FXGL Background Thread 2 ] DEBUG FXGLApplication      - Initializing game
21:25:34.558 [FXGL Background Thread 2 ] WARN  TMXLevelLoader       - TiledMap generated from 1.0.1. Supported version: 1.2.3. Some features may not be parsed fully.
21:25:34.606 [FXGL Background Thread 2 ] DEBUG TMXLevelLoader       - Parsed raw map: TiledMap(width=50, height=20, tilewidth=32, tileheight=32, orientation=orthogonal, layers=[Layer(width=50, height=20, name=Tilelaag 1, type=tilelayer, visible=false, x=0, y=0, data=[0, 0, 0, 0, 0, 0, 0, 0, 0, 0, 0, 0, 0, 0, 0, 0, 181, 0, 0, 0, 0, 0, 0, 0, 0, 0, 0, 0, 0, 0, 0, 0, 0, 0, 0, 0, 0, 0, 0, 0, 0, 0, 0, 0, 0, 0, 0, 0, 0, 0, 0, 0, 0, 0, 0, 0, 0, 0, 0, 0, 0, 0, 0, 0, 783, 0, 181, 0, 0, 0, 0, 0, 0, 0, 0, 0, 0, 0, 0, 0, 0, 0, 0, 0, 0, 0, 0, 0, 0, 0, 0, 0, 0, 0, 0, 0, 0, 0, 0, 0, 0, 0, 0, 0, 0, 0, 0, 0, 0, 0, 0, 0, 0, 56, 88, 150, 166, 0, 0, 0, 0, 0, 0, 0, 0, 0, 0, 431, 0, 0, 0, 0, 0, 0, 0, 0, 0, 0, 0, 0, 0, 0, 0, 0, 0, 0, 0, 0, 0, 0, 0, 0, 0, 0, 0, 0, 0, 0, 0, 0, 0, 0, 0, 0, 17, 126, 154, 0, 0, 0, 0, 0, 0, 0, 0, 0, 0, 8, 0, 0, 0, 0, 0, 401, 0, 0, 0, 0, 0, 0, 0, 0, 0, 0, 0, 0, 0, 0, 0, 0, 0, 0, 0, 0, 0, 0, 0, 0, 0, 0, 131, 0, 0, 0, 17, 185, 0, 0, 0, 0, 0, 0, 0, 0, 0, 0, 0, 24, 0, 0, 0, 0, 0, 433, 0, 0, 0, 0, 0, 0, 0, 0, 0, 0, 0, 0, 0, 0, 0, 0, 0, 0, 0, 0, 0, 0, 0, 0, 0, 0, 0, 0, 0, 0, 17, 19, 0, 0, 0, 0, 0, 0, 0, 0, 0, 0, 0, 0, 0, 0, 0, 0, 0, 8, 0, 0, 0, 0, 0, 0, 0, 0, 37, 38, 378, 40, 41, 42, 43, 44, 0, 0, 0, 0, 0, 0, 0, 0, 783, 0, 0, 0, 0, 0, 21, 22, 0, 0, 0, 0, 0, 0, 0, 0, 0, 0, 0, 0, 0, 0, 0, 403, 0, 24, 52, 0, 0, 0, 0, 0, 0, 150, 53, 54, 55, 56, 57, 58, 59, 60, 0, 0, 0, 0, 0, 0, 0, 0, 131, 0, 0, 0, 0, 0, 0, 0, 0, 0, 0, 0, 0, 0, 0, 0, 0, 0, 0, 0, 0, 0, 783, 435, 0, 0, 0, 0, 0, 0, 0, 0, 0, 0, 69, 70, 71, 72, 73, 74, 75, 76, 0, 0, 302, 0, 0, 0, 0, 0, 0, 0, 0, 0, 0, 0, 0, 0, 0, 0, 0, 0, 0, 0, 0, 0, 0, 0, 0, 0, 0, 0, 10, 11, 12, 0, 0, 0, 0, 0, 0, 0, 0, 0, 0, 86, 87, 88, 89, 90, 91, 92, 0, 0, 150, 150, 0, 0, 0, 0, 0, 0, 0, 0, 0, 0, 0, 0, 0, 0, 0, 0, 0, 0, 0, 0, 0, 783, 0, 0, 0, 0, 0, 0, 0, 0, 0, 0, 0, 0, 0, 0, 0, 378, 0, 102, 103, 104, 105, 106, 107, 108, 0, 0, 0, 19, 0, 0, 0, 0, 0, 0, 0, 0, 0, 0, 0, 0, 0, 0, 0, 0, 0, 0, 0, 0, 0, 131, 0, 0, 0, 0, 0, 0, 0, 0, 0, 0, 0, 0, 0, 0, 0, 57, 52, 0, 119, 120, 121, 122, 123, 124, 131, 0, 0, 19, 0, 0, 0, 0, 0, 0, 0, 0, 0, 0, 0, 0, 0, 0, 0, 0, 0, 0, 0, 0, 4, 0, 0, 0, 0, 0, 0, 0, 0, 0, 0, 0, 0, 0, 0, 749, 0, 73, 74, 134, 0, 136, 0, 0, 139, 140, 0, 0, 0, 19, 0, 0, 0, 0, 0, 0, 0, 0, 0, 0, 0, 0, 0, 0, 0, 0, 0, 0, 0, 0, 20, 0, 0, 783, 0, 0, 0, 0, 0, 0, 0, 0, 0, 0, 0, 57, 58, 22, 0, 150, 60, 152, 366, 0, 18, 19, 0, 0, 131, 201, 0, 783, 0, 0, 783, 0, 0, 0, 0, 0, 0, 0, 0, 0, 0, 0, 0, 0, 0, 0, 0, 0, 0, 8, 0, 0, 0, 0, 726, 727, 728, 729, 730, 0, 0, 73, 0, 0, 0, 21, 34, 22, 366, 170, 171, 19, 0, 0, 0, 217, 58, 58, 58, 58, 58, 195, 0, 0, 0, 0, 0, 0, 0, 0, 0, 0, 0, 0, 0, 0, 0, 0, 0, 24, 0, 0, 0, 0, 758, 759, 760, 761, 762, 0, 750, 73, 378, 378, 378, 0, 366, 366, 366, 186, 187, 24, 646, 0, 0, 19, 0, 0, 0, 0, 0, 0, 0, 0, 0, 0, 0, 0, 0, 0, 0, 0, 0, 0, 0, 0, 783, 0, 0, 0, 0, 0, 0, 0, 790, 791, 792, 793, 794, 87, 88, 166, 166, 184, 184, 0, 0, 0, 0, 202, 19, 501, 678, 60, 61, 19, 0, 0, 0, 0, 0, 0, 0, 0, 0, 0, 0, 0, 0, 0, 0, 0, 0, 0, 0, 5, 6, 0, 0, 0, 0, 0, 0, 0, 822, 823, 824, 825, 826, 181, 166, 166, 166, 166, 184, 0, 1, 2, 2, 2, 35, 533, 710, 166, 166, 19, 0, 750, 783, 378, 0, 0, 0, 0, 380, 781, 0, 0, 0, 750, 781, 0, 750, 0, 0, 21, 22, 0, 0, 0, 0, 0, 0, 0, 0, 781, 856, 781, 858, 181, 166, 166, 166, 166, 184, 634, 635, 542, 541, 540, 0, 301, 742, 166, 166, 94, 95, 61, 61, 61, 61, 61, 61, 61, 61, 61, 61, 61, 61, 61, 61, 61, 61, 0, 0, 0, 0, 0, 0, 0, 0, 0, 0, 0, 55, 61, 61, 61, 61, 166, 166, 166, 166, 166, 184, 61, 61, 61, 61, 61, 61, 64, 678, 166, 166, 166, 166, 166, 166, 166, 166, 166, 166, 166, 166, 166, 166, 166, 65, 66, 67, 166, 166, 0, 0, 0, 0, 0, 0, 0, 0, 0, 0, 0, 0, 103, 166, 166, 166, 166, 166, 166, 166, 166, 166, 166, 166, 166, 166, 166, 166, 81], objects=[], opacity=0.0, draworder=), Layer(width=0, height=0, name=Objectlaag 1, type=objectgroup, visible=false, x=0, y=0, data=[], objects=[com.almasb.fxgl.entity.level.tiled.TiledObject@7678699a, com.almasb.fxgl.entity.level.tiled.TiledObject@5165539a, com.almasb.fxgl.entity.level.tiled.TiledObject@24fbe811, com.almasb.fxgl.entity.level.tiled.TiledObject@3fe7c321, com.almasb.fxgl.entity.level.tiled.TiledObject@a6659fe, com.almasb.fxgl.entity.level.tiled.TiledObject@71e422ab, com.almasb.fxgl.entity.level.tiled.TiledObject@aa4f7e6, com.almasb.fxgl.entity.level.tiled.TiledObject@bdbd358, com.almasb.fxgl.entity.level.tiled.TiledObject@334ad274, com.almasb.fxgl.entity.level.tiled.TiledObject@63eb5fcc, com.almasb.fxgl.entity.level.tiled.TiledObject@4e5d8f90, com.almasb.fxgl.entity.level.tiled.TiledObject@1bc9c410, com.almasb.fxgl.entity.level.tiled.TiledObject@7e756c6f, com.almasb.fxgl.entity.level.tiled.TiledObject@47594952, com.almasb.fxgl.entity.level.tiled.TiledObject@655a6f26, com.almasb.fxgl.entity.level.tiled.TiledObject@30e6ced9, com.almasb.fxgl.entity.level.tiled.TiledObject@6525cabe, com.almasb.fxgl.entity.level.tiled.TiledObject@68bb1c91, com.almasb.fxgl.entity.level.tiled.TiledObject@5e2e6dff, com.almasb.fxgl.entity.level.tiled.TiledObject@58b8e0e5, com.almasb.fxgl.entity.level.tiled.TiledObject@1303b176, com.almasb.fxgl.entity.level.tiled.TiledObject@23ec7813, com.almasb.fxgl.entity.level.tiled.TiledObject@e00b804, com.almasb.fxgl.entity.level.tiled.TiledObject@11a0cee9, com.almasb.fxgl.entity.level.tiled.TiledObject@1f2645aa, com.almasb.fxgl.entity.level.tiled.TiledObject@5fca8abd, com.almasb.fxgl.entity.level.tiled.TiledObject@5401c9d8, com.almasb.fxgl.entity.level.tiled.TiledObject@43c18237, com.almasb.fxgl.entity.level.tiled.TiledObject@6ee784f0, com.almasb.fxgl.entity.level.tiled.TiledObject@65f364f3, com.almasb.fxgl.entity.level.tiled.TiledObject@3f662e9c, com.almasb.fxgl.entity.level.tiled.TiledObject@7079d37d, com.almasb.fxgl.entity.level.tiled.TiledObject@226b1986, com.almasb.fxgl.entity.level.tiled.TiledObject@5c4125c4, com.almasb.fxgl.entity.level.tiled.TiledObject@52ddf21e, com.almasb.fxgl.entity.level.tiled.TiledObject@6c813103, com.almasb.fxgl.entity.level.tiled.TiledObject@16dcb23c, com.almasb.fxgl.entity.level.tiled.TiledObject@43e6ca26, com.almasb.fxgl.entity.level.tiled.TiledObject@7e969d46, com.almasb.fxgl.entity.level.tiled.TiledObject@1bfaa2be, com.almasb.fxgl.entity.level.tiled.TiledObject@68c4aeaf, com.almasb.fxgl.entity.level.tiled.TiledObject@1d86fe6b, com.almasb.fxgl.entity.level.tiled.TiledObject@57b02c30, com.almasb.fxgl.entity.level.tiled.TiledObject@19119b2a, com.almasb.fxgl.entity.level.tiled.TiledObject@546dff71, com.almasb.fxgl.entity.level.tiled.TiledObject@7e323631, com.almasb.fxgl.entity.level.tiled.TiledObject@2835546b, com.almasb.fxgl.entity.level.tiled.TiledObject@3d68528c, com.almasb.fxgl.entity.level.tiled.TiledObject@645a427, com.almasb.fxgl.entity.level.tiled.TiledObject@69a99960], opacity=0.0, draworder=)], tilesets=[Tileset(firstgid=1, image=TX Tileset Ground.png, name=TX Tileset Ground, tilewidth=32, tileheight=32, imagewidth=512, imageheight=512, margin=0, spacing=0, columns=16, tilecount=256, transparentcolor=, tiles=[]), Tileset(firstgid=257, image=TX Village Props.png, name=TX Village Props, tilewidth=32, tileheight=32, imagewidth=1024, imageheight=1024, margin=0, spacing=0, columns=32, tilecount=1024, transparentcolor=, tiles=[])], backgroundcolor=, renderorder=right-down, nextobjectid=131, version=1, tiledversion=1.0.1, type=map, infinite=false, hexsidelength=0, staggeraxis=, staggerindex=, properties={}, propertytypes={})
21:25:34.608 [FXGL Background Thread 2 ] DEBUG TMXLevelLoader       - Creating tile layer entities
21:25:34.612 [FXGL Background Thread 2 ] DEBUG TilesetLoader        - Loading view for layer Tilelaag 1
21:25:34.619 [FXGL Background Thread 2 ] DEBUG TilesetLoader        - Created buffer with size 1600.0x640.0
21:25:34.647 [FXGL Background Thread 2 ] DEBUG TilesetLoader        - Writing to buffer: dst=512,0, w=32,h=32, src=128,352
21:25:34.775 [FXGL Background Thread 2 ] DEBUG TilesetLoader        - Writing to buffer: dst=448,32, w=32,h=32, src=448,512
21:25:34.776 [FXGL Background Thread 2 ] DEBUG TilesetLoader        - Writing to buffer: dst=512,32, w=32,h=32, src=128,352
21:25:34.776 [FXGL Background Thread 2 ] DEBUG TilesetLoader        - Writing to buffer: dst=416,64, w=32,h=32, src=224,96
21:25:34.777 [FXGL Background Thread 2 ] DEBUG TilesetLoader        - Writing to buffer: dst=448,64, w=32,h=32, src=224,160
21:25:34.777 [FXGL Background Thread 2 ] DEBUG TilesetLoader        - Writing to buffer: dst=480,64, w=32,h=32, src=160,288
21:25:34.781 [FXGL Background Thread 2 ] DEBUG TilesetLoader        - Writing to buffer: dst=512,64, w=32,h=32, src=160,320
21:25:34.782 [FXGL Background Thread 2 ] DEBUG TilesetLoader        - Writing to buffer: dst=864,64, w=32,h=32, src=448,160
21:25:34.782 [FXGL Background Thread 2 ] DEBUG TilesetLoader        - Writing to buffer: dst=448,96, w=32,h=32, src=0,32
21:25:34.783 [FXGL Background Thread 2 ] DEBUG TilesetLoader        - Writing to buffer: dst=480,96, w=32,h=32, src=416,224
21:25:34.783 [FXGL Background Thread 2 ] DEBUG TilesetLoader        - Writing to buffer: dst=512,96, w=32,h=32, src=288,288
21:25:34.784 [FXGL Background Thread 2 ] DEBUG TilesetLoader        - Writing to buffer: dst=864,96, w=32,h=32, src=224,0
21:25:34.784 [FXGL Background Thread 2 ] DEBUG TilesetLoader        - Writing to buffer: dst=1056,96, w=32,h=32, src=512,128
21:25:34.792 [FXGL Background Thread 2 ] DEBUG TilesetLoader        - Writing to buffer: dst=320,128, w=32,h=32, src=64,256
21:25:34.792 [FXGL Background Thread 2 ] DEBUG TilesetLoader        - Writing to buffer: dst=448,128, w=32,h=32, src=0,32
21:25:34.793 [FXGL Background Thread 2 ] DEBUG TilesetLoader        - Writing to buffer: dst=480,128, w=32,h=32, src=256,352
21:25:34.793 [FXGL Background Thread 2 ] DEBUG TilesetLoader        - Writing to buffer: dst=864,128, w=32,h=32, src=224,32
21:25:34.793 [FXGL Background Thread 2 ] DEBUG TilesetLoader        - Writing to buffer: dst=1056,128, w=32,h=32, src=512,160
21:25:34.794 [FXGL Background Thread 2 ] DEBUG TilesetLoader        - Writing to buffer: dst=448,160, w=32,h=32, src=0,32
21:25:34.794 [FXGL Background Thread 2 ] DEBUG TilesetLoader        - Writing to buffer: dst=480,160, w=32,h=32, src=64,32
21:25:34.795 [FXGL Background Thread 2 ] DEBUG TilesetLoader        - Writing to buffer: dst=1056,160, w=32,h=32, src=224,0
21:25:34.795 [FXGL Background Thread 2 ] DEBUG TilesetLoader        - Writing to buffer: dst=1344,160, w=32,h=32, src=128,64
21:25:34.795 [FXGL Background Thread 2 ] DEBUG TilesetLoader        - Writing to buffer: dst=1376,160, w=32,h=32, src=160,64
21:25:34.795 [FXGL Background Thread 2 ] DEBUG TilesetLoader        - Writing to buffer: dst=1408,160, w=32,h=32, src=800,96
21:25:34.796 [FXGL Background Thread 2 ] DEBUG TilesetLoader        - Writing to buffer: dst=1440,160, w=32,h=32, src=224,64
21:25:34.796 [FXGL Background Thread 2 ] DEBUG TilesetLoader        - Writing to buffer: dst=1472,160, w=32,h=32, src=256,64
21:25:34.796 [FXGL Background Thread 2 ] DEBUG TilesetLoader        - Writing to buffer: dst=1504,160, w=32,h=32, src=288,64
21:25:34.797 [FXGL Background Thread 2 ] DEBUG TilesetLoader        - Writing to buffer: dst=1536,160, w=32,h=32, src=320,64
21:25:34.797 [FXGL Background Thread 2 ] DEBUG TilesetLoader        - Writing to buffer: dst=1568,160, w=32,h=32, src=352,64
21:25:34.807 [FXGL Background Thread 2 ] DEBUG TilesetLoader        - Writing to buffer: dst=256,192, w=32,h=32, src=448,512
21:25:34.807 [FXGL Background Thread 2 ] DEBUG TilesetLoader        - Writing to buffer: dst=448,192, w=32,h=32, src=128,32
21:25:34.808 [FXGL Background Thread 2 ] DEBUG TilesetLoader        - Writing to buffer: dst=480,192, w=32,h=32, src=160,32
21:25:34.809 [FXGL Background Thread 2 ] DEBUG TilesetLoader        - Writing to buffer: dst=992,192, w=32,h=32, src=576,128
21:25:34.811 [FXGL Background Thread 2 ] DEBUG TilesetLoader        - Writing to buffer: dst=1056,192, w=32,h=32, src=224,32
21:25:34.811 [FXGL Background Thread 2 ] DEBUG TilesetLoader        - Writing to buffer: dst=1088,192, w=32,h=32, src=96,96
21:25:34.811 [FXGL Background Thread 2 ] DEBUG TilesetLoader        - Writing to buffer: dst=1312,192, w=32,h=32, src=160,288
21:25:34.812 [FXGL Background Thread 2 ] DEBUG TilesetLoader        - Writing to buffer: dst=1344,192, w=32,h=32, src=128,96
21:25:34.812 [FXGL Background Thread 2 ] DEBUG TilesetLoader        - Writing to buffer: dst=1376,192, w=32,h=32, src=160,96
21:25:34.813 [FXGL Background Thread 2 ] DEBUG TilesetLoader        - Writing to buffer: dst=1408,192, w=32,h=32, src=192,96
21:25:34.813 [FXGL Background Thread 2 ] DEBUG TilesetLoader        - Writing to buffer: dst=1440,192, w=32,h=32, src=224,96
21:25:34.813 [FXGL Background Thread 2 ] DEBUG TilesetLoader        - Writing to buffer: dst=1472,192, w=32,h=32, src=256,96
21:25:34.814 [FXGL Background Thread 2 ] DEBUG TilesetLoader        - Writing to buffer: dst=1504,192, w=32,h=32, src=288,96
21:25:34.814 [FXGL Background Thread 2 ] DEBUG TilesetLoader        - Writing to buffer: dst=1536,192, w=32,h=32, src=320,96
21:25:34.814 [FXGL Background Thread 2 ] DEBUG TilesetLoader        - Writing to buffer: dst=1568,192, w=32,h=32, src=352,96
21:25:34.816 [FXGL Background Thread 2 ] DEBUG TilesetLoader        - Writing to buffer: dst=256,224, w=32,h=32, src=64,256
21:25:34.817 [FXGL Background Thread 2 ] DEBUG TilesetLoader        - Writing to buffer: dst=960,224, w=32,h=32, src=448,512
21:25:34.817 [FXGL Background Thread 2 ] DEBUG TilesetLoader        - Writing to buffer: dst=992,224, w=32,h=32, src=576,160
21:25:34.818 [FXGL Background Thread 2 ] DEBUG TilesetLoader        - Writing to buffer: dst=1344,224, w=32,h=32, src=128,128
21:25:34.822 [FXGL Background Thread 2 ] DEBUG TilesetLoader        - Writing to buffer: dst=1376,224, w=32,h=32, src=160,128
21:25:34.823 [FXGL Background Thread 2 ] DEBUG TilesetLoader        - Writing to buffer: dst=1408,224, w=32,h=32, src=192,128
21:25:34.824 [FXGL Background Thread 2 ] DEBUG TilesetLoader        - Writing to buffer: dst=1440,224, w=32,h=32, src=224,128
21:25:34.825 [FXGL Background Thread 2 ] DEBUG TilesetLoader        - Writing to buffer: dst=1472,224, w=32,h=32, src=256,128
21:25:34.825 [FXGL Background Thread 2 ] DEBUG TilesetLoader        - Writing to buffer: dst=1504,224, w=32,h=32, src=288,128
21:25:34.826 [FXGL Background Thread 2 ] DEBUG TilesetLoader        - Writing to buffer: dst=1536,224, w=32,h=32, src=320,128
21:25:34.829 [FXGL Background Thread 2 ] DEBUG TilesetLoader        - Writing to buffer: dst=1568,224, w=32,h=32, src=352,128
21:25:34.829 [FXGL Background Thread 2 ] DEBUG TilesetLoader        - Writing to buffer: dst=64,256, w=32,h=32, src=416,32
21:25:34.830 [FXGL Background Thread 2 ] DEBUG TilesetLoader        - Writing to buffer: dst=960,256, w=32,h=32, src=288,0
21:25:34.831 [FXGL Background Thread 2 ] DEBUG TilesetLoader        - Writing to buffer: dst=992,256, w=32,h=32, src=320,0
21:25:34.832 [FXGL Background Thread 2 ] DEBUG TilesetLoader        - Writing to buffer: dst=1024,256, w=32,h=32, src=352,0
21:25:34.832 [FXGL Background Thread 2 ] DEBUG TilesetLoader        - Writing to buffer: dst=1376,256, w=32,h=32, src=160,160
21:25:34.837 [FXGL Background Thread 2 ] DEBUG TilesetLoader        - Writing to buffer: dst=1408,256, w=32,h=32, src=192,160
21:25:34.837 [FXGL Background Thread 2 ] DEBUG TilesetLoader        - Writing to buffer: dst=1440,256, w=32,h=32, src=224,160
21:25:34.838 [FXGL Background Thread 2 ] DEBUG TilesetLoader        - Writing to buffer: dst=1472,256, w=32,h=32, src=256,160
21:25:34.838 [FXGL Background Thread 2 ] DEBUG TilesetLoader        - Writing to buffer: dst=1504,256, w=32,h=32, src=288,160
21:25:34.839 [FXGL Background Thread 2 ] DEBUG TilesetLoader        - Writing to buffer: dst=1536,256, w=32,h=32, src=320,160
21:25:34.839 [FXGL Background Thread 2 ] DEBUG TilesetLoader        - Writing to buffer: dst=1568,256, w=32,h=32, src=352,160
21:25:34.839 [FXGL Background Thread 2 ] DEBUG TilesetLoader        - Writing to buffer: dst=64,288, w=32,h=32, src=160,288
21:25:34.841 [FXGL Background Thread 2 ] DEBUG TilesetLoader        - Writing to buffer: dst=96,288, w=32,h=32, src=160,288
21:25:34.842 [FXGL Background Thread 2 ] DEBUG TilesetLoader        - Writing to buffer: dst=800,288, w=32,h=32, src=448,512
21:25:34.843 [FXGL Background Thread 2 ] DEBUG TilesetLoader        - Writing to buffer: dst=1312,288, w=32,h=32, src=800,96
21:25:34.843 [FXGL Background Thread 2 ] DEBUG TilesetLoader        - Writing to buffer: dst=1376,288, w=32,h=32, src=160,192
21:25:34.843 [FXGL Background Thread 2 ] DEBUG TilesetLoader        - Writing to buffer: dst=1408,288, w=32,h=32, src=192,192
21:25:34.866 [FXGL Background Thread 2 ] DEBUG TilesetLoader        - Writing to buffer: dst=1440,288, w=32,h=32, src=224,192
21:25:34.867 [FXGL Background Thread 2 ] DEBUG TilesetLoader        - Writing to buffer: dst=1472,288, w=32,h=32, src=256,192
21:25:34.868 [FXGL Background Thread 2 ] DEBUG TilesetLoader        - Writing to buffer: dst=1504,288, w=32,h=32, src=288,192
21:25:34.869 [FXGL Background Thread 2 ] DEBUG TilesetLoader        - Writing to buffer: dst=1536,288, w=32,h=32, src=320,192
21:25:34.871 [FXGL Background Thread 2 ] DEBUG TilesetLoader        - Writing to buffer: dst=1568,288, w=32,h=32, src=352,192
21:25:34.871 [FXGL Background Thread 2 ] DEBUG TilesetLoader        - Writing to buffer: dst=96,320, w=32,h=32, src=64,32
21:25:34.871 [FXGL Background Thread 2 ] DEBUG TilesetLoader        - Writing to buffer: dst=800,320, w=32,h=32, src=64,256
21:25:34.872 [FXGL Background Thread 2 ] DEBUG TilesetLoader        - Writing to buffer: dst=1312,320, w=32,h=32, src=256,96
21:25:34.872 [FXGL Background Thread 2 ] DEBUG TilesetLoader        - Writing to buffer: dst=1344,320, w=32,h=32, src=96,96
21:25:34.872 [FXGL Background Thread 2 ] DEBUG TilesetLoader        - Writing to buffer: dst=1408,320, w=32,h=32, src=192,224
21:25:34.873 [FXGL Background Thread 2 ] DEBUG TilesetLoader        - Writing to buffer: dst=1440,320, w=32,h=32, src=224,224
21:25:34.873 [FXGL Background Thread 2 ] DEBUG TilesetLoader        - Writing to buffer: dst=1472,320, w=32,h=32, src=256,224
21:25:34.876 [FXGL Background Thread 2 ] DEBUG TilesetLoader        - Writing to buffer: dst=1504,320, w=32,h=32, src=288,224
21:25:34.876 [FXGL Background Thread 2 ] DEBUG TilesetLoader        - Writing to buffer: dst=1536,320, w=32,h=32, src=320,224
21:25:34.877 [FXGL Background Thread 2 ] DEBUG TilesetLoader        - Writing to buffer: dst=1568,320, w=32,h=32, src=352,224
21:25:34.877 [FXGL Background Thread 2 ] DEBUG TilesetLoader        - Writing to buffer: dst=0,352, w=32,h=32, src=64,256
21:25:34.877 [FXGL Background Thread 2 ] DEBUG TilesetLoader        - Writing to buffer: dst=96,352, w=32,h=32, src=64,32
21:25:34.877 [FXGL Background Thread 2 ] DEBUG TilesetLoader        - Writing to buffer: dst=768,352, w=32,h=32, src=96,0
21:25:34.878 [FXGL Background Thread 2 ] DEBUG TilesetLoader        - Writing to buffer: dst=1248,352, w=32,h=32, src=384,480
21:25:34.879 [FXGL Background Thread 2 ] DEBUG TilesetLoader        - Writing to buffer: dst=1312,352, w=32,h=32, src=256,128
21:25:34.879 [FXGL Background Thread 2 ] DEBUG TilesetLoader        - Writing to buffer: dst=1344,352, w=32,h=32, src=288,128
21:25:34.879 [FXGL Background Thread 2 ] DEBUG TilesetLoader        - Writing to buffer: dst=1376,352, w=32,h=32, src=160,256
21:25:34.881 [FXGL Background Thread 2 ] DEBUG TilesetLoader        - Writing to buffer: dst=1440,352, w=32,h=32, src=224,256
21:25:34.881 [FXGL Background Thread 2 ] DEBUG TilesetLoader        - Writing to buffer: dst=1536,352, w=32,h=32, src=320,256
21:25:34.881 [FXGL Background Thread 2 ] DEBUG TilesetLoader        - Writing to buffer: dst=1568,352, w=32,h=32, src=352,256
21:25:34.882 [FXGL Background Thread 2 ] DEBUG TilesetLoader        - Writing to buffer: dst=96,384, w=32,h=32, src=64,32
21:25:34.882 [FXGL Background Thread 2 ] DEBUG TilesetLoader        - Writing to buffer: dst=768,384, w=32,h=32, src=96,32
21:25:34.882 [FXGL Background Thread 2 ] DEBUG TilesetLoader        - Writing to buffer: dst=864,384, w=32,h=32, src=448,512
21:25:34.883 [FXGL Background Thread 2 ] DEBUG TilesetLoader        - Writing to buffer: dst=1248,384, w=32,h=32, src=256,96
21:25:34.883 [FXGL Background Thread 2 ] DEBUG TilesetLoader        - Writing to buffer: dst=1280,384, w=32,h=32, src=288,96
21:25:34.883 [FXGL Background Thread 2 ] DEBUG TilesetLoader        - Writing to buffer: dst=1312,384, w=32,h=32, src=160,32
21:25:34.884 [FXGL Background Thread 2 ] DEBUG TilesetLoader        - Writing to buffer: dst=1376,384, w=32,h=32, src=160,288
21:25:34.884 [FXGL Background Thread 2 ] DEBUG TilesetLoader        - Writing to buffer: dst=1408,384, w=32,h=32, src=352,96
21:25:34.884 [FXGL Background Thread 2 ] DEBUG TilesetLoader        - Writing to buffer: dst=1440,384, w=32,h=32, src=224,288
21:25:34.884 [FXGL Background Thread 2 ] DEBUG TilesetLoader        - Writing to buffer: dst=1472,384, w=32,h=32, src=416,96
21:25:34.885 [FXGL Background Thread 2 ] DEBUG TilesetLoader        - Writing to buffer: dst=1536,384, w=32,h=32, src=32,32
21:25:34.887 [FXGL Background Thread 2 ] DEBUG TilesetLoader        - Writing to buffer: dst=1568,384, w=32,h=32, src=64,32
21:25:34.887 [FXGL Background Thread 2 ] DEBUG TilesetLoader        - Writing to buffer: dst=64,416, w=32,h=32, src=64,256
21:25:34.888 [FXGL Background Thread 2 ] DEBUG TilesetLoader        - Writing to buffer: dst=96,416, w=32,h=32, src=256,384
21:25:34.889 [FXGL Background Thread 2 ] DEBUG TilesetLoader        - Writing to buffer: dst=160,416, w=32,h=32, src=448,512
21:25:34.893 [FXGL Background Thread 2 ] DEBUG TilesetLoader        - Writing to buffer: dst=256,416, w=32,h=32, src=448,512
21:25:34.893 [FXGL Background Thread 2 ] DEBUG TilesetLoader        - Writing to buffer: dst=864,416, w=32,h=32, src=224,0
21:25:34.894 [FXGL Background Thread 2 ] DEBUG TilesetLoader        - Writing to buffer: dst=1024,416, w=32,h=32, src=672,448
21:25:34.895 [FXGL Background Thread 2 ] DEBUG TilesetLoader        - Writing to buffer: dst=1056,416, w=32,h=32, src=704,448
21:25:34.896 [FXGL Background Thread 2 ] DEBUG TilesetLoader        - Writing to buffer: dst=1088,416, w=32,h=32, src=736,448
21:25:34.897 [FXGL Background Thread 2 ] DEBUG TilesetLoader        - Writing to buffer: dst=1120,416, w=32,h=32, src=768,448
21:25:34.899 [FXGL Background Thread 2 ] DEBUG TilesetLoader        - Writing to buffer: dst=1152,416, w=32,h=32, src=800,448
21:25:34.899 [FXGL Background Thread 2 ] DEBUG TilesetLoader        - Writing to buffer: dst=1248,416, w=32,h=32, src=256,128
21:25:34.902 [FXGL Background Thread 2 ] DEBUG TilesetLoader        - Writing to buffer: dst=1376,416, w=32,h=32, src=128,32
21:25:34.902 [FXGL Background Thread 2 ] DEBUG TilesetLoader        - Writing to buffer: dst=1408,416, w=32,h=32, src=32,64
21:25:34.902 [FXGL Background Thread 2 ] DEBUG TilesetLoader        - Writing to buffer: dst=1440,416, w=32,h=32, src=160,32
21:25:34.914 [FXGL Background Thread 2 ] DEBUG TilesetLoader        - Writing to buffer: dst=1472,416, w=32,h=32, src=416,96
21:25:34.915 [FXGL Background Thread 2 ] DEBUG TilesetLoader        - Writing to buffer: dst=1504,416, w=32,h=32, src=288,320
21:25:34.915 [FXGL Background Thread 2 ] DEBUG TilesetLoader        - Writing to buffer: dst=1536,416, w=32,h=32, src=320,320
21:25:34.916 [FXGL Background Thread 2 ] DEBUG TilesetLoader        - Writing to buffer: dst=1568,416, w=32,h=32, src=64,32
21:25:34.916 [FXGL Background Thread 2 ] DEBUG TilesetLoader        - Writing to buffer: dst=96,448, w=32,h=32, src=256,416
21:25:34.916 [FXGL Background Thread 2 ] DEBUG TilesetLoader        - Writing to buffer: dst=128,448, w=32,h=32, src=288,96
21:25:34.916 [FXGL Background Thread 2 ] DEBUG TilesetLoader        - Writing to buffer: dst=160,448, w=32,h=32, src=288,96
21:25:34.917 [FXGL Background Thread 2 ] DEBUG TilesetLoader        - Writing to buffer: dst=192,448, w=32,h=32, src=288,96
21:25:34.917 [FXGL Background Thread 2 ] DEBUG TilesetLoader        - Writing to buffer: dst=224,448, w=32,h=32, src=288,96
21:25:34.917 [FXGL Background Thread 2 ] DEBUG TilesetLoader        - Writing to buffer: dst=256,448, w=32,h=32, src=288,96
21:25:34.917 [FXGL Background Thread 2 ] DEBUG TilesetLoader        - Writing to buffer: dst=288,448, w=32,h=32, src=64,384
21:25:34.918 [FXGL Background Thread 2 ] DEBUG TilesetLoader        - Writing to buffer: dst=864,448, w=32,h=32, src=224,32
21:25:34.918 [FXGL Background Thread 2 ] DEBUG TilesetLoader        - Writing to buffer: dst=1024,448, w=32,h=32, src=672,480
21:25:34.918 [FXGL Background Thread 2 ] DEBUG TilesetLoader        - Writing to buffer: dst=1056,448, w=32,h=32, src=704,480
21:25:34.918 [FXGL Background Thread 2 ] DEBUG TilesetLoader        - Writing to buffer: dst=1088,448, w=32,h=32, src=736,480
21:25:34.919 [FXGL Background Thread 2 ] DEBUG TilesetLoader        - Writing to buffer: dst=1120,448, w=32,h=32, src=768,480
21:25:34.919 [FXGL Background Thread 2 ] DEBUG TilesetLoader        - Writing to buffer: dst=1152,448, w=32,h=32, src=800,480
21:25:34.919 [FXGL Background Thread 2 ] DEBUG TilesetLoader        - Writing to buffer: dst=1216,448, w=32,h=32, src=416,480
21:25:34.920 [FXGL Background Thread 2 ] DEBUG TilesetLoader        - Writing to buffer: dst=1248,448, w=32,h=32, src=256,128
21:25:34.920 [FXGL Background Thread 2 ] DEBUG TilesetLoader        - Writing to buffer: dst=1280,448, w=32,h=32, src=800,96
21:25:34.920 [FXGL Background Thread 2 ] DEBUG TilesetLoader        - Writing to buffer: dst=1312,448, w=32,h=32, src=800,96
21:25:34.921 [FXGL Background Thread 2 ] DEBUG TilesetLoader        - Writing to buffer: dst=1344,448, w=32,h=32, src=800,96
21:25:34.921 [FXGL Background Thread 2 ] DEBUG TilesetLoader        - Writing to buffer: dst=1408,448, w=32,h=32, src=416,96
21:25:34.922 [FXGL Background Thread 2 ] DEBUG TilesetLoader        - Writing to buffer: dst=1440,448, w=32,h=32, src=416,96
21:25:34.922 [FXGL Background Thread 2 ] DEBUG TilesetLoader        - Writing to buffer: dst=1472,448, w=32,h=32, src=416,96
21:25:34.922 [FXGL Background Thread 2 ] DEBUG TilesetLoader        - Writing to buffer: dst=1504,448, w=32,h=32, src=288,352
21:25:34.923 [FXGL Background Thread 2 ] DEBUG TilesetLoader        - Writing to buffer: dst=1536,448, w=32,h=32, src=320,352
21:25:34.923 [FXGL Background Thread 2 ] DEBUG TilesetLoader        - Writing to buffer: dst=1568,448, w=32,h=32, src=224,32
21:25:34.923 [FXGL Background Thread 2 ] DEBUG TilesetLoader        - Writing to buffer: dst=0,480, w=32,h=32, src=160,384
21:25:34.924 [FXGL Background Thread 2 ] DEBUG TilesetLoader        - Writing to buffer: dst=96,480, w=32,h=32, src=64,32
21:25:34.924 [FXGL Background Thread 2 ] DEBUG TilesetLoader        - Writing to buffer: dst=768,480, w=32,h=32, src=448,512
21:25:34.930 [FXGL Background Thread 2 ] DEBUG TilesetLoader        - Writing to buffer: dst=1024,480, w=32,h=32, src=672,512
21:25:34.932 [FXGL Background Thread 2 ] DEBUG TilesetLoader        - Writing to buffer: dst=1056,480, w=32,h=32, src=704,512
21:25:34.932 [FXGL Background Thread 2 ] DEBUG TilesetLoader        - Writing to buffer: dst=1088,480, w=32,h=32, src=736,512
21:25:34.932 [FXGL Background Thread 2 ] DEBUG TilesetLoader        - Writing to buffer: dst=1120,480, w=32,h=32, src=768,512
21:25:34.933 [FXGL Background Thread 2 ] DEBUG TilesetLoader        - Writing to buffer: dst=1152,480, w=32,h=32, src=800,512
21:25:34.933 [FXGL Background Thread 2 ] DEBUG TilesetLoader        - Writing to buffer: dst=1184,480, w=32,h=32, src=192,160
21:25:34.934 [FXGL Background Thread 2 ] DEBUG TilesetLoader        - Writing to buffer: dst=1216,480, w=32,h=32, src=224,160
21:25:34.934 [FXGL Background Thread 2 ] DEBUG TilesetLoader        - Writing to buffer: dst=1248,480, w=32,h=32, src=160,320
21:25:34.934 [FXGL Background Thread 2 ] DEBUG TilesetLoader        - Writing to buffer: dst=1280,480, w=32,h=32, src=160,320
21:25:34.935 [FXGL Background Thread 2 ] DEBUG TilesetLoader        - Writing to buffer: dst=1312,480, w=32,h=32, src=224,352
21:25:34.935 [FXGL Background Thread 2 ] DEBUG TilesetLoader        - Writing to buffer: dst=1344,480, w=32,h=32, src=224,352
21:25:34.936 [FXGL Background Thread 2 ] DEBUG TilesetLoader        - Writing to buffer: dst=1504,480, w=32,h=32, src=288,384
21:25:34.936 [FXGL Background Thread 2 ] DEBUG TilesetLoader        - Writing to buffer: dst=1536,480, w=32,h=32, src=64,32
21:25:34.936 [FXGL Background Thread 2 ] DEBUG TilesetLoader        - Writing to buffer: dst=1568,480, w=32,h=32, src=640,224
21:25:34.937 [FXGL Background Thread 2 ] DEBUG TilesetLoader        - Writing to buffer: dst=0,512, w=32,h=32, src=160,416
21:25:34.937 [FXGL Background Thread 2 ] DEBUG TilesetLoader        - Writing to buffer: dst=32,512, w=32,h=32, src=352,96
21:25:34.937 [FXGL Background Thread 2 ] DEBUG TilesetLoader        - Writing to buffer: dst=64,512, w=32,h=32, src=384,96
21:25:34.938 [FXGL Background Thread 2 ] DEBUG TilesetLoader        - Writing to buffer: dst=96,512, w=32,h=32, src=64,32
21:25:34.938 [FXGL Background Thread 2 ] DEBUG TilesetLoader        - Writing to buffer: dst=736,512, w=32,h=32, src=128,0
21:25:34.938 [FXGL Background Thread 2 ] DEBUG TilesetLoader        - Writing to buffer: dst=768,512, w=32,h=32, src=160,0
21:25:34.939 [FXGL Background Thread 2 ] DEBUG TilesetLoader        - Writing to buffer: dst=1024,512, w=32,h=32, src=672,544
21:25:34.939 [FXGL Background Thread 2 ] DEBUG TilesetLoader        - Writing to buffer: dst=1056,512, w=32,h=32, src=704,544
21:25:34.939 [FXGL Background Thread 2 ] DEBUG TilesetLoader        - Writing to buffer: dst=1088,512, w=32,h=32, src=736,544
21:25:34.940 [FXGL Background Thread 2 ] DEBUG TilesetLoader        - Writing to buffer: dst=1120,512, w=32,h=32, src=768,544
21:25:34.942 [FXGL Background Thread 2 ] DEBUG TilesetLoader        - Writing to buffer: dst=1152,512, w=32,h=32, src=800,544
21:25:34.945 [FXGL Background Thread 2 ] DEBUG TilesetLoader        - Writing to buffer: dst=1184,512, w=32,h=32, src=128,352
21:25:34.945 [FXGL Background Thread 2 ] DEBUG TilesetLoader        - Writing to buffer: dst=1216,512, w=32,h=32, src=160,320
21:25:34.946 [FXGL Background Thread 2 ] DEBUG TilesetLoader        - Writing to buffer: dst=1248,512, w=32,h=32, src=160,320
21:25:34.946 [FXGL Background Thread 2 ] DEBUG TilesetLoader        - Writing to buffer: dst=1280,512, w=32,h=32, src=160,320
21:25:34.946 [FXGL Background Thread 2 ] DEBUG TilesetLoader        - Writing to buffer: dst=1312,512, w=32,h=32, src=160,320
21:25:34.947 [FXGL Background Thread 2 ] DEBUG TilesetLoader        - Writing to buffer: dst=1344,512, w=32,h=32, src=224,352
21:25:34.950 [FXGL Background Thread 2 ] DEBUG TilesetLoader        - Writing to buffer: dst=1408,512, w=32,h=32, src=0,0
21:25:34.950 [FXGL Background Thread 2 ] DEBUG TilesetLoader        - Writing to buffer: dst=1440,512, w=32,h=32, src=32,0
21:25:34.950 [FXGL Background Thread 2 ] DEBUG TilesetLoader        - Writing to buffer: dst=1472,512, w=32,h=32, src=32,0
21:25:34.951 [FXGL Background Thread 2 ] DEBUG TilesetLoader        - Writing to buffer: dst=1504,512, w=32,h=32, src=32,0
21:25:34.951 [FXGL Background Thread 2 ] DEBUG TilesetLoader        - Writing to buffer: dst=1536,512, w=32,h=32, src=64,64
21:25:34.951 [FXGL Background Thread 2 ] DEBUG TilesetLoader        - Writing to buffer: dst=1568,512, w=32,h=32, src=640,256
21:25:34.952 [FXGL Background Thread 2 ] DEBUG TilesetLoader        - Writing to buffer: dst=0,544, w=32,h=32, src=160,448
21:25:34.952 [FXGL Background Thread 2 ] DEBUG TilesetLoader        - Writing to buffer: dst=32,544, w=32,h=32, src=160,320
21:25:34.952 [FXGL Background Thread 2 ] DEBUG TilesetLoader        - Writing to buffer: dst=64,544, w=32,h=32, src=160,320
21:25:34.952 [FXGL Background Thread 2 ] DEBUG TilesetLoader        - Writing to buffer: dst=96,544, w=32,h=32, src=64,32
21:25:34.953 [FXGL Background Thread 2 ] DEBUG TilesetLoader        - Writing to buffer: dst=160,544, w=32,h=32, src=416,480
21:25:34.953 [FXGL Background Thread 2 ] DEBUG TilesetLoader        - Writing to buffer: dst=192,544, w=32,h=32, src=448,512
21:25:34.954 [FXGL Background Thread 2 ] DEBUG TilesetLoader        - Writing to buffer: dst=224,544, w=32,h=32, src=800,96
21:25:34.954 [FXGL Background Thread 2 ] DEBUG TilesetLoader        - Writing to buffer: dst=384,544, w=32,h=32, src=864,96
21:25:34.954 [FXGL Background Thread 2 ] DEBUG TilesetLoader        - Writing to buffer: dst=416,544, w=32,h=32, src=384,512
21:25:34.954 [FXGL Background Thread 2 ] DEBUG TilesetLoader        - Writing to buffer: dst=544,544, w=32,h=32, src=416,480
21:25:34.955 [FXGL Background Thread 2 ] DEBUG TilesetLoader        - Writing to buffer: dst=576,544, w=32,h=32, src=384,512
21:25:34.955 [FXGL Background Thread 2 ] DEBUG TilesetLoader        - Writing to buffer: dst=640,544, w=32,h=32, src=416,480
21:25:34.956 [FXGL Background Thread 2 ] DEBUG TilesetLoader        - Writing to buffer: dst=736,544, w=32,h=32, src=128,32
21:25:34.956 [FXGL Background Thread 2 ] DEBUG TilesetLoader        - Writing to buffer: dst=768,544, w=32,h=32, src=160,32
21:25:34.956 [FXGL Background Thread 2 ] DEBUG TilesetLoader        - Writing to buffer: dst=1056,544, w=32,h=32, src=384,512
21:25:34.957 [FXGL Background Thread 2 ] DEBUG TilesetLoader        - Writing to buffer: dst=1088,544, w=32,h=32, src=736,576
21:25:34.958 [FXGL Background Thread 2 ] DEBUG TilesetLoader        - Writing to buffer: dst=1120,544, w=32,h=32, src=384,512
21:25:34.960 [FXGL Background Thread 2 ] DEBUG TilesetLoader        - Writing to buffer: dst=1152,544, w=32,h=32, src=800,576
21:25:34.962 [FXGL Background Thread 2 ] DEBUG TilesetLoader        - Writing to buffer: dst=1184,544, w=32,h=32, src=128,352
21:25:34.962 [FXGL Background Thread 2 ] DEBUG TilesetLoader        - Writing to buffer: dst=1216,544, w=32,h=32, src=160,320
21:25:34.963 [FXGL Background Thread 2 ] DEBUG TilesetLoader        - Writing to buffer: dst=1248,544, w=32,h=32, src=160,320
21:25:34.963 [FXGL Background Thread 2 ] DEBUG TilesetLoader        - Writing to buffer: dst=1280,544, w=32,h=32, src=160,320
21:25:34.963 [FXGL Background Thread 2 ] DEBUG TilesetLoader        - Writing to buffer: dst=1312,544, w=32,h=32, src=160,320
21:25:34.964 [FXGL Background Thread 2 ] DEBUG TilesetLoader        - Writing to buffer: dst=1344,544, w=32,h=32, src=224,352
21:25:34.964 [FXGL Background Thread 2 ] DEBUG TilesetLoader        - Writing to buffer: dst=1376,544, w=32,h=32, src=800,352
21:25:34.964 [FXGL Background Thread 2 ] DEBUG TilesetLoader        - Writing to buffer: dst=1408,544, w=32,h=32, src=832,352
21:25:34.965 [FXGL Background Thread 2 ] DEBUG TilesetLoader        - Writing to buffer: dst=1440,544, w=32,h=32, src=928,256
21:25:34.965 [FXGL Background Thread 2 ] DEBUG TilesetLoader        - Writing to buffer: dst=1472,544, w=32,h=32, src=896,256
21:25:34.965 [FXGL Background Thread 2 ] DEBUG TilesetLoader        - Writing to buffer: dst=1504,544, w=32,h=32, src=864,256
21:25:34.966 [FXGL Background Thread 2 ] DEBUG TilesetLoader        - Writing to buffer: dst=1568,544, w=32,h=32, src=384,32
21:25:34.966 [FXGL Background Thread 2 ] DEBUG TilesetLoader        - Writing to buffer: dst=0,576, w=32,h=32, src=160,480
21:25:34.966 [FXGL Background Thread 2 ] DEBUG TilesetLoader        - Writing to buffer: dst=32,576, w=32,h=32, src=160,320
21:25:34.967 [FXGL Background Thread 2 ] DEBUG TilesetLoader        - Writing to buffer: dst=64,576, w=32,h=32, src=160,320
21:25:34.967 [FXGL Background Thread 2 ] DEBUG TilesetLoader        - Writing to buffer: dst=96,576, w=32,h=32, src=416,160
21:25:34.967 [FXGL Background Thread 2 ] DEBUG TilesetLoader        - Writing to buffer: dst=128,576, w=32,h=32, src=448,160
21:25:34.967 [FXGL Background Thread 2 ] DEBUG TilesetLoader        - Writing to buffer: dst=160,576, w=32,h=32, src=384,96
21:25:34.968 [FXGL Background Thread 2 ] DEBUG TilesetLoader        - Writing to buffer: dst=192,576, w=32,h=32, src=384,96
21:25:34.968 [FXGL Background Thread 2 ] DEBUG TilesetLoader        - Writing to buffer: dst=224,576, w=32,h=32, src=384,96
21:25:34.968 [FXGL Background Thread 2 ] DEBUG TilesetLoader        - Writing to buffer: dst=256,576, w=32,h=32, src=384,96
21:25:34.969 [FXGL Background Thread 2 ] DEBUG TilesetLoader        - Writing to buffer: dst=288,576, w=32,h=32, src=384,96
21:25:34.969 [FXGL Background Thread 2 ] DEBUG TilesetLoader        - Writing to buffer: dst=320,576, w=32,h=32, src=384,96
21:25:34.969 [FXGL Background Thread 2 ] DEBUG TilesetLoader        - Writing to buffer: dst=352,576, w=32,h=32, src=384,96
21:25:34.970 [FXGL Background Thread 2 ] DEBUG TilesetLoader        - Writing to buffer: dst=384,576, w=32,h=32, src=384,96
21:25:34.970 [FXGL Background Thread 2 ] DEBUG TilesetLoader        - Writing to buffer: dst=416,576, w=32,h=32, src=384,96
21:25:34.971 [FXGL Background Thread 2 ] DEBUG TilesetLoader        - Writing to buffer: dst=448,576, w=32,h=32, src=384,96
21:25:34.971 [FXGL Background Thread 2 ] DEBUG TilesetLoader        - Writing to buffer: dst=480,576, w=32,h=32, src=384,96
21:25:34.972 [FXGL Background Thread 2 ] DEBUG TilesetLoader        - Writing to buffer: dst=512,576, w=32,h=32, src=384,96
21:25:34.972 [FXGL Background Thread 2 ] DEBUG TilesetLoader        - Writing to buffer: dst=544,576, w=32,h=32, src=384,96
21:25:34.972 [FXGL Background Thread 2 ] DEBUG TilesetLoader        - Writing to buffer: dst=576,576, w=32,h=32, src=384,96
21:25:34.973 [FXGL Background Thread 2 ] DEBUG TilesetLoader        - Writing to buffer: dst=608,576, w=32,h=32, src=384,96
21:25:34.973 [FXGL Background Thread 2 ] DEBUG TilesetLoader        - Writing to buffer: dst=640,576, w=32,h=32, src=384,96
21:25:34.973 [FXGL Background Thread 2 ] DEBUG TilesetLoader        - Writing to buffer: dst=1024,576, w=32,h=32, src=192,96
21:25:34.974 [FXGL Background Thread 2 ] DEBUG TilesetLoader        - Writing to buffer: dst=1056,576, w=32,h=32, src=384,96
21:25:34.974 [FXGL Background Thread 2 ] DEBUG TilesetLoader        - Writing to buffer: dst=1088,576, w=32,h=32, src=384,96
21:25:34.977 [FXGL Background Thread 2 ] DEBUG TilesetLoader        - Writing to buffer: dst=1120,576, w=32,h=32, src=384,96
21:25:34.979 [FXGL Background Thread 2 ] DEBUG TilesetLoader        - Writing to buffer: dst=1152,576, w=32,h=32, src=384,96
21:25:34.979 [FXGL Background Thread 2 ] DEBUG TilesetLoader        - Writing to buffer: dst=1184,576, w=32,h=32, src=160,320
21:25:34.983 [FXGL Background Thread 2 ] DEBUG TilesetLoader        - Writing to buffer: dst=1216,576, w=32,h=32, src=160,320
21:25:34.983 [FXGL Background Thread 2 ] DEBUG TilesetLoader        - Writing to buffer: dst=1248,576, w=32,h=32, src=160,320
21:25:34.983 [FXGL Background Thread 2 ] DEBUG TilesetLoader        - Writing to buffer: dst=1280,576, w=32,h=32, src=160,320
21:25:34.984 [FXGL Background Thread 2 ] DEBUG TilesetLoader        - Writing to buffer: dst=1312,576, w=32,h=32, src=160,320
21:25:34.984 [FXGL Background Thread 2 ] DEBUG TilesetLoader        - Writing to buffer: dst=1344,576, w=32,h=32, src=224,352
21:25:34.984 [FXGL Background Thread 2 ] DEBUG TilesetLoader        - Writing to buffer: dst=1376,576, w=32,h=32, src=384,96
21:25:34.985 [FXGL Background Thread 2 ] DEBUG TilesetLoader        - Writing to buffer: dst=1408,576, w=32,h=32, src=384,96
21:25:34.985 [FXGL Background Thread 2 ] DEBUG TilesetLoader        - Writing to buffer: dst=1440,576, w=32,h=32, src=384,96
21:25:34.985 [FXGL Background Thread 2 ] DEBUG TilesetLoader        - Writing to buffer: dst=1472,576, w=32,h=32, src=384,96
21:25:34.985 [FXGL Background Thread 2 ] DEBUG TilesetLoader        - Writing to buffer: dst=1504,576, w=32,h=32, src=384,96
21:25:34.986 [FXGL Background Thread 2 ] DEBUG TilesetLoader        - Writing to buffer: dst=1536,576, w=32,h=32, src=384,96
21:25:34.986 [FXGL Background Thread 2 ] DEBUG TilesetLoader        - Writing to buffer: dst=1568,576, w=32,h=32, src=480,96
21:25:34.987 [FXGL Background Thread 2 ] DEBUG TilesetLoader        - Writing to buffer: dst=0,608, w=32,h=32, src=160,416
21:25:34.987 [FXGL Background Thread 2 ] DEBUG TilesetLoader        - Writing to buffer: dst=32,608, w=32,h=32, src=160,320
21:25:34.987 [FXGL Background Thread 2 ] DEBUG TilesetLoader        - Writing to buffer: dst=64,608, w=32,h=32, src=160,320
21:25:34.987 [FXGL Background Thread 2 ] DEBUG TilesetLoader        - Writing to buffer: dst=96,608, w=32,h=32, src=160,320
21:25:34.988 [FXGL Background Thread 2 ] DEBUG TilesetLoader        - Writing to buffer: dst=128,608, w=32,h=32, src=160,320
21:25:34.988 [FXGL Background Thread 2 ] DEBUG TilesetLoader        - Writing to buffer: dst=160,608, w=32,h=32, src=160,320
21:25:34.988 [FXGL Background Thread 2 ] DEBUG TilesetLoader        - Writing to buffer: dst=192,608, w=32,h=32, src=160,320
21:25:34.989 [FXGL Background Thread 2 ] DEBUG TilesetLoader        - Writing to buffer: dst=224,608, w=32,h=32, src=160,320
21:25:34.989 [FXGL Background Thread 2 ] DEBUG TilesetLoader        - Writing to buffer: dst=256,608, w=32,h=32, src=160,320
21:25:34.989 [FXGL Background Thread 2 ] DEBUG TilesetLoader        - Writing to buffer: dst=288,608, w=32,h=32, src=160,320
21:25:34.990 [FXGL Background Thread 2 ] DEBUG TilesetLoader        - Writing to buffer: dst=320,608, w=32,h=32, src=160,320
21:25:34.990 [FXGL Background Thread 2 ] DEBUG TilesetLoader        - Writing to buffer: dst=352,608, w=32,h=32, src=160,320
21:25:34.991 [FXGL Background Thread 2 ] DEBUG TilesetLoader        - Writing to buffer: dst=384,608, w=32,h=32, src=160,320
21:25:34.992 [FXGL Background Thread 2 ] DEBUG TilesetLoader        - Writing to buffer: dst=416,608, w=32,h=32, src=160,320
21:25:34.994 [FXGL Background Thread 2 ] DEBUG TilesetLoader        - Writing to buffer: dst=448,608, w=32,h=32, src=160,320
21:25:34.995 [FXGL Background Thread 2 ] DEBUG TilesetLoader        - Writing to buffer: dst=480,608, w=32,h=32, src=160,320
21:25:34.996 [FXGL Background Thread 2 ] DEBUG TilesetLoader        - Writing to buffer: dst=512,608, w=32,h=32, src=0,128
21:25:34.996 [FXGL Background Thread 2 ] DEBUG TilesetLoader        - Writing to buffer: dst=544,608, w=32,h=32, src=32,128
21:25:34.996 [FXGL Background Thread 2 ] DEBUG TilesetLoader        - Writing to buffer: dst=576,608, w=32,h=32, src=64,128
21:25:34.997 [FXGL Background Thread 2 ] DEBUG TilesetLoader        - Writing to buffer: dst=608,608, w=32,h=32, src=160,320
21:25:34.998 [FXGL Background Thread 2 ] DEBUG TilesetLoader        - Writing to buffer: dst=640,608, w=32,h=32, src=160,320
21:25:34.998 [FXGL Background Thread 2 ] DEBUG TilesetLoader        - Writing to buffer: dst=1056,608, w=32,h=32, src=192,192
21:25:34.998 [FXGL Background Thread 2 ] DEBUG TilesetLoader        - Writing to buffer: dst=1088,608, w=32,h=32, src=160,320
21:25:34.998 [FXGL Background Thread 2 ] DEBUG TilesetLoader        - Writing to buffer: dst=1120,608, w=32,h=32, src=160,320
21:25:34.999 [FXGL Background Thread 2 ] DEBUG TilesetLoader        - Writing to buffer: dst=1152,608, w=32,h=32, src=160,320
21:25:34.999 [FXGL Background Thread 2 ] DEBUG TilesetLoader        - Writing to buffer: dst=1184,608, w=32,h=32, src=160,320
21:25:34.999 [FXGL Background Thread 2 ] DEBUG TilesetLoader        - Writing to buffer: dst=1216,608, w=32,h=32, src=160,320
21:25:35.000 [FXGL Background Thread 2 ] DEBUG TilesetLoader        - Writing to buffer: dst=1248,608, w=32,h=32, src=160,320
21:25:35.000 [FXGL Background Thread 2 ] DEBUG TilesetLoader        - Writing to buffer: dst=1280,608, w=32,h=32, src=160,320
21:25:35.000 [FXGL Background Thread 2 ] DEBUG TilesetLoader        - Writing to buffer: dst=1312,608, w=32,h=32, src=160,320
21:25:35.001 [FXGL Background Thread 2 ] DEBUG TilesetLoader        - Writing to buffer: dst=1344,608, w=32,h=32, src=160,320
21:25:35.001 [FXGL Background Thread 2 ] DEBUG TilesetLoader        - Writing to buffer: dst=1376,608, w=32,h=32, src=160,320
21:25:35.001 [FXGL Background Thread 2 ] DEBUG TilesetLoader        - Writing to buffer: dst=1408,608, w=32,h=32, src=160,320
21:25:35.001 [FXGL Background Thread 2 ] DEBUG TilesetLoader        - Writing to buffer: dst=1440,608, w=32,h=32, src=160,320
21:25:35.002 [FXGL Background Thread 2 ] DEBUG TilesetLoader        - Writing to buffer: dst=1472,608, w=32,h=32, src=160,320
21:25:35.002 [FXGL Background Thread 2 ] DEBUG TilesetLoader        - Writing to buffer: dst=1504,608, w=32,h=32, src=160,320
21:25:35.002 [FXGL Background Thread 2 ] DEBUG TilesetLoader        - Writing to buffer: dst=1536,608, w=32,h=32, src=160,320
21:25:35.003 [FXGL Background Thread 2 ] DEBUG TilesetLoader        - Writing to buffer: dst=1568,608, w=32,h=32, src=0,160
21:25:35.003 [FXGL Background Thread 2 ] DEBUG TMXLevelLoader       - Creating object layer entities
21:25:35.048 [FXGL Background Thread 2 ] DEBUG FXGLAssetLoaderServi - Loading from file system: file:/C:/Users/jfran/OneDrive%20-%20Hogeschool%20Leiden/IPOSE-Maven/target/classes/assets/textures/kraai.png
21:25:35.106 [FXGL Background Thread 2 ] DEBUG FXGLAssetLoaderServi - Loading from file system: file:/C:/Users/jfran/OneDrive%20-%20Hogeschool%20Leiden/IPOSE-Maven/target/classes/assets/textures/star.png
21:25:35.249 [FXGL Background Thread 2 ] DEBUG GameWorld            - Clearing removable entities
21:25:35.250 [FXGL Background Thread 2 ] DEBUG GameWorld            - Setting level: com.almasb.fxgl.entity.level.Level@27e11856
21:25:35.289 [FXGL Background Thread 2 ] DEBUG FXGLAssetLoaderServi - Loading from file system: file:/C:/Users/jfran/OneDrive%20-%20Hogeschool%20Leiden/IPOSE-Maven/target/classes/assets/textures/girl.png
21:25:35.302 [FXGL Background Thread 2 ] DEBUG FXGLAssetLoaderServi - Loading from file system: file:/C:/Users/jfran/OneDrive%20-%20Hogeschool%20Leiden/IPOSE-Maven/target/classes/assets/textures/background.png
21:25:35.428 [FXGL Background Thread 2 ] INFO  FXGLApplication      - Game initialization took: 0,985 sec
21:25:35.441 [JavaFX Application Thread] DEBUG Input                - Clearing active input actions
21:25:35.466 [JavaFX Application Thread] DEBUG GameApplicationServi - Removing overlay from FXGLLoadingScene and adding to GameScene
21:25:35.467 [JavaFX Application Thread] DEBUG PrimaryStageWindow   - FXGLLoadingScene -> GameScene
21:25:52.556 [JavaFX Application Thread] DEBUG PrimaryStageWindow   - Push state: DialogSubScene
21:25:52.557 [JavaFX Application Thread] DEBUG Input                - Clearing active input actions
21:25:52.566 [JavaFX Application Thread] DEBUG GameApplicationServi - Removing overlay from GameScene and adding to DialogSubScene
21:25:52.567 [JavaFX Application Thread] DEBUG PrimaryStageWindow   - GameScene -> DialogSubScene
21:25:57.635 [JavaFX Application Thread] DEBUG PrimaryStageWindow   - Pop state: DialogSubScene
21:25:57.635 [JavaFX Application Thread] DEBUG Input                - Clearing active input actions
21:25:57.637 [JavaFX Application Thread] DEBUG GameApplicationServi - Removing overlay from DialogSubScene and adding to GameScene
21:25:57.638 [JavaFX Application Thread] DEBUG PrimaryStageWindow   - GameScene <- DialogSubScene
21:25:57.638 [JavaFX Application Thread] DEBUG Input                - Clearing active input actions
21:25:57.650 [JavaFX Application Thread] DEBUG GameApplicationServi - Removing overlay from GameScene and adding to FXGLMainMenuDummyScene
21:25:57.651 [JavaFX Application Thread] DEBUG PrimaryStageWindow   - GameScene -> FXGLMainMenuDummyScene
21:25:57.651 [JavaFX Application Thread] DEBUG PrimaryStageWindow   - Push state: StartMenu
21:25:57.652 [JavaFX Application Thread] DEBUG Input                - Clearing active input actions
21:25:57.654 [JavaFX Application Thread] DEBUG GameApplicationServi - Removing overlay from FXGLMainMenuDummyScene and adding to StartMenu
21:25:57.654 [JavaFX Application Thread] DEBUG PrimaryStageWindow   - FXGLMainMenuDummyScene -> StartMenu
21:26:00.447 [JavaFX Application Thread] DEBUG Menu                 - fireExit()
21:26:00.452 [JavaFX Application Thread] DEBUG PrimaryStageWindow   - Push state: DialogSubScene
21:26:00.453 [JavaFX Application Thread] DEBUG Input                - Clearing active input actions
21:26:00.454 [JavaFX Application Thread] DEBUG GameApplicationServi - Removing overlay from StartMenu and adding to DialogSubScene
21:26:00.455 [JavaFX Application Thread] DEBUG PrimaryStageWindow   - StartMenu -> DialogSubScene
21:26:01.460 [JavaFX Application Thread] DEBUG PrimaryStageWindow   - Pop state: DialogSubScene
21:26:01.460 [JavaFX Application Thread] DEBUG Input                - Clearing active input actions
21:26:01.462 [JavaFX Application Thread] DEBUG GameApplicationServi - Removing overlay from DialogSubScene and adding to StartMenu
21:26:01.462 [JavaFX Application Thread] DEBUG PrimaryStageWindow   - StartMenu <- DialogSubScene
21:26:01.462 [JavaFX Application Thread] DEBUG FXGLApplication      - Exiting FXGL
21:26:01.463 [JavaFX Application Thread] DEBUG LoopRunner           - Stopping loop
21:26:01.463 [JavaFX Application Thread] DEBUG SystemBundleService  - Saving FXGL system data
21:26:01.466 [JavaFX Application Thread] DEBUG FileSystemAccess     - Writing to: C:\Users\jfran\OneDrive - Hogeschool Leiden\IPOSE-Maven\system\fxgl.bundle
21:26:01.470 [JavaFX Application Thread] DEBUG Async                - Shutting down background threads
21:26:01.471 [JavaFX Application Thread] DEBUG PrimaryStageWindow   - Closing main window
21:26:01.509 [JavaFX Application Thread] DEBUG Logger               - Closing Logger
