13:08:59.340 [main                     ] DEBUG Logger               - Configured Logger
13:08:59.354 [main                     ] DEBUG GameApplication      - Logging settings
Title: Demo game
Version: 1.2
Width: 1050
Height: 700
Fullscreen: false
Intro: false
Profiling: false
Single step:false
App Mode: DEVELOPER
Menu Key: ESCAPE
Stage Style: DECORATED
Scene Factory: class com.almasb.fxgl.app.scene.SceneFactory

13:08:59.606 [JavaFX Application Thread] DEBUG FXGLApplication      - Initializing FXGL
13:08:59.607 [JavaFX Application Thread] INFO  Engine               - FXGL-11.14 (01.03.2021 16.59) on MAC (J:15.0.2 FX:15)
13:08:59.608 [JavaFX Application Thread] DEBUG Engine               - JRE Vendor Name: Amazon.com Inc.
13:08:59.608 [JavaFX Application Thread] DEBUG Engine               - Running on OS: Mac OS X version 12.3
13:08:59.608 [JavaFX Application Thread] DEBUG Engine               - Architecture: x86_64
13:08:59.608 [JavaFX Application Thread] INFO  Engine               - Source code and latest versions at: https://github.com/AlmasB/FXGL
13:08:59.609 [JavaFX Application Thread] INFO  Engine               -              Join the FXGL chat at: https://gitter.im/AlmasB/FXGL
13:08:59.702 [JavaFX Application Thread] DEBUG PrimaryStageWindow   - Creating a JavaFX scene
13:08:59.736 [JavaFX Application Thread] DEBUG PrimaryStageWindow   - Target settings size: 1050.0 x 700.0
13:08:59.736 [JavaFX Application Thread] DEBUG PrimaryStageWindow   - Scaled scene size:    1050.0 x 700.0
13:08:59.736 [JavaFX Application Thread] DEBUG PrimaryStageWindow   - Scaled ratio: (1.0, 1.0)
13:08:59.737 [JavaFX Application Thread] DEBUG PrimaryStageWindow   - Set initial scene to FXGLStartupScene
13:08:59.743 [JavaFX Application Thread] DEBUG PrimaryStageWindow   - Opening main window
13:08:59.819 [JavaFX Application Thread] DEBUG PrimaryStageWindow   - Window border size: (0.0, 28.0)
13:08:59.820 [JavaFX Application Thread] DEBUG PrimaryStageWindow   - Scaled size: 1050.0 x 700.0
13:08:59.820 [JavaFX Application Thread] DEBUG PrimaryStageWindow   - Scaled ratio: (1.0, 1.0)
13:08:59.820 [JavaFX Application Thread] DEBUG PrimaryStageWindow   - Scene size: 1050.0 x 700.0
13:08:59.820 [JavaFX Application Thread] DEBUG PrimaryStageWindow   - Stage size: 1050.0 x 728.0
13:08:59.824 [FXGL Background Thread 1 ] DEBUG Engine               - Initializing environment variables
13:08:59.852 [FXGL Background Thread 1 ] DEBUG FXGLAssetLoaderServi - User app class for loading assets: class Game
13:08:59.853 [FXGL Background Thread 1 ] DEBUG GameApplicationServi - Applying CSS: fxgl_dark.css
13:08:59.856 [FXGL Background Thread 1 ] DEBUG FXGLAssetLoaderServi - Loading from file system: jar:file:/Users/merdanusta/.m2/repository/com/github/almasb/fxgl/11.14/fxgl-11.14.jar!/fxglassets/ui/css/fxgl_dark.css
13:08:59.908 [FXGL Background Thread 1 ] DEBUG GameApplicationServi - Initializing application scenes
13:09:00.155 [FXGL Background Thread 1 ] DEBUG GameWorld            - Game world initialized
13:09:00.187 [FXGL Background Thread 1 ] DEBUG PhysicsWorld         - Physics world initialized: appHeight=700, physics.ppm=50.0
13:09:00.188 [FXGL Background Thread 1 ] DEBUG PhysicsWorld         - Using strategy: BRUTE_FORCE
13:09:00.189 [FXGL Background Thread 1 ] DEBUG GameScene            - Game scene initialized: 1050x700
13:09:00.217 [FXGL Background Thread 1 ] DEBUG FXGLAssetLoaderServi - Loading from file system: jar:file:/Users/merdanusta/.m2/repository/com/github/almasb/fxgl/11.14/fxgl-11.14.jar!/fxglassets/textures/particles/trace_horizontal.png
13:09:00.258 [FXGL Background Thread 1 ] DEBUG FXGL.DefaultMenu     - createMenuBodyGameMenu()
13:09:00.275 [FXGL Background Thread 1 ] DEBUG FXGL.DefaultMenu     - createOptionsMenu()
13:09:00.279 [FXGL Background Thread 1 ] DEBUG FXGLAssetLoaderServi - Loading from file system: jar:file:/Users/merdanusta/.m2/repository/com/github/almasb/fxgl/11.14/fxgl-11.14.jar!/fxglassets/textures/particles/smoke.png
13:09:00.332 [FXGL Background Thread 1 ] DEBUG GameApplicationServi - Application scenes initialized
13:09:00.345 [FXGL Background Thread 1 ] DEBUG SystemBundleService  - Loading FXGL system data
13:09:00.348 [FXGL Background Thread 1 ] DEBUG FileSystemAccess     - Reading from: /Users/merdanusta/IdeaProjects/IPOSE-Maven/system/fxgl.bundle
13:09:00.353 [FXGL Background Thread 1 ] DEBUG SystemBundleService  - Bundle FXGL: {}
13:09:00.353 [FXGL Background Thread 1 ] DEBUG UpdaterService       - Checking for updates
13:09:00.357 [FXGL Background Thread 4 ] DEBUG FXGLApplication      - Loading fonts
13:09:00.357 [FXGL Background Thread 1 ] DEBUG FXGLApplication      - Loading default localization
13:09:00.357 [FXGL Background Thread 4 ] DEBUG FXGLAssetLoaderServi - Loading from file system: jar:file:/Users/merdanusta/.m2/repository/com/github/almasb/fxgl/11.14/fxgl-11.14.jar!/fxglassets/ui/fonts/VarelaRound-Regular.ttf
13:09:00.359 [FXGL Background Thread 1 ] DEBUG FXGLAssetLoaderServi - Loading from file system: jar:file:/Users/merdanusta/.m2/repository/com/github/almasb/fxgl/11.14/fxgl-11.14.jar!/fxglassets/languages/english.lang
13:09:00.369 [FXGL Background Thread 4 ] DEBUG FXGLAssetLoaderServi - Loading from file system: jar:file:/Users/merdanusta/.m2/repository/com/github/almasb/fxgl/11.14/fxgl-11.14.jar!/fxglassets/ui/fonts/Abel-Regular.ttf
13:09:00.371 [FXGL Background Thread 1 ] INFO  FXGLApplication      - FXGL initialization took: 0.546 sec
13:09:00.371 [FXGL Background Thread 4 ] DEBUG FXGLAssetLoaderServi - Loading from file system: jar:file:/Users/merdanusta/.m2/repository/com/github/almasb/fxgl/11.14/fxgl-11.14.jar!/fxglassets/ui/fonts/lucida_console.ttf
13:09:00.382 [FXGL Background Thread 4 ] DEBUG FXGLAssetLoaderServi - Loading from file system: jar:file:/Users/merdanusta/.m2/repository/com/github/almasb/fxgl/11.14/fxgl-11.14.jar!/fxglassets/ui/fonts/Courier-Prime.ttf
13:09:00.384 [JavaFX Application Thread] DEBUG Input                - Registered new binding: Left - A
13:09:00.384 [JavaFX Application Thread] DEBUG Input                - Registered new binding: Right - D
13:09:00.384 [JavaFX Application Thread] DEBUG Input                - Registered new binding: Jump - W
13:09:00.385 [JavaFX Application Thread] DEBUG FXGLAssetLoaderServi - Loading from file system: jar:file:/Users/merdanusta/.m2/repository/com/github/almasb/fxgl/11.14/fxgl-11.14.jar!/fxglassets/textures/fxgl_icon.png
13:09:00.401 [JavaFX Application Thread] DEBUG FXGLAssetLoaderServi - Loading from file system: jar:file:/Users/merdanusta/.m2/repository/com/github/almasb/fxgl/11.14/fxgl-11.14.jar!/fxglassets/ui/cursors/fxgl_default.png
13:09:00.403 [JavaFX Application Thread] DEBUG Input                - Registered new binding: Screenshot - P
13:09:00.403 [JavaFX Application Thread] DEBUG Input                - Registered new binding: System info dump - CTRL+9
13:09:00.403 [JavaFX Application Thread] DEBUG Input                - Registered new binding: Restart - CTRL+R
13:09:00.404 [JavaFX Application Thread] DEBUG Input                - Registered new binding: Toggle Debug Camera - CTRL+C
13:09:00.405 [JavaFX Application Thread] DEBUG LoopRunner           - Starting loop
13:09:00.405 [JavaFX Application Thread] DEBUG LoopRunner           - Initializing JavaFX AnimationTimerLoop
13:09:00.406 [JavaFX Application Thread] DEBUG GameApplicationServi - Starting new game
13:09:00.407 [JavaFX Application Thread] DEBUG Input                - Clearing active input actions
13:09:00.415 [JavaFX Application Thread] DEBUG GameApplicationServi - Removing overlay from FXGLStartupScene and adding to FXGLLoadingScene
13:09:00.415 [JavaFX Application Thread] DEBUG PrimaryStageWindow   - FXGLStartupScene -> FXGLLoadingScene
13:09:00.415 [JavaFX Application Thread] DEBUG GameApplicationServi - Clearing previous game
13:09:00.415 [JavaFX Application Thread] DEBUG GameScene            - Clearing game scene
13:09:00.415 [JavaFX Application Thread] DEBUG GameWorld            - Clearing game world
13:09:00.416 [JavaFX Application Thread] DEBUG PhysicsWorld         - Clearing physics world
13:09:00.416 [FXGL Background Thread 4 ] DEBUG FXGLApplication      - Initializing game
13:09:00.439 [FXGL Background Thread 4 ] WARN  TMXLevelLoader       - TiledMap generated from 1.0.1. Supported version: 1.2.3. Some features may not be parsed fully.
13:09:00.443 [JavaFX Application Thread] DEBUG FXGLApplication      - Registering font factories with UI factory
13:09:00.445 [FXGL Background Thread 4 ] DEBUG TMXLevelLoader       - Parsed raw map: TiledMap(width=15, height=10, tilewidth=70, tileheight=70, orientation=orthogonal, layers=[Layer(width=15, height=10, name=Tile Layer 1, type=tilelayer, visible=false, x=0, y=0, data=[153, 0, 0, 0, 0, 0, 0, 0, 0, 0, 0, 0, 0, 0, 0, 153, 2, 0, 0, 69, 57, 45, 0, 0, 0, 0, 0, 0, 0, 0, 153, 10, 0, 0, 0, 0, 0, 0, 0, 0, 0, 0, 0, 0, 0, 153, 153, 0, 0, 0, 0, 0, 0, 15, 3, 3, 27, 0, 0, 0, 153, 153, 0, 0, 0, 0, 0, 0, 0, 0, 0, 0, 0, 0, 0, 153, 153, 0, 0, 0, 0, 0, 0, 0, 0, 0, 0, 0, 0, 116, 153, 153, 0, 0, 0, 0, 0, 0, 15, 3, 3, 27, 0, 116, 153, 153, 153, 0, 0, 69, 81, 57, 0, 0, 0, 0, 0, 0, 153, 153, 153, 153, 0, 0, 0, 0, 0, 0, 0, 0, 0, 0, 0, 153, 153, 153, 153, 10, 105, 0, 0, 0, 129, 105, 0, 0, 0, 129, 153, 153], objects=[], opacity=0.0, draworder=), Layer(width=0, height=0, name=Object Layer 1, type=objectgroup, visible=false, x=0, y=0, data=[], objects=[com.almasb.fxgl.entity.level.tiled.TiledObject@5add4bf7, com.almasb.fxgl.entity.level.tiled.TiledObject@733cafa1, com.almasb.fxgl.entity.level.tiled.TiledObject@7725a98b, com.almasb.fxgl.entity.level.tiled.TiledObject@2fb2981f, com.almasb.fxgl.entity.level.tiled.TiledObject@1f80eced, com.almasb.fxgl.entity.level.tiled.TiledObject@957191b, com.almasb.fxgl.entity.level.tiled.TiledObject@53e4804b, com.almasb.fxgl.entity.level.tiled.TiledObject@682d8848, com.almasb.fxgl.entity.level.tiled.TiledObject@7052e624, com.almasb.fxgl.entity.level.tiled.TiledObject@417ca6f4, com.almasb.fxgl.entity.level.tiled.TiledObject@366d9048, com.almasb.fxgl.entity.level.tiled.TiledObject@32062105, com.almasb.fxgl.entity.level.tiled.TiledObject@550292a7, com.almasb.fxgl.entity.level.tiled.TiledObject@71edc5f5, com.almasb.fxgl.entity.level.tiled.TiledObject@2bd8f450, com.almasb.fxgl.entity.level.tiled.TiledObject@2855e627, com.almasb.fxgl.entity.level.tiled.TiledObject@6903de20, com.almasb.fxgl.entity.level.tiled.TiledObject@76de6c98, com.almasb.fxgl.entity.level.tiled.TiledObject@1ac87c67], opacity=0.0, draworder=)], tilesets=[Tileset(firstgid=1, image=tiles_spritesheet.png, name=tiles_spritesheet, tilewidth=70, tileheight=70, imagewidth=914, imageheight=936, margin=0, spacing=2, columns=12, tilecount=156, transparentcolor=, tiles=[])], backgroundcolor=, renderorder=right-down, nextobjectid=20, version=1, tiledversion=1.0.1, type=map, infinite=false, hexsidelength=0, staggeraxis=, staggerindex=, properties={}, propertytypes={})
13:09:00.446 [FXGL Background Thread 4 ] DEBUG TMXLevelLoader       - Creating tile layer entities
13:09:00.447 [FXGL Background Thread 4 ] DEBUG TilesetLoader        - Loading view for layer Tile Layer 1
13:09:00.449 [FXGL Background Thread 4 ] DEBUG TilesetLoader        - Created buffer with size 1050.0x700.0
13:09:00.493 [FXGL Background Thread 4 ] DEBUG TilesetLoader        - Writing to buffer: dst=0,0, w=70,h=70, src=576,864
13:09:00.494 [FXGL Background Thread 4 ] DEBUG TilesetLoader        - Writing to buffer: dst=0,70, w=70,h=70, src=576,864
13:09:00.494 [FXGL Background Thread 4 ] DEBUG TilesetLoader        - Writing to buffer: dst=70,70, w=70,h=70, src=72,0
13:09:00.494 [FXGL Background Thread 4 ] DEBUG TilesetLoader        - Writing to buffer: dst=280,70, w=70,h=70, src=576,360
13:09:00.494 [FXGL Background Thread 4 ] DEBUG TilesetLoader        - Writing to buffer: dst=350,70, w=70,h=70, src=576,288
13:09:00.494 [FXGL Background Thread 4 ] DEBUG TilesetLoader        - Writing to buffer: dst=420,70, w=70,h=70, src=576,216
13:09:00.494 [FXGL Background Thread 4 ] DEBUG TilesetLoader        - Writing to buffer: dst=0,140, w=70,h=70, src=576,864
13:09:00.495 [FXGL Background Thread 4 ] DEBUG TilesetLoader        - Writing to buffer: dst=70,140, w=70,h=70, src=648,0
13:09:00.495 [FXGL Background Thread 4 ] DEBUG TilesetLoader        - Writing to buffer: dst=0,210, w=70,h=70, src=576,864
13:09:00.495 [FXGL Background Thread 4 ] DEBUG TilesetLoader        - Writing to buffer: dst=70,210, w=70,h=70, src=576,864
13:09:00.495 [FXGL Background Thread 4 ] DEBUG TilesetLoader        - Writing to buffer: dst=560,210, w=70,h=70, src=144,72
13:09:00.495 [FXGL Background Thread 4 ] DEBUG TilesetLoader        - Writing to buffer: dst=630,210, w=70,h=70, src=144,0
13:09:00.495 [FXGL Background Thread 4 ] DEBUG TilesetLoader        - Writing to buffer: dst=700,210, w=70,h=70, src=144,0
13:09:00.495 [FXGL Background Thread 4 ] DEBUG TilesetLoader        - Writing to buffer: dst=770,210, w=70,h=70, src=144,144
13:09:00.496 [FXGL Background Thread 4 ] DEBUG TilesetLoader        - Writing to buffer: dst=0,280, w=70,h=70, src=576,864
13:09:00.496 [FXGL Background Thread 4 ] DEBUG TilesetLoader        - Writing to buffer: dst=70,280, w=70,h=70, src=576,864
13:09:00.496 [FXGL Background Thread 4 ] DEBUG TilesetLoader        - Writing to buffer: dst=0,350, w=70,h=70, src=576,864
13:09:00.496 [FXGL Background Thread 4 ] DEBUG TilesetLoader        - Writing to buffer: dst=70,350, w=70,h=70, src=576,864
13:09:00.497 [FXGL Background Thread 4 ] DEBUG TilesetLoader        - Writing to buffer: dst=980,350, w=70,h=70, src=504,648
13:09:00.497 [FXGL Background Thread 4 ] DEBUG TilesetLoader        - Writing to buffer: dst=0,420, w=70,h=70, src=576,864
13:09:00.497 [FXGL Background Thread 4 ] DEBUG TilesetLoader        - Writing to buffer: dst=70,420, w=70,h=70, src=576,864
13:09:00.497 [FXGL Background Thread 4 ] DEBUG TilesetLoader        - Writing to buffer: dst=560,420, w=70,h=70, src=144,72
13:09:00.498 [FXGL Background Thread 4 ] DEBUG TilesetLoader        - Writing to buffer: dst=630,420, w=70,h=70, src=144,0
13:09:00.498 [FXGL Background Thread 4 ] DEBUG TilesetLoader        - Writing to buffer: dst=700,420, w=70,h=70, src=144,0
13:09:00.498 [FXGL Background Thread 4 ] DEBUG TilesetLoader        - Writing to buffer: dst=770,420, w=70,h=70, src=144,144
13:09:00.498 [FXGL Background Thread 4 ] DEBUG TilesetLoader        - Writing to buffer: dst=910,420, w=70,h=70, src=504,648
13:09:00.498 [FXGL Background Thread 4 ] DEBUG TilesetLoader        - Writing to buffer: dst=980,420, w=70,h=70, src=576,864
13:09:00.498 [FXGL Background Thread 4 ] DEBUG TilesetLoader        - Writing to buffer: dst=0,490, w=70,h=70, src=576,864
13:09:00.499 [FXGL Background Thread 4 ] DEBUG TilesetLoader        - Writing to buffer: dst=70,490, w=70,h=70, src=576,864
13:09:00.499 [FXGL Background Thread 4 ] DEBUG TilesetLoader        - Writing to buffer: dst=280,490, w=70,h=70, src=576,360
13:09:00.499 [FXGL Background Thread 4 ] DEBUG TilesetLoader        - Writing to buffer: dst=350,490, w=70,h=70, src=576,432
13:09:00.499 [FXGL Background Thread 4 ] DEBUG TilesetLoader        - Writing to buffer: dst=420,490, w=70,h=70, src=576,288
13:09:00.500 [FXGL Background Thread 4 ] DEBUG TilesetLoader        - Writing to buffer: dst=910,490, w=70,h=70, src=576,864
13:09:00.500 [FXGL Background Thread 4 ] DEBUG TilesetLoader        - Writing to buffer: dst=980,490, w=70,h=70, src=576,864
13:09:00.500 [FXGL Background Thread 4 ] DEBUG TilesetLoader        - Writing to buffer: dst=0,560, w=70,h=70, src=576,864
13:09:00.500 [FXGL Background Thread 4 ] DEBUG TilesetLoader        - Writing to buffer: dst=70,560, w=70,h=70, src=576,864
13:09:00.500 [FXGL Background Thread 4 ] DEBUG TilesetLoader        - Writing to buffer: dst=910,560, w=70,h=70, src=576,864
13:09:00.500 [FXGL Background Thread 4 ] DEBUG TilesetLoader        - Writing to buffer: dst=980,560, w=70,h=70, src=576,864
13:09:00.500 [FXGL Background Thread 4 ] DEBUG TilesetLoader        - Writing to buffer: dst=0,630, w=70,h=70, src=576,864
13:09:00.501 [FXGL Background Thread 4 ] DEBUG TilesetLoader        - Writing to buffer: dst=70,630, w=70,h=70, src=576,864
13:09:00.501 [FXGL Background Thread 4 ] DEBUG TilesetLoader        - Writing to buffer: dst=140,630, w=70,h=70, src=648,0
13:09:00.501 [FXGL Background Thread 4 ] DEBUG TilesetLoader        - Writing to buffer: dst=210,630, w=70,h=70, src=576,576
13:09:00.501 [FXGL Background Thread 4 ] DEBUG TilesetLoader        - Writing to buffer: dst=490,630, w=70,h=70, src=576,720
13:09:00.501 [FXGL Background Thread 4 ] DEBUG TilesetLoader        - Writing to buffer: dst=560,630, w=70,h=70, src=576,576
13:09:00.502 [FXGL Background Thread 4 ] DEBUG TilesetLoader        - Writing to buffer: dst=840,630, w=70,h=70, src=576,720
13:09:00.502 [FXGL Background Thread 4 ] DEBUG TilesetLoader        - Writing to buffer: dst=910,630, w=70,h=70, src=576,864
13:09:00.502 [FXGL Background Thread 4 ] DEBUG TilesetLoader        - Writing to buffer: dst=980,630, w=70,h=70, src=576,864
13:09:00.503 [FXGL Background Thread 4 ] DEBUG TMXLevelLoader       - Creating object layer entities
13:09:00.518 [FXGL Background Thread 4 ] DEBUG FXGLAssetLoaderServi - Loading from file system: file:/Users/merdanusta/IdeaProjects/IPOSE-Maven/target/classes/assets/textures/star.png
13:09:00.523 [FXGL Background Thread 4 ] DEBUG GameWorld            - Clearing removable entities
13:09:00.524 [FXGL Background Thread 4 ] DEBUG GameWorld            - Setting level: com.almasb.fxgl.entity.level.Level@17f937e9
13:09:00.532 [FXGL Background Thread 4 ] DEBUG FXGLAssetLoaderServi - Loading from file system: file:/Users/merdanusta/IdeaProjects/IPOSE-Maven/target/classes/assets/textures/girl.png
13:09:00.540 [FXGL Background Thread 4 ] INFO  FXGLApplication      - Game initialization took: 0.123 sec
13:09:00.562 [JavaFX Application Thread] DEBUG Input                - Clearing active input actions
13:09:00.571 [JavaFX Application Thread] DEBUG GameApplicationServi - Removing overlay from FXGLLoadingScene and adding to GameScene
13:09:00.571 [JavaFX Application Thread] DEBUG PrimaryStageWindow   - FXGLLoadingScene -> GameScene
13:09:00.682 [FXGL Background Thread 2 ] INFO  UpdaterService       - Your current version:  11.14
13:09:00.682 [FXGL Background Thread 2 ] INFO  UpdaterService       - Latest stable version: 17.1
13:09:03.360 [FXGL Background Thread 3 ] DEBUG Engine               - Logging environment variables
13:09:03.361 [FXGL Background Thread 3 ] DEBUG Engine               - achievements: []
13:09:03.362 [FXGL Background Thread 3 ] DEBUG Engine               - actualHeight: 700.0
13:09:03.362 [FXGL Background Thread 3 ] DEBUG Engine               - actualHeightProperty: ReadOnlyDoubleProperty [value: 700.0]
13:09:03.363 [FXGL Background Thread 3 ] DEBUG Engine               - actualWidth: 1050.0
13:09:03.363 [FXGL Background Thread 3 ] DEBUG Engine               - actualWidthProperty: ReadOnlyDoubleProperty [value: 1050.0]
13:09:03.364 [FXGL Background Thread 3 ] DEBUG Engine               - appIcon: fxgl_icon.png
13:09:03.364 [FXGL Background Thread 3 ] DEBUG Engine               - applicationMode: DEVELOPER
13:09:03.365 [FXGL Background Thread 3 ] DEBUG Engine               - cSSList: [fxgl_dark.css]
13:09:03.365 [FXGL Background Thread 3 ] DEBUG Engine               - collisionDetectionStrategy: BRUTE_FORCE
13:09:03.365 [FXGL Background Thread 3 ] DEBUG Engine               - configClass: Optional.empty
13:09:03.366 [FXGL Background Thread 3 ] DEBUG Engine               - credits: []
13:09:03.368 [FXGL Background Thread 3 ] DEBUG Engine               - devBBoxColorProperty: ObjectProperty [value: 0xff0000ff]
13:09:03.369 [FXGL Background Thread 3 ] DEBUG Engine               - devEnableDebugCameraProperty: BooleanProperty [value: false]
13:09:03.369 [FXGL Background Thread 3 ] DEBUG Engine               - devSensorColorProperty: ObjectProperty [value: 0xffff00ff]
13:09:03.369 [FXGL Background Thread 3 ] DEBUG Engine               - devShowBBoxProperty: BooleanProperty [value: false]
13:09:03.369 [FXGL Background Thread 3 ] DEBUG Engine               - devShowPositionProperty: BooleanProperty [value: false]
13:09:03.370 [FXGL Background Thread 3 ] DEBUG Engine               - enabledMenuItems: []
13:09:03.370 [FXGL Background Thread 3 ] DEBUG Engine               - engineServices: [class com.almasb.fxgl.app.services.FXGLAssetLoaderService, class com.almasb.fxgl.app.FXGLApplication$GameApplicationService, class com.almasb.fxgl.app.services.FXGLDialogService, class com.almasb.fxgl.app.services.IOTaskExecutorService, class com.almasb.fxgl.event.EventBusService, class com.almasb.fxgl.io.FileSystemService, class com.almasb.fxgl.localization.LocalizationService, class com.almasb.fxgl.app.services.SystemBundleService, class com.almasb.fxgl.profile.SaveLoadService, class com.almasb.fxgl.ui.FXGLUIFactoryServiceProvider, class com.almasb.fxgl.ui.FXGLDialogFactoryServiceProvider, class com.almasb.fxgl.audio.AudioPlayer, class com.almasb.fxgl.notification.impl.NotificationServiceProvider, class com.almasb.fxgl.achievement.AchievementService, class com.almasb.fxgl.cutscene.CutsceneService, class com.almasb.fxgl.minigames.MiniGameService, class com.almasb.fxgl.net.NetService, class com.almasb.fxgl.app.services.UpdaterService, class com.almasb.fxgl.dev.DevService]
13:09:03.370 [FXGL Background Thread 3 ] DEBUG Engine               - fontGame: Abel-Regular.ttf
13:09:03.371 [FXGL Background Thread 3 ] DEBUG Engine               - fontMono: lucida_console.ttf
13:09:03.371 [FXGL Background Thread 3 ] DEBUG Engine               - fontText: Courier-Prime.ttf
13:09:03.371 [FXGL Background Thread 3 ] DEBUG Engine               - fontUI: VarelaRound-Regular.ttf
13:09:03.372 [FXGL Background Thread 3 ] DEBUG Engine               - fullScreen: BooleanProperty [value: false]
13:09:03.372 [FXGL Background Thread 3 ] DEBUG Engine               - gameDifficulty: MEDIUM
13:09:03.372 [FXGL Background Thread 3 ] DEBUG Engine               - gameDifficultyProperty: ObjectProperty [value: MEDIUM]
13:09:03.373 [FXGL Background Thread 3 ] DEBUG Engine               - globalMusicVolume: 0.5
13:09:03.373 [FXGL Background Thread 3 ] DEBUG Engine               - globalMusicVolumeProperty: DoubleProperty [value: 0.5]
13:09:03.373 [FXGL Background Thread 3 ] DEBUG Engine               - globalSoundVolume: 0.5
13:09:03.373 [FXGL Background Thread 3 ] DEBUG Engine               - globalSoundVolumeProperty: DoubleProperty [value: 0.5]
13:09:03.373 [FXGL Background Thread 3 ] DEBUG Engine               - height: 700
13:09:03.374 [FXGL Background Thread 3 ] DEBUG Engine               - isAndroid: false
13:09:03.374 [FXGL Background Thread 3 ] DEBUG Engine               - isBrowser: false
13:09:03.374 [FXGL Background Thread 3 ] DEBUG Engine               - isClickFeedbackEnabled: false
13:09:03.374 [FXGL Background Thread 3 ] DEBUG Engine               - isCloseConfirmation: false
13:09:03.374 [FXGL Background Thread 3 ] DEBUG Engine               - isDesktop: true
13:09:03.375 [FXGL Background Thread 3 ] DEBUG Engine               - isDeveloperMenuEnabled: false
13:09:03.375 [FXGL Background Thread 3 ] DEBUG Engine               - isEntityPreloadEnabled: true
13:09:03.375 [FXGL Background Thread 3 ] DEBUG Engine               - isExperimental3D: false
13:09:03.375 [FXGL Background Thread 3 ] DEBUG Engine               - isExperimentalNative: false
13:09:03.375 [FXGL Background Thread 3 ] DEBUG Engine               - isExperimentalTiledLargeMap: false
13:09:03.375 [FXGL Background Thread 3 ] DEBUG Engine               - isFileSystemWriteAllowed: true
13:09:03.376 [FXGL Background Thread 3 ] DEBUG Engine               - isFullScreenAllowed: false
13:09:03.376 [FXGL Background Thread 3 ] DEBUG Engine               - isFullScreenFromStart: false
13:09:03.376 [FXGL Background Thread 3 ] DEBUG Engine               - isGameMenuEnabled: true
13:09:03.376 [FXGL Background Thread 3 ] DEBUG Engine               - isIOS: false
13:09:03.376 [FXGL Background Thread 3 ] DEBUG Engine               - isIntroEnabled: false
13:09:03.376 [FXGL Background Thread 3 ] DEBUG Engine               - isLinux: false
13:09:03.376 [FXGL Background Thread 3 ] DEBUG Engine               - isMac: true
13:09:03.376 [FXGL Background Thread 3 ] DEBUG Engine               - isMainMenuEnabled: false
13:09:03.377 [FXGL Background Thread 3 ] DEBUG Engine               - isManualResizeEnabled: false
13:09:03.377 [FXGL Background Thread 3 ] DEBUG Engine               - isMobile: false
13:09:03.377 [FXGL Background Thread 3 ] DEBUG Engine               - isPreserveResizeRatio: false
13:09:03.377 [FXGL Background Thread 3 ] DEBUG Engine               - isProfilingEnabled: false
13:09:03.377 [FXGL Background Thread 3 ] DEBUG Engine               - isScaleAffectedOnResize: true
13:09:03.377 [FXGL Background Thread 3 ] DEBUG Engine               - isSingleStep: false
13:09:03.377 [FXGL Background Thread 3 ] DEBUG Engine               - isUserProfileEnabled: false
13:09:03.378 [FXGL Background Thread 3 ] DEBUG Engine               - isWindows: false
13:09:03.378 [FXGL Background Thread 3 ] DEBUG Engine               - language: ObjectProperty [value: ENGLISH]
13:09:03.378 [FXGL Background Thread 3 ] DEBUG Engine               - menuKey: ESCAPE
13:09:03.378 [FXGL Background Thread 3 ] DEBUG Engine               - notificationViewClass: class com.almasb.fxgl.notification.view.XboxNotificationView
13:09:03.378 [FXGL Background Thread 3 ] DEBUG Engine               - pixelsPerMeter: 50.0
13:09:03.379 [FXGL Background Thread 3 ] DEBUG Engine               - platform: MAC
13:09:03.379 [FXGL Background Thread 3 ] DEBUG Engine               - prefHeightProperty: ReadOnlyDoubleProperty [value: 700.0]
13:09:03.379 [FXGL Background Thread 3 ] DEBUG Engine               - prefWidthProperty: ReadOnlyDoubleProperty [value: 1050.0]
13:09:03.379 [FXGL Background Thread 3 ] DEBUG Engine               - profileDir: profiles/
13:09:03.379 [FXGL Background Thread 3 ] DEBUG Engine               - profileName: StringProperty [value: DEFAULT]
13:09:03.379 [FXGL Background Thread 3 ] DEBUG Engine               - randomSeed: -1
13:09:03.380 [FXGL Background Thread 3 ] DEBUG Engine               - runtimeInfo: RuntimeInfo(platform=MAC, version=11.14, build=01.03.2021 16.59)
13:09:03.380 [FXGL Background Thread 3 ] DEBUG Engine               - saveFileExt: sav
13:09:03.380 [FXGL Background Thread 3 ] DEBUG Engine               - scaledHeightProp$fxgl: DoubleProperty [bound, value: 700.0]
13:09:03.380 [FXGL Background Thread 3 ] DEBUG Engine               - scaledWidthProp$fxgl: DoubleProperty [bound, value: 1050.0]
13:09:03.380 [FXGL Background Thread 3 ] DEBUG Engine               - sceneFactory: com.almasb.fxgl.app.scene.SceneFactory@76ecea84
13:09:03.381 [FXGL Background Thread 3 ] DEBUG Engine               - secondsIn24h: 60
13:09:03.381 [FXGL Background Thread 3 ] DEBUG Engine               - soundMenuBack: menu/back.wav
13:09:03.381 [FXGL Background Thread 3 ] DEBUG Engine               - soundMenuPress: menu/press.wav
13:09:03.382 [FXGL Background Thread 3 ] DEBUG Engine               - soundMenuSelect: menu/select.wav
13:09:03.382 [FXGL Background Thread 3 ] DEBUG Engine               - soundNotification: core/notification.wav
13:09:03.382 [FXGL Background Thread 3 ] DEBUG Engine               - stageStyle: DECORATED
13:09:03.383 [FXGL Background Thread 3 ] DEBUG Engine               - supportedLanguages: [ENGLISH, FRENCH, GERMAN, HUNGARIAN, RUSSIAN]
13:09:03.383 [FXGL Background Thread 3 ] DEBUG Engine               - ticksPerSecond: -1
13:09:03.383 [FXGL Background Thread 3 ] DEBUG Engine               - title: Demo game
13:09:03.383 [FXGL Background Thread 3 ] DEBUG Engine               - urlGithub: https://github.com/AlmasB/FXGL
13:09:03.384 [FXGL Background Thread 3 ] DEBUG Engine               - urlLeaderboard: http://fxgl-top.herokuapp.com/
13:09:03.384 [FXGL Background Thread 3 ] DEBUG Engine               - urlPOM: https://raw.githubusercontent.com/AlmasB/FXGL/release/README.md
13:09:03.384 [FXGL Background Thread 3 ] DEBUG Engine               - userAppClass: class Game
13:09:03.384 [FXGL Background Thread 3 ] DEBUG Engine               - version: 1.2
13:09:03.384 [FXGL Background Thread 3 ] DEBUG Engine               - versionCheckDays: 7
13:09:03.385 [FXGL Background Thread 3 ] DEBUG Engine               - width: 1050
13:09:03.385 [FXGL Background Thread 3 ] DEBUG Engine               - Logging services
13:09:03.385 [FXGL Background Thread 3 ] DEBUG Engine               - class com.almasb.fxgl.app.services.FXGLAssetLoaderService
13:09:03.385 [FXGL Background Thread 3 ] DEBUG Engine               - class com.almasb.fxgl.app.FXGLApplication$GameApplicationService
13:09:03.385 [FXGL Background Thread 3 ] DEBUG Engine               - class com.almasb.fxgl.app.services.FXGLDialogService
13:09:03.385 [FXGL Background Thread 3 ] DEBUG Engine               - class com.almasb.fxgl.app.services.IOTaskExecutorService
13:09:03.385 [FXGL Background Thread 3 ] DEBUG Engine               - class com.almasb.fxgl.event.EventBusService
13:09:03.386 [FXGL Background Thread 3 ] DEBUG Engine               - class com.almasb.fxgl.io.FileSystemService
13:09:03.386 [FXGL Background Thread 3 ] DEBUG Engine               - class com.almasb.fxgl.localization.LocalizationService
13:09:03.386 [FXGL Background Thread 3 ] DEBUG Engine               - class com.almasb.fxgl.app.services.SystemBundleService
13:09:03.386 [FXGL Background Thread 3 ] DEBUG Engine               - class com.almasb.fxgl.profile.SaveLoadService
13:09:03.386 [FXGL Background Thread 3 ] DEBUG Engine               - class com.almasb.fxgl.ui.FXGLUIFactoryServiceProvider
13:09:03.386 [FXGL Background Thread 3 ] DEBUG Engine               - class com.almasb.fxgl.ui.FXGLDialogFactoryServiceProvider
13:09:03.386 [FXGL Background Thread 3 ] DEBUG Engine               - class com.almasb.fxgl.audio.AudioPlayer
13:09:03.386 [FXGL Background Thread 3 ] DEBUG Engine               - class com.almasb.fxgl.notification.impl.NotificationServiceProvider
13:09:03.387 [FXGL Background Thread 3 ] DEBUG Engine               - class com.almasb.fxgl.achievement.AchievementService
13:09:03.387 [FXGL Background Thread 3 ] DEBUG Engine               - class com.almasb.fxgl.cutscene.CutsceneService
13:09:03.387 [FXGL Background Thread 3 ] DEBUG Engine               - class com.almasb.fxgl.minigames.MiniGameService
13:09:03.387 [FXGL Background Thread 3 ] DEBUG Engine               - class com.almasb.fxgl.net.NetService
13:09:03.387 [FXGL Background Thread 3 ] DEBUG Engine               - class com.almasb.fxgl.app.services.UpdaterService
13:09:03.387 [FXGL Background Thread 3 ] DEBUG Engine               - class com.almasb.fxgl.dev.DevService
13:09:13.190 [JavaFX Application Thread] DEBUG FXGLApplication      - Exiting FXGL
13:09:13.190 [JavaFX Application Thread] DEBUG LoopRunner           - Stopping loop
13:09:13.191 [JavaFX Application Thread] DEBUG SystemBundleService  - Saving FXGL system data
13:09:13.195 [JavaFX Application Thread] DEBUG FileSystemAccess     - Writing to: /Users/merdanusta/IdeaProjects/IPOSE-Maven/system/fxgl.bundle
13:09:13.198 [JavaFX Application Thread] DEBUG Async                - Shutting down background threads
13:09:13.198 [JavaFX Application Thread] DEBUG PrimaryStageWindow   - Closing main window
13:09:13.206 [JavaFX Application Thread] DEBUG Logger               - Closing Logger
