15:02:28.184 [main                     ] DEBUG Logger               - Configured Logger
15:02:28.221 [main                     ] DEBUG GameApplication      - Logging settings
Title: Demo game
Version: 1.2
Width: 1050
Height: 700
Fullscreen: false
Intro: false
Profiling: false
Single step:false
App Mode: DEVELOPER
Menu Key: ESCAPE
Stage Style: DECORATED
Scene Factory: class com.almasb.fxgl.app.scene.SceneFactory

15:02:29.559 [JavaFX Application Thread] DEBUG FXGLApplication      - Initializing FXGL
15:02:29.567 [JavaFX Application Thread] INFO  Engine               - FXGL-11.14 (01.03.2021 16.59) on WINDOWS (J:15.0.2 FX:15)
15:02:29.568 [JavaFX Application Thread] DEBUG Engine               - JRE Vendor Name: Amazon.com Inc.
15:02:29.569 [JavaFX Application Thread] DEBUG Engine               - Running on OS: Windows 10 version 10.0
15:02:29.569 [JavaFX Application Thread] DEBUG Engine               - Architecture: amd64
15:02:29.571 [JavaFX Application Thread] INFO  Engine               - Source code and latest versions at: https://github.com/AlmasB/FXGL
15:02:29.572 [JavaFX Application Thread] INFO  Engine               -              Join the FXGL chat at: https://gitter.im/AlmasB/FXGL
15:02:30.036 [JavaFX Application Thread] DEBUG PrimaryStageWindow   - Creating a JavaFX scene
15:02:30.273 [JavaFX Application Thread] DEBUG PrimaryStageWindow   - Target settings size: 1050.0 x 700.0
15:02:30.274 [JavaFX Application Thread] DEBUG PrimaryStageWindow   - Scaled scene size:    1050.0 x 700.0
15:02:30.275 [JavaFX Application Thread] DEBUG PrimaryStageWindow   - Scaled ratio: (1.0, 1.0)
15:02:30.278 [JavaFX Application Thread] DEBUG PrimaryStageWindow   - Set initial scene to FXGLStartupScene
15:02:30.301 [JavaFX Application Thread] DEBUG PrimaryStageWindow   - Opening main window
15:02:30.569 [JavaFX Application Thread] DEBUG PrimaryStageWindow   - Window border size: (14.800048828125, 37.5999755859375)
15:02:30.569 [JavaFX Application Thread] DEBUG PrimaryStageWindow   - Scaled size: 1050.0 x 700.0
15:02:30.570 [JavaFX Application Thread] DEBUG PrimaryStageWindow   - Scaled ratio: (1.0, 1.0)
15:02:30.570 [JavaFX Application Thread] DEBUG PrimaryStageWindow   - Scene size: 1050.0 x 700.0
15:02:30.571 [JavaFX Application Thread] DEBUG PrimaryStageWindow   - Stage size: 1064.800048828125 x 737.5999755859375
15:02:30.659 [FXGL Background Thread 1 ] DEBUG Engine               - Initializing environment variables
15:02:30.799 [FXGL Background Thread 1 ] DEBUG FXGLAssetLoaderServi - User app class for loading assets: class Game
15:02:30.800 [FXGL Background Thread 1 ] DEBUG GameApplicationServi - Applying CSS: fxgl_dark.css
15:02:30.806 [FXGL Background Thread 1 ] DEBUG FXGLAssetLoaderServi - Loading from file system: jar:file:/C:/Users/jfran/.m2/repository/com/github/almasb/fxgl/11.14/fxgl-11.14.jar!/fxglassets/ui/css/fxgl_dark.css
15:02:30.946 [FXGL Background Thread 1 ] DEBUG GameApplicationServi - Initializing application scenes
15:02:31.160 [FXGL Background Thread 1 ] DEBUG GameWorld            - Game world initialized
15:02:31.351 [FXGL Background Thread 1 ] DEBUG PhysicsWorld         - Physics world initialized: appHeight=700, physics.ppm=50,0
15:02:31.353 [FXGL Background Thread 1 ] DEBUG PhysicsWorld         - Using strategy: BRUTE_FORCE
15:02:31.360 [FXGL Background Thread 1 ] DEBUG GameScene            - Game scene initialized: 1050x700
15:02:31.473 [FXGL Background Thread 1 ] DEBUG FXGLAssetLoaderServi - Loading from file system: jar:file:/C:/Users/jfran/.m2/repository/com/github/almasb/fxgl/11.14/fxgl-11.14.jar!/fxglassets/textures/particles/trace_horizontal.png
15:02:31.626 [FXGL Background Thread 1 ] DEBUG FXGL.DefaultMenu     - createMenuBodyMainMenu()
15:02:31.678 [FXGL Background Thread 1 ] DEBUG FXGL.DefaultMenu     - createOptionsMenu()
15:02:31.695 [FXGL Background Thread 1 ] DEBUG FXGLAssetLoaderServi - Loading from file system: jar:file:/C:/Users/jfran/.m2/repository/com/github/almasb/fxgl/11.14/fxgl-11.14.jar!/fxglassets/textures/particles/smoke.png
15:02:31.883 [FXGL Background Thread 1 ] DEBUG FXGL.DefaultMenu     - createMenuBodyGameMenu()
15:02:31.887 [FXGL Background Thread 1 ] DEBUG FXGL.DefaultMenu     - createOptionsMenu()
15:02:31.934 [FXGL Background Thread 1 ] DEBUG GameApplicationServi - Application scenes initialized
15:02:31.966 [FXGL Background Thread 1 ] DEBUG SystemBundleService  - Loading FXGL system data
15:02:31.977 [FXGL Background Thread 1 ] DEBUG FileSystemAccess     - Reading from: C:\Users\jfran\OneDrive - Hogeschool Leiden\IPOSE-Maven\system\fxgl.bundle
15:02:31.994 [FXGL Background Thread 1 ] DEBUG SystemBundleService  - Bundle FXGL: {}
15:02:31.994 [FXGL Background Thread 1 ] DEBUG UpdaterService       - Checking for updates
15:02:32.007 [FXGL Background Thread 1 ] DEBUG FXGLApplication      - Loading default localization
15:02:32.010 [FXGL Background Thread 1 ] DEBUG FXGLAssetLoaderServi - Loading from file system: jar:file:/C:/Users/jfran/.m2/repository/com/github/almasb/fxgl/11.14/fxgl-11.14.jar!/fxglassets/languages/english.lang
15:02:32.076 [FXGL Background Thread 4 ] DEBUG FXGLApplication      - Loading fonts
15:02:32.078 [FXGL Background Thread 4 ] DEBUG FXGLAssetLoaderServi - Loading from file system: jar:file:/C:/Users/jfran/.m2/repository/com/github/almasb/fxgl/11.14/fxgl-11.14.jar!/fxglassets/ui/fonts/VarelaRound-Regular.ttf
15:02:32.079 [FXGL Background Thread 1 ] INFO  FXGLApplication      - FXGL initialization took: 1,412 sec
15:02:32.106 [JavaFX Application Thread] DEBUG Input                - Registered new binding: Left - A
15:02:32.107 [JavaFX Application Thread] DEBUG Input                - Registered new binding: Right - D
15:02:32.107 [JavaFX Application Thread] DEBUG Input                - Registered new binding: Jump - W
15:02:32.109 [JavaFX Application Thread] DEBUG FXGLAssetLoaderServi - Loading from file system: jar:file:/C:/Users/jfran/.m2/repository/com/github/almasb/fxgl/11.14/fxgl-11.14.jar!/fxglassets/textures/fxgl_icon.png
15:02:32.165 [JavaFX Application Thread] DEBUG FXGLAssetLoaderServi - Loading from file system: jar:file:/C:/Users/jfran/.m2/repository/com/github/almasb/fxgl/11.14/fxgl-11.14.jar!/fxglassets/ui/cursors/fxgl_default.png
15:02:32.172 [JavaFX Application Thread] DEBUG Input                - Registered new binding: Screenshot - P
15:02:32.173 [JavaFX Application Thread] DEBUG Input                - Registered new binding: System info dump - CTRL+9
15:02:32.175 [JavaFX Application Thread] DEBUG Input                - Registered new binding: Restart - CTRL+R
15:02:32.177 [JavaFX Application Thread] DEBUG Input                - Registered new binding: Toggle Debug Camera - CTRL+C
15:02:32.183 [JavaFX Application Thread] DEBUG LoopRunner           - Starting loop
15:02:32.183 [JavaFX Application Thread] DEBUG LoopRunner           - Initializing JavaFX AnimationTimerLoop
15:02:32.193 [JavaFX Application Thread] DEBUG Input                - Clearing active input actions
15:02:32.209 [JavaFX Application Thread] DEBUG GameApplicationServi - Removing overlay from FXGLStartupScene and adding to FXGLMainMenuDummyScene
15:02:32.210 [JavaFX Application Thread] DEBUG PrimaryStageWindow   - FXGLStartupScene -> FXGLMainMenuDummyScene
15:02:32.210 [JavaFX Application Thread] DEBUG PrimaryStageWindow   - Push state: FXGLDefaultMenu
15:02:32.221 [JavaFX Application Thread] DEBUG Input                - Clearing active input actions
15:02:32.254 [JavaFX Application Thread] DEBUG GameApplicationServi - Removing overlay from FXGLMainMenuDummyScene and adding to FXGLDefaultMenu
15:02:32.255 [JavaFX Application Thread] DEBUG PrimaryStageWindow   - FXGLMainMenuDummyScene -> FXGLDefaultMenu
15:02:33.054 [FXGL Background Thread 4 ] DEBUG FXGLAssetLoaderServi - Loading from file system: jar:file:/C:/Users/jfran/.m2/repository/com/github/almasb/fxgl/11.14/fxgl-11.14.jar!/fxglassets/ui/fonts/Abel-Regular.ttf
15:02:33.077 [FXGL Background Thread 4 ] DEBUG FXGLAssetLoaderServi - Loading from file system: jar:file:/C:/Users/jfran/.m2/repository/com/github/almasb/fxgl/11.14/fxgl-11.14.jar!/fxglassets/ui/fonts/lucida_console.ttf
15:02:33.109 [FXGL Background Thread 4 ] DEBUG FXGLAssetLoaderServi - Loading from file system: jar:file:/C:/Users/jfran/.m2/repository/com/github/almasb/fxgl/11.14/fxgl-11.14.jar!/fxglassets/ui/fonts/Courier-Prime.ttf
15:02:33.162 [JavaFX Application Thread] DEBUG FXGLApplication      - Registering font factories with UI factory
15:02:34.181 [FXGL Background Thread 2 ] INFO  UpdaterService       - Your current version:  11.14
15:02:34.182 [FXGL Background Thread 2 ] INFO  UpdaterService       - Latest stable version: 17.1
15:02:34.478 [JavaFX Application Thread] DEBUG Menu                 - fireNewGame()
15:02:34.478 [JavaFX Application Thread] DEBUG GameApplicationServi - Starting new game
15:02:34.486 [JavaFX Application Thread] DEBUG PrimaryStageWindow   - Pop state: FXGLDefaultMenu
15:02:34.487 [JavaFX Application Thread] DEBUG Input                - Clearing active input actions
15:02:34.490 [JavaFX Application Thread] DEBUG GameApplicationServi - Removing overlay from FXGLDefaultMenu and adding to FXGLMainMenuDummyScene
15:02:34.491 [JavaFX Application Thread] DEBUG PrimaryStageWindow   - FXGLMainMenuDummyScene <- FXGLDefaultMenu
15:02:34.492 [JavaFX Application Thread] DEBUG Input                - Clearing active input actions
15:02:34.516 [JavaFX Application Thread] DEBUG GameApplicationServi - Removing overlay from FXGLMainMenuDummyScene and adding to FXGLLoadingScene
15:02:34.517 [JavaFX Application Thread] DEBUG PrimaryStageWindow   - FXGLMainMenuDummyScene -> FXGLLoadingScene
15:02:34.518 [JavaFX Application Thread] DEBUG GameApplicationServi - Clearing previous game
15:02:34.518 [JavaFX Application Thread] DEBUG GameScene            - Clearing game scene
15:02:34.519 [JavaFX Application Thread] DEBUG GameWorld            - Clearing game world
15:02:34.519 [JavaFX Application Thread] DEBUG PhysicsWorld         - Clearing physics world
15:02:34.524 [FXGL Background Thread 2 ] DEBUG FXGLApplication      - Initializing game
15:02:34.617 [FXGL Background Thread 2 ] WARN  TMXLevelLoader       - TiledMap generated from 1.0.1. Supported version: 1.2.3. Some features may not be parsed fully.
15:02:34.657 [FXGL Background Thread 2 ] DEBUG TMXLevelLoader       - Parsed raw map: TiledMap(width=15, height=10, tilewidth=70, tileheight=70, orientation=orthogonal, layers=[Layer(width=15, height=10, name=Tile Layer 1, type=tilelayer, visible=false, x=0, y=0, data=[153, 0, 0, 0, 0, 0, 0, 0, 0, 0, 0, 0, 0, 0, 0, 153, 2, 0, 0, 69, 57, 45, 0, 0, 0, 0, 0, 0, 0, 0, 153, 10, 0, 0, 0, 0, 0, 0, 0, 0, 0, 0, 0, 0, 0, 153, 153, 0, 0, 0, 0, 0, 0, 15, 3, 3, 27, 0, 0, 0, 153, 153, 0, 0, 0, 0, 0, 0, 0, 0, 0, 0, 0, 0, 0, 153, 153, 0, 0, 0, 0, 0, 0, 0, 0, 0, 0, 0, 0, 116, 153, 153, 0, 0, 0, 0, 0, 0, 15, 3, 3, 27, 0, 116, 153, 153, 153, 0, 0, 69, 81, 57, 0, 0, 0, 0, 0, 0, 153, 153, 153, 153, 0, 0, 0, 0, 0, 0, 0, 0, 0, 0, 0, 153, 153, 153, 153, 10, 105, 0, 0, 0, 129, 105, 0, 0, 0, 129, 153, 153], objects=[], opacity=0.0, draworder=), Layer(width=0, height=0, name=Object Layer 1, type=objectgroup, visible=false, x=0, y=0, data=[], objects=[com.almasb.fxgl.entity.level.tiled.TiledObject@ea093bf, com.almasb.fxgl.entity.level.tiled.TiledObject@5b68240a, com.almasb.fxgl.entity.level.tiled.TiledObject@d5d5e8c, com.almasb.fxgl.entity.level.tiled.TiledObject@18b8d55b, com.almasb.fxgl.entity.level.tiled.TiledObject@120f8098, com.almasb.fxgl.entity.level.tiled.TiledObject@85daea7, com.almasb.fxgl.entity.level.tiled.TiledObject@6f93281e, com.almasb.fxgl.entity.level.tiled.TiledObject@315f2aba, com.almasb.fxgl.entity.level.tiled.TiledObject@5fba6749, com.almasb.fxgl.entity.level.tiled.TiledObject@3af7c28f, com.almasb.fxgl.entity.level.tiled.TiledObject@4c52de17, com.almasb.fxgl.entity.level.tiled.TiledObject@49037dd, com.almasb.fxgl.entity.level.tiled.TiledObject@81c9829, com.almasb.fxgl.entity.level.tiled.TiledObject@cfbc01f, com.almasb.fxgl.entity.level.tiled.TiledObject@560305f1, com.almasb.fxgl.entity.level.tiled.TiledObject@53a8fe33, com.almasb.fxgl.entity.level.tiled.TiledObject@3f99e9bf, com.almasb.fxgl.entity.level.tiled.TiledObject@6db02d6b, com.almasb.fxgl.entity.level.tiled.TiledObject@23d291a1], opacity=0.0, draworder=)], tilesets=[Tileset(firstgid=1, image=tiles_spritesheet.png, name=tiles_spritesheet, tilewidth=70, tileheight=70, imagewidth=914, imageheight=936, margin=0, spacing=2, columns=12, tilecount=156, transparentcolor=, tiles=[])], backgroundcolor=, renderorder=right-down, nextobjectid=20, version=1, tiledversion=1.0.1, type=map, infinite=false, hexsidelength=0, staggeraxis=, staggerindex=, properties={}, propertytypes={})
15:02:34.661 [FXGL Background Thread 2 ] DEBUG TMXLevelLoader       - Creating tile layer entities
15:02:34.664 [FXGL Background Thread 2 ] DEBUG TilesetLoader        - Loading view for layer Tile Layer 1
15:02:34.671 [FXGL Background Thread 2 ] DEBUG TilesetLoader        - Created buffer with size 1050.0x700.0
15:02:34.792 [FXGL Background Thread 2 ] DEBUG TilesetLoader        - Writing to buffer: dst=0,0, w=70,h=70, src=576,864
15:02:34.793 [FXGL Background Thread 2 ] DEBUG TilesetLoader        - Writing to buffer: dst=0,70, w=70,h=70, src=576,864
15:02:34.794 [FXGL Background Thread 2 ] DEBUG TilesetLoader        - Writing to buffer: dst=70,70, w=70,h=70, src=72,0
15:02:34.794 [FXGL Background Thread 2 ] DEBUG TilesetLoader        - Writing to buffer: dst=280,70, w=70,h=70, src=576,360
15:02:34.795 [FXGL Background Thread 2 ] DEBUG TilesetLoader        - Writing to buffer: dst=350,70, w=70,h=70, src=576,288
15:02:34.795 [FXGL Background Thread 2 ] DEBUG TilesetLoader        - Writing to buffer: dst=420,70, w=70,h=70, src=576,216
15:02:34.796 [FXGL Background Thread 2 ] DEBUG TilesetLoader        - Writing to buffer: dst=0,140, w=70,h=70, src=576,864
15:02:34.797 [FXGL Background Thread 2 ] DEBUG TilesetLoader        - Writing to buffer: dst=70,140, w=70,h=70, src=648,0
15:02:34.797 [FXGL Background Thread 2 ] DEBUG TilesetLoader        - Writing to buffer: dst=0,210, w=70,h=70, src=576,864
15:02:34.798 [FXGL Background Thread 2 ] DEBUG TilesetLoader        - Writing to buffer: dst=70,210, w=70,h=70, src=576,864
15:02:34.799 [FXGL Background Thread 2 ] DEBUG TilesetLoader        - Writing to buffer: dst=560,210, w=70,h=70, src=144,72
15:02:34.838 [FXGL Background Thread 2 ] DEBUG TilesetLoader        - Writing to buffer: dst=630,210, w=70,h=70, src=144,0
15:02:34.839 [FXGL Background Thread 2 ] DEBUG TilesetLoader        - Writing to buffer: dst=700,210, w=70,h=70, src=144,0
15:02:34.839 [FXGL Background Thread 2 ] DEBUG TilesetLoader        - Writing to buffer: dst=770,210, w=70,h=70, src=144,144
15:02:34.840 [FXGL Background Thread 2 ] DEBUG TilesetLoader        - Writing to buffer: dst=0,280, w=70,h=70, src=576,864
15:02:34.841 [FXGL Background Thread 2 ] DEBUG TilesetLoader        - Writing to buffer: dst=70,280, w=70,h=70, src=576,864
15:02:34.841 [FXGL Background Thread 2 ] DEBUG TilesetLoader        - Writing to buffer: dst=0,350, w=70,h=70, src=576,864
15:02:34.842 [FXGL Background Thread 2 ] DEBUG TilesetLoader        - Writing to buffer: dst=70,350, w=70,h=70, src=576,864
15:02:34.842 [FXGL Background Thread 2 ] DEBUG TilesetLoader        - Writing to buffer: dst=980,350, w=70,h=70, src=504,648
15:02:34.843 [FXGL Background Thread 2 ] DEBUG TilesetLoader        - Writing to buffer: dst=0,420, w=70,h=70, src=576,864
15:02:34.843 [FXGL Background Thread 2 ] DEBUG TilesetLoader        - Writing to buffer: dst=70,420, w=70,h=70, src=576,864
15:02:34.844 [FXGL Background Thread 2 ] DEBUG TilesetLoader        - Writing to buffer: dst=560,420, w=70,h=70, src=144,72
15:02:34.845 [FXGL Background Thread 2 ] DEBUG TilesetLoader        - Writing to buffer: dst=630,420, w=70,h=70, src=144,0
15:02:34.845 [FXGL Background Thread 2 ] DEBUG TilesetLoader        - Writing to buffer: dst=700,420, w=70,h=70, src=144,0
15:02:34.846 [FXGL Background Thread 2 ] DEBUG TilesetLoader        - Writing to buffer: dst=770,420, w=70,h=70, src=144,144
15:02:34.846 [FXGL Background Thread 2 ] DEBUG TilesetLoader        - Writing to buffer: dst=910,420, w=70,h=70, src=504,648
15:02:34.847 [FXGL Background Thread 2 ] DEBUG TilesetLoader        - Writing to buffer: dst=980,420, w=70,h=70, src=576,864
15:02:34.847 [FXGL Background Thread 2 ] DEBUG TilesetLoader        - Writing to buffer: dst=0,490, w=70,h=70, src=576,864
15:02:34.848 [FXGL Background Thread 2 ] DEBUG TilesetLoader        - Writing to buffer: dst=70,490, w=70,h=70, src=576,864
15:02:34.849 [FXGL Background Thread 2 ] DEBUG TilesetLoader        - Writing to buffer: dst=280,490, w=70,h=70, src=576,360
15:02:34.852 [FXGL Background Thread 2 ] DEBUG TilesetLoader        - Writing to buffer: dst=350,490, w=70,h=70, src=576,432
15:02:34.853 [FXGL Background Thread 2 ] DEBUG TilesetLoader        - Writing to buffer: dst=420,490, w=70,h=70, src=576,288
15:02:34.853 [FXGL Background Thread 2 ] DEBUG TilesetLoader        - Writing to buffer: dst=910,490, w=70,h=70, src=576,864
15:02:34.854 [FXGL Background Thread 2 ] DEBUG TilesetLoader        - Writing to buffer: dst=980,490, w=70,h=70, src=576,864
15:02:34.855 [FXGL Background Thread 2 ] DEBUG TilesetLoader        - Writing to buffer: dst=0,560, w=70,h=70, src=576,864
15:02:34.855 [FXGL Background Thread 2 ] DEBUG TilesetLoader        - Writing to buffer: dst=70,560, w=70,h=70, src=576,864
15:02:34.856 [FXGL Background Thread 2 ] DEBUG TilesetLoader        - Writing to buffer: dst=910,560, w=70,h=70, src=576,864
15:02:34.856 [FXGL Background Thread 2 ] DEBUG TilesetLoader        - Writing to buffer: dst=980,560, w=70,h=70, src=576,864
15:02:34.857 [FXGL Background Thread 2 ] DEBUG TilesetLoader        - Writing to buffer: dst=0,630, w=70,h=70, src=576,864
15:02:34.858 [FXGL Background Thread 2 ] DEBUG TilesetLoader        - Writing to buffer: dst=70,630, w=70,h=70, src=576,864
15:02:34.858 [FXGL Background Thread 2 ] DEBUG TilesetLoader        - Writing to buffer: dst=140,630, w=70,h=70, src=648,0
15:02:34.859 [FXGL Background Thread 2 ] DEBUG TilesetLoader        - Writing to buffer: dst=210,630, w=70,h=70, src=576,576
15:02:34.860 [FXGL Background Thread 2 ] DEBUG TilesetLoader        - Writing to buffer: dst=490,630, w=70,h=70, src=576,720
15:02:34.860 [FXGL Background Thread 2 ] DEBUG TilesetLoader        - Writing to buffer: dst=560,630, w=70,h=70, src=576,576
15:02:34.861 [FXGL Background Thread 2 ] DEBUG TilesetLoader        - Writing to buffer: dst=840,630, w=70,h=70, src=576,720
15:02:34.861 [FXGL Background Thread 2 ] DEBUG TilesetLoader        - Writing to buffer: dst=910,630, w=70,h=70, src=576,864
15:02:34.862 [FXGL Background Thread 2 ] DEBUG TilesetLoader        - Writing to buffer: dst=980,630, w=70,h=70, src=576,864
15:02:34.863 [FXGL Background Thread 2 ] DEBUG TMXLevelLoader       - Creating object layer entities
15:02:34.939 [FXGL Background Thread 2 ] DEBUG FXGLAssetLoaderServi - Loading from file system: file:/C:/Users/jfran/OneDrive%20-%20Hogeschool%20Leiden/IPOSE-Maven/target/classes/assets/textures/star.png
15:02:34.979 [FXGL Background Thread 2 ] DEBUG GameWorld            - Clearing removable entities
15:02:34.981 [FXGL Background Thread 2 ] DEBUG GameWorld            - Setting level: com.almasb.fxgl.entity.level.Level@7b82fd2b
15:02:35.016 [FXGL Background Thread 3 ] DEBUG Engine               - Logging environment variables
15:02:35.020 [FXGL Background Thread 3 ] DEBUG Engine               - achievements: []
15:02:35.020 [FXGL Background Thread 2 ] DEBUG FXGLAssetLoaderServi - Loading from file system: file:/C:/Users/jfran/OneDrive%20-%20Hogeschool%20Leiden/IPOSE-Maven/target/classes/assets/textures/girl.png
15:02:35.021 [FXGL Background Thread 3 ] DEBUG Engine               - actualHeight: 700.0
15:02:35.021 [FXGL Background Thread 3 ] DEBUG Engine               - actualHeightProperty: ReadOnlyDoubleProperty [value: 700.0]
15:02:35.022 [FXGL Background Thread 3 ] DEBUG Engine               - actualWidth: 1050.0
15:02:35.022 [FXGL Background Thread 3 ] DEBUG Engine               - actualWidthProperty: ReadOnlyDoubleProperty [value: 1050.0]
15:02:35.023 [FXGL Background Thread 3 ] DEBUG Engine               - appIcon: fxgl_icon.png
15:02:35.023 [FXGL Background Thread 3 ] DEBUG Engine               - applicationMode: DEVELOPER
15:02:35.023 [FXGL Background Thread 3 ] DEBUG Engine               - cSSList: [fxgl_dark.css]
15:02:35.024 [FXGL Background Thread 3 ] DEBUG Engine               - collisionDetectionStrategy: BRUTE_FORCE
15:02:35.024 [FXGL Background Thread 3 ] DEBUG Engine               - configClass: Optional.empty
15:02:35.025 [FXGL Background Thread 3 ] DEBUG Engine               - credits: []
15:02:35.026 [FXGL Background Thread 3 ] DEBUG Engine               - devBBoxColorProperty: ObjectProperty [value: 0xff0000ff]
15:02:35.027 [FXGL Background Thread 3 ] DEBUG Engine               - devEnableDebugCameraProperty: BooleanProperty [value: false]
15:02:35.028 [FXGL Background Thread 3 ] DEBUG Engine               - devSensorColorProperty: ObjectProperty [value: 0xffff00ff]
15:02:35.028 [FXGL Background Thread 3 ] DEBUG Engine               - devShowBBoxProperty: BooleanProperty [value: false]
15:02:35.029 [FXGL Background Thread 3 ] DEBUG Engine               - devShowPositionProperty: BooleanProperty [value: false]
15:02:35.029 [FXGL Background Thread 3 ] DEBUG Engine               - enabledMenuItems: []
15:02:35.030 [FXGL Background Thread 3 ] DEBUG Engine               - engineServices: [class com.almasb.fxgl.app.services.FXGLAssetLoaderService, class com.almasb.fxgl.app.FXGLApplication$GameApplicationService, class com.almasb.fxgl.app.services.FXGLDialogService, class com.almasb.fxgl.app.services.IOTaskExecutorService, class com.almasb.fxgl.event.EventBusService, class com.almasb.fxgl.io.FileSystemService, class com.almasb.fxgl.localization.LocalizationService, class com.almasb.fxgl.app.services.SystemBundleService, class com.almasb.fxgl.profile.SaveLoadService, class com.almasb.fxgl.ui.FXGLUIFactoryServiceProvider, class com.almasb.fxgl.ui.FXGLDialogFactoryServiceProvider, class com.almasb.fxgl.audio.AudioPlayer, class com.almasb.fxgl.notification.impl.NotificationServiceProvider, class com.almasb.fxgl.achievement.AchievementService, class com.almasb.fxgl.cutscene.CutsceneService, class com.almasb.fxgl.minigames.MiniGameService, class com.almasb.fxgl.net.NetService, class com.almasb.fxgl.app.services.UpdaterService, class com.almasb.fxgl.dev.DevService]
15:02:35.030 [FXGL Background Thread 3 ] DEBUG Engine               - fontGame: Abel-Regular.ttf
15:02:35.031 [FXGL Background Thread 3 ] DEBUG Engine               - fontMono: lucida_console.ttf
15:02:35.031 [FXGL Background Thread 3 ] DEBUG Engine               - fontText: Courier-Prime.ttf
15:02:35.033 [FXGL Background Thread 3 ] DEBUG Engine               - fontUI: VarelaRound-Regular.ttf
15:02:35.034 [FXGL Background Thread 3 ] DEBUG Engine               - fullScreen: BooleanProperty [value: false]
15:02:35.034 [FXGL Background Thread 3 ] DEBUG Engine               - gameDifficulty: MEDIUM
15:02:35.035 [FXGL Background Thread 3 ] DEBUG Engine               - gameDifficultyProperty: ObjectProperty [value: MEDIUM]
15:02:35.036 [FXGL Background Thread 3 ] DEBUG Engine               - globalMusicVolume: 0.5
15:02:35.036 [FXGL Background Thread 3 ] DEBUG Engine               - globalMusicVolumeProperty: DoubleProperty [value: 0.5]
15:02:35.036 [FXGL Background Thread 3 ] DEBUG Engine               - globalSoundVolume: 0.5
15:02:35.037 [FXGL Background Thread 3 ] DEBUG Engine               - globalSoundVolumeProperty: DoubleProperty [value: 0.5]
15:02:35.037 [FXGL Background Thread 3 ] DEBUG Engine               - height: 700
15:02:35.037 [FXGL Background Thread 3 ] DEBUG Engine               - isAndroid: false
15:02:35.038 [FXGL Background Thread 3 ] DEBUG Engine               - isBrowser: false
15:02:35.040 [FXGL Background Thread 3 ] DEBUG Engine               - isClickFeedbackEnabled: false
15:02:35.040 [FXGL Background Thread 3 ] DEBUG Engine               - isCloseConfirmation: false
15:02:35.041 [FXGL Background Thread 3 ] DEBUG Engine               - isDesktop: true
15:02:35.041 [FXGL Background Thread 3 ] DEBUG Engine               - isDeveloperMenuEnabled: false
15:02:35.042 [FXGL Background Thread 3 ] DEBUG Engine               - isEntityPreloadEnabled: true
15:02:35.043 [FXGL Background Thread 3 ] DEBUG Engine               - isExperimental3D: false
15:02:35.045 [FXGL Background Thread 3 ] DEBUG Engine               - isExperimentalNative: false
15:02:35.045 [FXGL Background Thread 3 ] DEBUG Engine               - isExperimentalTiledLargeMap: false
15:02:35.046 [FXGL Background Thread 3 ] DEBUG Engine               - isFileSystemWriteAllowed: true
15:02:35.046 [FXGL Background Thread 3 ] DEBUG Engine               - isFullScreenAllowed: false
15:02:35.047 [FXGL Background Thread 3 ] DEBUG Engine               - isFullScreenFromStart: false
15:02:35.048 [FXGL Background Thread 3 ] DEBUG Engine               - isGameMenuEnabled: true
15:02:35.049 [FXGL Background Thread 3 ] DEBUG Engine               - isIOS: false
15:02:35.052 [FXGL Background Thread 3 ] DEBUG Engine               - isIntroEnabled: false
15:02:35.052 [FXGL Background Thread 2 ] INFO  FXGLApplication      - Game initialization took: 0,526 sec
15:02:35.052 [FXGL Background Thread 3 ] DEBUG Engine               - isLinux: false
15:02:35.053 [JavaFX Application Thread] DEBUG Input                - Clearing active input actions
15:02:35.055 [FXGL Background Thread 3 ] DEBUG Engine               - isMac: false
15:02:35.064 [FXGL Background Thread 3 ] DEBUG Engine               - isMainMenuEnabled: true
15:02:35.064 [FXGL Background Thread 3 ] DEBUG Engine               - isManualResizeEnabled: false
15:02:35.066 [FXGL Background Thread 3 ] DEBUG Engine               - isMobile: false
15:02:35.079 [JavaFX Application Thread] DEBUG GameApplicationServi - Removing overlay from FXGLLoadingScene and adding to GameScene
15:02:35.067 [FXGL Background Thread 3 ] DEBUG Engine               - isPreserveResizeRatio: false
15:02:35.079 [JavaFX Application Thread] DEBUG PrimaryStageWindow   - FXGLLoadingScene -> GameScene
15:02:35.080 [FXGL Background Thread 3 ] DEBUG Engine               - isProfilingEnabled: false
15:02:35.080 [FXGL Background Thread 3 ] DEBUG Engine               - isScaleAffectedOnResize: true
15:02:35.081 [FXGL Background Thread 3 ] DEBUG Engine               - isSingleStep: false
15:02:35.081 [FXGL Background Thread 3 ] DEBUG Engine               - isUserProfileEnabled: false
15:02:35.084 [FXGL Background Thread 3 ] DEBUG Engine               - isWindows: true
15:02:35.084 [FXGL Background Thread 3 ] DEBUG Engine               - language: ObjectProperty [value: ENGLISH]
15:02:35.085 [FXGL Background Thread 3 ] DEBUG Engine               - menuKey: ESCAPE
15:02:35.086 [FXGL Background Thread 3 ] DEBUG Engine               - notificationViewClass: class com.almasb.fxgl.notification.view.XboxNotificationView
15:02:35.086 [FXGL Background Thread 3 ] DEBUG Engine               - pixelsPerMeter: 50.0
15:02:35.087 [FXGL Background Thread 3 ] DEBUG Engine               - platform: WINDOWS
15:02:35.087 [FXGL Background Thread 3 ] DEBUG Engine               - prefHeightProperty: ReadOnlyDoubleProperty [value: 700.0]
15:02:35.088 [FXGL Background Thread 3 ] DEBUG Engine               - prefWidthProperty: ReadOnlyDoubleProperty [value: 1050.0]
15:02:35.088 [FXGL Background Thread 3 ] DEBUG Engine               - profileDir: profiles/
15:02:35.089 [FXGL Background Thread 3 ] DEBUG Engine               - profileName: StringProperty [value: DEFAULT]
15:02:35.089 [FXGL Background Thread 3 ] DEBUG Engine               - randomSeed: -1
15:02:35.090 [FXGL Background Thread 3 ] DEBUG Engine               - runtimeInfo: RuntimeInfo(platform=WINDOWS, version=11.14, build=01.03.2021 16.59)
15:02:35.090 [FXGL Background Thread 3 ] DEBUG Engine               - saveFileExt: sav
15:02:35.090 [FXGL Background Thread 3 ] DEBUG Engine               - scaledHeightProp$fxgl: DoubleProperty [bound, value: 700.0]
15:02:35.091 [FXGL Background Thread 3 ] DEBUG Engine               - scaledWidthProp$fxgl: DoubleProperty [bound, value: 1050.0]
15:02:35.091 [FXGL Background Thread 3 ] DEBUG Engine               - sceneFactory: com.almasb.fxgl.app.scene.SceneFactory@711a4ca2
15:02:35.091 [FXGL Background Thread 3 ] DEBUG Engine               - secondsIn24h: 60
15:02:35.092 [FXGL Background Thread 3 ] DEBUG Engine               - soundMenuBack: menu/back.wav
15:02:35.095 [FXGL Background Thread 3 ] DEBUG Engine               - soundMenuPress: menu/press.wav
15:02:35.095 [FXGL Background Thread 3 ] DEBUG Engine               - soundMenuSelect: menu/select.wav
15:02:35.095 [FXGL Background Thread 3 ] DEBUG Engine               - soundNotification: core/notification.wav
15:02:35.096 [FXGL Background Thread 3 ] DEBUG Engine               - stageStyle: DECORATED
15:02:35.096 [FXGL Background Thread 3 ] DEBUG Engine               - supportedLanguages: [ENGLISH, FRENCH, GERMAN, HUNGARIAN, RUSSIAN]
15:02:35.096 [FXGL Background Thread 3 ] DEBUG Engine               - ticksPerSecond: -1
15:02:35.097 [FXGL Background Thread 3 ] DEBUG Engine               - title: Demo game
15:02:35.097 [FXGL Background Thread 3 ] DEBUG Engine               - urlGithub: https://github.com/AlmasB/FXGL
15:02:35.098 [FXGL Background Thread 3 ] DEBUG Engine               - urlLeaderboard: http://fxgl-top.herokuapp.com/
15:02:35.098 [FXGL Background Thread 3 ] DEBUG Engine               - urlPOM: https://raw.githubusercontent.com/AlmasB/FXGL/release/README.md
15:02:35.098 [FXGL Background Thread 3 ] DEBUG Engine               - userAppClass: class Game
15:02:35.099 [FXGL Background Thread 3 ] DEBUG Engine               - version: 1.2
15:02:35.099 [FXGL Background Thread 3 ] DEBUG Engine               - versionCheckDays: 7
15:02:35.099 [FXGL Background Thread 3 ] DEBUG Engine               - width: 1050
15:02:35.100 [FXGL Background Thread 3 ] DEBUG Engine               - Logging services
15:02:35.100 [FXGL Background Thread 3 ] DEBUG Engine               - class com.almasb.fxgl.app.services.FXGLAssetLoaderService
15:02:35.100 [FXGL Background Thread 3 ] DEBUG Engine               - class com.almasb.fxgl.app.FXGLApplication$GameApplicationService
15:02:35.100 [FXGL Background Thread 3 ] DEBUG Engine               - class com.almasb.fxgl.app.services.FXGLDialogService
15:02:35.101 [FXGL Background Thread 3 ] DEBUG Engine               - class com.almasb.fxgl.app.services.IOTaskExecutorService
15:02:35.101 [FXGL Background Thread 3 ] DEBUG Engine               - class com.almasb.fxgl.event.EventBusService
15:02:35.101 [FXGL Background Thread 3 ] DEBUG Engine               - class com.almasb.fxgl.io.FileSystemService
15:02:35.101 [FXGL Background Thread 3 ] DEBUG Engine               - class com.almasb.fxgl.localization.LocalizationService
15:02:35.102 [FXGL Background Thread 3 ] DEBUG Engine               - class com.almasb.fxgl.app.services.SystemBundleService
15:02:35.102 [FXGL Background Thread 3 ] DEBUG Engine               - class com.almasb.fxgl.profile.SaveLoadService
15:02:35.102 [FXGL Background Thread 3 ] DEBUG Engine               - class com.almasb.fxgl.ui.FXGLUIFactoryServiceProvider
15:02:35.102 [FXGL Background Thread 3 ] DEBUG Engine               - class com.almasb.fxgl.ui.FXGLDialogFactoryServiceProvider
15:02:35.103 [FXGL Background Thread 3 ] DEBUG Engine               - class com.almasb.fxgl.audio.AudioPlayer
15:02:35.103 [FXGL Background Thread 3 ] DEBUG Engine               - class com.almasb.fxgl.notification.impl.NotificationServiceProvider
15:02:35.103 [FXGL Background Thread 3 ] DEBUG Engine               - class com.almasb.fxgl.achievement.AchievementService
15:02:35.103 [FXGL Background Thread 3 ] DEBUG Engine               - class com.almasb.fxgl.cutscene.CutsceneService
15:02:35.104 [FXGL Background Thread 3 ] DEBUG Engine               - class com.almasb.fxgl.minigames.MiniGameService
15:02:35.104 [FXGL Background Thread 3 ] DEBUG Engine               - class com.almasb.fxgl.net.NetService
15:02:35.104 [FXGL Background Thread 3 ] DEBUG Engine               - class com.almasb.fxgl.app.services.UpdaterService
15:02:35.105 [FXGL Background Thread 3 ] DEBUG Engine               - class com.almasb.fxgl.dev.DevService
15:02:36.567 [JavaFX Application Thread] DEBUG FXGLApplication      - Exiting FXGL
15:02:36.568 [JavaFX Application Thread] DEBUG LoopRunner           - Stopping loop
15:02:36.568 [JavaFX Application Thread] DEBUG SystemBundleService  - Saving FXGL system data
15:02:36.573 [JavaFX Application Thread] DEBUG FileSystemAccess     - Writing to: C:\Users\jfran\OneDrive - Hogeschool Leiden\IPOSE-Maven\system\fxgl.bundle
15:02:36.577 [JavaFX Application Thread] DEBUG Async                - Shutting down background threads
15:02:36.577 [JavaFX Application Thread] DEBUG PrimaryStageWindow   - Closing main window
15:02:36.627 [JavaFX Application Thread] DEBUG Logger               - Closing Logger
