11:52:51.978 [main                     ] DEBUG Logger               - Configured Logger
11:52:52.006 [main                     ] DEBUG GameApplication      - Logging settings
Title: Demo game
Version: 1.2
Width: 1050
Height: 700
Fullscreen: false
Intro: false
Profiling: false
Single step:false
App Mode: DEVELOPER
Menu Key: ESCAPE
Stage Style: DECORATED
Scene Factory: class com.almasb.fxgl.app.scene.SceneFactory

11:52:52.414 [JavaFX Application Thread] DEBUG FXGLApplication      - Initializing FXGL
11:52:52.416 [JavaFX Application Thread] INFO  Engine               - FXGL-11.14 (01.03.2021 16.59) on WINDOWS (J:15.0.2 FX:15)
11:52:52.417 [JavaFX Application Thread] DEBUG Engine               - JRE Vendor Name: Amazon.com Inc.
11:52:52.417 [JavaFX Application Thread] DEBUG Engine               - Running on OS: Windows 10 version 10.0
11:52:52.418 [JavaFX Application Thread] DEBUG Engine               - Architecture: amd64
11:52:52.418 [JavaFX Application Thread] INFO  Engine               - Source code and latest versions at: https://github.com/AlmasB/FXGL
11:52:52.418 [JavaFX Application Thread] INFO  Engine               -              Join the FXGL chat at: https://gitter.im/AlmasB/FXGL
11:52:52.536 [JavaFX Application Thread] DEBUG PrimaryStageWindow   - Creating a JavaFX scene
11:52:52.536 [JavaFX Application Thread] DEBUG PrimaryStageWindow   - Target size > screen size
11:52:52.594 [JavaFX Application Thread] DEBUG PrimaryStageWindow   - Target settings size: 1050.0 x 700.0
11:52:52.595 [JavaFX Application Thread] DEBUG PrimaryStageWindow   - Scaled scene size:    983.0 x 672.0
11:52:52.595 [JavaFX Application Thread] DEBUG PrimaryStageWindow   - Scaled ratio: (0.9361904761904762, 0.96)
11:52:52.596 [JavaFX Application Thread] DEBUG PrimaryStageWindow   - Set initial scene to FXGLStartupScene
11:52:52.607 [JavaFX Application Thread] DEBUG PrimaryStageWindow   - Opening main window
11:52:52.708 [JavaFX Application Thread] DEBUG PrimaryStageWindow   - Window border size: (15.0, 37.33331298828125)
11:52:52.708 [JavaFX Application Thread] DEBUG PrimaryStageWindow   - Scaled size: 983.0 x 672.0
11:52:52.709 [JavaFX Application Thread] DEBUG PrimaryStageWindow   - Scaled ratio: (0.9361904761904762, 0.96)
11:52:52.709 [JavaFX Application Thread] DEBUG PrimaryStageWindow   - Scene size: 983.0 x 672.0
11:52:52.710 [JavaFX Application Thread] DEBUG PrimaryStageWindow   - Stage size: 998.0 x 709.3333129882812
11:52:52.722 [FXGL Background Thread 1 ] DEBUG Engine               - Initializing environment variables
11:52:52.773 [FXGL Background Thread 1 ] DEBUG FXGLAssetLoaderServi - User app class for loading assets: class Game
11:52:52.774 [FXGL Background Thread 1 ] DEBUG GameApplicationServi - Applying CSS: fxgl_dark.css
11:52:52.775 [FXGL Background Thread 1 ] DEBUG FXGLAssetLoaderServi - Loading from file system: jar:file:/C:/Users/plane/.m2/repository/com/github/almasb/fxgl/11.14/fxgl-11.14.jar!/fxglassets/ui/css/fxgl_dark.css
11:52:52.868 [FXGL Background Thread 1 ] DEBUG GameApplicationServi - Initializing application scenes
11:52:52.927 [FXGL Background Thread 1 ] DEBUG GameWorld            - Game world initialized
11:52:52.998 [FXGL Background Thread 1 ] DEBUG PhysicsWorld         - Physics world initialized: appHeight=700, physics.ppm=50,0
11:52:53.000 [FXGL Background Thread 1 ] DEBUG PhysicsWorld         - Using strategy: BRUTE_FORCE
11:52:53.004 [FXGL Background Thread 1 ] DEBUG GameScene            - Game scene initialized: 1050x700
11:52:53.050 [FXGL Background Thread 1 ] DEBUG FXGLAssetLoaderServi - Loading from file system: jar:file:/C:/Users/plane/.m2/repository/com/github/almasb/fxgl/11.14/fxgl-11.14.jar!/fxglassets/textures/particles/trace_horizontal.png
11:52:53.096 [FXGL Background Thread 1 ] DEBUG FXGL.DefaultMenu     - createMenuBodyGameMenu()
11:52:53.109 [FXGL Background Thread 1 ] DEBUG FXGL.DefaultMenu     - createOptionsMenu()
11:52:53.115 [FXGL Background Thread 1 ] DEBUG FXGLAssetLoaderServi - Loading from file system: jar:file:/C:/Users/plane/.m2/repository/com/github/almasb/fxgl/11.14/fxgl-11.14.jar!/fxglassets/textures/particles/smoke.png
11:52:53.182 [FXGL Background Thread 1 ] DEBUG GameApplicationServi - Application scenes initialized
11:52:53.190 [FXGL Background Thread 1 ] DEBUG SystemBundleService  - Loading FXGL system data
11:52:53.194 [FXGL Background Thread 1 ] DEBUG FileSystemAccess     - Reading from: C:\Users\plane\IdeaProjects\IPOSE-Maven\system\fxgl.bundle
11:52:53.200 [FXGL Background Thread 1 ] DEBUG SystemBundleService  - Bundle FXGL: {}
11:52:53.201 [FXGL Background Thread 1 ] DEBUG UpdaterService       - Checking for updates
11:52:53.205 [FXGL Background Thread 4 ] DEBUG FXGLApplication      - Loading fonts
11:52:53.206 [FXGL Background Thread 1 ] DEBUG FXGLApplication      - Loading default localization
11:52:53.206 [FXGL Background Thread 4 ] DEBUG FXGLAssetLoaderServi - Loading from file system: jar:file:/C:/Users/plane/.m2/repository/com/github/almasb/fxgl/11.14/fxgl-11.14.jar!/fxglassets/ui/fonts/VarelaRound-Regular.ttf
11:52:53.207 [FXGL Background Thread 1 ] DEBUG FXGLAssetLoaderServi - Loading from file system: jar:file:/C:/Users/plane/.m2/repository/com/github/almasb/fxgl/11.14/fxgl-11.14.jar!/fxglassets/languages/english.lang
11:52:53.225 [FXGL Background Thread 1 ] INFO  FXGLApplication      - FXGL initialization took: 0,503 sec
11:52:53.235 [JavaFX Application Thread] DEBUG Input                - Registered new binding: Left - A
11:52:53.236 [JavaFX Application Thread] DEBUG Input                - Registered new binding: Right - D
11:52:53.236 [JavaFX Application Thread] DEBUG Input                - Registered new binding: Jump - W
11:52:53.237 [JavaFX Application Thread] DEBUG FXGLAssetLoaderServi - Loading from file system: jar:file:/C:/Users/plane/.m2/repository/com/github/almasb/fxgl/11.14/fxgl-11.14.jar!/fxglassets/textures/fxgl_icon.png
11:52:53.260 [JavaFX Application Thread] DEBUG FXGLAssetLoaderServi - Loading from file system: jar:file:/C:/Users/plane/.m2/repository/com/github/almasb/fxgl/11.14/fxgl-11.14.jar!/fxglassets/ui/cursors/fxgl_default.png
11:52:53.263 [JavaFX Application Thread] DEBUG Input                - Registered new binding: Screenshot - P
11:52:53.264 [JavaFX Application Thread] DEBUG Input                - Registered new binding: System info dump - CTRL+9
11:52:53.264 [JavaFX Application Thread] DEBUG Input                - Registered new binding: Restart - CTRL+R
11:52:53.266 [JavaFX Application Thread] DEBUG Input                - Registered new binding: Toggle Debug Camera - CTRL+C
11:52:53.269 [JavaFX Application Thread] DEBUG LoopRunner           - Starting loop
11:52:53.270 [JavaFX Application Thread] DEBUG LoopRunner           - Initializing JavaFX AnimationTimerLoop
11:52:53.271 [JavaFX Application Thread] DEBUG GameApplicationServi - Starting new game
11:52:53.272 [JavaFX Application Thread] DEBUG Input                - Clearing active input actions
11:52:53.285 [JavaFX Application Thread] DEBUG GameApplicationServi - Removing overlay from FXGLStartupScene and adding to FXGLLoadingScene
11:52:53.286 [JavaFX Application Thread] DEBUG PrimaryStageWindow   - FXGLStartupScene -> FXGLLoadingScene
11:52:53.287 [JavaFX Application Thread] DEBUG GameApplicationServi - Clearing previous game
11:52:53.287 [JavaFX Application Thread] DEBUG GameScene            - Clearing game scene
11:52:53.287 [JavaFX Application Thread] DEBUG GameWorld            - Clearing game world
11:52:53.287 [FXGL Background Thread 4 ] DEBUG FXGLAssetLoaderServi - Loading from file system: jar:file:/C:/Users/plane/.m2/repository/com/github/almasb/fxgl/11.14/fxgl-11.14.jar!/fxglassets/ui/fonts/Abel-Regular.ttf
11:52:53.287 [JavaFX Application Thread] DEBUG PhysicsWorld         - Clearing physics world
11:52:53.290 [FXGL Background Thread 1 ] DEBUG FXGLApplication      - Initializing game
11:52:53.303 [FXGL Background Thread 4 ] DEBUG FXGLAssetLoaderServi - Loading from file system: jar:file:/C:/Users/plane/.m2/repository/com/github/almasb/fxgl/11.14/fxgl-11.14.jar!/fxglassets/ui/fonts/lucida_console.ttf
11:52:53.318 [FXGL Background Thread 4 ] DEBUG FXGLAssetLoaderServi - Loading from file system: jar:file:/C:/Users/plane/.m2/repository/com/github/almasb/fxgl/11.14/fxgl-11.14.jar!/fxglassets/ui/fonts/Courier-Prime.ttf
11:52:53.335 [FXGL Background Thread 1 ] WARN  TMXLevelLoader       - TiledMap generated from 1.0.1. Supported version: 1.2.3. Some features may not be parsed fully.
11:52:53.345 [FXGL Background Thread 1 ] DEBUG TMXLevelLoader       - Parsed raw map: TiledMap(width=15, height=10, tilewidth=70, tileheight=70, orientation=orthogonal, layers=[Layer(width=15, height=10, name=Tile Layer 1, type=tilelayer, visible=false, x=0, y=0, data=[153, 0, 0, 0, 0, 0, 0, 0, 0, 0, 0, 0, 0, 0, 0, 153, 2, 0, 0, 69, 57, 45, 0, 0, 0, 0, 0, 0, 0, 0, 153, 10, 0, 0, 0, 0, 0, 0, 0, 0, 0, 0, 0, 0, 0, 153, 153, 0, 0, 0, 0, 0, 0, 15, 3, 3, 27, 0, 0, 0, 153, 153, 0, 0, 0, 0, 0, 0, 0, 0, 0, 0, 0, 0, 0, 153, 153, 0, 0, 0, 0, 0, 0, 0, 0, 0, 0, 0, 0, 116, 153, 153, 0, 0, 0, 0, 0, 0, 15, 3, 3, 27, 0, 116, 153, 153, 153, 0, 0, 69, 81, 57, 0, 0, 0, 0, 0, 0, 153, 153, 153, 153, 0, 0, 0, 0, 0, 0, 0, 0, 0, 0, 0, 153, 153, 153, 153, 10, 105, 0, 0, 0, 129, 105, 0, 0, 0, 129, 153, 153], objects=[], opacity=0.0, draworder=), Layer(width=0, height=0, name=Object Layer 1, type=objectgroup, visible=false, x=0, y=0, data=[], objects=[com.almasb.fxgl.entity.level.tiled.TiledObject@3f2bd9b3, com.almasb.fxgl.entity.level.tiled.TiledObject@5db1129c, com.almasb.fxgl.entity.level.tiled.TiledObject@7a0cbf9d, com.almasb.fxgl.entity.level.tiled.TiledObject@78d0160c, com.almasb.fxgl.entity.level.tiled.TiledObject@1957aee4, com.almasb.fxgl.entity.level.tiled.TiledObject@4ca76aa0, com.almasb.fxgl.entity.level.tiled.TiledObject@5348c4fe, com.almasb.fxgl.entity.level.tiled.TiledObject@2b50d8ed, com.almasb.fxgl.entity.level.tiled.TiledObject@f5473ed, com.almasb.fxgl.entity.level.tiled.TiledObject@78d1eacd, com.almasb.fxgl.entity.level.tiled.TiledObject@6dabbe1d, com.almasb.fxgl.entity.level.tiled.TiledObject@409194f5, com.almasb.fxgl.entity.level.tiled.TiledObject@6cf65c11, com.almasb.fxgl.entity.level.tiled.TiledObject@1b8654c0, com.almasb.fxgl.entity.level.tiled.TiledObject@2bed4afb, com.almasb.fxgl.entity.level.tiled.TiledObject@6797554f, com.almasb.fxgl.entity.level.tiled.TiledObject@395f8b78, com.almasb.fxgl.entity.level.tiled.TiledObject@10d6f8c7, com.almasb.fxgl.entity.level.tiled.TiledObject@51adc2b4], opacity=0.0, draworder=)], tilesets=[Tileset(firstgid=1, image=tiles_spritesheet.png, name=tiles_spritesheet, tilewidth=70, tileheight=70, imagewidth=914, imageheight=936, margin=0, spacing=2, columns=12, tilecount=156, transparentcolor=, tiles=[])], backgroundcolor=, renderorder=right-down, nextobjectid=20, version=1, tiledversion=1.0.1, type=map, infinite=false, hexsidelength=0, staggeraxis=, staggerindex=, properties={}, propertytypes={})
11:52:53.348 [FXGL Background Thread 1 ] DEBUG TMXLevelLoader       - Creating tile layer entities
11:52:53.349 [FXGL Background Thread 1 ] DEBUG TilesetLoader        - Loading view for layer Tile Layer 1
11:52:53.351 [JavaFX Application Thread] DEBUG FXGLApplication      - Registering font factories with UI factory
11:52:53.351 [FXGL Background Thread 1 ] DEBUG TilesetLoader        - Created buffer with size 1050.0x700.0
11:52:53.416 [FXGL Background Thread 1 ] DEBUG TilesetLoader        - Writing to buffer: dst=0,0, w=70,h=70, src=576,864
11:52:53.417 [FXGL Background Thread 1 ] DEBUG TilesetLoader        - Writing to buffer: dst=0,70, w=70,h=70, src=576,864
11:52:53.417 [FXGL Background Thread 1 ] DEBUG TilesetLoader        - Writing to buffer: dst=70,70, w=70,h=70, src=72,0
11:52:53.418 [FXGL Background Thread 1 ] DEBUG TilesetLoader        - Writing to buffer: dst=280,70, w=70,h=70, src=576,360
11:52:53.418 [FXGL Background Thread 1 ] DEBUG TilesetLoader        - Writing to buffer: dst=350,70, w=70,h=70, src=576,288
11:52:53.419 [FXGL Background Thread 1 ] DEBUG TilesetLoader        - Writing to buffer: dst=420,70, w=70,h=70, src=576,216
11:52:53.419 [FXGL Background Thread 1 ] DEBUG TilesetLoader        - Writing to buffer: dst=0,140, w=70,h=70, src=576,864
11:52:53.420 [FXGL Background Thread 1 ] DEBUG TilesetLoader        - Writing to buffer: dst=70,140, w=70,h=70, src=648,0
11:52:53.420 [FXGL Background Thread 1 ] DEBUG TilesetLoader        - Writing to buffer: dst=0,210, w=70,h=70, src=576,864
11:52:53.420 [FXGL Background Thread 1 ] DEBUG TilesetLoader        - Writing to buffer: dst=70,210, w=70,h=70, src=576,864
11:52:53.421 [FXGL Background Thread 1 ] DEBUG TilesetLoader        - Writing to buffer: dst=560,210, w=70,h=70, src=144,72
11:52:53.421 [FXGL Background Thread 1 ] DEBUG TilesetLoader        - Writing to buffer: dst=630,210, w=70,h=70, src=144,0
11:52:53.421 [FXGL Background Thread 1 ] DEBUG TilesetLoader        - Writing to buffer: dst=700,210, w=70,h=70, src=144,0
11:52:53.422 [FXGL Background Thread 1 ] DEBUG TilesetLoader        - Writing to buffer: dst=770,210, w=70,h=70, src=144,144
11:52:53.422 [FXGL Background Thread 1 ] DEBUG TilesetLoader        - Writing to buffer: dst=0,280, w=70,h=70, src=576,864
11:52:53.423 [FXGL Background Thread 1 ] DEBUG TilesetLoader        - Writing to buffer: dst=70,280, w=70,h=70, src=576,864
11:52:53.424 [FXGL Background Thread 1 ] DEBUG TilesetLoader        - Writing to buffer: dst=0,350, w=70,h=70, src=576,864
11:52:53.424 [FXGL Background Thread 1 ] DEBUG TilesetLoader        - Writing to buffer: dst=70,350, w=70,h=70, src=576,864
11:52:53.424 [FXGL Background Thread 1 ] DEBUG TilesetLoader        - Writing to buffer: dst=980,350, w=70,h=70, src=504,648
11:52:53.425 [FXGL Background Thread 1 ] DEBUG TilesetLoader        - Writing to buffer: dst=0,420, w=70,h=70, src=576,864
11:52:53.425 [FXGL Background Thread 1 ] DEBUG TilesetLoader        - Writing to buffer: dst=70,420, w=70,h=70, src=576,864
11:52:53.426 [FXGL Background Thread 1 ] DEBUG TilesetLoader        - Writing to buffer: dst=560,420, w=70,h=70, src=144,72
11:52:53.426 [FXGL Background Thread 1 ] DEBUG TilesetLoader        - Writing to buffer: dst=630,420, w=70,h=70, src=144,0
11:52:53.426 [FXGL Background Thread 1 ] DEBUG TilesetLoader        - Writing to buffer: dst=700,420, w=70,h=70, src=144,0
11:52:53.427 [FXGL Background Thread 1 ] DEBUG TilesetLoader        - Writing to buffer: dst=770,420, w=70,h=70, src=144,144
11:52:53.427 [FXGL Background Thread 1 ] DEBUG TilesetLoader        - Writing to buffer: dst=910,420, w=70,h=70, src=504,648
11:52:53.428 [FXGL Background Thread 1 ] DEBUG TilesetLoader        - Writing to buffer: dst=980,420, w=70,h=70, src=576,864
11:52:53.428 [FXGL Background Thread 1 ] DEBUG TilesetLoader        - Writing to buffer: dst=0,490, w=70,h=70, src=576,864
11:52:53.429 [FXGL Background Thread 1 ] DEBUG TilesetLoader        - Writing to buffer: dst=70,490, w=70,h=70, src=576,864
11:52:53.429 [FXGL Background Thread 1 ] DEBUG TilesetLoader        - Writing to buffer: dst=280,490, w=70,h=70, src=576,360
11:52:53.430 [FXGL Background Thread 1 ] DEBUG TilesetLoader        - Writing to buffer: dst=350,490, w=70,h=70, src=576,432
11:52:53.431 [FXGL Background Thread 1 ] DEBUG TilesetLoader        - Writing to buffer: dst=420,490, w=70,h=70, src=576,288
11:52:53.431 [FXGL Background Thread 1 ] DEBUG TilesetLoader        - Writing to buffer: dst=910,490, w=70,h=70, src=576,864
11:52:53.431 [FXGL Background Thread 1 ] DEBUG TilesetLoader        - Writing to buffer: dst=980,490, w=70,h=70, src=576,864
11:52:53.431 [FXGL Background Thread 1 ] DEBUG TilesetLoader        - Writing to buffer: dst=0,560, w=70,h=70, src=576,864
11:52:53.432 [FXGL Background Thread 1 ] DEBUG TilesetLoader        - Writing to buffer: dst=70,560, w=70,h=70, src=576,864
11:52:53.432 [FXGL Background Thread 1 ] DEBUG TilesetLoader        - Writing to buffer: dst=910,560, w=70,h=70, src=576,864
11:52:53.432 [FXGL Background Thread 1 ] DEBUG TilesetLoader        - Writing to buffer: dst=980,560, w=70,h=70, src=576,864
11:52:53.433 [FXGL Background Thread 1 ] DEBUG TilesetLoader        - Writing to buffer: dst=0,630, w=70,h=70, src=576,864
11:52:53.433 [FXGL Background Thread 1 ] DEBUG TilesetLoader        - Writing to buffer: dst=70,630, w=70,h=70, src=576,864
11:52:53.433 [FXGL Background Thread 1 ] DEBUG TilesetLoader        - Writing to buffer: dst=140,630, w=70,h=70, src=648,0
11:52:53.434 [FXGL Background Thread 1 ] DEBUG TilesetLoader        - Writing to buffer: dst=210,630, w=70,h=70, src=576,576
11:52:53.434 [FXGL Background Thread 1 ] DEBUG TilesetLoader        - Writing to buffer: dst=490,630, w=70,h=70, src=576,720
11:52:53.434 [FXGL Background Thread 1 ] DEBUG TilesetLoader        - Writing to buffer: dst=560,630, w=70,h=70, src=576,576
11:52:53.435 [FXGL Background Thread 1 ] DEBUG TilesetLoader        - Writing to buffer: dst=840,630, w=70,h=70, src=576,720
11:52:53.435 [FXGL Background Thread 1 ] DEBUG TilesetLoader        - Writing to buffer: dst=910,630, w=70,h=70, src=576,864
11:52:53.435 [FXGL Background Thread 1 ] DEBUG TilesetLoader        - Writing to buffer: dst=980,630, w=70,h=70, src=576,864
11:52:53.437 [FXGL Background Thread 1 ] DEBUG TMXLevelLoader       - Creating object layer entities
11:52:53.485 [FXGL Background Thread 1 ] DEBUG GameWorld            - Clearing removable entities
11:52:53.486 [FXGL Background Thread 1 ] DEBUG GameWorld            - Setting level: com.almasb.fxgl.entity.level.Level@12d35554
11:52:53.503 [FXGL Background Thread 1 ] DEBUG FXGLAssetLoaderServi - Loading from file system: file:/C:/Users/plane/IdeaProjects/IPOSE-Maven/target/classes/assets/textures/girl.png
11:52:53.516 [FXGL Background Thread 1 ] INFO  FXGLApplication      - Game initialization took: 0,226 sec
11:52:53.519 [JavaFX Application Thread] DEBUG Input                - Clearing active input actions
11:52:53.538 [JavaFX Application Thread] DEBUG GameApplicationServi - Removing overlay from FXGLLoadingScene and adding to GameScene
11:52:53.539 [JavaFX Application Thread] DEBUG PrimaryStageWindow   - FXGLLoadingScene -> GameScene
11:52:53.737 [FXGL Background Thread 2 ] INFO  UpdaterService       - Your current version:  11.14
11:52:53.738 [FXGL Background Thread 2 ] INFO  UpdaterService       - Latest stable version: 17.1
11:52:56.204 [FXGL Background Thread 3 ] DEBUG Engine               - Logging environment variables
11:52:56.204 [FXGL Background Thread 3 ] DEBUG Engine               - achievements: []
11:52:56.205 [FXGL Background Thread 3 ] DEBUG Engine               - actualHeight: 672.0
11:52:56.205 [FXGL Background Thread 3 ] DEBUG Engine               - actualHeightProperty: ReadOnlyDoubleProperty [value: 672.0]
11:52:56.206 [FXGL Background Thread 3 ] DEBUG Engine               - actualWidth: 983.0
11:52:56.206 [FXGL Background Thread 3 ] DEBUG Engine               - actualWidthProperty: ReadOnlyDoubleProperty [value: 983.0]
11:52:56.206 [FXGL Background Thread 3 ] DEBUG Engine               - appIcon: fxgl_icon.png
11:52:56.206 [FXGL Background Thread 3 ] DEBUG Engine               - applicationMode: DEVELOPER
11:52:56.207 [FXGL Background Thread 3 ] DEBUG Engine               - cSSList: [fxgl_dark.css]
11:52:56.207 [FXGL Background Thread 3 ] DEBUG Engine               - collisionDetectionStrategy: BRUTE_FORCE
11:52:56.207 [FXGL Background Thread 3 ] DEBUG Engine               - configClass: Optional.empty
11:52:56.208 [FXGL Background Thread 3 ] DEBUG Engine               - credits: []
11:52:56.208 [FXGL Background Thread 3 ] DEBUG Engine               - devBBoxColorProperty: ObjectProperty [value: 0xff0000ff]
11:52:56.209 [FXGL Background Thread 3 ] DEBUG Engine               - devEnableDebugCameraProperty: BooleanProperty [value: false]
11:52:56.209 [FXGL Background Thread 3 ] DEBUG Engine               - devSensorColorProperty: ObjectProperty [value: 0xffff00ff]
11:52:56.209 [FXGL Background Thread 3 ] DEBUG Engine               - devShowBBoxProperty: BooleanProperty [value: false]
11:52:56.210 [FXGL Background Thread 3 ] DEBUG Engine               - devShowPositionProperty: BooleanProperty [value: false]
11:52:56.210 [FXGL Background Thread 3 ] DEBUG Engine               - enabledMenuItems: []
11:52:56.210 [FXGL Background Thread 3 ] DEBUG Engine               - engineServices: [class com.almasb.fxgl.app.services.FXGLAssetLoaderService, class com.almasb.fxgl.app.FXGLApplication$GameApplicationService, class com.almasb.fxgl.app.services.FXGLDialogService, class com.almasb.fxgl.app.services.IOTaskExecutorService, class com.almasb.fxgl.event.EventBusService, class com.almasb.fxgl.io.FileSystemService, class com.almasb.fxgl.localization.LocalizationService, class com.almasb.fxgl.app.services.SystemBundleService, class com.almasb.fxgl.profile.SaveLoadService, class com.almasb.fxgl.ui.FXGLUIFactoryServiceProvider, class com.almasb.fxgl.ui.FXGLDialogFactoryServiceProvider, class com.almasb.fxgl.audio.AudioPlayer, class com.almasb.fxgl.notification.impl.NotificationServiceProvider, class com.almasb.fxgl.achievement.AchievementService, class com.almasb.fxgl.cutscene.CutsceneService, class com.almasb.fxgl.minigames.MiniGameService, class com.almasb.fxgl.net.NetService, class com.almasb.fxgl.app.services.UpdaterService, class com.almasb.fxgl.dev.DevService]
11:52:56.210 [FXGL Background Thread 3 ] DEBUG Engine               - fontGame: Abel-Regular.ttf
11:52:56.210 [FXGL Background Thread 3 ] DEBUG Engine               - fontMono: lucida_console.ttf
11:52:56.211 [FXGL Background Thread 3 ] DEBUG Engine               - fontText: Courier-Prime.ttf
11:52:56.211 [FXGL Background Thread 3 ] DEBUG Engine               - fontUI: VarelaRound-Regular.ttf
11:52:56.212 [FXGL Background Thread 3 ] DEBUG Engine               - fullScreen: BooleanProperty [value: false]
11:52:56.212 [FXGL Background Thread 3 ] DEBUG Engine               - gameDifficulty: MEDIUM
11:52:56.213 [FXGL Background Thread 3 ] DEBUG Engine               - gameDifficultyProperty: ObjectProperty [value: MEDIUM]
11:52:56.213 [FXGL Background Thread 3 ] DEBUG Engine               - globalMusicVolume: 0.5
11:52:56.214 [FXGL Background Thread 3 ] DEBUG Engine               - globalMusicVolumeProperty: DoubleProperty [value: 0.5]
11:52:56.214 [FXGL Background Thread 3 ] DEBUG Engine               - globalSoundVolume: 0.5
11:52:56.214 [FXGL Background Thread 3 ] DEBUG Engine               - globalSoundVolumeProperty: DoubleProperty [value: 0.5]
11:52:56.214 [FXGL Background Thread 3 ] DEBUG Engine               - height: 700
11:52:56.214 [FXGL Background Thread 3 ] DEBUG Engine               - isAndroid: false
11:52:56.214 [FXGL Background Thread 3 ] DEBUG Engine               - isBrowser: false
11:52:56.215 [FXGL Background Thread 3 ] DEBUG Engine               - isClickFeedbackEnabled: false
11:52:56.215 [FXGL Background Thread 3 ] DEBUG Engine               - isCloseConfirmation: false
11:52:56.215 [FXGL Background Thread 3 ] DEBUG Engine               - isDesktop: true
11:52:56.215 [FXGL Background Thread 3 ] DEBUG Engine               - isDeveloperMenuEnabled: false
11:52:56.215 [FXGL Background Thread 3 ] DEBUG Engine               - isEntityPreloadEnabled: true
11:52:56.216 [FXGL Background Thread 3 ] DEBUG Engine               - isExperimental3D: false
11:52:56.216 [FXGL Background Thread 3 ] DEBUG Engine               - isExperimentalNative: false
11:52:56.217 [FXGL Background Thread 3 ] DEBUG Engine               - isExperimentalTiledLargeMap: false
11:52:56.217 [FXGL Background Thread 3 ] DEBUG Engine               - isFileSystemWriteAllowed: true
11:52:56.218 [FXGL Background Thread 3 ] DEBUG Engine               - isFullScreenAllowed: false
11:52:56.218 [FXGL Background Thread 3 ] DEBUG Engine               - isFullScreenFromStart: false
11:52:56.218 [FXGL Background Thread 3 ] DEBUG Engine               - isGameMenuEnabled: true
11:52:56.218 [FXGL Background Thread 3 ] DEBUG Engine               - isIOS: false
11:52:56.219 [FXGL Background Thread 3 ] DEBUG Engine               - isIntroEnabled: false
11:52:56.219 [FXGL Background Thread 3 ] DEBUG Engine               - isLinux: false
11:52:56.219 [FXGL Background Thread 3 ] DEBUG Engine               - isMac: false
11:52:56.219 [FXGL Background Thread 3 ] DEBUG Engine               - isMainMenuEnabled: false
11:52:56.219 [FXGL Background Thread 3 ] DEBUG Engine               - isManualResizeEnabled: false
11:52:56.219 [FXGL Background Thread 3 ] DEBUG Engine               - isMobile: false
11:52:56.219 [FXGL Background Thread 3 ] DEBUG Engine               - isPreserveResizeRatio: false
11:52:56.219 [FXGL Background Thread 3 ] DEBUG Engine               - isProfilingEnabled: false
11:52:56.219 [FXGL Background Thread 3 ] DEBUG Engine               - isScaleAffectedOnResize: true
11:52:56.220 [FXGL Background Thread 3 ] DEBUG Engine               - isSingleStep: false
11:52:56.220 [FXGL Background Thread 3 ] DEBUG Engine               - isUserProfileEnabled: false
11:52:56.220 [FXGL Background Thread 3 ] DEBUG Engine               - isWindows: true
11:52:56.220 [FXGL Background Thread 3 ] DEBUG Engine               - language: ObjectProperty [value: ENGLISH]
11:52:56.220 [FXGL Background Thread 3 ] DEBUG Engine               - menuKey: ESCAPE
11:52:56.220 [FXGL Background Thread 3 ] DEBUG Engine               - notificationViewClass: class com.almasb.fxgl.notification.view.XboxNotificationView
11:52:56.221 [FXGL Background Thread 3 ] DEBUG Engine               - pixelsPerMeter: 50.0
11:52:56.221 [FXGL Background Thread 3 ] DEBUG Engine               - platform: WINDOWS
11:52:56.221 [FXGL Background Thread 3 ] DEBUG Engine               - prefHeightProperty: ReadOnlyDoubleProperty [value: 700.0]
11:52:56.221 [FXGL Background Thread 3 ] DEBUG Engine               - prefWidthProperty: ReadOnlyDoubleProperty [value: 1050.0]
11:52:56.221 [FXGL Background Thread 3 ] DEBUG Engine               - profileDir: profiles/
11:52:56.221 [FXGL Background Thread 3 ] DEBUG Engine               - profileName: StringProperty [value: DEFAULT]
11:52:56.222 [FXGL Background Thread 3 ] DEBUG Engine               - randomSeed: -1
11:52:56.222 [FXGL Background Thread 3 ] DEBUG Engine               - runtimeInfo: RuntimeInfo(platform=WINDOWS, version=11.14, build=01.03.2021 16.59)
11:52:56.222 [FXGL Background Thread 3 ] DEBUG Engine               - saveFileExt: sav
11:52:56.222 [FXGL Background Thread 3 ] DEBUG Engine               - scaledHeightProp$fxgl: DoubleProperty [bound, value: 672.0]
11:52:56.222 [FXGL Background Thread 3 ] DEBUG Engine               - scaledWidthProp$fxgl: DoubleProperty [bound, value: 983.0]
11:52:56.223 [FXGL Background Thread 3 ] DEBUG Engine               - sceneFactory: com.almasb.fxgl.app.scene.SceneFactory@69a05471
11:52:56.223 [FXGL Background Thread 3 ] DEBUG Engine               - secondsIn24h: 60
11:52:56.223 [FXGL Background Thread 3 ] DEBUG Engine               - soundMenuBack: menu/back.wav
11:52:56.223 [FXGL Background Thread 3 ] DEBUG Engine               - soundMenuPress: menu/press.wav
11:52:56.223 [FXGL Background Thread 3 ] DEBUG Engine               - soundMenuSelect: menu/select.wav
11:52:56.224 [FXGL Background Thread 3 ] DEBUG Engine               - soundNotification: core/notification.wav
11:52:56.224 [FXGL Background Thread 3 ] DEBUG Engine               - stageStyle: DECORATED
11:52:56.224 [FXGL Background Thread 3 ] DEBUG Engine               - supportedLanguages: [ENGLISH, FRENCH, GERMAN, HUNGARIAN, RUSSIAN]
11:52:56.224 [FXGL Background Thread 3 ] DEBUG Engine               - ticksPerSecond: -1
11:52:56.224 [FXGL Background Thread 3 ] DEBUG Engine               - title: Demo game
11:52:56.224 [FXGL Background Thread 3 ] DEBUG Engine               - urlGithub: https://github.com/AlmasB/FXGL
11:52:56.224 [FXGL Background Thread 3 ] DEBUG Engine               - urlLeaderboard: http://fxgl-top.herokuapp.com/
11:52:56.224 [FXGL Background Thread 3 ] DEBUG Engine               - urlPOM: https://raw.githubusercontent.com/AlmasB/FXGL/release/README.md
11:52:56.224 [FXGL Background Thread 3 ] DEBUG Engine               - userAppClass: class Game
11:52:56.224 [FXGL Background Thread 3 ] DEBUG Engine               - version: 1.2
11:52:56.226 [FXGL Background Thread 3 ] DEBUG Engine               - versionCheckDays: 7
11:52:56.226 [FXGL Background Thread 3 ] DEBUG Engine               - width: 1050
11:52:56.226 [FXGL Background Thread 3 ] DEBUG Engine               - Logging services
11:52:56.226 [FXGL Background Thread 3 ] DEBUG Engine               - class com.almasb.fxgl.app.services.FXGLAssetLoaderService
11:52:56.226 [FXGL Background Thread 3 ] DEBUG Engine               - class com.almasb.fxgl.app.FXGLApplication$GameApplicationService
11:52:56.226 [FXGL Background Thread 3 ] DEBUG Engine               - class com.almasb.fxgl.app.services.FXGLDialogService
11:52:56.226 [FXGL Background Thread 3 ] DEBUG Engine               - class com.almasb.fxgl.app.services.IOTaskExecutorService
11:52:56.227 [FXGL Background Thread 3 ] DEBUG Engine               - class com.almasb.fxgl.event.EventBusService
11:52:56.227 [FXGL Background Thread 3 ] DEBUG Engine               - class com.almasb.fxgl.io.FileSystemService
11:52:56.227 [FXGL Background Thread 3 ] DEBUG Engine               - class com.almasb.fxgl.localization.LocalizationService
11:52:56.227 [FXGL Background Thread 3 ] DEBUG Engine               - class com.almasb.fxgl.app.services.SystemBundleService
11:52:56.227 [FXGL Background Thread 3 ] DEBUG Engine               - class com.almasb.fxgl.profile.SaveLoadService
11:52:56.227 [FXGL Background Thread 3 ] DEBUG Engine               - class com.almasb.fxgl.ui.FXGLUIFactoryServiceProvider
11:52:56.227 [FXGL Background Thread 3 ] DEBUG Engine               - class com.almasb.fxgl.ui.FXGLDialogFactoryServiceProvider
11:52:56.227 [FXGL Background Thread 3 ] DEBUG Engine               - class com.almasb.fxgl.audio.AudioPlayer
11:52:56.228 [FXGL Background Thread 3 ] DEBUG Engine               - class com.almasb.fxgl.notification.impl.NotificationServiceProvider
11:52:56.228 [FXGL Background Thread 3 ] DEBUG Engine               - class com.almasb.fxgl.achievement.AchievementService
11:52:56.228 [FXGL Background Thread 3 ] DEBUG Engine               - class com.almasb.fxgl.cutscene.CutsceneService
11:52:56.229 [FXGL Background Thread 3 ] DEBUG Engine               - class com.almasb.fxgl.minigames.MiniGameService
11:52:56.229 [FXGL Background Thread 3 ] DEBUG Engine               - class com.almasb.fxgl.net.NetService
11:52:56.229 [FXGL Background Thread 3 ] DEBUG Engine               - class com.almasb.fxgl.app.services.UpdaterService
11:52:56.229 [FXGL Background Thread 3 ] DEBUG Engine               - class com.almasb.fxgl.dev.DevService
11:52:59.240 [JavaFX Application Thread] DEBUG FXGLApplication      - Exiting FXGL
11:52:59.241 [JavaFX Application Thread] DEBUG LoopRunner           - Stopping loop
11:52:59.241 [JavaFX Application Thread] DEBUG SystemBundleService  - Saving FXGL system data
11:52:59.245 [JavaFX Application Thread] DEBUG FileSystemAccess     - Writing to: C:\Users\plane\IdeaProjects\IPOSE-Maven\system\fxgl.bundle
11:52:59.247 [JavaFX Application Thread] DEBUG Async                - Shutting down background threads
11:52:59.248 [JavaFX Application Thread] DEBUG PrimaryStageWindow   - Closing main window
11:52:59.273 [JavaFX Application Thread] DEBUG Logger               - Closing Logger
