11:44:04.955 [main                     ] DEBUG Logger               - Configured Logger
11:44:04.969 [main                     ] DEBUG GameApplication      - Logging settings
Title: Demo game
Version: 1.2
Width: 1050
Height: 700
Fullscreen: false
Intro: false
Profiling: false
Single step:false
App Mode: DEVELOPER
Menu Key: ESCAPE
Stage Style: DECORATED
Scene Factory: class com.almasb.fxgl.app.scene.SceneFactory

11:44:05.254 [JavaFX Application Thread] DEBUG FXGLApplication      - Initializing FXGL
11:44:05.256 [JavaFX Application Thread] INFO  Engine               - FXGL-11.14 (01.03.2021 16.59) on MAC (J:15.0.2 FX:15)
11:44:05.256 [JavaFX Application Thread] DEBUG Engine               - JRE Vendor Name: Amazon.com Inc.
11:44:05.256 [JavaFX Application Thread] DEBUG Engine               - Running on OS: Mac OS X version 12.3
11:44:05.257 [JavaFX Application Thread] DEBUG Engine               - Architecture: x86_64
11:44:05.257 [JavaFX Application Thread] INFO  Engine               - Source code and latest versions at: https://github.com/AlmasB/FXGL
11:44:05.257 [JavaFX Application Thread] INFO  Engine               -              Join the FXGL chat at: https://gitter.im/AlmasB/FXGL
11:44:05.349 [JavaFX Application Thread] DEBUG PrimaryStageWindow   - Creating a JavaFX scene
11:44:05.386 [JavaFX Application Thread] DEBUG PrimaryStageWindow   - Target settings size: 1050.0 x 700.0
11:44:05.387 [JavaFX Application Thread] DEBUG PrimaryStageWindow   - Scaled scene size:    1050.0 x 700.0
11:44:05.387 [JavaFX Application Thread] DEBUG PrimaryStageWindow   - Scaled ratio: (1.0, 1.0)
11:44:05.388 [JavaFX Application Thread] DEBUG PrimaryStageWindow   - Set initial scene to FXGLStartupScene
11:44:05.393 [JavaFX Application Thread] DEBUG PrimaryStageWindow   - Opening main window
11:44:05.450 [JavaFX Application Thread] DEBUG PrimaryStageWindow   - Window border size: (0.0, 28.0)
11:44:05.450 [JavaFX Application Thread] DEBUG PrimaryStageWindow   - Scaled size: 1050.0 x 700.0
11:44:05.451 [JavaFX Application Thread] DEBUG PrimaryStageWindow   - Scaled ratio: (1.0, 1.0)
11:44:05.451 [JavaFX Application Thread] DEBUG PrimaryStageWindow   - Scene size: 1050.0 x 700.0
11:44:05.451 [JavaFX Application Thread] DEBUG PrimaryStageWindow   - Stage size: 1050.0 x 728.0
11:44:05.455 [FXGL Background Thread 1 ] DEBUG Engine               - Initializing environment variables
11:44:05.489 [FXGL Background Thread 1 ] DEBUG FXGLAssetLoaderServi - User app class for loading assets: class Game
11:44:05.489 [FXGL Background Thread 1 ] DEBUG GameApplicationServi - Applying CSS: fxgl_dark.css
11:44:05.490 [FXGL Background Thread 1 ] DEBUG FXGLAssetLoaderServi - Loading from file system: jar:file:/Users/merdanusta/.m2/repository/com/github/almasb/fxgl/11.14/fxgl-11.14.jar!/fxglassets/ui/css/fxgl_dark.css
11:44:05.535 [FXGL Background Thread 1 ] DEBUG GameApplicationServi - Initializing application scenes
11:44:05.745 [FXGL Background Thread 1 ] DEBUG GameWorld            - Game world initialized
11:44:05.778 [FXGL Background Thread 1 ] DEBUG PhysicsWorld         - Physics world initialized: appHeight=700, physics.ppm=50.0
11:44:05.778 [FXGL Background Thread 1 ] DEBUG PhysicsWorld         - Using strategy: BRUTE_FORCE
11:44:05.780 [FXGL Background Thread 1 ] DEBUG GameScene            - Game scene initialized: 1050x700
11:44:05.804 [FXGL Background Thread 1 ] DEBUG FXGLAssetLoaderServi - Loading from file system: jar:file:/Users/merdanusta/.m2/repository/com/github/almasb/fxgl/11.14/fxgl-11.14.jar!/fxglassets/textures/particles/trace_horizontal.png
11:44:05.851 [FXGL Background Thread 1 ] DEBUG FXGL.DefaultMenu     - createMenuBodyGameMenu()
11:44:05.862 [FXGL Background Thread 1 ] DEBUG FXGL.DefaultMenu     - createOptionsMenu()
11:44:05.867 [FXGL Background Thread 1 ] DEBUG FXGLAssetLoaderServi - Loading from file system: jar:file:/Users/merdanusta/.m2/repository/com/github/almasb/fxgl/11.14/fxgl-11.14.jar!/fxglassets/textures/particles/smoke.png
11:44:05.914 [FXGL Background Thread 1 ] DEBUG GameApplicationServi - Application scenes initialized
11:44:05.922 [FXGL Background Thread 1 ] DEBUG SystemBundleService  - Loading FXGL system data
11:44:05.925 [FXGL Background Thread 1 ] DEBUG FileSystemAccess     - Reading from: /Users/merdanusta/IdeaProjects/IPOSE-Maven/system/fxgl.bundle
11:44:05.931 [FXGL Background Thread 1 ] DEBUG SystemBundleService  - Bundle FXGL: {}
11:44:05.932 [FXGL Background Thread 1 ] DEBUG UpdaterService       - Checking for updates
11:44:05.935 [FXGL Background Thread 4 ] DEBUG FXGLApplication      - Loading fonts
11:44:05.936 [FXGL Background Thread 1 ] DEBUG FXGLApplication      - Loading default localization
11:44:05.937 [FXGL Background Thread 4 ] DEBUG FXGLAssetLoaderServi - Loading from file system: jar:file:/Users/merdanusta/.m2/repository/com/github/almasb/fxgl/11.14/fxgl-11.14.jar!/fxglassets/ui/fonts/VarelaRound-Regular.ttf
11:44:05.937 [FXGL Background Thread 1 ] DEBUG FXGLAssetLoaderServi - Loading from file system: jar:file:/Users/merdanusta/.m2/repository/com/github/almasb/fxgl/11.14/fxgl-11.14.jar!/fxglassets/languages/english.lang
11:44:05.949 [FXGL Background Thread 4 ] DEBUG FXGLAssetLoaderServi - Loading from file system: jar:file:/Users/merdanusta/.m2/repository/com/github/almasb/fxgl/11.14/fxgl-11.14.jar!/fxglassets/ui/fonts/Abel-Regular.ttf
11:44:05.950 [FXGL Background Thread 1 ] INFO  FXGLApplication      - FXGL initialization took: 0.494 sec
11:44:05.952 [FXGL Background Thread 4 ] DEBUG FXGLAssetLoaderServi - Loading from file system: jar:file:/Users/merdanusta/.m2/repository/com/github/almasb/fxgl/11.14/fxgl-11.14.jar!/fxglassets/ui/fonts/lucida_console.ttf
11:44:05.956 [FXGL Background Thread 4 ] DEBUG FXGLAssetLoaderServi - Loading from file system: jar:file:/Users/merdanusta/.m2/repository/com/github/almasb/fxgl/11.14/fxgl-11.14.jar!/fxglassets/ui/fonts/Courier-Prime.ttf
11:44:05.957 [JavaFX Application Thread] DEBUG Input                - Registered new binding: Left - A
11:44:05.958 [JavaFX Application Thread] DEBUG Input                - Registered new binding: Right - D
11:44:05.958 [JavaFX Application Thread] DEBUG Input                - Registered new binding: Jump - W
11:44:05.959 [JavaFX Application Thread] DEBUG FXGLAssetLoaderServi - Loading from file system: jar:file:/Users/merdanusta/.m2/repository/com/github/almasb/fxgl/11.14/fxgl-11.14.jar!/fxglassets/textures/fxgl_icon.png
11:44:05.978 [JavaFX Application Thread] DEBUG FXGLAssetLoaderServi - Loading from file system: jar:file:/Users/merdanusta/.m2/repository/com/github/almasb/fxgl/11.14/fxgl-11.14.jar!/fxglassets/ui/cursors/fxgl_default.png
11:44:05.980 [JavaFX Application Thread] DEBUG Input                - Registered new binding: Screenshot - P
11:44:05.980 [JavaFX Application Thread] DEBUG Input                - Registered new binding: System info dump - CTRL+9
11:44:05.981 [JavaFX Application Thread] DEBUG Input                - Registered new binding: Restart - CTRL+R
11:44:05.981 [JavaFX Application Thread] DEBUG Input                - Registered new binding: Toggle Debug Camera - CTRL+C
11:44:05.982 [JavaFX Application Thread] DEBUG LoopRunner           - Starting loop
11:44:05.983 [JavaFX Application Thread] DEBUG LoopRunner           - Initializing JavaFX AnimationTimerLoop
11:44:05.990 [JavaFX Application Thread] DEBUG GameApplicationServi - Starting new game
11:44:05.990 [JavaFX Application Thread] DEBUG Input                - Clearing active input actions
11:44:05.997 [JavaFX Application Thread] DEBUG GameApplicationServi - Removing overlay from FXGLStartupScene and adding to FXGLLoadingScene
11:44:05.997 [JavaFX Application Thread] DEBUG PrimaryStageWindow   - FXGLStartupScene -> FXGLLoadingScene
11:44:05.997 [JavaFX Application Thread] DEBUG GameApplicationServi - Clearing previous game
11:44:05.997 [JavaFX Application Thread] DEBUG GameScene            - Clearing game scene
11:44:05.998 [JavaFX Application Thread] DEBUG GameWorld            - Clearing game world
11:44:05.998 [JavaFX Application Thread] DEBUG PhysicsWorld         - Clearing physics world
11:44:05.999 [FXGL Background Thread 4 ] DEBUG FXGLApplication      - Initializing game
11:44:06.021 [JavaFX Application Thread] DEBUG FXGLApplication      - Registering font factories with UI factory
11:44:06.023 [FXGL Background Thread 4 ] WARN  TMXLevelLoader       - TiledMap generated from 1.0.1. Supported version: 1.2.3. Some features may not be parsed fully.
11:44:06.030 [FXGL Background Thread 4 ] DEBUG TMXLevelLoader       - Parsed raw map: TiledMap(width=15, height=10, tilewidth=70, tileheight=70, orientation=orthogonal, layers=[Layer(width=15, height=10, name=Tile Layer 1, type=tilelayer, visible=false, x=0, y=0, data=[153, 0, 0, 0, 0, 0, 0, 0, 0, 0, 0, 0, 0, 0, 0, 153, 2, 0, 0, 69, 57, 45, 0, 0, 0, 0, 0, 0, 0, 0, 153, 10, 0, 0, 0, 0, 0, 0, 0, 0, 0, 0, 0, 0, 0, 153, 153, 0, 0, 0, 0, 0, 0, 15, 3, 3, 27, 0, 0, 0, 153, 153, 0, 0, 0, 0, 0, 0, 0, 0, 0, 0, 0, 0, 0, 153, 153, 0, 0, 0, 0, 0, 0, 0, 0, 0, 0, 0, 0, 116, 153, 153, 0, 0, 0, 0, 0, 0, 15, 3, 3, 27, 0, 116, 153, 153, 153, 0, 0, 69, 81, 57, 0, 0, 0, 0, 0, 0, 153, 153, 153, 153, 0, 0, 0, 0, 0, 0, 0, 0, 0, 0, 0, 153, 153, 153, 153, 10, 105, 0, 0, 0, 129, 105, 0, 0, 0, 129, 153, 153], objects=[], opacity=0.0, draworder=), Layer(width=0, height=0, name=Object Layer 1, type=objectgroup, visible=false, x=0, y=0, data=[], objects=[com.almasb.fxgl.entity.level.tiled.TiledObject@33fc3831, com.almasb.fxgl.entity.level.tiled.TiledObject@32e476e3, com.almasb.fxgl.entity.level.tiled.TiledObject@2531a2fb, com.almasb.fxgl.entity.level.tiled.TiledObject@5ba21108, com.almasb.fxgl.entity.level.tiled.TiledObject@9cd97fd, com.almasb.fxgl.entity.level.tiled.TiledObject@180fab49, com.almasb.fxgl.entity.level.tiled.TiledObject@3081e4c9, com.almasb.fxgl.entity.level.tiled.TiledObject@7be09980, com.almasb.fxgl.entity.level.tiled.TiledObject@1ef79b7e, com.almasb.fxgl.entity.level.tiled.TiledObject@7b472e0a, com.almasb.fxgl.entity.level.tiled.TiledObject@44df3a07, com.almasb.fxgl.entity.level.tiled.TiledObject@3b8c9785, com.almasb.fxgl.entity.level.tiled.TiledObject@1902c7e1, com.almasb.fxgl.entity.level.tiled.TiledObject@5bf78db5, com.almasb.fxgl.entity.level.tiled.TiledObject@66c59bce, com.almasb.fxgl.entity.level.tiled.TiledObject@392a082c, com.almasb.fxgl.entity.level.tiled.TiledObject@3618fd27, com.almasb.fxgl.entity.level.tiled.TiledObject@51e54474, com.almasb.fxgl.entity.level.tiled.TiledObject@1b34be6d], opacity=0.0, draworder=)], tilesets=[Tileset(firstgid=1, image=tiles_spritesheet.png, name=tiles_spritesheet, tilewidth=70, tileheight=70, imagewidth=914, imageheight=936, margin=0, spacing=2, columns=12, tilecount=156, transparentcolor=, tiles=[])], backgroundcolor=, renderorder=right-down, nextobjectid=20, version=1, tiledversion=1.0.1, type=map, infinite=false, hexsidelength=0, staggeraxis=, staggerindex=, properties={}, propertytypes={})
11:44:06.030 [FXGL Background Thread 4 ] DEBUG TMXLevelLoader       - Creating tile layer entities
11:44:06.031 [FXGL Background Thread 4 ] DEBUG TilesetLoader        - Loading view for layer Tile Layer 1
11:44:06.033 [FXGL Background Thread 4 ] DEBUG TilesetLoader        - Created buffer with size 1050.0x700.0
11:44:06.077 [FXGL Background Thread 4 ] DEBUG TilesetLoader        - Writing to buffer: dst=0,0, w=70,h=70, src=576,864
11:44:06.078 [FXGL Background Thread 4 ] DEBUG TilesetLoader        - Writing to buffer: dst=0,70, w=70,h=70, src=576,864
11:44:06.078 [FXGL Background Thread 4 ] DEBUG TilesetLoader        - Writing to buffer: dst=70,70, w=70,h=70, src=72,0
11:44:06.078 [FXGL Background Thread 4 ] DEBUG TilesetLoader        - Writing to buffer: dst=280,70, w=70,h=70, src=576,360
11:44:06.078 [FXGL Background Thread 4 ] DEBUG TilesetLoader        - Writing to buffer: dst=350,70, w=70,h=70, src=576,288
11:44:06.079 [FXGL Background Thread 4 ] DEBUG TilesetLoader        - Writing to buffer: dst=420,70, w=70,h=70, src=576,216
11:44:06.079 [FXGL Background Thread 4 ] DEBUG TilesetLoader        - Writing to buffer: dst=0,140, w=70,h=70, src=576,864
11:44:06.079 [FXGL Background Thread 4 ] DEBUG TilesetLoader        - Writing to buffer: dst=70,140, w=70,h=70, src=648,0
11:44:06.079 [FXGL Background Thread 4 ] DEBUG TilesetLoader        - Writing to buffer: dst=0,210, w=70,h=70, src=576,864
11:44:06.080 [FXGL Background Thread 4 ] DEBUG TilesetLoader        - Writing to buffer: dst=70,210, w=70,h=70, src=576,864
11:44:06.080 [FXGL Background Thread 4 ] DEBUG TilesetLoader        - Writing to buffer: dst=560,210, w=70,h=70, src=144,72
11:44:06.080 [FXGL Background Thread 4 ] DEBUG TilesetLoader        - Writing to buffer: dst=630,210, w=70,h=70, src=144,0
11:44:06.080 [FXGL Background Thread 4 ] DEBUG TilesetLoader        - Writing to buffer: dst=700,210, w=70,h=70, src=144,0
11:44:06.081 [FXGL Background Thread 4 ] DEBUG TilesetLoader        - Writing to buffer: dst=770,210, w=70,h=70, src=144,144
11:44:06.081 [FXGL Background Thread 4 ] DEBUG TilesetLoader        - Writing to buffer: dst=0,280, w=70,h=70, src=576,864
11:44:06.081 [FXGL Background Thread 4 ] DEBUG TilesetLoader        - Writing to buffer: dst=70,280, w=70,h=70, src=576,864
11:44:06.081 [FXGL Background Thread 4 ] DEBUG TilesetLoader        - Writing to buffer: dst=0,350, w=70,h=70, src=576,864
11:44:06.082 [FXGL Background Thread 4 ] DEBUG TilesetLoader        - Writing to buffer: dst=70,350, w=70,h=70, src=576,864
11:44:06.082 [FXGL Background Thread 4 ] DEBUG TilesetLoader        - Writing to buffer: dst=980,350, w=70,h=70, src=504,648
11:44:06.082 [FXGL Background Thread 4 ] DEBUG TilesetLoader        - Writing to buffer: dst=0,420, w=70,h=70, src=576,864
11:44:06.083 [FXGL Background Thread 4 ] DEBUG TilesetLoader        - Writing to buffer: dst=70,420, w=70,h=70, src=576,864
11:44:06.083 [FXGL Background Thread 4 ] DEBUG TilesetLoader        - Writing to buffer: dst=560,420, w=70,h=70, src=144,72
11:44:06.083 [FXGL Background Thread 4 ] DEBUG TilesetLoader        - Writing to buffer: dst=630,420, w=70,h=70, src=144,0
11:44:06.083 [FXGL Background Thread 4 ] DEBUG TilesetLoader        - Writing to buffer: dst=700,420, w=70,h=70, src=144,0
11:44:06.083 [FXGL Background Thread 4 ] DEBUG TilesetLoader        - Writing to buffer: dst=770,420, w=70,h=70, src=144,144
11:44:06.083 [FXGL Background Thread 4 ] DEBUG TilesetLoader        - Writing to buffer: dst=910,420, w=70,h=70, src=504,648
11:44:06.084 [FXGL Background Thread 4 ] DEBUG TilesetLoader        - Writing to buffer: dst=980,420, w=70,h=70, src=576,864
11:44:06.084 [FXGL Background Thread 4 ] DEBUG TilesetLoader        - Writing to buffer: dst=0,490, w=70,h=70, src=576,864
11:44:06.084 [FXGL Background Thread 4 ] DEBUG TilesetLoader        - Writing to buffer: dst=70,490, w=70,h=70, src=576,864
11:44:06.084 [FXGL Background Thread 4 ] DEBUG TilesetLoader        - Writing to buffer: dst=280,490, w=70,h=70, src=576,360
11:44:06.084 [FXGL Background Thread 4 ] DEBUG TilesetLoader        - Writing to buffer: dst=350,490, w=70,h=70, src=576,432
11:44:06.084 [FXGL Background Thread 4 ] DEBUG TilesetLoader        - Writing to buffer: dst=420,490, w=70,h=70, src=576,288
11:44:06.084 [FXGL Background Thread 4 ] DEBUG TilesetLoader        - Writing to buffer: dst=910,490, w=70,h=70, src=576,864
11:44:06.085 [FXGL Background Thread 4 ] DEBUG TilesetLoader        - Writing to buffer: dst=980,490, w=70,h=70, src=576,864
11:44:06.085 [FXGL Background Thread 4 ] DEBUG TilesetLoader        - Writing to buffer: dst=0,560, w=70,h=70, src=576,864
11:44:06.086 [FXGL Background Thread 4 ] DEBUG TilesetLoader        - Writing to buffer: dst=70,560, w=70,h=70, src=576,864
11:44:06.086 [FXGL Background Thread 4 ] DEBUG TilesetLoader        - Writing to buffer: dst=910,560, w=70,h=70, src=576,864
11:44:06.086 [FXGL Background Thread 4 ] DEBUG TilesetLoader        - Writing to buffer: dst=980,560, w=70,h=70, src=576,864
11:44:06.086 [FXGL Background Thread 4 ] DEBUG TilesetLoader        - Writing to buffer: dst=0,630, w=70,h=70, src=576,864
11:44:06.086 [FXGL Background Thread 4 ] DEBUG TilesetLoader        - Writing to buffer: dst=70,630, w=70,h=70, src=576,864
11:44:06.087 [FXGL Background Thread 4 ] DEBUG TilesetLoader        - Writing to buffer: dst=140,630, w=70,h=70, src=648,0
11:44:06.087 [FXGL Background Thread 4 ] DEBUG TilesetLoader        - Writing to buffer: dst=210,630, w=70,h=70, src=576,576
11:44:06.087 [FXGL Background Thread 4 ] DEBUG TilesetLoader        - Writing to buffer: dst=490,630, w=70,h=70, src=576,720
11:44:06.087 [FXGL Background Thread 4 ] DEBUG TilesetLoader        - Writing to buffer: dst=560,630, w=70,h=70, src=576,576
11:44:06.087 [FXGL Background Thread 4 ] DEBUG TilesetLoader        - Writing to buffer: dst=840,630, w=70,h=70, src=576,720
11:44:06.087 [FXGL Background Thread 4 ] DEBUG TilesetLoader        - Writing to buffer: dst=910,630, w=70,h=70, src=576,864
11:44:06.088 [FXGL Background Thread 4 ] DEBUG TilesetLoader        - Writing to buffer: dst=980,630, w=70,h=70, src=576,864
11:44:06.088 [FXGL Background Thread 4 ] DEBUG TMXLevelLoader       - Creating object layer entities
11:44:06.103 [FXGL Background Thread 4 ] DEBUG FXGLAssetLoaderServi - Loading from file system: file:/Users/merdanusta/IdeaProjects/IPOSE-Maven/target/classes/assets/textures/star.png
11:44:06.114 [FXGL Background Thread 4 ] DEBUG GameWorld            - Clearing removable entities
11:44:06.114 [FXGL Background Thread 4 ] DEBUG GameWorld            - Setting level: com.almasb.fxgl.entity.level.Level@d3f6749
11:44:06.120 [FXGL Background Thread 4 ] DEBUG FXGLAssetLoaderServi - Loading from file system: file:/Users/merdanusta/IdeaProjects/IPOSE-Maven/target/classes/assets/textures/madotsuki.png
11:44:06.129 [FXGL Background Thread 4 ] INFO  FXGLApplication      - Game initialization took: 0.130 sec
11:44:06.144 [JavaFX Application Thread] DEBUG Input                - Clearing active input actions
11:44:06.158 [JavaFX Application Thread] DEBUG GameApplicationServi - Removing overlay from FXGLLoadingScene and adding to GameScene
11:44:06.159 [JavaFX Application Thread] DEBUG PrimaryStageWindow   - FXGLLoadingScene -> GameScene
11:44:06.282 [FXGL Background Thread 2 ] INFO  UpdaterService       - Your current version:  11.14
11:44:06.282 [FXGL Background Thread 2 ] INFO  UpdaterService       - Latest stable version: 17.1
11:44:08.938 [FXGL Background Thread 3 ] DEBUG Engine               - Logging environment variables
11:44:08.939 [FXGL Background Thread 3 ] DEBUG Engine               - achievements: []
11:44:08.940 [FXGL Background Thread 3 ] DEBUG Engine               - actualHeight: 700.0
11:44:08.940 [FXGL Background Thread 3 ] DEBUG Engine               - actualHeightProperty: ReadOnlyDoubleProperty [value: 700.0]
11:44:08.941 [FXGL Background Thread 3 ] DEBUG Engine               - actualWidth: 1050.0
11:44:08.941 [FXGL Background Thread 3 ] DEBUG Engine               - actualWidthProperty: ReadOnlyDoubleProperty [value: 1050.0]
11:44:08.941 [FXGL Background Thread 3 ] DEBUG Engine               - appIcon: fxgl_icon.png
11:44:08.942 [FXGL Background Thread 3 ] DEBUG Engine               - applicationMode: DEVELOPER
11:44:08.942 [FXGL Background Thread 3 ] DEBUG Engine               - cSSList: [fxgl_dark.css]
11:44:08.942 [FXGL Background Thread 3 ] DEBUG Engine               - collisionDetectionStrategy: BRUTE_FORCE
11:44:08.943 [FXGL Background Thread 3 ] DEBUG Engine               - configClass: Optional.empty
11:44:08.943 [FXGL Background Thread 3 ] DEBUG Engine               - credits: []
11:44:08.944 [FXGL Background Thread 3 ] DEBUG Engine               - devBBoxColorProperty: ObjectProperty [value: 0xff0000ff]
11:44:08.945 [FXGL Background Thread 3 ] DEBUG Engine               - devEnableDebugCameraProperty: BooleanProperty [value: false]
11:44:08.946 [FXGL Background Thread 3 ] DEBUG Engine               - devSensorColorProperty: ObjectProperty [value: 0xffff00ff]
11:44:08.946 [FXGL Background Thread 3 ] DEBUG Engine               - devShowBBoxProperty: BooleanProperty [value: false]
11:44:08.947 [FXGL Background Thread 3 ] DEBUG Engine               - devShowPositionProperty: BooleanProperty [value: false]
11:44:08.947 [FXGL Background Thread 3 ] DEBUG Engine               - enabledMenuItems: []
11:44:08.948 [FXGL Background Thread 3 ] DEBUG Engine               - engineServices: [class com.almasb.fxgl.app.services.FXGLAssetLoaderService, class com.almasb.fxgl.app.FXGLApplication$GameApplicationService, class com.almasb.fxgl.app.services.FXGLDialogService, class com.almasb.fxgl.app.services.IOTaskExecutorService, class com.almasb.fxgl.event.EventBusService, class com.almasb.fxgl.io.FileSystemService, class com.almasb.fxgl.localization.LocalizationService, class com.almasb.fxgl.app.services.SystemBundleService, class com.almasb.fxgl.profile.SaveLoadService, class com.almasb.fxgl.ui.FXGLUIFactoryServiceProvider, class com.almasb.fxgl.ui.FXGLDialogFactoryServiceProvider, class com.almasb.fxgl.audio.AudioPlayer, class com.almasb.fxgl.notification.impl.NotificationServiceProvider, class com.almasb.fxgl.achievement.AchievementService, class com.almasb.fxgl.cutscene.CutsceneService, class com.almasb.fxgl.minigames.MiniGameService, class com.almasb.fxgl.net.NetService, class com.almasb.fxgl.app.services.UpdaterService, class com.almasb.fxgl.dev.DevService]
11:44:08.948 [FXGL Background Thread 3 ] DEBUG Engine               - fontGame: Abel-Regular.ttf
11:44:08.948 [FXGL Background Thread 3 ] DEBUG Engine               - fontMono: lucida_console.ttf
11:44:08.948 [FXGL Background Thread 3 ] DEBUG Engine               - fontText: Courier-Prime.ttf
11:44:08.948 [FXGL Background Thread 3 ] DEBUG Engine               - fontUI: VarelaRound-Regular.ttf
11:44:08.949 [FXGL Background Thread 3 ] DEBUG Engine               - fullScreen: BooleanProperty [value: false]
11:44:08.949 [FXGL Background Thread 3 ] DEBUG Engine               - gameDifficulty: MEDIUM
11:44:08.949 [FXGL Background Thread 3 ] DEBUG Engine               - gameDifficultyProperty: ObjectProperty [value: MEDIUM]
11:44:08.949 [FXGL Background Thread 3 ] DEBUG Engine               - globalMusicVolume: 0.5
11:44:08.949 [FXGL Background Thread 3 ] DEBUG Engine               - globalMusicVolumeProperty: DoubleProperty [value: 0.5]
11:44:08.950 [FXGL Background Thread 3 ] DEBUG Engine               - globalSoundVolume: 0.5
11:44:08.950 [FXGL Background Thread 3 ] DEBUG Engine               - globalSoundVolumeProperty: DoubleProperty [value: 0.5]
11:44:08.950 [FXGL Background Thread 3 ] DEBUG Engine               - height: 700
11:44:08.951 [FXGL Background Thread 3 ] DEBUG Engine               - isAndroid: false
11:44:08.951 [FXGL Background Thread 3 ] DEBUG Engine               - isBrowser: false
11:44:08.951 [FXGL Background Thread 3 ] DEBUG Engine               - isClickFeedbackEnabled: false
11:44:08.951 [FXGL Background Thread 3 ] DEBUG Engine               - isCloseConfirmation: false
11:44:08.951 [FXGL Background Thread 3 ] DEBUG Engine               - isDesktop: true
11:44:08.952 [FXGL Background Thread 3 ] DEBUG Engine               - isDeveloperMenuEnabled: false
11:44:08.952 [FXGL Background Thread 3 ] DEBUG Engine               - isEntityPreloadEnabled: true
11:44:08.952 [FXGL Background Thread 3 ] DEBUG Engine               - isExperimental3D: false
11:44:08.952 [FXGL Background Thread 3 ] DEBUG Engine               - isExperimentalNative: false
11:44:08.952 [FXGL Background Thread 3 ] DEBUG Engine               - isExperimentalTiledLargeMap: false
11:44:08.953 [FXGL Background Thread 3 ] DEBUG Engine               - isFileSystemWriteAllowed: true
11:44:08.953 [FXGL Background Thread 3 ] DEBUG Engine               - isFullScreenAllowed: false
11:44:08.953 [FXGL Background Thread 3 ] DEBUG Engine               - isFullScreenFromStart: false
11:44:08.953 [FXGL Background Thread 3 ] DEBUG Engine               - isGameMenuEnabled: true
11:44:08.954 [FXGL Background Thread 3 ] DEBUG Engine               - isIOS: false
11:44:08.954 [FXGL Background Thread 3 ] DEBUG Engine               - isIntroEnabled: false
11:44:08.954 [FXGL Background Thread 3 ] DEBUG Engine               - isLinux: false
11:44:08.954 [FXGL Background Thread 3 ] DEBUG Engine               - isMac: true
11:44:08.954 [FXGL Background Thread 3 ] DEBUG Engine               - isMainMenuEnabled: false
11:44:08.954 [FXGL Background Thread 3 ] DEBUG Engine               - isManualResizeEnabled: false
11:44:08.954 [FXGL Background Thread 3 ] DEBUG Engine               - isMobile: false
11:44:08.955 [FXGL Background Thread 3 ] DEBUG Engine               - isPreserveResizeRatio: false
11:44:08.955 [FXGL Background Thread 3 ] DEBUG Engine               - isProfilingEnabled: false
11:44:08.955 [FXGL Background Thread 3 ] DEBUG Engine               - isScaleAffectedOnResize: true
11:44:08.955 [FXGL Background Thread 3 ] DEBUG Engine               - isSingleStep: false
11:44:08.955 [FXGL Background Thread 3 ] DEBUG Engine               - isUserProfileEnabled: false
11:44:08.955 [FXGL Background Thread 3 ] DEBUG Engine               - isWindows: false
11:44:08.955 [FXGL Background Thread 3 ] DEBUG Engine               - language: ObjectProperty [value: ENGLISH]
11:44:08.956 [FXGL Background Thread 3 ] DEBUG Engine               - menuKey: ESCAPE
11:44:08.956 [FXGL Background Thread 3 ] DEBUG Engine               - notificationViewClass: class com.almasb.fxgl.notification.view.XboxNotificationView
11:44:08.956 [FXGL Background Thread 3 ] DEBUG Engine               - pixelsPerMeter: 50.0
11:44:08.956 [FXGL Background Thread 3 ] DEBUG Engine               - platform: MAC
11:44:08.956 [FXGL Background Thread 3 ] DEBUG Engine               - prefHeightProperty: ReadOnlyDoubleProperty [value: 700.0]
11:44:08.956 [FXGL Background Thread 3 ] DEBUG Engine               - prefWidthProperty: ReadOnlyDoubleProperty [value: 1050.0]
11:44:08.956 [FXGL Background Thread 3 ] DEBUG Engine               - profileDir: profiles/
11:44:08.957 [FXGL Background Thread 3 ] DEBUG Engine               - profileName: StringProperty [value: DEFAULT]
11:44:08.957 [FXGL Background Thread 3 ] DEBUG Engine               - randomSeed: -1
11:44:08.957 [FXGL Background Thread 3 ] DEBUG Engine               - runtimeInfo: RuntimeInfo(platform=MAC, version=11.14, build=01.03.2021 16.59)
11:44:08.957 [FXGL Background Thread 3 ] DEBUG Engine               - saveFileExt: sav
11:44:08.957 [FXGL Background Thread 3 ] DEBUG Engine               - scaledHeightProp$fxgl: DoubleProperty [bound, value: 700.0]
11:44:08.957 [FXGL Background Thread 3 ] DEBUG Engine               - scaledWidthProp$fxgl: DoubleProperty [bound, value: 1050.0]
11:44:08.957 [FXGL Background Thread 3 ] DEBUG Engine               - sceneFactory: com.almasb.fxgl.app.scene.SceneFactory@6e7adf24
11:44:08.957 [FXGL Background Thread 3 ] DEBUG Engine               - secondsIn24h: 60
11:44:08.958 [FXGL Background Thread 3 ] DEBUG Engine               - soundMenuBack: menu/back.wav
11:44:08.958 [FXGL Background Thread 3 ] DEBUG Engine               - soundMenuPress: menu/press.wav
11:44:08.958 [FXGL Background Thread 3 ] DEBUG Engine               - soundMenuSelect: menu/select.wav
11:44:08.958 [FXGL Background Thread 3 ] DEBUG Engine               - soundNotification: core/notification.wav
11:44:08.958 [FXGL Background Thread 3 ] DEBUG Engine               - stageStyle: DECORATED
11:44:08.958 [FXGL Background Thread 3 ] DEBUG Engine               - supportedLanguages: [ENGLISH, FRENCH, GERMAN, HUNGARIAN, RUSSIAN]
11:44:08.958 [FXGL Background Thread 3 ] DEBUG Engine               - ticksPerSecond: -1
11:44:08.959 [FXGL Background Thread 3 ] DEBUG Engine               - title: Demo game
11:44:08.959 [FXGL Background Thread 3 ] DEBUG Engine               - urlGithub: https://github.com/AlmasB/FXGL
11:44:08.959 [FXGL Background Thread 3 ] DEBUG Engine               - urlLeaderboard: http://fxgl-top.herokuapp.com/
11:44:08.959 [FXGL Background Thread 3 ] DEBUG Engine               - urlPOM: https://raw.githubusercontent.com/AlmasB/FXGL/release/README.md
11:44:08.959 [FXGL Background Thread 3 ] DEBUG Engine               - userAppClass: class Game
11:44:08.959 [FXGL Background Thread 3 ] DEBUG Engine               - version: 1.2
11:44:08.960 [FXGL Background Thread 3 ] DEBUG Engine               - versionCheckDays: 7
11:44:08.960 [FXGL Background Thread 3 ] DEBUG Engine               - width: 1050
11:44:08.960 [FXGL Background Thread 3 ] DEBUG Engine               - Logging services
11:44:08.960 [FXGL Background Thread 3 ] DEBUG Engine               - class com.almasb.fxgl.app.services.FXGLAssetLoaderService
11:44:08.960 [FXGL Background Thread 3 ] DEBUG Engine               - class com.almasb.fxgl.app.FXGLApplication$GameApplicationService
11:44:08.960 [FXGL Background Thread 3 ] DEBUG Engine               - class com.almasb.fxgl.app.services.FXGLDialogService
11:44:08.961 [FXGL Background Thread 3 ] DEBUG Engine               - class com.almasb.fxgl.app.services.IOTaskExecutorService
11:44:08.961 [FXGL Background Thread 3 ] DEBUG Engine               - class com.almasb.fxgl.event.EventBusService
11:44:08.961 [FXGL Background Thread 3 ] DEBUG Engine               - class com.almasb.fxgl.io.FileSystemService
11:44:08.961 [FXGL Background Thread 3 ] DEBUG Engine               - class com.almasb.fxgl.localization.LocalizationService
11:44:08.961 [FXGL Background Thread 3 ] DEBUG Engine               - class com.almasb.fxgl.app.services.SystemBundleService
11:44:08.961 [FXGL Background Thread 3 ] DEBUG Engine               - class com.almasb.fxgl.profile.SaveLoadService
11:44:08.962 [FXGL Background Thread 3 ] DEBUG Engine               - class com.almasb.fxgl.ui.FXGLUIFactoryServiceProvider
11:44:08.962 [FXGL Background Thread 3 ] DEBUG Engine               - class com.almasb.fxgl.ui.FXGLDialogFactoryServiceProvider
11:44:08.962 [FXGL Background Thread 3 ] DEBUG Engine               - class com.almasb.fxgl.audio.AudioPlayer
11:44:08.963 [FXGL Background Thread 3 ] DEBUG Engine               - class com.almasb.fxgl.notification.impl.NotificationServiceProvider
11:44:08.963 [FXGL Background Thread 3 ] DEBUG Engine               - class com.almasb.fxgl.achievement.AchievementService
11:44:08.963 [FXGL Background Thread 3 ] DEBUG Engine               - class com.almasb.fxgl.cutscene.CutsceneService
11:44:08.963 [FXGL Background Thread 3 ] DEBUG Engine               - class com.almasb.fxgl.minigames.MiniGameService
11:44:08.963 [FXGL Background Thread 3 ] DEBUG Engine               - class com.almasb.fxgl.net.NetService
11:44:08.964 [FXGL Background Thread 3 ] DEBUG Engine               - class com.almasb.fxgl.app.services.UpdaterService
11:44:08.964 [FXGL Background Thread 3 ] DEBUG Engine               - class com.almasb.fxgl.dev.DevService
11:44:11.655 [JavaFX Application Thread] DEBUG FXGLApplication      - Exiting FXGL
11:44:11.655 [JavaFX Application Thread] DEBUG LoopRunner           - Stopping loop
11:44:11.655 [JavaFX Application Thread] DEBUG SystemBundleService  - Saving FXGL system data
11:44:11.658 [JavaFX Application Thread] DEBUG FileSystemAccess     - Writing to: /Users/merdanusta/IdeaProjects/IPOSE-Maven/system/fxgl.bundle
11:44:11.659 [JavaFX Application Thread] DEBUG Async                - Shutting down background threads
11:44:11.660 [JavaFX Application Thread] DEBUG PrimaryStageWindow   - Closing main window
11:44:11.666 [JavaFX Application Thread] DEBUG Logger               - Closing Logger
