10:40:56.153 [main                     ] DEBUG Logger               - Configured Logger
10:40:56.181 [main                     ] DEBUG GameApplication      - Logging settings
Title: Demo game
Version: 1.1
Width: 1050
Height: 700
Fullscreen: false
Intro: false
Profiling: false
Single step:false
App Mode: DEVELOPER
Menu Key: ESCAPE
Stage Style: DECORATED
Scene Factory: class com.almasb.fxgl.app.scene.SceneFactory

10:40:57.018 [JavaFX Application Thread] DEBUG FXGLApplication      - Initializing FXGL
10:40:57.023 [JavaFX Application Thread] INFO  Engine               - FXGL-11.14 (01.03.2021 16.59) on WINDOWS (J:15.0.2 FX:15)
10:40:57.024 [JavaFX Application Thread] DEBUG Engine               - JRE Vendor Name: Amazon.com Inc.
10:40:57.025 [JavaFX Application Thread] DEBUG Engine               - Running on OS: Windows 10 version 10.0
10:40:57.026 [JavaFX Application Thread] DEBUG Engine               - Architecture: amd64
10:40:57.026 [JavaFX Application Thread] INFO  Engine               - Source code and latest versions at: https://github.com/AlmasB/FXGL
10:40:57.027 [JavaFX Application Thread] INFO  Engine               -              Join the FXGL chat at: https://gitter.im/AlmasB/FXGL
10:40:57.274 [JavaFX Application Thread] DEBUG PrimaryStageWindow   - Creating a JavaFX scene
10:40:57.372 [JavaFX Application Thread] DEBUG PrimaryStageWindow   - Target settings size: 1050.0 x 700.0
10:40:57.373 [JavaFX Application Thread] DEBUG PrimaryStageWindow   - Scaled scene size:    1050.0 x 700.0
10:40:57.374 [JavaFX Application Thread] DEBUG PrimaryStageWindow   - Scaled ratio: (1.0, 1.0)
10:40:57.376 [JavaFX Application Thread] DEBUG PrimaryStageWindow   - Set initial scene to FXGLStartupScene
10:40:57.389 [JavaFX Application Thread] DEBUG PrimaryStageWindow   - Opening main window
10:40:57.623 [JavaFX Application Thread] DEBUG PrimaryStageWindow   - Window border size: (14.800048828125, 37.5999755859375)
10:40:57.623 [JavaFX Application Thread] DEBUG PrimaryStageWindow   - Scaled size: 1050.0 x 700.0
10:40:57.624 [JavaFX Application Thread] DEBUG PrimaryStageWindow   - Scaled ratio: (1.0, 1.0)
10:40:57.624 [JavaFX Application Thread] DEBUG PrimaryStageWindow   - Scene size: 1050.0 x 700.0
10:40:57.625 [JavaFX Application Thread] DEBUG PrimaryStageWindow   - Stage size: 1064.800048828125 x 737.5999755859375
10:40:57.731 [FXGL Background Thread 1 ] DEBUG Engine               - Initializing environment variables
10:40:57.825 [FXGL Background Thread 1 ] DEBUG FXGLAssetLoaderServi - User app class for loading assets: class Game
10:40:57.826 [FXGL Background Thread 1 ] DEBUG GameApplicationServi - Applying CSS: fxgl_dark.css
10:40:57.851 [FXGL Background Thread 1 ] DEBUG FXGLAssetLoaderServi - Loading from file system: jar:file:/C:/Users/jfran/OneDrive%20-%20Hogeschool%20Leiden/IPOSE-Maven/target/AWayOut-1.0-jar-with-dependencies.jar!/fxglassets/ui/css/fxgl_dark.css
10:40:58.037 [FXGL Background Thread 1 ] DEBUG GameApplicationServi - Initializing application scenes
10:40:58.244 [FXGL Background Thread 1 ] DEBUG GameWorld            - Game world initialized
10:40:58.388 [FXGL Background Thread 1 ] DEBUG PhysicsWorld         - Physics world initialized: appHeight=700, physics.ppm=50,0
10:40:58.389 [FXGL Background Thread 1 ] DEBUG PhysicsWorld         - Using strategy: BRUTE_FORCE
10:40:58.396 [FXGL Background Thread 1 ] DEBUG GameScene            - Game scene initialized: 1050x700
10:40:58.479 [FXGL Background Thread 1 ] DEBUG FXGLAssetLoaderServi - Loading from file system: jar:file:/C:/Users/jfran/OneDrive%20-%20Hogeschool%20Leiden/IPOSE-Maven/target/AWayOut-1.0-jar-with-dependencies.jar!/fxglassets/textures/particles/trace_horizontal.png
10:40:58.625 [FXGL Background Thread 1 ] DEBUG FXGL.DefaultMenu     - createMenuBodyGameMenu()
10:40:58.690 [FXGL Background Thread 1 ] DEBUG FXGL.DefaultMenu     - createOptionsMenu()
10:40:58.706 [FXGL Background Thread 1 ] DEBUG FXGLAssetLoaderServi - Loading from file system: jar:file:/C:/Users/jfran/OneDrive%20-%20Hogeschool%20Leiden/IPOSE-Maven/target/AWayOut-1.0-jar-with-dependencies.jar!/fxglassets/textures/particles/smoke.png
10:40:58.867 [FXGL Background Thread 1 ] DEBUG GameApplicationServi - Application scenes initialized
10:40:58.923 [FXGL Background Thread 1 ] DEBUG SystemBundleService  - Loading FXGL system data
10:40:58.937 [FXGL Background Thread 1 ] DEBUG FileSystemAccess     - Reading from: C:\Users\jfran\OneDrive - Hogeschool Leiden\IPOSE-Maven\system\fxgl.bundle
10:40:58.959 [FXGL Background Thread 1 ] DEBUG SystemBundleService  - Bundle FXGL: {}
10:40:58.960 [FXGL Background Thread 1 ] DEBUG UpdaterService       - Checking for updates
10:40:58.969 [FXGL Background Thread 1 ] DEBUG FXGLApplication      - Loading default localization
10:40:58.971 [FXGL Background Thread 1 ] DEBUG FXGLAssetLoaderServi - Loading from file system: jar:file:/C:/Users/jfran/OneDrive%20-%20Hogeschool%20Leiden/IPOSE-Maven/target/AWayOut-1.0-jar-with-dependencies.jar!/fxglassets/languages/english.lang
10:40:58.973 [FXGL Background Thread 4 ] DEBUG FXGLApplication      - Loading fonts
10:40:58.980 [FXGL Background Thread 4 ] DEBUG FXGLAssetLoaderServi - Loading from file system: jar:file:/C:/Users/jfran/OneDrive%20-%20Hogeschool%20Leiden/IPOSE-Maven/target/AWayOut-1.0-jar-with-dependencies.jar!/fxglassets/ui/fonts/VarelaRound-Regular.ttf
10:40:59.004 [FXGL Background Thread 1 ] INFO  FXGLApplication      - FXGL initialization took: 1,273 sec
10:40:59.067 [JavaFX Application Thread] DEBUG Input                - Registered new binding: action0 - D
10:40:59.069 [JavaFX Application Thread] DEBUG Input                - Registered new binding: action1 - A
10:40:59.070 [JavaFX Application Thread] DEBUG Input                - Registered new binding: action2 - W
10:40:59.071 [JavaFX Application Thread] DEBUG Input                - Registered new binding: action3 - S
10:40:59.072 [JavaFX Application Thread] DEBUG FXGLAssetLoaderServi - Loading from file system: jar:file:/C:/Users/jfran/OneDrive%20-%20Hogeschool%20Leiden/IPOSE-Maven/target/AWayOut-1.0-jar-with-dependencies.jar!/fxglassets/textures/fxgl_icon.png
10:40:59.118 [JavaFX Application Thread] DEBUG FXGLAssetLoaderServi - Loading from file system: jar:file:/C:/Users/jfran/OneDrive%20-%20Hogeschool%20Leiden/IPOSE-Maven/target/AWayOut-1.0-jar-with-dependencies.jar!/fxglassets/ui/cursors/fxgl_default.png
10:40:59.124 [JavaFX Application Thread] DEBUG Input                - Registered new binding: Screenshot - P
10:40:59.125 [JavaFX Application Thread] DEBUG Input                - Registered new binding: System info dump - CTRL+9
10:40:59.128 [JavaFX Application Thread] DEBUG Input                - Registered new binding: Restart - CTRL+R
10:40:59.130 [JavaFX Application Thread] DEBUG Input                - Registered new binding: Toggle Debug Camera - CTRL+C
10:40:59.135 [JavaFX Application Thread] DEBUG LoopRunner           - Starting loop
10:40:59.136 [JavaFX Application Thread] DEBUG LoopRunner           - Initializing JavaFX AnimationTimerLoop
10:40:59.139 [JavaFX Application Thread] DEBUG GameApplicationServi - Starting new game
10:40:59.140 [JavaFX Application Thread] DEBUG Input                - Clearing active input actions
10:40:59.208 [JavaFX Application Thread] DEBUG GameApplicationServi - Removing overlay from FXGLStartupScene and adding to FXGLLoadingScene
10:40:59.209 [JavaFX Application Thread] DEBUG PrimaryStageWindow   - FXGLStartupScene -> FXGLLoadingScene
10:40:59.209 [JavaFX Application Thread] DEBUG GameApplicationServi - Clearing previous game
10:40:59.210 [JavaFX Application Thread] DEBUG GameScene            - Clearing game scene
10:40:59.210 [JavaFX Application Thread] DEBUG GameWorld            - Clearing game world
10:40:59.211 [JavaFX Application Thread] DEBUG PhysicsWorld         - Clearing physics world
10:40:59.215 [FXGL Background Thread 1 ] DEBUG FXGLApplication      - Initializing game
10:40:59.347 [FXGL Background Thread 1 ] WARN  TMXLevelLoader       - TiledMap generated from 1.0.1. Supported version: 1.2.3. Some features may not be parsed fully.
10:40:59.404 [FXGL Background Thread 1 ] DEBUG TMXLevelLoader       - Parsed raw map: TiledMap(width=15, height=10, tilewidth=70, tileheight=70, orientation=orthogonal, layers=[Layer(width=15, height=10, name=Tile Layer 1, type=tilelayer, visible=false, x=0, y=0, data=[153, 0, 0, 0, 0, 0, 0, 0, 0, 0, 0, 0, 0, 0, 0, 153, 2, 0, 0, 69, 57, 45, 0, 0, 0, 0, 0, 0, 0, 0, 153, 10, 0, 0, 0, 0, 0, 0, 0, 0, 0, 0, 0, 0, 0, 153, 153, 0, 0, 0, 0, 0, 0, 15, 3, 3, 27, 0, 0, 0, 153, 153, 0, 0, 0, 0, 0, 0, 0, 0, 0, 0, 0, 0, 0, 153, 153, 0, 0, 0, 0, 0, 0, 0, 0, 0, 0, 0, 0, 116, 153, 153, 0, 0, 0, 0, 0, 0, 15, 3, 3, 27, 0, 116, 153, 153, 153, 0, 0, 69, 81, 57, 0, 0, 0, 0, 0, 0, 153, 153, 153, 153, 0, 0, 0, 0, 0, 0, 0, 0, 0, 0, 0, 153, 153, 153, 153, 10, 105, 0, 0, 0, 129, 105, 0, 0, 0, 129, 153, 153], objects=[], opacity=0.0, draworder=), Layer(width=0, height=0, name=Object Layer 1, type=objectgroup, visible=false, x=0, y=0, data=[], objects=[com.almasb.fxgl.entity.level.tiled.TiledObject@4f63cc2b, com.almasb.fxgl.entity.level.tiled.TiledObject@24d8fe31, com.almasb.fxgl.entity.level.tiled.TiledObject@1f5c53ae, com.almasb.fxgl.entity.level.tiled.TiledObject@3bcfbfac, com.almasb.fxgl.entity.level.tiled.TiledObject@6a1c2e6a, com.almasb.fxgl.entity.level.tiled.TiledObject@9d66c6e, com.almasb.fxgl.entity.level.tiled.TiledObject@746a8fd9, com.almasb.fxgl.entity.level.tiled.TiledObject@321e6c27, com.almasb.fxgl.entity.level.tiled.TiledObject@397a7b70, com.almasb.fxgl.entity.level.tiled.TiledObject@375d52d, com.almasb.fxgl.entity.level.tiled.TiledObject@234196dd, com.almasb.fxgl.entity.level.tiled.TiledObject@62ffa9c6, com.almasb.fxgl.entity.level.tiled.TiledObject@8b4ff12, com.almasb.fxgl.entity.level.tiled.TiledObject@25458f94, com.almasb.fxgl.entity.level.tiled.TiledObject@a1d129f, com.almasb.fxgl.entity.level.tiled.TiledObject@15333b83, com.almasb.fxgl.entity.level.tiled.TiledObject@3a500a58, com.almasb.fxgl.entity.level.tiled.TiledObject@33e00ba9, com.almasb.fxgl.entity.level.tiled.TiledObject@518b6ea0], opacity=0.0, draworder=)], tilesets=[Tileset(firstgid=1, image=../textures/tiles_spritesheet.png, name=tiles_spritesheet, tilewidth=70, tileheight=70, imagewidth=914, imageheight=936, margin=0, spacing=2, columns=12, tilecount=156, transparentcolor=, tiles=[])], backgroundcolor=, renderorder=right-down, nextobjectid=20, version=1, tiledversion=1.0.1, type=map, infinite=false, hexsidelength=0, staggeraxis=, staggerindex=, properties={}, propertytypes={})
10:40:59.413 [FXGL Background Thread 1 ] DEBUG TMXLevelLoader       - Creating tile layer entities
10:40:59.415 [FXGL Background Thread 1 ] DEBUG TilesetLoader        - Loading view for layer Tile Layer 1
10:40:59.419 [FXGL Background Thread 1 ] DEBUG TilesetLoader        - Created buffer with size 1050.0x700.0
10:40:59.425 [FXGL Background Thread 1 ] WARN  TilesetLoader        - tiles_spritesheet.png cannot be loaded using mapURL=jar:file:/C:/Users/jfran/OneDrive%20-%20Hogeschool%20Leiden/IPOSE-Maven/target/AWayOut-1.0-jar-with-dependencies.jar!/assets/levels/gametest3.tmx Error: java.io.FileNotFoundException: JAR entry assets/levels/tiles_spritesheet.png not found in C:\Users\jfran\OneDrive - Hogeschool Leiden\IPOSE-Maven\target\AWayOut-1.0-jar-with-dependencies.jar
10:40:59.938 [FXGL Background Thread 4 ] DEBUG FXGLAssetLoaderServi - Loading from file system: jar:file:/C:/Users/jfran/OneDrive%20-%20Hogeschool%20Leiden/IPOSE-Maven/target/AWayOut-1.0-jar-with-dependencies.jar!/fxglassets/ui/fonts/Abel-Regular.ttf
10:40:59.976 [FXGL Background Thread 4 ] DEBUG FXGLAssetLoaderServi - Loading from file system: jar:file:/C:/Users/jfran/OneDrive%20-%20Hogeschool%20Leiden/IPOSE-Maven/target/AWayOut-1.0-jar-with-dependencies.jar!/fxglassets/ui/fonts/lucida_console.ttf
10:41:00.017 [FXGL Background Thread 4 ] DEBUG FXGLAssetLoaderServi - Loading from file system: jar:file:/C:/Users/jfran/OneDrive%20-%20Hogeschool%20Leiden/IPOSE-Maven/target/AWayOut-1.0-jar-with-dependencies.jar!/fxglassets/ui/fonts/Courier-Prime.ttf
10:41:00.063 [FXGL Background Thread 1 ] DEBUG TilesetLoader        - Writing to buffer: dst=0,0, w=70,h=70, src=576,864
10:41:00.064 [FXGL Background Thread 1 ] DEBUG TilesetLoader        - Writing to buffer: dst=0,70, w=70,h=70, src=576,864
10:41:00.064 [FXGL Background Thread 1 ] DEBUG TilesetLoader        - Writing to buffer: dst=70,70, w=70,h=70, src=72,0
10:41:00.065 [FXGL Background Thread 1 ] DEBUG TilesetLoader        - Writing to buffer: dst=280,70, w=70,h=70, src=576,360
10:41:00.068 [FXGL Background Thread 1 ] DEBUG TilesetLoader        - Writing to buffer: dst=350,70, w=70,h=70, src=576,288
10:41:00.070 [FXGL Background Thread 1 ] DEBUG TilesetLoader        - Writing to buffer: dst=420,70, w=70,h=70, src=576,216
10:41:00.071 [FXGL Background Thread 1 ] DEBUG TilesetLoader        - Writing to buffer: dst=0,140, w=70,h=70, src=576,864
10:41:00.071 [FXGL Background Thread 1 ] DEBUG TilesetLoader        - Writing to buffer: dst=70,140, w=70,h=70, src=648,0
10:41:00.072 [FXGL Background Thread 1 ] DEBUG TilesetLoader        - Writing to buffer: dst=0,210, w=70,h=70, src=576,864
10:41:00.072 [FXGL Background Thread 1 ] DEBUG TilesetLoader        - Writing to buffer: dst=70,210, w=70,h=70, src=576,864
10:41:00.073 [FXGL Background Thread 1 ] DEBUG TilesetLoader        - Writing to buffer: dst=560,210, w=70,h=70, src=144,72
10:41:00.054 [JavaFX Application Thread] DEBUG FXGLApplication      - Registering font factories with UI factory
10:41:00.074 [FXGL Background Thread 1 ] DEBUG TilesetLoader        - Writing to buffer: dst=630,210, w=70,h=70, src=144,0
10:41:00.080 [FXGL Background Thread 1 ] DEBUG TilesetLoader        - Writing to buffer: dst=700,210, w=70,h=70, src=144,0
10:41:00.081 [FXGL Background Thread 1 ] DEBUG TilesetLoader        - Writing to buffer: dst=770,210, w=70,h=70, src=144,144
10:41:00.081 [FXGL Background Thread 1 ] DEBUG TilesetLoader        - Writing to buffer: dst=0,280, w=70,h=70, src=576,864
10:41:00.094 [FXGL Background Thread 1 ] DEBUG TilesetLoader        - Writing to buffer: dst=70,280, w=70,h=70, src=576,864
10:41:00.095 [FXGL Background Thread 1 ] DEBUG TilesetLoader        - Writing to buffer: dst=0,350, w=70,h=70, src=576,864
10:41:00.098 [FXGL Background Thread 1 ] DEBUG TilesetLoader        - Writing to buffer: dst=70,350, w=70,h=70, src=576,864
10:41:00.098 [FXGL Background Thread 1 ] DEBUG TilesetLoader        - Writing to buffer: dst=980,350, w=70,h=70, src=504,648
10:41:00.099 [FXGL Background Thread 1 ] DEBUG TilesetLoader        - Writing to buffer: dst=0,420, w=70,h=70, src=576,864
10:41:00.099 [FXGL Background Thread 1 ] DEBUG TilesetLoader        - Writing to buffer: dst=70,420, w=70,h=70, src=576,864
10:41:00.101 [FXGL Background Thread 1 ] DEBUG TilesetLoader        - Writing to buffer: dst=560,420, w=70,h=70, src=144,72
10:41:00.101 [FXGL Background Thread 1 ] DEBUG TilesetLoader        - Writing to buffer: dst=630,420, w=70,h=70, src=144,0
10:41:00.102 [FXGL Background Thread 1 ] DEBUG TilesetLoader        - Writing to buffer: dst=700,420, w=70,h=70, src=144,0
10:41:00.103 [FXGL Background Thread 1 ] DEBUG TilesetLoader        - Writing to buffer: dst=770,420, w=70,h=70, src=144,144
10:41:00.104 [FXGL Background Thread 1 ] DEBUG TilesetLoader        - Writing to buffer: dst=910,420, w=70,h=70, src=504,648
10:41:00.104 [FXGL Background Thread 1 ] DEBUG TilesetLoader        - Writing to buffer: dst=980,420, w=70,h=70, src=576,864
10:41:00.105 [FXGL Background Thread 1 ] DEBUG TilesetLoader        - Writing to buffer: dst=0,490, w=70,h=70, src=576,864
10:41:00.106 [FXGL Background Thread 1 ] DEBUG TilesetLoader        - Writing to buffer: dst=70,490, w=70,h=70, src=576,864
10:41:00.106 [FXGL Background Thread 1 ] DEBUG TilesetLoader        - Writing to buffer: dst=280,490, w=70,h=70, src=576,360
10:41:00.115 [FXGL Background Thread 1 ] DEBUG TilesetLoader        - Writing to buffer: dst=350,490, w=70,h=70, src=576,432
10:41:00.115 [FXGL Background Thread 1 ] DEBUG TilesetLoader        - Writing to buffer: dst=420,490, w=70,h=70, src=576,288
10:41:00.116 [FXGL Background Thread 1 ] DEBUG TilesetLoader        - Writing to buffer: dst=910,490, w=70,h=70, src=576,864
10:41:00.116 [FXGL Background Thread 1 ] DEBUG TilesetLoader        - Writing to buffer: dst=980,490, w=70,h=70, src=576,864
10:41:00.117 [FXGL Background Thread 1 ] DEBUG TilesetLoader        - Writing to buffer: dst=0,560, w=70,h=70, src=576,864
10:41:00.117 [FXGL Background Thread 1 ] DEBUG TilesetLoader        - Writing to buffer: dst=70,560, w=70,h=70, src=576,864
10:41:00.117 [FXGL Background Thread 1 ] DEBUG TilesetLoader        - Writing to buffer: dst=910,560, w=70,h=70, src=576,864
10:41:00.118 [FXGL Background Thread 1 ] DEBUG TilesetLoader        - Writing to buffer: dst=980,560, w=70,h=70, src=576,864
10:41:00.118 [FXGL Background Thread 1 ] DEBUG TilesetLoader        - Writing to buffer: dst=0,630, w=70,h=70, src=576,864
10:41:00.119 [FXGL Background Thread 1 ] DEBUG TilesetLoader        - Writing to buffer: dst=70,630, w=70,h=70, src=576,864
10:41:00.119 [FXGL Background Thread 1 ] DEBUG TilesetLoader        - Writing to buffer: dst=140,630, w=70,h=70, src=648,0
10:41:00.137 [FXGL Background Thread 1 ] DEBUG TilesetLoader        - Writing to buffer: dst=210,630, w=70,h=70, src=576,576
10:41:00.137 [FXGL Background Thread 1 ] DEBUG TilesetLoader        - Writing to buffer: dst=490,630, w=70,h=70, src=576,720
10:41:00.138 [FXGL Background Thread 1 ] DEBUG TilesetLoader        - Writing to buffer: dst=560,630, w=70,h=70, src=576,576
10:41:00.139 [FXGL Background Thread 1 ] DEBUG TilesetLoader        - Writing to buffer: dst=840,630, w=70,h=70, src=576,720
10:41:00.206 [FXGL Background Thread 1 ] DEBUG TilesetLoader        - Writing to buffer: dst=910,630, w=70,h=70, src=576,864
10:41:00.207 [FXGL Background Thread 1 ] DEBUG TilesetLoader        - Writing to buffer: dst=980,630, w=70,h=70, src=576,864
10:41:00.208 [FXGL Background Thread 1 ] DEBUG TMXLevelLoader       - Creating object layer entities
10:41:00.290 [FXGL Background Thread 1 ] DEBUG GameWorld            - Clearing removable entities
10:41:00.291 [FXGL Background Thread 1 ] DEBUG GameWorld            - Setting level: com.almasb.fxgl.entity.level.Level@2b7499a6
10:41:00.315 [FXGL Background Thread 1 ] DEBUG FXGLAssetLoaderServi - Loading from file system: jar:file:/C:/Users/jfran/OneDrive%20-%20Hogeschool%20Leiden/IPOSE-Maven/target/AWayOut-1.0-jar-with-dependencies.jar!/assets/textures/madotsuki.png
10:41:00.323 [FXGL Background Thread 1 ] INFO  FXGLApplication      - Game initialization took: 1,108 sec
10:41:00.324 [JavaFX Application Thread] DEBUG Input                - Clearing active input actions
10:41:00.350 [JavaFX Application Thread] DEBUG GameApplicationServi - Removing overlay from FXGLLoadingScene and adding to GameScene
10:41:00.351 [JavaFX Application Thread] DEBUG PrimaryStageWindow   - FXGLLoadingScene -> GameScene
10:41:01.965 [FXGL Background Thread 3 ] DEBUG Engine               - Logging environment variables
10:41:01.966 [FXGL Background Thread 3 ] DEBUG Engine               - achievements: []
10:41:01.967 [FXGL Background Thread 3 ] DEBUG Engine               - actualHeight: 700.0
10:41:01.968 [FXGL Background Thread 3 ] DEBUG Engine               - actualHeightProperty: ReadOnlyDoubleProperty [value: 700.0]
10:41:01.968 [FXGL Background Thread 3 ] DEBUG Engine               - actualWidth: 1050.0
10:41:01.969 [FXGL Background Thread 3 ] DEBUG Engine               - actualWidthProperty: ReadOnlyDoubleProperty [value: 1050.0]
10:41:01.969 [FXGL Background Thread 3 ] DEBUG Engine               - appIcon: fxgl_icon.png
10:41:01.970 [FXGL Background Thread 3 ] DEBUG Engine               - applicationMode: DEVELOPER
10:41:01.970 [FXGL Background Thread 3 ] DEBUG Engine               - cSSList: [fxgl_dark.css]
10:41:01.971 [FXGL Background Thread 3 ] DEBUG Engine               - collisionDetectionStrategy: BRUTE_FORCE
10:41:01.971 [FXGL Background Thread 3 ] DEBUG Engine               - configClass: Optional.empty
10:41:01.971 [FXGL Background Thread 3 ] DEBUG Engine               - credits: []
10:41:01.972 [FXGL Background Thread 3 ] DEBUG Engine               - devBBoxColorProperty: ObjectProperty [value: 0xff0000ff]
10:41:01.972 [FXGL Background Thread 3 ] DEBUG Engine               - devEnableDebugCameraProperty: BooleanProperty [value: false]
10:41:01.973 [FXGL Background Thread 3 ] DEBUG Engine               - devSensorColorProperty: ObjectProperty [value: 0xffff00ff]
10:41:01.974 [FXGL Background Thread 3 ] DEBUG Engine               - devShowBBoxProperty: BooleanProperty [value: false]
10:41:01.974 [FXGL Background Thread 3 ] DEBUG Engine               - devShowPositionProperty: BooleanProperty [value: false]
10:41:01.975 [FXGL Background Thread 3 ] DEBUG Engine               - enabledMenuItems: []
10:41:01.975 [FXGL Background Thread 3 ] DEBUG Engine               - engineServices: [class com.almasb.fxgl.app.services.FXGLAssetLoaderService, class com.almasb.fxgl.app.FXGLApplication$GameApplicationService, class com.almasb.fxgl.app.services.FXGLDialogService, class com.almasb.fxgl.app.services.IOTaskExecutorService, class com.almasb.fxgl.event.EventBusService, class com.almasb.fxgl.io.FileSystemService, class com.almasb.fxgl.localization.LocalizationService, class com.almasb.fxgl.app.services.SystemBundleService, class com.almasb.fxgl.profile.SaveLoadService, class com.almasb.fxgl.ui.FXGLUIFactoryServiceProvider, class com.almasb.fxgl.ui.FXGLDialogFactoryServiceProvider, class com.almasb.fxgl.audio.AudioPlayer, class com.almasb.fxgl.notification.impl.NotificationServiceProvider, class com.almasb.fxgl.achievement.AchievementService, class com.almasb.fxgl.cutscene.CutsceneService, class com.almasb.fxgl.minigames.MiniGameService, class com.almasb.fxgl.net.NetService, class com.almasb.fxgl.app.services.UpdaterService, class com.almasb.fxgl.dev.DevService]
10:41:01.975 [FXGL Background Thread 3 ] DEBUG Engine               - fontGame: Abel-Regular.ttf
10:41:01.975 [FXGL Background Thread 3 ] DEBUG Engine               - fontMono: lucida_console.ttf
10:41:01.976 [FXGL Background Thread 3 ] DEBUG Engine               - fontText: Courier-Prime.ttf
10:41:01.976 [FXGL Background Thread 3 ] DEBUG Engine               - fontUI: VarelaRound-Regular.ttf
10:41:01.977 [FXGL Background Thread 3 ] DEBUG Engine               - fullScreen: BooleanProperty [value: false]
10:41:01.977 [FXGL Background Thread 3 ] DEBUG Engine               - gameDifficulty: MEDIUM
10:41:01.977 [FXGL Background Thread 3 ] DEBUG Engine               - gameDifficultyProperty: ObjectProperty [value: MEDIUM]
10:41:01.978 [FXGL Background Thread 3 ] DEBUG Engine               - globalMusicVolume: 0.5
10:41:01.978 [FXGL Background Thread 3 ] DEBUG Engine               - globalMusicVolumeProperty: DoubleProperty [value: 0.5]
10:41:01.978 [FXGL Background Thread 3 ] DEBUG Engine               - globalSoundVolume: 0.5
10:41:01.979 [FXGL Background Thread 3 ] DEBUG Engine               - globalSoundVolumeProperty: DoubleProperty [value: 0.5]
10:41:01.979 [FXGL Background Thread 3 ] DEBUG Engine               - height: 700
10:41:01.980 [FXGL Background Thread 3 ] DEBUG Engine               - isAndroid: false
10:41:01.982 [FXGL Background Thread 3 ] DEBUG Engine               - isBrowser: false
10:41:01.983 [FXGL Background Thread 3 ] DEBUG Engine               - isClickFeedbackEnabled: false
10:41:01.984 [FXGL Background Thread 3 ] DEBUG Engine               - isCloseConfirmation: false
10:41:01.984 [FXGL Background Thread 3 ] DEBUG Engine               - isDesktop: true
10:41:01.985 [FXGL Background Thread 3 ] DEBUG Engine               - isDeveloperMenuEnabled: false
10:41:01.985 [FXGL Background Thread 3 ] DEBUG Engine               - isEntityPreloadEnabled: true
10:41:01.985 [FXGL Background Thread 3 ] DEBUG Engine               - isExperimental3D: false
10:41:01.986 [FXGL Background Thread 3 ] DEBUG Engine               - isExperimentalNative: false
10:41:01.986 [FXGL Background Thread 3 ] DEBUG Engine               - isExperimentalTiledLargeMap: false
10:41:01.986 [FXGL Background Thread 3 ] DEBUG Engine               - isFileSystemWriteAllowed: true
10:41:01.987 [FXGL Background Thread 3 ] DEBUG Engine               - isFullScreenAllowed: false
10:41:01.987 [FXGL Background Thread 3 ] DEBUG Engine               - isFullScreenFromStart: false
10:41:01.987 [FXGL Background Thread 3 ] DEBUG Engine               - isGameMenuEnabled: true
10:41:01.988 [FXGL Background Thread 3 ] DEBUG Engine               - isIOS: false
10:41:01.988 [FXGL Background Thread 3 ] DEBUG Engine               - isIntroEnabled: false
10:41:01.988 [FXGL Background Thread 3 ] DEBUG Engine               - isLinux: false
10:41:01.989 [FXGL Background Thread 3 ] DEBUG Engine               - isMac: false
10:41:01.989 [FXGL Background Thread 3 ] DEBUG Engine               - isMainMenuEnabled: false
10:41:01.989 [FXGL Background Thread 3 ] DEBUG Engine               - isManualResizeEnabled: false
10:41:01.989 [FXGL Background Thread 3 ] DEBUG Engine               - isMobile: false
10:41:01.990 [FXGL Background Thread 3 ] DEBUG Engine               - isPreserveResizeRatio: false
10:41:01.990 [FXGL Background Thread 3 ] DEBUG Engine               - isProfilingEnabled: false
10:41:01.990 [FXGL Background Thread 3 ] DEBUG Engine               - isScaleAffectedOnResize: true
10:41:01.991 [FXGL Background Thread 3 ] DEBUG Engine               - isSingleStep: false
10:41:01.991 [FXGL Background Thread 3 ] DEBUG Engine               - isUserProfileEnabled: false
10:41:01.992 [FXGL Background Thread 3 ] DEBUG Engine               - isWindows: true
10:41:01.992 [FXGL Background Thread 3 ] DEBUG Engine               - language: ObjectProperty [value: ENGLISH]
10:41:01.994 [FXGL Background Thread 3 ] DEBUG Engine               - menuKey: ESCAPE
10:41:01.995 [FXGL Background Thread 3 ] DEBUG Engine               - notificationViewClass: class com.almasb.fxgl.notification.view.XboxNotificationView
10:41:01.996 [FXGL Background Thread 3 ] DEBUG Engine               - pixelsPerMeter: 50.0
10:41:01.997 [FXGL Background Thread 3 ] DEBUG Engine               - platform: WINDOWS
10:41:01.997 [FXGL Background Thread 3 ] DEBUG Engine               - prefHeightProperty: ReadOnlyDoubleProperty [value: 700.0]
10:41:01.998 [FXGL Background Thread 3 ] DEBUG Engine               - prefWidthProperty: ReadOnlyDoubleProperty [value: 1050.0]
10:41:01.998 [FXGL Background Thread 3 ] DEBUG Engine               - profileDir: profiles/
10:41:01.998 [FXGL Background Thread 3 ] DEBUG Engine               - profileName: StringProperty [value: DEFAULT]
10:41:01.999 [FXGL Background Thread 3 ] DEBUG Engine               - randomSeed: -1
10:41:01.999 [FXGL Background Thread 3 ] DEBUG Engine               - runtimeInfo: RuntimeInfo(platform=WINDOWS, version=11.14, build=01.03.2021 16.59)
10:41:01.999 [FXGL Background Thread 3 ] DEBUG Engine               - saveFileExt: sav
10:41:02.000 [FXGL Background Thread 3 ] DEBUG Engine               - scaledHeightProp$fxgl: DoubleProperty [bound, value: 700.0]
10:41:02.000 [FXGL Background Thread 3 ] DEBUG Engine               - scaledWidthProp$fxgl: DoubleProperty [bound, value: 1050.0]
10:41:02.000 [FXGL Background Thread 3 ] DEBUG Engine               - sceneFactory: com.almasb.fxgl.app.scene.SceneFactory@21b9b770
10:41:02.001 [FXGL Background Thread 3 ] DEBUG Engine               - secondsIn24h: 60
10:41:02.001 [FXGL Background Thread 3 ] DEBUG Engine               - soundMenuBack: menu/back.wav
10:41:02.001 [FXGL Background Thread 3 ] DEBUG Engine               - soundMenuPress: menu/press.wav
10:41:02.002 [FXGL Background Thread 3 ] DEBUG Engine               - soundMenuSelect: menu/select.wav
10:41:02.002 [FXGL Background Thread 3 ] DEBUG Engine               - soundNotification: core/notification.wav
10:41:02.002 [FXGL Background Thread 3 ] DEBUG Engine               - stageStyle: DECORATED
10:41:02.003 [FXGL Background Thread 3 ] DEBUG Engine               - supportedLanguages: [ENGLISH, FRENCH, GERMAN, HUNGARIAN, RUSSIAN]
10:41:02.003 [FXGL Background Thread 3 ] DEBUG Engine               - ticksPerSecond: -1
10:41:02.003 [FXGL Background Thread 3 ] DEBUG Engine               - title: Demo game
10:41:02.003 [FXGL Background Thread 3 ] DEBUG Engine               - urlGithub: https://github.com/AlmasB/FXGL
10:41:02.004 [FXGL Background Thread 3 ] DEBUG Engine               - urlLeaderboard: http://fxgl-top.herokuapp.com/
10:41:02.004 [FXGL Background Thread 3 ] DEBUG Engine               - urlPOM: https://raw.githubusercontent.com/AlmasB/FXGL/release/README.md
10:41:02.004 [FXGL Background Thread 3 ] DEBUG Engine               - userAppClass: class Game
10:41:02.004 [FXGL Background Thread 3 ] DEBUG Engine               - version: 1.1
10:41:02.005 [FXGL Background Thread 3 ] DEBUG Engine               - versionCheckDays: 7
10:41:02.005 [FXGL Background Thread 3 ] DEBUG Engine               - width: 1050
10:41:02.005 [FXGL Background Thread 3 ] DEBUG Engine               - Logging services
10:41:02.006 [FXGL Background Thread 3 ] DEBUG Engine               - class com.almasb.fxgl.app.services.FXGLAssetLoaderService
10:41:02.006 [FXGL Background Thread 3 ] DEBUG Engine               - class com.almasb.fxgl.app.FXGLApplication$GameApplicationService
10:41:02.006 [FXGL Background Thread 3 ] DEBUG Engine               - class com.almasb.fxgl.app.services.FXGLDialogService
10:41:02.006 [FXGL Background Thread 3 ] DEBUG Engine               - class com.almasb.fxgl.app.services.IOTaskExecutorService
10:41:02.007 [FXGL Background Thread 3 ] DEBUG Engine               - class com.almasb.fxgl.event.EventBusService
10:41:02.007 [FXGL Background Thread 3 ] DEBUG Engine               - class com.almasb.fxgl.io.FileSystemService
10:41:02.007 [FXGL Background Thread 3 ] DEBUG Engine               - class com.almasb.fxgl.localization.LocalizationService
10:41:02.007 [FXGL Background Thread 3 ] DEBUG Engine               - class com.almasb.fxgl.app.services.SystemBundleService
10:41:02.008 [FXGL Background Thread 3 ] DEBUG Engine               - class com.almasb.fxgl.profile.SaveLoadService
10:41:02.008 [FXGL Background Thread 3 ] DEBUG Engine               - class com.almasb.fxgl.ui.FXGLUIFactoryServiceProvider
10:41:02.008 [FXGL Background Thread 3 ] DEBUG Engine               - class com.almasb.fxgl.ui.FXGLDialogFactoryServiceProvider
10:41:02.008 [FXGL Background Thread 3 ] DEBUG Engine               - class com.almasb.fxgl.audio.AudioPlayer
10:41:02.008 [FXGL Background Thread 3 ] DEBUG Engine               - class com.almasb.fxgl.notification.impl.NotificationServiceProvider
10:41:02.009 [FXGL Background Thread 3 ] DEBUG Engine               - class com.almasb.fxgl.achievement.AchievementService
10:41:02.009 [FXGL Background Thread 3 ] DEBUG Engine               - class com.almasb.fxgl.cutscene.CutsceneService
10:41:02.011 [FXGL Background Thread 3 ] DEBUG Engine               - class com.almasb.fxgl.minigames.MiniGameService
10:41:02.013 [FXGL Background Thread 3 ] DEBUG Engine               - class com.almasb.fxgl.net.NetService
10:41:02.014 [FXGL Background Thread 3 ] DEBUG Engine               - class com.almasb.fxgl.app.services.UpdaterService
10:41:02.014 [FXGL Background Thread 3 ] DEBUG Engine               - class com.almasb.fxgl.dev.DevService
10:41:07.401 [FXGL Background Thread 2 ] INFO  UpdaterService       - Your current version:  11.14
10:41:07.402 [FXGL Background Thread 2 ] INFO  UpdaterService       - Latest stable version: 17.1
10:42:09.576 [JavaFX Application Thread] DEBUG FXGLApplication      - Exiting FXGL
10:42:09.576 [JavaFX Application Thread] DEBUG LoopRunner           - Stopping loop
10:42:09.576 [JavaFX Application Thread] DEBUG SystemBundleService  - Saving FXGL system data
10:42:09.580 [JavaFX Application Thread] DEBUG FileSystemAccess     - Writing to: C:\Users\jfran\OneDrive - Hogeschool Leiden\IPOSE-Maven\system\fxgl.bundle
10:42:09.583 [JavaFX Application Thread] DEBUG Async                - Shutting down background threads
10:42:09.583 [JavaFX Application Thread] DEBUG PrimaryStageWindow   - Closing main window
10:42:09.622 [JavaFX Application Thread] DEBUG Logger               - Closing Logger
