13:07:38.416 [main                     ] DEBUG Logger               - Configured Logger
13:07:38.448 [main                     ] DEBUG GameApplication      - Logging settings
Title: Demo game
Version: 1.2
Width: 1050
Height: 700
Fullscreen: false
Intro: false
Profiling: false
Single step:false
App Mode: DEVELOPER
Menu Key: ESCAPE
Stage Style: DECORATED
Scene Factory: class com.almasb.fxgl.app.scene.SceneFactory

13:07:39.737 [JavaFX Application Thread] DEBUG FXGLApplication      - Initializing FXGL
13:07:39.743 [JavaFX Application Thread] INFO  Engine               - FXGL-11.14 (01.03.2021 16.59) on WINDOWS (J:15.0.2 FX:15)
13:07:39.744 [JavaFX Application Thread] DEBUG Engine               - JRE Vendor Name: Amazon.com Inc.
13:07:39.745 [JavaFX Application Thread] DEBUG Engine               - Running on OS: Windows 10 version 10.0
13:07:39.747 [JavaFX Application Thread] DEBUG Engine               - Architecture: amd64
13:07:39.748 [JavaFX Application Thread] INFO  Engine               - Source code and latest versions at: https://github.com/AlmasB/FXGL
13:07:39.749 [JavaFX Application Thread] INFO  Engine               -              Join the FXGL chat at: https://gitter.im/AlmasB/FXGL
13:07:40.190 [JavaFX Application Thread] DEBUG PrimaryStageWindow   - Creating a JavaFX scene
13:07:40.359 [JavaFX Application Thread] DEBUG PrimaryStageWindow   - Target settings size: 1050.0 x 700.0
13:07:40.360 [JavaFX Application Thread] DEBUG PrimaryStageWindow   - Scaled scene size:    1050.0 x 700.0
13:07:40.360 [JavaFX Application Thread] DEBUG PrimaryStageWindow   - Scaled ratio: (1.0, 1.0)
13:07:40.363 [JavaFX Application Thread] DEBUG PrimaryStageWindow   - Set initial scene to FXGLStartupScene
13:07:40.388 [JavaFX Application Thread] DEBUG PrimaryStageWindow   - Opening main window
13:07:40.695 [JavaFX Application Thread] DEBUG PrimaryStageWindow   - Window border size: (14.800048828125, 37.5999755859375)
13:07:40.696 [JavaFX Application Thread] DEBUG PrimaryStageWindow   - Scaled size: 1050.0 x 700.0
13:07:40.697 [JavaFX Application Thread] DEBUG PrimaryStageWindow   - Scaled ratio: (1.0, 1.0)
13:07:40.699 [JavaFX Application Thread] DEBUG PrimaryStageWindow   - Scene size: 1050.0 x 700.0
13:07:40.700 [JavaFX Application Thread] DEBUG PrimaryStageWindow   - Stage size: 1064.800048828125 x 737.5999755859375
13:07:40.790 [FXGL Background Thread 1 ] DEBUG Engine               - Initializing environment variables
13:07:40.920 [FXGL Background Thread 1 ] DEBUG FXGLAssetLoaderServi - User app class for loading assets: class Game
13:07:40.920 [FXGL Background Thread 1 ] DEBUG GameApplicationServi - Applying CSS: fxgl_dark.css
13:07:40.922 [FXGL Background Thread 1 ] DEBUG FXGLAssetLoaderServi - Loading from file system: jar:file:/C:/Users/jfran/.m2/repository/com/github/almasb/fxgl/11.14/fxgl-11.14.jar!/fxglassets/ui/css/fxgl_dark.css
13:07:41.083 [FXGL Background Thread 1 ] DEBUG GameApplicationServi - Initializing application scenes
13:07:41.290 [FXGL Background Thread 1 ] DEBUG GameWorld            - Game world initialized
13:07:41.483 [FXGL Background Thread 1 ] DEBUG PhysicsWorld         - Physics world initialized: appHeight=700, physics.ppm=50,0
13:07:41.484 [FXGL Background Thread 1 ] DEBUG PhysicsWorld         - Using strategy: BRUTE_FORCE
13:07:41.491 [FXGL Background Thread 1 ] DEBUG GameScene            - Game scene initialized: 1050x700
13:07:41.590 [FXGL Background Thread 1 ] DEBUG FXGLAssetLoaderServi - Loading from file system: jar:file:/C:/Users/jfran/.m2/repository/com/github/almasb/fxgl/11.14/fxgl-11.14.jar!/fxglassets/textures/particles/trace_horizontal.png
13:07:41.716 [FXGL Background Thread 1 ] DEBUG FXGL.DefaultMenu     - createMenuBodyGameMenu()
13:07:41.751 [FXGL Background Thread 1 ] DEBUG FXGL.DefaultMenu     - createOptionsMenu()
13:07:41.766 [FXGL Background Thread 1 ] DEBUG FXGLAssetLoaderServi - Loading from file system: jar:file:/C:/Users/jfran/.m2/repository/com/github/almasb/fxgl/11.14/fxgl-11.14.jar!/fxglassets/textures/particles/smoke.png
13:07:41.929 [FXGL Background Thread 1 ] DEBUG GameApplicationServi - Application scenes initialized
13:07:41.961 [FXGL Background Thread 1 ] DEBUG SystemBundleService  - Loading FXGL system data
13:07:41.988 [FXGL Background Thread 1 ] DEBUG FileSystemAccess     - Reading from: C:\Users\jfran\OneDrive - Hogeschool Leiden\IPOSE-Maven\system\fxgl.bundle
13:07:42.005 [FXGL Background Thread 1 ] DEBUG SystemBundleService  - Bundle FXGL: {}
13:07:42.006 [FXGL Background Thread 1 ] DEBUG UpdaterService       - Checking for updates
13:07:42.020 [FXGL Background Thread 1 ] DEBUG FXGLApplication      - Loading default localization
13:07:42.021 [FXGL Background Thread 1 ] DEBUG FXGLAssetLoaderServi - Loading from file system: jar:file:/C:/Users/jfran/.m2/repository/com/github/almasb/fxgl/11.14/fxgl-11.14.jar!/fxglassets/languages/english.lang
13:07:42.058 [FXGL Background Thread 1 ] INFO  FXGLApplication      - FXGL initialization took: 1,268 sec
13:07:42.083 [JavaFX Application Thread] DEBUG Input                - Registered new binding: Left - A
13:07:42.084 [JavaFX Application Thread] DEBUG Input                - Registered new binding: Right - D
13:07:42.084 [JavaFX Application Thread] DEBUG Input                - Registered new binding: Jump - W
13:07:42.089 [FXGL Background Thread 4 ] DEBUG FXGLApplication      - Loading fonts
13:07:42.091 [FXGL Background Thread 4 ] DEBUG FXGLAssetLoaderServi - Loading from file system: jar:file:/C:/Users/jfran/.m2/repository/com/github/almasb/fxgl/11.14/fxgl-11.14.jar!/fxglassets/ui/fonts/VarelaRound-Regular.ttf
13:07:42.086 [JavaFX Application Thread] DEBUG FXGLAssetLoaderServi - Loading from file system: jar:file:/C:/Users/jfran/.m2/repository/com/github/almasb/fxgl/11.14/fxgl-11.14.jar!/fxglassets/textures/fxgl_icon.png
13:07:42.150 [JavaFX Application Thread] DEBUG FXGLAssetLoaderServi - Loading from file system: jar:file:/C:/Users/jfran/.m2/repository/com/github/almasb/fxgl/11.14/fxgl-11.14.jar!/fxglassets/ui/cursors/fxgl_default.png
13:07:42.176 [JavaFX Application Thread] DEBUG Input                - Registered new binding: Screenshot - P
13:07:42.178 [JavaFX Application Thread] DEBUG Input                - Registered new binding: System info dump - CTRL+9
13:07:42.179 [JavaFX Application Thread] DEBUG Input                - Registered new binding: Restart - CTRL+R
13:07:42.182 [JavaFX Application Thread] DEBUG Input                - Registered new binding: Toggle Debug Camera - CTRL+C
13:07:42.188 [JavaFX Application Thread] DEBUG LoopRunner           - Starting loop
13:07:42.189 [JavaFX Application Thread] DEBUG LoopRunner           - Initializing JavaFX AnimationTimerLoop
13:07:42.194 [JavaFX Application Thread] DEBUG GameApplicationServi - Starting new game
13:07:42.195 [JavaFX Application Thread] DEBUG Input                - Clearing active input actions
13:07:42.223 [JavaFX Application Thread] DEBUG GameApplicationServi - Removing overlay from FXGLStartupScene and adding to FXGLLoadingScene
13:07:42.224 [JavaFX Application Thread] DEBUG PrimaryStageWindow   - FXGLStartupScene -> FXGLLoadingScene
13:07:42.225 [JavaFX Application Thread] DEBUG GameApplicationServi - Clearing previous game
13:07:42.225 [JavaFX Application Thread] DEBUG GameScene            - Clearing game scene
13:07:42.226 [JavaFX Application Thread] DEBUG GameWorld            - Clearing game world
13:07:42.226 [JavaFX Application Thread] DEBUG PhysicsWorld         - Clearing physics world
13:07:42.229 [FXGL Background Thread 1 ] DEBUG FXGLApplication      - Initializing game
13:07:42.350 [FXGL Background Thread 1 ] WARN  TMXLevelLoader       - TiledMap generated from 1.0.1. Supported version: 1.2.3. Some features may not be parsed fully.
13:07:42.393 [FXGL Background Thread 1 ] DEBUG TMXLevelLoader       - Parsed raw map: TiledMap(width=15, height=10, tilewidth=70, tileheight=70, orientation=orthogonal, layers=[Layer(width=15, height=10, name=Tile Layer 1, type=tilelayer, visible=false, x=0, y=0, data=[153, 0, 0, 0, 0, 0, 0, 0, 0, 0, 0, 0, 0, 0, 0, 153, 2, 0, 0, 69, 57, 45, 0, 0, 0, 0, 0, 0, 0, 0, 153, 10, 0, 0, 0, 0, 0, 0, 0, 0, 0, 0, 0, 0, 0, 153, 153, 0, 0, 0, 0, 0, 0, 15, 3, 3, 27, 0, 0, 0, 153, 153, 0, 0, 0, 0, 0, 0, 0, 0, 0, 0, 0, 0, 0, 153, 153, 0, 0, 0, 0, 0, 0, 0, 0, 0, 0, 0, 0, 116, 153, 153, 0, 0, 0, 0, 0, 0, 15, 3, 3, 27, 0, 116, 153, 153, 153, 0, 0, 69, 81, 57, 0, 0, 0, 0, 0, 0, 153, 153, 153, 153, 0, 0, 0, 0, 0, 0, 0, 0, 0, 0, 0, 153, 153, 153, 153, 10, 105, 0, 0, 0, 129, 105, 0, 0, 0, 129, 153, 153], objects=[], opacity=0.0, draworder=), Layer(width=0, height=0, name=Object Layer 1, type=objectgroup, visible=false, x=0, y=0, data=[], objects=[com.almasb.fxgl.entity.level.tiled.TiledObject@413d4185, com.almasb.fxgl.entity.level.tiled.TiledObject@85703ef, com.almasb.fxgl.entity.level.tiled.TiledObject@1a702fc0, com.almasb.fxgl.entity.level.tiled.TiledObject@4b1aef34, com.almasb.fxgl.entity.level.tiled.TiledObject@6000bebb, com.almasb.fxgl.entity.level.tiled.TiledObject@5078812f, com.almasb.fxgl.entity.level.tiled.TiledObject@4bedaacf, com.almasb.fxgl.entity.level.tiled.TiledObject@57129fc9, com.almasb.fxgl.entity.level.tiled.TiledObject@328206f6, com.almasb.fxgl.entity.level.tiled.TiledObject@26678870, com.almasb.fxgl.entity.level.tiled.TiledObject@7af5a1, com.almasb.fxgl.entity.level.tiled.TiledObject@4355ceb0, com.almasb.fxgl.entity.level.tiled.TiledObject@61c2d59a, com.almasb.fxgl.entity.level.tiled.TiledObject@7b7ce5da, com.almasb.fxgl.entity.level.tiled.TiledObject@2c7cc0e9, com.almasb.fxgl.entity.level.tiled.TiledObject@4131bb98, com.almasb.fxgl.entity.level.tiled.TiledObject@36a8c821, com.almasb.fxgl.entity.level.tiled.TiledObject@2a66a91b, com.almasb.fxgl.entity.level.tiled.TiledObject@60574f36], opacity=0.0, draworder=)], tilesets=[Tileset(firstgid=1, image=tiles_spritesheet.png, name=tiles_spritesheet, tilewidth=70, tileheight=70, imagewidth=914, imageheight=936, margin=0, spacing=2, columns=12, tilecount=156, transparentcolor=, tiles=[])], backgroundcolor=, renderorder=right-down, nextobjectid=20, version=1, tiledversion=1.0.1, type=map, infinite=false, hexsidelength=0, staggeraxis=, staggerindex=, properties={}, propertytypes={})
13:07:42.408 [FXGL Background Thread 1 ] DEBUG TMXLevelLoader       - Creating tile layer entities
13:07:42.410 [FXGL Background Thread 1 ] DEBUG TilesetLoader        - Loading view for layer Tile Layer 1
13:07:42.416 [FXGL Background Thread 1 ] DEBUG TilesetLoader        - Created buffer with size 1050.0x700.0
13:07:42.617 [FXGL Background Thread 1 ] DEBUG TilesetLoader        - Writing to buffer: dst=0,0, w=70,h=70, src=576,864
13:07:42.642 [FXGL Background Thread 1 ] DEBUG TilesetLoader        - Writing to buffer: dst=0,70, w=70,h=70, src=576,864
13:07:42.643 [FXGL Background Thread 1 ] DEBUG TilesetLoader        - Writing to buffer: dst=70,70, w=70,h=70, src=72,0
13:07:42.643 [FXGL Background Thread 1 ] DEBUG TilesetLoader        - Writing to buffer: dst=280,70, w=70,h=70, src=576,360
13:07:42.644 [FXGL Background Thread 1 ] DEBUG TilesetLoader        - Writing to buffer: dst=350,70, w=70,h=70, src=576,288
13:07:42.644 [FXGL Background Thread 1 ] DEBUG TilesetLoader        - Writing to buffer: dst=420,70, w=70,h=70, src=576,216
13:07:42.645 [FXGL Background Thread 1 ] DEBUG TilesetLoader        - Writing to buffer: dst=0,140, w=70,h=70, src=576,864
13:07:42.645 [FXGL Background Thread 1 ] DEBUG TilesetLoader        - Writing to buffer: dst=70,140, w=70,h=70, src=648,0
13:07:42.646 [FXGL Background Thread 1 ] DEBUG TilesetLoader        - Writing to buffer: dst=0,210, w=70,h=70, src=576,864
13:07:42.646 [FXGL Background Thread 1 ] DEBUG TilesetLoader        - Writing to buffer: dst=70,210, w=70,h=70, src=576,864
13:07:42.647 [FXGL Background Thread 1 ] DEBUG TilesetLoader        - Writing to buffer: dst=560,210, w=70,h=70, src=144,72
13:07:42.647 [FXGL Background Thread 1 ] DEBUG TilesetLoader        - Writing to buffer: dst=630,210, w=70,h=70, src=144,0
13:07:42.647 [FXGL Background Thread 1 ] DEBUG TilesetLoader        - Writing to buffer: dst=700,210, w=70,h=70, src=144,0
13:07:42.648 [FXGL Background Thread 1 ] DEBUG TilesetLoader        - Writing to buffer: dst=770,210, w=70,h=70, src=144,144
13:07:42.648 [FXGL Background Thread 1 ] DEBUG TilesetLoader        - Writing to buffer: dst=0,280, w=70,h=70, src=576,864
13:07:42.649 [FXGL Background Thread 1 ] DEBUG TilesetLoader        - Writing to buffer: dst=70,280, w=70,h=70, src=576,864
13:07:42.679 [FXGL Background Thread 1 ] DEBUG TilesetLoader        - Writing to buffer: dst=0,350, w=70,h=70, src=576,864
13:07:42.680 [FXGL Background Thread 1 ] DEBUG TilesetLoader        - Writing to buffer: dst=70,350, w=70,h=70, src=576,864
13:07:42.686 [FXGL Background Thread 1 ] DEBUG TilesetLoader        - Writing to buffer: dst=980,350, w=70,h=70, src=504,648
13:07:42.687 [FXGL Background Thread 1 ] DEBUG TilesetLoader        - Writing to buffer: dst=0,420, w=70,h=70, src=576,864
13:07:42.687 [FXGL Background Thread 1 ] DEBUG TilesetLoader        - Writing to buffer: dst=70,420, w=70,h=70, src=576,864
13:07:42.688 [FXGL Background Thread 1 ] DEBUG TilesetLoader        - Writing to buffer: dst=560,420, w=70,h=70, src=144,72
13:07:42.688 [FXGL Background Thread 1 ] DEBUG TilesetLoader        - Writing to buffer: dst=630,420, w=70,h=70, src=144,0
13:07:42.689 [FXGL Background Thread 1 ] DEBUG TilesetLoader        - Writing to buffer: dst=700,420, w=70,h=70, src=144,0
13:07:42.689 [FXGL Background Thread 1 ] DEBUG TilesetLoader        - Writing to buffer: dst=770,420, w=70,h=70, src=144,144
13:07:42.690 [FXGL Background Thread 1 ] DEBUG TilesetLoader        - Writing to buffer: dst=910,420, w=70,h=70, src=504,648
13:07:42.690 [FXGL Background Thread 1 ] DEBUG TilesetLoader        - Writing to buffer: dst=980,420, w=70,h=70, src=576,864
13:07:42.691 [FXGL Background Thread 1 ] DEBUG TilesetLoader        - Writing to buffer: dst=0,490, w=70,h=70, src=576,864
13:07:42.691 [FXGL Background Thread 1 ] DEBUG TilesetLoader        - Writing to buffer: dst=70,490, w=70,h=70, src=576,864
13:07:42.692 [FXGL Background Thread 1 ] DEBUG TilesetLoader        - Writing to buffer: dst=280,490, w=70,h=70, src=576,360
13:07:42.693 [FXGL Background Thread 1 ] DEBUG TilesetLoader        - Writing to buffer: dst=350,490, w=70,h=70, src=576,432
13:07:42.694 [FXGL Background Thread 1 ] DEBUG TilesetLoader        - Writing to buffer: dst=420,490, w=70,h=70, src=576,288
13:07:42.694 [FXGL Background Thread 1 ] DEBUG TilesetLoader        - Writing to buffer: dst=910,490, w=70,h=70, src=576,864
13:07:42.695 [FXGL Background Thread 1 ] DEBUG TilesetLoader        - Writing to buffer: dst=980,490, w=70,h=70, src=576,864
13:07:42.695 [FXGL Background Thread 1 ] DEBUG TilesetLoader        - Writing to buffer: dst=0,560, w=70,h=70, src=576,864
13:07:42.696 [FXGL Background Thread 1 ] DEBUG TilesetLoader        - Writing to buffer: dst=70,560, w=70,h=70, src=576,864
13:07:42.697 [FXGL Background Thread 1 ] DEBUG TilesetLoader        - Writing to buffer: dst=910,560, w=70,h=70, src=576,864
13:07:42.697 [FXGL Background Thread 1 ] DEBUG TilesetLoader        - Writing to buffer: dst=980,560, w=70,h=70, src=576,864
13:07:42.698 [FXGL Background Thread 1 ] DEBUG TilesetLoader        - Writing to buffer: dst=0,630, w=70,h=70, src=576,864
13:07:42.698 [FXGL Background Thread 1 ] DEBUG TilesetLoader        - Writing to buffer: dst=70,630, w=70,h=70, src=576,864
13:07:42.699 [FXGL Background Thread 1 ] DEBUG TilesetLoader        - Writing to buffer: dst=140,630, w=70,h=70, src=648,0
13:07:42.699 [FXGL Background Thread 1 ] DEBUG TilesetLoader        - Writing to buffer: dst=210,630, w=70,h=70, src=576,576
13:07:42.700 [FXGL Background Thread 1 ] DEBUG TilesetLoader        - Writing to buffer: dst=490,630, w=70,h=70, src=576,720
13:07:42.700 [FXGL Background Thread 1 ] DEBUG TilesetLoader        - Writing to buffer: dst=560,630, w=70,h=70, src=576,576
13:07:42.702 [FXGL Background Thread 1 ] DEBUG TilesetLoader        - Writing to buffer: dst=840,630, w=70,h=70, src=576,720
13:07:42.703 [FXGL Background Thread 1 ] DEBUG TilesetLoader        - Writing to buffer: dst=910,630, w=70,h=70, src=576,864
13:07:42.703 [FXGL Background Thread 1 ] DEBUG TilesetLoader        - Writing to buffer: dst=980,630, w=70,h=70, src=576,864
13:07:42.716 [FXGL Background Thread 1 ] DEBUG TMXLevelLoader       - Creating object layer entities
13:07:42.769 [FXGL Background Thread 1 ] DEBUG FXGLAssetLoaderServi - Loading from file system: file:/C:/Users/jfran/OneDrive%20-%20Hogeschool%20Leiden/IPOSE-Maven/target/classes/assets/textures/star.png
13:07:42.787 [FXGL Background Thread 1 ] DEBUG GameWorld            - Clearing removable entities
13:07:42.789 [FXGL Background Thread 1 ] DEBUG GameWorld            - Setting level: com.almasb.fxgl.entity.level.Level@7f4582c
13:07:42.842 [FXGL Background Thread 1 ] DEBUG FXGLAssetLoaderServi - Loading from file system: file:/C:/Users/jfran/OneDrive%20-%20Hogeschool%20Leiden/IPOSE-Maven/target/classes/assets/textures/girl.png
13:07:42.873 [FXGL Background Thread 1 ] INFO  FXGLApplication      - Game initialization took: 0,643 sec
13:07:42.890 [JavaFX Application Thread] DEBUG Input                - Clearing active input actions
13:07:42.926 [JavaFX Application Thread] DEBUG GameApplicationServi - Removing overlay from FXGLLoadingScene and adding to GameScene
13:07:42.928 [JavaFX Application Thread] DEBUG PrimaryStageWindow   - FXGLLoadingScene -> GameScene
13:07:43.041 [FXGL Background Thread 4 ] DEBUG FXGLAssetLoaderServi - Loading from file system: jar:file:/C:/Users/jfran/.m2/repository/com/github/almasb/fxgl/11.14/fxgl-11.14.jar!/fxglassets/ui/fonts/Abel-Regular.ttf
13:07:43.074 [FXGL Background Thread 4 ] DEBUG FXGLAssetLoaderServi - Loading from file system: jar:file:/C:/Users/jfran/.m2/repository/com/github/almasb/fxgl/11.14/fxgl-11.14.jar!/fxglassets/ui/fonts/lucida_console.ttf
13:07:43.119 [FXGL Background Thread 4 ] DEBUG FXGLAssetLoaderServi - Loading from file system: jar:file:/C:/Users/jfran/.m2/repository/com/github/almasb/fxgl/11.14/fxgl-11.14.jar!/fxglassets/ui/fonts/Courier-Prime.ttf
13:07:43.161 [JavaFX Application Thread] DEBUG FXGLApplication      - Registering font factories with UI factory
13:07:43.861 [FXGL Background Thread 2 ] INFO  UpdaterService       - Your current version:  11.14
13:07:43.862 [FXGL Background Thread 2 ] INFO  UpdaterService       - Latest stable version: 17.1
13:07:45.017 [FXGL Background Thread 3 ] DEBUG Engine               - Logging environment variables
13:07:45.018 [FXGL Background Thread 3 ] DEBUG Engine               - achievements: []
13:07:45.018 [FXGL Background Thread 3 ] DEBUG Engine               - actualHeight: 700.0
13:07:45.019 [FXGL Background Thread 3 ] DEBUG Engine               - actualHeightProperty: ReadOnlyDoubleProperty [value: 700.0]
13:07:45.020 [FXGL Background Thread 3 ] DEBUG Engine               - actualWidth: 1050.0
13:07:45.020 [FXGL Background Thread 3 ] DEBUG Engine               - actualWidthProperty: ReadOnlyDoubleProperty [value: 1050.0]
13:07:45.020 [FXGL Background Thread 3 ] DEBUG Engine               - appIcon: fxgl_icon.png
13:07:45.021 [FXGL Background Thread 3 ] DEBUG Engine               - applicationMode: DEVELOPER
13:07:45.021 [FXGL Background Thread 3 ] DEBUG Engine               - cSSList: [fxgl_dark.css]
13:07:45.022 [FXGL Background Thread 3 ] DEBUG Engine               - collisionDetectionStrategy: BRUTE_FORCE
13:07:45.022 [FXGL Background Thread 3 ] DEBUG Engine               - configClass: Optional.empty
13:07:45.022 [FXGL Background Thread 3 ] DEBUG Engine               - credits: []
13:07:45.024 [FXGL Background Thread 3 ] DEBUG Engine               - devBBoxColorProperty: ObjectProperty [value: 0xff0000ff]
13:07:45.024 [FXGL Background Thread 3 ] DEBUG Engine               - devEnableDebugCameraProperty: BooleanProperty [value: false]
13:07:45.025 [FXGL Background Thread 3 ] DEBUG Engine               - devSensorColorProperty: ObjectProperty [value: 0xffff00ff]
13:07:45.025 [FXGL Background Thread 3 ] DEBUG Engine               - devShowBBoxProperty: BooleanProperty [value: false]
13:07:45.025 [FXGL Background Thread 3 ] DEBUG Engine               - devShowPositionProperty: BooleanProperty [value: false]
13:07:45.025 [FXGL Background Thread 3 ] DEBUG Engine               - enabledMenuItems: []
13:07:45.026 [FXGL Background Thread 3 ] DEBUG Engine               - engineServices: [class com.almasb.fxgl.app.services.FXGLAssetLoaderService, class com.almasb.fxgl.app.FXGLApplication$GameApplicationService, class com.almasb.fxgl.app.services.FXGLDialogService, class com.almasb.fxgl.app.services.IOTaskExecutorService, class com.almasb.fxgl.event.EventBusService, class com.almasb.fxgl.io.FileSystemService, class com.almasb.fxgl.localization.LocalizationService, class com.almasb.fxgl.app.services.SystemBundleService, class com.almasb.fxgl.profile.SaveLoadService, class com.almasb.fxgl.ui.FXGLUIFactoryServiceProvider, class com.almasb.fxgl.ui.FXGLDialogFactoryServiceProvider, class com.almasb.fxgl.audio.AudioPlayer, class com.almasb.fxgl.notification.impl.NotificationServiceProvider, class com.almasb.fxgl.achievement.AchievementService, class com.almasb.fxgl.cutscene.CutsceneService, class com.almasb.fxgl.minigames.MiniGameService, class com.almasb.fxgl.net.NetService, class com.almasb.fxgl.app.services.UpdaterService, class com.almasb.fxgl.dev.DevService]
13:07:45.026 [FXGL Background Thread 3 ] DEBUG Engine               - fontGame: Abel-Regular.ttf
13:07:45.027 [FXGL Background Thread 3 ] DEBUG Engine               - fontMono: lucida_console.ttf
13:07:45.027 [FXGL Background Thread 3 ] DEBUG Engine               - fontText: Courier-Prime.ttf
13:07:45.027 [FXGL Background Thread 3 ] DEBUG Engine               - fontUI: VarelaRound-Regular.ttf
13:07:45.028 [FXGL Background Thread 3 ] DEBUG Engine               - fullScreen: BooleanProperty [value: false]
13:07:45.028 [FXGL Background Thread 3 ] DEBUG Engine               - gameDifficulty: MEDIUM
13:07:45.028 [FXGL Background Thread 3 ] DEBUG Engine               - gameDifficultyProperty: ObjectProperty [value: MEDIUM]
13:07:45.029 [FXGL Background Thread 3 ] DEBUG Engine               - globalMusicVolume: 0.5
13:07:45.033 [FXGL Background Thread 3 ] DEBUG Engine               - globalMusicVolumeProperty: DoubleProperty [value: 0.5]
13:07:45.034 [FXGL Background Thread 3 ] DEBUG Engine               - globalSoundVolume: 0.5
13:07:45.035 [FXGL Background Thread 3 ] DEBUG Engine               - globalSoundVolumeProperty: DoubleProperty [value: 0.5]
13:07:45.035 [FXGL Background Thread 3 ] DEBUG Engine               - height: 700
13:07:45.036 [FXGL Background Thread 3 ] DEBUG Engine               - isAndroid: false
13:07:45.036 [FXGL Background Thread 3 ] DEBUG Engine               - isBrowser: false
13:07:45.037 [FXGL Background Thread 3 ] DEBUG Engine               - isClickFeedbackEnabled: false
13:07:45.037 [FXGL Background Thread 3 ] DEBUG Engine               - isCloseConfirmation: false
13:07:45.038 [FXGL Background Thread 3 ] DEBUG Engine               - isDesktop: true
13:07:45.038 [FXGL Background Thread 3 ] DEBUG Engine               - isDeveloperMenuEnabled: false
13:07:45.038 [FXGL Background Thread 3 ] DEBUG Engine               - isEntityPreloadEnabled: true
13:07:45.039 [FXGL Background Thread 3 ] DEBUG Engine               - isExperimental3D: false
13:07:45.039 [FXGL Background Thread 3 ] DEBUG Engine               - isExperimentalNative: false
13:07:45.039 [FXGL Background Thread 3 ] DEBUG Engine               - isExperimentalTiledLargeMap: false
13:07:45.040 [FXGL Background Thread 3 ] DEBUG Engine               - isFileSystemWriteAllowed: true
13:07:45.040 [FXGL Background Thread 3 ] DEBUG Engine               - isFullScreenAllowed: false
13:07:45.040 [FXGL Background Thread 3 ] DEBUG Engine               - isFullScreenFromStart: false
13:07:45.041 [FXGL Background Thread 3 ] DEBUG Engine               - isGameMenuEnabled: true
13:07:45.041 [FXGL Background Thread 3 ] DEBUG Engine               - isIOS: false
13:07:45.041 [FXGL Background Thread 3 ] DEBUG Engine               - isIntroEnabled: false
13:07:45.042 [FXGL Background Thread 3 ] DEBUG Engine               - isLinux: false
13:07:45.042 [FXGL Background Thread 3 ] DEBUG Engine               - isMac: false
13:07:45.042 [FXGL Background Thread 3 ] DEBUG Engine               - isMainMenuEnabled: false
13:07:45.043 [FXGL Background Thread 3 ] DEBUG Engine               - isManualResizeEnabled: false
13:07:45.043 [FXGL Background Thread 3 ] DEBUG Engine               - isMobile: false
13:07:45.043 [FXGL Background Thread 3 ] DEBUG Engine               - isPreserveResizeRatio: false
13:07:45.043 [FXGL Background Thread 3 ] DEBUG Engine               - isProfilingEnabled: false
13:07:45.044 [FXGL Background Thread 3 ] DEBUG Engine               - isScaleAffectedOnResize: true
13:07:45.044 [FXGL Background Thread 3 ] DEBUG Engine               - isSingleStep: false
13:07:45.044 [FXGL Background Thread 3 ] DEBUG Engine               - isUserProfileEnabled: false
13:07:45.044 [FXGL Background Thread 3 ] DEBUG Engine               - isWindows: true
13:07:45.045 [FXGL Background Thread 3 ] DEBUG Engine               - language: ObjectProperty [value: ENGLISH]
13:07:45.045 [FXGL Background Thread 3 ] DEBUG Engine               - menuKey: ESCAPE
13:07:45.045 [FXGL Background Thread 3 ] DEBUG Engine               - notificationViewClass: class com.almasb.fxgl.notification.view.XboxNotificationView
13:07:45.048 [FXGL Background Thread 3 ] DEBUG Engine               - pixelsPerMeter: 50.0
13:07:45.050 [FXGL Background Thread 3 ] DEBUG Engine               - platform: WINDOWS
13:07:45.051 [FXGL Background Thread 3 ] DEBUG Engine               - prefHeightProperty: ReadOnlyDoubleProperty [value: 700.0]
13:07:45.051 [FXGL Background Thread 3 ] DEBUG Engine               - prefWidthProperty: ReadOnlyDoubleProperty [value: 1050.0]
13:07:45.052 [FXGL Background Thread 3 ] DEBUG Engine               - profileDir: profiles/
13:07:45.052 [FXGL Background Thread 3 ] DEBUG Engine               - profileName: StringProperty [value: DEFAULT]
13:07:45.053 [FXGL Background Thread 3 ] DEBUG Engine               - randomSeed: -1
13:07:45.053 [FXGL Background Thread 3 ] DEBUG Engine               - runtimeInfo: RuntimeInfo(platform=WINDOWS, version=11.14, build=01.03.2021 16.59)
13:07:45.053 [FXGL Background Thread 3 ] DEBUG Engine               - saveFileExt: sav
13:07:45.054 [FXGL Background Thread 3 ] DEBUG Engine               - scaledHeightProp$fxgl: DoubleProperty [bound, value: 700.0]
13:07:45.054 [FXGL Background Thread 3 ] DEBUG Engine               - scaledWidthProp$fxgl: DoubleProperty [bound, value: 1050.0]
13:07:45.054 [FXGL Background Thread 3 ] DEBUG Engine               - sceneFactory: com.almasb.fxgl.app.scene.SceneFactory@6f6bb399
13:07:45.055 [FXGL Background Thread 3 ] DEBUG Engine               - secondsIn24h: 60
13:07:45.055 [FXGL Background Thread 3 ] DEBUG Engine               - soundMenuBack: menu/back.wav
13:07:45.055 [FXGL Background Thread 3 ] DEBUG Engine               - soundMenuPress: menu/press.wav
13:07:45.055 [FXGL Background Thread 3 ] DEBUG Engine               - soundMenuSelect: menu/select.wav
13:07:45.056 [FXGL Background Thread 3 ] DEBUG Engine               - soundNotification: core/notification.wav
13:07:45.056 [FXGL Background Thread 3 ] DEBUG Engine               - stageStyle: DECORATED
13:07:45.057 [FXGL Background Thread 3 ] DEBUG Engine               - supportedLanguages: [ENGLISH, FRENCH, GERMAN, HUNGARIAN, RUSSIAN]
13:07:45.057 [FXGL Background Thread 3 ] DEBUG Engine               - ticksPerSecond: -1
13:07:45.057 [FXGL Background Thread 3 ] DEBUG Engine               - title: Demo game
13:07:45.058 [FXGL Background Thread 3 ] DEBUG Engine               - urlGithub: https://github.com/AlmasB/FXGL
13:07:45.058 [FXGL Background Thread 3 ] DEBUG Engine               - urlLeaderboard: http://fxgl-top.herokuapp.com/
13:07:45.058 [FXGL Background Thread 3 ] DEBUG Engine               - urlPOM: https://raw.githubusercontent.com/AlmasB/FXGL/release/README.md
13:07:45.058 [FXGL Background Thread 3 ] DEBUG Engine               - userAppClass: class Game
13:07:45.058 [FXGL Background Thread 3 ] DEBUG Engine               - version: 1.2
13:07:45.059 [FXGL Background Thread 3 ] DEBUG Engine               - versionCheckDays: 7
13:07:45.059 [FXGL Background Thread 3 ] DEBUG Engine               - width: 1050
13:07:45.059 [FXGL Background Thread 3 ] DEBUG Engine               - Logging services
13:07:45.060 [FXGL Background Thread 3 ] DEBUG Engine               - class com.almasb.fxgl.app.services.FXGLAssetLoaderService
13:07:45.060 [FXGL Background Thread 3 ] DEBUG Engine               - class com.almasb.fxgl.app.FXGLApplication$GameApplicationService
13:07:45.060 [FXGL Background Thread 3 ] DEBUG Engine               - class com.almasb.fxgl.app.services.FXGLDialogService
13:07:45.061 [FXGL Background Thread 3 ] DEBUG Engine               - class com.almasb.fxgl.app.services.IOTaskExecutorService
13:07:45.061 [FXGL Background Thread 3 ] DEBUG Engine               - class com.almasb.fxgl.event.EventBusService
13:07:45.061 [FXGL Background Thread 3 ] DEBUG Engine               - class com.almasb.fxgl.io.FileSystemService
13:07:45.061 [FXGL Background Thread 3 ] DEBUG Engine               - class com.almasb.fxgl.localization.LocalizationService
13:07:45.062 [FXGL Background Thread 3 ] DEBUG Engine               - class com.almasb.fxgl.app.services.SystemBundleService
13:07:45.062 [FXGL Background Thread 3 ] DEBUG Engine               - class com.almasb.fxgl.profile.SaveLoadService
13:07:45.063 [FXGL Background Thread 3 ] DEBUG Engine               - class com.almasb.fxgl.ui.FXGLUIFactoryServiceProvider
13:07:45.066 [FXGL Background Thread 3 ] DEBUG Engine               - class com.almasb.fxgl.ui.FXGLDialogFactoryServiceProvider
13:07:45.067 [FXGL Background Thread 3 ] DEBUG Engine               - class com.almasb.fxgl.audio.AudioPlayer
13:07:45.068 [FXGL Background Thread 3 ] DEBUG Engine               - class com.almasb.fxgl.notification.impl.NotificationServiceProvider
13:07:45.068 [FXGL Background Thread 3 ] DEBUG Engine               - class com.almasb.fxgl.achievement.AchievementService
13:07:45.068 [FXGL Background Thread 3 ] DEBUG Engine               - class com.almasb.fxgl.cutscene.CutsceneService
13:07:45.069 [FXGL Background Thread 3 ] DEBUG Engine               - class com.almasb.fxgl.minigames.MiniGameService
13:07:45.069 [FXGL Background Thread 3 ] DEBUG Engine               - class com.almasb.fxgl.net.NetService
13:07:45.069 [FXGL Background Thread 3 ] DEBUG Engine               - class com.almasb.fxgl.app.services.UpdaterService
13:07:45.070 [FXGL Background Thread 3 ] DEBUG Engine               - class com.almasb.fxgl.dev.DevService
13:07:50.355 [JavaFX Application Thread] DEBUG FXGLApplication      - Exiting FXGL
13:07:50.356 [JavaFX Application Thread] DEBUG LoopRunner           - Stopping loop
13:07:50.356 [JavaFX Application Thread] DEBUG SystemBundleService  - Saving FXGL system data
13:07:50.361 [JavaFX Application Thread] DEBUG FileSystemAccess     - Writing to: C:\Users\jfran\OneDrive - Hogeschool Leiden\IPOSE-Maven\system\fxgl.bundle
13:07:50.365 [JavaFX Application Thread] DEBUG Async                - Shutting down background threads
13:07:50.365 [JavaFX Application Thread] DEBUG PrimaryStageWindow   - Closing main window
13:07:50.403 [JavaFX Application Thread] DEBUG Logger               - Closing Logger
